Loading data from training_run_20250621_154302/data/V_1d_20180724_to_20190613.csv...
Loaded 175 data points.
[Portfolio] Initialized for asset: V with initial cash: 10000.00. Initial Portfolio Value: 10000.00
[NeuralNetworkInterface] Constructor called.
[NeuralNetworkInterface] Initializing...
Warning: NN model path is empty. Initializing in a mock state.
[NeuralNetworkInterface] Initialized successfully.
[AutonomousTradingAgent] Agent initialized for V without API client (CSV mode).
Attempting to load state from prefix: training_run_20250621_154302/best_model_state/best_agent_state
AutonomousTradingAgent::loadState called with prefix: training_run_20250621_154302/best_model_state/best_agent_state
[NeuralNetworkInterface] State loaded successfully from training_run_20250621_154302/best_model_state/best_agent_state_nn_state.json_nn_state.json
[Portfolio] State loaded from training_run_20250621_154302/best_model_state/best_agent_state_portfolio_state.json
[Portfolio] Loaded State -> Asset: HD, Cash: 10995.78, Coins: 36.90852617. Initial Portfolio Value: 10000.00000000
AutonomousTradingAgent full state loaded from prefix: training_run_20250621_154302/best_model_state/best_agent_state
Agent state loaded successfully.
[Simulation] Initialized with 175 data points.
[Simulation] API client is NULL (offline/CSV mode).

Starting Simulation for V...
[Simulation] Starting simulation run...
[Agent] Making decision using full OHLCV data
[Agent] Price data: O=142.81942749 H=143.93587348 L=142.34231307 C=143.93587348 V=8047500.00000000
[Agent_Features] Generated 15 features for the latest tick.
[Agent] Exploration: Random action: BUY
[Portfolio] Logged Trade: BUY 3.81967873 HD @ 143.94. New Cash: 10445.99, New Coins: 40.72820490
[Agent] Received reward: -0.35301504
[NeuralNetworkInterface] Received reward signal: -0.35301504
[Agent] Making decision using full OHLCV data
[Agent] Price data: O=142.53320312 H=143.81188125 L=142.36144887 C=143.81188125 V=7521100.00000000
[Agent_Features] Generated 17 features for the latest tick.
[Agent] Exploration: Random action: BUY
[Portfolio] Logged Trade: BUY 3.63182339 HD @ 143.81. New Cash: 9923.69, New Coins: 44.36002829
[Agent] Received reward: -0.38553141
[NeuralNetworkInterface] Received reward signal: -0.38553141
[Agent] Making decision using full OHLCV data
[Agent] Price data: O=140.04269409 H=142.44735613 L=139.41291379 C=142.35192737 V=9208900.00000000
[Agent_Features] Generated 17 features for the latest tick.
[Agent] Exploration: Random action: HOLD
[Agent] Received reward: 0.07000000
[NeuralNetworkInterface] Received reward signal: 0.07000000
[Agent] Making decision using full OHLCV data
[Agent] Price data: O=138.70674133 H=140.66291388 L=137.79067500 C=139.92815341 V=7085700.00000000
[Agent_Features] Generated 17 features for the latest tick.
[Agent] Exploration: Random action: SELL
[Portfolio] Logged Trade: SELL 2.21800141 HD @ 139.93. New Cash: 10234.05, New Coins: 42.14202687
[Agent] Received reward: 0.38890443
[NeuralNetworkInterface] Received reward signal: 0.38890443
[Agent] Making decision using full OHLCV data
[Agent] Price data: O=135.39558411 H=138.37277463 L=133.76384573 C=138.37277463 V=11637300.00000000
[Agent_Features] Generated 18 features for the latest tick.
[Agent] Exploration: Random action: SELL
[Portfolio] Logged Trade: SELL 2.10710134 HD @ 138.37. New Cash: 10525.61, New Coins: 40.03492553
[Agent] Received reward: 0.43568390
[NeuralNetworkInterface] Received reward signal: 0.43568390
[Agent] Making decision using full OHLCV data
[Agent] Price data: O=135.79634094 H=136.73148138 L=134.66080598 C=134.98525494 V=10798000.00000000
[Agent_Features] Generated 18 features for the latest tick.
[Agent] Exploration: Random action: BUY
[Portfolio] Logged Trade: BUY 3.89880140 HD @ 134.99. New Cash: 9999.33, New Coins: 43.93372693
[Agent] Received reward: 0.37746380
[NeuralNetworkInterface] Received reward signal: 0.37746380
[Agent] Making decision using full OHLCV data
[Agent] Price data: O=129.31713867 H=136.15895994 L=129.02132996 C=136.04445710 V=15450100.00000000
[Agent_Features] Generated 18 features for the latest tick.
[Agent] Exploration: Random action: BUY
[Portfolio] Logged Trade: BUY 3.67502416 HD @ 136.04. New Cash: 9499.37, New Coins: 47.60875109
[Agent] Received reward: -0.55817826
[NeuralNetworkInterface] Received reward signal: -0.55817826
[Agent] Making decision using full OHLCV data
[Agent] Price data: O=127.60907745 H=130.95843154 L=126.20635925 C=127.95260058 V=15657200.00000000
[Agent_Features] Generated 18 features for the latest tick.
[Agent] Exploration: Random action: BUY
[Portfolio] Logged Trade: BUY 3.71206471 HD @ 127.95. New Cash: 9024.40, New Coins: 51.32081580
[Agent] Received reward: 0.46458768
[NeuralNetworkInterface] Received reward signal: 0.46458768
[Agent] Making decision using full OHLCV data
[Agent] Price data: O=133.64936829 H=134.52725759 L=131.13974029 C=132.14168408 V=12993300.00000000
[Agent_Features] Generated 18 features for the latest tick.
[Agent] Exploration: Random action: BUY
[Portfolio] Logged Trade: BUY 3.41466752 HD @ 132.14. New Cash: 8573.18, New Coins: 54.73548332
[Agent] Received reward: 0.38588923
[NeuralNetworkInterface] Received reward signal: 0.38588923
[Agent] Making decision using full OHLCV data
[Agent] Price data: O=130.94888306 H=133.64935373 L=130.93934601 C=133.49667355 V=7953000.00000000
[Agent_Features] Generated 18 features for the latest tick.
[Agent] Exploration: Random action: BUY
[Portfolio] Logged Trade: BUY 3.21100825 HD @ 133.50. New Cash: 8144.52, New Coins: 57.94649157
[Agent] Received reward: -0.37977198
[NeuralNetworkInterface] Received reward signal: -0.37977198
[Agent] Making decision using full OHLCV data
[Agent] Price data: O=135.25242615 H=135.63411193 L=132.33247312 C=132.36111339 V=11059500.00000000
[Agent_Features] Generated 18 features for the latest tick.
[Agent] Exploration: Random action: HOLD
[Agent] Received reward: -0.10500000
[NeuralNetworkInterface] Received reward signal: -0.10500000
[Agent] Making decision using full OHLCV data
[Agent] Price data: O=135.92991638 H=136.32115376 L=134.28864136 C=135.82495061 V=9170600.00000000
[Agent_Features] Generated 18 features for the latest tick.
[Agent] Exploration: Random action: BUY
[Portfolio] Logged Trade: BUY 2.99816766 HD @ 135.82. New Cash: 7737.29, New Coins: 60.94465923
[Agent] Received reward: 0.35295098
[NeuralNetworkInterface] Received reward signal: 0.35295098
[Agent] Making decision using full OHLCV data
[Agent] Price data: O=132.91455078 H=135.93946952 L=131.63588742 C=135.93946952 V=10222600.00000000
[Agent_Features] Generated 18 features for the latest tick.
[Agent] Exploration: Random action: SELL
[Portfolio] Logged Trade: SELL 3.04723296 HD @ 135.94. New Cash: 8151.53, New Coins: 57.89742627
[Agent] Received reward: 0.41289330
[NeuralNetworkInterface] Received reward signal: 0.41289330
[Agent] Making decision using full OHLCV data
[Agent] Price data: O=133.66847229 H=135.68189715 L=133.00051454 C=133.49670341 V=8696900.00000000
[Agent_Features] Generated 18 features for the latest tick.
[Agent] Exploration: Random action: SELL
[Portfolio] Logged Trade: SELL 2.89487131 HD @ 133.50. New Cash: 8537.99, New Coins: 55.00255496
[Agent] Received reward: -0.37676721
[NeuralNetworkInterface] Received reward signal: -0.37676721
[Agent] Making decision using full OHLCV data
[Agent] Price data: O=134.20275879 H=135.06155902 L=133.12447542 C=134.51765609 V=6099500.00000000
[Agent_Features] Generated 18 features for the latest tick.
[Agent] Exploration: Random action: HOLD
[Agent] Received reward: -0.10500000
[NeuralNetworkInterface] Received reward signal: -0.10500000
[Agent] Making decision using full OHLCV data
[Agent] Price data: O=132.75241089 H=133.63030033 L=129.38398173 C=130.62448306 V=10736100.00000000
[Agent_Features] Generated 18 features for the latest tick.
[Agent] Exploration: Random action: BUY
[Portfolio] Logged Trade: BUY 3.26814251 HD @ 130.62. New Cash: 8111.09, New Coins: 58.27069747
[Agent] Received reward: 0.42184505
[NeuralNetworkInterface] Received reward signal: 0.42184505
[Agent] Making decision using full OHLCV data
[Agent] Price data: O=128.11482239 H=133.76385818 L=127.86672801 C=133.30583218 V=13849600.00000000
[Agent_Features] Generated 18 features for the latest tick.
[Agent] Exploration: Random action: SELL
[Portfolio] Logged Trade: SELL 2.91353487 HD @ 133.31. New Cash: 8499.48, New Coins: 55.35716260
[Agent] Received reward: 0.45647906
[NeuralNetworkInterface] Received reward signal: 0.45647906
[Agent] Making decision using full OHLCV data
[Agent] Price data: O=134.08827209 H=134.45086924 L=126.43535093 C=129.25032375 V=14985900.00000000
[Agent_Features] Generated 18 features for the latest tick.
[Agent] Exploration: Random action: BUY
[Portfolio] Logged Trade: BUY 3.28799188 HD @ 129.25. New Cash: 8074.51, New Coins: 58.64515448
[Agent] Received reward: 0.41537547
[NeuralNetworkInterface] Received reward signal: 0.41537547
[Agent] Making decision using full OHLCV data
[Agent] Price data: O=131.43554688 H=133.46804535 L=129.83243411 C=131.66455258 V=12034900.00000000
[Agent_Features] Generated 18 features for the latest tick.
[Agent] Exploration: Random action: SELL
[Portfolio] Logged Trade: SELL 2.93225772 HD @ 131.66. New Cash: 8460.58, New Coins: 55.71289675
[Agent] Received reward: -0.39134596
[NeuralNetworkInterface] Received reward signal: -0.39134596
[Agent] Making decision using full OHLCV data
[Agent] Price data: O=128.18159485 H=135.03295270 L=126.21588526 C=133.21992326 V=12768200.00000000
[Agent_Features] Generated 18 features for the latest tick.
[Agent] Exploration: Random action: HOLD
[Agent] Received reward: -0.10500000
[NeuralNetworkInterface] Received reward signal: -0.10500000
[Agent] Making decision using full OHLCV data
[Agent] Price data: O=126.68343353 H=128.68732021 L=123.84937231 C=126.98879379 V=15107600.00000000
[Agent_Features] Generated 18 features for the latest tick.
[Agent] Exploration: Random action: BUY
[Portfolio] Logged Trade: BUY 3.33123122 HD @ 126.99. New Cash: 8037.55, New Coins: 59.04412797
[Agent] Received reward: 0.40023417
[NeuralNetworkInterface] Received reward signal: 0.40023417
[Agent] Making decision using full OHLCV data
[Agent] Price data: O=131.54051208 H=132.75237279 L=128.81141576 C=128.81141576 V=13205300.00000000
[Agent_Features] Generated 18 features for the latest tick.
[Agent] Exploration: Random action: HOLD
[Agent] Received reward: -0.10500000
[NeuralNetworkInterface] Received reward signal: -0.10500000
[Agent] Making decision using full OHLCV data
[Agent] Price data: O=134.38407898 H=134.42224173 L=131.19695744 C=132.63783807 V=16024000.00000000
[Agent_Features] Generated 18 features for the latest tick.
[Agent] Exploration: Random action: SELL
[Portfolio] Logged Trade: SELL 2.95220640 HD @ 132.64. New Cash: 8429.13, New Coins: 56.09192157
[Agent] Received reward: -0.40312966
[NeuralNetworkInterface] Received reward signal: -0.40312966
[Agent] Making decision using full OHLCV data
[Agent] Price data: O=133.38214111 H=134.97570195 L=131.54048596 C=134.65126755 V=17063100.00000000
[Agent_Features] Generated 18 features for the latest tick.
[Agent] Exploration: Random action: SELL
[Portfolio] Logged Trade: SELL 2.80459608 HD @ 134.65. New Cash: 8806.77, New Coins: 53.28732549
[Agent] Received reward: 0.38249232
[NeuralNetworkInterface] Received reward signal: 0.38249232
[Agent] Making decision using full OHLCV data
[Agent] Price data: O=133.40122986 H=133.79246728 L=131.75041761 C=133.40122986 V=6280000.00000000
[Agent_Features] Generated 18 features for the latest tick.
[Agent] Exploration: Random action: SELL
[Portfolio] Logged Trade: SELL 2.66436627 HD @ 133.40. New Cash: 9162.20, New Coins: 50.62295922
[Agent] Received reward: -0.35000104
[NeuralNetworkInterface] Received reward signal: -0.35000104
[Agent] Making decision using full OHLCV data
[Agent] Price data: O=134.34594727 H=134.46046469 L=133.32492941 C=133.40126950 V=4732700.00000000
[Agent_Features] Generated 18 features for the latest tick.
[Agent] Exploration: Random action: HOLD
[Agent] Received reward: 0.07000000
[NeuralNetworkInterface] Received reward signal: 0.07000000
[Agent] Making decision using full OHLCV data
[Agent] Price data: O=138.15330505 H=138.26780790 L=135.80590933 C=135.82498343 V=20502100.00000000
[Agent_Features] Generated 18 features for the latest tick.
[Agent] Exploration: Random action: BUY
[Portfolio] Logged Trade: BUY 3.37279558 HD @ 135.82. New Cash: 8704.09, New Coins: 53.99575480
[Agent] Received reward: 0.40557173
[NeuralNetworkInterface] Received reward signal: 0.40557173
[Agent] Making decision using full OHLCV data
[Agent] Price data: O=138.58271790 H=138.80220112 L=137.07503385 C=137.98156333 V=5927400.00000000
[Agent_Features] Generated 18 features for the latest tick.
[Agent] Exploration: Random action: BUY
[Portfolio] Logged Trade: BUY 3.15407652 HD @ 137.98. New Cash: 8268.88, New Coins: 57.14983131
[Agent] Received reward: -0.35968192
[NeuralNetworkInterface] Received reward signal: -0.35968192
[Agent] Making decision using full OHLCV data
[Agent] Price data: O=137.34222412 H=137.95294489 L=135.84409160 C=137.59987012 V=8339800.00000000
[Agent_Features] Generated 18 features for the latest tick.
[Agent] Exploration: Random action: HOLD
[Agent] Received reward: 0.07000000
[NeuralNetworkInterface] Received reward signal: 0.07000000
[Agent] Making decision using full OHLCV data
[Agent] Price data: O=133.32490540 H=137.06548212 L=132.80007642 C=136.85555053 V=11335100.00000000
[Agent_Features] Generated 18 features for the latest tick.
[Agent] Exploration: Random action: BUY
[Portfolio] Logged Trade: BUY 3.02102609 HD @ 136.86. New Cash: 7855.44, New Coins: 60.17085740
[Agent] Received reward: -0.42491962
[NeuralNetworkInterface] Received reward signal: -0.42491962
[Agent] Making decision using full OHLCV data
[Agent] Price data: O=133.32490540 H=135.40511807 L=132.64739625 C=133.92607445 V=6287000.00000000
[Agent_Features] Generated 18 features for the latest tick.
[Agent] Exploration: Random action: BUY
[Portfolio] Logged Trade: BUY 2.93275212 HD @ 133.93. New Cash: 7462.67, New Coins: 63.10360952
[Agent] Received reward: 0.39164507
[NeuralNetworkInterface] Received reward signal: 0.39164507
[Agent] Making decision using full OHLCV data
[Agent] Price data: O=133.10540771 H=136.07306047 L=132.07483865 C=135.51960591 V=6613900.00000000
[Agent_Features] Generated 18 features for the latest tick.
[Agent] Exploration: Random action: BUY
[Portfolio] Logged Trade: BUY 2.75335349 HD @ 135.52. New Cash: 7089.53, New Coins: 65.85696300
[Agent] Received reward: -0.42197770
[NeuralNetworkInterface] Received reward signal: -0.42197770
[Agent] Making decision using full OHLCV data
[Agent] Price data: O=135.59089661 H=135.65781959 L=131.85315749 C=132.73263753 V=8565000.00000000
[Agent_Features] Generated 18 features for the latest tick.
[Agent] Exploration: Random action: HOLD
[Agent] Received reward: 0.07000000
[NeuralNetworkInterface] Received reward signal: 0.07000000
[Agent] Making decision using full OHLCV data
[Agent] Price data: O=134.00404358 H=135.59091200 L=133.75550372 C=134.23347508 V=8628000.00000000
[Agent_Features] Generated 18 features for the latest tick.
[Agent] Exploration: Random action: BUY
[Portfolio] Logged Trade: BUY 2.64074748 HD @ 134.23. New Cash: 6735.06, New Coins: 68.49771048
[Agent] Received reward: 0.35124577
[NeuralNetworkInterface] Received reward signal: 0.35124577
[Agent] Making decision using full OHLCV data
[Agent] Price data: O=128.82281494 H=134.37685350 L=128.33528948 C=134.28125341 V=16253000.00000000
[Agent_Features] Generated 18 features for the latest tick.
[Agent] Exploration: Random action: BUY
[Portfolio] Logged Trade: BUY 2.50781748 HD @ 134.28. New Cash: 6398.30, New Coins: 71.00552797
[Agent] Received reward: -0.60315117
[NeuralNetworkInterface] Received reward signal: -0.60315117
[Agent] Making decision using full OHLCV data
[Agent] Price data: O=127.49401855 H=128.60291511 L=123.83275783 C=124.56883748 V=12720200.00000000
[Agent_Features] Generated 18 features for the latest tick.
[Agent] Exploration: Random action: SELL
[Portfolio] Logged Trade: SELL 3.55027640 HD @ 124.57. New Cash: 6840.56, New Coins: 67.45525157
[Agent] Received reward: -0.45877904
[NeuralNetworkInterface] Received reward signal: -0.45877904
[Agent] Making decision using full OHLCV data
[Agent] Price data: O=128.49775696 H=129.79783902 L=127.74256899 C=128.44040276 V=7416300.00000000
[Agent_Features] Generated 18 features for the latest tick.
[Agent] Exploration: Random action: HOLD
[Agent] Received reward: 0.07000000
[NeuralNetworkInterface] Received reward signal: 0.07000000
[Agent] Making decision using full OHLCV data
[Agent] Price data: O=127.01604462 H=128.33524962 L=126.65279647 C=126.74838195 V=3676000.00000000
[Agent_Features] Generated 18 features for the latest tick.
[Agent] Exploration: Random action: SELL
[Portfolio] Logged Trade: SELL 3.37276258 HD @ 126.75. New Cash: 7268.05, New Coins: 64.08248899
[Agent] Received reward: -0.40305970
[NeuralNetworkInterface] Received reward signal: -0.40305970
[Agent] Making decision using full OHLCV data
[Agent] Price data: O=129.95083618 H=130.50528463 L=128.33529089 C=128.66987663 V=9144600.00000000
[Agent_Features] Generated 18 features for the latest tick.
[Agent] Exploration: Random action: SELL
[Portfolio] Logged Trade: SELL 3.20412445 HD @ 128.67. New Cash: 7680.32, New Coins: 60.87836454
[Agent] Received reward: -0.36768116
[NeuralNetworkInterface] Received reward signal: -0.36768116
[Agent] Making decision using full OHLCV data
[Agent] Price data: O=129.92213440 H=130.30450552 L=128.21098934 C=129.31988602 V=7877900.00000000
[Agent_Features] Generated 18 features for the latest tick.
[Agent] Exploration: Random action: SELL
[Portfolio] Logged Trade: SELL 3.04391823 HD @ 129.32. New Cash: 8073.96, New Coins: 57.83444631
[Agent] Received reward: -0.39631112
[NeuralNetworkInterface] Received reward signal: -0.39631112
[Agent] Making decision using full OHLCV data
[Agent] Price data: O=135.15112305 H=135.30406272 L=130.83981407 C=131.03101419 V=11265100.00000000
[Agent_Features] Generated 18 features for the latest tick.
[Agent] Exploration: Random action: HOLD
[Agent] Received reward: -0.10500000
[NeuralNetworkInterface] Received reward signal: -0.10500000
[Agent] Making decision using full OHLCV data
[Agent] Price data: O=132.97157288 H=134.50107172 L=132.59875598 C=134.49151755 V=8751500.00000000
[Agent_Features] Generated 18 features for the latest tick.
[Agent] Exploration: Random action: HOLD
[Agent] Received reward: 0.07000000
[NeuralNetworkInterface] Received reward signal: 0.07000000
[Agent] Making decision using full OHLCV data
[Agent] Price data: O=135.46659851 H=135.99235514 L=132.52229429 C=132.88554246 V=11362800.00000000
[Agent_Features] Generated 18 features for the latest tick.
[Agent] Exploration: Random action: BUY
[Portfolio] Logged Trade: BUY 3.03793924 HD @ 132.89. New Cash: 7670.27, New Coins: 60.87238556
[Agent] Received reward: 0.50081719
[NeuralNetworkInterface] Received reward signal: 0.50081719
[Agent] Making decision using full OHLCV data
[Agent] Price data: O=138.61166382 H=139.29994359 L=137.51233577 C=138.61166382 V=11285600.00000000
[Agent_Features] Generated 18 features for the latest tick.
[Agent] Exploration: Random action: SELL
[Portfolio] Logged Trade: SELL 3.04361928 HD @ 138.61. New Cash: 8092.15, New Coins: 57.82876628
[Agent] Received reward: 0.39513724
[NeuralNetworkInterface] Received reward signal: 0.39513724
[Agent] Making decision using full OHLCV data
[Agent] Price data: O=132.53189087 H=137.99032992 L=132.39805948 C=136.82407870 V=13988900.00000000
[Agent_Features] Generated 18 features for the latest tick.
[Agent] Exploration: Random action: HOLD
[Agent] Received reward: -0.10500000
[NeuralNetworkInterface] Received reward signal: -0.10500000
[Agent] Making decision using full OHLCV data
[Agent] Price data: O=134.83567810 H=134.89303231 L=127.59918715 C=129.09045496 V=16391900.00000000
[Agent_Features] Generated 18 features for the latest tick.
[Agent] Exploration: Random action: SELL
[Portfolio] Logged Trade: SELL 2.89143831 HD @ 129.09. New Cash: 8465.40, New Coins: 54.93732797
[Agent] Received reward: -0.49980817
[NeuralNetworkInterface] Received reward signal: -0.49980817
[Agent] Making decision using full OHLCV data
[Agent] Price data: O=131.06927490 H=135.86811027 L=129.99862399 C=134.61582795 V=14007700.00000000
[Agent_Features] Generated 18 features for the latest tick.
[Agent] Exploration: Random action: SELL
[Portfolio] Logged Trade: SELL 2.74686640 HD @ 134.62. New Cash: 8835.18, New Coins: 52.19046157
[Agent] Received reward: 0.46358400
[NeuralNetworkInterface] Received reward signal: 0.46358400
[Agent] Making decision using full OHLCV data
[Agent] Price data: O=131.80538940 H=132.17820649 L=128.91843825 C=130.24719807 V=15744300.00000000
[Agent_Features] Generated 18 features for the latest tick.
[Agent] Exploration: Random action: HOLD
[Agent] Received reward: -0.10500000
[NeuralNetworkInterface] Received reward signal: -0.10500000
[Agent] Making decision using full OHLCV data
[Agent] Price data: O=130.78250122 H=133.87976041 L=129.93171291 C=133.77460615 V=12466300.00000000
[Agent_Features] Generated 18 features for the latest tick.
[Agent] Exploration: Random action: HOLD
[Agent] Received reward: 0.07000000
[NeuralNetworkInterface] Received reward signal: 0.07000000
[Agent] Making decision using full OHLCV data
[Agent] Price data: O=131.72889709 H=134.67320214 L=131.68109705 C=133.16281104 V=10387200.00000000
[Agent_Features] Generated 18 features for the latest tick.
[Agent] Exploration: Random action: BUY
[Portfolio] Logged Trade: BUY 3.31743365 HD @ 133.16. New Cash: 8393.42, New Coins: 55.50789521
[Agent] Received reward: -0.37512633
[NeuralNetworkInterface] Received reward signal: -0.37512633
[Agent] Making decision using full OHLCV data
[Agent] Price data: O=131.48031616 H=133.00027572 L=130.15155676 C=132.20684175 V=8780900.00000000
[Agent_Features] Generated 18 features for the latest tick.
[Agent] Exploration: Random action: SELL
[Portfolio] Logged Trade: SELL 2.77539476 HD @ 132.21. New Cash: 8760.34, New Coins: 52.73250045
[Agent] Received reward: 0.41605249
[NeuralNetworkInterface] Received reward signal: 0.41605249
[Agent] Making decision using full OHLCV data
[Agent] Price data: O=129.13824463 H=130.69643528 L=128.62204219 C=129.71181586 V=9351200.00000000
[Agent_Features] Generated 18 features for the latest tick.
[Agent] Exploration: Random action: HOLD
[Agent] Received reward: 0.07000000
[NeuralNetworkInterface] Received reward signal: 0.07000000
[Agent] Making decision using full OHLCV data
[Agent] Price data: O=125.61082458 H=128.50732887 L=124.93211365 C=128.29703496 V=11796200.00000000
[Agent_Features] Generated 18 features for the latest tick.
[Agent] Exploration: Random action: BUY
[Portfolio] Logged Trade: BUY 3.41408638 HD @ 128.30. New Cash: 8322.33, New Coins: 56.14658683
[Agent] Received reward: -0.40006985
[NeuralNetworkInterface] Received reward signal: -0.40006985
[Agent] Making decision using full OHLCV data
[Agent] Price data: O=126.81536865 H=128.25883695 L=125.99325730 C=126.46165992 V=12761900.00000000
[Agent_Features] Generated 18 features for the latest tick.
[Agent] Exploration: Random action: SELL
[Portfolio] Logged Trade: SELL 2.80732934 HD @ 126.46. New Cash: 8677.35, New Coins: 53.33925749
[Agent] Received reward: -0.36693235
[NeuralNetworkInterface] Received reward signal: -0.36693235
[Agent] Making decision using full OHLCV data
[Agent] Price data: O=125.47703552 H=129.88393202 L=123.81370453 C=127.07345811 V=13819000.00000000
[Agent_Features] Generated 18 features for the latest tick.
[Agent] Exploration: Random action: SELL
[Portfolio] Logged Trade: SELL 2.66696287 HD @ 127.07. New Cash: 9016.25, New Coins: 50.67229461
[Agent] Received reward: 0.42293320
[NeuralNetworkInterface] Received reward signal: 0.42293320
[Agent] Making decision using full OHLCV data
[Agent] Price data: O=123.08716583 H=126.19397933 L=121.54810493 C=124.42549425 V=18091700.00000000
[Agent_Features] Generated 18 features for the latest tick.
[Agent] Exploration: Random action: HOLD
[Agent] Received reward: -0.10500000
[NeuralNetworkInterface] Received reward signal: -0.10500000
[Agent] Making decision using full OHLCV data
[Agent] Price data: O=118.78541565 H=124.58798626 L=117.53312603 C=121.57676597 V=25448600.00000000
[Agent_Features] Generated 18 features for the latest tick.
[Agent] Exploration: Random action: SELL
[Portfolio] Logged Trade: SELL 2.53361473 HD @ 121.58. New Cash: 9324.27, New Coins: 48.13867988
[Agent] Received reward: 0.49035199
[NeuralNetworkInterface] Received reward signal: 0.49035199
[Agent] Making decision using full OHLCV data
[Agent] Price data: O=116.36688995 H=119.69356595 L=116.24261275 C=116.70146839 V=8617700.00000000
[Agent_Features] Generated 18 features for the latest tick.
[Agent] Exploration: Random action: SELL
[Portfolio] Logged Trade: SELL 2.40693399 HD @ 116.70. New Cash: 9605.17, New Coins: 45.73174589
[Agent] Received reward: -0.37694980
[NeuralNetworkInterface] Received reward signal: -0.37694980
[Agent] Making decision using full OHLCV data
[Agent] Price data: O=124.49240875 H=124.50197751 L=117.58094739 C=117.60006304 V=13499500.00000000
[Agent_Features] Generated 18 features for the latest tick.
[Agent] Exploration: Random action: BUY
[Portfolio] Logged Trade: BUY 4.08382739 HD @ 117.60. New Cash: 9124.91, New Coins: 49.81557328
[Agent] Received reward: 0.49139914
[NeuralNetworkInterface] Received reward signal: 0.49139914
[Agent] Making decision using full OHLCV data
[Agent] Price data: O=126.19396210 H=126.19396210 L=120.94583990 C=122.35107652 V=10883000.00000000
[Agent_Features] Generated 18 features for the latest tick.
[Agent] Exploration: Random action: SELL
[Portfolio] Logged Trade: SELL 2.49077866 HD @ 122.35. New Cash: 9429.66, New Coins: 47.32479461
[Agent] Received reward: -0.48919092
[NeuralNetworkInterface] Received reward signal: -0.48919092
[Agent] Making decision using full OHLCV data
[Agent] Price data: O=125.17111969 H=127.73303872 L=123.94751439 C=127.21683616 V=7381300.00000000
[Agent_Features] Generated 18 features for the latest tick.
[Agent] Exploration: Random action: HOLD
[Agent] Received reward: 0.07000000
[NeuralNetworkInterface] Received reward signal: 0.07000000
[Agent] Making decision using full OHLCV data
[Agent] Price data: O=126.12706757 H=126.60503886 L=124.49239932 C=125.87851316 V=7976000.00000000
[Agent_Features] Generated 18 features for the latest tick.
[Agent] Exploration: Random action: HOLD
[Agent] Received reward: 0.07000000
[NeuralNetworkInterface] Received reward signal: 0.07000000
[Agent] Making decision using full OHLCV data
[Agent] Price data: O=127.06387329 H=127.84775313 L=123.89015183 C=124.27252299 V=8788000.00000000
[Agent_Features] Generated 18 features for the latest tick.
[Agent] Exploration: Random action: BUY
[Portfolio] Logged Trade: BUY 3.79394336 HD @ 124.27. New Cash: 8958.18, New Coins: 51.11873797
[Agent] Received reward: 0.38257715
[NeuralNetworkInterface] Received reward signal: 0.38257715
[Agent] Making decision using full OHLCV data
[Agent] Price data: O=122.48491669 H=125.49612971 L=122.24592377 C=125.42922133 V=9428300.00000000
[Agent_Features] Generated 18 features for the latest tick.
[Agent] Exploration: Random action: BUY
[Portfolio] Logged Trade: BUY 3.57100812 HD @ 125.43. New Cash: 8510.27, New Coins: 54.68974608
[Agent] Received reward: -0.37054047
[NeuralNetworkInterface] Received reward signal: -0.37054047
[Agent] Making decision using full OHLCV data
[Agent] Price data: O=127.76168060 H=128.66026869 L=124.39677426 C=124.69311404 V=11065800.00000000
[Agent_Features] Generated 18 features for the latest tick.
[Agent] Exploration: Random action: BUY
[Portfolio] Logged Trade: BUY 3.41248458 HD @ 124.69. New Cash: 8084.75, New Coins: 58.10223066
[Agent] Received reward: 0.45759724
[NeuralNetworkInterface] Received reward signal: 0.45759724
[Agent] Making decision using full OHLCV data
[Agent] Price data: O=130.06550598 H=131.12660251 L=128.13449847 C=128.52643831 V=12928000.00000000
[Agent_Features] Generated 18 features for the latest tick.
[Agent] Exploration: Random action: SELL
[Portfolio] Logged Trade: SELL 2.90511153 HD @ 128.53. New Cash: 8458.14, New Coins: 55.19711913
[Agent] Received reward: -0.44163339
[NeuralNetworkInterface] Received reward signal: -0.44163339
[Agent] Making decision using full OHLCV data
[Agent] Price data: O=130.77293396 H=132.10169342 L=129.96994578 C=131.89138491 V=9243000.00000000
[Agent_Features] Generated 18 features for the latest tick.
[Agent] Exploration: Random action: HOLD
[Agent] Received reward: 0.07000000
[NeuralNetworkInterface] Received reward signal: 0.07000000
[Agent] Making decision using full OHLCV data
[Agent] Price data: O=132.31204224 H=133.33489341 L=131.55683928 C=132.20688795 V=9987600.00000000
[Agent_Features] Generated 18 features for the latest tick.
[Agent] Exploration: Random action: BUY
[Portfolio] Logged Trade: BUY 3.19882610 HD @ 132.21. New Cash: 8035.23, New Coins: 58.39594523
[Agent] Received reward: -0.38770974
[NeuralNetworkInterface] Received reward signal: -0.38770974
[Agent] Making decision using full OHLCV data
[Agent] Price data: O=132.56051636 H=132.70391645 L=130.35229199 C=130.78246310 V=12514900.00000000
[Agent_Features] Generated 18 features for the latest tick.
[Agent] Exploration: Random action: SELL
[Portfolio] Logged Trade: SELL 2.91979726 HD @ 130.78. New Cash: 8417.09, New Coins: 55.47614797
[Agent] Received reward: -0.37404952
[NeuralNetworkInterface] Received reward signal: -0.37404952
[Agent] Making decision using full OHLCV data
[Agent] Price data: O=131.97744751 H=132.49366474 L=131.35609059 C=131.68110761 V=5860100.00000000
[Agent_Features] Generated 18 features for the latest tick.
[Agent] Exploration: Random action: HOLD
[Agent] Received reward: 0.07000000
[NeuralNetworkInterface] Received reward signal: 0.07000000
[Agent] Making decision using full OHLCV data
[Agent] Price data: O=131.05970764 H=132.04432714 L=130.62952190 C=130.95455340 V=8666700.00000000
[Agent_Features] Generated 18 features for the latest tick.
[Agent] Exploration: Random action: HOLD
[Agent] Received reward: 0.07000000
[NeuralNetworkInterface] Received reward signal: 0.07000000
[Agent] Making decision using full OHLCV data
[Agent] Price data: O=131.28915405 H=131.65241691 L=129.29123751 C=130.92590578 V=7594900.00000000
[Agent_Features] Generated 18 features for the latest tick.
[Agent] Exploration: Random action: HOLD
[Agent] Received reward: 0.07000000
[NeuralNetworkInterface] Received reward signal: 0.07000000
[Agent] Making decision using full OHLCV data
[Agent] Price data: O=131.28915405 H=132.75174507 L=131.03106005 C=132.30245088 V=7258000.00000000
[Agent_Features] Generated 18 features for the latest tick.
[Agent] Exploration: Random action: HOLD
[Agent] Received reward: 0.07000000
[NeuralNetworkInterface] Received reward signal: 0.07000000
[Agent] Making decision using full OHLCV data
[Agent] Price data: O=131.23178101 H=131.83402943 L=130.57217837 C=130.93544117 V=5864900.00000000
[Agent_Features] Generated 18 features for the latest tick.
[Agent] Exploration: Random action: SELL
[Portfolio] Logged Trade: SELL 2.77380740 HD @ 130.94. New Cash: 8780.28, New Coins: 52.70234057
[Agent] Received reward: -0.38424122
[NeuralNetworkInterface] Received reward signal: -0.38424122
[Agent] Making decision using full OHLCV data
[Agent] Price data: O=132.39804077 H=132.49364086 L=130.61998708 C=132.21640936 V=10263500.00000000
[Agent_Features] Generated 18 features for the latest tick.
[Agent] Exploration: Random action: SELL
[Portfolio] Logged Trade: SELL 2.63511703 HD @ 132.22. New Cash: 9128.68, New Coins: 50.06722355
[Agent] Received reward: 0.36037505
[NeuralNetworkInterface] Received reward signal: 0.36037505
[Agent] Making decision using full OHLCV data
[Agent] Price data: O=131.96788025 H=133.37311705 L=130.94501465 C=131.82448011 V=8102300.00000000
[Agent_Features] Generated 18 features for the latest tick.
[Agent] Exploration: Random action: HOLD
[Agent] Received reward: 0.07000000
[NeuralNetworkInterface] Received reward signal: 0.07000000
[Agent] Making decision using full OHLCV data
[Agent] Price data: O=130.97369385 H=132.85690199 L=130.15158261 C=132.65616220 V=5465800.00000000
[Agent_Features] Generated 18 features for the latest tick.
[Agent] Exploration: Random action: HOLD
[Agent] Received reward: 0.07000000
[NeuralNetworkInterface] Received reward signal: 0.07000000
[Agent] Making decision using full OHLCV data
[Agent] Price data: O=131.63328552 H=132.22597982 L=130.50528032 C=131.06928292 V=4924800.00000000
[Agent_Features] Generated 18 features for the latest tick.
[Agent] Exploration: Random action: SELL
[Portfolio] Logged Trade: SELL 2.50336118 HD @ 131.07. New Cash: 9456.80, New Coins: 47.56386237
[Agent] Received reward: -0.39824499
[NeuralNetworkInterface] Received reward signal: -0.39824499
[Agent] Making decision using full OHLCV data
[Agent] Price data: O=132.56051636 H=133.73632130 L=131.63325116 C=132.87597907 V=9756300.00000000
[Agent_Features] Generated 18 features for the latest tick.
[Agent] Exploration: Random action: SELL
[Portfolio] Logged Trade: SELL 2.37819312 HD @ 132.88. New Cash: 9772.80, New Coins: 45.18566925
[Agent] Received reward: 0.38751736
[NeuralNetworkInterface] Received reward signal: 0.38751736
[Agent] Making decision using full OHLCV data
[Agent] Price data: O=129.99862671 H=131.45164882 L=128.87060697 C=131.45164882 V=9857200.00000000
[Agent_Features] Generated 18 features for the latest tick.
[Agent] Exploration: Random action: HOLD
[Agent] Received reward: 0.07000000
[NeuralNetworkInterface] Received reward signal: 0.07000000
[Agent] Making decision using full OHLCV data
[Agent] Price data: O=129.05226135 H=130.66780681 L=128.20147295 C=130.57220671 V=7457700.00000000
[Agent_Features] Generated 18 features for the latest tick.
[Agent] Exploration: Random action: BUY
[Portfolio] Logged Trade: BUY 3.74229802 HD @ 130.57. New Cash: 9284.16, New Coins: 48.92796727
[Agent] Received reward: -0.36255715
[NeuralNetworkInterface] Received reward signal: -0.36255715
[Agent] Making decision using full OHLCV data
[Agent] Price data: O=131.53765869 H=131.82442970 L=129.53972831 C=130.10374532 V=8078100.00000000
[Agent_Features] Generated 18 features for the latest tick.
[Agent] Exploration: Random action: SELL
[Portfolio] Logged Trade: SELL 2.44639836 HD @ 130.10. New Cash: 9602.45, New Coins: 46.48156891
[Agent] Received reward: 0.39397369
[NeuralNetworkInterface] Received reward signal: 0.39397369
[Agent] Making decision using full OHLCV data
[Agent] Price data: O=129.06181335 H=129.75009324 L=127.42715957 C=128.46913357 V=20095700.00000000
[Agent_Features] Generated 18 features for the latest tick.
[Agent] Exploration: Random action: BUY
[Portfolio] Logged Trade: BUY 3.73725868 HD @ 128.47. New Cash: 9122.33, New Coins: 50.21882759
[Agent] Received reward: 0.37604358
[NeuralNetworkInterface] Received reward signal: 0.37604358
[Agent] Making decision using full OHLCV data
[Agent] Price data: O=133.97535706 H=134.16655726 L=129.30079806 C=129.42507528 V=13248300.00000000
[Agent_Features] Generated 18 features for the latest tick.
[Agent] Exploration: Random action: HOLD
[Agent] Received reward: -0.10500000
[NeuralNetworkInterface] Received reward signal: -0.10500000
[Agent] Making decision using full OHLCV data
[Agent] Price data: O=135.26585388 H=135.28497681 L=133.04806044 C=133.63118591 V=11882700.00000000
[Agent_Features] Generated 18 features for the latest tick.
[Agent] Exploration: Random action: HOLD
[Agent] Received reward: 0.07000000
[NeuralNetworkInterface] Received reward signal: 0.07000000
[Agent] Making decision using full OHLCV data
[Agent] Price data: O=136.25045776 H=136.65195179 L=135.58130106 C=135.74380950 V=8455700.00000000
[Agent_Features] Generated 18 features for the latest tick.
[Agent] Exploration: Random action: HOLD
[Agent] Received reward: 0.07000000
[NeuralNetworkInterface] Received reward signal: 0.07000000
[Agent] Making decision using full OHLCV data
[Agent] Price data: O=135.25633240 H=136.14535207 L=134.83571529 C=135.70562662 V=6146900.00000000
[Agent_Features] Generated 18 features for the latest tick.
[Agent] Exploration: Random action: BUY
[Portfolio] Logged Trade: BUY 3.36107114 HD @ 135.71. New Cash: 8666.21, New Coins: 53.57989874
[Agent] Received reward: -0.40029697
[NeuralNetworkInterface] Received reward signal: -0.40029697
[Agent] Making decision using full OHLCV data
[Agent] Price data: O=133.99444580 H=134.84523396 L=133.07674926 C=133.75546020 V=10675300.00000000
[Agent_Features] Generated 18 features for the latest tick.
[Agent] Exploration: Random action: BUY
[Portfolio] Logged Trade: BUY 3.23957207 HD @ 133.76. New Cash: 8232.90, New Coins: 56.81947080
[Agent] Received reward: -0.38076694
[NeuralNetworkInterface] Received reward signal: -0.38076694
[Agent] Making decision using full OHLCV data
[Agent] Price data: O=134.19522095 H=134.21432930 L=132.41716721 C=132.57967569 V=5950700.00000000
[Agent_Features] Generated 18 features for the latest tick.
[Agent] Exploration: Random action: HOLD
[Agent] Received reward: 0.07000000
[NeuralNetworkInterface] Received reward signal: 0.07000000
[Agent] Making decision using full OHLCV data
[Agent] Price data: O=134.59671021 H=136.02105523 L=134.26212449 C=135.03643560 V=7600100.00000000
[Agent_Features] Generated 18 features for the latest tick.
[Agent] Exploration: Random action: SELL
[Portfolio] Logged Trade: SELL 2.84097354 HD @ 135.04. New Cash: 8616.53, New Coins: 53.97849726
[Agent] Received reward: -0.36313177
[NeuralNetworkInterface] Received reward signal: -0.36313177
[Agent] Making decision using full OHLCV data
[Agent] Price data: O=135.73428345 H=136.50859455 L=135.02688073 C=135.54308327 V=6090000.00000000
[Agent_Features] Generated 18 features for the latest tick.
[Agent] Exploration: Random action: HOLD
[Agent] Received reward: 0.07000000
[NeuralNetworkInterface] Received reward signal: 0.07000000
[Agent] Making decision using full OHLCV data
[Agent] Price data: O=137.16821289 H=138.32489530 L=136.57551854 C=136.59464148 V=6885600.00000000
[Agent_Features] Generated 18 features for the latest tick.
[Agent] Exploration: Random action: HOLD
[Agent] Received reward: 0.07000000
[NeuralNetworkInterface] Received reward signal: 0.07000000
[Agent] Making decision using full OHLCV data
[Agent] Price data: O=137.09161377 H=137.39804173 L=136.36381995 C=136.91923617 V=6314000.00000000
[Agent_Features] Generated 18 features for the latest tick.
[Agent] Exploration: Random action: HOLD
[Agent] Received reward: 0.07000000
[NeuralNetworkInterface] Received reward signal: 0.07000000
[Agent] Making decision using full OHLCV data
[Agent] Price data: O=138.76741028 H=138.76741028 L=137.72361782 C=138.42266974 V=6536000.00000000
[Agent_Features] Generated 18 features for the latest tick.
[Agent] Exploration: Random action: BUY
[Portfolio] Logged Trade: BUY 3.11239971 HD @ 138.42. New Cash: 8185.71, New Coins: 57.09089697
[Agent] Received reward: -0.35314846
[NeuralNetworkInterface] Received reward signal: -0.35314846
[Agent] Making decision using full OHLCV data
[Agent] Price data: O=138.31730652 H=138.73865761 L=137.91511174 C=138.29815021 V=8406700.00000000
[Agent_Features] Generated 18 features for the latest tick.
[Agent] Exploration: Random action: BUY
[Portfolio] Logged Trade: BUY 2.95944192 HD @ 138.30. New Cash: 7776.42, New Coins: 60.05033889
[Agent] Received reward: -0.35169524
[NeuralNetworkInterface] Received reward signal: -0.35169524
[Agent] Making decision using full OHLCV data
[Agent] Price data: O=138.59504700 H=138.70038480 L=137.43634578 C=138.23116472 V=5283100.00000000
[Agent_Features] Generated 18 features for the latest tick.
[Agent] Exploration: Random action: BUY
[Portfolio] Logged Trade: BUY 2.81283223 HD @ 138.23. New Cash: 7387.60, New Coins: 62.86317112
[Agent] Received reward: -0.35000075
[NeuralNetworkInterface] Received reward signal: -0.35000075
[Agent] Making decision using full OHLCV data
[Agent] Price data: O=137.89596558 H=138.88230361 L=137.11071765 C=138.23113523 V=8573400.00000000
[Agent_Features] Generated 18 features for the latest tick.
[Agent] Exploration: Random action: SELL
[Portfolio] Logged Trade: SELL 3.14315856 HD @ 138.23. New Cash: 7822.08, New Coins: 59.72001257
[Agent] Received reward: -0.35169779
[NeuralNetworkInterface] Received reward signal: -0.35169779
[Agent] Making decision using full OHLCV data
[Agent] Price data: O=139.68672180 H=140.07934585 L=138.29818868 C=138.29818868 V=9680800.00000000
[Agent_Features] Generated 18 features for the latest tick.
[Agent] Exploration: Random action: SELL
[Portfolio] Logged Trade: SELL 2.98600063 HD @ 138.30. New Cash: 8235.04, New Coins: 56.73401194
[Agent] Received reward: -0.41034412
[NeuralNetworkInterface] Received reward signal: -0.41034412
[Agent] Making decision using full OHLCV data
[Agent] Price data: O=139.86863708 H=140.96031286 L=139.62923437 C=140.68261214 V=9731200.00000000
[Agent_Features] Generated 18 features for the latest tick.
[Agent] Exploration: Random action: SELL
[Portfolio] Logged Trade: SELL 2.83670060 HD @ 140.68. New Cash: 8634.12, New Coins: 53.89731134
[Agent] Received reward: 0.39073847
[NeuralNetworkInterface] Received reward signal: 0.39073847
[Agent] Making decision using full OHLCV data
[Agent] Price data: O=140.80712891 H=141.15186948 L=138.87276502 C=139.04512800 V=7332500.00000000
[Agent_Features] Generated 18 features for the latest tick.
[Agent] Exploration: Random action: HOLD
[Agent] Received reward: 0.07000000
[NeuralNetworkInterface] Received reward signal: 0.07000000
[Agent] Making decision using full OHLCV data
[Agent] Price data: O=140.97946167 H=141.23802067 L=139.73456472 C=140.28998073 V=9731200.00000000
[Agent_Features] Generated 18 features for the latest tick.
[Agent] Exploration: Random action: BUY
[Portfolio] Logged Trade: BUY 3.07723891 HD @ 140.29. New Cash: 8202.41, New Coins: 56.97455025
[Agent] Received reward: 0.36815846
[NeuralNetworkInterface] Received reward signal: 0.36815846
[Agent] Making decision using full OHLCV data
[Agent] Price data: O=141.84136963 H=142.51170917 L=140.98909623 C=141.01782339 V=6250200.00000000
[Agent_Features] Generated 18 features for the latest tick.
[Agent] Exploration: Random action: HOLD
[Agent] Received reward: 0.07000000
[NeuralNetworkInterface] Received reward signal: 0.07000000
[Agent] Making decision using full OHLCV data
[Agent] Price data: O=143.13414001 H=143.57463296 L=142.09034737 C=143.12456916 V=7016800.00000000
[Agent_Features] Generated 18 features for the latest tick.
[Agent] Exploration: Random action: HOLD
[Agent] Received reward: 0.07000000
[NeuralNetworkInterface] Received reward signal: 0.07000000
[Agent] Making decision using full OHLCV data
[Agent] Price data: O=141.68811035 H=143.82357849 L=140.72091402 C=143.70866987 V=6979700.00000000
[Agent_Features] Generated 18 features for the latest tick.
[Agent] Exploration: Random action: SELL
[Portfolio] Logged Trade: SELL 2.84872751 HD @ 143.71. New Cash: 8611.80, New Coins: 54.12582274
[Agent] Received reward: 0.39827757
[NeuralNetworkInterface] Received reward signal: 0.39827757
[Agent] Making decision using full OHLCV data
[Agent] Price data: O=141.67852783 H=142.96172291 L=141.56361920 C=141.72641130 V=9678600.00000000
[Agent_Features] Generated 18 features for the latest tick.
[Agent] Exploration: Random action: BUY
[Portfolio] Logged Trade: BUY 3.03817641 HD @ 141.73. New Cash: 8181.21, New Coins: 57.16399915
[Agent] Received reward: -0.35000035
[NeuralNetworkInterface] Received reward signal: -0.35000035
[Agent] Making decision using full OHLCV data
[Agent] Price data: O=141.54444885 H=142.22435894 L=141.17098123 C=141.72639724 V=8186400.00000000
[Agent_Features] Generated 18 features for the latest tick.
[Agent] Exploration: Random action: SELL
[Portfolio] Logged Trade: SELL 2.85819996 HD @ 141.73. New Cash: 8586.29, New Coins: 54.30579919
[Agent] Received reward: 0.36749992
[NeuralNetworkInterface] Received reward signal: 0.36749992
[Agent] Making decision using full OHLCV data
[Agent] Price data: O=140.60600281 H=141.54445735 L=139.84948205 C=141.01776846 V=8761700.00000000
[Agent_Features] Generated 18 features for the latest tick.
[Agent] Exploration: Random action: SELL
[Portfolio] Logged Trade: SELL 2.71528996 HD @ 141.02. New Cash: 8969.19, New Coins: 51.59050923
[Agent] Received reward: 0.39325605
[NeuralNetworkInterface] Received reward signal: 0.39325605
[Agent] Making decision using full OHLCV data
[Agent] Price data: O=141.10398865 H=141.22846814 L=138.37479141 C=139.27494811 V=5168100.00000000
[Agent_Features] Generated 18 features for the latest tick.
[Agent] Exploration: Random action: HOLD
[Agent] Received reward: 0.07000000
[NeuralNetworkInterface] Received reward signal: 0.07000000
[Agent] Making decision using full OHLCV data
[Agent] Price data: O=144.28327942 H=144.57056570 L=141.74561555 C=141.83179706 V=9361500.00000000
[Agent_Features] Generated 18 features for the latest tick.
[Agent] Exploration: Random action: SELL
[Portfolio] Logged Trade: SELL 2.57952546 HD @ 141.83. New Cash: 9335.05, New Coins: 49.01098377
[Agent] Received reward: -0.41829257
[NeuralNetworkInterface] Received reward signal: -0.41829257
[Agent] Making decision using full OHLCV data
[Agent] Price data: O=145.29829407 H=146.64852891 L=144.47474813 C=144.59924222 V=9465100.00000000
[Agent_Features] Generated 18 features for the latest tick.
[Agent] Exploration: Random action: SELL
[Portfolio] Logged Trade: SELL 2.45054919 HD @ 144.60. New Cash: 9689.40, New Coins: 46.56043458
[Agent] Received reward: -0.38013280
[NeuralNetworkInterface] Received reward signal: -0.38013280
[Agent] Making decision using full OHLCV data
[Agent] Price data: O=146.00694275 H=147.51038434 L=145.59516244 C=145.84415064 V=8308900.00000000
[Agent_Features] Generated 18 features for the latest tick.
[Agent] Exploration: Random action: SELL
[Portfolio] Logged Trade: SELL 2.32802173 HD @ 145.84. New Cash: 10028.93, New Coins: 44.23241285
[Agent] Received reward: -0.35597563
[NeuralNetworkInterface] Received reward signal: -0.35597563
[Agent] Making decision using full OHLCV data
[Agent] Price data: O=147.66363525 H=148.13286997 L=145.84417993 C=146.09315356 V=9364900.00000000
[Agent_Features] Generated 18 features for the latest tick.
[Agent] Exploration: Random action: SELL
[Portfolio] Logged Trade: SELL 2.21162064 HD @ 146.09. New Cash: 10352.03, New Coins: 42.02079221
[Agent] Received reward: -0.37661231
[NeuralNetworkInterface] Received reward signal: -0.37661231
[Agent] Making decision using full OHLCV data
[Agent] Price data: O=148.87022400 H=150.17257564 L=146.85923490 C=147.20397547 V=20162000.00000000
[Agent_Features] Generated 18 features for the latest tick.
[Agent] Exploration: Random action: SELL
[Portfolio] Logged Trade: SELL 2.10103961 HD @ 147.20. New Cash: 10661.31, New Coins: 39.91975260
[Agent] Received reward: -0.40009027
[NeuralNetworkInterface] Received reward signal: -0.40009027
[Agent] Making decision using full OHLCV data
[Agent] Price data: O=148.39138794 H=149.77992079 L=147.87426988 C=149.31068620 V=9689400.00000000
[Agent_Features] Generated 18 features for the latest tick.
[Agent] Exploration: Random action: SELL
[Portfolio] Logged Trade: SELL 1.99598763 HD @ 149.31. New Cash: 10959.33, New Coins: 37.92376497
[Agent] Received reward: -0.35067271
[NeuralNetworkInterface] Received reward signal: -0.35067271
[Agent] Making decision using full OHLCV data
[Agent] Price data: O=148.03703308 H=149.33938420 L=147.60611119 C=149.33938420 V=9236100.00000000
[Agent_Features] Generated 18 features for the latest tick.
[Agent] Exploration: Random action: HOLD
[Agent] Received reward: 0.07000000
[NeuralNetworkInterface] Received reward signal: 0.07000000
[Agent] Making decision using full OHLCV data
[Agent] Price data: O=147.23269653 H=148.30521622 L=146.23678749 C=147.79768354 V=6391400.00000000
[Agent_Features] Generated 18 features for the latest tick.
[Agent] Exploration: Random action: HOLD
[Agent] Received reward: 0.07000000
[NeuralNetworkInterface] Received reward signal: 0.07000000
[Agent] Making decision using full OHLCV data
[Agent] Price data: O=149.19578552 H=150.03847320 L=146.81132905 C=146.82091451 V=7027100.00000000
[Agent_Features] Generated 18 features for the latest tick.
[Agent] Exploration: Random action: SELL
[Portfolio] Logged Trade: SELL 1.89618825 HD @ 146.82. New Cash: 11237.73, New Coins: 36.02757672
[Agent] Received reward: -0.38812212
[NeuralNetworkInterface] Received reward signal: -0.38812212
[Agent] Making decision using full OHLCV data
[Agent] Price data: O=146.58148193 H=149.08083192 L=146.37080640 C=148.42009279 V=8119800.00000000
[Agent_Features] Generated 18 features for the latest tick.
[Agent] Exploration: Random action: BUY
[Portfolio] Logged Trade: BUY 3.78578611 HD @ 148.42. New Cash: 10675.85, New Coins: 39.81336283
[Agent] Received reward: -0.40939001
[NeuralNetworkInterface] Received reward signal: -0.40939001
[Agent] Making decision using full OHLCV data
[Agent] Price data: O=146.54321289 H=147.52955107 L=145.11636721 C=145.90161526 V=7568000.00000000
[Agent_Features] Generated 18 features for the latest tick.
[Agent] Exploration: Random action: BUY
[Portfolio] Logged Trade: BUY 3.65857765 HD @ 145.90. New Cash: 10142.06, New Coins: 43.47194048
[Agent] Received reward: 0.38238978
[NeuralNetworkInterface] Received reward signal: 0.38238978
[Agent] Making decision using full OHLCV data
[Agent] Price data: O=148.71696472 H=149.00425089 L=147.25182132 C=147.25182132 V=15594400.00000000
[Agent_Features] Generated 18 features for the latest tick.
[Agent] Exploration: Random action: HOLD
[Agent] Received reward: 0.07000000
[NeuralNetworkInterface] Received reward signal: 0.07000000
[Agent] Making decision using full OHLCV data
[Agent] Price data: O=147.68273926 H=149.25322039 L=146.85919338 C=148.87975276 V=12253800.00000000
[Agent_Features] Generated 18 features for the latest tick.
[Agent] Exploration: Random action: BUY
[Portfolio] Logged Trade: BUY 3.40612313 HD @ 148.88. New Cash: 9634.95, New Coins: 46.87806361
[Agent] Received reward: -0.36215648
[NeuralNetworkInterface] Received reward signal: -0.36215648
[Agent] Making decision using full OHLCV data
[Agent] Price data: O=148.11367798 H=148.50630196 L=147.09861275 C=148.36265156 V=16902200.00000000
[Agent_Features] Generated 18 features for the latest tick.
[Agent] Exploration: Random action: BUY
[Portfolio] Logged Trade: BUY 3.24709505 HD @ 148.36. New Cash: 9153.20, New Coins: 50.12515866
[Agent] Received reward: 0.36807296
[NeuralNetworkInterface] Received reward signal: 0.36807296
[Agent] Making decision using full OHLCV data
[Agent] Price data: O=149.56925964 H=149.66501197 L=148.36266047 C=149.12875217 V=12164400.00000000
[Agent_Features] Generated 18 features for the latest tick.
[Agent] Exploration: Random action: BUY
[Portfolio] Logged Trade: BUY 3.06889344 HD @ 149.13. New Cash: 8695.54, New Coins: 53.19405210
[Agent] Received reward: 0.39045450
[NeuralNetworkInterface] Received reward signal: 0.39045450
[Agent] Making decision using full OHLCV data
[Agent] Price data: O=150.59388733 H=151.04396563 L=149.91399176 C=150.85244637 V=6420100.00000000
[Agent_Features] Generated 18 features for the latest tick.
[Agent] Exploration: Random action: SELL
[Portfolio] Logged Trade: SELL 2.65970260 HD @ 150.85. New Cash: 9096.77, New Coins: 50.53434949
[Agent] Received reward: -0.35288794
[NeuralNetworkInterface] Received reward signal: -0.35288794
[Agent] Making decision using full OHLCV data
[Agent] Price data: O=151.09182739 H=151.44613870 L=150.10548946 C=150.97691878 V=6215100.00000000
[Agent_Features] Generated 18 features for the latest tick.
[Agent] Exploration: Random action: HOLD
[Agent] Received reward: 0.07000000
[NeuralNetworkInterface] Received reward signal: 0.07000000
[Agent] Making decision using full OHLCV data
[Agent] Price data: O=151.74304199 H=152.36548328 L=151.15889871 C=151.82922347 V=8209300.00000000
[Agent_Features] Generated 18 features for the latest tick.
[Agent] Exploration: Random action: HOLD
[Agent] Received reward: 0.07000000
[NeuralNetworkInterface] Received reward signal: 0.07000000
[Agent] Making decision using full OHLCV data
[Agent] Price data: O=150.95776367 H=151.96325792 L=149.89481512 C=151.81003669 V=5100200.00000000
[Agent_Features] Generated 18 features for the latest tick.
[Agent] Exploration: Random action: HOLD
[Agent] Received reward: 0.07000000
[NeuralNetworkInterface] Received reward signal: 0.07000000
[Agent] Making decision using full OHLCV data
[Agent] Price data: O=150.96733093 H=151.90580000 L=150.56513617 C=151.30250054 V=4178300.00000000
[Agent_Features] Generated 18 features for the latest tick.
[Agent] Exploration: Random action: SELL
[Portfolio] Logged Trade: SELL 2.52671747 HD @ 151.30. New Cash: 9479.07, New Coins: 48.00763202
[Agent] Received reward: 0.35996800
[NeuralNetworkInterface] Received reward signal: 0.35996800
[Agent] Making decision using full OHLCV data
[Agent] Price data: O=151.06311035 H=151.15887728 L=149.69373386 C=150.87159111 V=5604700.00000000
[Agent_Features] Generated 18 features for the latest tick.
[Agent] Exploration: Random action: SELL
[Portfolio] Logged Trade: SELL 2.40038160 HD @ 150.87. New Cash: 9841.22, New Coins: 45.60725042
[Agent] Received reward: 0.37199288
[NeuralNetworkInterface] Received reward signal: 0.37199288
[Agent] Making decision using full OHLCV data
[Agent] Price data: O=150.81414795 H=151.29295341 L=149.83738073 C=149.92356220 V=6364100.00000000
[Agent_Features] Generated 18 features for the latest tick.
[Agent] Exploration: Random action: SELL
[Portfolio] Logged Trade: SELL 2.28036252 HD @ 149.92. New Cash: 10183.10, New Coins: 43.32688790
[Agent] Received reward: -0.38196962
[NeuralNetworkInterface] Received reward signal: -0.38196962
[Agent] Making decision using full OHLCV data
[Agent] Price data: O=151.83882141 H=152.04949703 L=150.84291225 C=151.29299065 V=3918600.00000000
[Agent_Features] Generated 18 features for the latest tick.
[Agent] Exploration: Random action: BUY
[Portfolio] Logged Trade: BUY 3.36535601 HD @ 151.29. New Cash: 9673.94, New Coins: 46.69224391
[Agent] Received reward: 0.37481031
[NeuralNetworkInterface] Received reward signal: 0.37481031
[Agent] Making decision using full OHLCV data
[Agent] Price data: O=151.16844177 H=152.54740367 L=150.76624699 C=152.36545527 V=5771400.00000000
[Agent_Features] Generated 18 features for the latest tick.
[Agent] Exploration: Random action: BUY
[Portfolio] Logged Trade: BUY 3.17458466 HD @ 152.37. New Cash: 9190.24, New Coins: 49.86682857
[Agent] Received reward: -0.35879816
[NeuralNetworkInterface] Received reward signal: -0.35879816
[Agent] Making decision using full OHLCV data
[Agent] Price data: O=152.87301636 H=152.87301636 L=151.16846998 C=151.98244516 V=6745100.00000000
[Agent_Features] Generated 18 features for the latest tick.
[Agent] Exploration: Random action: SELL
[Portfolio] Logged Trade: SELL 2.49334143 HD @ 151.98. New Cash: 9569.19, New Coins: 47.37348714
[Agent] Received reward: -0.37469917
[NeuralNetworkInterface] Received reward signal: -0.37469917
[Agent] Making decision using full OHLCV data
[Agent] Price data: O=153.63911438 H=153.67741239 L=152.44210060 C=153.05497107 V=8142800.00000000
[Agent_Features] Generated 18 features for the latest tick.
[Agent] Exploration: Random action: HOLD
[Agent] Received reward: 0.07000000
[NeuralNetworkInterface] Received reward signal: 0.07000000
[Agent] Making decision using full OHLCV data
[Agent] Price data: O=153.43797302 H=154.27110435 L=152.78680470 C=154.21363543 V=6021400.00000000
[Agent_Features] Generated 18 features for the latest tick.
[Agent] Exploration: Random action: SELL
[Portfolio] Logged Trade: SELL 2.36867436 HD @ 154.21. New Cash: 9934.47, New Coins: 45.00481279
[Agent] Received reward: 0.35369386
[NeuralNetworkInterface] Received reward signal: 0.35369386
[Agent] Making decision using full OHLCV data
[Agent] Price data: O=153.63911438 H=154.24241400 L=153.51462027 C=154.05088010 V=4609100.00000000
[Agent_Features] Generated 18 features for the latest tick.
[Agent] Exploration: Random action: SELL
[Portfolio] Logged Trade: SELL 2.25024064 HD @ 154.05. New Cash: 10281.12, New Coins: 42.75457215
[Agent] Received reward: -0.35130506
[NeuralNetworkInterface] Received reward signal: -0.35130506
[Agent] Making decision using full OHLCV data
[Agent] Price data: O=153.37097168 H=154.27112830 L=152.26013948 C=154.10832158 V=7859400.00000000
[Agent_Features] Generated 18 features for the latest tick.
[Agent] Exploration: Random action: BUY
[Portfolio] Logged Trade: BUY 3.33568011 HD @ 154.11. New Cash: 9767.07, New Coins: 46.09025226
[Agent] Received reward: -0.38762438
[NeuralNetworkInterface] Received reward signal: -0.38762438
[Agent] Making decision using full OHLCV data
[Agent] Price data: O=153.60081482 H=153.67742546 L=152.32720491 C=152.45168442 V=4602600.00000000
[Agent_Features] Generated 18 features for the latest tick.
[Agent] Exploration: Random action: BUY
[Portfolio] Logged Trade: BUY 3.20333135 HD @ 152.45. New Cash: 9278.71, New Coins: 49.29358361
[Agent] Received reward: 0.38957304
[NeuralNetworkInterface] Received reward signal: 0.38957304
[Agent] Making decision using full OHLCV data
[Agent] Price data: O=154.80741882 H=155.01809444 L=153.09328672 C=154.17539197 V=6522900.00000000
[Agent_Features] Generated 18 features for the latest tick.
[Agent] Exploration: Random action: HOLD
[Agent] Received reward: 0.07000000
[NeuralNetworkInterface] Received reward signal: 0.07000000
[Agent] Making decision using full OHLCV data
[Agent] Price data: O=154.64457703 H=155.16168044 L=153.84017283 C=154.89355058 V=7376500.00000000
[Agent_Features] Generated 18 features for the latest tick.
[Agent] Exploration: Random action: HOLD
[Agent] Received reward: 0.07000000
[NeuralNetworkInterface] Received reward signal: 0.07000000
[Agent] Making decision using full OHLCV data
[Agent] Price data: O=154.19450378 H=154.74991983 L=151.82920381 C=153.71569836 V=8862500.00000000
[Agent_Features] Generated 18 features for the latest tick.
[Agent] Exploration: Random action: HOLD
[Agent] Received reward: 0.07000000
[NeuralNetworkInterface] Received reward signal: 0.07000000
[Agent] Making decision using full OHLCV data
[Agent] Price data: O=156.02352905 H=156.11929598 L=153.60077477 C=154.42432068 V=7525400.00000000
[Agent_Features] Generated 18 features for the latest tick.
[Agent] Exploration: Random action: BUY
[Portfolio] Logged Trade: BUY 3.00429100 HD @ 154.42. New Cash: 8814.78, New Coins: 52.29787461
[Agent] Received reward: 0.39232397
[NeuralNetworkInterface] Received reward signal: 0.39232397
[Agent] Making decision using full OHLCV data
[Agent] Price data: O=157.19184875 H=157.52701847 L=156.18636884 C=156.29170664 V=10003600.00000000
[Agent_Features] Generated 18 features for the latest tick.
[Agent] Exploration: Random action: HOLD
[Agent] Received reward: 0.07000000
[NeuralNetworkInterface] Received reward signal: 0.07000000
[Agent] Making decision using full OHLCV data
[Agent] Price data: O=157.45996094 H=158.67613093 L=156.97158462 C=157.98664988 V=6432700.00000000
[Agent_Features] Generated 18 features for the latest tick.
[Agent] Exploration: Random action: BUY
[Portfolio] Logged Trade: BUY 2.78972190 HD @ 157.99. New Cash: 8374.04, New Coins: 55.08759652
[Agent] Received reward: 0.36188054
[NeuralNetworkInterface] Received reward signal: 0.36188054
[Agent] Making decision using full OHLCV data
[Agent] Price data: O=155.88949585 H=158.71446013 L=155.85119784 C=158.52292623 V=5248100.00000000
[Agent_Features] Generated 18 features for the latest tick.
[Agent] Exploration: Random action: SELL
[Portfolio] Logged Trade: SELL 2.75437983 HD @ 158.52. New Cash: 8810.67, New Coins: 52.33321669
[Agent] Received reward: 0.42273115
[NeuralNetworkInterface] Received reward signal: 0.42273115
[Agent] Making decision using full OHLCV data
[Agent] Price data: O=154.29029846 H=156.16722268 L=153.62954445 C=155.22876788 V=6054900.00000000
[Agent_Features] Generated 18 features for the latest tick.
[Agent] Exploration: Random action: HOLD
[Agent] Received reward: 0.07000000
[NeuralNetworkInterface] Received reward signal: 0.07000000
[Agent] Making decision using full OHLCV data
[Agent] Price data: O=155.17127991 H=155.84161930 L=154.34773386 C=155.42026812 V=4317500.00000000
[Agent_Features] Generated 18 features for the latest tick.
[Agent] Exploration: Random action: SELL
[Portfolio] Logged Trade: SELL 2.61666083 HD @ 155.42. New Cash: 9217.35, New Coins: 49.71655586
[Agent] Received reward: 0.43820087
[NeuralNetworkInterface] Received reward signal: 0.43820087
[Agent] Making decision using full OHLCV data
[Agent] Price data: O=155.40110779 H=155.75541917 L=151.49405326 C=151.50363872 V=10442400.00000000
[Agent_Features] Generated 18 features for the latest tick.
[Agent] Exploration: Random action: SELL
[Portfolio] Logged Trade: SELL 2.48582779 HD @ 151.50. New Cash: 9593.96, New Coins: 47.23072806
[Agent] Received reward: -0.41061561
[NeuralNetworkInterface] Received reward signal: -0.41061561
[Agent] Making decision using full OHLCV data
[Agent] Price data: O=153.41886902 H=154.92231073 L=151.95371070 C=154.12749183 V=6413600.00000000
[Agent_Features] Generated 18 features for the latest tick.
[Agent] Exploration: Random action: HOLD
[Agent] Received reward: 0.07000000
[NeuralNetworkInterface] Received reward signal: 0.07000000
[Agent] Making decision using full OHLCV data
[Agent] Price data: O=153.94557190 H=154.84572877 L=152.75814336 C=152.99754616 V=5445900.00000000
[Agent_Features] Generated 18 features for the latest tick.
[Agent] Exploration: Random action: HOLD
[Agent] Received reward: 0.07000000
[NeuralNetworkInterface] Received reward signal: 0.07000000
[Agent] Making decision using full OHLCV data
[Agent] Price data: O=153.03581238 H=153.07412500 L=150.50771991 C=152.12608485 V=6813700.00000000
[Agent_Features] Generated 18 features for the latest tick.
[Agent] Exploration: Random action: HOLD
[Agent] Received reward: 0.07000000
[NeuralNetworkInterface] Received reward signal: 0.07000000
[Agent] Making decision using full OHLCV data
[Agent] Price data: O=153.89765930 H=154.55839857 L=150.60347536 C=152.12607323 V=5192500.00000000
[Agent_Features] Generated 18 features for the latest tick.
[Agent] Exploration: Random action: HOLD
[Agent] Received reward: 0.07000000
[NeuralNetworkInterface] Received reward signal: 0.07000000
[Agent] Making decision using full OHLCV data
[Agent] Price data: O=150.66093445 H=151.99201310 L=149.78950497 C=150.52686950 V=9730000.00000000
[Agent_Features] Generated 18 features for the latest tick.
[Agent] Exploration: Random action: HOLD
[Agent] Received reward: 0.07000000
[NeuralNetworkInterface] Received reward signal: 0.07000000
[Agent] Making decision using full OHLCV data
[Agent] Price data: O=153.41886902 H=154.67333713 L=151.24508790 C=151.39830917 V=9756700.00000000
[Agent_Features] Generated 18 features for the latest tick.
[Agent] Exploration: Random action: HOLD
[Agent] Received reward: 0.07000000
[NeuralNetworkInterface] Received reward signal: 0.07000000
[Agent] Making decision using full OHLCV data
[Agent] Price data: O=155.88949585 H=156.24382187 L=152.35592336 C=152.56659896 V=7547000.00000000
[Agent_Features] Generated 18 features for the latest tick.
[Agent] Exploration: Random action: SELL
[Portfolio] Logged Trade: SELL 2.36153640 HD @ 152.57. New Cash: 9954.26, New Coins: 44.86919166
[Agent] Received reward: -0.44625260
[NeuralNetworkInterface] Received reward signal: -0.44625260
[Agent] Making decision using full OHLCV data
[Agent] Price data: O=158.12419128 H=158.82433322 L=156.19643751 C=156.76229361 V=9745500.00000000
[Agent_Features] Generated 18 features for the latest tick.
[Agent] Exploration: Random action: BUY
[Portfolio] Logged Trade: BUY 3.17495212 HD @ 156.76. New Cash: 9456.54, New Coins: 48.04414378
[Agent] Received reward: -0.35342774
[NeuralNetworkInterface] Received reward signal: -0.35342774
[Agent] Making decision using full OHLCV data
[Agent] Price data: O=157.37603760 H=158.44062107 L=156.52245371 C=156.60876773 V=4582500.00000000
[Agent_Features] Generated 18 features for the latest tick.
[Agent] Exploration: Random action: BUY
[Portfolio] Logged Trade: BUY 3.01916135 HD @ 156.61. New Cash: 8983.72, New Coins: 51.06330513
[Agent] Received reward: 0.35128718
[NeuralNetworkInterface] Received reward signal: 0.35128718
[Agent] Making decision using full OHLCV data
[Agent] Price data: O=156.78144836 H=157.99948903 L=155.68809329 C=156.66636298 V=4747400.00000000
[Agent_Features] Generated 18 features for the latest tick.
[Agent] Exploration: Random action: HOLD
[Agent] Received reward: 0.07000000
[NeuralNetworkInterface] Received reward signal: 0.07000000
[Agent] Making decision using full OHLCV data
[Agent] Price data: O=157.15551758 H=158.11460166 L=156.51293300 C=157.84605928 V=9095700.00000000
[Agent_Features] Generated 18 features for the latest tick.
[Agent] Exploration: Random action: HOLD
[Agent] Received reward: 0.07000000
[NeuralNetworkInterface] Received reward signal: 0.07000000
[Agent] Making decision using full OHLCV data
[Agent] Price data: O=157.51991272 H=158.85303848 L=156.76222840 C=156.90609973 V=5416400.00000000
[Agent_Features] Generated 18 features for the latest tick.
[Agent] Exploration: Random action: SELL
[Portfolio] Logged Trade: SELL 2.55316526 HD @ 156.91. New Cash: 9384.32, New Coins: 48.51013988
[Agent] Received reward: 0.35213898
[NeuralNetworkInterface] Received reward signal: 0.35213898
[Agent] Making decision using full OHLCV data
[Agent] Price data: O=154.90162659 H=157.52952159 L=154.23987103 C=156.81020871 V=6138000.00000000
[Agent_Features] Generated 18 features for the latest tick.
[Agent] Exploration: Random action: SELL
[Portfolio] Logged Trade: SELL 2.42550699 HD @ 156.81. New Cash: 9764.67, New Coins: 46.08463288
[Agent] Received reward: 0.36605502
[NeuralNetworkInterface] Received reward signal: 0.36605502
[Agent] Making decision using full OHLCV data
[Agent] Price data: O=155.98539734 H=156.72389600 L=155.10304195 C=156.09089715 V=4105600.00000000
[Agent_Features] Generated 18 features for the latest tick.
[Agent] Exploration: Random action: HOLD
[Agent] Received reward: 0.07000000
[NeuralNetworkInterface] Received reward signal: 0.07000000
[Agent] Making decision using full OHLCV data
[Agent] Price data: O=157.01161194 H=158.98732218 L=156.64715542 C=156.71428367 V=10202300.00000000
[Agent_Features] Generated 18 features for the latest tick.
[Agent] Exploration: Random action: HOLD
[Agent] Received reward: 0.07000000
[NeuralNetworkInterface] Received reward signal: 0.07000000
[Agent] Making decision using full OHLCV data
[Agent] Price data: O=156.07170105 H=156.81019967 L=154.87284631 C=156.61838583 V=6456000.00000000
[Agent_Features] Generated 18 features for the latest tick.
[Agent] Exploration: Random action: BUY
[Portfolio] Logged Trade: BUY 3.11734380 HD @ 156.62. New Cash: 9276.43, New Coins: 49.20197668
[Agent] Received reward: -0.36071564
[NeuralNetworkInterface] Received reward signal: -0.36071564
[Agent] Making decision using full OHLCV data
[Agent] Price data: O=156.10050964 H=156.81023709 L=155.31406836 C=156.13888120 V=4750600.00000000
[Agent_Features] Generated 18 features for the latest tick.
[Agent] Exploration: Random action: BUY
[Portfolio] Logged Trade: BUY 2.97057135 HD @ 156.14. New Cash: 8812.61, New Coins: 52.17254803
[Agent] Received reward: -0.39063351
[NeuralNetworkInterface] Received reward signal: -0.39063351
[Agent] Making decision using full OHLCV data
[Agent] Price data: O=154.72898865 H=155.49625860 L=153.99049004 C=154.32617521 V=5079000.00000000
[Agent_Features] Generated 18 features for the latest tick.
[Agent] Exploration: Random action: SELL
[Portfolio] Logged Trade: SELL 2.60862740 HD @ 154.33. New Cash: 9215.19, New Coins: 49.56392063
[Agent] Received reward: -0.36370364
[NeuralNetworkInterface] Received reward signal: -0.36370364
[Agent] Making decision using full OHLCV data
[Agent] Price data: O=152.11071777 H=156.16763872 L=150.33640664 C=154.93041225 V=8034600.00000000
[Agent_Features] Generated 18 features for the latest tick.
[Agent] Exploration: Random action: BUY
[Portfolio] Logged Trade: BUY 2.97397761 HD @ 154.93. New Cash: 8754.43, New Coins: 52.53789824
[Agent] Received reward: -0.37708243
[NeuralNetworkInterface] Received reward signal: -0.37708243
[Agent] Making decision using full OHLCV data
[Agent] Price data: O=155.68812561 H=155.72648254 L=152.15868847 C=153.73158583 V=6684800.00000000
[Agent_Features] Generated 18 features for the latest tick.
[Agent] Exploration: Random action: BUY
[Portfolio] Logged Trade: BUY 2.84731076 HD @ 153.73. New Cash: 8316.71, New Coins: 55.38520899
[Agent] Received reward: 0.42009092
[NeuralNetworkInterface] Received reward signal: 0.42009092
[Agent] Making decision using full OHLCV data
[Agent] Price data: O=158.62287903 H=158.63246460 L=156.03335553 C=156.81021112 V=7769300.00000000
[Agent_Features] Generated 18 features for the latest tick.
[Agent] Exploration: Random action: BUY
[Portfolio] Logged Trade: BUY 2.65183954 HD @ 156.81. New Cash: 7900.87, New Coins: 58.03704853
[Agent] Received reward: 0.40094902
[NeuralNetworkInterface] Received reward signal: 0.40094902
[Agent] Making decision using full OHLCV data
[Agent] Price data: O=160.09031677 H=160.55067304 L=158.19133435 C=159.09287574 V=13738500.00000000
[Agent_Features] Generated 18 features for the latest tick.
[Agent] Exploration: Random action: SELL
[Portfolio] Logged Trade: SELL 2.90185243 HD @ 159.09. New Cash: 8362.54, New Coins: 55.13519611
[Agent] Received reward: -0.39473069
[NeuralNetworkInterface] Received reward signal: -0.39473069
[Agent] Making decision using full OHLCV data
[Agent] Price data: O=163.09223938 H=164.58840810 L=160.93430035 C=161.12611423 V=10528800.00000000
[Agent_Features] Generated 18 features for the latest tick.
[Agent] Exploration: Random action: SELL
[Portfolio] Logged Trade: SELL 2.75675981 HD @ 161.13. New Cash: 8806.72, New Coins: 52.37843630
[Agent] Received reward: -0.42999850
[NeuralNetworkInterface] Received reward signal: -0.42999850
[Agent] Making decision using full OHLCV data
[Agent] Price data: O=163.83067322 H=164.98157065 L=163.53334500 C=164.80892799 V=7565900.00000000
[Agent_Features] Generated 18 features for the latest tick.
[Agent] Exploration: Random action: HOLD
[Agent] Received reward: 0.07000000
[NeuralNetworkInterface] Received reward signal: 0.07000000
[Agent] Making decision using full OHLCV data
[Agent] Price data: O=163.34155273 H=165.13503468 L=161.52888501 C=164.91444951 V=6082900.00000000
[Agent_Features] Generated 18 features for the latest tick.
[Agent] Exploration: Random action: BUY
[Portfolio] Logged Trade: BUY 2.67008892 HD @ 164.91. New Cash: 8366.39, New Coins: 55.04852522
[Agent] Received reward: -0.38195639
[NeuralNetworkInterface] Received reward signal: -0.38195639
[Agent] Making decision using full OHLCV data
[Agent] Price data: O=164.56919861 H=164.59796995 L=162.75653067 C=163.40871531 V=6772000.00000000
[Agent_Features] Generated 18 features for the latest tick.
[Agent] Exploration: Random action: HOLD
[Agent] Received reward: 0.07000000
[NeuralNetworkInterface] Received reward signal: 0.07000000
[Agent] Making decision using full OHLCV data
[Agent] Price data: O=162.42083740 H=165.15421728 L=161.81660996 C=165.09667460 V=6901400.00000000
[Agent_Features] Generated 18 features for the latest tick.
[Agent] Exploration: Random action: HOLD
[Agent] Received reward: 0.00000000
[NeuralNetworkInterface] Received reward signal: 0.00000000
[Simulation] Simulation run finished. Ticks processed in this run: 175

Simulation Finished in 0.02 seconds.
--------------------
  Final Portfolio  
--------------------
Cash:      $8366.39
Asset:     55.0485 V
Total Value: $17454.72
--------------------
Saving agent state to prefix: training_run_20250621_154302/temp_model_state/temp_agent_state
AutonomousTradingAgent::saveState called with prefix: training_run_20250621_154302/temp_model_state/temp_agent_state
[NeuralNetworkInterface] State saved successfully to training_run_20250621_154302/temp_model_state/temp_agent_state_nn_state.json_nn_state.json
[Portfolio] State saved to training_run_20250621_154302/temp_model_state/temp_agent_state_portfolio_state.json
AutonomousTradingAgent full state saved with prefix: training_run_20250621_154302/temp_model_state/temp_agent_state
Agent state saved successfully.
[Simulation] Simulation destroyed.
[AutonomousTradingAgent] Agent destroyed
[NeuralNetworkInterface] Destructor called.
[Portfolio] Destroyed for asset: HD. Final cash: 8366.39, Final assets: 55.05
