Loading data from training_run_20250621_154302/data/DIS_1d_20180928_to_20190816.csv...
Loaded 173 data points.
[Portfolio] Initialized for asset: DIS with initial cash: 10000.00. Initial Portfolio Value: 10000.00
[NeuralNetworkInterface] Constructor called.
[NeuralNetworkInterface] Initializing...
Warning: NN model path is empty. Initializing in a mock state.
[NeuralNetworkInterface] Initialized successfully.
[AutonomousTradingAgent] Agent initialized for DIS without API client (CSV mode).
Attempting to load state from prefix: training_run_20250621_154302/best_model_state/best_agent_state
AutonomousTradingAgent::loadState called with prefix: training_run_20250621_154302/best_model_state/best_agent_state
[NeuralNetworkInterface] State loaded successfully from training_run_20250621_154302/best_model_state/best_agent_state_nn_state.json_nn_state.json
[Portfolio] State loaded from training_run_20250621_154302/best_model_state/best_agent_state_portfolio_state.json
[Portfolio] Loaded State -> Asset: HD, Cash: 10995.78, Coins: 36.90852617. Initial Portfolio Value: 10000.00000000
AutonomousTradingAgent full state loaded from prefix: training_run_20250621_154302/best_model_state/best_agent_state
Agent state loaded successfully.
[Simulation] Initialized with 173 data points.
[Simulation] API client is NULL (offline/CSV mode).

Starting Simulation for DIS...
[Simulation] Starting simulation run...
[Agent] Making decision using full OHLCV data
[Agent] Price data: O=109.16090393 H=109.58052866 L=106.88712327 C=109.28776445 V=7337500.00000000
[Agent_Features] Generated 15 features for the latest tick.
[Agent] Exploration: Random action: SELL
[Portfolio] Logged Trade: SELL 1.84542631 HD @ 109.29. New Cash: 11197.46, New Coins: 35.06309986
[Agent] Received reward: -0.38062806
[NeuralNetworkInterface] Received reward signal: -0.38062806
[Agent] Making decision using full OHLCV data
[Agent] Price data: O=109.26825714 H=110.97603108 L=108.74128600 C=110.24412796 V=6861800.00000000
[Agent_Features] Generated 17 features for the latest tick.
[Agent] Exploration: Random action: BUY
[Portfolio] Logged Trade: BUY 5.07848291 HD @ 110.24. New Cash: 10637.59, New Coins: 40.14158277
[Agent] Received reward: 0.35092942
[NeuralNetworkInterface] Received reward signal: 0.35092942
[Agent] Making decision using full OHLCV data
[Agent] Price data: O=109.50246429 H=111.22975982 L=109.44391443 C=110.27340314 V=7723900.00000000
[Agent_Features] Generated 17 features for the latest tick.
[Agent] Exploration: Random action: BUY
[Portfolio] Logged Trade: BUY 4.82327795 HD @ 110.27. New Cash: 10105.71, New Coins: 44.96486072
[Agent] Received reward: -0.35402672
[NeuralNetworkInterface] Received reward signal: -0.35402672
[Agent] Making decision using full OHLCV data
[Agent] Price data: O=110.65398407 H=110.85891603 L=109.62931680 C=110.14653455 V=6661500.00000000
[Agent_Features] Generated 17 features for the latest tick.
[Agent] Exploration: Random action: BUY
[Portfolio] Logged Trade: BUY 4.58739181 HD @ 110.15. New Cash: 9600.42, New Coins: 49.55225252
[Agent] Received reward: -0.36550422
[NeuralNetworkInterface] Received reward signal: -0.36550422
[Agent] Making decision using full OHLCV data
[Agent] Price data: O=109.49270630 H=111.17120535 L=109.34633163 C=109.65861000 V=7601900.00000000
[Agent_Features] Generated 18 features for the latest tick.
[Agent] Exploration: Random action: SELL
[Portfolio] Logged Trade: SELL 2.47761263 HD @ 109.66. New Cash: 9872.11, New Coins: 47.07463990
[Agent] Received reward: 0.35249182
[NeuralNetworkInterface] Received reward signal: 0.35249182
[Agent] Making decision using full OHLCV data
[Agent] Price data: O=107.95083618 H=110.16605974 L=107.37506851 C=109.58053872 V=7731800.00000000
[Agent_Features] Generated 18 features for the latest tick.
[Agent] Exploration: Random action: HOLD
[Agent] Received reward: 0.07000000
[NeuralNetworkInterface] Received reward signal: 0.07000000
[Agent] Making decision using full OHLCV data
[Agent] Price data: O=106.80905151 H=108.39972561 L=106.27232706 C=108.19479365 V=6682300.00000000
[Agent_Features] Generated 18 features for the latest tick.
[Agent] Exploration: Random action: HOLD
[Agent] Received reward: 0.07000000
[NeuralNetworkInterface] Received reward signal: 0.07000000
[Agent] Making decision using full OHLCV data
[Agent] Price data: O=106.58460999 H=109.42439014 L=106.32112070 C=107.34578802 V=9416900.00000000
[Agent_Features] Generated 18 features for the latest tick.
[Agent] Exploration: Random action: HOLD
[Agent] Received reward: 0.07000000
[NeuralNetworkInterface] Received reward signal: 0.07000000
[Agent] Making decision using full OHLCV data
[Agent] Price data: O=104.41817474 H=106.57484830 L=103.56916447 C=106.12594863 V=9387300.00000000
[Agent_Features] Generated 18 features for the latest tick.
[Agent] Exploration: Random action: BUY
[Portfolio] Logged Trade: BUY 4.65113037 HD @ 106.13. New Cash: 9378.51, New Coins: 51.72577026
[Agent] Received reward: -0.42337907
[NeuralNetworkInterface] Received reward signal: -0.42337907
[Agent] Making decision using full OHLCV data
[Agent] Price data: O=101.70526123 H=106.12595499 L=101.35394713 C=103.90097064 V=15530600.00000000
[Agent_Features] Generated 18 features for the latest tick.
[Agent] Exploration: Random action: SELL
[Portfolio] Logged Trade: SELL 2.58628851 HD @ 103.90. New Cash: 9647.22, New Coins: 49.13948175
[Agent] Received reward: 0.45650920
[NeuralNetworkInterface] Received reward signal: 0.45650920
[Agent] Making decision using full OHLCV data
[Agent] Price data: O=97.92862701 H=101.39297111 L=97.92862701 C=100.73913950 V=7133000.00000000
[Agent_Features] Generated 18 features for the latest tick.
[Agent] Exploration: Random action: SELL
[Portfolio] Logged Trade: SELL 2.45697409 HD @ 100.74. New Cash: 9894.74, New Coins: 46.68250766
[Agent] Received reward: 0.44289917
[NeuralNetworkInterface] Received reward signal: 0.44289917
[Agent] Making decision using full OHLCV data
[Agent] Price data: O=103.27641296 H=103.29592710 L=97.95791241 C=98.06525880 V=9422800.00000000
[Agent_Features] Generated 18 features for the latest tick.
[Agent] Exploration: Random action: SELL
[Portfolio] Logged Trade: SELL 2.33412538 HD @ 98.07. New Cash: 10123.63, New Coins: 44.34838228
[Agent] Received reward: -0.48653099
[NeuralNetworkInterface] Received reward signal: -0.48653099
[Agent] Making decision using full OHLCV data
[Agent] Price data: O=103.94975281 H=103.97903519 L=100.31951974 C=101.89067230 V=8201400.00000000
[Agent_Features] Generated 18 features for the latest tick.
[Agent] Exploration: Random action: SELL
[Portfolio] Logged Trade: SELL 2.21741911 HD @ 101.89. New Cash: 10349.57, New Coins: 42.13096316
[Agent] Received reward: -0.44620733
[NeuralNetworkInterface] Received reward signal: -0.44620733
[Agent] Making decision using full OHLCV data
[Agent] Price data: O=104.71094513 H=105.90150131 L=103.62772789 C=104.69142354 V=7620500.00000000
[Agent_Features] Generated 18 features for the latest tick.
[Agent] Exploration: Random action: BUY
[Portfolio] Logged Trade: BUY 4.94289253 HD @ 104.69. New Cash: 9832.09, New Coins: 47.07385569
[Agent] Received reward: 0.40970370
[NeuralNetworkInterface] Received reward signal: 0.40970370
[Agent] Making decision using full OHLCV data
[Agent] Price data: O=107.00424194 H=107.02375608 L=104.95491461 C=106.47727078 V=7241700.00000000
[Agent_Features] Generated 18 features for the latest tick.
[Agent] Exploration: Random action: BUY
[Portfolio] Logged Trade: BUY 4.61699036 HD @ 106.48. New Cash: 9340.49, New Coins: 51.69084605
[Agent] Received reward: -0.38239872
[NeuralNetworkInterface] Received reward signal: -0.38239872
[Agent] Making decision using full OHLCV data
[Agent] Price data: O=106.34064484 H=106.50654109 L=105.13056710 C=105.49163454 V=9723500.00000000
[Agent_Features] Generated 18 features for the latest tick.
[Agent] Exploration: Random action: BUY
[Portfolio] Logged Trade: BUY 4.42712171 HD @ 105.49. New Cash: 8873.46, New Coins: 56.11796776
[Agent] Received reward: 0.36230347
[NeuralNetworkInterface] Received reward signal: 0.36230347
[Agent] Making decision using full OHLCV data
[Agent] Price data: O=103.76434326 H=106.02836320 L=103.38375425 C=105.86246696 V=10594700.00000000
[Agent_Features] Generated 18 features for the latest tick.
[Agent] Exploration: Random action: SELL
[Portfolio] Logged Trade: SELL 2.80589839 HD @ 105.86. New Cash: 9170.50, New Coins: 53.31206937
[Agent] Received reward: 0.36742246
[NeuralNetworkInterface] Received reward signal: 0.36742246
[Agent] Making decision using full OHLCV data
[Agent] Price data: O=106.96520233 H=108.07769448 L=104.66214658 C=105.33549983 V=10122800.00000000
[Agent_Features] Generated 18 features for the latest tick.
[Agent] Exploration: Random action: BUY
[Portfolio] Logged Trade: BUY 4.35299645 HD @ 105.34. New Cash: 8711.98, New Coins: 57.66506582
[Agent] Received reward: 0.41387825
[NeuralNetworkInterface] Received reward signal: 0.41387825
[Agent] Making decision using full OHLCV data
[Agent] Price data: O=107.89228058 H=108.71201598 L=106.66268865 C=107.25797047 V=6714700.00000000
[Agent_Features] Generated 18 features for the latest tick.
[Agent] Exploration: Random action: HOLD
[Agent] Received reward: 0.07000000
[NeuralNetworkInterface] Received reward signal: 0.07000000
[Agent] Making decision using full OHLCV data
[Agent] Price data: O=108.73152161 H=109.84401371 L=108.48755391 C=109.10235727 V=8730700.00000000
[Agent_Features] Generated 18 features for the latest tick.
[Agent] Exploration: Random action: BUY
[Portfolio] Logged Trade: BUY 3.99257005 HD @ 109.10. New Cash: 8276.38, New Coins: 61.65763587
[Agent] Received reward: 0.35000008
[NeuralNetworkInterface] Received reward signal: 0.35000008
[Agent] Making decision using full OHLCV data
[Agent] Price data: O=109.95136261 H=110.07823058 L=108.86814541 C=109.10235977 V=5931900.00000000
[Agent_Features] Generated 18 features for the latest tick.
[Agent] Exploration: Random action: HOLD
[Agent] Received reward: 0.07000000
[NeuralNetworkInterface] Received reward signal: 0.07000000
[Agent] Making decision using full OHLCV data
[Agent] Price data: O=110.07822418 H=110.18557056 L=108.80958922 C=109.28776381 V=6160100.00000000
[Agent_Features] Generated 18 features for the latest tick.
[Agent] Exploration: Random action: HOLD
[Agent] Received reward: 0.07000000
[NeuralNetworkInterface] Received reward signal: 0.07000000
[Agent] Making decision using full OHLCV data
[Agent] Price data: O=109.93184662 H=110.19532846 L=109.03404727 C=109.47318615 V=4819100.00000000
[Agent_Features] Generated 18 features for the latest tick.
[Agent] Exploration: Random action: HOLD
[Agent] Received reward: 0.07000000
[NeuralNetworkInterface] Received reward signal: 0.07000000
[Agent] Making decision using full OHLCV data
[Agent] Price data: O=109.70738983 H=109.98063246 L=108.74127986 C=108.95597262 V=6980600.00000000
[Agent_Features] Generated 18 features for the latest tick.
[Agent] Exploration: Random action: BUY
[Portfolio] Logged Trade: BUY 3.79803744 HD @ 108.96. New Cash: 7862.56, New Coins: 65.45567331
[Agent] Received reward: 0.37037614
[NeuralNetworkInterface] Received reward signal: 0.37037614
[Agent] Making decision using full OHLCV data
[Agent] Price data: O=109.06331635 H=110.44905101 L=107.94106350 C=109.59028744 V=9800900.00000000
[Agent_Features] Generated 18 features for the latest tick.
[Agent] Exploration: Random action: BUY
[Portfolio] Logged Trade: BUY 3.58725148 HD @ 109.59. New Cash: 7469.43, New Coins: 69.04292479
[Agent] Received reward: -0.37649131
[NeuralNetworkInterface] Received reward signal: -0.37649131
[Agent] Making decision using full OHLCV data
[Agent] Price data: O=108.23384094 H=109.30729740 L=108.13624790 C=108.76080466 V=5899900.00000000
[Agent_Features] Generated 18 features for the latest tick.
[Agent] Exploration: Random action: BUY
[Portfolio] Logged Trade: BUY 3.43387975 HD @ 108.76. New Cash: 7095.96, New Coins: 72.47680453
[Agent] Received reward: -0.37292513
[NeuralNetworkInterface] Received reward signal: -0.37292513
[Agent] Making decision using full OHLCV data
[Agent] Price data: O=108.33142090 H=108.57538860 L=107.50193220 C=108.04841747 V=6392000.00000000
[Agent_Features] Generated 18 features for the latest tick.
[Agent] Exploration: Random action: BUY
[Portfolio] Logged Trade: BUY 3.28369407 HD @ 108.05. New Cash: 6741.16, New Coins: 75.76049861
[Agent] Received reward: 0.38603705
[NeuralNetworkInterface] Received reward signal: 0.38603705
[Agent] Making decision using full OHLCV data
[Agent] Price data: O=108.36070251 H=109.22922700 L=108.15577052 C=109.16091633 V=8554700.00000000
[Agent_Features] Generated 18 features for the latest tick.
[Agent] Exploration: Random action: SELL
[Portfolio] Logged Trade: SELL 3.78802493 HD @ 109.16. New Cash: 7154.67, New Coins: 71.97247368
[Agent] Received reward: 0.38879857
[NeuralNetworkInterface] Received reward signal: 0.38879857
[Agent] Making decision using full OHLCV data
[Agent] Price data: O=107.93131256 H=108.64370154 L=107.10182384 C=107.95083415 V=6986700.00000000
[Agent_Features] Generated 18 features for the latest tick.
[Agent] Exploration: Random action: BUY
[Portfolio] Logged Trade: BUY 3.31385364 HD @ 107.95. New Cash: 6796.93, New Coins: 75.28632731
[Agent] Received reward: 0.36803460
[NeuralNetworkInterface] Received reward signal: 0.36803460
[Agent] Making decision using full OHLCV data
[Agent] Price data: O=108.43876648 H=109.14138720 L=107.34578850 C=108.50707714 V=6845600.00000000
[Agent_Features] Generated 18 features for the latest tick.
[Agent] Exploration: Random action: SELL
[Portfolio] Logged Trade: SELL 3.76431637 HD @ 108.51. New Cash: 7205.39, New Coins: 71.52201095
[Agent] Received reward: 0.35598101
[NeuralNetworkInterface] Received reward signal: 0.35598101
[Agent] Making decision using full OHLCV data
[Agent] Price data: O=107.88251495 H=108.42900019 L=107.27747241 C=108.32165382 V=6716800.00000000
[Agent_Features] Generated 18 features for the latest tick.
[Agent] Exploration: Random action: BUY
[Portfolio] Logged Trade: BUY 3.32592180 HD @ 108.32. New Cash: 6845.12, New Coins: 74.84793275
[Agent] Received reward: 0.36482031
[NeuralNetworkInterface] Received reward signal: 0.36482031
[Agent] Making decision using full OHLCV data
[Agent] Price data: O=108.40949249 H=108.80960313 L=107.98987516 C=108.78032819 V=5706900.00000000
[Agent_Features] Generated 18 features for the latest tick.
[Agent] Exploration: Random action: SELL
[Portfolio] Logged Trade: SELL 3.74239664 HD @ 108.78. New Cash: 7252.22, New Coins: 71.10553611
[Agent] Received reward: 0.37229334
[NeuralNetworkInterface] Received reward signal: 0.37229334
[Agent] Making decision using full OHLCV data
[Agent] Price data: O=108.13623810 H=108.31189514 L=107.29698864 C=108.08744903 V=6178800.00000000
[Agent_Features] Generated 18 features for the latest tick.
[Agent] Exploration: Random action: HOLD
[Agent] Received reward: 0.07000000
[NeuralNetworkInterface] Received reward signal: 0.07000000
[Agent] Making decision using full OHLCV data
[Agent] Price data: O=108.22407532 H=108.25335025 L=107.34579009 C=107.98010761 V=5253700.00000000
[Agent_Features] Generated 18 features for the latest tick.
[Agent] Exploration: Random action: BUY
[Portfolio] Logged Trade: BUY 3.35812630 HD @ 107.98. New Cash: 6889.61, New Coins: 74.46366240
[Agent] Received reward: -0.36107121
[NeuralNetworkInterface] Received reward signal: -0.36107121
[Agent] Making decision using full OHLCV data
[Agent] Price data: O=107.47264099 H=107.91178729 L=106.33087402 C=107.63854467 V=7853800.00000000
[Agent_Features] Generated 18 features for the latest tick.
[Agent] Exploration: Random action: SELL
[Portfolio] Logged Trade: SELL 3.72318312 HD @ 107.64. New Cash: 7290.36, New Coins: 70.74047928
[Agent] Received reward: 0.35634620
[NeuralNetworkInterface] Received reward signal: 0.35634620
[Agent] Making decision using full OHLCV data
[Agent] Price data: O=108.82910919 H=108.84863078 L=107.35554963 C=107.44337443 V=8351600.00000000
[Agent_Features] Generated 18 features for the latest tick.
[Agent] Exploration: Random action: BUY
[Portfolio] Logged Trade: BUY 3.39265403 HD @ 107.44. New Cash: 6925.85, New Coins: 74.13313331
[Agent] Received reward: 0.40944611
[NeuralNetworkInterface] Received reward signal: 0.40944611
[Agent] Making decision using full OHLCV data
[Agent] Price data: O=108.61442566 H=109.34632878 L=108.25335077 C=109.26825732 V=6557700.00000000
[Agent_Features] Generated 18 features for the latest tick.
[Agent] Exploration: Random action: HOLD
[Agent] Received reward: 0.07000000
[NeuralNetworkInterface] Received reward signal: 0.07000000
[Agent] Making decision using full OHLCV data
[Agent] Price data: O=109.10234833 H=109.27800535 L=108.00937045 C=108.72175935 V=7037000.00000000
[Agent_Features] Generated 18 features for the latest tick.
[Agent] Exploration: Random action: BUY
[Portfolio] Logged Trade: BUY 3.18512402 HD @ 108.72. New Cash: 6579.55, New Coins: 77.31825734
[Agent] Received reward: 0.36916345
[NeuralNetworkInterface] Received reward signal: 0.36916345
[Agent] Making decision using full OHLCV data
[Agent] Price data: O=109.94160461 H=110.01966862 L=108.76079443 C=109.31704047 V=13619800.00000000
[Agent_Features] Generated 18 features for the latest tick.
[Agent] Exploration: Random action: SELL
[Portfolio] Logged Trade: SELL 3.86591287 HD @ 109.32. New Cash: 7002.16, New Coins: 73.45234447
[Agent] Received reward: -0.40717752
[NeuralNetworkInterface] Received reward signal: -0.40717752
[Agent] Making decision using full OHLCV data
[Agent] Price data: O=108.72177124 H=111.17120163 L=108.38997129 C=111.10289097 V=14229000.00000000
[Agent_Features] Generated 18 features for the latest tick.
[Agent] Exploration: Random action: HOLD
[Agent] Received reward: -0.10500000
[NeuralNetworkInterface] Received reward signal: -0.10500000
[Agent] Making decision using full OHLCV data
[Agent] Price data: O=108.27287292 H=108.42901584 L=107.16038070 C=108.37046597 V=8658100.00000000
[Agent_Features] Generated 18 features for the latest tick.
[Agent] Exploration: Random action: HOLD
[Agent] Received reward: 0.07000000
[NeuralNetworkInterface] Received reward signal: 0.07000000
[Agent] Making decision using full OHLCV data
[Agent] Price data: O=108.81935883 H=108.84863376 L=107.40434165 C=107.79469147 V=6395500.00000000
[Agent_Features] Generated 18 features for the latest tick.
[Agent] Exploration: Random action: BUY
[Portfolio] Logged Trade: BUY 3.24791672 HD @ 107.79. New Cash: 6652.06, New Coins: 76.70026119
[Agent] Received reward: 0.39150824
[NeuralNetworkInterface] Received reward signal: 0.39150824
[Agent] Making decision using full OHLCV data
[Agent] Price data: O=106.79930878 H=109.11211794 L=106.61389093 C=109.07308221 V=11086400.00000000
[Agent_Features] Generated 18 features for the latest tick.
[Agent] Exploration: Random action: BUY
[Portfolio] Logged Trade: BUY 3.04935705 HD @ 109.07. New Cash: 6319.45, New Coins: 79.74961824
[Agent] Received reward: -0.39885050
[NeuralNetworkInterface] Received reward signal: -0.39885050
[Agent] Making decision using full OHLCV data
[Agent] Price data: O=106.56508636 H=108.15576050 L=106.51629729 C=107.55071794 V=7610200.00000000
[Agent_Features] Generated 18 features for the latest tick.
[Agent] Exploration: Random action: HOLD
[Agent] Received reward: 0.07000000
[NeuralNetworkInterface] Received reward signal: 0.07000000
[Agent] Making decision using full OHLCV data
[Agent] Price data: O=107.54096222 H=107.81421231 L=106.59437377 C=106.60412712 V=6919700.00000000
[Agent_Features] Generated 18 features for the latest tick.
[Agent] Exploration: Random action: SELL
[Portfolio] Logged Trade: SELL 3.98748091 HD @ 106.60. New Cash: 6744.53, New Coins: 75.76213733
[Agent] Received reward: -0.36954410
[NeuralNetworkInterface] Received reward signal: -0.36954410
[Agent] Making decision using full OHLCV data
[Agent] Price data: O=107.98986816 H=108.80959608 L=106.89689017 C=107.19940774 V=6324300.00000000
[Agent_Features] Generated 18 features for the latest tick.
[Agent] Exploration: Random action: HOLD
[Agent] Received reward: 0.07000000
[NeuralNetworkInterface] Received reward signal: 0.07000000
[Agent] Making decision using full OHLCV data
[Agent] Price data: O=109.87329865 H=109.91233437 L=108.35094246 C=108.71201736 V=8197300.00000000
[Agent_Features] Generated 18 features for the latest tick.
[Agent] Exploration: Random action: HOLD
[Agent] Received reward: 0.07000000
[NeuralNetworkInterface] Received reward signal: 0.07000000
[Agent] Making decision using full OHLCV data
[Agent] Price data: O=110.77110291 H=111.02482397 L=110.10751043 C=110.18558188 V=8169600.00000000
[Agent_Features] Generated 18 features for the latest tick.
[Agent] Exploration: Random action: BUY
[Portfolio] Logged Trade: BUY 3.06053409 HD @ 110.19. New Cash: 6407.31, New Coins: 78.82267141
[Agent] Received reward: 0.37138871
[NeuralNetworkInterface] Received reward signal: 0.37138871
[Agent] Making decision using full OHLCV data
[Agent] Price data: O=110.93700409 H=111.33710729 L=110.55641503 C=110.85893263 V=7081500.00000000
[Agent_Features] Generated 18 features for the latest tick.
[Agent] Exploration: Random action: BUY
[Portfolio] Logged Trade: BUY 2.88984735 HD @ 110.86. New Cash: 6086.94, New Coins: 81.71251877
[Agent] Received reward: -0.35616230
[NeuralNetworkInterface] Received reward signal: -0.35616230
[Agent] Making decision using full OHLCV data
[Agent] Price data: O=111.53227234 H=111.77624003 L=110.14653762 C=110.66374794 V=9480100.00000000
[Agent_Features] Generated 18 features for the latest tick.
[Agent] Exploration: Random action: HOLD
[Agent] Received reward: 0.07000000
[NeuralNetworkInterface] Received reward signal: 0.07000000
[Agent] Making decision using full OHLCV data
[Agent] Price data: O=112.46911621 H=112.97656578 L=111.20048112 C=111.86407360 V=8734700.00000000
[Agent_Features] Generated 18 features for the latest tick.
[Agent] Exploration: Random action: HOLD
[Agent] Received reward: 0.07000000
[NeuralNetworkInterface] Received reward signal: 0.07000000
[Agent] Making decision using full OHLCV data
[Agent] Price data: O=110.84916687 H=113.00584801 L=110.72230634 C=112.83019096 V=9327700.00000000
[Agent_Features] Generated 18 features for the latest tick.
[Agent] Exploration: Random action: SELL
[Portfolio] Logged Trade: SELL 4.08562594 HD @ 112.83. New Cash: 6547.92, New Coins: 77.62689283
[Agent] Received reward: 0.40963496
[NeuralNetworkInterface] Received reward signal: 0.40963496
[Agent] Making decision using full OHLCV data
[Agent] Price data: O=110.76134491 H=111.25904114 L=110.12702735 C=110.90772703 V=8956000.00000000
[Agent_Features] Generated 18 features for the latest tick.
[Agent] Exploration: Random action: HOLD
[Agent] Received reward: 0.07000000
[NeuralNetworkInterface] Received reward signal: 0.07000000
[Agent] Making decision using full OHLCV data
[Agent] Price data: O=110.05870056 H=110.77108948 L=109.74642222 C=110.37097890 V=7249500.00000000
[Agent_Features] Generated 18 features for the latest tick.
[Agent] Exploration: Random action: SELL
[Portfolio] Logged Trade: SELL 3.88134464 HD @ 110.37. New Cash: 6976.31, New Coins: 73.74554819
[Agent] Received reward: 0.35618869
[NeuralNetworkInterface] Received reward signal: 0.35618869
[Agent] Making decision using full OHLCV data
[Agent] Price data: O=110.11726379 H=110.69303147 L=110.02943899 C=110.17582111 V=6716700.00000000
[Agent_Features] Generated 18 features for the latest tick.
[Agent] Exploration: Random action: SELL
[Portfolio] Logged Trade: SELL 3.68727741 HD @ 110.18. New Cash: 7382.56, New Coins: 70.05827078
[Agent] Received reward: -0.36705018
[NeuralNetworkInterface] Received reward signal: -0.36705018
[Agent] Making decision using full OHLCV data
[Agent] Price data: O=111.25903320 H=111.67865795 L=110.71254049 C=110.71254049 V=6996900.00000000
[Agent_Features] Generated 18 features for the latest tick.
[Agent] Exploration: Random action: HOLD
[Agent] Received reward: 0.07000000
[NeuralNetworkInterface] Received reward signal: 0.07000000
[Agent] Making decision using full OHLCV data
[Agent] Price data: O=111.57131195 H=111.65913675 L=110.36122678 C=111.65913675 V=6015000.00000000
[Agent_Features] Generated 18 features for the latest tick.
[Agent] Exploration: Random action: BUY
[Portfolio] Logged Trade: BUY 3.30584727 HD @ 111.66. New Cash: 7013.43, New Coins: 73.36411804
[Agent] Received reward: -0.35581193
[NeuralNetworkInterface] Received reward signal: -0.35581193
[Agent] Making decision using full OHLCV data
[Agent] Price data: O=111.24926758 H=111.77623869 L=111.01506068 C=111.47372113 V=5225100.00000000
[Agent_Features] Generated 18 features for the latest tick.
[Agent] Exploration: Random action: HOLD
[Agent] Received reward: 0.07000000
[NeuralNetworkInterface] Received reward signal: 0.07000000
[Agent] Making decision using full OHLCV data
[Agent] Price data: O=112.07875824 H=112.27393686 L=111.24926956 C=111.24926956 V=7352800.00000000
[Agent_Features] Generated 18 features for the latest tick.
[Agent] Exploration: Random action: HOLD
[Agent] Received reward: 0.07000000
[NeuralNetworkInterface] Received reward signal: 0.07000000
[Agent] Making decision using full OHLCV data
[Agent] Price data: O=111.25903320 H=112.12755763 L=110.73206207 C=112.07876111 V=6324000.00000000
[Agent_Features] Generated 18 features for the latest tick.
[Agent] Exploration: Random action: BUY
[Portfolio] Logged Trade: BUY 3.12879663 HD @ 112.08. New Cash: 6662.76, New Coins: 76.49291467
[Agent] Received reward: -0.39235971
[NeuralNetworkInterface] Received reward signal: -0.39235971
[Agent] Making decision using full OHLCV data
[Agent] Price data: O=111.06385040 H=111.09312533 L=110.17581187 C=110.72229712 V=6549100.00000000
[Agent_Features] Generated 18 features for the latest tick.
[Agent] Exploration: Random action: SELL
[Portfolio] Logged Trade: SELL 3.82464573 HD @ 110.72. New Cash: 7086.23, New Coins: 72.66826894
[Agent] Received reward: -0.36789204
[NeuralNetworkInterface] Received reward signal: -0.36789204
[Agent] Making decision using full OHLCV data
[Agent] Price data: O=111.98117828 H=112.22514599 L=111.27855009 C=111.28831088 V=6952700.00000000
[Agent_Features] Generated 18 features for the latest tick.
[Agent] Exploration: Random action: SELL
[Portfolio] Logged Trade: SELL 3.63341345 HD @ 111.29. New Cash: 7490.59, New Coins: 69.03485549
[Agent] Received reward: -0.37086982
[NeuralNetworkInterface] Received reward signal: -0.37086982
[Agent] Making decision using full OHLCV data
[Agent] Price data: O=111.96166229 H=112.51790836 L=111.28830905 C=111.95190150 V=9920300.00000000
[Agent_Features] Generated 18 features for the latest tick.
[Agent] Exploration: Random action: HOLD
[Agent] Received reward: 0.07000000
[NeuralNetworkInterface] Received reward signal: 0.07000000
[Agent] Making decision using full OHLCV data
[Agent] Price data: O=111.33709717 H=112.07876107 L=110.97602973 C=112.06900028 V=17994500.00000000
[Agent_Features] Generated 18 features for the latest tick.
[Agent] Exploration: Random action: SELL
[Portfolio] Logged Trade: SELL 3.45174277 HD @ 112.07. New Cash: 7877.42, New Coins: 65.58311272
[Agent] Received reward: 0.37194303
[NeuralNetworkInterface] Received reward signal: 0.37194303
[Agent] Making decision using full OHLCV data
[Agent] Price data: O=111.71770477 H=112.00070078 L=111.18097280 C=111.36639065 V=17409600.00000000
[Agent_Features] Generated 18 features for the latest tick.
[Agent] Exploration: Random action: HOLD
[Agent] Received reward: 0.07000000
[NeuralNetworkInterface] Received reward signal: 0.07000000
[Agent] Making decision using full OHLCV data
[Agent] Price data: O=112.18610382 H=112.69356080 L=110.93699042 C=111.73720416 V=14932700.00000000
[Agent_Features] Generated 18 features for the latest tick.
[Agent] Exploration: Random action: HOLD
[Agent] Received reward: 0.07000000
[NeuralNetworkInterface] Received reward signal: 0.07000000
[Agent] Making decision using full OHLCV data
[Agent] Price data: O=110.39051056 H=111.24927421 L=109.74643224 C=110.30267831 V=21769800.00000000
[Agent_Features] Generated 18 features for the latest tick.
[Agent] Exploration: Random action: SELL
[Portfolio] Logged Trade: SELL 3.27915564 HD @ 110.30. New Cash: 8239.12, New Coins: 62.30395708
[Agent] Received reward: 0.35247715
[NeuralNetworkInterface] Received reward signal: 0.35247715
[Agent] Making decision using full OHLCV data
[Agent] Price data: O=107.34579468 H=110.96627468 L=107.15062348 C=110.22461074 V=45384400.00000000
[Agent_Features] Generated 18 features for the latest tick.
[Agent] Exploration: Random action: SELL
[Portfolio] Logged Trade: SELL 3.11519785 HD @ 110.22. New Cash: 8582.50, New Coins: 59.18875923
[Agent] Received reward: 0.43180600
[NeuralNetworkInterface] Received reward signal: 0.43180600
[Agent] Making decision using full OHLCV data
[Agent] Price data: O=107.33603668 H=108.20456118 L=105.44285223 C=107.64831507 V=35588700.00000000
[Agent_Features] Generated 18 features for the latest tick.
[Agent] Exploration: Random action: BUY
[Portfolio] Logged Trade: BUY 3.98635865 HD @ 107.65. New Cash: 8153.37, New Coins: 63.17511787
[Agent] Received reward: -0.35666334
[NeuralNetworkInterface] Received reward signal: -0.35666334
[Agent] Making decision using full OHLCV data
[Agent] Price data: O=106.03812408 H=107.49216948 L=105.75512066 C=107.44337297 V=27438900.00000000
[Agent_Features] Generated 18 features for the latest tick.
[Agent] Exploration: Random action: SELL
[Portfolio] Logged Trade: SELL 3.15875589 HD @ 107.44. New Cash: 8492.76, New Coins: 60.01636198
[Agent] Received reward: 0.40626716
[NeuralNetworkInterface] Received reward signal: 0.40626716
[Agent] Making decision using full OHLCV data
[Agent] Price data: O=105.61849213 H=106.36990931 L=104.91586401 C=105.71607771 V=24133800.00000000
[Agent_Features] Generated 18 features for the latest tick.
[Agent] Exploration: Random action: HOLD
[Agent] Received reward: 0.07000000
[NeuralNetworkInterface] Received reward signal: 0.07000000
[Agent] Making decision using full OHLCV data
[Agent] Price data: O=105.18911743 H=106.43823090 L=104.73045695 C=105.87222403 V=18187500.00000000
[Agent_Features] Generated 18 features for the latest tick.
[Agent] Exploration: Random action: HOLD
[Agent] Received reward: 0.07000000
[NeuralNetworkInterface] Received reward signal: 0.07000000
[Agent] Making decision using full OHLCV data
[Agent] Price data: O=107.48241425 H=107.67758544 L=105.65753309 C=105.78440106 V=16693100.00000000
[Agent_Features] Generated 18 features for the latest tick.
[Agent] Exploration: Random action: BUY
[Portfolio] Logged Trade: BUY 4.01418278 HD @ 105.78. New Cash: 8068.12, New Coins: 64.03054476
[Agent] Received reward: 0.41618983
[NeuralNetworkInterface] Received reward signal: 0.41618983
[Agent] Making decision using full OHLCV data
[Agent] Price data: O=107.61903381 H=108.40948680 L=107.08230932 C=107.78493007 V=10794800.00000000
[Agent_Features] Generated 18 features for the latest tick.
[Agent] Exploration: Random action: HOLD
[Agent] Received reward: 0.07000000
[NeuralNetworkInterface] Received reward signal: 0.07000000
[Agent] Making decision using full OHLCV data
[Agent] Price data: O=108.03865814 H=108.58514342 L=107.57999766 C=107.93131176 V=11748900.00000000
[Agent_Features] Generated 18 features for the latest tick.
[Agent] Exploration: Random action: SELL
[Portfolio] Logged Trade: SELL 3.20152724 HD @ 107.93. New Cash: 8413.67, New Coins: 60.82901752
[Agent] Received reward: -0.38037998
[NeuralNetworkInterface] Received reward signal: -0.38037998
[Agent] Making decision using full OHLCV data
[Agent] Price data: O=108.35094452 H=108.90719063 L=107.72638774 C=108.86815490 V=16358800.00000000
[Agent_Features] Generated 18 features for the latest tick.
[Agent] Exploration: Random action: SELL
[Portfolio] Logged Trade: SELL 3.04145088 HD @ 108.87. New Cash: 8744.78, New Coins: 57.78756665
[Agent] Received reward: -0.35094085
[NeuralNetworkInterface] Received reward signal: -0.35094085
[Agent] Making decision using full OHLCV data
[Agent] Price data: O=109.79522705 H=110.14654114 L=108.69248827 C=108.89742025 V=10785100.00000000
[Agent_Features] Generated 18 features for the latest tick.
[Agent] Exploration: Random action: SELL
[Portfolio] Logged Trade: SELL 2.88937833 HD @ 108.90. New Cash: 9059.43, New Coins: 54.89818831
[Agent] Received reward: -0.39892941
[NeuralNetworkInterface] Received reward signal: -0.39892941
[Agent] Making decision using full OHLCV data
[Agent] Price data: O=109.25849915 H=110.57592330 L=109.21946342 C=110.41978784 V=9231800.00000000
[Agent_Features] Generated 18 features for the latest tick.
[Agent] Exploration: Random action: HOLD
[Agent] Received reward: 0.07000000
[NeuralNetworkInterface] Received reward signal: 0.07000000
[Agent] Making decision using full OHLCV data
[Agent] Price data: O=109.80498505 H=110.38075272 L=109.50246746 C=109.98064210 V=10534900.00000000
[Agent_Features] Generated 18 features for the latest tick.
[Agent] Exploration: Random action: BUY
[Portfolio] Logged Trade: BUY 4.11864686 HD @ 109.98. New Cash: 8606.46, New Coins: 59.01683518
[Agent] Received reward: 0.36677015
[NeuralNetworkInterface] Received reward signal: 0.36677015
[Agent] Making decision using full OHLCV data
[Agent] Price data: O=111.98117828 H=112.08852467 L=110.30267926 C=110.50761124 V=14378400.00000000
[Agent_Features] Generated 18 features for the latest tick.
[Agent] Exploration: Random action: HOLD
[Agent] Received reward: 0.07000000
[NeuralNetworkInterface] Received reward signal: 0.07000000
[Agent] Making decision using full OHLCV data
[Agent] Price data: O=112.22513580 H=112.35199632 L=111.55178261 C=112.19586087 V=10907900.00000000
[Agent_Features] Generated 18 features for the latest tick.
[Agent] Exploration: Random action: HOLD
[Agent] Received reward: 0.07000000
[NeuralNetworkInterface] Received reward signal: 0.07000000
[Agent] Making decision using full OHLCV data
[Agent] Price data: O=112.18610382 H=113.03511408 L=111.87382547 C=112.22513955 V=11054200.00000000
[Agent_Features] Generated 18 features for the latest tick.
[Agent] Exploration: Random action: SELL
[Portfolio] Logged Trade: SELL 2.95084176 HD @ 112.23. New Cash: 8937.62, New Coins: 56.06599342
[Agent] Received reward: -0.36856525
[NeuralNetworkInterface] Received reward signal: -0.36856525
[Agent] Making decision using full OHLCV data
[Agent] Price data: O=114.04026031 H=114.33302453 L=112.49838269 C=112.82042184 V=17340300.00000000
[Agent_Features] Generated 18 features for the latest tick.
[Agent] Exploration: Random action: BUY
[Portfolio] Logged Trade: BUY 3.96099198 HD @ 112.82. New Cash: 8490.73, New Coins: 60.02698540
[Agent] Received reward: 0.40964040
[NeuralNetworkInterface] Received reward signal: 0.40964040
[Agent] Making decision using full OHLCV data
[Agent] Price data: O=114.33303070 H=115.18203356 L=113.47425960 C=114.74289466 V=14091100.00000000
[Agent_Features] Generated 18 features for the latest tick.
[Agent] Exploration: Random action: BUY
[Portfolio] Logged Trade: BUY 3.69989574 HD @ 114.74. New Cash: 8066.20, New Coins: 63.72688114
[Agent] Received reward: 0.35446483
[NeuralNetworkInterface] Received reward signal: 0.35446483
[Agent] Making decision using full OHLCV data
[Agent] Price data: O=113.78652954 H=115.01612879 L=113.51328692 C=114.88926827 V=12784500.00000000
[Agent_Features] Generated 18 features for the latest tick.
[Agent] Exploration: Random action: BUY
[Portfolio] Logged Trade: BUY 3.51042283 HD @ 114.89. New Cash: 7662.89, New Coins: 67.23730397
[Agent] Received reward: 0.65264175
[NeuralNetworkInterface] Received reward signal: 0.65264175
[Agent] Making decision using full OHLCV data
[Agent] Price data: O=126.92175293 H=127.74148082 L=123.31103397 C=124.82363668 V=65253500.00000000
[Agent_Features] Generated 18 features for the latest tick.
[Agent] Exploration: Random action: HOLD
[Agent] Received reward: -0.10500000
[NeuralNetworkInterface] Received reward signal: -0.10500000
[Agent] Making decision using full OHLCV data
[Agent] Price data: O=128.85397339 H=129.49805169 L=126.65826410 C=127.88787083 V=32773700.00000000
[Agent_Features] Generated 18 features for the latest tick.
[Agent] Exploration: Random action: HOLD
[Agent] Received reward: 0.07000000
[NeuralNetworkInterface] Received reward signal: 0.07000000
[Agent] Making decision using full OHLCV data
[Agent] Price data: O=126.76560974 H=128.94181233 L=126.43381725 C=128.57097666 V=14564300.00000000
[Agent_Features] Generated 18 features for the latest tick.
[Agent] Exploration: Random action: SELL
[Portfolio] Logged Trade: SELL 3.36186520 HD @ 128.57. New Cash: 8095.13, New Coins: 63.87543877
[Agent] Received reward: 0.40153769
[NeuralNetworkInterface] Received reward signal: 0.40153769
[Agent] Making decision using full OHLCV data
[Agent] Price data: O=128.57095337 H=129.16623504 L=126.16055176 C=126.67776200 V=14253700.00000000
[Agent_Features] Generated 18 features for the latest tick.
[Agent] Exploration: Random action: SELL
[Portfolio] Logged Trade: SELL 3.19377194 HD @ 126.68. New Cash: 8499.71, New Coins: 60.68166683
[Agent] Received reward: -0.40284746
[NeuralNetworkInterface] Received reward signal: -0.40284746
[Agent] Making decision using full OHLCV data
[Agent] Price data: O=129.25408936 H=129.66395332 L=127.94642601 C=128.59050433 V=11890600.00000000
[Agent_Features] Generated 18 features for the latest tick.
[Agent] Exploration: Random action: BUY
[Portfolio] Logged Trade: BUY 3.30495106 HD @ 128.59. New Cash: 8074.72, New Coins: 63.98661789
[Agent] Received reward: 0.35345245
[NeuralNetworkInterface] Received reward signal: 0.35345245
[Agent] Making decision using full OHLCV data
[Agent] Price data: O=128.50265503 H=129.01011200 L=127.86834499 C=128.71734779 V=10197500.00000000
[Agent_Features] Generated 18 features for the latest tick.
[Agent] Exploration: Random action: HOLD
[Agent] Received reward: 0.07000000
[NeuralNetworkInterface] Received reward signal: 0.07000000
[Agent] Making decision using full OHLCV data
[Agent] Price data: O=130.14215088 H=131.00092208 L=129.44927595 C=130.17142582 V=12159300.00000000
[Agent_Features] Generated 18 features for the latest tick.
[Agent] Exploration: Random action: BUY
[Portfolio] Logged Trade: BUY 3.10157206 HD @ 130.17. New Cash: 7670.99, New Coins: 67.08818995
[Agent] Received reward: -0.35734745
[NeuralNetworkInterface] Received reward signal: -0.35734745
[Agent] Making decision using full OHLCV data
[Agent] Price data: O=131.84014893 H=132.47445898 L=129.51757169 C=129.89816070 V=11449500.00000000
[Agent_Features] Generated 18 features for the latest tick.
[Agent] Exploration: Random action: HOLD
[Agent] Received reward: 0.07000000
[NeuralNetworkInterface] Received reward signal: 0.07000000
[Agent] Making decision using full OHLCV data
[Agent] Price data: O=133.92852783 H=135.52895551 L=131.58642873 C=132.09388577 V=16382500.00000000
[Agent_Features] Generated 18 features for the latest tick.
[Agent] Exploration: Random action: SELL
[Portfolio] Logged Trade: SELL 3.35440950 HD @ 132.09. New Cash: 8114.08, New Coins: 63.73378045
[Agent] Received reward: -0.43636217
[NeuralNetworkInterface] Received reward signal: -0.43636217
[Agent] Making decision using full OHLCV data
[Agent] Price data: O=136.54385376 H=136.66095350 L=134.19200133 C=135.35329008 V=14167600.00000000
[Agent_Features] Generated 18 features for the latest tick.
[Agent] Exploration: Random action: HOLD
[Agent] Received reward: -0.10500000
[NeuralNetworkInterface] Received reward signal: -0.10500000
[Agent] Making decision using full OHLCV data
[Agent] Price data: O=135.93881226 H=138.93472802 L=134.28958814 C=138.75907841 V=25746100.00000000
[Agent_Features] Generated 18 features for the latest tick.
[Agent] Exploration: Random action: BUY
[Portfolio] Logged Trade: BUY 2.92380223 HD @ 138.76. New Cash: 7708.38, New Coins: 66.65758268
[Agent] Received reward: -0.42556828
[NeuralNetworkInterface] Received reward signal: -0.42556828
[Agent] Making decision using full OHLCV data
[Agent] Price data: O=133.66502380 H=136.02662934 L=132.74770288 C=135.76314005 V=15253100.00000000
[Agent_Features] Generated 18 features for the latest tick.
[Agent] Exploration: Random action: SELL
[Portfolio] Logged Trade: SELL 3.33287913 HD @ 135.76. New Cash: 8160.86, New Coins: 63.32470355
[Agent] Received reward: 0.39100750
[NeuralNetworkInterface] Received reward signal: 0.39100750
[Agent] Making decision using full OHLCV data
[Agent] Price data: O=133.08926392 H=134.83606609 L=132.95264260 C=134.17248110 V=8906700.00000000
[Agent_Features] Generated 18 features for the latest tick.
[Agent] Exploration: Random action: SELL
[Portfolio] Logged Trade: SELL 3.16623518 HD @ 134.17. New Cash: 8585.68, New Coins: 60.15846837
[Agent] Received reward: 0.40371309
[NeuralNetworkInterface] Received reward signal: 0.40371309
[Agent] Making decision using full OHLCV data
[Agent] Price data: O=130.90330505 H=132.41590773 L=129.18577785 C=132.11339017 V=16580400.00000000
[Agent_Features] Generated 18 features for the latest tick.
[Agent] Exploration: Random action: BUY
[Portfolio] Logged Trade: BUY 3.24936092 HD @ 132.11. New Cash: 8156.40, New Coins: 63.40782929
[Agent] Received reward: -0.35413682
[NeuralNetworkInterface] Received reward signal: -0.35413682
[Agent] Making decision using full OHLCV data
[Agent] Price data: O=131.08871460 H=132.04506373 L=130.55198273 C=131.95723894 V=8874400.00000000
[Agent_Features] Generated 18 features for the latest tick.
[Agent] Exploration: Random action: SELL
[Portfolio] Logged Trade: SELL 3.17039146 HD @ 131.96. New Cash: 8574.75, New Coins: 60.23743782
[Agent] Received reward: 0.41936884
[NeuralNetworkInterface] Received reward signal: 0.41936884
[Agent] Making decision using full OHLCV data
[Agent] Price data: O=131.74253845 H=132.06457756 L=129.10769066 C=129.34189009 V=9955600.00000000
[Agent_Features] Generated 18 features for the latest tick.
[Agent] Exploration: Random action: BUY
[Portfolio] Logged Trade: BUY 3.31476281 HD @ 129.34. New Cash: 8146.02, New Coins: 63.55220063
[Agent] Received reward: 0.42420524
[NeuralNetworkInterface] Received reward signal: 0.42420524
[Agent] Making decision using full OHLCV data
[Agent] Price data: O=130.22021484 H=132.68916702 L=129.55661489 C=132.08413183 V=10972700.00000000
[Agent_Features] Generated 18 features for the latest tick.
[Agent] Exploration: Random action: SELL
[Portfolio] Logged Trade: SELL 3.17761003 HD @ 132.08. New Cash: 8565.73, New Coins: 60.37459060
[Agent] Received reward: 0.39783987
[NeuralNetworkInterface] Received reward signal: 0.39783987
[Agent] Making decision using full OHLCV data
[Agent] Price data: O=131.73278809 H=132.42564793 L=130.09331761 C=130.27873542 V=15423500.00000000
[Agent_Features] Generated 18 features for the latest tick.
[Agent] Exploration: Random action: BUY
[Portfolio] Logged Trade: BUY 3.28746203 HD @ 130.28. New Cash: 8137.44, New Coins: 63.66205263
[Agent] Received reward: 0.39011279
[NeuralNetworkInterface] Received reward signal: 0.39011279
[Agent] Making decision using full OHLCV data
[Agent] Price data: O=130.36657715 H=133.18684318 L=129.63467405 C=131.77183349 V=15297100.00000000
[Agent_Features] Generated 18 features for the latest tick.
[Agent] Exploration: Random action: BUY
[Portfolio] Logged Trade: BUY 3.08770141 HD @ 131.77. New Cash: 7730.57, New Coins: 66.74975404
[Agent] Received reward: -0.40235861
[NeuralNetworkInterface] Received reward signal: -0.40235861
[Agent] Making decision using full OHLCV data
[Agent] Price data: O=130.80572510 H=131.07898264 L=128.06353033 C=129.80057929 V=9858500.00000000
[Agent_Features] Generated 18 features for the latest tick.
[Agent] Exploration: Random action: HOLD
[Agent] Received reward: 0.07000000
[NeuralNetworkInterface] Received reward signal: 0.07000000
[Agent] Making decision using full OHLCV data
[Agent] Price data: O=128.17088318 H=129.45903994 L=127.39995170 C=128.32702610 V=11389900.00000000
[Agent_Features] Generated 18 features for the latest tick.
[Agent] Exploration: Random action: SELL
[Portfolio] Logged Trade: SELL 3.33748770 HD @ 128.33. New Cash: 8158.86, New Coins: 63.41226634
[Agent] Received reward: -0.40376406
[NeuralNetworkInterface] Received reward signal: -0.40376406
[Agent] Making decision using full OHLCV data
[Agent] Price data: O=129.98599243 H=131.41077040 L=128.86374693 C=130.29827825 V=12001700.00000000
[Agent_Features] Generated 18 features for the latest tick.
[Agent] Exploration: Random action: SELL
[Portfolio] Logged Trade: SELL 3.17061332 HD @ 130.30. New Cash: 8571.98, New Coins: 60.24165303
[Agent] Received reward: 0.37542679
[NeuralNetworkInterface] Received reward signal: 0.37542679
[Agent] Making decision using full OHLCV data
[Agent] Price data: O=131.43028259 H=131.94750786 L=128.85398407 C=129.35168775 V=9734100.00000000
[Agent_Features] Generated 18 features for the latest tick.
[Agent] Exploration: Random action: HOLD
[Agent] Received reward: -0.10500000
[NeuralNetworkInterface] Received reward signal: -0.10500000
[Agent] Making decision using full OHLCV data
[Agent] Price data: O=132.23049927 H=133.10877707 L=131.55714600 C=132.02555984 V=9689400.00000000
[Agent_Features] Generated 18 features for the latest tick.
[Agent] Exploration: Random action: BUY
[Portfolio] Logged Trade: BUY 3.24633533 HD @ 132.03. New Cash: 8143.39, New Coins: 63.48798835
[Agent] Received reward: -0.37664620
[NeuralNetworkInterface] Received reward signal: -0.37664620
[Agent] Making decision using full OHLCV data
[Agent] Price data: O=131.78160095 H=132.69892199 L=130.79597670 C=131.02042283 V=8964200.00000000
[Agent_Features] Generated 18 features for the latest tick.
[Agent] Exploration: Random action: BUY
[Portfolio] Logged Trade: BUY 3.10767793 HD @ 131.02. New Cash: 7736.22, New Coins: 66.59566629
[Agent] Received reward: -0.35026090
[NeuralNetworkInterface] Received reward signal: -0.35026090
[Agent] Making decision using full OHLCV data
[Agent] Price data: O=130.67886353 H=131.15703069 L=130.03478522 C=131.01065603 V=8009000.00000000
[Agent_Features] Generated 18 features for the latest tick.
[Agent] Exploration: Random action: BUY
[Portfolio] Logged Trade: BUY 2.95251413 HD @ 131.01. New Cash: 7349.41, New Coins: 69.54818041
[Agent] Received reward: 0.35834268
[NeuralNetworkInterface] Received reward signal: 0.35834268
[Agent] Making decision using full OHLCV data
[Agent] Price data: O=130.85450745 H=131.32293614 L=129.89815826 C=131.32293614 V=7050300.00000000
[Agent_Features] Generated 18 features for the latest tick.
[Agent] Exploration: Random action: HOLD
[Agent] Received reward: 0.07000000
[NeuralNetworkInterface] Received reward signal: 0.07000000
[Agent] Making decision using full OHLCV data
[Agent] Price data: O=130.62031555 H=130.93258647 L=130.17140842 C=130.59104062 V=5093700.00000000
[Agent_Features] Generated 18 features for the latest tick.
[Agent] Exploration: Random action: SELL
[Portfolio] Logged Trade: SELL 3.47740902 HD @ 130.59. New Cash: 7803.52, New Coins: 66.07077139
[Agent] Received reward: 0.37903200
[NeuralNetworkInterface] Received reward signal: 0.37903200
[Agent] Making decision using full OHLCV data
[Agent] Price data: O=129.52731323 H=130.32753435 L=128.76613528 C=129.50780654 V=6743300.00000000
[Agent_Features] Generated 18 features for the latest tick.
[Agent] Exploration: Random action: HOLD
[Agent] Received reward: 0.07000000
[NeuralNetworkInterface] Received reward signal: 0.07000000
[Agent] Making decision using full OHLCV data
[Agent] Price data: O=129.58587646 H=130.07381186 L=129.02963785 C=129.88840892 V=4570100.00000000
[Agent_Features] Generated 18 features for the latest tick.
[Agent] Exploration: Random action: BUY
[Portfolio] Logged Trade: BUY 3.00393391 HD @ 129.89. New Cash: 7413.35, New Coins: 69.07470530
[Agent] Received reward: 0.35289306
[NeuralNetworkInterface] Received reward signal: 0.35289306
[Agent] Making decision using full OHLCV data
[Agent] Price data: O=129.41999817 H=130.80573310 L=129.39072323 C=129.99577334 V=8938400.00000000
[Agent_Features] Generated 18 features for the latest tick.
[Agent] Exploration: Random action: SELL
[Portfolio] Logged Trade: SELL 3.45373527 HD @ 130.00. New Cash: 7862.32, New Coins: 65.62097004
[Agent] Received reward: 0.38284344
[NeuralNetworkInterface] Received reward signal: 0.38284344
[Agent] Making decision using full OHLCV data
[Agent] Price data: O=128.39532471 H=128.96131665 L=127.62437846 C=128.77591371 V=7749600.00000000
[Agent_Features] Generated 18 features for the latest tick.
[Agent] Exploration: Random action: BUY
[Portfolio] Logged Trade: BUY 3.05271323 HD @ 128.78. New Cash: 7469.20, New Coins: 68.67368326
[Agent] Received reward: -0.35212181
[NeuralNetworkInterface] Received reward signal: -0.35212181
[Agent] Making decision using full OHLCV data
[Agent] Price data: O=129.01011658 H=129.47853039 L=128.17086709 C=128.69784566 V=5274000.00000000
[Agent_Features] Generated 18 features for the latest tick.
[Agent] Exploration: Random action: BUY
[Portfolio] Logged Trade: BUY 2.90183675 HD @ 128.70. New Cash: 7095.74, New Coins: 71.57552001
[Agent] Received reward: -0.37441609
[NeuralNetworkInterface] Received reward signal: -0.37441609
[Agent] Making decision using full OHLCV data
[Agent] Price data: O=128.85397339 H=129.72249780 L=127.62438155 C=127.80004603 V=7420700.00000000
[Agent_Features] Generated 18 features for the latest tick.
[Agent] Exploration: Random action: BUY
[Portfolio] Logged Trade: BUY 2.77611114 HD @ 127.80. New Cash: 6740.96, New Coins: 74.35163115
[Agent] Received reward: 0.37832960
[NeuralNetworkInterface] Received reward signal: 0.37832960
[Agent] Making decision using full OHLCV data
[Agent] Price data: O=129.27362061 H=129.74203447 L=128.31727128 C=128.83448167 V=7901400.00000000
[Agent_Features] Generated 18 features for the latest tick.
[Agent] Exploration: Random action: BUY
[Portfolio] Logged Trade: BUY 2.61613017 HD @ 128.83. New Cash: 6403.91, New Coins: 76.96776133
[Agent] Received reward: 0.38790996
[NeuralNetworkInterface] Received reward signal: 0.38790996
[Agent] Making decision using full OHLCV data
[Agent] Price data: O=131.56689453 H=131.62544439 L=129.71273127 C=130.22994155 V=8247500.00000000
[Agent_Features] Generated 18 features for the latest tick.
[Agent] Exploration: Random action: HOLD
[Agent] Received reward: 0.07000000
[NeuralNetworkInterface] Received reward signal: 0.07000000
[Agent] Making decision using full OHLCV data
[Agent] Price data: O=132.65988159 H=132.71843146 L=131.68401077 C=132.14267125 V=6842800.00000000
[Agent_Features] Generated 18 features for the latest tick.
[Agent] Exploration: Random action: SELL
[Portfolio] Logged Trade: SELL 3.84838807 HD @ 132.14. New Cash: 6912.44, New Coins: 73.11937326
[Agent] Received reward: -0.37843165
[NeuralNetworkInterface] Received reward signal: -0.37843165
[Agent] Making decision using full OHLCV data
[Agent] Price data: O=133.89923096 H=134.12367706 L=132.45493154 C=133.21610953 V=6027300.00000000
[Agent_Features] Generated 18 features for the latest tick.
[Agent] Exploration: Random action: HOLD
[Agent] Received reward: 0.07000000
[NeuralNetworkInterface] Received reward signal: 0.07000000
[Agent] Making decision using full OHLCV data
[Agent] Price data: O=134.70918274 H=135.41181082 L=134.01632289 C=134.27981215 V=7026300.00000000
[Agent_Features] Generated 18 features for the latest tick.
[Agent] Exploration: Random action: HOLD
[Agent] Received reward: 0.07000000
[NeuralNetworkInterface] Received reward signal: 0.07000000
[Agent] Making decision using full OHLCV data
[Agent] Price data: O=133.76261902 H=135.52894280 L=132.78674821 C=135.52894280 V=8479500.00000000
[Agent_Features] Generated 18 features for the latest tick.
[Agent] Exploration: Random action: BUY
[Portfolio] Logged Trade: BUY 2.55017263 HD @ 135.53. New Cash: 6566.82, New Coins: 75.66954589
[Agent] Received reward: -0.38251024
[NeuralNetworkInterface] Received reward signal: -0.38251024
[Agent] Making decision using full OHLCV data
[Agent] Price data: O=131.82063293 H=134.42620625 L=131.68401161 C=134.27006335 V=6352200.00000000
[Agent_Features] Generated 18 features for the latest tick.
[Agent] Exploration: Random action: SELL
[Portfolio] Logged Trade: SELL 3.78347729 HD @ 134.27. New Cash: 7074.83, New Coins: 71.88606859
[Agent] Received reward: 0.41359432
[NeuralNetworkInterface] Received reward signal: 0.41359432
[Agent] Making decision using full OHLCV data
[Agent] Price data: O=132.44520569 H=132.99169103 L=131.56692780 C=131.83040223 V=5537000.00000000
[Agent_Features] Generated 18 features for the latest tick.
[Agent] Exploration: Random action: HOLD
[Agent] Received reward: -0.10500000
[NeuralNetworkInterface] Received reward signal: -0.10500000
[Agent] Making decision using full OHLCV data
[Agent] Price data: O=138.31994629 H=138.42729268 L=134.28959472 C=134.62138725 V=17939500.00000000
[Agent_Features] Generated 18 features for the latest tick.
[Agent] Exploration: Random action: SELL
[Portfolio] Logged Trade: SELL 3.59430343 HD @ 134.62. New Cash: 7558.70, New Coins: 68.29176516
[Agent] Received reward: -0.45402322
[NeuralNetworkInterface] Received reward signal: -0.45402322
[Agent] Making decision using full OHLCV data
[Agent] Price data: O=138.23210144 H=139.50073654 L=137.13913084 C=138.62245872 V=11125200.00000000
[Agent_Features] Generated 18 features for the latest tick.
[Agent] Exploration: Random action: HOLD
[Agent] Received reward: 0.07000000
[NeuralNetworkInterface] Received reward signal: 0.07000000
[Agent] Making decision using full OHLCV data
[Agent] Price data: O=137.56852722 H=138.06621604 L=135.75340668 C=137.41238430 V=8542700.00000000
[Agent_Features] Generated 18 features for the latest tick.
[Agent] Exploration: Random action: BUY
[Portfolio] Logged Trade: BUY 2.75037061 HD @ 137.41. New Cash: 7180.76, New Coins: 71.04213577
[Agent] Received reward: 0.37933023
[NeuralNetworkInterface] Received reward signal: 0.37933023
[Agent] Making decision using full OHLCV data
[Agent] Price data: O=135.88026428 H=140.04722214 L=135.61677498 C=138.56390915 V=11231400.00000000
[Agent_Features] Generated 18 features for the latest tick.
[Agent] Exploration: Random action: BUY
[Portfolio] Logged Trade: BUY 2.59113817 HD @ 138.56. New Cash: 6821.73, New Coins: 73.63327393
[Agent] Received reward: -0.41113110
[NeuralNetworkInterface] Received reward signal: -0.41113110
[Agent] Making decision using full OHLCV data
[Agent] Price data: O=137.51972961 H=137.66611919 L=135.23619521 C=136.14374803 V=6877100.00000000
[Agent_Features] Generated 18 features for the latest tick.
[Agent] Exploration: Random action: HOLD
[Agent] Received reward: 0.07000000
[NeuralNetworkInterface] Received reward signal: 0.07000000
[Agent] Making decision using full OHLCV data
[Agent] Price data: O=138.59317017 H=138.79809469 L=136.53408226 C=138.55412700 V=8485800.00000000
[Agent_Features] Generated 18 features for the latest tick.
[Agent] Exploration: Random action: HOLD
[Agent] Received reward: 0.07000000
[NeuralNetworkInterface] Received reward signal: 0.07000000
[Agent] Making decision using full OHLCV data
[Agent] Price data: O=136.84635925 H=138.57365475 L=136.62191314 C=138.52485823 V=14150000.00000000
[Agent_Features] Generated 18 features for the latest tick.
[Agent] Exploration: Random action: BUY
[Portfolio] Logged Trade: BUY 2.46227519 HD @ 138.52. New Cash: 6480.64, New Coins: 76.09554913
[Agent] Received reward: -0.39512162
[NeuralNetworkInterface] Received reward signal: -0.39512162
[Agent] Making decision using full OHLCV data
[Agent] Price data: O=135.86073303 H=137.08057152 L=134.47499829 C=136.73901079 V=10497400.00000000
[Agent_Features] Generated 18 features for the latest tick.
[Agent] Exploration: Random action: BUY
[Portfolio] Logged Trade: BUY 2.36971149 HD @ 136.74. New Cash: 6156.61, New Coins: 78.46526062
[Agent] Received reward: -0.37747639
[NeuralNetworkInterface] Received reward signal: -0.37747639
[Agent] Making decision using full OHLCV data
[Agent] Price data: O=136.56335449 H=137.02201493 L=135.32399448 C=135.66555519 V=14675400.00000000
[Agent_Features] Generated 18 features for the latest tick.
[Agent] Exploration: Random action: BUY
[Portfolio] Logged Trade: BUY 2.26903878 HD @ 135.67. New Cash: 5848.78, New Coins: 80.73429940
[Agent] Received reward: 0.38373622
[NeuralNetworkInterface] Received reward signal: 0.38373622
[Agent] Making decision using full OHLCV data
[Agent] Price data: O=137.01225281 H=137.34406019 L=136.14372840 C=136.97322453 V=8842100.00000000
[Agent_Features] Generated 18 features for the latest tick.
[Agent] Exploration: Random action: HOLD
[Agent] Received reward: 0.07000000
[NeuralNetworkInterface] Received reward signal: 0.07000000
[Agent] Making decision using full OHLCV data
[Agent] Price data: O=135.93881226 H=138.31993951 L=135.56797657 C=137.59778972 V=6466300.00000000
[Agent_Features] Generated 18 features for the latest tick.
[Agent] Exploration: Random action: HOLD
[Agent] Received reward: 0.07000000
[NeuralNetworkInterface] Received reward signal: 0.07000000
[Agent] Making decision using full OHLCV data
[Agent] Price data: O=136.27059937 H=136.82685287 L=135.26545362 C=136.04615325 V=20078800.00000000
[Agent_Features] Generated 18 features for the latest tick.
[Agent] Exploration: Random action: HOLD
[Agent] Received reward: 0.07000000
[NeuralNetworkInterface] Received reward signal: 0.07000000
[Agent] Making decision using full OHLCV data
[Agent] Price data: O=138.23210144 H=138.52486568 L=135.86074240 C=137.06105939 V=8972400.00000000
[Agent_Features] Generated 18 features for the latest tick.
[Agent] Exploration: Random action: SELL
[Portfolio] Logged Trade: SELL 4.03671497 HD @ 137.06. New Cash: 6402.05, New Coins: 76.69758443
[Agent] Received reward: -0.37367328
[NeuralNetworkInterface] Received reward signal: -0.37367328
[Agent] Making decision using full OHLCV data
[Agent] Price data: O=139.09085083 H=139.41288995 L=137.86125910 C=137.98811216 V=7554100.00000000
[Agent_Features] Generated 18 features for the latest tick.
[Agent] Exploration: Random action: BUY
[Portfolio] Logged Trade: BUY 2.31978467 HD @ 137.99. New Cash: 6081.95, New Coins: 79.01736909
[Agent] Received reward: 0.38217891
[NeuralNetworkInterface] Received reward signal: 0.38217891
[Agent] Making decision using full OHLCV data
[Agent] Price data: O=139.53001404 H=139.54953563 L=138.57366475 C=139.25677138 V=4150900.00000000
[Agent_Features] Generated 18 features for the latest tick.
[Agent] Exploration: Random action: SELL
[Portfolio] Logged Trade: SELL 3.95086845 HD @ 139.26. New Cash: 6632.14, New Coins: 75.06650064
[Agent] Received reward: 0.35991437
[NeuralNetworkInterface] Received reward signal: 0.35991437
[Agent] Making decision using full OHLCV data
[Agent] Price data: O=139.87367249 H=140.30571712 L=138.15532266 C=138.86230207 V=5596000.00000000
[Agent_Features] Generated 18 features for the latest tick.
[Agent] Exploration: Random action: HOLD
[Agent] Received reward: 0.07000000
[NeuralNetworkInterface] Received reward signal: 0.07000000
[Agent] Making decision using full OHLCV data
[Agent] Price data: O=138.46952820 H=139.65763585 L=138.42042950 C=139.60853715 V=4993900.00000000
[Agent_Features] Generated 18 features for the latest tick.
[Agent] Exploration: Random action: SELL
[Portfolio] Logged Trade: SELL 3.75332503 HD @ 139.61. New Cash: 7156.13, New Coins: 71.31317561
[Agent] Received reward: 0.40218713
[NeuralNetworkInterface] Received reward signal: 0.40218713
[Agent] Making decision using full OHLCV data
[Agent] Price data: O=139.04885864 H=139.15686979 L=137.22249779 C=137.52688877 V=7396300.00000000
[Agent_Features] Generated 18 features for the latest tick.
[Agent] Exploration: Random action: HOLD
[Agent] Received reward: 0.07000000
[NeuralNetworkInterface] Received reward signal: 0.07000000
[Agent] Making decision using full OHLCV data
[Agent] Price data: O=140.94393921 H=141.64110479 L=139.44161188 C=139.82455777 V=9533700.00000000
[Agent_Features] Generated 18 features for the latest tick.
[Agent] Exploration: Random action: BUY
[Portfolio] Logged Trade: BUY 2.55896852 HD @ 139.82. New Cash: 6798.33, New Coins: 73.87214412
[Agent] Received reward: 0.38957230
[NeuralNetworkInterface] Received reward signal: 0.38957230
[Agent] Making decision using full OHLCV data
[Agent] Price data: O=140.96360779 H=142.71141396 L=140.94396531 C=141.40546621 V=10471100.00000000
[Agent_Features] Generated 18 features for the latest tick.
[Agent] Exploration: Random action: BUY
[Portfolio] Logged Trade: BUY 2.40384137 HD @ 141.41. New Cash: 6458.41, New Coins: 76.27598549
[Agent] Received reward: 0.35340236
[NeuralNetworkInterface] Received reward signal: 0.35340236
[Agent] Making decision using full OHLCV data
[Agent] Price data: O=142.25973511 H=142.79977594 L=141.39564581 C=141.54292695 V=8510000.00000000
[Agent_Features] Generated 18 features for the latest tick.
[Agent] Exploration: Random action: HOLD
[Agent] Received reward: 0.07000000
[NeuralNetworkInterface] Received reward signal: 0.07000000
[Agent] Making decision using full OHLCV data
[Agent] Price data: O=142.43646240 H=142.73103964 L=141.36617959 C=142.50520358 V=5289200.00000000
[Agent_Features] Generated 18 features for the latest tick.
[Agent] Exploration: Random action: BUY
[Portfolio] Logged Trade: BUY 2.26602598 HD @ 142.51. New Cash: 6135.49, New Coins: 78.54201147
[Agent] Received reward: -0.35916462
[NeuralNetworkInterface] Received reward signal: -0.35916462
[Agent] Making decision using full OHLCV data
[Agent] Price data: O=141.69020081 H=142.36772390 L=141.20905753 C=142.13205913 V=5854700.00000000
[Agent_Features] Generated 18 features for the latest tick.
[Agent] Exploration: Random action: SELL
[Portfolio] Logged Trade: SELL 3.92710057 HD @ 142.13. New Cash: 6693.66, New Coins: 74.61491090
[Agent] Received reward: 0.35362624
[NeuralNetworkInterface] Received reward signal: 0.35362624
[Agent] Making decision using full OHLCV data
[Agent] Price data: O=139.99151611 H=142.06334071 L=139.79512129 C=141.98480076 V=5296400.00000000
[Agent_Features] Generated 18 features for the latest tick.
[Agent] Exploration: Random action: SELL
[Portfolio] Logged Trade: SELL 3.73074555 HD @ 141.98. New Cash: 7223.37, New Coins: 70.88416536
[Agent] Received reward: 0.40179811
[NeuralNetworkInterface] Received reward signal: 0.40179811
[Agent] Making decision using full OHLCV data
[Agent] Price data: O=139.06851196 H=139.88350254 L=137.63491065 C=139.88350254 V=8031700.00000000
[Agent_Features] Generated 18 features for the latest tick.
[Agent] Exploration: Random action: HOLD
[Agent] Received reward: 0.07000000
[NeuralNetworkInterface] Received reward signal: 0.07000000
[Agent] Making decision using full OHLCV data
[Agent] Price data: O=137.32070923 H=139.66748361 L=137.21269807 C=139.66748361 V=6109900.00000000
[Agent_Features] Generated 18 features for the latest tick.
[Agent] Exploration: Random action: BUY
[Portfolio] Logged Trade: BUY 2.58591522 HD @ 139.67. New Cash: 6862.20, New Coins: 73.47008058
[Agent] Received reward: -0.37436021
[NeuralNetworkInterface] Received reward signal: -0.37436021
[Agent] Making decision using full OHLCV data
[Agent] Price data: O=138.29280090 H=138.88195545 L=137.47781027 C=138.69538935 V=7706400.00000000
[Agent_Features] Generated 18 features for the latest tick.
[Agent] Exploration: Random action: BUY
[Portfolio] Logged Trade: BUY 2.47383752 HD @ 138.70. New Cash: 6519.09, New Coins: 75.94391810
[Agent] Received reward: 0.35991089
[NeuralNetworkInterface] Received reward signal: 0.35991089
[Agent] Making decision using full OHLCV data
[Agent] Price data: O=138.70518494 H=139.96203383 L=137.73309953 C=139.08813085 V=7514500.00000000
[Agent_Features] Generated 18 features for the latest tick.
[Agent] Exploration: Random action: HOLD
[Agent] Received reward: 0.07000000
[NeuralNetworkInterface] Received reward signal: 0.07000000
[Agent] Making decision using full OHLCV data
[Agent] Price data: O=138.73464966 H=139.02922691 L=137.86074663 C=138.84266082 V=5896600.00000000
[Agent_Features] Generated 18 features for the latest tick.
[Agent] Exploration: Random action: HOLD
[Agent] Received reward: 0.07000000
[NeuralNetworkInterface] Received reward signal: 0.07000000
[Agent] Making decision using full OHLCV data
[Agent] Price data: O=140.61993408 H=140.63956158 L=138.48916716 C=138.84265686 V=7294400.00000000
[Agent_Features] Generated 18 features for the latest tick.
[Agent] Exploration: Random action: HOLD
[Agent] Received reward: 0.07000000
[NeuralNetworkInterface] Received reward signal: 0.07000000
[Agent] Making decision using full OHLCV data
[Agent] Price data: O=142.03387451 H=142.56411654 L=140.46282088 C=141.14034403 V=8139400.00000000
[Agent_Features] Generated 18 features for the latest tick.
[Agent] Exploration: Random action: HOLD
[Agent] Received reward: 0.07000000
[NeuralNetworkInterface] Received reward signal: 0.07000000
[Agent] Making decision using full OHLCV data
[Agent] Price data: O=143.74241638 H=144.48866577 L=142.54447988 C=142.95688204 V=11674100.00000000
[Agent_Features] Generated 18 features for the latest tick.
[Agent] Exploration: Random action: SELL
[Portfolio] Logged Trade: SELL 3.79719590 HD @ 142.96. New Cash: 7061.92, New Coins: 72.14672219
[Agent] Received reward: -0.35408696
[NeuralNetworkInterface] Received reward signal: -0.35408696
[Agent] Making decision using full OHLCV data
[Agent] Price data: O=142.30882263 H=144.14501244 L=141.99461787 C=143.12381324 V=6563100.00000000
[Agent_Features] Generated 18 features for the latest tick.
[Agent] Exploration: Random action: SELL
[Portfolio] Logged Trade: SELL 3.60733611 HD @ 143.12. New Cash: 7578.22, New Coins: 68.53938608
[Agent] Received reward: 0.36848893
[NeuralNetworkInterface] Received reward signal: 0.36848893
[Agent] Making decision using full OHLCV data
[Agent] Price data: O=140.42355347 H=142.37756825 L=139.76567271 C=142.36775450 V=9710700.00000000
[Agent_Features] Generated 18 features for the latest tick.
[Agent] Exploration: Random action: HOLD
[Agent] Received reward: 0.07000000
[NeuralNetworkInterface] Received reward signal: 0.07000000
[Agent] Making decision using full OHLCV data
[Agent] Price data: O=139.28454590 H=141.91606896 L=138.70520509 C=140.74758858 V=8911700.00000000
[Agent_Features] Generated 18 features for the latest tick.
[Agent] Exploration: Random action: BUY
[Portfolio] Logged Trade: BUY 2.69213077 HD @ 140.75. New Cash: 7199.31, New Coins: 71.23151686
[Agent] Received reward: -0.40738118
[NeuralNetworkInterface] Received reward signal: -0.40738118
[Agent] Making decision using full OHLCV data
[Agent] Price data: O=139.14706421 H=139.64783504 L=137.40907193 C=138.44008480 V=6539100.00000000
[Agent_Features] Generated 18 features for the latest tick.
[Agent] Exploration: Random action: HOLD
[Agent] Received reward: 0.07000000
[NeuralNetworkInterface] Received reward signal: 0.07000000
[Agent] Making decision using full OHLCV data
[Agent] Price data: O=135.79875183 H=137.69383925 L=134.55171646 C=136.62355625 V=10669700.00000000
[Agent_Features] Generated 18 features for the latest tick.
[Agent] Exploration: Random action: SELL
[Portfolio] Logged Trade: SELL 3.56157584 HD @ 136.62. New Cash: 7685.90, New Coins: 67.66994102
[Agent] Received reward: -0.38194572
[NeuralNetworkInterface] Received reward signal: -0.38194572
[Agent] Making decision using full OHLCV data
[Agent] Price data: O=139.30415344 H=139.38270837 L=135.86745397 C=137.87056720 V=18818900.00000000
[Agent_Features] Generated 18 features for the latest tick.
[Agent] Exploration: Random action: BUY
[Portfolio] Logged Trade: BUY 2.78736162 HD @ 137.87. New Cash: 7301.61, New Coins: 70.45730263
[Agent] Received reward: -0.48660014
[NeuralNetworkInterface] Received reward signal: -0.48660014
[Agent] Making decision using full OHLCV data
[Agent] Price data: O=132.42094421 H=133.41267212 L=129.86796140 C=132.48967041 V=29084500.00000000
[Agent_Features] Generated 18 features for the latest tick.
[Agent] Exploration: Random action: HOLD
[Agent] Received reward: -0.10500000
[NeuralNetworkInterface] Received reward signal: -0.10500000
[Agent] Making decision using full OHLCV data
[Agent] Price data: O=135.39614868 H=135.50415984 L=133.55014519 C=135.40596243 V=14054800.00000000
[Agent_Features] Generated 18 features for the latest tick.
[Agent] Exploration: Random action: BUY
[Portfolio] Logged Trade: BUY 2.69619125 HD @ 135.41. New Cash: 6936.53, New Coins: 73.15349388
[Agent] Received reward: -0.37030437
[NeuralNetworkInterface] Received reward signal: -0.37030437
[Agent] Making decision using full OHLCV data
[Agent] Price data: O=136.01475525 H=136.72173465 L=134.28657672 C=134.62043892 V=8811900.00000000
[Agent_Features] Generated 18 features for the latest tick.
[Agent] Exploration: Random action: BUY
[Portfolio] Logged Trade: BUY 2.57632760 HD @ 134.62. New Cash: 6589.70, New Coins: 75.72982147
[Agent] Received reward: 0.35536115
[NeuralNetworkInterface] Received reward signal: 0.35536115
[Agent] Making decision using full OHLCV data
[Agent] Price data: O=133.29486084 H=135.08195199 L=132.78426123 C=134.82664469 V=7918900.00000000
[Agent_Features] Generated 18 features for the latest tick.
[Agent] Exploration: Random action: BUY
[Portfolio] Logged Trade: BUY 2.44376796 HD @ 134.83. New Cash: 6260.22, New Coins: 78.17358943
[Agent] Received reward: -0.40888152
[NeuralNetworkInterface] Received reward signal: -0.40888152
[Agent] Making decision using full OHLCV data
[Agent] Price data: O=134.53205872 H=135.42560423 L=132.55841657 C=132.55841657 V=8145400.00000000
[Agent_Features] Generated 18 features for the latest tick.
[Agent] Exploration: Random action: BUY
[Portfolio] Logged Trade: BUY 2.36130448 HD @ 132.56. New Cash: 5947.20, New Coins: 80.53489391
[Agent] Received reward: 0.35155561
[NeuralNetworkInterface] Received reward signal: 0.35155561
[Agent] Making decision using full OHLCV data
[Agent] Price data: O=130.44731140 H=132.70570214 L=130.28037280 C=132.61733346 V=11797700.00000000
[Agent_Features] Generated 18 features for the latest tick.
[Agent] Exploration: Random action: SELL
[Portfolio] Logged Trade: SELL 4.02674470 HD @ 132.62. New Cash: 6481.22, New Coins: 76.50814922
[Agent] Received reward: 0.39042652
[NeuralNetworkInterface] Received reward signal: 0.39042652
[Agent] Making decision using full OHLCV data
[Agent] Price data: O=130.99717712 H=131.85143768 L=130.07417538 C=131.08554581 V=7590100.00000000
[Agent_Features] Generated 18 features for the latest tick.
[Agent] Exploration: Random action: BUY
[Portfolio] Logged Trade: BUY 2.47213412 HD @ 131.09. New Cash: 6157.16, New Coins: 78.98028334
[Agent] Received reward: 0.36363332
[NeuralNetworkInterface] Received reward signal: 0.36363332
[Agent] Making decision using full OHLCV data
[Agent] Price data: O=132.75480652 H=133.04938380 L=131.40958876 C=131.59615487 V=6353800.00000000
[Agent_Features] Generated 18 features for the latest tick.
[Agent] Exploration: Random action: SELL
[Portfolio] Logged Trade: SELL 3.94901417 HD @ 131.60. New Cash: 6676.84, New Coins: 75.03126917
[Agent] Received reward: 0.00000000
[NeuralNetworkInterface] Received reward signal: 0.00000000
[Simulation] Simulation run finished. Ticks processed in this run: 173

Simulation Finished in 0.02 seconds.
--------------------
  Final Portfolio  
--------------------
Cash:      $6676.84
Asset:     75.0313 DIS
Total Value: $16550.66
--------------------
Saving agent state to prefix: training_run_20250621_154302/temp_model_state/temp_agent_state
AutonomousTradingAgent::saveState called with prefix: training_run_20250621_154302/temp_model_state/temp_agent_state
[NeuralNetworkInterface] State saved successfully to training_run_20250621_154302/temp_model_state/temp_agent_state_nn_state.json_nn_state.json
[Portfolio] State saved to training_run_20250621_154302/temp_model_state/temp_agent_state_portfolio_state.json
AutonomousTradingAgent full state saved with prefix: training_run_20250621_154302/temp_model_state/temp_agent_state
Agent state saved successfully.
[Simulation] Simulation destroyed.
[AutonomousTradingAgent] Agent destroyed
[NeuralNetworkInterface] Destructor called.
[Portfolio] Destroyed for asset: HD. Final cash: 6676.84, Final assets: 75.03
