Loading data from training_run_20250621_154302/data/JPM_1d_20210821_to_20220604.csv...
Loaded 149 data points.
[Portfolio] Initialized for asset: JPM with initial cash: 10000.00. Initial Portfolio Value: 10000.00
[NeuralNetworkInterface] Constructor called.
[NeuralNetworkInterface] Initializing...
Warning: NN model path is empty. Initializing in a mock state.
[NeuralNetworkInterface] Initialized successfully.
[AutonomousTradingAgent] Agent initialized for JPM without API client (CSV mode).
Attempting to load state from prefix: training_run_20250621_154302/best_model_state/best_agent_state
AutonomousTradingAgent::loadState called with prefix: training_run_20250621_154302/best_model_state/best_agent_state
[NeuralNetworkInterface] State loaded successfully from training_run_20250621_154302/best_model_state/best_agent_state_nn_state.json_nn_state.json
[Portfolio] State loaded from training_run_20250621_154302/best_model_state/best_agent_state_portfolio_state.json
[Portfolio] Loaded State -> Asset: HD, Cash: 10995.78, Coins: 36.90852617. Initial Portfolio Value: 10000.00000000
AutonomousTradingAgent full state loaded from prefix: training_run_20250621_154302/best_model_state/best_agent_state
Agent state loaded successfully.
[Simulation] Initialized with 149 data points.
[Simulation] API client is NULL (offline/CSV mode).

Starting Simulation for JPM...
[Simulation] Starting simulation run...
[Agent] Making decision using full OHLCV data
[Agent] Price data: O=154.35925293 H=156.65918647 L=153.64108375 C=156.39554983 V=7435500.00000000
[Agent_Features] Generated 15 features for the latest tick.
[Agent] Exploration: Random action: BUY
[Portfolio] Logged Trade: BUY 3.51537364 HD @ 156.40. New Cash: 10445.99, New Coins: 40.42389981
[Agent] Received reward: -0.39557065
[NeuralNetworkInterface] Received reward signal: -0.39557065
[Agent] Making decision using full OHLCV data
[Agent] Price data: O=154.96832275 H=156.07738324 L=153.55926913 C=154.35925082 V=7173800.00000000
[Agent_Features] Generated 17 features for the latest tick.
[Agent] Exploration: Random action: BUY
[Portfolio] Logged Trade: BUY 3.38366085 HD @ 154.36. New Cash: 9923.69, New Coins: 43.80756066
[Agent] Received reward: 0.35680235
[NeuralNetworkInterface] Received reward signal: 0.35680235
[Agent] Making decision using full OHLCV data
[Agent] Price data: O=155.02287292 H=155.56831754 L=153.76835863 C=154.65925243 V=8402700.00000000
[Agent_Features] Generated 17 features for the latest tick.
[Agent] Exploration: Random action: SELL
[Portfolio] Logged Trade: SELL 2.19037803 HD @ 154.66. New Cash: 10262.45, New Coins: 41.61718263
[Agent] Received reward: 0.35267464
[NeuralNetworkInterface] Received reward signal: 0.35267464
[Agent] Making decision using full OHLCV data
[Agent] Price data: O=152.98655701 H=154.72287465 L=151.35025095 C=154.54106441 V=9574200.00000000
[Agent_Features] Generated 17 features for the latest tick.
[Agent] Exploration: Random action: HOLD
[Agent] Received reward: 0.07000000
[NeuralNetworkInterface] Received reward signal: 0.07000000
[Agent] Making decision using full OHLCV data
[Agent] Price data: O=152.76838684 H=154.62287347 L=152.18658575 C=153.54108382 V=7975600.00000000
[Agent_Features] Generated 18 features for the latest tick.
[Agent] Exploration: Random action: HOLD
[Agent] Received reward: 0.07000000
[NeuralNetworkInterface] Received reward signal: 0.07000000
[Agent] Making decision using full OHLCV data
[Agent] Price data: O=153.68650818 H=155.37736943 L=153.39561463 C=153.67742252 V=6413700.00000000
[Agent_Features] Generated 18 features for the latest tick.
[Agent] Exploration: Random action: HOLD
[Agent] Received reward: 0.07000000
[NeuralNetworkInterface] Received reward signal: 0.07000000
[Agent] Making decision using full OHLCV data
[Agent] Price data: O=152.52291870 H=153.15017575 L=151.45022870 C=152.13202742 V=7990300.00000000
[Agent_Features] Generated 18 features for the latest tick.
[Agent] Exploration: Random action: HOLD
[Agent] Received reward: 0.07000000
[NeuralNetworkInterface] Received reward signal: 0.07000000
[Agent] Making decision using full OHLCV data
[Agent] Price data: O=152.37750244 H=153.58656081 L=151.89569900 C=152.22296302 V=6999200.00000000
[Agent_Features] Generated 18 features for the latest tick.
[Agent] Exploration: Random action: BUY
[Portfolio] Logged Trade: BUY 3.37086132 HD @ 152.22. New Cash: 9749.33, New Coins: 44.98804395
[Agent] Received reward: 0.35146203
[NeuralNetworkInterface] Received reward signal: 0.35146203
[Agent] Making decision using full OHLCV data
[Agent] Price data: O=152.36836243 H=153.34105462 L=151.72292027 C=152.28654992 V=5815300.00000000
[Agent_Features] Generated 18 features for the latest tick.
[Agent] Exploration: Random action: SELL
[Portfolio] Logged Trade: SELL 2.24940220 HD @ 152.29. New Cash: 10091.88, New Coins: 42.73864175
[Agent] Received reward: -0.35271600
[NeuralNetworkInterface] Received reward signal: -0.35271600
[Agent] Making decision using full OHLCV data
[Agent] Price data: O=151.68656921 H=152.48655076 L=150.65023579 C=152.40472438 V=8113400.00000000
[Agent_Features] Generated 18 features for the latest tick.
[Agent] Exploration: Random action: SELL
[Portfolio] Logged Trade: SELL 2.13693209 HD @ 152.40. New Cash: 10417.56, New Coins: 40.60170967
[Agent] Received reward: 0.35918479
[NeuralNetworkInterface] Received reward signal: 0.35918479
[Agent] Making decision using full OHLCV data
[Agent] Price data: O=151.41387939 H=152.53202557 L=150.90480516 C=152.00478003 V=6492500.00000000
[Agent_Features] Generated 18 features for the latest tick.
[Agent] Exploration: Random action: BUY
[Portfolio] Logged Trade: BUY 3.42672109 HD @ 152.00. New Cash: 9896.68, New Coins: 44.02843075
[Agent] Received reward: -0.35314045
[NeuralNetworkInterface] Received reward signal: -0.35314045
[Agent] Making decision using full OHLCV data
[Agent] Price data: O=150.32298279 H=151.87748998 L=150.10480220 C=151.86839045 V=9706100.00000000
[Agent_Features] Generated 18 features for the latest tick.
[Agent] Exploration: Random action: SELL
[Portfolio] Logged Trade: SELL 2.20142154 HD @ 151.87. New Cash: 10231.01, New Coins: 41.82700922
[Agent] Received reward: 0.38875762
[NeuralNetworkInterface] Received reward signal: 0.38875762
[Agent] Making decision using full OHLCV data
[Agent] Price data: O=149.51394653 H=150.50482422 L=148.53215451 C=150.18665974 V=9909600.00000000
[Agent_Features] Generated 18 features for the latest tick.
[Agent] Exploration: Random action: SELL
[Portfolio] Logged Trade: SELL 2.09135046 HD @ 150.19. New Cash: 10545.10, New Coins: 39.73565876
[Agent] Received reward: 0.36737252
[NeuralNetworkInterface] Received reward signal: 0.36737252
[Agent] Making decision using full OHLCV data
[Agent] Price data: O=148.22305298 H=149.85937277 L=147.77760613 C=149.44119677 V=8122500.00000000
[Agent_Features] Generated 18 features for the latest tick.
[Agent] Exploration: Random action: HOLD
[Agent] Received reward: 0.07000000
[NeuralNetworkInterface] Received reward signal: 0.07000000
[Agent] Making decision using full OHLCV data
[Agent] Price data: O=146.28675842 H=147.36854814 L=144.95043158 C=146.63220761 V=12193600.00000000
[Agent_Features] Generated 18 features for the latest tick.
[Agent] Exploration: Random action: SELL
[Portfolio] Logged Trade: SELL 1.98678294 HD @ 146.63. New Cash: 10836.43, New Coins: 37.74887582
[Agent] Received reward: -0.41205835
[NeuralNetworkInterface] Received reward signal: -0.41205835
[Agent] Making decision using full OHLCV data
[Agent] Price data: O=149.40486145 H=150.88662820 L=148.16853230 C=149.23213685 V=14549900.00000000
[Agent_Features] Generated 18 features for the latest tick.
[Agent] Exploration: Random action: BUY
[Portfolio] Logged Trade: BUY 3.63072848 HD @ 149.23. New Cash: 10294.61, New Coins: 41.37960429
[Agent] Received reward: 0.37856919
[NeuralNetworkInterface] Received reward signal: 0.37856919
[Agent] Making decision using full OHLCV data
[Agent] Price data: O=152.97746277 H=153.23199987 L=150.33208019 C=150.45026308 V=12354400.00000000
[Agent_Features] Generated 18 features for the latest tick.
[Agent] Exploration: Random action: SELL
[Portfolio] Logged Trade: SELL 2.06898021 HD @ 150.45. New Cash: 10605.88, New Coins: 39.31062408
[Agent] Received reward: -0.41259779
[NeuralNetworkInterface] Received reward signal: -0.41259779
[Agent] Making decision using full OHLCV data
[Agent] Price data: O=151.77748108 H=154.03195814 L=151.30476345 C=153.14107842 V=9629800.00000000
[Agent_Features] Generated 18 features for the latest tick.
[Agent] Exploration: Random action: SELL
[Portfolio] Logged Trade: SELL 1.96553120 HD @ 153.14. New Cash: 10906.89, New Coins: 37.34509287
[Agent] Received reward: 0.48130710
[NeuralNetworkInterface] Received reward signal: 0.48130710
[Agent] Making decision using full OHLCV data
[Agent] Price data: O=147.20487976 H=147.85940763 L=144.37770110 C=147.39578950 V=13619300.00000000
[Agent_Features] Generated 18 features for the latest tick.
[Agent] Exploration: Random action: HOLD
[Agent] Received reward: 0.07000000
[NeuralNetworkInterface] Received reward signal: 0.07000000
[Agent] Making decision using full OHLCV data
[Agent] Price data: O=146.56857300 H=149.79575712 L=145.28680165 C=148.45943021 V=12104400.00000000
[Agent_Features] Generated 18 features for the latest tick.
[Agent] Exploration: Random action: HOLD
[Agent] Received reward: -0.10500000
[NeuralNetworkInterface] Received reward signal: -0.10500000
[Agent] Making decision using full OHLCV data
[Agent] Price data: O=144.38681030 H=146.02313024 L=143.89590738 C=144.68680345 V=18922600.00000000
[Agent_Features] Generated 18 features for the latest tick.
[Agent] Exploration: Random action: HOLD
[Agent] Received reward: 0.07000000
[NeuralNetworkInterface] Received reward signal: 0.07000000
[Agent] Making decision using full OHLCV data
[Agent] Price data: O=143.53225708 H=148.42303070 L=143.45044457 C=146.35944949 V=12253400.00000000
[Agent_Features] Generated 18 features for the latest tick.
[Agent] Exploration: Random action: SELL
[Portfolio] Logged Trade: SELL 1.86725464 HD @ 146.36. New Cash: 11180.18, New Coins: 35.47783823
[Agent] Received reward: 0.37543342
[NeuralNetworkInterface] Received reward signal: 0.37543342
[Agent] Making decision using full OHLCV data
[Agent] Price data: O=146.55041504 H=148.40490205 L=144.35956446 C=145.29590056 V=12969900.00000000
[Agent_Features] Generated 18 features for the latest tick.
[Agent] Exploration: Random action: HOLD
[Agent] Received reward: 0.07000000
[NeuralNetworkInterface] Received reward signal: 0.07000000
[Agent] Making decision using full OHLCV data
[Agent] Price data: O=143.89590454 H=147.11400267 L=142.89594128 C=146.81400953 V=12681800.00000000
[Agent_Features] Generated 18 features for the latest tick.
[Agent] Exploration: Random action: BUY
[Portfolio] Logged Trade: BUY 3.80759935 HD @ 146.81. New Cash: 10621.17, New Coins: 39.28543758
[Agent] Received reward: -0.36061919
[NeuralNetworkInterface] Received reward signal: -0.36061919
[Agent] Making decision using full OHLCV data
[Agent] Price data: O=145.59587097 H=147.82307771 L=144.95952817 C=146.36856799 V=11186500.00000000
[Agent_Features] Generated 18 features for the latest tick.
[Agent] Exploration: Random action: BUY
[Portfolio] Logged Trade: BUY 3.62822762 HD @ 146.37. New Cash: 10090.11, New Coins: 42.91366521
[Agent] Received reward: 0.36891189
[NeuralNetworkInterface] Received reward signal: 0.36891189
[Agent] Making decision using full OHLCV data
[Agent] Price data: O=147.78671265 H=148.53213878 L=146.50492759 C=147.15945554 V=9851600.00000000
[Agent_Features] Generated 18 features for the latest tick.
[Agent] Exploration: Random action: BUY
[Portfolio] Logged Trade: BUY 3.42829182 HD @ 147.16. New Cash: 9585.61, New Coins: 46.34195702
[Agent] Received reward: 0.36686443
[NeuralNetworkInterface] Received reward signal: 0.36686443
[Agent] Making decision using full OHLCV data
[Agent] Price data: O=146.09585571 H=148.42306011 L=145.60495280 C=147.86852985 V=11705700.00000000
[Agent_Features] Generated 18 features for the latest tick.
[Agent] Exploration: Random action: SELL
[Portfolio] Logged Trade: SELL 2.31709785 HD @ 147.87. New Cash: 9928.23, New Coins: 44.02485917
[Agent] Received reward: 0.41476752
[NeuralNetworkInterface] Received reward signal: 0.41476752
[Agent] Making decision using full OHLCV data
[Agent] Price data: O=145.86857605 H=146.29582384 L=144.22315675 C=145.13222175 V=11189600.00000000
[Agent_Features] Generated 18 features for the latest tick.
[Agent] Exploration: Random action: SELL
[Portfolio] Logged Trade: SELL 2.20124296 HD @ 145.13. New Cash: 10247.70, New Coins: 41.82361621
[Agent] Received reward: -0.38661197
[NeuralNetworkInterface] Received reward signal: -0.38661197
[Agent] Making decision using full OHLCV data
[Agent] Price data: O=145.28678894 H=146.99582187 L=144.65953181 C=146.65038657 V=10405400.00000000
[Agent_Features] Generated 18 features for the latest tick.
[Agent] Exploration: Random action: BUY
[Portfolio] Logged Trade: BUY 3.49392285 HD @ 146.65. New Cash: 9735.32, New Coins: 45.31753906
[Agent] Received reward: -0.38948767
[NeuralNetworkInterface] Received reward signal: -0.38948767
[Agent] Making decision using full OHLCV data
[Agent] Price data: O=143.55952454 H=145.25947143 L=142.97772357 C=144.99584871 V=12069000.00000000
[Agent_Features] Generated 18 features for the latest tick.
[Agent] Exploration: Random action: BUY
[Portfolio] Logged Trade: BUY 3.35710218 HD @ 145.00. New Cash: 9248.55, New Coins: 48.67464123
[Agent] Received reward: -0.39498364
[NeuralNetworkInterface] Received reward signal: -0.39498364
[Agent] Making decision using full OHLCV data
[Agent] Price data: O=144.65953064 H=146.25948019 L=142.99593988 C=143.13229409 V=12563600.00000000
[Agent_Features] Generated 18 features for the latest tick.
[Agent] Exploration: Random action: SELL
[Portfolio] Logged Trade: SELL 2.43373206 HD @ 143.13. New Cash: 9596.90, New Coins: 46.24090917
[Agent] Received reward: -0.40335016
[NeuralNetworkInterface] Received reward signal: -0.40335016
[Agent] Making decision using full OHLCV data
[Agent] Price data: O=143.57772827 H=145.31404575 L=143.04138325 C=145.31404575 V=14014200.00000000
[Agent_Features] Generated 18 features for the latest tick.
[Agent] Exploration: Random action: HOLD
[Agent] Received reward: 0.07000000
[NeuralNetworkInterface] Received reward signal: 0.07000000
[Agent] Making decision using full OHLCV data
[Agent] Price data: O=145.82315063 H=147.10493588 L=144.26864305 C=145.80496545 V=19542800.00000000
[Agent_Features] Generated 18 features for the latest tick.
[Agent] Exploration: Random action: BUY
[Portfolio] Logged Trade: BUY 3.29100498 HD @ 145.80. New Cash: 9117.05, New Coins: 49.53191416
[Agent] Received reward: -0.37334963
[NeuralNetworkInterface] Received reward signal: -0.37334963
[Agent] Making decision using full OHLCV data
[Agent] Price data: O=142.50503540 H=144.88679532 L=141.06871093 C=144.83225363 V=28082000.00000000
[Agent_Features] Generated 18 features for the latest tick.
[Agent] Exploration: Random action: BUY
[Portfolio] Logged Trade: BUY 3.14745240 HD @ 144.83. New Cash: 8661.20, New Coins: 52.67936656
[Agent] Received reward: -0.45566840
[NeuralNetworkInterface] Received reward signal: -0.45566840
[Agent] Making decision using full OHLCV data
[Agent] Price data: O=139.94146729 H=140.63235169 L=138.03242525 C=140.45962712 V=15148000.00000000
[Agent_Features] Generated 18 features for the latest tick.
[Agent] Exploration: Random action: SELL
[Portfolio] Logged Trade: SELL 2.63396833 HD @ 140.46. New Cash: 9031.17, New Coins: 50.04539823
[Agent] Received reward: -0.37038683
[NeuralNetworkInterface] Received reward signal: -0.37038683
[Agent] Making decision using full OHLCV data
[Agent] Price data: O=141.89593506 H=142.88681246 L=140.98687017 C=141.27777759 V=11291300.00000000
[Agent_Features] Generated 18 features for the latest tick.
[Agent] Exploration: Random action: HOLD
[Agent] Received reward: 0.07000000
[NeuralNetworkInterface] Received reward signal: 0.07000000
[Agent] Making decision using full OHLCV data
[Agent] Price data: O=142.45048523 H=142.77774919 L=141.12325807 C=141.58687624 V=7273000.00000000
[Agent_Features] Generated 18 features for the latest tick.
[Agent] Exploration: Random action: BUY
[Portfolio] Logged Trade: BUY 3.18926666 HD @ 141.59. New Cash: 8579.61, New Coins: 53.23466489
[Agent] Received reward: 0.39179789
[NeuralNetworkInterface] Received reward signal: 0.39179789
[Agent] Making decision using full OHLCV data
[Agent] Price data: O=142.95956421 H=144.65042575 L=142.91412205 C=143.27774252 V=8055200.00000000
[Agent_Features] Generated 18 features for the latest tick.
[Agent] Exploration: Random action: SELL
[Portfolio] Logged Trade: SELL 2.66173324 HD @ 143.28. New Cash: 8960.97, New Coins: 50.57293165
[Agent] Received reward: 0.35022172
[NeuralNetworkInterface] Received reward signal: 0.35022172
[Agent] Making decision using full OHLCV data
[Agent] Price data: O=143.77774048 H=143.81409698 L=142.12323533 C=143.26866624 V=6188100.00000000
[Agent_Features] Generated 18 features for the latest tick.
[Agent] Exploration: Random action: SELL
[Portfolio] Logged Trade: SELL 2.52864658 HD @ 143.27. New Cash: 9323.25, New Coins: 48.04428506
[Agent] Received reward: -0.36332413
[NeuralNetworkInterface] Received reward signal: -0.36332413
[Agent] Making decision using full OHLCV data
[Agent] Price data: O=144.21406555 H=145.58674866 L=143.70499139 C=143.81407475 V=6342300.00000000
[Agent_Features] Generated 18 features for the latest tick.
[Agent] Exploration: Random action: HOLD
[Agent] Received reward: 0.07000000
[NeuralNetworkInterface] Received reward signal: 0.07000000
[Agent] Making decision using full OHLCV data
[Agent] Price data: O=144.14135742 H=145.11406372 L=143.76863741 C=144.40499406 V=6398900.00000000
[Agent_Features] Generated 18 features for the latest tick.
[Agent] Exploration: Random action: SELL
[Portfolio] Logged Trade: SELL 2.40221425 HD @ 144.40. New Cash: 9670.14, New Coins: 45.64207081
[Agent] Received reward: -0.35572827
[NeuralNetworkInterface] Received reward signal: -0.35572827
[Agent] Making decision using full OHLCV data
[Agent] Price data: O=144.06861877 H=145.66858207 L=143.96862107 C=144.64133417 V=6948200.00000000
[Agent_Features] Generated 18 features for the latest tick.
[Agent] Exploration: Random action: HOLD
[Agent] Received reward: 0.07000000
[NeuralNetworkInterface] Received reward signal: 0.07000000
[Agent] Making decision using full OHLCV data
[Agent] Price data: O=143.95046997 H=144.80497955 L=143.59593512 C=144.04136816 V=5805900.00000000
[Agent_Features] Generated 18 features for the latest tick.
[Agent] Exploration: Random action: SELL
[Portfolio] Logged Trade: SELL 2.28210354 HD @ 144.04. New Cash: 9998.86, New Coins: 43.35996727
[Agent] Received reward: -0.38114529
[NeuralNetworkInterface] Received reward signal: -0.38114529
[Agent] Making decision using full OHLCV data
[Agent] Price data: O=146.99581909 H=147.85034248 L=145.00496437 C=145.32314269 V=13120900.00000000
[Agent_Features] Generated 18 features for the latest tick.
[Agent] Exploration: Random action: SELL
[Portfolio] Logged Trade: SELL 2.16799836 HD @ 145.32. New Cash: 10313.92, New Coins: 41.19196891
[Agent] Received reward: -0.44742923
[NeuralNetworkInterface] Received reward signal: -0.44742923
[Agent] Making decision using full OHLCV data
[Agent] Price data: O=152.56840515 H=153.25020401 L=149.29576508 C=149.36849195 V=20195800.00000000
[Agent_Features] Generated 18 features for the latest tick.
[Agent] Exploration: Random action: HOLD
[Agent] Received reward: -0.10500000
[NeuralNetworkInterface] Received reward signal: -0.10500000
[Agent] Making decision using full OHLCV data
[Agent] Price data: O=149.77912903 H=153.96760558 L=149.73340053 C=153.47377407 V=17539400.00000000
[Agent_Features] Generated 18 features for the latest tick.
[Agent] Exploration: Random action: BUY
[Portfolio] Logged Trade: BUY 3.36015719 HD @ 153.47. New Cash: 9798.22, New Coins: 44.55212610
[Agent] Received reward: -0.36897937
[NeuralNetworkInterface] Received reward signal: -0.36897937
[Agent] Making decision using full OHLCV data
[Agent] Price data: O=151.37036133 H=153.06220386 L=149.86140485 C=152.64153523 V=14047500.00000000
[Agent_Features] Generated 18 features for the latest tick.
[Agent] Exploration: Random action: SELL
[Portfolio] Logged Trade: SELL 2.22760630 HD @ 152.64. New Cash: 10138.25, New Coins: 42.32451979
[Agent] Received reward: 0.37600148
[NeuralNetworkInterface] Received reward signal: 0.37600148
[Agent] Making decision using full OHLCV data
[Agent] Price data: O=152.87019348 H=153.20855926 L=150.94970812 C=151.50756233 V=13913300.00000000
[Agent_Features] Generated 18 features for the latest tick.
[Agent] Exploration: Random action: SELL
[Portfolio] Logged Trade: SELL 2.11622599 HD @ 151.51. New Cash: 10458.87, New Coins: 40.20829380
[Agent] Received reward: -0.42182988
[NeuralNetworkInterface] Received reward signal: -0.42182988
[Agent] Making decision using full OHLCV data
[Agent] Price data: O=153.01652527 H=154.83639963 L=151.37953701 C=154.61692515 V=12922500.00000000
[Agent_Features] Generated 18 features for the latest tick.
[Agent] Exploration: Random action: SELL
[Portfolio] Logged Trade: SELL 2.01041469 HD @ 154.62. New Cash: 10769.72, New Coins: 38.19787911
[Agent] Received reward: 0.36676902
[NeuralNetworkInterface] Received reward signal: 0.36676902
[Agent] Making decision using full OHLCV data
[Agent] Price data: O=153.17196655 H=154.11391493 L=152.09283269 C=153.87613234 V=11854100.00000000
[Agent_Features] Generated 18 features for the latest tick.
[Agent] Exploration: Random action: BUY
[Portfolio] Logged Trade: BUY 3.49947635 HD @ 153.88. New Cash: 10231.23, New Coins: 41.69735547
[Agent] Received reward: 0.35416092
[NeuralNetworkInterface] Received reward signal: 0.35416092
[Agent] Making decision using full OHLCV data
[Agent] Price data: O=154.04077148 H=155.09245721 L=152.88847468 C=154.05906568 V=12568000.00000000
[Agent_Features] Generated 18 features for the latest tick.
[Agent] Exploration: Random action: HOLD
[Agent] Received reward: 0.07000000
[NeuralNetworkInterface] Received reward signal: 0.07000000
[Agent] Making decision using full OHLCV data
[Agent] Price data: O=153.84870911 H=155.29364312 L=153.53777765 C=153.94930622 V=13623400.00000000
[Agent_Features] Generated 18 features for the latest tick.
[Agent] Exploration: Random action: HOLD
[Agent] Received reward: -0.10500000
[NeuralNetworkInterface] Received reward signal: -0.10500000
[Agent] Making decision using full OHLCV data
[Agent] Price data: O=144.39263916 H=147.26421304 L=143.48726512 C=147.01729032 V=40158400.00000000
[Agent_Features] Generated 18 features for the latest tick.
[Agent] Exploration: Random action: HOLD
[Agent] Received reward: -0.10500000
[NeuralNetworkInterface] Received reward signal: -0.10500000
[Agent] Making decision using full OHLCV data
[Agent] Price data: O=138.33853149 H=142.46298446 L=137.67092625 C=142.46298446 V=32324800.00000000
[Agent_Features] Generated 18 features for the latest tick.
[Agent] Exploration: Random action: SELL
[Portfolio] Logged Trade: SELL 2.08486777 HD @ 142.46. New Cash: 10528.25, New Coins: 39.61248769
[Agent] Received reward: 0.44458784
[NeuralNetworkInterface] Received reward signal: 0.44458784
[Agent] Making decision using full OHLCV data
[Agent] Price data: O=136.19857788 H=139.21647719 L=135.85107201 C=138.61290850 V=22380000.00000000
[Agent_Features] Generated 18 features for the latest tick.
[Agent] Exploration: Random action: SELL
[Portfolio] Logged Trade: SELL 1.98062438 HD @ 138.61. New Cash: 10802.79, New Coins: 37.63186331
[Agent] Received reward: 0.40957608
[NeuralNetworkInterface] Received reward signal: 0.40957608
[Agent] Making decision using full OHLCV data
[Agent] Price data: O=135.03717041 H=137.73498452 L=134.76281336 C=136.25347597 V=14860800.00000000
[Agent_Features] Generated 18 features for the latest tick.
[Agent] Exploration: Random action: HOLD
[Agent] Received reward: 0.07000000
[NeuralNetworkInterface] Received reward signal: 0.07000000
[Agent] Making decision using full OHLCV data
[Agent] Price data: O=132.67767334 H=134.89993534 L=131.93691934 C=134.89079522 V=20705400.00000000
[Agent_Features] Generated 18 features for the latest tick.
[Agent] Exploration: Random action: SELL
[Portfolio] Logged Trade: SELL 1.88159317 HD @ 134.89. New Cash: 11056.60, New Coins: 35.75027014
[Agent] Received reward: 0.47386379
[NeuralNetworkInterface] Received reward signal: 0.47386379
[Agent] Making decision using full OHLCV data
[Agent] Price data: O=132.55880737 H=133.04349870 L=127.63873132 C=130.11705656 V=28471400.00000000
[Agent_Features] Generated 18 features for the latest tick.
[Agent] Exploration: Random action: HOLD
[Agent] Received reward: 0.07000000
[NeuralNetworkInterface] Received reward signal: 0.07000000
[Agent] Making decision using full OHLCV data
[Agent] Price data: O=134.00372314 H=134.29637430 L=128.75440824 C=131.36991860 V=18915900.00000000
[Agent_Features] Generated 18 features for the latest tick.
[Agent] Exploration: Random action: HOLD
[Agent] Received reward: -0.10500000
[NeuralNetworkInterface] Received reward signal: -0.10500000
[Agent] Making decision using full OHLCV data
[Agent] Price data: O=135.27490234 H=137.69837269 L=133.48246281 C=136.00651630 V=20709100.00000000
[Agent_Features] Generated 18 features for the latest tick.
[Agent] Exploration: Random action: HOLD
[Agent] Received reward: 0.07000000
[NeuralNetworkInterface] Received reward signal: 0.07000000
[Agent] Making decision using full OHLCV data
[Agent] Price data: O=132.88803101 H=137.52462382 L=131.80891115 C=136.64668421 V=17536800.00000000
[Agent_Features] Generated 18 features for the latest tick.
[Agent] Exploration: Random action: SELL
[Portfolio] Logged Trade: SELL 1.78751351 HD @ 136.65. New Cash: 11300.86, New Coins: 33.96275664
[Agent] Received reward: 0.47250649
[NeuralNetworkInterface] Received reward signal: 0.47250649
[Agent] Making decision using full OHLCV data
[Agent] Price data: O=134.07691956 H=134.21409110 L=130.01647451 C=131.86379700 V=14117000.00000000
[Agent_Features] Generated 18 features for the latest tick.
[Agent] Exploration: Random action: SELL
[Portfolio] Logged Trade: SELL 1.69813783 HD @ 131.86. New Cash: 11524.78, New Coins: 32.26461880
[Agent] Received reward: -0.38519607
[NeuralNetworkInterface] Received reward signal: -0.38519607
[Agent] Making decision using full OHLCV data
[Agent] Price data: O=135.89678955 H=136.07053549 L=132.30274218 C=133.18982190 V=13985700.00000000
[Agent_Features] Generated 18 features for the latest tick.
[Agent] Exploration: Random action: BUY
[Portfolio] Logged Trade: BUY 4.32644874 HD @ 133.19. New Cash: 10948.54, New Coins: 36.59106754
[Agent] Received reward: 0.42329846
[NeuralNetworkInterface] Received reward signal: 0.42329846
[Agent] Making decision using full OHLCV data
[Agent] Price data: O=138.22883606 H=138.52148734 L=135.62247858 C=135.97913861 V=14584900.00000000
[Agent_Features] Generated 18 features for the latest tick.
[Agent] Exploration: Random action: SELL
[Portfolio] Logged Trade: SELL 1.82955338 HD @ 135.98. New Cash: 11197.32, New Coins: 34.76151416
[Agent] Received reward: -0.39260464
[NeuralNetworkInterface] Received reward signal: -0.39260464
[Agent] Making decision using full OHLCV data
[Agent] Price data: O=137.12225342 H=138.03676756 L=135.41211643 C=137.63437911 V=12441100.00000000
[Agent_Features] Generated 18 features for the latest tick.
[Agent] Exploration: Random action: SELL
[Portfolio] Logged Trade: SELL 1.73807571 HD @ 137.63. New Cash: 11436.54, New Coins: 33.02343846
[Agent] Received reward: 0.36162791
[NeuralNetworkInterface] Received reward signal: 0.36162791
[Agent] Making decision using full OHLCV data
[Agent] Price data: O=135.98825073 H=138.68606467 L=135.61329658 C=137.17712191 V=12474900.00000000
[Agent_Features] Generated 18 features for the latest tick.
[Agent] Exploration: Random action: HOLD
[Agent] Received reward: 0.07000000
[NeuralNetworkInterface] Received reward signal: 0.07000000
[Agent] Making decision using full OHLCV data
[Agent] Price data: O=139.51826477 H=140.37791023 L=136.05226257 C=136.35405389 V=16654400.00000000
[Agent_Features] Generated 18 features for the latest tick.
[Agent] Exploration: Random action: HOLD
[Agent] Received reward: -0.10500000
[NeuralNetworkInterface] Received reward signal: -0.10500000
[Agent] Making decision using full OHLCV data
[Agent] Price data: O=139.98469543 H=140.48766708 L=137.95447279 C=140.16759548 V=12572300.00000000
[Agent_Features] Generated 18 features for the latest tick.
[Agent] Exploration: Random action: HOLD
[Agent] Received reward: 0.07000000
[NeuralNetworkInterface] Received reward signal: 0.07000000
[Agent] Making decision using full OHLCV data
[Agent] Price data: O=142.61846924 H=144.93218876 L=141.56678362 C=141.74968365 V=20411400.00000000
[Agent_Features] Generated 18 features for the latest tick.
[Agent] Exploration: Random action: BUY
[Portfolio] Logged Trade: BUY 4.03406186 HD @ 141.75. New Cash: 10864.71, New Coins: 37.05750032
[Agent] Received reward: 0.38590300
[NeuralNetworkInterface] Received reward signal: 0.38590300
[Agent] Making decision using full OHLCV data
[Agent] Price data: O=143.21290588 H=143.97194027 L=142.49958604 C=143.20375181 V=9131100.00000000
[Agent_Features] Generated 18 features for the latest tick.
[Agent] Exploration: Random action: HOLD
[Agent] Received reward: 0.07000000
[NeuralNetworkInterface] Received reward signal: 0.07000000
[Agent] Making decision using full OHLCV data
[Agent] Price data: O=142.61846924 H=145.43517430 L=141.95087786 C=143.26778038 V=16455600.00000000
[Agent_Features] Generated 18 features for the latest tick.
[Agent] Exploration: Random action: SELL
[Portfolio] Logged Trade: SELL 1.85287502 HD @ 143.27. New Cash: 11130.17, New Coins: 35.20462530
[Agent] Received reward: 0.37345847
[NeuralNetworkInterface] Received reward signal: 0.37345847
[Agent] Making decision using full OHLCV data
[Agent] Price data: O=140.76200867 H=144.66698778 L=139.89322306 C=142.30753973 V=16830000.00000000
[Agent_Features] Generated 18 features for the latest tick.
[Agent] Exploration: Random action: BUY
[Portfolio] Logged Trade: BUY 3.91060452 HD @ 142.31. New Cash: 10573.66, New Coins: 39.11522982
[Agent] Received reward: -0.41477721
[NeuralNetworkInterface] Received reward signal: -0.41477721
[Agent] Making decision using full OHLCV data
[Agent] Price data: O=139.45426941 H=140.54252954 L=137.46977535 C=139.67374388 V=17026500.00000000
[Agent_Features] Generated 18 features for the latest tick.
[Agent] Exploration: Random action: SELL
[Portfolio] Logged Trade: SELL 1.95576149 HD @ 139.67. New Cash: 10846.83, New Coins: 37.15946833
[Agent] Received reward: -0.39079027
[NeuralNetworkInterface] Received reward signal: -0.39079027
[Agent] Making decision using full OHLCV data
[Agent] Price data: O=141.49360657 H=142.60931476 L=140.69798386 C=141.30155249 V=9500000.00000000
[Agent_Features] Generated 18 features for the latest tick.
[Agent] Exploration: Random action: HOLD
[Agent] Received reward: 0.07000000
[NeuralNetworkInterface] Received reward signal: 0.07000000
[Agent] Making decision using full OHLCV data
[Agent] Price data: O=141.74969482 H=142.75566598 L=140.59741201 C=140.59741201 V=9076500.00000000
[Agent_Features] Generated 18 features for the latest tick.
[Agent] Exploration: Random action: BUY
[Portfolio] Logged Trade: BUY 3.85740748 HD @ 140.60. New Cash: 10304.49, New Coins: 41.01687581
[Agent] Received reward: -0.36684660
[NeuralNetworkInterface] Received reward signal: -0.36684660
[Agent] Making decision using full OHLCV data
[Agent] Price data: O=138.48487854 H=140.58826399 L=137.78985277 C=139.92067253 V=11367500.00000000
[Agent_Features] Generated 18 features for the latest tick.
[Agent] Exploration: Random action: SELL
[Portfolio] Logged Trade: SELL 2.05084379 HD @ 139.92. New Cash: 10591.44, New Coins: 38.96603202
[Agent] Received reward: 0.36990233
[NeuralNetworkInterface] Received reward signal: 0.36990233
[Agent] Making decision using full OHLCV data
[Agent] Price data: O=139.13417053 H=140.96319868 L=138.21051634 C=139.12503042 V=11733300.00000000
[Agent_Features] Generated 18 features for the latest tick.
[Agent] Exploration: Random action: HOLD
[Agent] Received reward: 0.07000000
[NeuralNetworkInterface] Received reward signal: 0.07000000
[Agent] Making decision using full OHLCV data
[Agent] Price data: O=138.88725281 H=140.14014662 L=137.55207003 C=137.72582994 V=11333500.00000000
[Agent_Features] Generated 18 features for the latest tick.
[Agent] Exploration: Random action: SELL
[Portfolio] Logged Trade: SELL 1.94830160 HD @ 137.73. New Cash: 10859.78, New Coins: 37.01773042
[Agent] Received reward: -0.40856604
[NeuralNetworkInterface] Received reward signal: -0.40856604
[Agent] Making decision using full OHLCV data
[Agent] Price data: O=135.97912598 H=140.19503722 L=135.32067460 C=140.03041740 V=11799000.00000000
[Agent_Features] Generated 18 features for the latest tick.
[Agent] Exploration: Random action: BUY
[Portfolio] Logged Trade: BUY 3.87764879 HD @ 140.03. New Cash: 10316.79, New Coins: 40.89537921
[Agent] Received reward: -0.58269387
[NeuralNetworkInterface] Received reward signal: -0.58269387
[Agent] Making decision using full OHLCV data
[Agent] Price data: O=132.19300842 H=132.59539684 L=127.83077251 C=130.72064025 V=25655100.00000000
[Agent_Features] Generated 18 features for the latest tick.
[Agent] Exploration: Random action: HOLD
[Agent] Received reward: 0.07000000
[NeuralNetworkInterface] Received reward signal: 0.07000000
[Agent] Making decision using full OHLCV data
[Agent] Price data: O=135.32063293 H=137.29598645 L=132.52222243 C=132.83315383 V=18367700.00000000
[Agent_Features] Generated 18 features for the latest tick.
[Agent] Exploration: Random action: HOLD
[Agent] Received reward: 0.07000000
[NeuralNetworkInterface] Received reward signal: 0.07000000
[Agent] Making decision using full OHLCV data
[Agent] Price data: O=129.67811584 H=132.65942710 L=128.83676446 C=131.27851569 V=31315300.00000000
[Agent_Features] Generated 18 features for the latest tick.
[Agent] Exploration: Random action: BUY
[Portfolio] Logged Trade: BUY 3.92935079 HD @ 131.28. New Cash: 9800.95, New Coins: 44.82473000
[Agent] Received reward: -0.43558032
[NeuralNetworkInterface] Received reward signal: -0.43558032
[Agent] Making decision using full OHLCV data
[Agent] Price data: O=124.78545380 H=128.47094473 L=122.16080263 C=128.06855627 V=36840400.00000000
[Agent_Features] Generated 18 features for the latest tick.
[Agent] Exploration: Random action: BUY
[Portfolio] Logged Trade: BUY 3.82644567 HD @ 128.07. New Cash: 9310.90, New Coins: 48.65117567
[Agent] Received reward: -0.41873045
[NeuralNetworkInterface] Received reward signal: -0.41873045
[Agent] Making decision using full OHLCV data
[Agent] Price data: O=127.37352753 H=128.06855325 L=124.93177646 C=125.55363938 V=19405600.00000000
[Agent_Features] Generated 18 features for the latest tick.
[Agent] Exploration: Random action: HOLD
[Agent] Received reward: 0.07000000
[NeuralNetworkInterface] Received reward signal: 0.07000000
[Agent] Making decision using full OHLCV data
[Agent] Price data: O=126.46815491 H=128.92820019 L=125.34330642 C=127.88565462 V=16640800.00000000
[Agent_Features] Generated 18 features for the latest tick.
[Agent] Exploration: Random action: HOLD
[Agent] Received reward: -0.10500000
[NeuralNetworkInterface] Received reward signal: -0.10500000
[Agent] Making decision using full OHLCV data
[Agent] Price data: O=122.91069794 H=123.84350629 L=121.08166961 C=123.40454340 V=21016000.00000000
[Agent_Features] Generated 18 features for the latest tick.
[Agent] Exploration: Random action: BUY
[Portfolio] Logged Trade: BUY 3.77251105 HD @ 123.40. New Cash: 8845.36, New Coins: 52.42368672
[Agent] Received reward: -0.42184703
[NeuralNetworkInterface] Received reward signal: -0.42184703
[Agent] Making decision using full OHLCV data
[Agent] Price data: O=118.16437531 H=121.34688053 L=117.92659270 C=120.87132928 V=27560100.00000000
[Agent_Features] Generated 18 features for the latest tick.
[Agent] Exploration: Random action: BUY
[Portfolio] Logged Trade: BUY 3.65899636 HD @ 120.87. New Cash: 8403.09, New Coins: 56.08268308
[Agent] Received reward: -0.41699666
[NeuralNetworkInterface] Received reward signal: -0.41699666
[Agent] Making decision using full OHLCV data
[Agent] Price data: O=117.33217621 H=120.52382188 L=116.39022071 C=118.55762190 V=19207800.00000000
[Agent_Features] Generated 18 features for the latest tick.
[Agent] Exploration: Random action: SELL
[Portfolio] Logged Trade: SELL 2.80413415 HD @ 118.56. New Cash: 8735.54, New Coins: 53.27854892
[Agent] Received reward: -0.43801250
[NeuralNetworkInterface] Received reward signal: -0.43801250
[Agent] Making decision using full OHLCV data
[Agent] Price data: O=122.03276825 H=123.67889648 L=121.11825412 C=121.53892280 V=17536200.00000000
[Agent_Features] Generated 18 features for the latest tick.
[Agent] Exploration: Random action: SELL
[Portfolio] Logged Trade: SELL 2.66392745 HD @ 121.54. New Cash: 9059.31, New Coins: 50.61462148
[Agent] Received reward: 0.37738897
[NeuralNetworkInterface] Received reward signal: 0.37738897
[Agent] Making decision using full OHLCV data
[Agent] Price data: O=120.58782959 H=122.04190366 L=119.17948402 C=120.58782959 V=15604200.00000000
[Agent_Features] Generated 18 features for the latest tick.
[Agent] Exploration: Random action: BUY
[Portfolio] Logged Trade: BUY 3.75631177 HD @ 120.59. New Cash: 8606.34, New Coins: 54.37093324
[Agent] Received reward: 0.36672257
[NeuralNetworkInterface] Received reward signal: 0.36672257
[Agent] Making decision using full OHLCV data
[Agent] Price data: O=117.87172699 H=122.61805761 L=117.44190423 C=121.16398348 V=20061800.00000000
[Agent_Features] Generated 18 features for the latest tick.
[Agent] Exploration: Random action: HOLD
[Agent] Received reward: -0.10500000
[NeuralNetworkInterface] Received reward signal: -0.10500000
[Agent] Making decision using full OHLCV data
[Agent] Price data: O=119.04229736 H=121.55721111 L=118.18265189 C=118.39300017 V=15786900.00000000
[Agent_Features] Generated 18 features for the latest tick.
[Agent] Exploration: Random action: HOLD
[Agent] Received reward: 0.07000000
[NeuralNetworkInterface] Received reward signal: 0.07000000
[Agent] Making decision using full OHLCV data
[Agent] Price data: O=121.15483856 H=122.13337546 L=119.92025275 C=120.53297560 V=15096600.00000000
[Agent_Features] Generated 18 features for the latest tick.
[Agent] Exploration: Random action: BUY
[Portfolio] Logged Trade: BUY 3.57012019 HD @ 120.53. New Cash: 8176.03, New Coins: 57.94105343
[Agent] Received reward: 0.43152382
[NeuralNetworkInterface] Received reward signal: 0.43152382
[Agent] Making decision using full OHLCV data
[Agent] Price data: O=126.56872559 H=126.65104245 L=122.93810407 C=123.34049245 V=20354900.00000000
[Agent_Features] Generated 18 features for the latest tick.
[Agent] Exploration: Random action: BUY
[Portfolio] Logged Trade: BUY 3.31441314 HD @ 123.34. New Cash: 7767.23, New Coins: 61.25546657
[Agent] Received reward: 0.40164298
[NeuralNetworkInterface] Received reward signal: 0.40164298
[Agent] Making decision using full OHLCV data
[Agent] Price data: O=128.16914368 H=128.20573205 L=124.30075300 C=125.16039847 V=17050500.00000000
[Agent_Features] Generated 18 features for the latest tick.
[Agent] Exploration: Random action: HOLD
[Agent] Received reward: -0.10500000
[NeuralNetworkInterface] Received reward signal: -0.10500000
[Agent] Making decision using full OHLCV data
[Agent] Price data: O=128.12342834 H=128.80931391 L=126.62362581 C=128.20573126 V=23656500.00000000
[Agent_Features] Generated 18 features for the latest tick.
[Agent] Exploration: Random action: BUY
[Portfolio] Logged Trade: BUY 3.02920375 HD @ 128.21. New Cash: 7378.86, New Coins: 64.28467031
[Agent] Received reward: 0.35399565
[NeuralNetworkInterface] Received reward signal: 0.35399565
[Agent] Making decision using full OHLCV data
[Agent] Price data: O=127.71192169 H=128.72703317 L=126.87057018 C=128.35209289 V=12676100.00000000
[Agent_Features] Generated 18 features for the latest tick.
[Agent] Exploration: Random action: HOLD
[Agent] Received reward: 0.07000000
[NeuralNetworkInterface] Received reward signal: 0.07000000
[Agent] Making decision using full OHLCV data
[Agent] Price data: O=130.42797852 H=131.62598959 L=129.60492152 C=130.10790700 V=13548600.00000000
[Agent_Features] Generated 18 features for the latest tick.
[Agent] Exploration: Random action: BUY
[Portfolio] Logged Trade: BUY 2.83567099 HD @ 130.11. New Cash: 7009.92, New Coins: 67.12034130
[Agent] Received reward: -0.38173516
[NeuralNetworkInterface] Received reward signal: -0.38173516
[Agent] Making decision using full OHLCV data
[Agent] Price data: O=127.83078003 H=129.48604832 L=127.30036018 C=128.92819416 V=12093200.00000000
[Agent_Features] Generated 18 features for the latest tick.
[Agent] Exploration: Random action: BUY
[Portfolio] Logged Trade: BUY 2.71853692 HD @ 128.93. New Cash: 6659.43, New Coins: 69.83887823
[Agent] Received reward: -0.36688115
[NeuralNetworkInterface] Received reward signal: -0.36688115
[Agent] Making decision using full OHLCV data
[Agent] Price data: O=128.66300964 H=128.68130384 L=127.21807548 C=128.30634965 V=10017600.00000000
[Agent_Features] Generated 18 features for the latest tick.
[Agent] Exploration: Random action: SELL
[Portfolio] Logged Trade: SELL 3.49194391 HD @ 128.31. New Cash: 7107.46, New Coins: 66.34693432
[Agent] Received reward: -0.36970716
[NeuralNetworkInterface] Received reward signal: -0.36970716
[Agent] Making decision using full OHLCV data
[Agent] Price data: O=129.78784180 H=130.94012456 L=128.76359045 C=129.02879341 V=8383500.00000000
[Agent_Features] Generated 18 features for the latest tick.
[Agent] Exploration: Random action: SELL
[Portfolio] Logged Trade: SELL 3.31734672 HD @ 129.03. New Cash: 7535.50, New Coins: 63.02958760
[Agent] Received reward: 0.37703961
[NeuralNetworkInterface] Received reward signal: 0.37703961
[Agent] Making decision using full OHLCV data
[Agent] Price data: O=128.82759094 H=128.91904793 L=126.11148307 C=128.03196818 V=10818100.00000000
[Agent_Features] Generated 18 features for the latest tick.
[Agent] Exploration: Random action: SELL
[Portfolio] Logged Trade: SELL 3.15147938 HD @ 128.03. New Cash: 7938.99, New Coins: 59.87810822
[Agent] Received reward: -0.43375046
[NeuralNetworkInterface] Received reward signal: -0.43375046
[Agent] Making decision using full OHLCV data
[Agent] Price data: O=129.11109924 H=131.32423574 L=128.25146768 C=131.09560720 V=11316500.00000000
[Agent_Features] Generated 18 features for the latest tick.
[Agent] Exploration: Random action: BUY
[Portfolio] Logged Trade: BUY 3.02793784 HD @ 131.10. New Cash: 7542.04, New Coins: 62.90604606
[Agent] Received reward: -0.38540338
[NeuralNetworkInterface] Received reward signal: -0.38540338
[Agent] Making decision using full OHLCV data
[Agent] Price data: O=128.52580261 H=129.97073653 L=127.94966823 C=129.76954232 V=8771000.00000000
[Agent_Features] Generated 18 features for the latest tick.
[Agent] Exploration: Random action: SELL
[Portfolio] Logged Trade: SELL 3.14530230 HD @ 129.77. New Cash: 7950.20, New Coins: 59.76074376
[Agent] Received reward: 0.40105629
[NeuralNetworkInterface] Received reward signal: 0.40105629
[Agent] Making decision using full OHLCV data
[Agent] Price data: O=124.66658783 H=128.35207910 L=124.61170525 C=127.87652779 V=17353900.00000000
[Agent_Features] Generated 18 features for the latest tick.
[Agent] Exploration: Random action: BUY
[Portfolio] Logged Trade: BUY 3.10854628 HD @ 127.88. New Cash: 7552.69, New Coins: 62.86929004
[Agent] Received reward: -0.41082489
[NeuralNetworkInterface] Received reward signal: -0.41082489
[Agent] Making decision using full OHLCV data
[Agent] Price data: O=123.74288940 H=125.66337442 L=122.36197826 C=125.65422035 V=15721300.00000000
[Agent_Features] Generated 18 features for the latest tick.
[Agent] Exploration: Random action: BUY
[Portfolio] Logged Trade: BUY 3.00534752 HD @ 125.65. New Cash: 7175.06, New Coins: 65.87463756
[Agent] Received reward: -0.43355124
[NeuralNetworkInterface] Received reward signal: -0.43355124
[Agent] Making decision using full OHLCV data
[Agent] Price data: O=124.29161835 H=125.23356678 L=121.52978178 C=122.65463025 V=17416400.00000000
[Agent_Features] Generated 18 features for the latest tick.
[Agent] Exploration: Random action: HOLD
[Agent] Received reward: 0.07000000
[NeuralNetworkInterface] Received reward signal: 0.07000000
[Agent] Making decision using full OHLCV data
[Agent] Price data: O=122.84518433 H=124.74304533 L=122.54115600 C=123.51773822 V=12110300.00000000
[Agent_Features] Generated 18 features for the latest tick.
[Agent] Exploration: Random action: BUY
[Portfolio] Logged Trade: BUY 2.90446437 HD @ 123.52. New Cash: 6816.30, New Coins: 68.77910192
[Agent] Received reward: -0.41500329
[NeuralNetworkInterface] Received reward signal: -0.41500329
[Agent] Making decision using full OHLCV data
[Agent] Price data: O=121.14080811 H=122.12658420 L=120.65252399 C=121.22372109 V=12914700.00000000
[Agent_Features] Generated 18 features for the latest tick.
[Agent] Exploration: Random action: SELL
[Portfolio] Logged Trade: SELL 3.43895510 HD @ 121.22. New Cash: 7233.19, New Coins: 65.34014683
[Agent] Received reward: 0.36675879
[NeuralNetworkInterface] Received reward signal: 0.36675879
[Agent] Making decision using full OHLCV data
[Agent] Price data: O=120.77225494 H=121.53692956 L=118.59800364 C=120.64327453 V=12994200.00000000
[Agent_Features] Generated 18 features for the latest tick.
[Agent] Exploration: Random action: BUY
[Portfolio] Logged Trade: BUY 2.99775826 HD @ 120.64. New Cash: 6871.53, New Coins: 68.33790508
[Agent] Received reward: 0.36924430
[NeuralNetworkInterface] Received reward signal: 0.36924430
[Agent] Making decision using full OHLCV data
[Agent] Price data: O=122.98337555 H=123.36109490 L=121.14079003 C=121.30661598 V=13126900.00000000
[Agent_Features] Generated 18 features for the latest tick.
[Agent] Exploration: Random action: SELL
[Portfolio] Logged Trade: SELL 3.41689525 HD @ 121.31. New Cash: 7286.02, New Coins: 64.92100983
[Agent] Received reward: -0.38535379
[NeuralNetworkInterface] Received reward signal: -0.38535379
[Agent] Making decision using full OHLCV data
[Agent] Price data: O=122.53194427 H=124.28239500 L=122.13579511 C=122.53194427 V=10466400.00000000
[Agent_Features] Generated 18 features for the latest tick.
[Agent] Exploration: Random action: SELL
[Portfolio] Logged Trade: SELL 3.24605049 HD @ 122.53. New Cash: 7683.76, New Coins: 61.67495934
[Agent] Received reward: 0.37263113
[NeuralNetworkInterface] Received reward signal: 0.37263113
[Agent] Making decision using full OHLCV data
[Agent] Price data: O=121.18686676 H=123.98760516 L=120.41298407 C=121.73964815 V=12989900.00000000
[Agent_Features] Generated 18 features for the latest tick.
[Agent] Exploration: Random action: HOLD
[Agent] Received reward: -0.10500000
[NeuralNetworkInterface] Received reward signal: -0.10500000
[Agent] Making decision using full OHLCV data
[Agent] Price data: O=117.28056335 H=119.07708131 L=116.09209493 C=116.94889742 V=30838000.00000000
[Agent_Features] Generated 18 features for the latest tick.
[Agent] Exploration: Random action: HOLD
[Agent] Received reward: 0.07000000
[NeuralNetworkInterface] Received reward signal: 0.07000000
[Agent] Making decision using full OHLCV data
[Agent] Price data: O=116.19345093 H=118.20186952 L=115.18002322 C=116.54353966 V=18835200.00000000
[Agent_Features] Generated 18 features for the latest tick.
[Agent] Exploration: Random action: SELL
[Portfolio] Logged Trade: SELL 3.08374797 HD @ 116.54. New Cash: 8043.16, New Coins: 58.59121137
[Agent] Received reward: 0.37296488
[NeuralNetworkInterface] Received reward signal: 0.37296488
[Agent] Making decision using full OHLCV data
[Agent] Price data: O=118.34926605 H=119.06787323 L=115.65908603 C=115.77885156 V=11834400.00000000
[Agent_Features] Generated 18 features for the latest tick.
[Agent] Exploration: Random action: SELL
[Portfolio] Logged Trade: SELL 2.92956057 HD @ 115.78. New Cash: 8382.34, New Coins: 55.66165080
[Agent] Received reward: -0.42742526
[NeuralNetworkInterface] Received reward signal: -0.42742526
[Agent] Making decision using full OHLCV data
[Agent] Price data: O=120.79990387 H=120.98417367 L=118.13736832 C=118.34005385 V=15015400.00000000
[Agent_Features] Generated 18 features for the latest tick.
[Agent] Exploration: Random action: BUY
[Portfolio] Logged Trade: BUY 3.54163140 HD @ 118.34. New Cash: 7963.22, New Coins: 59.20328220
[Agent] Received reward: 0.46089952
[NeuralNetworkInterface] Received reward signal: 0.46089952
[Agent] Making decision using full OHLCV data
[Agent] Price data: O=121.22370911 H=123.00179747 L=121.00259377 C=122.08972659 V=13430200.00000000
[Agent_Features] Generated 18 features for the latest tick.
[Agent] Exploration: Random action: HOLD
[Agent] Received reward: 0.07000000
[NeuralNetworkInterface] Received reward signal: 0.07000000
[Agent] Making decision using full OHLCV data
[Agent] Price data: O=120.28400421 H=122.35691333 L=119.73123688 C=121.81335387 V=12174200.00000000
[Agent_Features] Generated 18 features for the latest tick.
[Agent] Exploration: Random action: BUY
[Portfolio] Logged Trade: BUY 3.26861543 HD @ 121.81. New Cash: 7565.06, New Coins: 62.47189764
[Agent] Received reward: -0.40135457
[NeuralNetworkInterface] Received reward signal: -0.40135457
[Agent] Making decision using full OHLCV data
[Agent] Price data: O=116.82913208 H=120.24713439 L=116.71858145 C=120.02601907 V=14318800.00000000
[Agent_Features] Generated 18 features for the latest tick.
[Agent] Exploration: Random action: BUY
[Portfolio] Logged Trade: BUY 3.15142467 HD @ 120.03. New Cash: 7186.81, New Coins: 65.62332231
[Agent] Received reward: -0.46471386
[NeuralNetworkInterface] Received reward signal: -0.46471386
[Agent] Making decision using full OHLCV data
[Agent] Price data: O=116.79229736 H=117.11475550 L=113.42036902 C=116.09211982 V=17149000.00000000
[Agent_Features] Generated 18 features for the latest tick.
[Agent] Exploration: Random action: SELL
[Portfolio] Logged Trade: SELL 3.28116612 HD @ 116.09. New Cash: 7567.72, New Coins: 62.34215620
[Agent] Received reward: 0.38805264
[NeuralNetworkInterface] Received reward signal: 0.38805264
[Agent] Making decision using full OHLCV data
[Agent] Price data: O=113.33744812 H=116.46063748 L=113.19925981 C=114.82994513 V=17209500.00000000
[Agent_Features] Generated 18 features for the latest tick.
[Agent] Exploration: Random action: SELL
[Portfolio] Logged Trade: SELL 3.11710781 HD @ 114.83. New Cash: 7925.66, New Coins: 59.22504839
[Agent] Received reward: 0.41486700
[NeuralNetworkInterface] Received reward signal: 0.41486700
[Agent] Making decision using full OHLCV data
[Agent] Price data: O=111.86337280 H=113.83493888 L=111.67911705 C=112.70175264 V=17215200.00000000
[Agent_Features] Generated 18 features for the latest tick.
[Agent] Exploration: Random action: HOLD
[Agent] Received reward: 0.07000000
[NeuralNetworkInterface] Received reward signal: 0.07000000
[Agent] Making decision using full OHLCV data
[Agent] Price data: O=113.63224792 H=113.91785347 L=111.60540662 C=113.14396388 V=13015600.00000000
[Agent_Features] Generated 18 features for the latest tick.
[Agent] Exploration: Random action: HOLD
[Agent] Received reward: 0.07000000
[NeuralNetworkInterface] Received reward signal: 0.07000000
[Agent] Making decision using full OHLCV data
[Agent] Price data: O=109.96550751 H=113.88100185 L=109.54171367 C=113.36508014 V=14874800.00000000
[Agent_Features] Generated 18 features for the latest tick.
[Agent] Exploration: Random action: SELL
[Portfolio] Logged Trade: SELL 2.96125242 HD @ 113.37. New Cash: 8261.36, New Coins: 56.26379597
[Agent] Received reward: 0.44016635
[NeuralNetworkInterface] Received reward signal: 0.44016635
[Agent] Making decision using full OHLCV data
[Agent] Price data: O=110.96972656 H=111.20926468 L=108.91524734 C=110.44458989 V=18545000.00000000
[Agent_Features] Generated 18 features for the latest tick.
[Agent] Exploration: Random action: BUY
[Portfolio] Logged Trade: BUY 3.74004905 HD @ 110.44. New Cash: 7848.30, New Coins: 60.00384501
[Agent] Received reward: 0.39817323
[NeuralNetworkInterface] Received reward signal: 0.39817323
[Agent] Making decision using full OHLCV data
[Agent] Price data: O=113.34666443 H=114.39693777 L=111.27375540 C=111.96472508 V=15720900.00000000
[Agent_Features] Generated 18 features for the latest tick.
[Agent] Exploration: Random action: SELL
[Portfolio] Logged Trade: SELL 3.00019225 HD @ 111.96. New Cash: 8184.21, New Coins: 57.00365276
[Agent] Received reward: -0.38657553
[NeuralNetworkInterface] Received reward signal: -0.38657553
[Agent] Making decision using full OHLCV data
[Agent] Price data: O=117.09632874 H=117.37271942 L=113.07949104 C=113.13477340 V=17128500.00000000
[Agent_Features] Generated 18 features for the latest tick.
[Agent] Exploration: Random action: HOLD
[Agent] Received reward: 0.07000000
[NeuralNetworkInterface] Received reward signal: 0.07000000
[Agent] Making decision using full OHLCV data
[Agent] Price data: O=114.16661072 H=116.17502945 L=112.54514033 C=115.39193192 V=15055400.00000000
[Agent_Features] Generated 18 features for the latest tick.
[Agent] Exploration: Random action: BUY
[Portfolio] Logged Trade: BUY 3.54626664 HD @ 115.39. New Cash: 7775.00, New Coins: 60.54991941
[Agent] Received reward: -0.39051893
[NeuralNetworkInterface] Received reward signal: -0.39051893
[Agent] Making decision using full OHLCV data
[Agent] Price data: O=113.98235321 H=114.50748986 L=111.64226851 C=114.05605833 V=14417900.00000000
[Agent_Features] Generated 18 features for the latest tick.
[Agent] Exploration: Random action: SELL
[Portfolio] Logged Trade: SELL 3.02749597 HD @ 114.06. New Cash: 8120.30, New Coins: 57.52242344
[Agent] Received reward: 0.39777906
[NeuralNetworkInterface] Received reward signal: 0.39777906
[Agent] Making decision using full OHLCV data
[Agent] Price data: O=112.26873779 H=113.62303929 L=111.01577906 C=112.49906099 V=14312300.00000000
[Agent_Features] Generated 18 features for the latest tick.
[Agent] Exploration: Random action: HOLD
[Agent] Received reward: 0.07000000
[NeuralNetworkInterface] Received reward signal: 0.07000000
[Agent] Making decision using full OHLCV data
[Agent] Price data: O=109.53250122 H=114.03762248 L=108.30718010 C=113.42035799 V=16382400.00000000
[Agent_Features] Generated 18 features for the latest tick.
[Agent] Exploration: Random action: SELL
[Portfolio] Logged Trade: SELL 2.87612117 HD @ 113.42. New Cash: 8446.52, New Coins: 54.64630227
[Agent] Received reward: 0.45831799
[NeuralNetworkInterface] Received reward signal: 0.45831799
[Agent] Making decision using full OHLCV data
[Agent] Price data: O=108.84152222 H=113.21766267 L=108.65726648 C=109.91022515 V=14630300.00000000
[Agent_Features] Generated 18 features for the latest tick.
[Agent] Exploration: Random action: SELL
[Portfolio] Logged Trade: SELL 2.73231511 HD @ 109.91. New Cash: 8746.82, New Coins: 51.91398715
[Agent] Received reward: 0.41747694
[NeuralNetworkInterface] Received reward signal: 0.41747694
[Agent] Making decision using full OHLCV data
[Agent] Price data: O=108.74939728 H=109.00735812 L=106.28954732 C=107.79125197 V=16318800.00000000
[Agent_Features] Generated 18 features for the latest tick.
[Agent] Exploration: Random action: SELL
[Portfolio] Logged Trade: SELL 2.59569936 HD @ 107.79. New Cash: 9026.62, New Coins: 49.31828780
[Agent] Received reward: -0.42209390
[NeuralNetworkInterface] Received reward signal: -0.42209390
[Agent] Making decision using full OHLCV data
[Agent] Price data: O=109.71674347 H=110.78544637 L=108.67568526 C=110.01156388 V=10443200.00000000
[Agent_Features] Generated 18 features for the latest tick.
[Agent] Exploration: Random action: SELL
[Portfolio] Logged Trade: SELL 2.46591439 HD @ 110.01. New Cash: 9297.90, New Coins: 46.85237341
[Agent] Received reward: 0.37550009
[NeuralNetworkInterface] Received reward signal: 0.37550009
[Agent] Making decision using full OHLCV data
[Agent] Price data: O=108.95208740 H=110.05763594 L=108.00315695 C=109.21004826 V=10269000.00000000
[Agent_Features] Generated 18 features for the latest tick.
[Agent] Exploration: Random action: HOLD
[Agent] Received reward: -0.10500000
[NeuralNetworkInterface] Received reward signal: -0.10500000
[Agent] Making decision using full OHLCV data
[Agent] Price data: O=112.56357574 H=113.29139804 L=111.30140184 C=111.51330232 V=11160200.00000000
[Agent_Features] Generated 18 features for the latest tick.
[Agent] Exploration: Random action: HOLD
[Agent] Received reward: 0.07000000
[NeuralNetworkInterface] Received reward signal: 0.07000000
[Agent] Making decision using full OHLCV data
[Agent] Price data: O=110.63806152 H=112.37009668 L=110.12213975 C=111.75283212 V=12664900.00000000
[Agent_Features] Generated 18 features for the latest tick.
[Agent] Exploration: Random action: SELL
[Portfolio] Logged Trade: SELL 2.34261867 HD @ 111.75. New Cash: 9559.69, New Coins: 44.50975474
[Agent] Received reward: 0.43973621
[NeuralNetworkInterface] Received reward signal: 0.43973621
[Agent] Making decision using full OHLCV data
[Agent] Price data: O=108.99816132 H=110.23269746 L=108.37168186 C=108.88761067 V=12765800.00000000
[Agent_Features] Generated 18 features for the latest tick.
[Agent] Exploration: Random action: HOLD
[Agent] Received reward: 0.07000000
[NeuralNetworkInterface] Received reward signal: 0.07000000
[Agent] Making decision using full OHLCV data
[Agent] Price data: O=108.10449219 H=110.25110607 L=105.96709320 C=110.05763543 V=13150100.00000000
[Agent_Features] Generated 18 features for the latest tick.
[Agent] Exploration: Random action: SELL
[Portfolio] Logged Trade: SELL 2.22548774 HD @ 110.06. New Cash: 9804.62, New Coins: 42.28426700
[Agent] Received reward: -0.37929885
[NeuralNetworkInterface] Received reward signal: -0.37929885
[Agent] Making decision using full OHLCV data
[Agent] Price data: O=114.79309082 H=116.60803891 L=110.96972398 C=110.97893888 V=24376700.00000000
[Agent_Features] Generated 18 features for the latest tick.
[Agent] Exploration: Random action: BUY
[Portfolio] Logged Trade: BUY 4.41733540 HD @ 110.98. New Cash: 9314.39, New Coins: 46.70160240
[Agent] Received reward: 0.46331536
[NeuralNetworkInterface] Received reward signal: 0.46331536
[Agent] Making decision using full OHLCV data
[Agent] Price data: O=116.41455841 H=117.45561674 L=113.42035682 C=114.57197282 V=19324900.00000000
[Agent_Features] Generated 18 features for the latest tick.
[Agent] Exploration: Random action: SELL
[Portfolio] Logged Trade: SELL 2.33508012 HD @ 114.57. New Cash: 9581.93, New Coins: 44.36652228
[Agent] Received reward: -0.40403669
[NeuralNetworkInterface] Received reward signal: -0.40403669
[Agent] Making decision using full OHLCV data
[Agent] Price data: O=117.22529602 H=117.79650010 L=115.31822017 C=116.34085576 V=12780400.00000000
[Agent_Features] Generated 18 features for the latest tick.
[Agent] Exploration: Random action: BUY
[Portfolio] Logged Trade: BUY 4.11804065 HD @ 116.34. New Cash: 9102.83, New Coins: 48.48456293
[Agent] Received reward: 0.40792648
[NeuralNetworkInterface] Received reward signal: 0.40792648
[Agent] Making decision using full OHLCV data
[Agent] Price data: O=119.25213623 H=119.94310580 L=118.11895008 C=118.26634624 V=15990900.00000000
[Agent_Features] Generated 18 features for the latest tick.
[Agent] Exploration: Random action: BUY
[Portfolio] Logged Trade: BUY 3.84844521 HD @ 118.27. New Cash: 8647.69, New Coins: 52.33300814
[Agent] Received reward: 0.39880512
[NeuralNetworkInterface] Received reward signal: 0.39880512
[Agent] Making decision using full OHLCV data
[Agent] Price data: O=120.93812561 H=120.93812561 L=118.97576719 C=119.91548991 V=11177800.00000000
[Agent_Features] Generated 18 features for the latest tick.
[Agent] Exploration: Random action: HOLD
[Agent] Received reward: 0.07000000
[NeuralNetworkInterface] Received reward signal: 0.07000000
[Agent] Making decision using full OHLCV data
[Agent] Price data: O=121.82254791 H=122.67013564 L=119.50090008 C=119.93389478 V=17015000.00000000
[Agent_Features] Generated 18 features for the latest tick.
[Agent] Exploration: Random action: BUY
[Portfolio] Logged Trade: BUY 3.60518999 HD @ 119.93. New Cash: 8215.31, New Coins: 55.93819813
[Agent] Received reward: 0.42232329
[NeuralNetworkInterface] Received reward signal: 0.42232329
[Agent] Making decision using full OHLCV data
[Agent] Price data: O=119.68516541 H=122.41218455 L=118.54275714 C=122.41218455 V=10768000.00000000
[Agent_Features] Generated 18 features for the latest tick.
[Agent] Exploration: Random action: HOLD
[Agent] Received reward: -0.10500000
[NeuralNetworkInterface] Received reward signal: -0.10500000
[Agent] Making decision using full OHLCV data
[Agent] Price data: O=121.61064148 H=121.61984935 L=118.54273497 C=119.67592111 V=8374800.00000000
[Agent_Features] Generated 18 features for the latest tick.
[Agent] Exploration: Random action: SELL
[Portfolio] Logged Trade: SELL 2.79690991 HD @ 119.68. New Cash: 8550.03, New Coins: 53.14128822
[Agent] Received reward: -0.38529741
[NeuralNetworkInterface] Received reward signal: -0.38529741
[Agent] Making decision using full OHLCV data
[Agent] Price data: O=119.91548920 H=121.39877135 L=119.75887109 C=120.88284957 V=8596000.00000000
[Agent_Features] Generated 18 features for the latest tick.
[Agent] Exploration: Random action: HOLD
[Agent] Received reward: 0.00000000
[NeuralNetworkInterface] Received reward signal: 0.00000000
[Simulation] Simulation run finished. Ticks processed in this run: 149

Simulation Finished in 0.02 seconds.
--------------------
  Final Portfolio  
--------------------
Cash:      $8550.03
Asset:     53.1413 JPM
Total Value: $14973.90
--------------------
Saving agent state to prefix: training_run_20250621_154302/temp_model_state/temp_agent_state
AutonomousTradingAgent::saveState called with prefix: training_run_20250621_154302/temp_model_state/temp_agent_state
[NeuralNetworkInterface] State saved successfully to training_run_20250621_154302/temp_model_state/temp_agent_state_nn_state.json_nn_state.json
[Portfolio] State saved to training_run_20250621_154302/temp_model_state/temp_agent_state_portfolio_state.json
AutonomousTradingAgent full state saved with prefix: training_run_20250621_154302/temp_model_state/temp_agent_state
Agent state saved successfully.
[Simulation] Simulation destroyed.
[AutonomousTradingAgent] Agent destroyed
[NeuralNetworkInterface] Destructor called.
[Portfolio] Destroyed for asset: HD. Final cash: 8550.03, Final assets: 53.14
