Loading data from training_run_20250621_125419/data/TSLA_1d_20210626_to_20220413.csv...
Loaded 153 data points.
[Portfolio] Initialized for asset: TSLA with initial cash: 10000.00. Initial Portfolio Value: 10000.00
[NeuralNetworkInterface] Constructor called.
[NeuralNetworkInterface] Initializing...
Warning: NN model path is empty. Initializing in a mock state.
[NeuralNetworkInterface] Initialized successfully.
[AutonomousTradingAgent] Agent initialized for TSLA without API client (CSV mode).
[Simulation] Initialized with 153 data points.
[Simulation] API client is NULL (offline/CSV mode).

Starting Simulation for TSLA...
[Simulation] Starting simulation run...
[Agent] Making decision using full OHLCV data
[Agent] Price data: O=250.97 H=253.40 L=246.42 C=246.67 V=60119400.00
[Agent_Features] Generated 15 features for the latest tick.
[Agent] Exploration: Random action: SELL
[Agent] Received reward: 0.00
[NeuralNetworkInterface] Received reward signal: 0.00
[Agent] Making decision using full OHLCV data
[Agent] Price data: O=251.29 H=254.82 L=246.92 C=253.86 V=56379000.00
[Agent_Features] Generated 17 features for the latest tick.
[Agent] Exploration: Random action: SELL
[Agent] Received reward: 0.00
[NeuralNetworkInterface] Received reward signal: 0.00
[Agent] Making decision using full OHLCV data
[Agent] Price data: O=251.62 H=254.03 L=250.54 C=251.14 V=42233100.00
[Agent_Features] Generated 17 features for the latest tick.
[Agent] Exploration: Random action: BUY
[Portfolio] Logged Trade: BUY 1.99094777 TSLA @ 251.14. New Cash: 9500.00, New Coins: 1.99094777
[Agent] Received reward: 0.00000000
[NeuralNetworkInterface] Received reward signal: 0.00000000
[Agent] Making decision using full OHLCV data
[Agent] Price data: O=245.42333984 H=254.20333862 L=244.83999634 C=253.19999695 V=45552600.00000000
[Agent_Features] Generated 17 features for the latest tick.
[Agent] Exploration: Random action: HOLD
[Agent] Received reward: 0.00000000
[NeuralNetworkInterface] Received reward signal: 0.00000000
[Agent] Making decision using full OHLCV data
[Agent] Price data: O=247.66667175 H=248.25999451 L=236.28334045 C=246.73666382 V=68857500.00000000
[Agent_Features] Generated 18 features for the latest tick.
[Agent] Exploration: Random action: HOLD
[Agent] Received reward: 0.00000000
[NeuralNetworkInterface] Received reward signal: 0.00000000
[Agent] Making decision using full OHLCV data
[Agent] Price data: O=248.16333008 H=251.49000549 L=245.46665955 C=247.52333069 V=55574700.00000000
[Agent_Features] Generated 18 features for the latest tick.
[Agent] Exploration: Random action: HOLD
[Agent] Received reward: 0.00000000
[NeuralNetworkInterface] Received reward signal: 0.00000000
[Agent] Making decision using full OHLCV data
[Agent] Price data: O=251.94332886 H=252.28666687 L=246.11999512 C=248.33332825 V=46073100.00000000
[Agent_Features] Generated 18 features for the latest tick.
[Agent] Exploration: Random action: HOLD
[Agent] Received reward: 0.00000000
[NeuralNetworkInterface] Received reward signal: 0.00000000
[Agent] Making decision using full OHLCV data
[Agent] Price data: O=252.33000183 H=252.97000122 L=249.20333862 C=250.94332886 V=41770200.00000000
[Agent_Features] Generated 18 features for the latest tick.
[Agent] Exploration: Random action: BUY
[Portfolio] Logged Trade: BUY 1.89285765 TSLA @ 250.94. New Cash: 9025.00, New Coins: 3.88380542
[Agent] Received reward: 0.00000000
[NeuralNetworkInterface] Received reward signal: 0.00000000
[Agent] Making decision using full OHLCV data
[Agent] Price data: O=253.16333008 H=253.67999268 L=250.00000000 C=252.38333130 V=84612600.00000000
[Agent_Features] Generated 18 features for the latest tick.
[Agent] Exploration: Random action: BUY
[Portfolio] Logged Trade: BUY 1.78795485 TSLA @ 252.38. New Cash: 8573.75, New Coins: 5.67176027
[Agent] Received reward: 0.00000000
[NeuralNetworkInterface] Received reward signal: 0.00000000
[Agent] Making decision using full OHLCV data
[Agent] Price data: O=243.38999939 H=247.33332825 L=239.53999329 C=244.85333252 V=74273100.00000000
[Agent_Features] Generated 18 features for the latest tick.
[Agent] Exploration: Random action: BUY
[Portfolio] Logged Trade: BUY 1.75079300 TSLA @ 244.85. New Cash: 8145.06, New Coins: 7.42255327
[Agent] Received reward: 0.00000000
[NeuralNetworkInterface] Received reward signal: 0.00000000
[Agent] Making decision using full OHLCV data
[Agent] Price data: O=246.46000671 H=248.24667358 L=243.47999573 C=244.92999268 V=48992100.00000000
[Agent_Features] Generated 18 features for the latest tick.
[Agent] Exploration: Random action: BUY
[Portfolio] Logged Trade: BUY 1.66273277 TSLA @ 244.93. New Cash: 7737.81, New Coins: 9.08528604
[Agent] Received reward: 0.00000000
[NeuralNetworkInterface] Received reward signal: 0.00000000
[Agent] Making decision using full OHLCV data
[Agent] Price data: O=250.64666748 H=251.22332764 L=246.37333679 C=247.84333801 V=45378900.00000000
[Agent_Features] Generated 18 features for the latest tick.
[Agent] Exploration: Random action: BUY
[Portfolio] Logged Trade: BUY 1.56102832 TSLA @ 247.84. New Cash: 7350.92, New Coins: 10.64631435
[Agent] Received reward: 0.00000000
[NeuralNetworkInterface] Received reward signal: 0.00000000
[Agent] Making decision using full OHLCV data
[Agent] Price data: O=251.21333313 H=252.73333740 L=249.30667114 C=251.66667175 V=35842500.00000000
[Agent_Features] Generated 18 features for the latest tick.
[Agent] Exploration: Random action: HOLD
[Agent] Received reward: 0.00000000
[NeuralNetworkInterface] Received reward signal: 0.00000000
[Agent] Making decision using full OHLCV data
[Agent] Price data: O=258.13000488 H=258.26666260 L=248.18666077 C=248.63000488 V=64119000.00000000
[Agent_Features] Generated 18 features for the latest tick.
[Agent] Exploration: Random action: HOLD
[Agent] Received reward: 0.00000000
[NeuralNetworkInterface] Received reward signal: 0.00000000
[Agent] Making decision using full OHLCV data
[Agent] Price data: O=263.78668213 H=266.33334351 L=256.43667603 C=257.70666504 V=84212100.00000000
[Agent_Features] Generated 18 features for the latest tick.
[Agent] Exploration: Random action: SELL
[Portfolio] Logged Trade: SELL 0.53231572 TSLA @ 257.71. New Cash: 7488.10, New Coins: 10.11399864
[Agent] Received reward: 0.00000000
[NeuralNetworkInterface] Received reward signal: 0.00000000
[Agent] Making decision using full OHLCV data
[Agent] Price data: O=259.18667603 H=265.21331787 L=255.39332581 C=262.39999390 V=76144200.00000000
[Agent_Features] Generated 18 features for the latest tick.
[Agent] Exploration: Random action: BUY
[Portfolio] Logged Trade: BUY 1.42684840 TSLA @ 262.40. New Cash: 7113.70, New Coins: 11.54084703
[Agent] Received reward: 0.00000000
[NeuralNetworkInterface] Received reward signal: 0.00000000
[Agent] Making decision using full OHLCV data
[Agent] Price data: O=260.43667603 H=264.50000000 L=256.89334106 C=259.93331909 V=62828700.00000000
[Agent_Features] Generated 18 features for the latest tick.
[Agent] Exploration: Random action: HOLD
[Agent] Received reward: 0.00000000
[NeuralNetworkInterface] Received reward signal: 0.00000000
[Agent] Making decision using full OHLCV data
[Agent] Price data: O=258.49334717 H=263.04333496 L=258.33334351 C=260.33334351 V=53868000.00000000
[Agent_Features] Generated 18 features for the latest tick.
[Agent] Exploration: Random action: BUY
[Portfolio] Logged Trade: BUY 1.36626663 TSLA @ 260.33. New Cash: 6758.01, New Coins: 12.90711366
[Agent] Received reward: 0.00000000
[NeuralNetworkInterface] Received reward signal: 0.00000000
[Agent] Making decision using full OHLCV data
[Agent] Price data: O=258.40667725 H=260.26000977 L=254.52999878 C=259.46667480 V=51094200.00000000
[Agent_Features] Generated 18 features for the latest tick.
[Agent] Exploration: Random action: HOLD
[Agent] Received reward: 0.00000000
[NeuralNetworkInterface] Received reward signal: 0.00000000
[Agent] Making decision using full OHLCV data
[Agent] Price data: O=260.51000977 H=268.98999023 L=258.70666504 C=265.50000000 V=91449900.00000000
[Agent_Features] Generated 18 features for the latest tick.
[Agent] Exploration: Random action: HOLD
[Agent] Received reward: 0.00000000
[NeuralNetworkInterface] Received reward signal: 0.00000000
[Agent] Making decision using full OHLCV data
[Agent] Price data: O=260.19665527 H=265.76998901 L=258.06668091 C=261.60000610 V=55297800.00000000
[Agent_Features] Generated 18 features for the latest tick.
[Agent] Exploration: Random action: BUY
[Portfolio] Logged Trade: BUY 1.29166863 TSLA @ 261.60. New Cash: 6420.11, New Coins: 14.19878230
[Agent] Received reward: 0.00000000
[NeuralNetworkInterface] Received reward signal: 0.00000000
[Agent] Making decision using full OHLCV data
[Agent] Price data: O=260.91665649 H=262.22000122 L=257.73999023 C=258.73333740 V=43898400.00000000
[Agent_Features] Generated 18 features for the latest tick.
[Agent] Exploration: Random action: SELL
[Portfolio] Logged Trade: SELL 0.70993911 TSLA @ 258.73. New Cash: 6603.79, New Coins: 13.48884318
[Agent] Received reward: 0.00000000
[NeuralNetworkInterface] Received reward signal: 0.00000000
[Agent] Making decision using full OHLCV data
[Agent] Price data: O=264.53668213 H=268.33334351 L=261.12667847 C=261.82000732 V=57587400.00000000
[Agent_Features] Generated 18 features for the latest tick.
[Agent] Exploration: Random action: SELL
[Portfolio] Logged Trade: SELL 0.67444216 TSLA @ 261.82. New Cash: 6780.38, New Coins: 12.81440102
[Agent] Received reward: 0.00000000
[NeuralNetworkInterface] Received reward signal: 0.00000000
[Agent] Making decision using full OHLCV data
[Agent] Price data: O=261.82998657 H=265.45999146 L=260.30334473 C=265.40332031 V=50215800.00000000
[Agent_Features] Generated 18 features for the latest tick.
[Agent] Exploration: Random action: BUY
[Portfolio] Logged Trade: BUY 1.27737236 TSLA @ 265.40. New Cash: 6441.36, New Coins: 14.09177338
[Agent] Received reward: 0.00000000
[NeuralNetworkInterface] Received reward signal: 0.00000000
[Agent] Making decision using full OHLCV data
[Agent] Price data: O=263.98001099 H=267.07998657 L=261.83334351 C=262.54998779 V=42600900.00000000
[Agent_Features] Generated 18 features for the latest tick.
[Agent] Exploration: Random action: SELL
[Portfolio] Logged Trade: SELL 0.70458867 TSLA @ 262.55. New Cash: 6626.35, New Coins: 13.38718471
[Agent] Received reward: -0.00000000
[NeuralNetworkInterface] Received reward signal: -0.00000000
[Agent] Making decision using full OHLCV data
[Agent] Price data: O=268.57333374 H=270.77334595 L=265.52334595 C=266.97665405 V=66060000.00000000
[Agent_Features] Generated 18 features for the latest tick.
[Agent] Exploration: Random action: SELL
[Portfolio] Logged Trade: SELL 0.66935924 TSLA @ 266.98. New Cash: 6805.05, New Coins: 12.71782547
[Agent] Received reward: 0.00000000
[NeuralNetworkInterface] Received reward signal: 0.00000000
[Agent] Making decision using full OHLCV data
[Agent] Price data: O=270.35998535 H=271.80334473 L=268.59332275 C=270.15667725 V=42360300.00000000
[Agent_Features] Generated 18 features for the latest tick.
[Agent] Exploration: Random action: BUY
[Portfolio] Logged Trade: BUY 1.25946387 TSLA @ 270.16. New Cash: 6464.80, New Coins: 13.97728934
[Agent] Received reward: 0.00000000
[NeuralNetworkInterface] Received reward signal: 0.00000000
[Agent] Making decision using full OHLCV data
[Agent] Price data: O=272.77334595 H=273.41665649 L=271.11666870 C=271.82998657 V=36741600.00000000
[Agent_Features] Generated 18 features for the latest tick.
[Agent] Exploration: Random action: BUY
[Portfolio] Logged Trade: BUY 1.18912541 TSLA @ 271.83. New Cash: 6141.56, New Coins: 15.16641475
[Agent] Received reward: 0.00000000
[NeuralNetworkInterface] Received reward signal: 0.00000000
[Agent] Making decision using full OHLCV data
[Agent] Price data: O=281.01000977 H=281.07000732 L=274.11666870 C=274.57998657 V=56773800.00000000
[Agent_Features] Generated 18 features for the latest tick.
[Agent] Exploration: Random action: HOLD
[Agent] Received reward: 0.00000000
[NeuralNetworkInterface] Received reward signal: 0.00000000
[Agent] Making decision using full OHLCV data
[Agent] Price data: O=290.03668213 H=291.75332642 L=283.82333374 C=283.92999268 V=72621600.00000000
[Agent_Features] Generated 18 features for the latest tick.
[Agent] Exploration: Random action: HOLD
[Agent] Received reward: 0.00000000
[NeuralNetworkInterface] Received reward signal: 0.00000000
[Agent] Making decision using full OHLCV data
[Agent] Price data: O=288.08999634 H=292.64999390 L=287.50332642 C=292.51000977 V=52143300.00000000
[Agent_Features] Generated 18 features for the latest tick.
[Agent] Exploration: Random action: BUY
[Portfolio] Logged Trade: BUY 1.04980321 TSLA @ 292.51. New Cash: 5834.48, New Coins: 16.21621796
[Agent] Received reward: 0.00000000
[NeuralNetworkInterface] Received reward signal: 0.00000000
[Agent] Making decision using full OHLCV data
[Agent] Price data: O=288.60000610 H=289.82998657 L=285.79333496 C=288.45001221 V=42096300.00000000
[Agent_Features] Generated 18 features for the latest tick.
[Agent] Exploration: Random action: BUY
[Portfolio] Logged Trade: BUY 1.01135045 TSLA @ 288.45. New Cash: 5542.76, New Coins: 17.22756841
[Agent] Received reward: 0.00000000
[NeuralNetworkInterface] Received reward signal: 0.00000000
[Agent] Making decision using full OHLCV data
[Agent] Price data: O=298.00000000 H=300.00000000 L=285.16665649 C=285.33334351 V=94444500.00000000
[Agent_Features] Generated 18 features for the latest tick.
[Agent] Exploration: Random action: BUY
[Portfolio] Logged Trade: BUY 0.97127747 TSLA @ 285.33. New Cash: 5265.62, New Coins: 18.19884588
[Agent] Received reward: -0.00000000
[NeuralNetworkInterface] Received reward signal: -0.00000000
[Agent] Making decision using full OHLCV data
[Agent] Price data: O=303.22665405 H=303.33334351 L=296.98666382 C=298.50000000 V=68642400.00000000
[Agent_Features] Generated 18 features for the latest tick.
[Agent] Exploration: Random action: BUY
[Portfolio] Logged Trade: BUY 0.88201325 TSLA @ 298.50. New Cash: 5002.34, New Coins: 19.08085913
[Agent] Received reward: 0.00000000
[NeuralNetworkInterface] Received reward signal: 0.00000000
[Agent] Making decision using full OHLCV data
[Agent] Price data: O=341.61999512 H=348.33999634 L=314.73333740 C=316.84332275 V=188556300.00000000
[Agent_Features] Generated 18 features for the latest tick.
[Agent] Exploration: Random action: SELL
[Portfolio] Logged Trade: SELL 0.95404296 TSLA @ 316.84. New Cash: 5304.62, New Coins: 18.12681617
[Agent] Received reward: 0.00000000
[NeuralNetworkInterface] Received reward signal: 0.00000000
[Agent] Making decision using full OHLCV data
[Agent] Price data: O=339.47665405 H=364.98001099 L=333.81332397 C=341.56332397 V=187245000.00000000
[Agent_Features] Generated 18 features for the latest tick.
[Agent] Exploration: Random action: HOLD
[Agent] Received reward: 0.00000000
[NeuralNetworkInterface] Received reward signal: 0.00000000
[Agent] Making decision using full OHLCV data
[Agent] Price data: O=345.95333862 H=356.95999146 L=343.59332275 C=346.55334473 V=115579500.00000000
[Agent_Features] Generated 18 features for the latest tick.
[Agent] Exploration: Random action: BUY
[Portfolio] Logged Trade: BUY 0.76533965 TSLA @ 346.55. New Cash: 5039.39, New Coins: 18.89215582
[Agent] Received reward: 0.00000000
[NeuralNetworkInterface] Received reward signal: 0.00000000
[Agent] Making decision using full OHLCV data
[Agent] Price data: O=359.01333618 H=360.33334351 L=351.39999390 C=356.10333252 V=81639600.00000000
[Agent_Features] Generated 18 features for the latest tick.
[Agent] Exploration: Random action: HOLD
[Agent] Received reward: 0.00000000
[NeuralNetworkInterface] Received reward signal: 0.00000000
[Agent] Making decision using full OHLCV data
[Agent] Price data: O=371.33334351 H=371.73666382 L=357.73666382 C=360.61999512 V=89755200.00000000
[Agent_Features] Generated 18 features for the latest tick.
[Agent] Exploration: Random action: HOLD
[Agent] Received reward: 0.00000000
[NeuralNetworkInterface] Received reward signal: 0.00000000
[Agent] Making decision using full OHLCV data
[Agent] Price data: O=402.86334229 H=403.25000000 L=372.88665771 C=381.66665649 V=168146100.00000000
[Agent_Features] Generated 18 features for the latest tick.
[Agent] Exploration: Random action: BUY
[Portfolio] Logged Trade: BUY 0.66018202 TSLA @ 381.67. New Cash: 4787.42, New Coins: 19.55233783
[Agent] Received reward: 0.00000000
[NeuralNetworkInterface] Received reward signal: 0.00000000
[Agent] Making decision using full OHLCV data
[Agent] Price data: O=390.66665649 H=402.86334229 L=382.00000000 C=386.45333862 V=128213400.00000000
[Agent_Features] Generated 18 features for the latest tick.
[Agent] Exploration: Random action: HOLD
[Agent] Received reward: 0.00000000
[NeuralNetworkInterface] Received reward signal: 0.00000000
[Agent] Making decision using full OHLCV data
[Agent] Price data: O=404.61999512 H=405.13000488 L=384.20666504 C=392.44332886 V=103885500.00000000
[Agent_Features] Generated 18 features for the latest tick.
[Agent] Exploration: Random action: BUY
[Portfolio] Logged Trade: BUY 0.60995046 TSLA @ 392.44. New Cash: 4548.05, New Coins: 20.16228830
[Agent] Received reward: -0.00000000
[NeuralNetworkInterface] Received reward signal: -0.00000000
[Agent] Making decision using full OHLCV data
[Agent] Price data: O=409.97000122 H=414.49667358 L=405.66665649 C=411.47000122 V=76192200.00000000
[Agent_Features] Generated 18 features for the latest tick.
[Agent] Exploration: Random action: BUY
[Portfolio] Logged Trade: BUY 0.55265861 TSLA @ 411.47. New Cash: 4320.65, New Coins: 20.71494691
[Agent] Received reward: 0.00000000
[NeuralNetworkInterface] Received reward signal: 0.00000000
[Agent] Making decision using full OHLCV data
[Agent] Price data: O=407.36334229 H=413.29000854 L=402.66665649 C=409.33334351 V=64886400.00000000
[Agent_Features] Generated 18 features for the latest tick.
[Agent] Exploration: Random action: BUY
[Portfolio] Logged Trade: BUY 0.52776624 TSLA @ 409.33. New Cash: 4104.61, New Coins: 21.24271315
[Agent] Received reward: 0.00000000
[NeuralNetworkInterface] Received reward signal: 0.00000000
[Agent] Making decision using full OHLCV data
[Agent] Price data: O=387.64666748 H=399.00000000 L=377.66665649 C=383.26333618 V=100337100.00000000
[Agent_Features] Generated 18 features for the latest tick.
[Agent] Exploration: Random action: SELL
[Portfolio] Logged Trade: SELL 1.06213566 TSLA @ 383.26. New Cash: 4511.69, New Coins: 20.18057749
[Agent] Received reward: 0.00000000
[NeuralNetworkInterface] Received reward signal: 0.00000000
[Agent] Making decision using full OHLCV data
[Agent] Price data: O=341.16665649 H=391.50000000 L=337.17333984 C=391.20001221 V=177317400.00000000
[Agent_Features] Generated 18 features for the latest tick.
[Agent] Exploration: Random action: SELL
[Portfolio] Logged Trade: SELL 1.00902887 TSLA @ 391.20. New Cash: 4906.42, New Coins: 19.17154862
[Agent] Received reward: -0.00000000
[NeuralNetworkInterface] Received reward signal: -0.00000000
[Agent] Making decision using full OHLCV data
[Agent] Price data: O=355.98333740 H=359.36666870 L=329.10333252 C=336.80334473 V=128408100.00000000
[Agent_Features] Generated 18 features for the latest tick.
[Agent] Exploration: Random action: HOLD
[Agent] Received reward: 0.00000000
[NeuralNetworkInterface] Received reward signal: 0.00000000
[Agent] Making decision using full OHLCV data
[Agent] Price data: O=354.50332642 H=368.32333374 L=351.55999756 C=367.58999634 V=67189800.00000000
[Agent_Features] Generated 18 features for the latest tick.
[Agent] Exploration: Random action: SELL
[Portfolio] Logged Trade: SELL 0.95857743 TSLA @ 367.59. New Cash: 5258.79, New Coins: 18.21297119
[Agent] Received reward: 0.00000000
[NeuralNetworkInterface] Received reward signal: 0.00000000
[Agent] Making decision using full OHLCV data
[Agent] Price data: O=344.47332764 H=351.50000000 L=339.73333740 C=349.16665649 V=76719300.00000000
[Agent_Features] Generated 18 features for the latest tick.
[Agent] Exploration: Random action: SELL
[Portfolio] Logged Trade: SELL 0.91064856 TSLA @ 349.17. New Cash: 5576.76, New Coins: 17.30232263
[Agent] Received reward: 0.00000000
[NeuralNetworkInterface] Received reward signal: 0.00000000
[Agent] Making decision using full OHLCV data
[Agent] Price data: O=337.79666138 H=343.99334717 L=326.20001221 C=339.20999146 V=104326800.00000000
[Agent_Features] Generated 18 features for the latest tick.
[Agent] Exploration: Random action: SELL
[Portfolio] Logged Trade: SELL 0.86511613 TSLA @ 339.21. New Cash: 5870.21, New Coins: 16.43720650
[Agent] Received reward: 0.00000000
[NeuralNetworkInterface] Received reward signal: 0.00000000
[Agent] Making decision using full OHLCV data
[Agent] Price data: O=351.57666016 H=352.39999390 L=334.05999756 C=334.43667603 V=79627200.00000000
[Agent_Features] Generated 18 features for the latest tick.
[Agent] Exploration: Random action: SELL
[Portfolio] Logged Trade: SELL 0.82186032 TSLA @ 334.44. New Cash: 6145.07, New Coins: 15.61534617
[Agent] Received reward: 0.00000000
[NeuralNetworkInterface] Received reward signal: 0.00000000
[Agent] Making decision using full OHLCV data
[Agent] Price data: O=363.00332642 H=373.21331787 L=351.83334351 C=354.50332642 V=94336200.00000000
[Agent_Features] Generated 18 features for the latest tick.
[Agent] Exploration: Random action: HOLD
[Agent] Received reward: 0.00000000
[NeuralNetworkInterface] Received reward signal: 0.00000000
[Agent] Making decision using full OHLCV data
[Agent] Price data: O=365.45999146 H=370.66665649 L=358.33999634 C=368.85000610 V=62696700.00000000
[Agent_Features] Generated 18 features for the latest tick.
[Agent] Exploration: Random action: BUY
[Portfolio] Logged Trade: BUY 0.83300414 TSLA @ 368.85. New Cash: 5837.82, New Coins: 16.44835032
[Agent] Received reward: 0.00000000
[NeuralNetworkInterface] Received reward signal: 0.00000000
[Agent] Making decision using full OHLCV data
[Agent] Price data: O=379.01998901 H=379.57333374 L=364.23333740 C=366.29000854 V=64926900.00000000
[Agent_Features] Generated 18 features for the latest tick.
[Agent] Exploration: Random action: SELL
[Portfolio] Logged Trade: SELL 0.82241752 TSLA @ 366.29. New Cash: 6139.06, New Coins: 15.62593280
[Agent] Received reward: 0.00000000
[NeuralNetworkInterface] Received reward signal: 0.00000000
[Agent] Making decision using full OHLCV data
[Agent] Price data: O=385.62332153 H=400.64999390 L=377.47665405 C=387.44332886 V=99217500.00000000
[Agent_Features] Generated 18 features for the latest tick.
[Agent] Exploration: Random action: BUY
[Portfolio] Logged Trade: BUY 0.79225282 TSLA @ 387.44. New Cash: 5832.11, New Coins: 16.41818562
[Agent] Received reward: 0.00000000
[NeuralNetworkInterface] Received reward signal: 0.00000000
[Agent] Making decision using full OHLCV data
[Agent] Price data: O=369.67666626 H=393.50000000 L=354.23333740 C=389.17001343 V=108515100.00000000
[Agent_Features] Generated 18 features for the latest tick.
[Agent] Exploration: Random action: SELL
[Portfolio] Logged Trade: SELL 0.82090928 TSLA @ 389.17. New Cash: 6151.58, New Coins: 15.59727634
[Agent] Received reward: 0.00000000
[NeuralNetworkInterface] Received reward signal: 0.00000000
[Agent] Making decision using full OHLCV data
[Agent] Price data: O=372.00000000 H=377.58999634 L=354.00000000 C=360.13000488 V=67680600.00000000
[Agent_Features] Generated 18 features for the latest tick.
[Agent] Exploration: Random action: BUY
[Portfolio] Logged Trade: BUY 0.85407791 TSLA @ 360.13. New Cash: 5844.00, New Coins: 16.45135425
[Agent] Received reward: 0.00000000
[NeuralNetworkInterface] Received reward signal: 0.00000000
[Agent] Making decision using full OHLCV data
[Agent] Price data: O=360.64001465 H=369.59332275 L=360.33334351 C=366.48999023 V=35042700.00000000
[Agent_Features] Generated 18 features for the latest tick.
[Agent] Exploration: Random action: HOLD
[Agent] Received reward: 0.00000000
[NeuralNetworkInterface] Received reward signal: 0.00000000
[Agent] Making decision using full OHLCV data
[Agent] Price data: O=378.99667358 H=380.89001465 L=366.73001099 C=366.99667358 V=58393500.00000000
[Agent_Features] Generated 18 features for the latest tick.
[Agent] Exploration: Random action: SELL
[Portfolio] Logged Trade: SELL 0.82256771 TSLA @ 367.00. New Cash: 6145.88, New Coins: 15.62878654
[Agent] Received reward: 0.00000000
[NeuralNetworkInterface] Received reward signal: 0.00000000
[Agent] Making decision using full OHLCV data
[Agent] Price data: O=381.58666992 H=389.33334351 L=372.66665649 C=381.45666504 V=81276000.00000000
[Agent_Features] Generated 18 features for the latest tick.
[Agent] Exploration: Random action: BUY
[Portfolio] Logged Trade: BUY 0.80558065 TSLA @ 381.46. New Cash: 5838.59, New Coins: 16.43436718
[Agent] Received reward: 0.00000000
[NeuralNetworkInterface] Received reward signal: 0.00000000
[Agent] Making decision using full OHLCV data
[Agent] Price data: O=365.00000000 H=390.94665527 L=363.58666992 C=386.89999390 V=68450400.00000000
[Agent_Features] Generated 18 features for the latest tick.
[Agent] Exploration: Random action: BUY
[Portfolio] Logged Trade: BUY 0.75453452 TSLA @ 386.90. New Cash: 5546.66, New Coins: 17.18890171
[Agent] Received reward: -0.00000000
[NeuralNetworkInterface] Received reward signal: -0.00000000
[Agent] Making decision using full OHLCV data
[Agent] Price data: O=361.53332520 H=371.00000000 L=352.21667480 C=366.35333252 V=73114800.00000000
[Agent_Features] Generated 18 features for the latest tick.
[Agent] Exploration: Random action: SELL
[Portfolio] Logged Trade: SELL 0.85944509 TSLA @ 366.35. New Cash: 5861.52, New Coins: 16.32945662
[Agent] Received reward: 0.00000000
[NeuralNetworkInterface] Received reward signal: 0.00000000
[Agent] Making decision using full OHLCV data
[Agent] Price data: O=338.32333374 H=363.52667236 L=333.40332031 C=361.59667969 V=92322000.00000000
[Agent_Features] Generated 18 features for the latest tick.
[Agent] Exploration: Random action: BUY
[Portfolio] Logged Trade: BUY 0.81050512 TSLA @ 361.60. New Cash: 5568.44, New Coins: 17.13996174
[Agent] Received reward: 0.00000000
[NeuralNetworkInterface] Received reward signal: 0.00000000
[Agent] Making decision using full OHLCV data
[Agent] Price data: O=336.33666992 H=340.54666138 L=316.83334351 C=333.83666992 V=81663000.00000000
[Agent_Features] Generated 18 features for the latest tick.
[Agent] Exploration: Random action: BUY
[Portfolio] Logged Trade: BUY 0.83400713 TSLA @ 333.84. New Cash: 5290.02, New Coins: 17.97396887
[Agent] Received reward: 0.00000000
[NeuralNetworkInterface] Received reward signal: 0.00000000
[Agent] Making decision using full OHLCV data
[Agent] Price data: O=350.58334351 H=352.55667114 L=342.26998901 C=348.06668091 V=56084700.00000000
[Agent_Features] Generated 18 features for the latest tick.
[Agent] Exploration: Random action: BUY
[Portfolio] Logged Trade: BUY 0.75991489 TSLA @ 348.07. New Cash: 5025.52, New Coins: 18.73388376
[Agent] Received reward: 0.00000000
[NeuralNetworkInterface] Received reward signal: 0.00000000
[Agent] Making decision using full OHLCV data
[Agent] Price data: O=356.32000732 H=357.45999146 L=344.33334351 C=350.90332031 V=41906400.00000000
[Agent_Features] Generated 18 features for the latest tick.
[Agent] Exploration: Random action: SELL
[Portfolio] Logged Trade: SELL 0.93669419 TSLA @ 350.90. New Cash: 5354.21, New Coins: 17.79718958
[Agent] Received reward: 0.00000000
[NeuralNetworkInterface] Received reward signal: 0.00000000
[Agent] Making decision using full OHLCV data
[Agent] Price data: O=334.60000610 H=354.16333008 L=334.11999512 C=353.54666138 V=59438400.00000000
[Agent_Features] Generated 18 features for the latest tick.
[Agent] Exploration: Random action: SELL
[Portfolio] Logged Trade: SELL 0.88985948 TSLA @ 353.55. New Cash: 5668.82, New Coins: 16.90733010
[Agent] Received reward: 0.00000000
[NeuralNetworkInterface] Received reward signal: 0.00000000
[Agent] Making decision using full OHLCV data
[Agent] Price data: O=339.01000977 H=340.32666016 L=327.51000977 C=336.25000000 V=59664300.00000000
[Agent_Features] Generated 18 features for the latest tick.
[Agent] Exploration: Random action: HOLD
[Agent] Received reward: 0.00000000
[NeuralNetworkInterface] Received reward signal: 0.00000000
[Agent] Making decision using full OHLCV data
[Agent] Price data: O=322.13665771 H=335.00000000 L=317.14001465 C=333.69665527 V=78595500.00000000
[Agent_Features] Generated 18 features for the latest tick.
[Agent] Exploration: Random action: BUY
[Portfolio] Logged Trade: BUY 0.84939658 TSLA @ 333.70. New Cash: 5385.38, New Coins: 17.75672668
[Agent] Received reward: 0.00000000
[NeuralNetworkInterface] Received reward signal: 0.00000000
[Agent] Making decision using full OHLCV data
[Agent] Price data: O=319.50332642 H=322.13665771 L=310.00000000 C=315.00000000 V=70806300.00000000
[Agent_Features] Generated 18 features for the latest tick.
[Agent] Exploration: Random action: HOLD
[Agent] Received reward: 0.00000000
[NeuralNetworkInterface] Received reward signal: 0.00000000
[Agent] Making decision using full OHLCV data
[Agent] Price data: O=325.32998657 H=326.25000000 L=309.41665649 C=317.73666382 V=75169200.00000000
[Agent_Features] Generated 18 features for the latest tick.
[Agent] Exploration: Random action: HOLD
[Agent] Received reward: 0.00000000
[NeuralNetworkInterface] Received reward signal: 0.00000000
[Agent] Making decision using full OHLCV data
[Agent] Price data: O=308.97332764 H=331.66000366 L=307.28332520 C=331.50000000 V=82771500.00000000
[Agent_Features] Generated 18 features for the latest tick.
[Agent] Exploration: Random action: HOLD
[Agent] Received reward: 0.00000000
[NeuralNetworkInterface] Received reward signal: 0.00000000
[Agent] Making decision using full OHLCV data
[Agent] Price data: O=310.85665894 H=320.22000122 L=303.01333618 C=304.92333984 V=100437300.00000000
[Agent_Features] Generated 18 features for the latest tick.
[Agent] Exploration: Random action: HOLD
[Agent] Received reward: 0.00000000
[NeuralNetworkInterface] Received reward signal: 0.00000000
[Agent] Making decision using full OHLCV data
[Agent] Price data: O=299.98001099 H=307.23001099 L=297.79666138 C=303.56668091 V=56480100.00000000
[Agent_Features] Generated 18 features for the latest tick.
[Agent] Exploration: Random action: BUY
[Portfolio] Logged Trade: BUY 0.88701684 TSLA @ 303.57. New Cash: 5116.11, New Coins: 18.64374353
[Agent] Received reward: 0.00000000
[NeuralNetworkInterface] Received reward signal: 0.00000000
[Agent] Making decision using full OHLCV data
[Agent] Price data: O=312.84332275 H=313.16665649 L=295.37332153 C=305.62332153 V=71517900.00000000
[Agent_Features] Generated 18 features for the latest tick.
[Agent] Exploration: Random action: SELL
[Portfolio] Logged Trade: SELL 0.93218718 TSLA @ 305.62. New Cash: 5401.00, New Coins: 17.71155635
[Agent] Received reward: -0.00000000
[NeuralNetworkInterface] Received reward signal: -0.00000000
[Agent] Making decision using full OHLCV data
[Agent] Price data: O=336.29000854 H=338.55334473 L=319.01666260 C=321.88665771 V=93634200.00000000
[Agent_Features] Generated 18 features for the latest tick.
[Agent] Exploration: Random action: BUY
[Portfolio] Logged Trade: BUY 0.83896062 TSLA @ 321.89. New Cash: 5130.95, New Coins: 18.55051696
[Agent] Received reward: 0.00000000
[NeuralNetworkInterface] Received reward signal: 0.00000000
[Agent] Making decision using full OHLCV data
[Agent] Price data: O=355.66665649 H=357.66000366 L=332.51998901 C=335.60000610 V=92713200.00000000
[Agent_Features] Generated 18 features for the latest tick.
[Agent] Exploration: Random action: BUY
[Portfolio] Logged Trade: BUY 0.76444491 TSLA @ 335.60. New Cash: 4874.41, New Coins: 19.31496188
[Agent] Received reward: -0.00000000
[NeuralNetworkInterface] Received reward signal: -0.00000000
[Agent] Making decision using full OHLCV data
[Agent] Price data: O=364.64666748 H=372.33334351 L=356.90667725 C=357.89001465 V=71145900.00000000
[Agent_Features] Generated 18 features for the latest tick.
[Agent] Exploration: Random action: HOLD
[Agent] Received reward: 0.00000000
[NeuralNetworkInterface] Received reward signal: 0.00000000
[Agent] Making decision using full OHLCV data
[Agent] Price data: O=362.82333374 H=373.00000000 L=359.47332764 C=369.82998657 V=60324000.00000000
[Agent_Features] Generated 18 features for the latest tick.
[Agent] Exploration: Random action: HOLD
[Agent] Received reward: 0.00000000
[NeuralNetworkInterface] Received reward signal: 0.00000000
[Agent] Making decision using full OHLCV data
[Agent] Price data: O=362.06332397 H=368.00000000 L=354.71331787 C=366.21331787 V=56154000.00000000
[Agent_Features] Generated 18 features for the latest tick.
[Agent] Exploration: Random action: HOLD
[Agent] Received reward: 0.00000000
[NeuralNetworkInterface] Received reward signal: 0.00000000
[Agent] Making decision using full OHLCV data
[Agent] Price data: O=356.77999878 H=365.18331909 L=351.04998779 C=353.77667236 V=47040900.00000000
[Agent_Features] Generated 18 features for the latest tick.
[Agent] Exploration: Random action: BUY
[Portfolio] Logged Trade: BUY 0.68891012 TSLA @ 353.78. New Cash: 4630.69, New Coins: 20.00387200
[Agent] Received reward: 0.00000000
[NeuralNetworkInterface] Received reward signal: 0.00000000
[Agent] Making decision using full OHLCV data
[Agent] Price data: O=352.26000977 H=360.66665649 L=351.52999878 C=357.81332397 V=40733700.00000000
[Agent_Features] Generated 18 features for the latest tick.
[Agent] Exploration: Random action: HOLD
[Agent] Received reward: 0.00000000
[NeuralNetworkInterface] Received reward signal: 0.00000000
[Agent] Making decision using full OHLCV data
[Agent] Price data: O=399.92666626 H=400.35665894 L=378.67999268 C=382.58334351 V=103931400.00000000
[Agent_Features] Generated 18 features for the latest tick.
[Agent] Exploration: Random action: HOLD
[Agent] Received reward: 0.00000000
[NeuralNetworkInterface] Received reward signal: 0.00000000
[Agent] Making decision using full OHLCV data
[Agent] Price data: O=383.19665527 H=402.66665649 L=374.35000610 C=396.51666260 V=100248300.00000000
[Agent_Features] Generated 18 features for the latest tick.
[Agent] Exploration: Random action: BUY
[Portfolio] Logged Trade: BUY 0.58392077 TSLA @ 396.52. New Cash: 4399.15, New Coins: 20.58779277
[Agent] Received reward: 0.00000000
[NeuralNetworkInterface] Received reward signal: 0.00000000
[Agent] Making decision using full OHLCV data
[Agent] Price data: O=362.70666504 H=390.11334229 L=360.33666992 C=382.21667480 V=80119800.00000000
[Agent_Features] Generated 18 features for the latest tick.
[Agent] Exploration: Random action: BUY
[Portfolio] Logged Trade: BUY 0.57547881 TSLA @ 382.22. New Cash: 4179.19, New Coins: 21.16327158
[Agent] Received reward: 0.00000000
[NeuralNetworkInterface] Received reward signal: 0.00000000
[Agent] Making decision using full OHLCV data
[Agent] Price data: O=354.89999390 H=362.66665649 L=340.16665649 C=359.00000000 V=90336600.00000000
[Agent_Features] Generated 18 features for the latest tick.
[Agent] Exploration: Random action: SELL
[Portfolio] Logged Trade: SELL 1.05816358 TSLA @ 359.00. New Cash: 4559.08, New Coins: 20.10510800
[Agent] Received reward: 0.00000000
[NeuralNetworkInterface] Received reward signal: 0.00000000
[Agent] Making decision using full OHLCV data
[Agent] Price data: O=342.32000732 H=360.30999756 L=336.66665649 C=360.12332153 V=84164700.00000000
[Agent_Features] Generated 18 features for the latest tick.
[Agent] Exploration: Random action: BUY
[Portfolio] Logged Trade: BUY 0.63298804 TSLA @ 360.12. New Cash: 4331.12, New Coins: 20.73809604
[Agent] Received reward: 0.00000000
[NeuralNetworkInterface] Received reward signal: 0.00000000
[Agent] Making decision using full OHLCV data
[Agent] Price data: O=352.70666504 H=353.03332520 L=326.66665649 C=333.33334351 V=91815000.00000000
[Agent_Features] Generated 18 features for the latest tick.
[Agent] Exploration: Random action: BUY
[Portfolio] Logged Trade: BUY 0.64966818 TSLA @ 333.33. New Cash: 4114.57, New Coins: 21.38776422
[Agent] Received reward: 0.00000000
[NeuralNetworkInterface] Received reward signal: 0.00000000
[Agent] Making decision using full OHLCV data
[Agent] Price data: O=354.79998779 H=358.61666870 L=346.27334595 C=351.22332764 V=66063300.00000000
[Agent_Features] Generated 18 features for the latest tick.
[Agent] Exploration: Random action: BUY
[Portfolio] Logged Trade: BUY 0.58574772 TSLA @ 351.22. New Cash: 3908.84, New Coins: 21.97351195
[Agent] Received reward: 0.00000000
[NeuralNetworkInterface] Received reward signal: 0.00000000
[Agent] Making decision using full OHLCV data
[Agent] Price data: O=368.73999023 H=371.61334229 L=357.52999878 C=359.61666870 V=83739000.00000000
[Agent_Features] Generated 18 features for the latest tick.
[Agent] Exploration: Random action: SELL
[Portfolio] Logged Trade: SELL 1.09867560 TSLA @ 359.62. New Cash: 4303.94, New Coins: 20.87483635
[Agent] Received reward: -0.00000000
[NeuralNetworkInterface] Received reward signal: -0.00000000
[Agent] Making decision using full OHLCV data
[Agent] Price data: O=343.85333252 H=371.86666870 L=342.17999268 C=369.69000244 V=97209900.00000000
[Agent_Features] Generated 18 features for the latest tick.
[Agent] Exploration: Random action: BUY
[Portfolio] Logged Trade: BUY 0.58210109 TSLA @ 369.69. New Cash: 4088.74, New Coins: 21.45693744
[Agent] Received reward: 0.00000000
[NeuralNetworkInterface] Received reward signal: 0.00000000
[Agent] Making decision using full OHLCV data
[Agent] Price data: O=349.86999512 H=350.66665649 L=337.79333496 C=339.95999146 V=72924300.00000000
[Agent_Features] Generated 18 features for the latest tick.
[Agent] Exploration: Random action: SELL
[Portfolio] Logged Trade: SELL 1.07284687 TSLA @ 339.96. New Cash: 4453.47, New Coins: 20.38409057
[Agent] Received reward: -0.00000000
[NeuralNetworkInterface] Received reward signal: -0.00000000
[Agent] Making decision using full OHLCV data
[Agent] Price data: O=343.50332642 H=356.92999268 L=338.68667603 C=342.20333862 V=66743400.00000000
[Agent_Features] Generated 18 features for the latest tick.
[Agent] Exploration: Random action: BUY
[Portfolio] Logged Trade: BUY 0.65070480 TSLA @ 342.20. New Cash: 4230.79, New Coins: 21.03479537
[Agent] Received reward: -0.00000000
[NeuralNetworkInterface] Received reward signal: -0.00000000
[Agent] Making decision using full OHLCV data
[Agent] Price data: O=331.88333130 H=351.55667114 L=331.66665649 C=347.23666382 V=75442500.00000000
[Agent_Features] Generated 18 features for the latest tick.
[Agent] Exploration: Random action: BUY
[Portfolio] Logged Trade: BUY 0.60920897 TSLA @ 347.24. New Cash: 4019.25, New Coins: 21.64400434
[Agent] Received reward: 0.00000000
[NeuralNetworkInterface] Received reward signal: 0.00000000
[Agent] Making decision using full OHLCV data
[Agent] Price data: O=332.08999634 H=347.22000122 L=331.33334351 C=336.57666016 V=70488600.00000000
[Agent_Features] Generated 18 features for the latest tick.
[Agent] Exploration: Random action: HOLD
[Agent] Received reward: 0.00000000
[NeuralNetworkInterface] Received reward signal: 0.00000000
[Agent] Making decision using full OHLCV data
[Agent] Price data: O=314.63333130 H=334.85000610 L=313.50000000 C=332.11334229 V=103416000.00000000
[Agent_Features] Generated 18 features for the latest tick.
[Agent] Exploration: Random action: HOLD
[Agent] Received reward: 0.00000000
[NeuralNetworkInterface] Received reward signal: 0.00000000
[Agent] Making decision using full OHLCV data
[Agent] Price data: O=310.00000000 H=311.17001343 L=283.82333374 C=301.58666992 V=151565700.00000000
[Agent_Features] Generated 18 features for the latest tick.
[Agent] Exploration: Random action: HOLD
[Agent] Received reward: 0.00000000
[NeuralNetworkInterface] Received reward signal: 0.00000000
[Agent] Making decision using full OHLCV data
[Agent] Price data: O=306.13333130 H=317.08666992 L=301.07000732 C=304.73333740 V=86595900.00000000
[Agent_Features] Generated 18 features for the latest tick.
[Agent] Exploration: Random action: BUY
[Portfolio] Logged Trade: BUY 0.65947069 TSLA @ 304.73. New Cash: 3818.29, New Coins: 22.30347503
[Agent] Received reward: 0.00000000
[NeuralNetworkInterface] Received reward signal: 0.00000000
[Agent] Making decision using full OHLCV data
[Agent] Price data: O=312.47000122 H=329.23001099 L=302.00000000 C=317.47665405 V=104867400.00000000
[Agent_Features] Generated 18 features for the latest tick.
[Agent] Exploration: Random action: SELL
[Portfolio] Logged Trade: SELL 1.11517375 TSLA @ 317.48. New Cash: 4172.33, New Coins: 21.18830128
[Agent] Received reward: 0.00000000
[NeuralNetworkInterface] Received reward signal: 0.00000000
[Agent] Making decision using full OHLCV data
[Agent] Price data: O=276.36666870 H=311.79666138 L=276.33334351 C=311.11999512 V=147109500.00000000
[Agent_Features] Generated 18 features for the latest tick.
[Agent] Exploration: Random action: HOLD
[Agent] Received reward: 0.00000000
[NeuralNetworkInterface] Received reward signal: 0.00000000
[Agent] Making decision using full OHLCV data
[Agent] Price data: O=282.11666870 H=285.83334351 L=264.00332642 C=277.18667603 V=134789100.00000000
[Agent_Features] Generated 18 features for the latest tick.
[Agent] Exploration: Random action: BUY
[Portfolio] Logged Trade: BUY 0.75262150 TSLA @ 277.19. New Cash: 3963.72, New Coins: 21.94092277
[Agent] Received reward: 0.00000000
[NeuralNetworkInterface] Received reward signal: 0.00000000
[Agent] Making decision using full OHLCV data
[Agent] Price data: O=312.23999023 H=312.66333008 L=287.35000610 C=290.90332031 V=104436000.00000000
[Agent_Features] Generated 18 features for the latest tick.
[Agent] Exploration: Random action: SELL
[Portfolio] Logged Trade: SELL 1.09704614 TSLA @ 290.90. New Cash: 4282.85, New Coins: 20.84387663
[Agent] Received reward: 0.00000000
[NeuralNetworkInterface] Received reward signal: 0.00000000
[Agent] Making decision using full OHLCV data
[Agent] Price data: O=310.41665649 H=314.56668091 L=301.66665649 C=311.73666382 V=73138200.00000000
[Agent_Features] Generated 18 features for the latest tick.
[Agent] Exploration: Random action: HOLD
[Agent] Received reward: 0.00000000
[NeuralNetworkInterface] Received reward signal: 0.00000000
[Agent] Making decision using full OHLCV data
[Agent] Price data: O=301.88665771 H=310.50000000 L=296.47000122 C=309.39334106 V=66792900.00000000
[Agent_Features] Generated 18 features for the latest tick.
[Agent] Exploration: Random action: BUY
[Portfolio] Logged Trade: BUY 0.69213686 TSLA @ 309.39. New Cash: 4068.71, New Coins: 21.53601350
[Agent] Received reward: 0.00000000
[NeuralNetworkInterface] Received reward signal: 0.00000000
[Agent] Making decision using full OHLCV data
[Agent] Price data: O=297.04666138 H=312.33334351 L=293.50665283 C=294.00000000 V=78855600.00000000
[Agent_Features] Generated 18 features for the latest tick.
[Agent] Exploration: Random action: BUY
[Portfolio] Logged Trade: BUY 0.69195718 TSLA @ 294.00. New Cash: 3865.27, New Coins: 22.22797067
[Agent] Received reward: 0.00000000
[NeuralNetworkInterface] Received reward signal: 0.00000000
[Agent] Making decision using full OHLCV data
[Agent] Price data: O=307.77334595 H=312.16665649 L=293.72332764 C=299.07333374 V=73625400.00000000
[Agent_Features] Generated 18 features for the latest tick.
[Agent] Exploration: Random action: SELL
[Portfolio] Logged Trade: SELL 1.11139853 TSLA @ 299.07. New Cash: 4197.66, New Coins: 21.11657214
[Agent] Received reward: 0.00000000
[NeuralNetworkInterface] Received reward signal: 0.00000000
[Agent] Making decision using full OHLCV data
[Agent] Price data: O=302.44665527 H=315.92333984 L=300.90332031 C=307.92999268 V=60994500.00000000
[Agent_Features] Generated 18 features for the latest tick.
[Agent] Exploration: Random action: BUY
[Portfolio] Logged Trade: BUY 0.68159363 TSLA @ 307.93. New Cash: 3987.78, New Coins: 21.79816577
[Agent] Received reward: 0.00000000
[NeuralNetworkInterface] Received reward signal: 0.00000000
[Agent] Making decision using full OHLCV data
[Agent] Price data: O=307.33334351 H=308.76333618 L=298.26666260 C=301.84332275 V=50729100.00000000
[Agent_Features] Generated 18 features for the latest tick.
[Agent] Exploration: Random action: BUY
[Portfolio] Logged Trade: BUY 0.66057107 TSLA @ 301.84. New Cash: 3788.39, New Coins: 22.45873684
[Agent] Received reward: 0.00000000
[NeuralNetworkInterface] Received reward signal: 0.00000000
[Agent] Making decision using full OHLCV data
[Agent] Price data: O=310.66665649 H=315.42333984 L=306.66665649 C=311.66665649 V=52259400.00000000
[Agent_Features] Generated 18 features for the latest tick.
[Agent] Exploration: Random action: BUY
[Portfolio] Logged Trade: BUY 0.60776318 TSLA @ 311.67. New Cash: 3598.97, New Coins: 23.06650002
[Agent] Received reward: -0.00000000
[NeuralNetworkInterface] Received reward signal: -0.00000000
[Agent] Making decision using full OHLCV data
[Agent] Price data: O=301.51666260 H=314.60333252 L=298.89999390 C=302.79000854 V=66126900.00000000
[Agent_Features] Generated 18 features for the latest tick.
[Agent] Exploration: Random action: BUY
[Portfolio] Logged Trade: BUY 0.59430145 TSLA @ 302.79. New Cash: 3419.02, New Coins: 23.66080147
[Agent] Received reward: 0.00000000
[NeuralNetworkInterface] Received reward signal: 0.00000000
[Agent] Making decision using full OHLCV data
[Agent] Price data: O=286.66665649 H=305.32000732 L=283.56668091 C=303.20999146 V=79645800.00000000
[Agent_Features] Generated 18 features for the latest tick.
[Agent] Exploration: Random action: SELL
[Portfolio] Logged Trade: SELL 1.18304007 TSLA @ 303.21. New Cash: 3777.73, New Coins: 22.47776140
[Agent] Received reward: 0.00000000
[NeuralNetworkInterface] Received reward signal: 0.00000000
[Agent] Making decision using full OHLCV data
[Agent] Price data: O=291.92001343 H=299.62667847 L=284.38333130 C=287.19000244 V=67756500.00000000
[Agent_Features] Generated 18 features for the latest tick.
[Agent] Exploration: Random action: SELL
[Portfolio] Logged Trade: SELL 1.12388807 TSLA @ 287.19. New Cash: 4100.50, New Coins: 21.35387333
[Agent] Received reward: -0.00000000
[NeuralNetworkInterface] Received reward signal: -0.00000000
[Agent] Making decision using full OHLCV data
[Agent] Price data: O=307.47665405 H=307.66665649 L=297.79333496 C=300.00000000 V=57286200.00000000
[Agent_Features] Generated 18 features for the latest tick.
[Agent] Exploration: Random action: BUY
[Portfolio] Logged Trade: BUY 0.68341688 TSLA @ 300.00. New Cash: 3895.48, New Coins: 22.03729021
[Agent] Received reward: 0.00000000
[NeuralNetworkInterface] Received reward signal: 0.00000000
[Agent] Making decision using full OHLCV data
[Agent] Price data: O=307.79666138 H=308.80999756 L=300.40332031 C=304.68331909 V=51294300.00000000
[Agent_Features] Generated 18 features for the latest tick.
[Agent] Exploration: Random action: BUY
[Portfolio] Logged Trade: BUY 0.63926641 TSLA @ 304.68. New Cash: 3700.70, New Coins: 22.67655662
[Agent] Received reward: 0.00000000
[NeuralNetworkInterface] Received reward signal: 0.00000000
[Agent] Making decision using full OHLCV data
[Agent] Price data: O=292.11666870 H=306.16665649 L=291.36666870 C=304.42001343 V=55178400.00000000
[Agent_Features] Generated 18 features for the latest tick.
[Agent] Exploration: Random action: SELL
[Portfolio] Logged Trade: SELL 1.13382783 TSLA @ 304.42. New Cash: 4045.86, New Coins: 21.54272879
[Agent] Received reward: 0.00000000
[NeuralNetworkInterface] Received reward signal: 0.00000000
[Agent] Making decision using full OHLCV data
[Agent] Price data: O=285.66000366 H=295.62332153 L=279.20333862 C=295.33334351 V=68501700.00000000
[Agent_Features] Generated 18 features for the latest tick.
[Agent] Exploration: Random action: BUY
[Portfolio] Logged Trade: BUY 0.68496538 TSLA @ 295.33. New Cash: 3843.57, New Coins: 22.22769416
[Agent] Received reward: 0.00000000
[NeuralNetworkInterface] Received reward signal: 0.00000000
[Agent] Making decision using full OHLCV data
[Agent] Price data: O=273.84332275 H=285.57666016 L=267.03332520 C=278.04333496 V=83288100.00000000
[Agent_Features] Generated 18 features for the latest tick.
[Agent] Exploration: Random action: HOLD
[Agent] Received reward: 0.00000000
[NeuralNetworkInterface] Received reward signal: 0.00000000
[Agent] Making decision using full OHLCV data
[Agent] Price data: O=254.67999268 H=278.43331909 L=253.52000427 C=276.80999756 V=95256900.00000000
[Agent_Features] Generated 18 features for the latest tick.
[Agent] Exploration: Random action: HOLD
[Agent] Received reward: 0.00000000
[NeuralNetworkInterface] Received reward signal: 0.00000000
[Agent] Making decision using full OHLCV data
[Agent] Price data: O=266.92333984 H=267.49334717 L=233.33332825 C=233.46333313 V=135322200.00000000
[Agent_Features] Generated 18 features for the latest tick.
[Agent] Exploration: Random action: HOLD
[Agent] Received reward: 0.00000000
[NeuralNetworkInterface] Received reward signal: 0.00000000
[Agent] Making decision using full OHLCV data
[Agent] Price data: O=269.95666504 H=273.16665649 L=260.79998779 C=269.74334717 V=76067700.00000000
[Agent_Features] Generated 18 features for the latest tick.
[Agent] Exploration: Random action: SELL
[Portfolio] Logged Trade: SELL 1.11138471 TSLA @ 269.74. New Cash: 4143.36, New Coins: 21.11630946
[Agent] Received reward: 0.00000000
[NeuralNetworkInterface] Received reward signal: 0.00000000
[Agent] Making decision using full OHLCV data
[Agent] Price data: O=290.14334106 H=292.28668213 L=271.57000732 C=271.67001343 V=99006900.00000000
[Agent_Features] Generated 18 features for the latest tick.
[Agent] Exploration: Random action: SELL
[Portfolio] Logged Trade: SELL 1.05581547 TSLA @ 271.67. New Cash: 4430.19, New Coins: 20.06049398
[Agent] Received reward: 0.00000000
[NeuralNetworkInterface] Received reward signal: 0.00000000
[Agent] Making decision using full OHLCV data
[Agent] Price data: O=288.12332153 H=296.62667847 L=284.59332275 C=289.89334106 V=74766900.00000000
[Agent_Features] Generated 18 features for the latest tick.
[Agent] Exploration: Random action: HOLD
[Agent] Received reward: 0.00000000
[NeuralNetworkInterface] Received reward signal: 0.00000000
[Agent] Making decision using full OHLCV data
[Agent] Price data: O=293.29666138 H=295.49334717 L=281.42333984 C=290.70999146 V=74643300.00000000
[Agent_Features] Generated 18 features for the latest tick.
[Agent] Exploration: Random action: HOLD
[Agent] Received reward: 0.00000000
[NeuralNetworkInterface] Received reward signal: 0.00000000
[Agent] Making decision using full OHLCV data
[Agent] Price data: O=279.76333618 H=295.48001099 L=277.53332520 C=292.92333984 V=61623600.00000000
[Agent_Features] Generated 18 features for the latest tick.
[Agent] Exploration: Random action: HOLD
[Agent] Received reward: 0.00000000
[NeuralNetworkInterface] Received reward signal: 0.00000000
[Agent] Making decision using full OHLCV data
[Agent] Price data: O=279.42999268 H=285.21667480 L=275.05334473 C=283.03332520 V=66999600.00000000
[Agent_Features] Generated 18 features for the latest tick.
[Agent] Exploration: Random action: SELL
[Portfolio] Logged Trade: SELL 1.00302470 TSLA @ 283.03. New Cash: 4714.08, New Coins: 19.05746928
[Agent] Received reward: 0.00000000
[NeuralNetworkInterface] Received reward signal: 0.00000000
[Agent] Making decision using full OHLCV data
[Agent] Price data: O=268.19332886 H=288.71331787 L=268.19000244 C=285.43331909 V=72494100.00000000
[Agent_Features] Generated 18 features for the latest tick.
[Agent] Exploration: Random action: SELL
[Portfolio] Logged Trade: SELL 0.95287346 TSLA @ 285.43. New Cash: 4986.06, New Coins: 18.10459582
[Agent] Received reward: 0.00000000
[NeuralNetworkInterface] Received reward signal: 0.00000000
[Agent] Making decision using full OHLCV data
[Agent] Price data: O=274.79998779 H=283.32998657 L=260.72332764 C=265.17666626 V=80399100.00000000
[Agent_Features] Generated 18 features for the latest tick.
[Agent] Exploration: Random action: BUY
[Portfolio] Logged Trade: BUY 0.94013974 TSLA @ 265.18. New Cash: 4736.76, New Coins: 19.04473556
[Agent] Received reward: 0.00000000
[NeuralNetworkInterface] Received reward signal: 0.00000000
[Agent] Making decision using full OHLCV data
[Agent] Price data: O=286.32333374 H=286.85333252 L=277.33666992 C=279.82666016 V=59184000.00000000
[Agent_Features] Generated 18 features for the latest tick.
[Agent] Exploration: Random action: BUY
[Portfolio] Logged Trade: BUY 0.84637385 TSLA @ 279.83. New Cash: 4499.92, New Coins: 19.89110941
[Agent] Received reward: 0.00000000
[NeuralNetworkInterface] Received reward signal: 0.00000000
[Agent] Making decision using full OHLCV data
[Agent] Price data: O=279.43331909 H=284.81668091 L=270.11999512 C=283.81668091 V=58648500.00000000
[Agent_Features] Generated 18 features for the latest tick.
[Agent] Exploration: Random action: SELL
[Portfolio] Logged Trade: SELL 0.99455547 TSLA @ 283.82. New Cash: 4782.19, New Coins: 18.89655394
[Agent] Received reward: 0.00000000
[NeuralNetworkInterface] Received reward signal: 0.00000000
[Agent] Making decision using full OHLCV data
[Agent] Price data: O=265.11666870 H=281.26666260 L=264.58999634 C=280.06668091 V=67037100.00000000
[Agent_Features] Generated 18 features for the latest tick.
[Agent] Exploration: Random action: SELL
[Portfolio] Logged Trade: SELL 0.94482770 TSLA @ 280.07. New Cash: 5046.81, New Coins: 17.95172624
[Agent] Received reward: 0.00000000
[NeuralNetworkInterface] Received reward signal: 0.00000000
[Agent] Making decision using full OHLCV data
[Agent] Price data: O=255.45666504 H=266.89999390 L=252.01333618 C=260.20333862 V=71152200.00000000
[Agent_Features] Generated 18 features for the latest tick.
[Agent] Exploration: Random action: SELL
[Portfolio] Logged Trade: SELL 0.89758631 TSLA @ 260.20. New Cash: 5280.36, New Coins: 17.05413993
[Agent] Received reward: 0.00000000
[NeuralNetworkInterface] Received reward signal: 0.00000000
[Agent] Making decision using full OHLCV data
[Agent] Price data: O=267.29666138 H=268.52334595 L=252.19000244 C=258.42333984 V=66841200.00000000
[Agent_Features] Generated 18 features for the latest tick.
[Agent] Exploration: Random action: HOLD
[Agent] Received reward: 0.00000000
[NeuralNetworkInterface] Received reward signal: 0.00000000
[Agent] Making decision using full OHLCV data
[Agent] Price data: O=280.07666016 H=280.66665649 L=267.42001343 C=269.66665649 V=84028800.00000000
[Agent_Features] Generated 18 features for the latest tick.
[Agent] Exploration: Random action: HOLD
[Agent] Received reward: 0.00000000
[NeuralNetworkInterface] Received reward signal: 0.00000000
[Agent] Making decision using full OHLCV data
[Agent] Price data: O=290.53332520 H=291.66665649 L=275.23999023 C=276.99667358 V=66582900.00000000
[Agent_Features] Generated 18 features for the latest tick.
[Agent] Exploration: Random action: BUY
[Portfolio] Logged Trade: BUY 0.95314548 TSLA @ 277.00. New Cash: 5016.34, New Coins: 18.00728541
[Agent] Received reward: 0.00000000
[NeuralNetworkInterface] Received reward signal: 0.00000000
[Agent] Making decision using full OHLCV data
[Agent] Price data: O=301.79666138 H=302.61666870 L=289.13000488 C=291.49667358 V=100414200.00000000
[Agent_Features] Generated 18 features for the latest tick.
[Agent] Exploration: Random action: BUY
[Portfolio] Logged Trade: BUY 0.86044625 TSLA @ 291.50. New Cash: 4765.53, New Coins: 18.86773166
[Agent] Received reward: 0.00000000
[NeuralNetworkInterface] Received reward signal: 0.00000000
[Agent] Making decision using full OHLCV data
[Agent] Price data: O=307.05334473 H=314.28332520 L=302.36334229 C=304.99334717 V=81981600.00000000
[Agent_Features] Generated 18 features for the latest tick.
[Agent] Exploration: Random action: BUY
[Portfolio] Logged Trade: BUY 0.78125100 TSLA @ 304.99. New Cash: 4527.25, New Coins: 19.64898266
[Agent] Received reward: 0.00000000
[NeuralNetworkInterface] Received reward signal: 0.00000000
[Agent] Making decision using full OHLCV data
[Agent] Price data: O=331.32666016 H=332.61999512 L=307.25000000 C=310.00000000 V=105868500.00000000
[Agent_Features] Generated 18 features for the latest tick.
[Agent] Exploration: Random action: HOLD
[Agent] Received reward: 0.00000000
[NeuralNetworkInterface] Received reward signal: 0.00000000
[Agent] Making decision using full OHLCV data
[Agent] Price data: O=333.03668213 H=346.89999390 L=325.46667480 C=326.64666748 V=120676200.00000000
[Agent_Features] Generated 18 features for the latest tick.
[Agent] Exploration: Random action: SELL
[Portfolio] Logged Trade: SELL 0.98244913 TSLA @ 326.65. New Cash: 4848.16, New Coins: 18.66653353
[Agent] Received reward: 0.00000000
[NeuralNetworkInterface] Received reward signal: 0.00000000
[Agent] Making decision using full OHLCV data
[Agent] Price data: O=337.97332764 H=341.49667358 L=329.60000610 C=336.57666016 V=68920800.00000000
[Agent_Features] Generated 18 features for the latest tick.
[Agent] Exploration: Random action: HOLD
[Agent] Received reward: 0.00000000
[NeuralNetworkInterface] Received reward signal: 0.00000000
[Agent] Making decision using full OHLCV data
[Agent] Price data: O=336.88000488 H=340.60000610 L=332.44000244 C=336.00000000 V=62031600.00000000
[Agent_Features] Generated 18 features for the latest tick.
[Agent] Exploration: Random action: HOLD
[Agent] Received reward: 0.00000000
[NeuralNetworkInterface] Received reward signal: 0.00000000
[Agent] Making decision using full OHLCV data
[Agent] Price data: O=363.94665527 H=365.95999146 L=351.20001221 C=355.03332520 V=102506100.00000000
[Agent_Features] Generated 18 features for the latest tick.
[Agent] Exploration: Random action: BUY
[Portfolio] Logged Trade: BUY 0.68277598 TSLA @ 355.03. New Cash: 4605.76, New Coins: 19.34930951
[Agent] Received reward: 0.00000000
[NeuralNetworkInterface] Received reward signal: 0.00000000
[Agent] Making decision using full OHLCV data
[Agent] Price data: O=366.52334595 H=371.58999634 L=357.70333862 C=369.32998657 V=73614900.00000000
[Agent_Features] Generated 18 features for the latest tick.
[Agent] Exploration: Random action: BUY
[Portfolio] Logged Trade: BUY 0.62352862 TSLA @ 369.33. New Cash: 4375.47, New Coins: 19.97283813
[Agent] Received reward: 0.00000000
[NeuralNetworkInterface] Received reward signal: 0.00000000
[Agent] Making decision using full OHLCV data
[Agent] Price data: O=364.66333008 H=371.31668091 L=361.33334351 C=363.72332764 V=59865000.00000000
[Agent_Features] Generated 18 features for the latest tick.
[Agent] Exploration: Random action: BUY
[Portfolio] Logged Trade: BUY 0.60148307 TSLA @ 363.72. New Cash: 4156.70, New Coins: 20.57432120
[Agent] Received reward: 0.00000000
[NeuralNetworkInterface] Received reward signal: 0.00000000
[Agent] Making decision using full OHLCV data
[Agent] Price data: O=359.20001221 H=367.71331787 L=358.88000488 C=364.85665894 V=48992700.00000000
[Agent_Features] Generated 18 features for the latest tick.
[Agent] Exploration: Random action: BUY
[Portfolio] Logged Trade: BUY 0.56963399 TSLA @ 364.86. New Cash: 3948.86, New Coins: 21.14395519
[Agent] Received reward: -0.00000000
[NeuralNetworkInterface] Received reward signal: -0.00000000
[Agent] Making decision using full OHLCV data
[Agent] Price data: O=361.52999878 H=364.91665649 L=355.54666138 C=360.38333130 V=54263100.00000000
[Agent_Features] Generated 18 features for the latest tick.
[Agent] Exploration: Random action: HOLD
[Agent] Received reward: 0.00000000
[NeuralNetworkInterface] Received reward signal: 0.00000000
[Agent] Making decision using full OHLCV data
[Agent] Price data: O=381.81668091 H=383.30334473 L=357.51000977 C=363.12667847 V=82035900.00000000
[Agent_Features] Generated 18 features for the latest tick.
[Agent] Exploration: Random action: HOLD
[Agent] Received reward: 0.00000000
[NeuralNetworkInterface] Received reward signal: 0.00000000
[Agent] Making decision using full OHLCV data
[Agent] Price data: O=363.75332642 H=384.29000854 L=362.43331909 C=378.76666260 V=80075100.00000000
[Agent_Features] Generated 18 features for the latest tick.
[Agent] Exploration: Random action: HOLD
[Agent] Received reward: 0.00000000
[NeuralNetworkInterface] Received reward signal: 0.00000000
[Agent] Making decision using full OHLCV data
[Agent] Price data: O=348.58666992 H=359.66665649 L=342.56668091 C=357.82333374 V=89348400.00000000
[Agent_Features] Generated 18 features for the latest tick.
[Agent] Exploration: Random action: HOLD
[Agent] Received reward: 0.00000000
[NeuralNetworkInterface] Received reward signal: 0.00000000
[Agent] Making decision using full OHLCV data
[Agent] Price data: O=352.42001343 H=358.86334229 L=340.51333618 C=350.79666138 V=79447200.00000000
[Agent_Features] Generated 18 features for the latest tick.
[Agent] Exploration: Random action: BUY
[Portfolio] Logged Trade: BUY 0.56284178 TSLA @ 350.80. New Cash: 3751.42, New Coins: 21.70679697
[Agent] Received reward: 0.00000000
[NeuralNetworkInterface] Received reward signal: 0.00000000
[Agent] Making decision using full OHLCV data
[Agent] Price data: O=341.82998657 H=349.48001099 L=340.81332397 C=347.73666382 V=55013700.00000000
[Agent_Features] Generated 18 features for the latest tick.
[Agent] Exploration: Random action: SELL
[Portfolio] Logged Trade: SELL 1.08533985 TSLA @ 347.74. New Cash: 4128.83, New Coins: 20.62145712
[Agent] Received reward: 0.00000000
[NeuralNetworkInterface] Received reward signal: 0.00000000
[Agent] Making decision using full OHLCV data
[Agent] Price data: O=325.30999756 H=336.15667725 L=324.88000488 C=326.79998779 V=59357100.00000000
[Agent_Features] Generated 18 features for the latest tick.
[Agent] Exploration: Random action: HOLD
[Agent] Received reward: 0.00000000
[NeuralNetworkInterface] Received reward signal: 0.00000000
[Agent] Making decision using full OHLCV data
[Agent] Price data: O=328.98333740 H=340.39666748 L=325.53332520 C=332.54666138 V=65976000.00000000
[Agent_Features] Generated 18 features for the latest tick.
[Agent] Exploration: Random action: HOLD
[Agent] Received reward: 0.00000000
[NeuralNetworkInterface] Received reward signal: 0.00000000
[Agent] Making decision using full OHLCV data
[Agent] Price data: O=340.79000854 H=342.07998657 L=324.36666870 C=327.02667236 V=55121100.00000000
[Agent_Features] Generated 18 features for the latest tick.
[Agent] Exploration: Random action: SELL
[Portfolio] Logged Trade: SELL 1.03107286 TSLA @ 327.03. New Cash: 4466.02, New Coins: 19.59038427
[Agent] Received reward: 0.00000000
[NeuralNetworkInterface] Received reward signal: 0.00000000
[Simulation] Simulation run finished. Ticks processed in this run: 153

Simulation Finished in 0.02 seconds.
--------------------
  Final Portfolio  
--------------------
Cash:      $4466.02
Asset:     19.5904 TSLA
Total Value: $10872.60
--------------------
[Simulation] Simulation destroyed.
[AutonomousTradingAgent] Agent destroyed
[NeuralNetworkInterface] Destructor called.
[Portfolio] Destroyed for asset: TSLA. Final cash: 4466.02, Final assets: 19.59
