Loading data from training_run_20250621_125419/data/UNH_1d_20161228_to_20171031.csv...
Loaded 164 data points.
[Portfolio] Initialized for asset: UNH with initial cash: 10000.00. Initial Portfolio Value: 10000.00
[NeuralNetworkInterface] Constructor called.
[NeuralNetworkInterface] Initializing...
Warning: NN model path is empty. Initializing in a mock state.
[NeuralNetworkInterface] Initialized successfully.
[AutonomousTradingAgent] Agent initialized for UNH without API client (CSV mode).
[Simulation] Initialized with 164 data points.
[Simulation] API client is NULL (offline/CSV mode).

Starting Simulation for UNH...
[Simulation] Starting simulation run...
[Agent] Making decision using full OHLCV data
[Agent] Price data: O=149.82 H=149.83 L=148.12 C=148.44 V=3716600.00
[Agent_Features] Generated 15 features for the latest tick.
[Agent] Exploration: Random action: BUY
[Portfolio] Logged Trade: BUY 3.36834112 UNH @ 148.44. New Cash: 9500.00, New Coins: 3.36834112
[Agent] Received reward: 0.00000000
[NeuralNetworkInterface] Received reward signal: 0.00000000
[Agent] Making decision using full OHLCV data
[Agent] Price data: O=150.01872253 H=150.65329964 L=149.43701228 C=149.82481912 V=3130200.00000000
[Agent_Features] Generated 17 features for the latest tick.
[Agent] Exploration: Random action: SELL
[Portfolio] Logged Trade: SELL 0.16841706 UNH @ 149.82. New Cash: 9525.23, New Coins: 3.19992407
[Agent] Received reward: 0.00000000
[NeuralNetworkInterface] Received reward signal: 0.00000000
[Agent] Making decision using full OHLCV data
[Agent] Price data: O=149.00512695 H=149.99226180 L=148.51155953 C=149.53395688 V=2522600.00000000
[Agent_Features] Generated 17 features for the latest tick.
[Agent] Exploration: Random action: BUY
[Portfolio] Logged Trade: BUY 3.18497325 UNH @ 149.53. New Cash: 9048.97, New Coins: 6.38489732
[Agent] Received reward: -0.00000000
[NeuralNetworkInterface] Received reward signal: -0.00000000
[Agent] Making decision using full OHLCV data
[Agent] Price data: O=151.40248108 H=151.56994435 L=149.20785416 C=149.26955682 V=2807600.00000000
[Agent_Features] Generated 17 features for the latest tick.
[Agent] Exploration: Random action: SELL
[Portfolio] Logged Trade: SELL 0.31924487 UNH @ 149.27. New Cash: 9096.62, New Coins: 6.06565245
[Agent] Received reward: 0.00000000
[NeuralNetworkInterface] Received reward signal: 0.00000000
[Agent] Making decision using full OHLCV data
[Agent] Price data: O=150.97938538 H=151.71973639 L=150.02749974 C=151.65804720 V=3138600.00000000
[Agent_Features] Generated 18 features for the latest tick.
[Agent] Exploration: Random action: BUY
[Portfolio] Logged Trade: BUY 2.99905778 UNH @ 151.66. New Cash: 8641.79, New Coins: 9.06471024
[Agent] Received reward: 0.00000000
[NeuralNetworkInterface] Received reward signal: 0.00000000
[Agent] Making decision using full OHLCV data
[Agent] Price data: O=149.56916809 H=151.19089306 L=149.47221641 C=150.79427744 V=5622900.00000000
[Agent_Features] Generated 18 features for the latest tick.
[Agent] Exploration: Random action: BUY
[Portfolio] Logged Trade: BUY 2.86542495 UNH @ 150.79. New Cash: 8209.70, New Coins: 11.93013519
[Agent] Received reward: 0.00000000
[NeuralNetworkInterface] Received reward signal: 0.00000000
[Agent] Making decision using full OHLCV data
[Agent] Price data: O=148.07083130 H=150.04511389 L=148.00031977 C=149.77187666 V=3928600.00000000
[Agent_Features] Generated 18 features for the latest tick.
[Agent] Exploration: Random action: SELL
[Portfolio] Logged Trade: SELL 0.59650676 UNH @ 149.77. New Cash: 8299.04, New Coins: 11.33362843
[Agent] Received reward: 0.00000000
[NeuralNetworkInterface] Received reward signal: 0.00000000
[Agent] Making decision using full OHLCV data
[Agent] Price data: O=147.80647278 H=148.79362118 L=147.24239374 C=148.66140696 V=4953100.00000000
[Agent_Features] Generated 18 features for the latest tick.
[Agent] Exploration: Random action: SELL
[Portfolio] Logged Trade: SELL 0.56668142 UNH @ 148.66. New Cash: 8383.29, New Coins: 10.76694701
[Agent] Received reward: 0.00000000
[NeuralNetworkInterface] Received reward signal: 0.00000000
[Agent] Making decision using full OHLCV data
[Agent] Price data: O=147.21589661 H=148.40575687 L=145.98197840 C=148.18541338 V=2999800.00000000
[Agent_Features] Generated 18 features for the latest tick.
[Agent] Exploration: Random action: HOLD
[Agent] Received reward: 0.00000000
[NeuralNetworkInterface] Received reward signal: 0.00000000
[Agent] Making decision using full OHLCV data
[Agent] Price data: O=145.68234253 H=147.12779575 L=145.22403761 C=146.51083647 V=3947400.00000000
[Agent_Features] Generated 18 features for the latest tick.
[Agent] Exploration: Random action: BUY
[Portfolio] Logged Trade: BUY 2.86097868 UNH @ 146.51. New Cash: 7964.12, New Coins: 13.62792569
[Agent] Received reward: 0.00000000
[NeuralNetworkInterface] Received reward signal: 0.00000000
[Agent] Making decision using full OHLCV data
[Agent] Price data: O=145.42677307 H=147.54206621 L=144.85388510 C=146.42273043 V=5243900.00000000
[Agent_Features] Generated 18 features for the latest tick.
[Agent] Exploration: Random action: HOLD
[Agent] Received reward: 0.00000000
[NeuralNetworkInterface] Received reward signal: 0.00000000
[Agent] Making decision using full OHLCV data
[Agent] Price data: O=145.07423401 H=145.52373012 L=143.93725348 C=144.53659508 V=4383000.00000000
[Agent_Features] Generated 18 features for the latest tick.
[Agent] Exploration: Random action: BUY
[Portfolio] Logged Trade: BUY 2.75505425 UNH @ 144.54. New Cash: 7565.92, New Coins: 16.38297995
[Agent] Received reward: 0.00000000
[NeuralNetworkInterface] Received reward signal: 0.00000000
[Agent] Making decision using full OHLCV data
[Agent] Price data: O=145.73521423 H=146.36980467 L=144.40433072 C=145.05655240 V=7327100.00000000
[Agent_Features] Generated 18 features for the latest tick.
[Agent] Exploration: Random action: BUY
[Portfolio] Logged Trade: BUY 2.60791979 UNH @ 145.06. New Cash: 7187.62, New Coins: 18.99089973
[Agent] Received reward: 0.00000000
[NeuralNetworkInterface] Received reward signal: 0.00000000
[Agent] Making decision using full OHLCV data
[Agent] Price data: O=144.05181885 H=145.40032046 L=143.43485952 C=145.12709658 V=5900400.00000000
[Agent_Features] Generated 18 features for the latest tick.
[Agent] Exploration: Random action: BUY
[Portfolio] Logged Trade: BUY 2.47631951 UNH @ 145.13. New Cash: 6828.24, New Coins: 21.46721924
[Agent] Received reward: 0.00000000
[NeuralNetworkInterface] Received reward signal: 0.00000000
[Agent] Making decision using full OHLCV data
[Agent] Price data: O=145.41790771 H=146.24638802 L=144.06940651 C=144.23685628 V=2993800.00000000
[Agent_Features] Generated 18 features for the latest tick.
[Agent] Exploration: Random action: SELL
[Portfolio] Logged Trade: SELL 1.07336096 UNH @ 144.24. New Cash: 6983.06, New Coins: 20.39385828
[Agent] Received reward: 0.00000000
[NeuralNetworkInterface] Received reward signal: 0.00000000
[Agent] Making decision using full OHLCV data
[Agent] Price data: O=144.55415344 H=145.51486138 L=144.32500103 C=145.10942340 V=3496100.00000000
[Agent_Features] Generated 18 features for the latest tick.
[Agent] Exploration: Random action: BUY
[Portfolio] Logged Trade: BUY 2.40613538 UNH @ 145.11. New Cash: 6633.91, New Coins: 22.79999366
[Agent] Received reward: 0.00000000
[NeuralNetworkInterface] Received reward signal: 0.00000000
[Agent] Making decision using full OHLCV data
[Agent] Price data: O=145.94673157 H=146.43149000 L=144.76569352 C=145.09179763 V=3473700.00000000
[Agent_Features] Generated 18 features for the latest tick.
[Agent] Exploration: Random action: SELL
[Portfolio] Logged Trade: SELL 1.13999968 UNH @ 145.09. New Cash: 6799.31, New Coins: 21.65999398
[Agent] Received reward: 0.00000000
[NeuralNetworkInterface] Received reward signal: 0.00000000
[Agent] Making decision using full OHLCV data
[Agent] Price data: O=145.40029907 H=146.70472909 L=145.24164473 C=146.19353045 V=2886000.00000000
[Agent_Features] Generated 18 features for the latest tick.
[Agent] Exploration: Random action: HOLD
[Agent] Received reward: 0.00000000
[NeuralNetworkInterface] Received reward signal: 0.00000000
[Agent] Making decision using full OHLCV data
[Agent] Price data: O=145.75286865 H=147.41866560 L=145.62066788 C=146.09660410 V=3541600.00000000
[Agent_Features] Generated 18 features for the latest tick.
[Agent] Exploration: Random action: HOLD
[Agent] Received reward: 0.00000000
[NeuralNetworkInterface] Received reward signal: 0.00000000
[Agent] Making decision using full OHLCV data
[Agent] Price data: O=145.72640991 H=146.32575137 L=145.28572280 C=145.82336161 V=2923600.00000000
[Agent_Features] Generated 18 features for the latest tick.
[Agent] Exploration: Random action: SELL
[Portfolio] Logged Trade: SELL 1.08299970 UNH @ 145.82. New Cash: 6957.24, New Coins: 20.57699428
[Agent] Received reward: 0.00000000
[NeuralNetworkInterface] Received reward signal: 0.00000000
[Agent] Making decision using full OHLCV data
[Agent] Price data: O=146.32575989 H=146.74881577 L=145.09182784 C=145.39150531 V=2927800.00000000
[Agent_Features] Generated 18 features for the latest tick.
[Agent] Exploration: Random action: BUY
[Portfolio] Logged Trade: BUY 2.39258707 UNH @ 145.39. New Cash: 6609.37, New Coins: 22.96958134
[Agent] Received reward: 0.00000000
[NeuralNetworkInterface] Received reward signal: 0.00000000
[Agent] Making decision using full OHLCV data
[Agent] Price data: O=145.84982300 H=147.18951577 L=145.67355082 C=146.47560470 V=3234900.00000000
[Agent_Features] Generated 18 features for the latest tick.
[Agent] Exploration: Random action: BUY
[Portfolio] Logged Trade: BUY 2.25613503 UNH @ 146.48. New Cash: 6278.91, New Coins: 25.22571638
[Agent] Received reward: 0.00000000
[NeuralNetworkInterface] Received reward signal: 0.00000000
[Agent] Making decision using full OHLCV data
[Agent] Price data: O=146.15826416 H=146.16707306 L=145.07417782 C=145.32977038 V=3172900.00000000
[Agent_Features] Generated 18 features for the latest tick.
[Agent] Exploration: Random action: SELL
[Portfolio] Logged Trade: SELL 1.26128582 UNH @ 145.33. New Cash: 6462.21, New Coins: 23.96443056
[Agent] Received reward: 0.00000000
[NeuralNetworkInterface] Received reward signal: 0.00000000
[Agent] Making decision using full OHLCV data
[Agent] Price data: O=145.92033386 H=146.67831633 L=145.07422203 C=146.59018697 V=2978700.00000000
[Agent_Features] Generated 18 features for the latest tick.
[Agent] Exploration: Random action: HOLD
[Agent] Received reward: 0.00000000
[NeuralNetworkInterface] Received reward signal: 0.00000000
[Agent] Making decision using full OHLCV data
[Agent] Price data: O=145.39147949 H=145.99961633 L=145.13587347 C=145.38265714 V=1979800.00000000
[Agent_Features] Generated 18 features for the latest tick.
[Agent] Exploration: Random action: BUY
[Portfolio] Logged Trade: BUY 2.22248259 UNH @ 145.38. New Cash: 6139.10, New Coins: 26.18691315
[Agent] Received reward: 0.00000000
[NeuralNetworkInterface] Received reward signal: 0.00000000
[Agent] Making decision using full OHLCV data
[Agent] Price data: O=147.34812927 H=147.55966392 L=145.39149096 C=145.41793111 V=4396700.00000000
[Agent_Features] Generated 18 features for the latest tick.
[Agent] Exploration: Random action: SELL
[Portfolio] Logged Trade: SELL 1.30934566 UNH @ 145.42. New Cash: 6329.50, New Coins: 24.87756750
[Agent] Received reward: 0.00000000
[NeuralNetworkInterface] Received reward signal: 0.00000000
[Agent] Making decision using full OHLCV data
[Agent] Price data: O=148.59086609 H=150.03631917 L=147.80644363 C=149.88648718 V=5526200.00000000
[Agent_Features] Generated 18 features for the latest tick.
[Agent] Exploration: Random action: HOLD
[Agent] Received reward: 0.00000000
[NeuralNetworkInterface] Received reward signal: 0.00000000
[Agent] Making decision using full OHLCV data
[Agent] Price data: O=149.17256165 H=150.88242950 L=148.67899432 C=149.47222560 V=4703400.00000000
[Agent_Features] Generated 18 features for the latest tick.
[Agent] Exploration: Random action: BUY
[Portfolio] Logged Trade: BUY 2.11728312 UNH @ 149.47. New Cash: 6013.03, New Coins: 26.99485062
[Agent] Received reward: 0.00000000
[NeuralNetworkInterface] Received reward signal: 0.00000000
[Agent] Making decision using full OHLCV data
[Agent] Price data: O=151.19094849 H=151.76384988 L=148.39699344 C=149.41058200 V=3652100.00000000
[Agent_Features] Generated 18 features for the latest tick.
[Agent] Exploration: Random action: HOLD
[Agent] Received reward: 0.00000000
[NeuralNetworkInterface] Received reward signal: 0.00000000
[Agent] Making decision using full OHLCV data
[Agent] Price data: O=150.85601807 H=152.14281692 L=150.24786769 C=151.71095215 V=2982300.00000000
[Agent_Features] Generated 18 features for the latest tick.
[Agent] Exploration: Random action: BUY
[Portfolio] Logged Trade: BUY 1.98173741 UNH @ 151.71. New Cash: 5712.37, New Coins: 28.97658803
[Agent] Received reward: 0.00000000
[NeuralNetworkInterface] Received reward signal: 0.00000000
[Agent] Making decision using full OHLCV data
[Agent] Price data: O=151.88723755 H=152.61877985 L=151.33196743 C=152.17809269 V=2830300.00000000
[Agent_Features] Generated 18 features for the latest tick.
[Agent] Exploration: Random action: SELL
[Portfolio] Logged Trade: SELL 1.44882940 UNH @ 152.18. New Cash: 5932.85, New Coins: 27.52775863
[Agent] Received reward: 0.00000000
[NeuralNetworkInterface] Received reward signal: 0.00000000
[Agent] Making decision using full OHLCV data
[Agent] Price data: O=153.39436340 H=154.01133612 L=152.64520339 C=152.91842724 V=3394700.00000000
[Agent_Features] Generated 18 features for the latest tick.
[Agent] Exploration: Random action: SELL
[Portfolio] Logged Trade: SELL 1.37638793 UNH @ 152.92. New Cash: 6143.33, New Coins: 26.15137070
[Agent] Received reward: -0.00000000
[NeuralNetworkInterface] Received reward signal: -0.00000000
[Agent] Making decision using full OHLCV data
[Agent] Price data: O=153.69404602 H=154.81338163 L=153.34148825 C=153.43843996 V=2817500.00000000
[Agent_Features] Generated 18 features for the latest tick.
[Agent] Exploration: Random action: HOLD
[Agent] Received reward: 0.00000000
[NeuralNetworkInterface] Received reward signal: 0.00000000
[Agent] Making decision using full OHLCV data
[Agent] Price data: O=153.91433716 H=155.18351780 L=153.37669851 C=153.42076990 V=2438600.00000000
[Agent_Features] Generated 18 features for the latest tick.
[Agent] Exploration: Random action: SELL
[Portfolio] Logged Trade: SELL 1.30756853 UNH @ 153.42. New Cash: 6343.94, New Coins: 24.84380216
[Agent] Received reward: 0.00000000
[NeuralNetworkInterface] Received reward signal: 0.00000000
[Agent] Making decision using full OHLCV data
[Agent] Price data: O=154.13476562 H=154.24052625 L=153.27983135 C=153.89679076 V=2010800.00000000
[Agent_Features] Generated 18 features for the latest tick.
[Agent] Exploration: Random action: SELL
[Portfolio] Logged Trade: SELL 1.24219011 UNH @ 153.90. New Cash: 6535.11, New Coins: 23.60161206
[Agent] Received reward: 0.00000000
[NeuralNetworkInterface] Received reward signal: 0.00000000
[Agent] Making decision using full OHLCV data
[Agent] Price data: O=153.87907410 H=155.24520640 L=153.43838712 C=154.24044064 V=2709700.00000000
[Agent_Features] Generated 18 features for the latest tick.
[Agent] Exploration: Random action: SELL
[Portfolio] Logged Trade: SELL 1.18008060 UNH @ 154.24. New Cash: 6717.12, New Coins: 22.42153145
[Agent] Received reward: 0.00000000
[NeuralNetworkInterface] Received reward signal: 0.00000000
[Agent] Making decision using full OHLCV data
[Agent] Price data: O=153.48249817 H=154.56658464 L=150.07158442 C=154.16116005 V=4951000.00000000
[Agent_Features] Generated 18 features for the latest tick.
[Agent] Exploration: Random action: HOLD
[Agent] Received reward: 0.00000000
[NeuralNetworkInterface] Received reward signal: 0.00000000
[Agent] Making decision using full OHLCV data
[Agent] Price data: O=152.07231140 H=153.62353873 L=151.47298335 C=153.13878019 V=3622200.00000000
[Agent_Features] Generated 18 features for the latest tick.
[Agent] Exploration: Random action: BUY
[Portfolio] Logged Trade: BUY 2.19314882 UNH @ 153.14. New Cash: 6381.27, New Coins: 24.61468027
[Agent] Received reward: -0.00000000
[NeuralNetworkInterface] Received reward signal: -0.00000000
[Agent] Making decision using full OHLCV data
[Agent] Price data: O=153.37675476 H=153.54421802 L=151.93130149 C=152.52182064 V=2585200.00000000
[Agent_Features] Generated 18 features for the latest tick.
[Agent] Exploration: Random action: SELL
[Portfolio] Logged Trade: SELL 1.23073401 UNH @ 152.52. New Cash: 6568.98, New Coins: 23.38394626
[Agent] Received reward: 0.00000000
[NeuralNetworkInterface] Received reward signal: 0.00000000
[Agent] Making decision using full OHLCV data
[Agent] Price data: O=153.46482849 H=154.13468130 L=152.75091774 C=153.83500394 V=2189000.00000000
[Agent_Features] Generated 18 features for the latest tick.
[Agent] Exploration: Random action: HOLD
[Agent] Received reward: 0.00000000
[NeuralNetworkInterface] Received reward signal: 0.00000000
[Agent] Making decision using full OHLCV data
[Agent] Price data: O=153.74688721 H=153.85264779 L=152.98009611 C=153.29737785 V=2505900.00000000
[Agent_Features] Generated 18 features for the latest tick.
[Agent] Exploration: Random action: BUY
[Portfolio] Logged Trade: BUY 2.14256122 UNH @ 153.30. New Cash: 6240.53, New Coins: 25.52650748
[Agent] Received reward: 0.00000000
[NeuralNetworkInterface] Received reward signal: 0.00000000
[Agent] Making decision using full OHLCV data
[Agent] Price data: O=152.68928528 H=154.03778685 L=152.23977579 C=153.44726770 V=1653700.00000000
[Agent_Features] Generated 18 features for the latest tick.
[Agent] Exploration: Random action: BUY
[Portfolio] Logged Trade: BUY 2.03344492 UNH @ 153.45. New Cash: 5928.50, New Coins: 27.55995240
[Agent] Received reward: 0.00000000
[NeuralNetworkInterface] Received reward signal: 0.00000000
[Agent] Making decision using full OHLCV data
[Agent] Price data: O=152.82147217 H=153.04181572 L=152.00180062 C=152.51298582 V=1568700.00000000
[Agent_Features] Generated 18 features for the latest tick.
[Agent] Exploration: Random action: HOLD
[Agent] Received reward: 0.00000000
[NeuralNetworkInterface] Received reward signal: 0.00000000
[Agent] Making decision using full OHLCV data
[Agent] Price data: O=152.75982666 H=153.23576295 L=151.30555074 C=152.26624567 V=1901300.00000000
[Agent_Features] Generated 18 features for the latest tick.
[Agent] Exploration: Random action: SELL
[Portfolio] Logged Trade: SELL 1.37799762 UNH @ 152.27. New Cash: 6138.33, New Coins: 26.18195478
[Agent] Received reward: 0.00000000
[NeuralNetworkInterface] Received reward signal: 0.00000000
[Agent] Making decision using full OHLCV data
[Agent] Price data: O=151.42887878 H=152.82145145 L=151.17328622 C=152.16042089 V=2335400.00000000
[Agent_Features] Generated 18 features for the latest tick.
[Agent] Exploration: Random action: HOLD
[Agent] Received reward: 0.00000000
[NeuralNetworkInterface] Received reward signal: 0.00000000
[Agent] Making decision using full OHLCV data
[Agent] Price data: O=151.18211365 H=151.59636059 L=150.03632451 C=151.41126610 V=2831400.00000000
[Agent_Features] Generated 18 features for the latest tick.
[Agent] Exploration: Random action: SELL
[Portfolio] Logged Trade: SELL 1.30909774 UNH @ 151.41. New Cash: 6336.54, New Coins: 24.87285704
[Agent] Received reward: 0.00000000
[NeuralNetworkInterface] Received reward signal: 0.00000000
[Agent] Making decision using full OHLCV data
[Agent] Price data: O=148.17663574 H=150.71499791 L=147.40984444 C=150.42414279 V=4343700.00000000
[Agent_Features] Generated 18 features for the latest tick.
[Agent] Exploration: Random action: BUY
[Portfolio] Logged Trade: BUY 2.10622421 UNH @ 150.42. New Cash: 6019.71, New Coins: 26.97908125
[Agent] Received reward: 0.00000000
[NeuralNetworkInterface] Received reward signal: 0.00000000
[Agent] Making decision using full OHLCV data
[Agent] Price data: O=148.82885742 H=150.17735896 L=146.88101440 C=148.17663563 V=4442300.00000000
[Agent_Features] Generated 18 features for the latest tick.
[Agent] Exploration: Random action: BUY
[Portfolio] Logged Trade: BUY 2.03126236 UNH @ 148.18. New Cash: 5718.73, New Coins: 29.01034361
[Agent] Received reward: -0.00000000
[NeuralNetworkInterface] Received reward signal: -0.00000000
[Agent] Making decision using full OHLCV data
[Agent] Price data: O=151.11160278 H=153.34147842 L=147.95628156 C=148.29120805 V=3908000.00000000
[Agent_Features] Generated 18 features for the latest tick.
[Agent] Exploration: Random action: SELL
[Portfolio] Logged Trade: SELL 1.45051718 UNH @ 148.29. New Cash: 5933.83, New Coins: 27.55982643
[Agent] Received reward: 0.00000000
[NeuralNetworkInterface] Received reward signal: 0.00000000
[Agent] Making decision using full OHLCV data
[Agent] Price data: O=152.11636353 H=152.43365876 L=150.05395121 C=151.86077094 V=3877300.00000000
[Agent_Features] Generated 18 features for the latest tick.
[Agent] Exploration: Random action: HOLD
[Agent] Received reward: 0.00000000
[NeuralNetworkInterface] Received reward signal: 0.00000000
[Agent] Making decision using full OHLCV data
[Agent] Price data: O=153.97607422 H=154.15234637 L=152.12519642 C=152.23976592 V=3480300.00000000
[Agent_Features] Generated 18 features for the latest tick.
[Agent] Exploration: Random action: SELL
[Portfolio] Logged Trade: SELL 1.37799132 UNH @ 152.24. New Cash: 6143.61, New Coins: 26.18183511
[Agent] Received reward: 0.00000000
[NeuralNetworkInterface] Received reward signal: 0.00000000
[Agent] Making decision using full OHLCV data
[Agent] Price data: O=154.43435669 H=154.69877158 L=153.10348676 C=153.74688603 V=2471500.00000000
[Agent_Features] Generated 18 features for the latest tick.
[Agent] Exploration: Random action: HOLD
[Agent] Received reward: 0.00000000
[NeuralNetworkInterface] Received reward signal: 0.00000000
[Agent] Making decision using full OHLCV data
[Agent] Price data: O=154.76052856 H=155.21003812 L=153.81746494 C=154.63713669 V=1612300.00000000
[Agent_Features] Generated 18 features for the latest tick.
[Agent] Exploration: Random action: SELL
[Portfolio] Logged Trade: SELL 1.30909176 UNH @ 154.64. New Cash: 6346.05, New Coins: 24.87274336
[Agent] Received reward: 0.00000000
[NeuralNetworkInterface] Received reward signal: 0.00000000
[Agent] Making decision using full OHLCV data
[Agent] Price data: O=156.92869568 H=157.52802374 L=155.06899538 C=155.40392192 V=3212200.00000000
[Agent_Features] Generated 18 features for the latest tick.
[Agent] Exploration: Random action: HOLD
[Agent] Received reward: 0.00000000
[NeuralNetworkInterface] Received reward signal: 0.00000000
[Agent] Making decision using full OHLCV data
[Agent] Price data: O=156.44395447 H=157.66906433 L=156.00326727 C=156.60259540 V=1583600.00000000
[Agent_Features] Generated 18 features for the latest tick.
[Agent] Exploration: Random action: SELL
[Portfolio] Logged Trade: SELL 1.24363717 UNH @ 156.60. New Cash: 6540.80, New Coins: 23.62910619
[Agent] Received reward: 0.00000000
[NeuralNetworkInterface] Received reward signal: 0.00000000
[Agent] Making decision using full OHLCV data
[Agent] Price data: O=155.64184570 H=156.95509793 L=155.33337284 C=156.47914839 V=2285700.00000000
[Agent_Features] Generated 18 features for the latest tick.
[Agent] Exploration: Random action: BUY
[Portfolio] Logged Trade: BUY 2.08999152 UNH @ 156.48. New Cash: 6213.76, New Coins: 25.71909771
[Agent] Received reward: 0.00000000
[NeuralNetworkInterface] Received reward signal: 0.00000000
[Agent] Making decision using full OHLCV data
[Agent] Price data: O=154.39913940 H=155.91510424 L=154.16998693 C=155.90629534 V=3320400.00000000
[Agent_Features] Generated 18 features for the latest tick.
[Agent] Exploration: Random action: HOLD
[Agent] Received reward: 0.00000000
[NeuralNetworkInterface] Received reward signal: 0.00000000
[Agent] Making decision using full OHLCV data
[Agent] Price data: O=158.27717590 H=158.27717590 L=154.40794381 C=154.92795135 V=2890600.00000000
[Agent_Features] Generated 18 features for the latest tick.
[Agent] Exploration: Random action: HOLD
[Agent] Received reward: 0.00000000
[NeuralNetworkInterface] Received reward signal: 0.00000000
[Agent] Making decision using full OHLCV data
[Agent] Price data: O=158.10971069 H=158.57683792 L=157.18426513 C=158.57683792 V=2610100.00000000
[Agent_Features] Generated 18 features for the latest tick.
[Agent] Exploration: Random action: HOLD
[Agent] Received reward: 0.00000000
[NeuralNetworkInterface] Received reward signal: 0.00000000
[Agent] Making decision using full OHLCV data
[Agent] Price data: O=158.09208679 H=158.92940305 L=157.90700574 C=158.23310989 V=2640600.00000000
[Agent_Features] Generated 18 features for the latest tick.
[Agent] Exploration: Random action: SELL
[Portfolio] Logged Trade: SELL 1.28595489 UNH @ 158.23. New Cash: 6417.24, New Coins: 24.43314283
[Agent] Received reward: 0.00000000
[NeuralNetworkInterface] Received reward signal: 0.00000000
[Agent] Making decision using full OHLCV data
[Agent] Price data: O=159.37010193 H=159.58162315 L=157.30767592 C=157.93345757 V=3443900.00000000
[Agent_Features] Generated 18 features for the latest tick.
[Agent] Exploration: Random action: SELL
[Portfolio] Logged Trade: SELL 1.22165714 UNH @ 157.93. New Cash: 6610.18, New Coins: 23.21148568
[Agent] Received reward: 0.00000000
[NeuralNetworkInterface] Received reward signal: 0.00000000
[Agent] Making decision using full OHLCV data
[Agent] Price data: O=161.47654724 H=161.70569965 L=158.33884429 C=160.41007871 V=3783600.00000000
[Agent_Features] Generated 18 features for the latest tick.
[Agent] Exploration: Random action: BUY
[Portfolio] Logged Trade: BUY 2.06040138 UNH @ 160.41. New Cash: 6279.67, New Coins: 25.27188706
[Agent] Received reward: 0.00000000
[NeuralNetworkInterface] Received reward signal: 0.00000000
[Agent] Making decision using full OHLCV data
[Agent] Price data: O=160.13688660 H=161.96132427 L=159.51110497 C=161.47657920 V=3079900.00000000
[Agent_Features] Generated 18 features for the latest tick.
[Agent] Exploration: Random action: SELL
[Portfolio] Logged Trade: SELL 1.26359435 UNH @ 161.48. New Cash: 6483.71, New Coins: 24.00829271
[Agent] Received reward: 0.00000000
[NeuralNetworkInterface] Received reward signal: 0.00000000
[Agent] Making decision using full OHLCV data
[Agent] Price data: O=159.93417358 H=160.76265406 L=159.40534367 C=160.26908665 V=2392200.00000000
[Agent_Features] Generated 18 features for the latest tick.
[Agent] Exploration: Random action: SELL
[Portfolio] Logged Trade: SELL 1.20041464 UNH @ 160.27. New Cash: 6676.10, New Coins: 22.80787808
[Agent] Received reward: 0.00000000
[NeuralNetworkInterface] Received reward signal: 0.00000000
[Agent] Making decision using full OHLCV data
[Agent] Price data: O=157.98631287 H=160.25145084 L=155.49202246 C=159.93415561 V=3705600.00000000
[Agent_Features] Generated 18 features for the latest tick.
[Agent] Exploration: Random action: SELL
[Portfolio] Logged Trade: SELL 1.14039390 UNH @ 159.93. New Cash: 6858.49, New Coins: 21.66748417
[Agent] Received reward: 0.00000000
[NeuralNetworkInterface] Received reward signal: 0.00000000
[Agent] Making decision using full OHLCV data
[Agent] Price data: O=159.57278442 H=159.87244839 L=157.89816555 C=157.95105930 V=2458500.00000000
[Agent_Features] Generated 18 features for the latest tick.
[Agent] Exploration: Random action: BUY
[Portfolio] Logged Trade: BUY 2.17108135 UNH @ 157.95. New Cash: 6515.57, New Coins: 23.83856553
[Agent] Received reward: 0.00000000
[NeuralNetworkInterface] Received reward signal: 0.00000000
[Agent] Making decision using full OHLCV data
[Agent] Price data: O=160.72740173 H=161.15045759 L=159.47585197 C=159.47585197 V=2039300.00000000
[Agent_Features] Generated 18 features for the latest tick.
[Agent] Exploration: Random action: BUY
[Portfolio] Logged Trade: BUY 2.04280689 UNH @ 159.48. New Cash: 6189.79, New Coins: 25.88137242
[Agent] Received reward: 0.00000000
[NeuralNetworkInterface] Received reward signal: 0.00000000
[Agent] Making decision using full OHLCV data
[Agent] Price data: O=159.63887024 H=162.40011030 L=159.38220855 C=160.85133541 V=3078700.00000000
[Agent_Features] Generated 18 features for the latest tick.
[Agent] Exploration: Random action: SELL
[Portfolio] Logged Trade: SELL 1.29406862 UNH @ 160.85. New Cash: 6397.94, New Coins: 24.58730380
[Agent] Received reward: 0.00000000
[NeuralNetworkInterface] Received reward signal: 0.00000000
[Agent] Making decision using full OHLCV data
[Agent] Price data: O=160.74510193 H=161.47966519 L=159.63883440 C=160.03708801 V=4473300.00000000
[Agent_Features] Generated 18 features for the latest tick.
[Agent] Exploration: Random action: HOLD
[Agent] Received reward: 0.00000000
[NeuralNetworkInterface] Received reward signal: 0.00000000
[Agent] Making decision using full OHLCV data
[Agent] Price data: O=161.97526550 H=161.97526550 L=159.97512523 C=161.33805434 V=3887100.00000000
[Agent_Features] Generated 18 features for the latest tick.
[Agent] Exploration: Random action: BUY
[Portfolio] Logged Trade: BUY 1.98277515 UNH @ 161.34. New Cash: 6078.04, New Coins: 26.57007895
[Agent] Received reward: 0.00000000
[NeuralNetworkInterface] Received reward signal: 0.00000000
[Agent] Making decision using full OHLCV data
[Agent] Price data: O=162.19648743 H=162.32923410 L=161.26722021 C=161.73627646 V=2742600.00000000
[Agent_Features] Generated 18 features for the latest tick.
[Agent] Exploration: Random action: BUY
[Portfolio] Logged Trade: BUY 1.87899856 UNH @ 161.74. New Cash: 5774.14, New Coins: 28.44907750
[Agent] Received reward: 0.00000000
[NeuralNetworkInterface] Received reward signal: 0.00000000
[Agent] Making decision using full OHLCV data
[Agent] Price data: O=163.65679932 H=163.82495415 L=161.70092579 C=162.39123569 V=2866300.00000000
[Agent_Features] Generated 18 features for the latest tick.
[Agent] Exploration: Random action: BUY
[Portfolio] Logged Trade: BUY 1.77784914 UNH @ 162.39. New Cash: 5485.44, New Coins: 30.22692664
[Agent] Received reward: 0.00000000
[NeuralNetworkInterface] Received reward signal: 0.00000000
[Agent] Making decision using full OHLCV data
[Agent] Price data: O=165.05513000 H=166.96676371 L=163.53290467 C=163.63910204 V=3841300.00000000
[Agent_Features] Generated 18 features for the latest tick.
[Agent] Exploration: Random action: SELL
[Portfolio] Logged Trade: SELL 1.51134633 UNH @ 163.64. New Cash: 5732.75, New Coins: 28.71558031
[Agent] Received reward: 0.00000000
[NeuralNetworkInterface] Received reward signal: 0.00000000
[Agent] Making decision using full OHLCV data
[Agent] Price data: O=163.94886780 H=164.85158599 L=162.96650157 C=164.85158599 V=3438500.00000000
[Agent_Features] Generated 18 features for the latest tick.
[Agent] Exploration: Random action: SELL
[Portfolio] Logged Trade: SELL 1.43577902 UNH @ 164.85. New Cash: 5969.44, New Coins: 27.27980130
[Agent] Received reward: 0.00000000
[NeuralNetworkInterface] Received reward signal: 0.00000000
[Agent] Making decision using full OHLCV data
[Agent] Price data: O=163.83380127 H=164.51526589 L=162.30273070 C=163.84266005 V=2327400.00000000
[Agent_Features] Generated 18 features for the latest tick.
[Agent] Exploration: Random action: SELL
[Portfolio] Logged Trade: SELL 1.36399006 UNH @ 163.84. New Cash: 6192.92, New Coins: 25.91581123
[Agent] Received reward: 0.00000000
[NeuralNetworkInterface] Received reward signal: 0.00000000
[Agent] Making decision using full OHLCV data
[Agent] Price data: O=163.37362671 H=165.32065525 L=163.03731699 C=164.36483829 V=2682800.00000000
[Agent_Features] Generated 18 features for the latest tick.
[Agent] Exploration: Random action: BUY
[Portfolio] Logged Trade: BUY 1.88389466 UNH @ 164.36. New Cash: 5883.27, New Coins: 27.79970589
[Agent] Received reward: 0.00000000
[NeuralNetworkInterface] Received reward signal: 0.00000000
[Agent] Making decision using full OHLCV data
[Agent] Price data: O=164.34715271 H=164.88701197 L=163.80729345 C=164.32944864 V=2451200.00000000
[Agent_Features] Generated 18 features for the latest tick.
[Agent] Exploration: Random action: SELL
[Portfolio] Logged Trade: SELL 1.38998529 UNH @ 164.33. New Cash: 6111.69, New Coins: 26.40972060
[Agent] Received reward: 0.00000000
[NeuralNetworkInterface] Received reward signal: 0.00000000
[Agent] Making decision using full OHLCV data
[Agent] Price data: O=163.96650696 H=164.69221124 L=163.13459184 C=164.45326724 V=2193600.00000000
[Agent_Features] Generated 18 features for the latest tick.
[Agent] Exploration: Random action: HOLD
[Agent] Received reward: 0.00000000
[NeuralNetworkInterface] Received reward signal: 0.00000000
[Agent] Making decision using full OHLCV data
[Agent] Price data: O=164.09930420 H=164.78076880 L=163.66564245 C=163.86034662 V=2392000.00000000
[Agent_Features] Generated 18 features for the latest tick.
[Agent] Exploration: Random action: HOLD
[Agent] Received reward: 0.00000000
[NeuralNetworkInterface] Received reward signal: 0.00000000
[Agent] Making decision using full OHLCV data
[Agent] Price data: O=165.18791199 H=165.96672888 L=164.38255925 C=164.86930630 V=2087000.00000000
[Agent_Features] Generated 18 features for the latest tick.
[Agent] Exploration: Random action: SELL
[Portfolio] Logged Trade: SELL 1.32048603 UNH @ 164.87. New Cash: 6329.40, New Coins: 25.08923457
[Agent] Received reward: 0.00000000
[NeuralNetworkInterface] Received reward signal: 0.00000000
[Agent] Making decision using full OHLCV data
[Agent] Price data: O=166.60389709 H=166.70124918 L=164.36481260 C=164.73651688 V=2587400.00000000
[Agent_Features] Generated 18 features for the latest tick.
[Agent] Exploration: Random action: SELL
[Portfolio] Logged Trade: SELL 1.25446173 UNH @ 164.74. New Cash: 6536.05, New Coins: 23.83477284
[Agent] Received reward: 0.00000000
[NeuralNetworkInterface] Received reward signal: 0.00000000
[Agent] Making decision using full OHLCV data
[Agent] Price data: O=165.44454956 H=166.55081726 L=164.74538081 C=166.48885979 V=1844700.00000000
[Agent_Features] Generated 18 features for the latest tick.
[Agent] Exploration: Random action: BUY
[Portfolio] Logged Trade: BUY 1.96291018 UNH @ 166.49. New Cash: 6209.25, New Coins: 25.79768302
[Agent] Received reward: 0.00000000
[NeuralNetworkInterface] Received reward signal: 0.00000000
[Agent] Making decision using full OHLCV data
[Agent] Price data: O=166.34725952 H=166.76320373 L=165.50648531 C=165.80740037 V=2252500.00000000
[Agent_Features] Generated 18 features for the latest tick.
[Agent] Exploration: Random action: HOLD
[Agent] Received reward: 0.00000000
[NeuralNetworkInterface] Received reward signal: 0.00000000
[Agent] Making decision using full OHLCV data
[Agent] Price data: O=165.45333862 H=166.38260588 L=164.74532483 C=165.78964821 V=2612000.00000000
[Agent_Features] Generated 18 features for the latest tick.
[Agent] Exploration: Random action: SELL
[Portfolio] Logged Trade: SELL 1.28988415 UNH @ 165.79. New Cash: 6423.10, New Coins: 24.50779887
[Agent] Received reward: 0.00000000
[NeuralNetworkInterface] Received reward signal: 0.00000000
[Agent] Making decision using full OHLCV data
[Agent] Price data: O=164.56840515 H=166.08178553 L=163.80729232 C=165.49767286 V=2664500.00000000
[Agent_Features] Generated 18 features for the latest tick.
[Agent] Exploration: Random action: BUY
[Portfolio] Logged Trade: BUY 1.94054098 UNH @ 165.50. New Cash: 6101.95, New Coins: 26.44833985
[Agent] Received reward: 0.00000000
[NeuralNetworkInterface] Received reward signal: 0.00000000
[Agent] Making decision using full OHLCV data
[Agent] Price data: O=165.22326660 H=165.76312568 L=164.97546376 C=165.31175990 V=3342800.00000000
[Agent_Features] Generated 18 features for the latest tick.
[Agent] Exploration: Random action: SELL
[Portfolio] Logged Trade: SELL 1.32241699 UNH @ 165.31. New Cash: 6320.56, New Coins: 25.12592286
[Agent] Received reward: 0.00000000
[NeuralNetworkInterface] Received reward signal: 0.00000000
[Agent] Making decision using full OHLCV data
[Agent] Price data: O=164.15235901 H=165.74538658 L=164.01076706 C=165.49758379 V=2379300.00000000
[Agent_Features] Generated 18 features for the latest tick.
[Agent] Exploration: Random action: SELL
[Portfolio] Logged Trade: SELL 1.25629614 UNH @ 165.50. New Cash: 6528.47, New Coins: 23.86962672
[Agent] Received reward: 0.00000000
[NeuralNetworkInterface] Received reward signal: 0.00000000
[Agent] Making decision using full OHLCV data
[Agent] Price data: O=165.40910339 H=165.61266633 L=163.52403285 C=164.44444142 V=2716700.00000000
[Agent_Features] Generated 18 features for the latest tick.
[Agent] Exploration: Random action: BUY
[Portfolio] Logged Trade: BUY 1.98500792 UNH @ 164.44. New Cash: 6202.05, New Coins: 25.85463464
[Agent] Received reward: 0.00000000
[NeuralNetworkInterface] Received reward signal: 0.00000000
[Agent] Making decision using full OHLCV data
[Agent] Price data: O=164.92236328 H=165.71887047 L=164.40019476 C=165.55957444 V=2444600.00000000
[Agent_Features] Generated 18 features for the latest tick.
[Agent] Exploration: Random action: BUY
[Portfolio] Logged Trade: BUY 1.87305593 UNH @ 165.56. New Cash: 5891.94, New Coins: 27.72769056
[Agent] Received reward: 0.00000000
[NeuralNetworkInterface] Received reward signal: 0.00000000
[Agent] Making decision using full OHLCV data
[Agent] Price data: O=165.36483765 H=165.67458438 L=162.71864146 C=165.45333093 V=4235800.00000000
[Agent_Features] Generated 18 features for the latest tick.
[Agent] Exploration: Random action: BUY
[Portfolio] Logged Trade: BUY 1.78054575 UNH @ 165.45. New Cash: 5597.35, New Coins: 29.50823632
[Agent] Received reward: -0.00000000
[NeuralNetworkInterface] Received reward signal: -0.00000000
[Agent] Making decision using full OHLCV data
[Agent] Price data: O=167.43577576 H=167.63047989 L=165.94894544 C=165.94894544 V=3401600.00000000
[Agent_Features] Generated 18 features for the latest tick.
[Agent] Exploration: Random action: SELL
[Portfolio] Logged Trade: SELL 1.47541182 UNH @ 165.95. New Cash: 5842.19, New Coins: 28.03282450
[Agent] Received reward: -0.00000000
[NeuralNetworkInterface] Received reward signal: -0.00000000
[Agent] Making decision using full OHLCV data
[Agent] Price data: O=169.48020935 H=169.85191367 L=167.19687123 C=167.63053302 V=3099600.00000000
[Agent_Features] Generated 18 features for the latest tick.
[Agent] Exploration: Random action: BUY
[Portfolio] Logged Trade: BUY 1.74257941 UNH @ 167.63. New Cash: 5550.08, New Coins: 29.77540391
[Agent] Received reward: 0.00000000
[NeuralNetworkInterface] Received reward signal: 0.00000000
[Agent] Making decision using full OHLCV data
[Agent] Price data: O=169.72802734 H=170.80774578 L=168.68371704 C=169.37402705 V=4911500.00000000
[Agent_Features] Generated 18 features for the latest tick.
[Agent] Exploration: Random action: HOLD
[Agent] Received reward: 0.00000000
[NeuralNetworkInterface] Received reward signal: 0.00000000
[Agent] Making decision using full OHLCV data
[Agent] Price data: O=168.94032288 H=170.07313972 L=168.71906937 C=169.73683008 V=2356500.00000000
[Agent_Features] Generated 18 features for the latest tick.
[Agent] Exploration: Random action: BUY
[Portfolio] Logged Trade: BUY 1.63490764 UNH @ 169.74. New Cash: 5272.58, New Coins: 31.41031155
[Agent] Received reward: -0.00000000
[NeuralNetworkInterface] Received reward signal: -0.00000000
[Agent] Making decision using full OHLCV data
[Agent] Price data: O=168.50665283 H=170.34748349 L=168.41815954 C=170.03773671 V=1960100.00000000
[Agent_Features] Generated 18 features for the latest tick.
[Agent] Exploration: Random action: HOLD
[Agent] Received reward: 0.00000000
[NeuralNetworkInterface] Received reward signal: 0.00000000
[Agent] Making decision using full OHLCV data
[Agent] Price data: O=168.81640625 H=169.50671603 L=167.60394149 C=168.17034987 V=2683500.00000000
[Agent_Features] Generated 18 features for the latest tick.
[Agent] Exploration: Random action: BUY
[Portfolio] Logged Trade: BUY 1.56762972 UNH @ 168.17. New Cash: 5008.95, New Coins: 32.97794127
[Agent] Received reward: 0.00000000
[NeuralNetworkInterface] Received reward signal: 0.00000000
[Agent] Making decision using full OHLCV data
[Agent] Price data: O=167.20571899 H=168.58635243 L=166.78977476 C=168.36509889 V=2631400.00000000
[Agent_Features] Generated 18 features for the latest tick.
[Agent] Exploration: Random action: BUY
[Portfolio] Logged Trade: BUY 1.48752561 UNH @ 168.37. New Cash: 4758.50, New Coins: 34.46546688
[Agent] Received reward: 0.00000000
[NeuralNetworkInterface] Received reward signal: 0.00000000
[Agent] Making decision using full OHLCV data
[Agent] Price data: O=169.17042542 H=169.25008694 L=166.02863643 C=167.36500275 V=1925000.00000000
[Agent_Features] Generated 18 features for the latest tick.
[Agent] Exploration: Random action: SELL
[Portfolio] Logged Trade: SELL 1.72327334 UNH @ 167.37. New Cash: 5046.92, New Coins: 32.74219354
[Agent] Received reward: 0.00000000
[NeuralNetworkInterface] Received reward signal: 0.00000000
[Agent] Making decision using full OHLCV data
[Agent] Price data: O=169.75451660 H=170.46253043 L=169.16155890 C=169.55981246 V=3767100.00000000
[Agent_Features] Generated 18 features for the latest tick.
[Agent] Exploration: Random action: SELL
[Portfolio] Logged Trade: SELL 1.63710968 UNH @ 169.56. New Cash: 5324.50, New Coins: 31.10508386
[Agent] Received reward: 0.00000000
[NeuralNetworkInterface] Received reward signal: 0.00000000
[Agent] Making decision using full OHLCV data
[Agent] Price data: O=170.12622070 H=171.16168536 L=169.58636168 C=171.16168536 V=3336800.00000000
[Agent_Features] Generated 18 features for the latest tick.
[Agent] Exploration: Random action: BUY
[Portfolio] Logged Trade: BUY 1.55540189 UNH @ 171.16. New Cash: 5058.28, New Coins: 32.66048575
[Agent] Received reward: 0.00000000
[NeuralNetworkInterface] Received reward signal: 0.00000000
[Agent] Making decision using full OHLCV data
[Agent] Price data: O=170.80770874 H=171.20596236 L=170.04659613 C=170.04659613 V=2463800.00000000
[Agent_Features] Generated 18 features for the latest tick.
[Agent] Exploration: Random action: BUY
[Portfolio] Logged Trade: BUY 1.48732144 UNH @ 170.05. New Cash: 4805.37, New Coins: 34.14780719
[Agent] Received reward: 0.00000000
[NeuralNetworkInterface] Received reward signal: 0.00000000
[Agent] Making decision using full OHLCV data
[Agent] Price data: O=172.37416077 H=172.54231557 L=170.81652766 C=171.03778114 V=2886100.00000000
[Agent_Features] Generated 18 features for the latest tick.
[Agent] Exploration: Random action: SELL
[Portfolio] Logged Trade: SELL 1.70739036 UNH @ 171.04. New Cash: 5097.39, New Coins: 32.44041683
[Agent] Received reward: 0.00000000
[NeuralNetworkInterface] Received reward signal: 0.00000000
[Agent] Making decision using full OHLCV data
[Agent] Price data: O=172.47155762 H=173.49816374 L=172.22375474 C=172.53350158 V=2892300.00000000
[Agent_Features] Generated 18 features for the latest tick.
[Agent] Exploration: Random action: BUY
[Portfolio] Logged Trade: BUY 1.47721841 UNH @ 172.53. New Cash: 4842.52, New Coins: 33.91763524
[Agent] Received reward: 0.00000000
[NeuralNetworkInterface] Received reward signal: 0.00000000
[Agent] Making decision using full OHLCV data
[Agent] Price data: O=172.38302612 H=172.94058927 L=171.60420948 C=172.40957546 V=2074800.00000000
[Agent_Features] Generated 18 features for the latest tick.
[Agent] Exploration: Random action: BUY
[Portfolio] Logged Trade: BUY 1.40436620 UNH @ 172.41. New Cash: 4600.40, New Coins: 35.32200145
[Agent] Received reward: 0.00000000
[NeuralNetworkInterface] Received reward signal: 0.00000000
[Agent] Making decision using full OHLCV data
[Agent] Price data: O=172.48922729 H=172.56888882 L=171.76352282 C=172.29452313 V=1741000.00000000
[Agent_Features] Generated 18 features for the latest tick.
[Agent] Exploration: Random action: BUY
[Portfolio] Logged Trade: BUY 1.33503879 UNH @ 172.29. New Cash: 4370.38, New Coins: 36.65704024
[Agent] Received reward: 0.00000000
[NeuralNetworkInterface] Received reward signal: 0.00000000
[Agent] Making decision using full OHLCV data
[Agent] Price data: O=172.42727661 H=172.89633294 L=171.84316414 C=172.48922057 V=2125900.00000000
[Agent_Features] Generated 18 features for the latest tick.
[Agent] Exploration: Random action: SELL
[Portfolio] Logged Trade: SELL 1.83285201 UNH @ 172.49. New Cash: 4686.52, New Coins: 34.82418823
[Agent] Received reward: -0.00000000
[NeuralNetworkInterface] Received reward signal: -0.00000000
[Agent] Making decision using full OHLCV data
[Agent] Price data: O=170.42713928 H=172.03785762 L=170.27667503 C=171.92280148 V=2698600.00000000
[Agent_Features] Generated 18 features for the latest tick.
[Agent] Exploration: Random action: HOLD
[Agent] Received reward: 0.00000000
[NeuralNetworkInterface] Received reward signal: 0.00000000
[Agent] Making decision using full OHLCV data
[Agent] Price data: O=170.82543945 H=172.17065127 L=170.50683381 C=171.61310153 V=2210700.00000000
[Agent_Features] Generated 18 features for the latest tick.
[Agent] Exploration: Random action: HOLD
[Agent] Received reward: 0.00000000
[NeuralNetworkInterface] Received reward signal: 0.00000000
[Agent] Making decision using full OHLCV data
[Agent] Price data: O=171.43608093 H=172.35648962 L=170.71920819 C=172.22374291 V=2322000.00000000
[Agent_Features] Generated 18 features for the latest tick.
[Agent] Exploration: Random action: HOLD
[Agent] Received reward: 0.00000000
[NeuralNetworkInterface] Received reward signal: 0.00000000
[Agent] Making decision using full OHLCV data
[Agent] Price data: O=172.13519287 H=172.58654507 L=171.52453116 C=172.10864354 V=1595200.00000000
[Agent_Features] Generated 18 features for the latest tick.
[Agent] Exploration: Random action: SELL
[Portfolio] Logged Trade: SELL 1.74120941 UNH @ 172.11. New Cash: 4986.20, New Coins: 33.08297881
[Agent] Received reward: -0.00000000
[NeuralNetworkInterface] Received reward signal: -0.00000000
[Agent] Making decision using full OHLCV data
[Agent] Price data: O=171.48921204 H=172.81673339 L=170.65729649 C=172.40962090 V=1881600.00000000
[Agent_Features] Generated 18 features for the latest tick.
[Agent] Exploration: Random action: BUY
[Portfolio] Logged Trade: BUY 1.44603356 UNH @ 172.41. New Cash: 4736.89, New Coins: 34.52901238
[Agent] Received reward: 0.00000000
[NeuralNetworkInterface] Received reward signal: 0.00000000
[Agent] Making decision using full OHLCV data
[Agent] Price data: O=170.54223633 H=171.90516578 L=170.50684170 C=171.47150395 V=2440900.00000000
[Agent_Features] Generated 18 features for the latest tick.
[Agent] Exploration: Random action: BUY
[Portfolio] Logged Trade: BUY 1.38124754 UNH @ 171.47. New Cash: 4500.05, New Coins: 35.91025992
[Agent] Received reward: 0.00000000
[NeuralNetworkInterface] Received reward signal: 0.00000000
[Agent] Making decision using full OHLCV data
[Agent] Price data: O=168.87835693 H=170.98468081 L=168.71020213 C=170.66607527 V=2858500.00000000
[Agent_Features] Generated 18 features for the latest tick.
[Agent] Exploration: Random action: HOLD
[Agent] Received reward: 0.00000000
[NeuralNetworkInterface] Received reward signal: 0.00000000
[Agent] Making decision using full OHLCV data
[Agent] Price data: O=169.94924927 H=170.19705212 L=168.93148850 C=168.93148850 V=1930500.00000000
[Agent_Features] Generated 18 features for the latest tick.
[Agent] Exploration: Random action: BUY
[Portfolio] Logged Trade: BUY 1.33191488 UNH @ 168.93. New Cash: 4275.04, New Coins: 37.24217481
[Agent] Received reward: 0.00000000
[NeuralNetworkInterface] Received reward signal: 0.00000000
[Agent] Making decision using full OHLCV data
[Agent] Price data: O=172.39187622 H=172.54234049 L=169.53328470 C=170.05543973 V=2021900.00000000
[Agent_Features] Generated 18 features for the latest tick.
[Agent] Exploration: Random action: BUY
[Portfolio] Logged Trade: BUY 1.25695624 UNH @ 170.06. New Cash: 4061.29, New Coins: 38.49913105
[Agent] Received reward: -0.00000000
[NeuralNetworkInterface] Received reward signal: -0.00000000
[Agent] Making decision using full OHLCV data
[Agent] Price data: O=171.90515137 H=172.21489821 L=171.44494023 C=172.13525018 V=1547000.00000000
[Agent_Features] Generated 18 features for the latest tick.
[Agent] Exploration: Random action: HOLD
[Agent] Received reward: 0.00000000
[NeuralNetworkInterface] Received reward signal: 0.00000000
[Agent] Making decision using full OHLCV data
[Agent] Price data: O=172.35644531 H=172.63965622 L=171.87854378 C=172.17944525 V=1923700.00000000
[Agent_Features] Generated 18 features for the latest tick.
[Agent] Exploration: Random action: BUY
[Portfolio] Logged Trade: BUY 1.17937791 UNH @ 172.18. New Cash: 3858.23, New Coins: 39.67850895
[Agent] Received reward: 0.00000000
[NeuralNetworkInterface] Received reward signal: 0.00000000
[Agent] Making decision using full OHLCV data
[Agent] Price data: O=172.01133728 H=173.05564741 L=171.81663310 C=172.86980202 V=1375000.00000000
[Agent_Features] Generated 18 features for the latest tick.
[Agent] Exploration: Random action: SELL
[Portfolio] Logged Trade: SELL 1.98392545 UNH @ 172.87. New Cash: 4201.19, New Coins: 37.69458350
[Agent] Received reward: 0.00000000
[NeuralNetworkInterface] Received reward signal: 0.00000000
[Agent] Making decision using full OHLCV data
[Agent] Price data: O=172.65739441 H=173.29460563 L=172.01133791 C=172.21488737 V=2009900.00000000
[Agent_Features] Generated 18 features for the latest tick.
[Agent] Exploration: Random action: BUY
[Portfolio] Logged Trade: BUY 1.21975193 UNH @ 172.21. New Cash: 3991.13, New Coins: 38.91433544
[Agent] Received reward: 0.00000000
[NeuralNetworkInterface] Received reward signal: 0.00000000
[Agent] Making decision using full OHLCV data
[Agent] Price data: O=174.10874939 H=174.38310149 L=171.98472181 C=172.42722868 V=2072200.00000000
[Agent_Features] Generated 18 features for the latest tick.
[Agent] Exploration: Random action: BUY
[Portfolio] Logged Trade: BUY 1.15733734 UNH @ 172.43. New Cash: 3791.57, New Coins: 40.07167278
[Agent] Received reward: 0.00000000
[NeuralNetworkInterface] Received reward signal: 0.00000000
[Agent] Making decision using full OHLCV data
[Agent] Price data: O=173.35656738 H=174.24158149 L=172.75475077 C=173.79907444 V=1506700.00000000
[Agent_Features] Generated 18 features for the latest tick.
[Agent] Exploration: Random action: BUY
[Portfolio] Logged Trade: BUY 1.09079204 UNH @ 173.80. New Cash: 3601.99, New Coins: 41.16246481
[Agent] Received reward: 0.00000000
[NeuralNetworkInterface] Received reward signal: 0.00000000
[Agent] Making decision using full OHLCV data
[Agent] Price data: O=176.02929688 H=176.55146545 L=173.80791637 C=174.28581804 V=2990200.00000000
[Agent_Features] Generated 18 features for the latest tick.
[Agent] Exploration: Random action: HOLD
[Agent] Received reward: 0.00000000
[NeuralNetworkInterface] Received reward signal: 0.00000000
[Agent] Making decision using full OHLCV data
[Agent] Price data: O=176.78153992 H=176.99394813 L=175.55137104 C=176.81693453 V=2241800.00000000
[Agent_Features] Generated 18 features for the latest tick.
[Agent] Exploration: Random action: HOLD
[Agent] Received reward: 0.00000000
[NeuralNetworkInterface] Received reward signal: 0.00000000
[Agent] Making decision using full OHLCV data
[Agent] Price data: O=176.39213562 H=177.39220575 L=175.86113533 C=176.29478354 V=2700800.00000000
[Agent_Features] Generated 18 features for the latest tick.
[Agent] Exploration: Random action: SELL
[Portfolio] Logged Trade: SELL 2.05812324 UNH @ 176.29. New Cash: 3964.83, New Coins: 39.10434157
[Agent] Received reward: 0.00000000
[NeuralNetworkInterface] Received reward signal: 0.00000000
[Agent] Making decision using full OHLCV data
[Agent] Price data: O=175.56906128 H=176.99393419 L=174.90530086 C=176.59566714 V=3040200.00000000
[Agent_Features] Generated 18 features for the latest tick.
[Agent] Exploration: Random action: BUY
[Portfolio] Logged Trade: BUY 1.12257303 UNH @ 176.60. New Cash: 3766.59, New Coins: 40.22691460
[Agent] Received reward: 0.00000000
[NeuralNetworkInterface] Received reward signal: 0.00000000
[Agent] Making decision using full OHLCV data
[Agent] Price data: O=176.04881287 H=177.21257891 L=175.07161105 C=175.69346922 V=2684600.00000000
[Agent_Features] Generated 18 features for the latest tick.
[Agent] Exploration: Random action: BUY
[Portfolio] Logged Trade: BUY 1.07192064 UNH @ 175.69. New Cash: 3578.26, New Coins: 41.29883525
[Agent] Received reward: 0.00000000
[NeuralNetworkInterface] Received reward signal: 0.00000000
[Agent] Making decision using full OHLCV data
[Agent] Price data: O=175.67570496 H=176.66179922 L=175.00942542 C=176.27979190 V=2206000.00000000
[Agent_Features] Generated 18 features for the latest tick.
[Agent] Exploration: Random action: HOLD
[Agent] Received reward: 0.00000000
[NeuralNetworkInterface] Received reward signal: 0.00000000
[Agent] Making decision using full OHLCV data
[Agent] Price data: O=177.30142212 H=178.04765192 L=176.59072126 C=177.00825751 V=3307900.00000000
[Agent_Features] Generated 18 features for the latest tick.
[Agent] Exploration: Random action: BUY
[Portfolio] Logged Trade: BUY 1.01076066 UNH @ 177.01. New Cash: 3399.35, New Coins: 42.30959591
[Agent] Received reward: 0.00000000
[NeuralNetworkInterface] Received reward signal: 0.00000000
[Agent] Making decision using full OHLCV data
[Agent] Price data: O=175.42695618 H=177.20370156 L=174.92946964 C=177.17705146 V=2554700.00000000
[Agent_Features] Generated 18 features for the latest tick.
[Agent] Exploration: Random action: SELL
[Portfolio] Logged Trade: SELL 2.11547980 UNH @ 177.18. New Cash: 3774.16, New Coins: 40.19411612
[Agent] Received reward: -0.00000000
[NeuralNetworkInterface] Received reward signal: -0.00000000
[Agent] Making decision using full OHLCV data
[Agent] Price data: O=176.19097900 H=178.34971840 L=175.70237125 C=175.72014250 V=2394400.00000000
[Agent_Features] Generated 18 features for the latest tick.
[Agent] Exploration: Random action: HOLD
[Agent] Received reward: 0.00000000
[NeuralNetworkInterface] Received reward signal: 0.00000000
[Agent] Making decision using full OHLCV data
[Agent] Price data: O=175.65791321 H=176.23536354 L=175.08935528 C=175.85335627 V=2378600.00000000
[Agent_Features] Generated 18 features for the latest tick.
[Agent] Exploration: Random action: SELL
[Portfolio] Logged Trade: SELL 2.00970581 UNH @ 175.85. New Cash: 4127.57, New Coins: 38.18441031
[Agent] Received reward: 0.00000000
[NeuralNetworkInterface] Received reward signal: 0.00000000
[Agent] Making decision using full OHLCV data
[Agent] Price data: O=176.05767822 H=177.41690079 L=175.18707686 C=176.35973521 V=4198700.00000000
[Agent_Features] Generated 18 features for the latest tick.
[Agent] Exploration: Random action: SELL
[Portfolio] Logged Trade: SELL 1.90922052 UNH @ 176.36. New Cash: 4464.28, New Coins: 36.27518980
[Agent] Received reward: 0.00000000
[NeuralNetworkInterface] Received reward signal: 0.00000000
[Agent] Making decision using full OHLCV data
[Agent] Price data: O=176.06655884 H=176.62623789 L=175.46245845 C=176.04878759 V=1915200.00000000
[Agent_Features] Generated 18 features for the latest tick.
[Agent] Exploration: Random action: BUY
[Portfolio] Logged Trade: BUY 1.26791112 UNH @ 176.05. New Cash: 4241.07, New Coins: 37.54310091
[Agent] Received reward: -0.00000000
[NeuralNetworkInterface] Received reward signal: -0.00000000
[Agent] Making decision using full OHLCV data
[Agent] Price data: O=172.92175293 H=176.43083619 L=170.91403536 C=176.28869329 V=3819000.00000000
[Agent_Features] Generated 18 features for the latest tick.
[Agent] Exploration: Random action: BUY
[Portfolio] Logged Trade: BUY 1.20287638 UNH @ 176.29. New Cash: 4029.02, New Coins: 38.74597729
[Agent] Received reward: 0.00000000
[NeuralNetworkInterface] Received reward signal: 0.00000000
[Agent] Making decision using full OHLCV data
[Agent] Price data: O=173.89891052 H=173.97886079 L=172.39755888 C=173.25040242 V=2788500.00000000
[Agent_Features] Generated 18 features for the latest tick.
[Agent] Exploration: Random action: HOLD
[Agent] Received reward: 0.00000000
[NeuralNetworkInterface] Received reward signal: 0.00000000
[Agent] Making decision using full OHLCV data
[Agent] Price data: O=173.41923523 H=174.23653646 L=173.14382831 C=173.79235012 V=1895000.00000000
[Agent_Features] Generated 18 features for the latest tick.
[Agent] Exploration: Random action: SELL
[Portfolio] Logged Trade: SELL 1.93729886 UNH @ 173.79. New Cash: 4365.70, New Coins: 36.80867843
[Agent] Received reward: 0.00000000
[NeuralNetworkInterface] Received reward signal: 0.00000000
[Agent] Making decision using full OHLCV data
[Agent] Price data: O=171.48251343 H=174.00548765 L=167.23609468 C=173.33032954 V=5660200.00000000
[Agent_Features] Generated 18 features for the latest tick.
[Agent] Exploration: Random action: SELL
[Portfolio] Logged Trade: SELL 1.84043392 UNH @ 173.33. New Cash: 4684.71, New Coins: 34.96824450
[Agent] Received reward: 0.00000000
[NeuralNetworkInterface] Received reward signal: 0.00000000
[Agent] Making decision using full OHLCV data
[Agent] Price data: O=170.34538269 H=174.39635807 L=169.60803208 C=171.69571234 V=3105900.00000000
[Agent_Features] Generated 18 features for the latest tick.
[Agent] Exploration: Random action: SELL
[Portfolio] Logged Trade: SELL 1.74841223 UNH @ 171.70. New Cash: 4984.90, New Coins: 33.21983228
[Agent] Received reward: 0.00000000
[NeuralNetworkInterface] Received reward signal: 0.00000000
[Agent] Making decision using full OHLCV data
[Agent] Price data: O=171.18945312 H=172.66415538 L=170.60312376 C=170.84298824 V=2775400.00000000
[Agent_Features] Generated 18 features for the latest tick.
[Agent] Exploration: Random action: HOLD
[Agent] Received reward: 0.00000000
[NeuralNetworkInterface] Received reward signal: 0.00000000
[Agent] Making decision using full OHLCV data
[Agent] Price data: O=172.77960205 H=173.78345393 L=170.33657726 C=171.63359374 V=3267200.00000000
[Agent_Features] Generated 18 features for the latest tick.
[Agent] Exploration: Random action: SELL
[Portfolio] Logged Trade: SELL 1.66099161 UNH @ 171.63. New Cash: 5269.98, New Coins: 31.55884067
[Agent] Received reward: 0.00000000
[NeuralNetworkInterface] Received reward signal: 0.00000000
[Agent] Making decision using full OHLCV data
[Agent] Price data: O=174.20988464 H=174.60964963 L=171.90898914 C=172.56638979 V=2088400.00000000
[Agent_Features] Generated 18 features for the latest tick.
[Agent] Exploration: Random action: BUY
[Portfolio] Logged Trade: BUY 1.52694397 UNH @ 172.57. New Cash: 5006.48, New Coins: 33.08578464
[Agent] Received reward: 0.00000000
[NeuralNetworkInterface] Received reward signal: 0.00000000
[Agent] Making decision using full OHLCV data
[Agent] Price data: O=173.98779297 H=174.20099373 L=172.77071319 C=173.96114287 V=2646300.00000000
[Agent_Features] Generated 18 features for the latest tick.
[Agent] Exploration: Random action: HOLD
[Agent] Received reward: 0.00000000
[NeuralNetworkInterface] Received reward signal: 0.00000000
[Agent] Making decision using full OHLCV data
[Agent] Price data: O=175.40028381 H=175.81782001 L=174.41418971 C=174.64516170 V=2893600.00000000
[Agent_Features] Generated 18 features for the latest tick.
[Agent] Exploration: Random action: SELL
[Portfolio] Logged Trade: SELL 1.65428923 UNH @ 174.65. New Cash: 5295.40, New Coins: 31.43149540
[Agent] Received reward: 0.00000000
[NeuralNetworkInterface] Received reward signal: 0.00000000
[Agent] Making decision using full OHLCV data
[Agent] Price data: O=176.45748901 H=177.17706879 L=175.24040909 C=175.45362344 V=2533800.00000000
[Agent_Features] Generated 18 features for the latest tick.
[Agent] Exploration: Random action: BUY
[Portfolio] Logged Trade: BUY 1.50905934 UNH @ 175.45. New Cash: 5030.63, New Coins: 32.94055474
[Agent] Received reward: -0.00000000
[NeuralNetworkInterface] Received reward signal: -0.00000000
[Agent] Making decision using full OHLCV data
[Agent] Price data: O=178.10092163 H=178.32301476 L=176.27975523 C=176.81278417 V=2286400.00000000
[Agent_Features] Generated 18 features for the latest tick.
[Agent] Exploration: Random action: SELL
[Portfolio] Logged Trade: SELL 1.64702774 UNH @ 176.81. New Cash: 5321.84, New Coins: 31.29352700
[Agent] Received reward: 0.00000000
[NeuralNetworkInterface] Received reward signal: 0.00000000
[Agent] Making decision using full OHLCV data
[Agent] Price data: O=175.80892944 H=177.61232471 L=174.61851343 C=177.61232471 V=4069000.00000000
[Agent_Features] Generated 18 features for the latest tick.
[Agent] Exploration: Random action: HOLD
[Agent] Received reward: 0.00000000
[NeuralNetworkInterface] Received reward signal: 0.00000000
[Agent] Making decision using full OHLCV data
[Agent] Price data: O=175.95103455 H=177.66560032 L=175.46242702 C=175.80889171 V=3361900.00000000
[Agent_Features] Generated 18 features for the latest tick.
[Agent] Exploration: Random action: HOLD
[Agent] Received reward: 0.00000000
[NeuralNetworkInterface] Received reward signal: 0.00000000
[Agent] Making decision using full OHLCV data
[Agent] Price data: O=174.38752747 H=176.18204374 L=173.92556996 C=175.90663688 V=3365400.00000000
[Agent_Features] Generated 18 features for the latest tick.
[Agent] Exploration: Random action: BUY
[Portfolio] Logged Trade: BUY 1.51269000 UNH @ 175.91. New Cash: 5055.75, New Coins: 32.80621700
[Agent] Received reward: 0.00000000
[NeuralNetworkInterface] Received reward signal: 0.00000000
[Agent] Making decision using full OHLCV data
[Agent] Price data: O=172.94836426 H=174.50301624 L=172.05111285 C=174.35199454 V=2499100.00000000
[Agent_Features] Generated 18 features for the latest tick.
[Agent] Exploration: Random action: HOLD
[Agent] Received reward: 0.00000000
[NeuralNetworkInterface] Received reward signal: 0.00000000
[Agent] Making decision using full OHLCV data
[Agent] Price data: O=173.46362305 H=174.18321621 L=171.98004248 C=172.90395755 V=2935600.00000000
[Agent_Features] Generated 18 features for the latest tick.
[Agent] Exploration: Random action: HOLD
[Agent] Received reward: 0.00000000
[NeuralNetworkInterface] Received reward signal: 0.00000000
[Agent] Making decision using full OHLCV data
[Agent] Price data: O=171.38482666 H=173.55245780 L=171.21603371 C=173.24152199 V=2954700.00000000
[Agent_Features] Generated 18 features for the latest tick.
[Agent] Exploration: Random action: SELL
[Portfolio] Logged Trade: SELL 1.64031085 UNH @ 173.24. New Cash: 5339.92, New Coins: 31.16590615
[Agent] Received reward: 0.00000000
[NeuralNetworkInterface] Received reward signal: 0.00000000
[Agent] Making decision using full OHLCV data
[Agent] Price data: O=171.02947998 H=171.19827293 L=165.23728740 C=168.42654147 V=5435000.00000000
[Agent_Features] Generated 18 features for the latest tick.
[Agent] Exploration: Random action: SELL
[Portfolio] Logged Trade: SELL 1.55829531 UNH @ 168.43. New Cash: 5602.38, New Coins: 29.60761084
[Agent] Received reward: 0.00000000
[NeuralNetworkInterface] Received reward signal: 0.00000000
[Agent] Making decision using full OHLCV data
[Agent] Price data: O=171.63352966 H=171.74014356 L=169.99892785 C=170.99390051 V=2927400.00000000
[Agent_Features] Generated 18 features for the latest tick.
[Agent] Exploration: Random action: BUY
[Portfolio] Logged Trade: BUY 1.63818131 UNH @ 170.99. New Cash: 5322.26, New Coins: 31.24579215
[Agent] Received reward: 0.00000000
[NeuralNetworkInterface] Received reward signal: 0.00000000
[Agent] Making decision using full OHLCV data
[Agent] Price data: O=181.13029480 H=183.55554828 L=174.44972883 C=174.83173611 V=8949700.00000000
[Agent_Features] Generated 18 features for the latest tick.
[Agent] Exploration: Random action: BUY
[Portfolio] Logged Trade: BUY 1.52210958 UNH @ 174.83. New Cash: 5056.15, New Coins: 32.76790173
[Agent] Received reward: 0.00000000
[NeuralNetworkInterface] Received reward signal: 0.00000000
[Agent] Making decision using full OHLCV data
[Agent] Price data: O=182.32069397 H=184.60381792 L=180.94371381 C=181.05032773 V=4796300.00000000
[Agent_Features] Generated 18 features for the latest tick.
[Agent] Exploration: Random action: BUY
[Portfolio] Logged Trade: BUY 1.39633775 UNH @ 181.05. New Cash: 4803.34, New Coins: 34.16423948
[Agent] Received reward: 0.00000000
[NeuralNetworkInterface] Received reward signal: 0.00000000
[Agent] Making decision using full OHLCV data
[Agent] Price data: O=180.56169128 H=182.78262230 L=180.07308375 C=182.53387911 V=3471800.00000000
[Agent_Features] Generated 18 features for the latest tick.
[Agent] Exploration: Random action: HOLD
[Agent] Received reward: 0.00000000
[NeuralNetworkInterface] Received reward signal: 0.00000000
[Agent] Making decision using full OHLCV data
[Agent] Price data: O=184.32846069 H=184.96809014 L=180.95264164 C=181.45900705 V=5138800.00000000
[Agent_Features] Generated 18 features for the latest tick.
[Agent] Exploration: Random action: HOLD
[Agent] Received reward: 0.00000000
[NeuralNetworkInterface] Received reward signal: 0.00000000
[Agent] Making decision using full OHLCV data
[Agent] Price data: O=183.90199280 H=185.18125141 L=182.82706963 C=184.40837165 V=2261400.00000000
[Agent_Features] Generated 18 features for the latest tick.
[Agent] Exploration: Random action: SELL
[Portfolio] Logged Trade: SELL 1.70821197 UNH @ 184.41. New Cash: 5118.35, New Coins: 32.45602751
[Agent] Received reward: 0.00000000
[NeuralNetworkInterface] Received reward signal: 0.00000000
[Agent] Making decision using full OHLCV data
[Agent] Price data: O=184.91476440 H=184.98583584 L=182.89816822 C=183.34235455 V=3459900.00000000
[Agent_Features] Generated 18 features for the latest tick.
[Agent] Exploration: Random action: HOLD
[Agent] Received reward: 0.00000000
[NeuralNetworkInterface] Received reward signal: 0.00000000
[Agent] Making decision using full OHLCV data
[Agent] Price data: O=184.39065552 H=185.79428616 L=183.95536152 C=185.06582752 V=2908300.00000000
[Agent_Features] Generated 18 features for the latest tick.
[Agent] Exploration: Random action: HOLD
[Agent] Received reward: 0.00000000
[NeuralNetworkInterface] Received reward signal: 0.00000000
[Agent] Making decision using full OHLCV data
[Agent] Price data: O=185.80310059 H=188.06845314 L=184.40836283 C=184.71040622 V=4346000.00000000
[Agent_Features] Generated 18 features for the latest tick.
[Agent] Exploration: Random action: HOLD
[Agent] Received reward: 0.00000000
[NeuralNetworkInterface] Received reward signal: 0.00000000
[Agent] Making decision using full OHLCV data
[Agent] Price data: O=188.86798096 H=189.01900264 L=185.27006996 C=185.80308528 V=4385300.00000000
[Agent_Features] Generated 18 features for the latest tick.
[Agent] Exploration: Random action: HOLD
[Agent] Received reward: 0.00000000
[NeuralNetworkInterface] Received reward signal: 0.00000000
[Agent] Making decision using full OHLCV data
[Agent] Price data: O=186.01632690 H=189.01903045 L=186.00744806 C=188.52154399 V=2477400.00000000
[Agent_Features] Generated 18 features for the latest tick.
[Agent] Exploration: Random action: BUY
[Portfolio] Logged Trade: BUY 1.35749719 UNH @ 188.52. New Cash: 4862.43, New Coins: 33.81352470
[Agent] Received reward: 0.00000000
[NeuralNetworkInterface] Received reward signal: 0.00000000
[Agent] Making decision using full OHLCV data
[Agent] Price data: O=186.75373840 H=187.02025296 L=184.60387777 C=186.01638732 V=3749600.00000000
[Agent_Features] Generated 18 features for the latest tick.
[Agent] Exploration: Random action: HOLD
[Agent] Received reward: 0.00000000
[NeuralNetworkInterface] Received reward signal: 0.00000000
[Simulation] Simulation run finished. Ticks processed in this run: 164

Simulation Finished in 0.02 seconds.
--------------------
  Final Portfolio  
--------------------
Cash:      $4862.43
Asset:     33.8135 UNH
Total Value: $11152.30
--------------------
[Simulation] Simulation destroyed.
[AutonomousTradingAgent] Agent destroyed
[NeuralNetworkInterface] Destructor called.
[Portfolio] Destroyed for asset: UNH. Final cash: 4862.43, Final assets: 33.81
