Loading data from training_run_20250621_125419/data/PEP_1d_20210528_to_20220620.csv...
Loaded 218 data points.
[Portfolio] Initialized for asset: PEP with initial cash: 10000.00. Initial Portfolio Value: 10000.00
[NeuralNetworkInterface] Constructor called.
[NeuralNetworkInterface] Initializing...
Warning: NN model path is empty. Initializing in a mock state.
[NeuralNetworkInterface] Initialized successfully.
[AutonomousTradingAgent] Agent initialized for PEP without API client (CSV mode).
[Simulation] Initialized with 218 data points.
[Simulation] API client is NULL (offline/CSV mode).

Starting Simulation for PEP...
[Simulation] Starting simulation run...
[Agent] Making decision using full OHLCV data
[Agent] Price data: O=136.96 H=137.35 L=136.40 C=137.22 V=2636600.00
[Agent_Features] Generated 15 features for the latest tick.
[Agent] Exploration: Random action: BUY
[Portfolio] Logged Trade: BUY 3.64376089 PEP @ 137.22. New Cash: 9500.00, New Coins: 3.64376089
[Agent] Received reward: 0.00000000
[NeuralNetworkInterface] Received reward signal: 0.00000000
[Agent] Making decision using full OHLCV data
[Agent] Price data: O=137.03453064 H=137.81540911 L=136.48437365 C=136.92805214 V=2670200.00000000
[Agent_Features] Generated 17 features for the latest tick.
[Agent] Exploration: Random action: BUY
[Portfolio] Logged Trade: BUY 3.46897508 PEP @ 136.93. New Cash: 9025.00, New Coins: 7.11273597
[Agent] Received reward: 0.00000000
[NeuralNetworkInterface] Received reward signal: 0.00000000
[Agent] Making decision using full OHLCV data
[Agent] Price data: O=137.57575989 H=138.44537910 L=137.06997367 C=137.28294413 V=3058000.00000000
[Agent_Features] Generated 17 features for the latest tick.
[Agent] Exploration: Random action: HOLD
[Agent] Received reward: 0.00000000
[NeuralNetworkInterface] Received reward signal: 0.00000000
[Agent] Making decision using full OHLCV data
[Agent] Price data: O=137.60241699 H=137.80650525 L=137.18535824 C=137.74438378 V=1958700.00000000
[Agent_Features] Generated 17 features for the latest tick.
[Agent] Exploration: Random action: HOLD
[Agent] Received reward: 0.00000000
[NeuralNetworkInterface] Received reward signal: 0.00000000
[Agent] Making decision using full OHLCV data
[Agent] Price data: O=138.88908386 H=139.02218196 L=137.45155670 C=137.62903889 V=2113800.00000000
[Agent_Features] Generated 18 features for the latest tick.
[Agent] Exploration: Random action: BUY
[Portfolio] Logged Trade: BUY 3.27874120 PEP @ 137.63. New Cash: 8573.75, New Coins: 10.39147717
[Agent] Received reward: 0.00000000
[NeuralNetworkInterface] Received reward signal: 0.00000000
[Agent] Making decision using full OHLCV data
[Agent] Price data: O=140.24674988 H=140.30885782 L=139.07543236 C=139.25290102 V=3224000.00000000
[Agent_Features] Generated 18 features for the latest tick.
[Agent] Exploration: Random action: BUY
[Portfolio] Logged Trade: BUY 3.07848165 PEP @ 139.25. New Cash: 8145.06, New Coins: 13.46995882
[Agent] Received reward: 0.00000000
[NeuralNetworkInterface] Received reward signal: 0.00000000
[Agent] Making decision using full OHLCV data
[Agent] Price data: O=140.11358643 H=140.60163521 L=139.52794142 C=140.12246866 V=3736300.00000000
[Agent_Features] Generated 18 features for the latest tick.
[Agent] Exploration: Random action: HOLD
[Agent] Received reward: 0.00000000
[NeuralNetworkInterface] Received reward signal: 0.00000000
[Agent] Making decision using full OHLCV data
[Agent] Price data: O=138.67610168 H=140.37982490 L=138.60511152 C=139.91839563 V=3419200.00000000
[Agent_Features] Generated 18 features for the latest tick.
[Agent] Exploration: Random action: BUY
[Portfolio] Logged Trade: BUY 2.91064748 PEP @ 139.92. New Cash: 7737.81, New Coins: 16.38060629
[Agent] Received reward: 0.00000000
[NeuralNetworkInterface] Received reward signal: 0.00000000
[Agent] Making decision using full OHLCV data
[Agent] Price data: O=141.00985718 H=141.46240422 L=138.23242636 C=138.26792821 V=4745600.00000000
[Agent_Features] Generated 18 features for the latest tick.
[Agent] Exploration: Random action: SELL
[Portfolio] Logged Trade: SELL 0.81903031 PEP @ 138.27. New Cash: 7851.05, New Coins: 15.56157598
[Agent] Received reward: 0.00000000
[NeuralNetworkInterface] Received reward signal: 0.00000000
[Agent] Making decision using full OHLCV data
[Agent] Price data: O=140.51295471 H=141.64877033 L=140.42421362 C=141.02760974 V=3484100.00000000
[Agent_Features] Generated 18 features for the latest tick.
[Agent] Exploration: Random action: SELL
[Portfolio] Logged Trade: SELL 0.77807880 PEP @ 141.03. New Cash: 7960.79, New Coins: 14.78349718
[Agent] Received reward: 0.00000000
[NeuralNetworkInterface] Received reward signal: 0.00000000
[Agent] Making decision using full OHLCV data
[Agent] Price data: O=140.06927490 H=140.66380233 L=139.59897689 C=140.05152398 V=3102100.00000000
[Agent_Features] Generated 18 features for the latest tick.
[Agent] Exploration: Random action: HOLD
[Agent] Received reward: 0.00000000
[NeuralNetworkInterface] Received reward signal: 0.00000000
[Agent] Making decision using full OHLCV data
[Agent] Price data: O=138.33006287 H=139.98054720 L=138.14371196 C=139.98054720 V=3760800.00000000
[Agent_Features] Generated 18 features for the latest tick.
[Agent] Exploration: Random action: SELL
[Portfolio] Logged Trade: SELL 0.73917486 PEP @ 139.98. New Cash: 8064.26, New Coins: 14.04432232
[Agent] Received reward: 0.00000000
[NeuralNetworkInterface] Received reward signal: 0.00000000
[Agent] Making decision using full OHLCV data
[Agent] Price data: O=137.71774292 H=138.13480161 L=136.79489800 C=137.85972323 V=3346700.00000000
[Agent_Features] Generated 18 features for the latest tick.
[Agent] Exploration: Random action: BUY
[Portfolio] Logged Trade: BUY 2.92480483 PEP @ 137.86. New Cash: 7661.04, New Coins: 16.96912715
[Agent] Received reward: 0.00000000
[NeuralNetworkInterface] Received reward signal: 0.00000000
[Agent] Making decision using full OHLCV data
[Agent] Price data: O=137.21199036 H=138.13483550 L=136.73281009 C=137.99285516 V=3220700.00000000
[Agent_Features] Generated 18 features for the latest tick.
[Agent] Exploration: Random action: BUY
[Portfolio] Logged Trade: BUY 2.77588390 PEP @ 137.99. New Cash: 7277.99, New Coins: 19.74501106
[Agent] Received reward: 0.00000000
[NeuralNetworkInterface] Received reward signal: 0.00000000
[Agent] Making decision using full OHLCV data
[Agent] Price data: O=137.48706055 H=137.90411931 L=136.83929389 C=137.39831945 V=4166500.00000000
[Agent_Features] Generated 18 features for the latest tick.
[Agent] Exploration: Random action: HOLD
[Agent] Received reward: 0.00000000
[NeuralNetworkInterface] Received reward signal: 0.00000000
[Agent] Making decision using full OHLCV data
[Agent] Price data: O=138.42767334 H=138.57852238 L=137.54918515 C=137.70003420 V=2540300.00000000
[Agent_Features] Generated 18 features for the latest tick.
[Agent] Exploration: Random action: BUY
[Portfolio] Logged Trade: BUY 2.64269752 PEP @ 137.70. New Cash: 6914.09, New Coins: 22.38770857
[Agent] Received reward: 0.00000000
[NeuralNetworkInterface] Received reward signal: 0.00000000
[Agent] Making decision using full OHLCV data
[Agent] Price data: O=138.77371216 H=138.84470232 L=137.84198493 C=138.50750244 V=5291200.00000000
[Agent_Features] Generated 18 features for the latest tick.
[Agent] Exploration: Random action: SELL
[Portfolio] Logged Trade: SELL 1.11938543 PEP @ 138.51. New Cash: 7069.13, New Coins: 21.26832314
[Agent] Received reward: 0.00000000
[NeuralNetworkInterface] Received reward signal: 0.00000000
[Agent] Making decision using full OHLCV data
[Agent] Price data: O=140.12252808 H=140.37098692 L=138.88022032 C=139.17304972 V=4231400.00000000
[Agent_Features] Generated 18 features for the latest tick.
[Agent] Exploration: Random action: SELL
[Portfolio] Logged Trade: SELL 1.06341616 PEP @ 139.17. New Cash: 7217.13, New Coins: 20.20490698
[Agent] Received reward: 0.00000000
[NeuralNetworkInterface] Received reward signal: 0.00000000
[Agent] Making decision using full OHLCV data
[Agent] Price data: O=140.22523499 H=140.52900094 L=139.26031932 C=140.08228149 V=2862500.00000000
[Agent_Features] Generated 18 features for the latest tick.
[Agent] Exploration: Random action: BUY
[Portfolio] Logged Trade: BUY 2.57603363 PEP @ 140.08. New Cash: 6856.28, New Coins: 22.78094062
[Agent] Received reward: -0.00000000
[NeuralNetworkInterface] Received reward signal: -0.00000000
[Agent] Making decision using full OHLCV data
[Agent] Price data: O=140.35032654 H=140.64516304 L=139.28713197 C=139.55516639 V=2035100.00000000
[Agent_Features] Generated 18 features for the latest tick.
[Agent] Exploration: Random action: BUY
[Portfolio] Logged Trade: BUY 2.45647542 PEP @ 139.56. New Cash: 6513.46, New Coins: 25.23741604
[Agent] Received reward: 0.00000000
[NeuralNetworkInterface] Received reward signal: 0.00000000
[Agent] Making decision using full OHLCV data
[Agent] Price data: O=138.06311035 H=140.05547526 L=137.30368184 C=139.80531346 V=4609900.00000000
[Agent_Features] Generated 18 features for the latest tick.
[Agent] Exploration: Random action: BUY
[Portfolio] Logged Trade: BUY 2.32947615 PEP @ 139.81. New Cash: 6187.79, New Coins: 27.56689219
[Agent] Received reward: 0.00000000
[NeuralNetworkInterface] Received reward signal: 0.00000000
[Agent] Making decision using full OHLCV data
[Agent] Price data: O=140.01974487 H=140.04654695 L=137.85762438 C=138.17926293 V=3199100.00000000
[Agent_Features] Generated 18 features for the latest tick.
[Agent] Exploration: Random action: BUY
[Portfolio] Logged Trade: BUY 2.23904427 PEP @ 138.18. New Cash: 5878.40, New Coins: 29.80593645
[Agent] Received reward: 0.00000000
[NeuralNetworkInterface] Received reward signal: 0.00000000
[Agent] Making decision using full OHLCV data
[Agent] Price data: O=139.13525391 H=140.24312319 L=138.84041740 C=140.16271695 V=3560400.00000000
[Agent_Features] Generated 18 features for the latest tick.
[Agent] Exploration: Random action: SELL
[Portfolio] Logged Trade: SELL 1.49029682 PEP @ 140.16. New Cash: 6087.28, New Coins: 28.31563963
[Agent] Received reward: 0.00000000
[NeuralNetworkInterface] Received reward signal: 0.00000000
[Agent] Making decision using full OHLCV data
[Agent] Price data: O=138.89405823 H=139.59986917 L=138.49199970 C=139.35863678 V=3851500.00000000
[Agent_Features] Generated 18 features for the latest tick.
[Agent] Exploration: Random action: HOLD
[Agent] Received reward: 0.00000000
[NeuralNetworkInterface] Received reward signal: 0.00000000
[Agent] Making decision using full OHLCV data
[Agent] Price data: O=139.16207886 H=140.62731854 L=138.83151073 C=139.32290500 V=3367200.00000000
[Agent_Features] Generated 18 features for the latest tick.
[Agent] Exploration: Random action: SELL
[Portfolio] Logged Trade: SELL 1.41578198 PEP @ 139.32. New Cash: 6284.54, New Coins: 26.89985765
[Agent] Received reward: 0.00000000
[NeuralNetworkInterface] Received reward signal: 0.00000000
[Agent] Making decision using full OHLCV data
[Agent] Price data: O=138.61705017 H=139.97508122 L=138.32222731 C=139.71598992 V=2808600.00000000
[Agent_Features] Generated 18 features for the latest tick.
[Agent] Exploration: Random action: BUY
[Portfolio] Logged Trade: BUY 2.24903934 PEP @ 139.72. New Cash: 5970.31, New Coins: 29.14889699
[Agent] Received reward: 0.00000000
[NeuralNetworkInterface] Received reward signal: 0.00000000
[Agent] Making decision using full OHLCV data
[Agent] Price data: O=139.39434814 H=139.71598671 L=138.28647894 C=138.67959426 V=3702400.00000000
[Agent_Features] Generated 18 features for the latest tick.
[Agent] Exploration: Random action: BUY
[Portfolio] Logged Trade: BUY 2.15255475 PEP @ 138.68. New Cash: 5671.79, New Coins: 31.30145174
[Agent] Received reward: 0.00000000
[NeuralNetworkInterface] Received reward signal: 0.00000000
[Agent] Making decision using full OHLCV data
[Agent] Price data: O=138.98336792 H=139.48369158 L=137.41984968 C=138.83148493 V=4589900.00000000
[Agent_Features] Generated 18 features for the latest tick.
[Agent] Exploration: Random action: HOLD
[Agent] Received reward: 0.00000000
[NeuralNetworkInterface] Received reward signal: 0.00000000
[Agent] Making decision using full OHLCV data
[Agent] Price data: O=137.70573425 H=138.92974111 L=137.43769987 C=138.68850881 V=8127400.00000000
[Agent_Features] Generated 18 features for the latest tick.
[Agent] Exploration: Random action: BUY
[Portfolio] Logged Trade: BUY 2.04479557 PEP @ 138.69. New Cash: 5388.20, New Coins: 33.34624731
[Agent] Received reward: 0.00000000
[NeuralNetworkInterface] Received reward signal: 0.00000000
[Agent] Making decision using full OHLCV data
[Agent] Price data: O=137.24116516 H=138.43837015 L=136.17797057 C=137.50025647 V=5484600.00000000
[Agent_Features] Generated 18 features for the latest tick.
[Agent] Exploration: Random action: BUY
[Portfolio] Logged Trade: BUY 1.95934301 PEP @ 137.50. New Cash: 5118.79, New Coins: 35.30559032
[Agent] Received reward: 0.00000000
[NeuralNetworkInterface] Received reward signal: 0.00000000
[Agent] Making decision using full OHLCV data
[Agent] Price data: O=137.17861938 H=139.48369366 L=136.66936624 C=138.13460567 V=4479800.00000000
[Agent_Features] Generated 18 features for the latest tick.
[Agent] Exploration: Random action: HOLD
[Agent] Received reward: 0.00000000
[NeuralNetworkInterface] Received reward signal: 0.00000000
[Agent] Making decision using full OHLCV data
[Agent] Price data: O=137.59852600 H=138.56344169 L=137.09820238 C=138.14352430 V=3001000.00000000
[Agent_Features] Generated 18 features for the latest tick.
[Agent] Exploration: Random action: BUY
[Portfolio] Logged Trade: BUY 1.85270833 PEP @ 138.14. New Cash: 4862.85, New Coins: 37.15829865
[Agent] Received reward: -0.00000000
[NeuralNetworkInterface] Received reward signal: -0.00000000
[Agent] Making decision using full OHLCV data
[Agent] Price data: O=137.70573425 H=138.42047443 L=137.17859497 C=137.31261898 V=2712500.00000000
[Agent_Features] Generated 18 features for the latest tick.
[Agent] Exploration: Random action: SELL
[Portfolio] Logged Trade: SELL 1.85791493 PEP @ 137.31. New Cash: 5117.97, New Coins: 35.30038372
[Agent] Received reward: 0.00000000
[NeuralNetworkInterface] Received reward signal: 0.00000000
[Agent] Making decision using full OHLCV data
[Agent] Price data: O=137.76826477 H=138.14350744 L=137.18753498 C=137.36622002 V=2366100.00000000
[Agent_Features] Generated 18 features for the latest tick.
[Agent] Exploration: Random action: BUY
[Portfolio] Logged Trade: BUY 1.86289201 PEP @ 137.37. New Cash: 4862.07, New Coins: 37.16327572
[Agent] Received reward: 0.00000000
[NeuralNetworkInterface] Received reward signal: 0.00000000
[Agent] Making decision using full OHLCV data
[Agent] Price data: O=136.44601440 H=137.72362572 L=136.15117788 C=137.41093023 V=4482000.00000000
[Agent_Features] Generated 18 features for the latest tick.
[Agent] Exploration: Random action: BUY
[Portfolio] Logged Trade: BUY 1.76917157 PEP @ 137.41. New Cash: 4618.97, New Coins: 38.93244730
[Agent] Received reward: 0.00000000
[NeuralNetworkInterface] Received reward signal: 0.00000000
[Agent] Making decision using full OHLCV data
[Agent] Price data: O=134.95394897 H=136.24943266 L=134.10518474 C=136.13328124 V=5910900.00000000
[Agent_Features] Generated 18 features for the latest tick.
[Agent] Exploration: Random action: BUY
[Portfolio] Logged Trade: BUY 1.69648696 PEP @ 136.13. New Cash: 4388.02, New Coins: 40.62893426
[Agent] Received reward: 0.00000000
[NeuralNetworkInterface] Received reward signal: 0.00000000
[Agent] Making decision using full OHLCV data
[Agent] Price data: O=136.07081604 H=136.84810391 L=134.63237814 C=135.21310826 V=3326500.00000000
[Agent_Features] Generated 18 features for the latest tick.
[Agent] Exploration: Random action: HOLD
[Agent] Received reward: 0.00000000
[NeuralNetworkInterface] Received reward signal: 0.00000000
[Agent] Making decision using full OHLCV data
[Agent] Price data: O=134.38214111 H=137.08031663 L=134.34639592 C=136.89270211 V=4949200.00000000
[Agent_Features] Generated 18 features for the latest tick.
[Agent] Exploration: Random action: HOLD
[Agent] Received reward: 0.00000000
[NeuralNetworkInterface] Received reward signal: 0.00000000
[Agent] Making decision using full OHLCV data
[Agent] Price data: O=134.86460876 H=135.45428175 L=133.58699759 C=135.22199253 V=4274300.00000000
[Agent_Features] Generated 18 features for the latest tick.
[Agent] Exploration: Random action: SELL
[Portfolio] Logged Trade: SELL 2.03144671 PEP @ 135.22. New Cash: 4662.71, New Coins: 38.59748754
[Agent] Received reward: 0.00000000
[NeuralNetworkInterface] Received reward signal: 0.00000000
[Agent] Making decision using full OHLCV data
[Agent] Price data: O=134.19453430 H=136.69616621 L=133.55125713 C=134.80207991 V=5404900.00000000
[Agent_Features] Generated 18 features for the latest tick.
[Agent] Exploration: Random action: SELL
[Portfolio] Logged Trade: SELL 1.92987438 PEP @ 134.80. New Cash: 4922.87, New Coins: 36.66761317
[Agent] Received reward: -0.00000000
[NeuralNetworkInterface] Received reward signal: -0.00000000
[Agent] Making decision using full OHLCV data
[Agent] Price data: O=134.98968506 H=136.15115840 L=134.07838716 C=135.23091739 V=6103100.00000000
[Agent_Features] Generated 18 features for the latest tick.
[Agent] Exploration: Random action: SELL
[Portfolio] Logged Trade: SELL 1.83338066 PEP @ 135.23. New Cash: 5170.80, New Coins: 34.83423251
[Agent] Received reward: 0.00000000
[NeuralNetworkInterface] Received reward signal: 0.00000000
[Agent] Making decision using full OHLCV data
[Agent] Price data: O=138.44732666 H=138.62601175 L=133.98013123 C=134.76634836 V=5499200.00000000
[Agent_Features] Generated 18 features for the latest tick.
[Agent] Exploration: Random action: BUY
[Portfolio] Logged Trade: BUY 1.91842977 PEP @ 134.77. New Cash: 4912.26, New Coins: 36.75266227
[Agent] Received reward: 0.00000000
[NeuralNetworkInterface] Received reward signal: 0.00000000
[Agent] Making decision using full OHLCV data
[Agent] Price data: O=139.72492981 H=140.94000744 L=138.94764221 C=138.94764221 V=4605100.00000000
[Agent_Features] Generated 18 features for the latest tick.
[Agent] Exploration: Random action: SELL
[Portfolio] Logged Trade: SELL 1.83763311 PEP @ 138.95. New Cash: 5167.59, New Coins: 34.91502916
[Agent] Received reward: 0.00000000
[NeuralNetworkInterface] Received reward signal: 0.00000000
[Agent] Making decision using full OHLCV data
[Agent] Price data: O=139.40327454 H=140.01082009 L=138.92082351 C=139.88573919 V=4186000.00000000
[Agent_Features] Generated 18 features for the latest tick.
[Agent] Exploration: Random action: HOLD
[Agent] Received reward: 0.00000000
[NeuralNetworkInterface] Received reward signal: 0.00000000
[Agent] Making decision using full OHLCV data
[Agent] Price data: O=139.59092712 H=140.47542309 L=139.07273082 C=139.72493753 V=2738100.00000000
[Agent_Features] Generated 18 features for the latest tick.
[Agent] Exploration: Random action: HOLD
[Agent] Received reward: 0.00000000
[NeuralNetworkInterface] Received reward signal: 0.00000000
[Agent] Making decision using full OHLCV data
[Agent] Price data: O=140.20738220 H=141.02935812 L=139.56411863 C=139.57304812 V=3195400.00000000
[Agent_Features] Generated 18 features for the latest tick.
[Agent] Exploration: Random action: HOLD
[Agent] Received reward: 0.00000000
[NeuralNetworkInterface] Received reward signal: 0.00000000
[Agent] Making decision using full OHLCV data
[Agent] Price data: O=141.15444946 H=141.20805363 L=139.39437333 C=140.68092783 V=3599900.00000000
[Agent_Features] Generated 18 features for the latest tick.
[Agent] Exploration: Random action: HOLD
[Agent] Received reward: 0.00000000
[NeuralNetworkInterface] Received reward signal: 0.00000000
[Agent] Making decision using full OHLCV data
[Agent] Price data: O=142.28909302 H=142.49459381 L=141.70836311 C=141.71729259 V=3677100.00000000
[Agent_Features] Generated 18 features for the latest tick.
[Agent] Exploration: Random action: HOLD
[Agent] Received reward: 0.00000000
[NeuralNetworkInterface] Received reward signal: 0.00000000
[Agent] Making decision using full OHLCV data
[Agent] Price data: O=141.88703918 H=142.64646775 L=140.72556581 C=142.64646775 V=4313000.00000000
[Agent_Features] Generated 18 features for the latest tick.
[Agent] Exploration: Random action: HOLD
[Agent] Received reward: 0.00000000
[NeuralNetworkInterface] Received reward signal: 0.00000000
[Agent] Making decision using full OHLCV data
[Agent] Price data: O=141.24377441 H=141.78877277 L=140.09124405 C=141.34205325 V=3274200.00000000
[Agent_Features] Generated 18 features for the latest tick.
[Agent] Exploration: Random action: HOLD
[Agent] Received reward: 0.00000000
[NeuralNetworkInterface] Received reward signal: 0.00000000
[Agent] Making decision using full OHLCV data
[Agent] Price data: O=143.03959656 H=143.09320072 L=140.75238115 C=141.73516955 V=3125800.00000000
[Agent_Features] Generated 18 features for the latest tick.
[Agent] Exploration: Random action: HOLD
[Agent] Received reward: 0.00000000
[NeuralNetworkInterface] Received reward signal: 0.00000000
[Agent] Making decision using full OHLCV data
[Agent] Price data: O=144.12062073 H=144.62988742 L=142.66431102 C=143.46841418 V=3716500.00000000
[Agent_Features] Generated 18 features for the latest tick.
[Agent] Exploration: Random action: BUY
[Portfolio] Logged Trade: BUY 1.80095059 PEP @ 143.47. New Cash: 4909.21, New Coins: 36.71597975
[Agent] Received reward: -0.00000000
[NeuralNetworkInterface] Received reward signal: -0.00000000
[Agent] Making decision using full OHLCV data
[Agent] Price data: O=142.21763611 H=144.22787418 L=142.03895101 C=144.19214261 V=4164700.00000000
[Agent_Features] Generated 18 features for the latest tick.
[Agent] Exploration: Random action: SELL
[Portfolio] Logged Trade: SELL 1.83579899 PEP @ 144.19. New Cash: 5173.92, New Coins: 34.88018076
[Agent] Received reward: 0.00000000
[NeuralNetworkInterface] Received reward signal: 0.00000000
[Agent] Making decision using full OHLCV data
[Agent] Price data: O=142.92343140 H=143.37015088 L=142.47671192 C=142.57499075 V=3240300.00000000
[Agent_Features] Generated 18 features for the latest tick.
[Agent] Exploration: Random action: HOLD
[Agent] Received reward: 0.00000000
[NeuralNetworkInterface] Received reward signal: 0.00000000
[Agent] Making decision using full OHLCV data
[Agent] Price data: O=142.25337219 H=142.90557891 L=141.86918630 C=142.90557891 V=3281200.00000000
[Agent_Features] Generated 18 features for the latest tick.
[Agent] Exploration: Random action: HOLD
[Agent] Received reward: 0.00000000
[NeuralNetworkInterface] Received reward signal: 0.00000000
[Agent] Making decision using full OHLCV data
[Agent] Price data: O=143.99552917 H=144.20101628 L=142.14611796 C=142.20865158 V=3684700.00000000
[Agent_Features] Generated 18 features for the latest tick.
[Agent] Exploration: Random action: BUY
[Portfolio] Logged Trade: BUY 1.81912939 PEP @ 142.21. New Cash: 4915.22, New Coins: 36.69931016
[Agent] Received reward: 0.00000000
[NeuralNetworkInterface] Received reward signal: 0.00000000
[Agent] Making decision using full OHLCV data
[Agent] Price data: O=143.49525452 H=144.59418079 L=142.55714073 C=144.51377455 V=3751800.00000000
[Agent_Features] Generated 18 features for the latest tick.
[Agent] Exploration: Random action: HOLD
[Agent] Received reward: 0.00000000
[NeuralNetworkInterface] Received reward signal: 0.00000000
[Agent] Making decision using full OHLCV data
[Agent] Price data: O=144.39762878 H=144.49590763 L=143.37017923 C=143.70969047 V=3589600.00000000
[Agent_Features] Generated 18 features for the latest tick.
[Agent] Exploration: Random action: SELL
[Portfolio] Logged Trade: SELL 1.83496551 PEP @ 143.71. New Cash: 5178.93, New Coins: 34.86434465
[Agent] Received reward: 0.00000000
[NeuralNetworkInterface] Received reward signal: 0.00000000
[Agent] Making decision using full OHLCV data
[Agent] Price data: O=144.37974548 H=144.96940485 L=143.76327040 C=143.87047872 V=4558200.00000000
[Agent_Features] Generated 18 features for the latest tick.
[Agent] Exploration: Random action: HOLD
[Agent] Received reward: 0.00000000
[NeuralNetworkInterface] Received reward signal: 0.00000000
[Agent] Making decision using full OHLCV data
[Agent] Price data: O=144.07597351 H=144.29040379 L=143.11105772 C=144.02236935 V=3017100.00000000
[Agent_Features] Generated 18 features for the latest tick.
[Agent] Exploration: Random action: SELL
[Portfolio] Logged Trade: SELL 1.74321723 PEP @ 144.02. New Cash: 5429.99, New Coins: 33.12112742
[Agent] Received reward: 0.00000000
[NeuralNetworkInterface] Received reward signal: 0.00000000
[Agent] Making decision using full OHLCV data
[Agent] Price data: O=145.39826965 H=145.46080330 L=143.79007671 C=144.33507505 V=3464500.00000000
[Agent_Features] Generated 18 features for the latest tick.
[Agent] Exploration: Random action: SELL
[Portfolio] Logged Trade: SELL 1.65605637 PEP @ 144.34. New Cash: 5669.01, New Coins: 31.46507105
[Agent] Received reward: 0.00000000
[NeuralNetworkInterface] Received reward signal: 0.00000000
[Agent] Making decision using full OHLCV data
[Agent] Price data: O=146.79203796 H=146.87244421 L=144.87113584 C=144.87113584 V=3595000.00000000
[Agent_Features] Generated 18 features for the latest tick.
[Agent] Exploration: Random action: BUY
[Portfolio] Logged Trade: BUY 1.95657141 PEP @ 144.87. New Cash: 5385.56, New Coins: 33.42164245
[Agent] Received reward: 0.00000000
[NeuralNetworkInterface] Received reward signal: 0.00000000
[Agent] Making decision using full OHLCV data
[Agent] Price data: O=146.80097961 H=147.02433939 L=145.94328569 C=146.72057337 V=3310100.00000000
[Agent_Features] Generated 18 features for the latest tick.
[Agent] Exploration: Random action: BUY
[Portfolio] Logged Trade: BUY 1.83531307 PEP @ 146.72. New Cash: 5116.29, New Coins: 35.25695553
[Agent] Received reward: 0.00000000
[NeuralNetworkInterface] Received reward signal: 0.00000000
[Agent] Making decision using full OHLCV data
[Agent] Price data: O=148.31086731 H=148.69503952 L=146.98858147 C=147.90882250 V=3754300.00000000
[Agent_Features] Generated 18 features for the latest tick.
[Agent] Exploration: Random action: SELL
[Portfolio] Logged Trade: SELL 1.76284778 PEP @ 147.91. New Cash: 5377.03, New Coins: 33.49410775
[Agent] Received reward: 0.00000000
[NeuralNetworkInterface] Received reward signal: 0.00000000
[Agent] Making decision using full OHLCV data
[Agent] Price data: O=145.12129211 H=148.40022528 L=143.97769127 C=148.14112034 V=5766400.00000000
[Agent_Features] Generated 18 features for the latest tick.
[Agent] Exploration: Random action: SELL
[Portfolio] Logged Trade: SELL 1.67470539 PEP @ 148.14. New Cash: 5625.12, New Coins: 31.81940236
[Agent] Received reward: 0.00000000
[NeuralNetworkInterface] Received reward signal: 0.00000000
[Agent] Making decision using full OHLCV data
[Agent] Price data: O=146.08621216 H=146.39892127 L=144.73712412 C=145.01408804 V=3778600.00000000
[Agent_Features] Generated 18 features for the latest tick.
[Agent] Exploration: Random action: SELL
[Portfolio] Logged Trade: SELL 1.59097012 PEP @ 145.01. New Cash: 5855.83, New Coins: 30.22843225
[Agent] Received reward: 0.00000000
[NeuralNetworkInterface] Received reward signal: 0.00000000
[Agent] Making decision using full OHLCV data
[Agent] Price data: O=146.55969238 H=147.41739962 L=145.65732412 C=147.18511044 V=2683500.00000000
[Agent_Features] Generated 18 features for the latest tick.
[Agent] Exploration: Random action: SELL
[Portfolio] Logged Trade: SELL 1.51142161 PEP @ 147.19. New Cash: 6078.29, New Coins: 28.71701063
[Agent] Received reward: 0.00000000
[NeuralNetworkInterface] Received reward signal: 0.00000000
[Agent] Making decision using full OHLCV data
[Agent] Price data: O=145.35359192 H=146.50612222 L=145.22851101 C=146.49719274 V=2453000.00000000
[Agent_Features] Generated 18 features for the latest tick.
[Agent] Exploration: Random action: SELL
[Portfolio] Logged Trade: SELL 1.43585053 PEP @ 146.50. New Cash: 6288.64, New Coins: 27.28116010
[Agent] Received reward: -0.00000000
[NeuralNetworkInterface] Received reward signal: -0.00000000
[Agent] Making decision using full OHLCV data
[Agent] Price data: O=145.31784058 H=146.46144135 L=144.80858746 C=145.63947915 V=3540900.00000000
[Agent_Features] Generated 18 features for the latest tick.
[Agent] Exploration: Random action: BUY
[Portfolio] Logged Trade: BUY 2.15897467 PEP @ 145.64. New Cash: 5974.21, New Coins: 29.44013477
[Agent] Received reward: 0.00000000
[NeuralNetworkInterface] Received reward signal: 0.00000000
[Agent] Making decision using full OHLCV data
[Agent] Price data: O=146.34532166 H=146.41679842 L=145.17491866 C=145.19277763 V=3357100.00000000
[Agent_Features] Generated 18 features for the latest tick.
[Agent] Exploration: Random action: BUY
[Portfolio] Logged Trade: BUY 2.05733614 PEP @ 145.19. New Cash: 5675.50, New Coins: 31.49747091
[Agent] Received reward: 0.00000000
[NeuralNetworkInterface] Received reward signal: 0.00000000
[Agent] Making decision using full OHLCV data
[Agent] Price data: O=145.90751648 H=147.40850104 L=145.83603973 C=146.76522389 V=2899400.00000000
[Agent_Features] Generated 18 features for the latest tick.
[Agent] Exploration: Random action: SELL
[Portfolio] Logged Trade: SELL 1.57487355 PEP @ 146.77. New Cash: 5906.63, New Coins: 29.92259736
[Agent] Received reward: 0.00000000
[NeuralNetworkInterface] Received reward signal: 0.00000000
[Agent] Making decision using full OHLCV data
[Agent] Price data: O=145.96115112 H=146.22918560 L=144.80862061 C=145.29107175 V=3332200.00000000
[Agent_Features] Generated 18 features for the latest tick.
[Agent] Exploration: Random action: BUY
[Portfolio] Logged Trade: BUY 2.03268970 PEP @ 145.29. New Cash: 5611.30, New Coins: 31.95528706
[Agent] Received reward: -0.00000000
[NeuralNetworkInterface] Received reward signal: -0.00000000
[Agent] Making decision using full OHLCV data
[Agent] Price data: O=146.00579834 H=146.09514769 L=144.51375686 C=145.46080001 V=3498900.00000000
[Agent_Features] Generated 18 features for the latest tick.
[Agent] Exploration: Random action: SELL
[Portfolio] Logged Trade: SELL 1.59776435 PEP @ 145.46. New Cash: 5843.71, New Coins: 30.35752271
[Agent] Received reward: 0.00000000
[NeuralNetworkInterface] Received reward signal: 0.00000000
[Agent] Making decision using full OHLCV data
[Agent] Price data: O=146.35424805 H=147.44424477 L=146.02367996 C=146.97072317 V=5242200.00000000
[Agent_Features] Generated 18 features for the latest tick.
[Agent] Exploration: Random action: HOLD
[Agent] Received reward: 0.00000000
[NeuralNetworkInterface] Received reward signal: 0.00000000
[Agent] Making decision using full OHLCV data
[Agent] Price data: O=146.65805054 H=149.02567278 L=145.79141336 C=145.80928596 V=4157200.00000000
[Agent_Features] Generated 18 features for the latest tick.
[Agent] Exploration: Random action: BUY
[Portfolio] Logged Trade: BUY 2.00388942 PEP @ 145.81. New Cash: 5551.53, New Coins: 32.36141213
[Agent] Received reward: 0.00000000
[NeuralNetworkInterface] Received reward signal: 0.00000000
[Agent] Making decision using full OHLCV data
[Agent] Price data: O=147.64076233 H=148.06067966 L=145.90748887 C=146.13084857 V=3878000.00000000
[Agent_Features] Generated 18 features for the latest tick.
[Agent] Exploration: Random action: HOLD
[Agent] Received reward: 0.00000000
[NeuralNetworkInterface] Received reward signal: 0.00000000
[Agent] Making decision using full OHLCV data
[Agent] Price data: O=146.29170227 H=147.86414995 L=145.25530979 C=147.49783670 V=3309500.00000000
[Agent_Features] Generated 18 features for the latest tick.
[Agent] Exploration: Random action: SELL
[Portfolio] Logged Trade: SELL 1.61807061 PEP @ 147.50. New Cash: 5790.19, New Coins: 30.74334152
[Agent] Received reward: 0.00000000
[NeuralNetworkInterface] Received reward signal: 0.00000000
[Agent] Making decision using full OHLCV data
[Agent] Price data: O=143.96873474 H=146.22020444 L=143.74537503 C=145.37144027 V=3402900.00000000
[Agent_Features] Generated 18 features for the latest tick.
[Agent] Exploration: Random action: SELL
[Portfolio] Logged Trade: SELL 1.53716708 PEP @ 145.37. New Cash: 6013.65, New Coins: 29.20617445
[Agent] Received reward: 0.00000000
[NeuralNetworkInterface] Received reward signal: 0.00000000
[Agent] Making decision using full OHLCV data
[Agent] Price data: O=146.64907837 H=147.04219371 L=143.96876134 C=145.33572194 V=5305800.00000000
[Agent_Features] Generated 18 features for the latest tick.
[Agent] Exploration: Random action: BUY
[Portfolio] Logged Trade: BUY 2.06888233 PEP @ 145.34. New Cash: 5712.97, New Coins: 31.27505677
[Agent] Received reward: 0.00000000
[NeuralNetworkInterface] Received reward signal: 0.00000000
[Agent] Making decision using full OHLCV data
[Agent] Price data: O=142.75367737 H=146.52399091 L=141.51179775 C=146.37210792 V=7610000.00000000
[Agent_Features] Generated 18 features for the latest tick.
[Agent] Exploration: Random action: BUY
[Portfolio] Logged Trade: BUY 1.95152195 PEP @ 146.37. New Cash: 5427.32, New Coins: 33.22657872
[Agent] Received reward: 0.00000000
[NeuralNetworkInterface] Received reward signal: 0.00000000
[Agent] Making decision using full OHLCV data
[Agent] Price data: O=143.09318542 H=145.85390851 L=142.99490660 C=145.15702722 V=5385600.00000000
[Agent_Features] Generated 18 features for the latest tick.
[Agent] Exploration: Random action: BUY
[Portfolio] Logged Trade: BUY 1.86946486 PEP @ 145.16. New Cash: 5155.95, New Coins: 35.09604358
[Agent] Received reward: 0.00000000
[NeuralNetworkInterface] Received reward signal: 0.00000000
[Agent] Making decision using full OHLCV data
[Agent] Price data: O=144.47386169 H=145.43630781 L=143.76328154 C=144.03312714 V=4619800.00000000
[Agent_Features] Generated 18 features for the latest tick.
[Agent] Exploration: Random action: BUY
[Portfolio] Logged Trade: BUY 1.78984980 PEP @ 144.03. New Cash: 4898.16, New Coins: 36.88589339
[Agent] Received reward: 0.00000000
[NeuralNetworkInterface] Received reward signal: 0.00000000
[Agent] Making decision using full OHLCV data
[Agent] Price data: O=148.15272522 H=148.30563452 L=145.12148121 C=145.23841750 V=6465900.00000000
[Agent_Features] Generated 18 features for the latest tick.
[Agent] Exploration: Random action: BUY
[Portfolio] Logged Trade: BUY 1.68624655 PEP @ 145.24. New Cash: 4653.25, New Coins: 38.57213994
[Agent] Received reward: 0.00000000
[NeuralNetworkInterface] Received reward signal: 0.00000000
[Agent] Making decision using full OHLCV data
[Agent] Price data: O=149.69082642 H=150.47336631 L=149.12415202 C=149.35802462 V=5403100.00000000
[Agent_Features] Generated 18 features for the latest tick.
[Agent] Exploration: Random action: SELL
[Portfolio] Logged Trade: SELL 1.92860700 PEP @ 149.36. New Cash: 4941.30, New Coins: 36.64353294
[Agent] Received reward: 0.00000000
[NeuralNetworkInterface] Received reward signal: 0.00000000
[Agent] Making decision using full OHLCV data
[Agent] Price data: O=149.51995850 H=150.17658615 L=149.00726408 C=149.69086121 V=5460100.00000000
[Agent_Features] Generated 18 features for the latest tick.
[Agent] Exploration: Random action: SELL
[Portfolio] Logged Trade: SELL 1.83217665 PEP @ 149.69. New Cash: 5215.56, New Coins: 34.81135630
[Agent] Received reward: 0.00000000
[NeuralNetworkInterface] Received reward signal: 0.00000000
[Agent] Making decision using full OHLCV data
[Agent] Price data: O=149.78077698 H=149.93368628 L=147.54107635 C=149.43897164 V=3891900.00000000
[Agent_Features] Generated 18 features for the latest tick.
[Agent] Exploration: Random action: HOLD
[Agent] Received reward: 0.00000000
[NeuralNetworkInterface] Received reward signal: 0.00000000
[Agent] Making decision using full OHLCV data
[Agent] Price data: O=149.59190369 H=150.10461177 L=148.27867595 C=149.24110847 V=3644500.00000000
[Agent_Features] Generated 18 features for the latest tick.
[Agent] Exploration: Random action: SELL
[Portfolio] Logged Trade: SELL 1.74056781 PEP @ 149.24. New Cash: 5475.33, New Coins: 33.07078848
[Agent] Received reward: 0.00000000
[NeuralNetworkInterface] Received reward signal: 0.00000000
[Agent] Making decision using full OHLCV data
[Agent] Price data: O=151.98452759 H=152.11944356 L=150.12260486 C=150.69826921 V=5025700.00000000
[Agent_Features] Generated 18 features for the latest tick.
[Agent] Exploration: Random action: SELL
[Portfolio] Logged Trade: SELL 1.65353942 PEP @ 150.70. New Cash: 5724.51, New Coins: 31.41724906
[Agent] Received reward: 0.00000000
[NeuralNetworkInterface] Received reward signal: 0.00000000
[Agent] Making decision using full OHLCV data
[Agent] Price data: O=152.74005127 H=154.04428901 L=151.15697810 C=151.94850782 V=5411800.00000000
[Agent_Features] Generated 18 features for the latest tick.
[Agent] Exploration: Random action: BUY
[Portfolio] Logged Trade: BUY 1.88370085 PEP @ 151.95. New Cash: 5438.29, New Coins: 33.30094991
[Agent] Received reward: 0.00000000
[NeuralNetworkInterface] Received reward signal: 0.00000000
[Agent] Making decision using full OHLCV data
[Agent] Price data: O=152.36228943 H=153.26176573 L=151.38186356 C=152.32631642 V=4985000.00000000
[Agent_Features] Generated 18 features for the latest tick.
[Agent] Exploration: Random action: BUY
[Portfolio] Logged Trade: BUY 1.78507735 PEP @ 152.33. New Cash: 5166.37, New Coins: 35.08602725
[Agent] Received reward: 0.00000000
[NeuralNetworkInterface] Received reward signal: 0.00000000
[Agent] Making decision using full OHLCV data
[Agent] Price data: O=154.32313538 H=154.51201769 L=152.42524008 C=152.70407550 V=5507800.00000000
[Agent_Features] Generated 18 features for the latest tick.
[Agent] Exploration: Random action: BUY
[Portfolio] Logged Trade: BUY 1.69162835 PEP @ 152.70. New Cash: 4908.05, New Coins: 36.77765561
[Agent] Received reward: 0.00000000
[NeuralNetworkInterface] Received reward signal: 0.00000000
[Agent] Making decision using full OHLCV data
[Agent] Price data: O=154.54803467 H=156.11311475 L=153.82845084 C=154.32316558 V=6909900.00000000
[Agent_Features] Generated 18 features for the latest tick.
[Agent] Exploration: Random action: HOLD
[Agent] Received reward: 0.00000000
[NeuralNetworkInterface] Received reward signal: 0.00000000
[Agent] Making decision using full OHLCV data
[Agent] Price data: O=151.38186646 H=155.05173146 L=151.15699738 C=153.90939270 V=10159600.00000000
[Agent_Features] Generated 18 features for the latest tick.
[Agent] Exploration: Random action: HOLD
[Agent] Received reward: 0.00000000
[NeuralNetworkInterface] Received reward signal: 0.00000000
[Agent] Making decision using full OHLCV data
[Agent] Price data: O=152.38929749 H=152.46125725 L=149.98769703 C=150.35648566 V=5263600.00000000
[Agent_Features] Generated 18 features for the latest tick.
[Agent] Exploration: Random action: BUY
[Portfolio] Logged Trade: BUY 1.63213855 PEP @ 150.36. New Cash: 4662.65, New Coins: 38.40979416
[Agent] Received reward: 0.00000000
[NeuralNetworkInterface] Received reward signal: 0.00000000
[Agent] Making decision using full OHLCV data
[Agent] Price data: O=151.93949890 H=152.55114978 L=150.91409671 C=152.21833429 V=3401400.00000000
[Agent_Features] Generated 18 features for the latest tick.
[Agent] Exploration: Random action: BUY
[Portfolio] Logged Trade: BUY 1.53156640 PEP @ 152.22. New Cash: 4429.52, New Coins: 39.94136055
[Agent] Received reward: -0.00000000
[NeuralNetworkInterface] Received reward signal: -0.00000000
[Agent] Making decision using full OHLCV data
[Agent] Price data: O=152.88398743 H=152.90198080 L=151.35488047 C=151.97552131 V=4362900.00000000
[Agent_Features] Generated 18 features for the latest tick.
[Agent] Exploration: Random action: HOLD
[Agent] Received reward: 0.00000000
[NeuralNetworkInterface] Received reward signal: 0.00000000
[Agent] Making decision using full OHLCV data
[Agent] Price data: O=152.71310425 H=153.47766469 L=152.23638285 C=152.89299679 V=3241700.00000000
[Agent_Features] Generated 18 features for the latest tick.
[Agent] Exploration: Random action: BUY
[Portfolio] Logged Trade: BUY 1.44856773 PEP @ 152.89. New Cash: 4208.04, New Coins: 41.38992829
[Agent] Received reward: 0.00000000
[NeuralNetworkInterface] Received reward signal: 0.00000000
[Agent] Making decision using full OHLCV data
[Agent] Price data: O=154.23321533 H=154.31416491 L=152.70410824 C=152.90199414 V=2868800.00000000
[Agent_Features] Generated 18 features for the latest tick.
[Agent] Exploration: Random action: SELL
[Portfolio] Logged Trade: SELL 2.06949641 PEP @ 152.90. New Cash: 4524.47, New Coins: 39.32043187
[Agent] Received reward: 0.00000000
[NeuralNetworkInterface] Received reward signal: 0.00000000
[Agent] Making decision using full OHLCV data
[Agent] Price data: O=155.03375244 H=155.42052070 L=153.99035653 C=154.22422917 V=2332100.00000000
[Agent_Features] Generated 18 features for the latest tick.
[Agent] Exploration: Random action: SELL
[Portfolio] Logged Trade: SELL 1.96602159 PEP @ 154.22. New Cash: 4827.68, New Coins: 37.35441028
[Agent] Received reward: 0.00000000
[NeuralNetworkInterface] Received reward signal: 0.00000000
[Agent] Making decision using full OHLCV data
[Agent] Price data: O=155.58244324 H=156.02319164 L=154.64698004 C=155.42053034 V=2299500.00000000
[Agent_Features] Generated 18 features for the latest tick.
[Agent] Exploration: Random action: SELL
[Portfolio] Logged Trade: SELL 1.86772051 PEP @ 155.42. New Cash: 5117.96, New Coins: 35.48668976
[Agent] Received reward: 0.00000000
[NeuralNetworkInterface] Received reward signal: 0.00000000
[Agent] Making decision using full OHLCV data
[Agent] Price data: O=155.31259155 H=156.16709141 L=154.91681973 C=156.09513164 V=1988900.00000000
[Agent_Features] Generated 18 features for the latest tick.
[Agent] Exploration: Random action: HOLD
[Agent] Received reward: 0.00000000
[NeuralNetworkInterface] Received reward signal: 0.00000000
[Agent] Making decision using full OHLCV data
[Agent] Price data: O=156.24803162 H=156.52686707 L=154.80886407 C=155.12368626 V=2914900.00000000
[Agent_Features] Generated 18 features for the latest tick.
[Agent] Exploration: Random action: BUY
[Portfolio] Logged Trade: BUY 1.64963904 PEP @ 155.12. New Cash: 4862.06, New Coins: 37.13632880
[Agent] Received reward: 0.00000000
[NeuralNetworkInterface] Received reward signal: 0.00000000
[Agent] Making decision using full OHLCV data
[Agent] Price data: O=155.59141541 H=155.78031148 L=153.42368783 C=154.88982495 V=5488900.00000000
[Agent_Features] Generated 18 features for the latest tick.
[Agent] Exploration: Random action: BUY
[Portfolio] Logged Trade: BUY 1.56952327 PEP @ 154.89. New Cash: 4618.96, New Coins: 38.70585207
[Agent] Received reward: 0.00000000
[NeuralNetworkInterface] Received reward signal: 0.00000000
[Agent] Making decision using full OHLCV data
[Agent] Price data: O=155.81628418 H=156.91364642 L=154.88982464 C=155.30358980 V=4717600.00000000
[Agent_Features] Generated 18 features for the latest tick.
[Agent] Exploration: Random action: HOLD
[Agent] Received reward: 0.00000000
[NeuralNetworkInterface] Received reward signal: 0.00000000
[Agent] Making decision using full OHLCV data
[Agent] Price data: O=156.34698486 H=157.73217240 L=155.81628339 C=155.93321971 V=6564600.00000000
[Agent_Features] Generated 18 features for the latest tick.
[Agent] Exploration: Random action: BUY
[Portfolio] Logged Trade: BUY 1.48107007 PEP @ 155.93. New Cash: 4388.01, New Coins: 40.18692215
[Agent] Received reward: 0.00000000
[NeuralNetworkInterface] Received reward signal: 0.00000000
[Agent] Making decision using full OHLCV data
[Agent] Price data: O=156.38294983 H=157.94804353 L=155.81627537 C=156.42792639 V=4288700.00000000
[Agent_Features] Generated 18 features for the latest tick.
[Agent] Exploration: Random action: BUY
[Portfolio] Logged Trade: BUY 1.40256685 PEP @ 156.43. New Cash: 4168.61, New Coins: 41.58948899
[Agent] Received reward: 0.00000000
[NeuralNetworkInterface] Received reward signal: 0.00000000
[Agent] Making decision using full OHLCV data
[Agent] Price data: O=156.58084106 H=157.12952217 L=155.25860976 C=156.58983089 V=4916000.00000000
[Agent_Features] Generated 18 features for the latest tick.
[Agent] Exploration: Random action: BUY
[Portfolio] Logged Trade: BUY 1.33106085 PEP @ 156.59. New Cash: 3960.18, New Coins: 42.92054984
[Agent] Received reward: 0.00000000
[NeuralNetworkInterface] Received reward signal: 0.00000000
[Agent] Making decision using full OHLCV data
[Agent] Price data: O=156.66181946 H=158.16394356 L=156.16710464 C=156.90468195 V=5055900.00000000
[Agent_Features] Generated 18 features for the latest tick.
[Agent] Exploration: Random action: SELL
[Portfolio] Logged Trade: SELL 2.14602749 PEP @ 156.90. New Cash: 4296.90, New Coins: 40.77452235
[Agent] Received reward: 0.00000000
[NeuralNetworkInterface] Received reward signal: 0.00000000
[Agent] Making decision using full OHLCV data
[Agent] Price data: O=156.58984375 H=156.71576990 L=154.36813594 C=156.22105513 V=6452300.00000000
[Agent_Features] Generated 18 features for the latest tick.
[Agent] Exploration: Random action: HOLD
[Agent] Received reward: 0.00000000
[NeuralNetworkInterface] Received reward signal: 0.00000000
[Agent] Making decision using full OHLCV data
[Agent] Price data: O=156.41891479 H=156.80569672 L=155.56441510 C=156.41891479 V=5268000.00000000
[Agent_Features] Generated 18 features for the latest tick.
[Agent] Exploration: Random action: HOLD
[Agent] Received reward: 0.00000000
[NeuralNetworkInterface] Received reward signal: 0.00000000
[Agent] Making decision using full OHLCV data
[Agent] Price data: O=156.67076111 H=157.12950276 L=155.82526499 C=156.24801991 V=4310300.00000000
[Agent_Features] Generated 18 features for the latest tick.
[Agent] Exploration: Random action: HOLD
[Agent] Received reward: 0.00000000
[NeuralNetworkInterface] Received reward signal: 0.00000000
[Agent] Making decision using full OHLCV data
[Agent] Price data: O=157.98400879 H=158.25385441 L=155.96917704 C=157.02157633 V=4474500.00000000
[Agent_Features] Generated 18 features for the latest tick.
[Agent] Exploration: Random action: HOLD
[Agent] Received reward: 0.00000000
[NeuralNetworkInterface] Received reward signal: 0.00000000
[Agent] Making decision using full OHLCV data
[Agent] Price data: O=156.47290039 H=157.19247044 L=155.74431307 C=156.16706802 V=5789500.00000000
[Agent_Features] Generated 18 features for the latest tick.
[Agent] Exploration: Random action: HOLD
[Agent] Received reward: 0.00000000
[NeuralNetworkInterface] Received reward signal: 0.00000000
[Agent] Making decision using full OHLCV data
[Agent] Price data: O=157.59725952 H=158.27186679 L=156.12211884 C=156.47291407 V=6424500.00000000
[Agent_Features] Generated 18 features for the latest tick.
[Agent] Exploration: Random action: BUY
[Portfolio] Logged Trade: BUY 1.37305010 PEP @ 156.47. New Cash: 4082.06, New Coins: 42.14757245
[Agent] Received reward: 0.00000000
[NeuralNetworkInterface] Received reward signal: 0.00000000
[Agent] Making decision using full OHLCV data
[Agent] Price data: O=156.45491028 H=159.09937280 L=156.36495716 C=157.77714154 V=6284200.00000000
[Agent_Features] Generated 18 features for the latest tick.
[Agent] Exploration: Random action: BUY
[Portfolio] Logged Trade: BUY 1.29361511 PEP @ 157.78. New Cash: 3877.95, New Coins: 43.44118756
[Agent] Received reward: 0.00000000
[NeuralNetworkInterface] Received reward signal: 0.00000000
[Agent] Making decision using full OHLCV data
[Agent] Price data: O=156.70678711 H=159.42320981 L=156.60784415 C=157.70520651 V=6753200.00000000
[Agent_Features] Generated 18 features for the latest tick.
[Agent] Exploration: Random action: BUY
[Portfolio] Logged Trade: BUY 1.22949491 PEP @ 157.71. New Cash: 3684.06, New Coins: 44.67068247
[Agent] Received reward: -0.00000000
[NeuralNetworkInterface] Received reward signal: -0.00000000
[Agent] Making decision using full OHLCV data
[Agent] Price data: O=155.90621948 H=158.75755754 L=151.97551268 C=157.84909147 V=9263900.00000000
[Agent_Features] Generated 18 features for the latest tick.
[Agent] Exploration: Random action: SELL
[Portfolio] Logged Trade: SELL 2.23353412 PEP @ 157.85. New Cash: 4036.62, New Coins: 42.43714835
[Agent] Received reward: 0.00000000
[NeuralNetworkInterface] Received reward signal: 0.00000000
[Agent] Making decision using full OHLCV data
[Agent] Price data: O=154.11630249 H=155.14170517 L=152.67714830 C=154.78192005 V=6536900.00000000
[Agent_Features] Generated 18 features for the latest tick.
[Agent] Exploration: Random action: SELL
[Portfolio] Logged Trade: SELL 2.12185742 PEP @ 154.78. New Cash: 4365.04, New Coins: 40.31529093
[Agent] Received reward: 0.00000000
[NeuralNetworkInterface] Received reward signal: 0.00000000
[Agent] Making decision using full OHLCV data
[Agent] Price data: O=152.48820496 H=154.53900967 L=149.71781651 C=152.33529564 V=6841800.00000000
[Agent_Features] Generated 18 features for the latest tick.
[Agent] Exploration: Random action: BUY
[Portfolio] Logged Trade: BUY 1.43270924 PEP @ 152.34. New Cash: 4146.79, New Coins: 41.74800017
[Agent] Received reward: 0.00000000
[NeuralNetworkInterface] Received reward signal: 0.00000000
[Agent] Making decision using full OHLCV data
[Agent] Price data: O=152.34429932 H=155.86125501 L=151.81361158 C=153.61256422 V=6543500.00000000
[Agent_Features] Generated 18 features for the latest tick.
[Agent] Exploration: Random action: BUY
[Portfolio] Logged Trade: BUY 1.34975663 PEP @ 153.61. New Cash: 3939.45, New Coins: 43.09775680
[Agent] Received reward: 0.00000000
[NeuralNetworkInterface] Received reward signal: 0.00000000
[Agent] Making decision using full OHLCV data
[Agent] Price data: O=155.31259155 H=155.36655794 L=150.40145799 C=151.57076636 V=5796000.00000000
[Agent_Features] Generated 18 features for the latest tick.
[Agent] Exploration: Random action: BUY
[Portfolio] Logged Trade: BUY 1.29954214 PEP @ 151.57. New Cash: 3742.48, New Coins: 44.39729894
[Agent] Received reward: 0.00000000
[NeuralNetworkInterface] Received reward signal: 0.00000000
[Agent] Making decision using full OHLCV data
[Agent] Price data: O=156.07713318 H=156.60782091 L=153.44166045 C=153.60357333 V=5908000.00000000
[Agent_Features] Generated 18 features for the latest tick.
[Agent] Exploration: Random action: SELL
[Portfolio] Logged Trade: SELL 2.21986495 PEP @ 153.60. New Cash: 4083.46, New Coins: 42.17743399
[Agent] Received reward: 0.00000000
[NeuralNetworkInterface] Received reward signal: 0.00000000
[Agent] Making decision using full OHLCV data
[Agent] Price data: O=155.01574707 H=155.99617297 L=152.51520398 C=155.74432070 V=5952700.00000000
[Agent_Features] Generated 18 features for the latest tick.
[Agent] Exploration: Random action: SELL
[Portfolio] Logged Trade: SELL 2.10887170 PEP @ 155.74. New Cash: 4411.90, New Coins: 40.06856230
[Agent] Received reward: 0.00000000
[NeuralNetworkInterface] Received reward signal: 0.00000000
[Agent] Making decision using full OHLCV data
[Agent] Price data: O=157.83111572 H=157.98402505 L=155.22263981 C=155.39352878 V=5767000.00000000
[Agent_Features] Generated 18 features for the latest tick.
[Agent] Exploration: Random action: SELL
[Portfolio] Logged Trade: SELL 2.00342811 PEP @ 155.39. New Cash: 4723.22, New Coins: 38.06513418
[Agent] Received reward: 0.00000000
[NeuralNetworkInterface] Received reward signal: 0.00000000
[Agent] Making decision using full OHLCV data
[Agent] Price data: O=157.74116516 H=158.90149735 L=156.35597760 C=157.65122576 V=4632700.00000000
[Agent_Features] Generated 18 features for the latest tick.
[Agent] Exploration: Random action: SELL
[Portfolio] Logged Trade: SELL 1.90325671 PEP @ 157.65. New Cash: 5023.27, New Coins: 36.16187747
[Agent] Received reward: 0.00000000
[NeuralNetworkInterface] Received reward signal: 0.00000000
[Agent] Making decision using full OHLCV data
[Agent] Price data: O=155.15066528 H=157.30940282 L=153.98134340 C=155.69934635 V=4592400.00000000
[Agent_Features] Generated 18 features for the latest tick.
[Agent] Exploration: Random action: BUY
[Portfolio] Logged Trade: BUY 1.61313261 PEP @ 155.70. New Cash: 4772.11, New Coins: 37.77501008
[Agent] Received reward: 0.00000000
[NeuralNetworkInterface] Received reward signal: 0.00000000
[Agent] Making decision using full OHLCV data
[Agent] Price data: O=154.53901672 H=155.60040587 L=153.99933919 C=155.37553680 V=4813300.00000000
[Agent_Features] Generated 18 features for the latest tick.
[Agent] Exploration: Random action: BUY
[Portfolio] Logged Trade: BUY 1.53566973 PEP @ 155.38. New Cash: 4533.50, New Coins: 39.31067981
[Agent] Received reward: 0.00000000
[NeuralNetworkInterface] Received reward signal: 0.00000000
[Agent] Making decision using full OHLCV data
[Agent] Price data: O=154.72793579 H=155.28560677 L=153.18982509 C=155.27661695 V=3957700.00000000
[Agent_Features] Generated 18 features for the latest tick.
[Agent] Exploration: Random action: HOLD
[Agent] Received reward: 0.00000000
[NeuralNetworkInterface] Received reward signal: 0.00000000
[Agent] Making decision using full OHLCV data
[Agent] Price data: O=154.65594482 H=155.41150156 L=153.81942480 C=155.15964932 V=6780200.00000000
[Agent_Features] Generated 18 features for the latest tick.
[Agent] Exploration: Random action: SELL
[Portfolio] Logged Trade: SELL 1.96553399 PEP @ 155.16. New Cash: 4838.48, New Coins: 37.34514582
[Agent] Received reward: 0.00000000
[NeuralNetworkInterface] Received reward signal: 0.00000000
[Agent] Making decision using full OHLCV data
[Agent] Price data: O=151.44483948 H=154.21522848 L=150.48240685 C=151.70569532 V=7899800.00000000
[Agent_Features] Generated 18 features for the latest tick.
[Agent] Exploration: Random action: HOLD
[Agent] Received reward: 0.00000000
[NeuralNetworkInterface] Received reward signal: 0.00000000
[Agent] Making decision using full OHLCV data
[Agent] Price data: O=151.63369751 H=153.18978747 L=150.83316425 C=151.16596605 V=7299600.00000000
[Agent_Features] Generated 18 features for the latest tick.
[Agent] Exploration: Random action: SELL
[Portfolio] Logged Trade: SELL 1.86725729 PEP @ 151.17. New Cash: 5120.74, New Coins: 35.47788853
[Agent] Received reward: -0.00000000
[NeuralNetworkInterface] Received reward signal: -0.00000000
[Agent] Making decision using full OHLCV data
[Agent] Price data: O=149.94270325 H=152.62313890 L=148.50354934 C=152.38927999 V=6822500.00000000
[Agent_Features] Generated 18 features for the latest tick.
[Agent] Exploration: Random action: HOLD
[Agent] Received reward: 0.00000000
[NeuralNetworkInterface] Received reward signal: 0.00000000
[Agent] Making decision using full OHLCV data
[Agent] Price data: O=149.27711487 H=151.33690986 L=148.64747039 C=150.41045023 V=4943800.00000000
[Agent_Features] Generated 18 features for the latest tick.
[Agent] Exploration: Random action: HOLD
[Agent] Received reward: 0.00000000
[NeuralNetworkInterface] Received reward signal: 0.00000000
[Agent] Making decision using full OHLCV data
[Agent] Price data: O=149.58290100 H=150.39242412 L=147.99981404 C=148.98025357 V=4161700.00000000
[Agent_Features] Generated 18 features for the latest tick.
[Agent] Exploration: Random action: BUY
[Portfolio] Logged Trade: BUY 1.71859755 PEP @ 148.98. New Cash: 4864.70, New Coins: 37.19648608
[Agent] Received reward: 0.00000000
[NeuralNetworkInterface] Received reward signal: 0.00000000
[Agent] Making decision using full OHLCV data
[Agent] Price data: O=149.98770142 H=151.06707044 L=148.41361759 C=149.32208389 V=5156800.00000000
[Agent_Features] Generated 18 features for the latest tick.
[Agent] Exploration: Random action: HOLD
[Agent] Received reward: 0.00000000
[NeuralNetworkInterface] Received reward signal: 0.00000000
[Agent] Making decision using full OHLCV data
[Agent] Price data: O=150.85118103 H=151.32790239 L=149.51095636 C=150.31148974 V=5181600.00000000
[Agent_Features] Generated 18 features for the latest tick.
[Agent] Exploration: Random action: HOLD
[Agent] Received reward: 0.00000000
[NeuralNetworkInterface] Received reward signal: 0.00000000
[Agent] Making decision using full OHLCV data
[Agent] Price data: O=151.42681885 H=151.95750649 L=149.51992003 C=151.62470470 V=7733900.00000000
[Agent_Features] Generated 18 features for the latest tick.
[Agent] Exploration: Random action: SELL
[Portfolio] Logged Trade: SELL 1.85982430 PEP @ 151.62. New Cash: 5146.70, New Coins: 35.33666177
[Agent] Received reward: 0.00000000
[NeuralNetworkInterface] Received reward signal: 0.00000000
[Agent] Making decision using full OHLCV data
[Agent] Price data: O=149.93371582 H=152.11943678 L=149.78080649 C=152.11943678 V=5812800.00000000
[Agent_Features] Generated 18 features for the latest tick.
[Agent] Exploration: Random action: SELL
[Portfolio] Logged Trade: SELL 1.76683309 PEP @ 152.12. New Cash: 5415.47, New Coins: 33.56982869
[Agent] Received reward: 0.00000000
[NeuralNetworkInterface] Received reward signal: 0.00000000
[Agent] Making decision using full OHLCV data
[Agent] Price data: O=147.32524109 H=149.61890877 L=144.17707353 C=149.05224794 V=8888800.00000000
[Agent_Features] Generated 18 features for the latest tick.
[Agent] Exploration: Random action: HOLD
[Agent] Received reward: 0.00000000
[NeuralNetworkInterface] Received reward signal: 0.00000000
[Agent] Making decision using full OHLCV data
[Agent] Price data: O=151.45379639 H=151.52575612 L=147.74794537 C=147.89186484 V=6535600.00000000
[Agent_Features] Generated 18 features for the latest tick.
[Agent] Exploration: Random action: BUY
[Portfolio] Logged Trade: BUY 1.83088835 PEP @ 147.89. New Cash: 5144.70, New Coins: 35.40071703
[Agent] Received reward: 0.00000000
[NeuralNetworkInterface] Received reward signal: 0.00000000
[Agent] Making decision using full OHLCV data
[Agent] Price data: O=147.28025818 H=148.60248947 L=145.18447670 C=147.55009010 V=7677000.00000000
[Agent_Features] Generated 18 features for the latest tick.
[Agent] Exploration: Random action: BUY
[Portfolio] Logged Trade: BUY 1.74337283 PEP @ 147.55. New Cash: 4887.46, New Coins: 37.14408986
[Agent] Received reward: 0.00000000
[NeuralNetworkInterface] Received reward signal: 0.00000000
[Agent] Making decision using full OHLCV data
[Agent] Price data: O=145.95802307 H=147.87389826 L=145.08552996 C=146.67760686 V=5107900.00000000
[Agent_Features] Generated 18 features for the latest tick.
[Agent] Exploration: Random action: BUY
[Portfolio] Logged Trade: BUY 1.66605579 PEP @ 146.68. New Cash: 4643.09, New Coins: 38.81014565
[Agent] Received reward: 0.00000000
[NeuralNetworkInterface] Received reward signal: 0.00000000
[Agent] Making decision using full OHLCV data
[Agent] Price data: O=147.98182678 H=149.15114858 L=146.15589121 C=146.59662576 V=5452100.00000000
[Agent_Features] Generated 18 features for the latest tick.
[Agent] Exploration: Random action: BUY
[Portfolio] Logged Trade: BUY 1.58362733 PEP @ 146.60. New Cash: 4410.93, New Coins: 40.39377298
[Agent] Received reward: 0.00000000
[NeuralNetworkInterface] Received reward signal: 0.00000000
[Agent] Making decision using full OHLCV data
[Agent] Price data: O=147.82339478 H=149.56174622 L=147.39785932 C=148.45716658 V=5352200.00000000
[Agent_Features] Generated 18 features for the latest tick.
[Agent] Exploration: Random action: HOLD
[Agent] Received reward: 0.00000000
[NeuralNetworkInterface] Received reward signal: 0.00000000
[Agent] Making decision using full OHLCV data
[Agent] Price data: O=150.06877136 H=150.74781558 L=145.69572496 C=146.67355029 V=6340300.00000000
[Agent_Features] Generated 18 features for the latest tick.
[Agent] Exploration: Random action: SELL
[Portfolio] Logged Trade: SELL 2.01968865 PEP @ 146.67. New Cash: 4707.17, New Coins: 38.37408433
[Agent] Received reward: 0.00000000
[NeuralNetworkInterface] Received reward signal: 0.00000000
[Agent] Making decision using full OHLCV data
[Agent] Price data: O=147.08094788 H=149.52550385 L=146.79122958 C=148.54769251 V=6319500.00000000
[Agent_Features] Generated 18 features for the latest tick.
[Agent] Exploration: Random action: SELL
[Portfolio] Logged Trade: SELL 1.91870422 PEP @ 148.55. New Cash: 4992.19, New Coins: 36.45538012
[Agent] Received reward: 0.00000000
[NeuralNetworkInterface] Received reward signal: 0.00000000
[Agent] Making decision using full OHLCV data
[Agent] Price data: O=142.93428040 H=148.45717904 L=142.77131641 C=147.01760858 V=6163700.00000000
[Agent_Features] Generated 18 features for the latest tick.
[Agent] Exploration: Random action: SELL
[Portfolio] Logged Trade: SELL 1.82276901 PEP @ 147.02. New Cash: 5260.17, New Coins: 34.63261111
[Agent] Received reward: 0.00000000
[NeuralNetworkInterface] Received reward signal: 0.00000000
[Agent] Making decision using full OHLCV data
[Agent] Price data: O=142.50875854 H=144.91710565 L=141.60336614 C=144.69075755 V=5764900.00000000
[Agent_Features] Generated 18 features for the latest tick.
[Agent] Exploration: Random action: SELL
[Portfolio] Logged Trade: SELL 1.73163056 PEP @ 144.69. New Cash: 5510.72, New Coins: 32.90098055
[Agent] Received reward: 0.00000000
[NeuralNetworkInterface] Received reward signal: 0.00000000
[Agent] Making decision using full OHLCV data
[Agent] Price data: O=139.89218140 H=141.46756922 L=138.86003456 C=141.05108262 V=6103700.00000000
[Agent_Features] Generated 18 features for the latest tick.
[Agent] Exploration: Random action: BUY
[Portfolio] Logged Trade: BUY 1.95344764 PEP @ 141.05. New Cash: 5235.18, New Coins: 34.85442820
[Agent] Received reward: 0.00000000
[NeuralNetworkInterface] Received reward signal: 0.00000000
[Agent] Making decision using full OHLCV data
[Agent] Price data: O=139.18597412 H=142.04701751 L=138.95962601 C=140.74325020 V=4762600.00000000
[Agent_Features] Generated 18 features for the latest tick.
[Agent] Exploration: Random action: SELL
[Portfolio] Logged Trade: SELL 1.74272141 PEP @ 140.74. New Cash: 5480.46, New Coins: 33.11170679
[Agent] Received reward: -0.00000000
[NeuralNetworkInterface] Received reward signal: -0.00000000
[Agent] Making decision using full OHLCV data
[Agent] Price data: O=141.14160156 H=142.87090413 L=139.88310685 C=140.47160630 V=6075600.00000000
[Agent_Features] Generated 18 features for the latest tick.
[Agent] Exploration: Random action: HOLD
[Agent] Received reward: 0.00000000
[NeuralNetworkInterface] Received reward signal: 0.00000000
[Agent] Making decision using full OHLCV data
[Agent] Price data: O=143.95736694 H=144.41006307 L=141.99266743 C=142.43631460 V=6203400.00000000
[Agent_Features] Generated 18 features for the latest tick.
[Agent] Exploration: Random action: SELL
[Portfolio] Logged Trade: SELL 1.65558534 PEP @ 142.44. New Cash: 5716.27, New Coins: 31.45612145
[Agent] Received reward: 0.00000000
[NeuralNetworkInterface] Received reward signal: 0.00000000
[Agent] Making decision using full OHLCV data
[Agent] Price data: O=144.59115601 H=144.85372752 L=142.18280903 C=143.42320595 V=6299000.00000000
[Agent_Features] Generated 18 features for the latest tick.
[Agent] Exploration: Random action: BUY
[Portfolio] Logged Trade: BUY 1.99279953 PEP @ 143.42. New Cash: 5430.46, New Coins: 33.44892098
[Agent] Received reward: 0.00000000
[NeuralNetworkInterface] Received reward signal: 0.00000000
[Agent] Making decision using full OHLCV data
[Agent] Price data: O=145.71386719 H=146.33859021 L=144.22902408 C=144.70888099 V=3587600.00000000
[Agent_Features] Generated 18 features for the latest tick.
[Agent] Exploration: Random action: HOLD
[Agent] Received reward: 0.00000000
[NeuralNetworkInterface] Received reward signal: 0.00000000
[Agent] Making decision using full OHLCV data
[Agent] Price data: O=147.38882446 H=147.51557885 L=144.91710705 C=146.11223166 V=12123000.00000000
[Agent_Features] Generated 18 features for the latest tick.
[Agent] Exploration: Random action: HOLD
[Agent] Received reward: 0.00000000
[NeuralNetworkInterface] Received reward signal: 0.00000000
[Agent] Making decision using full OHLCV data
[Agent] Price data: O=147.18057251 H=148.31231290 L=145.83154680 C=146.91801482 V=5122600.00000000
[Agent_Features] Generated 18 features for the latest tick.
[Agent] Exploration: Random action: SELL
[Portfolio] Logged Trade: SELL 1.67244605 PEP @ 146.92. New Cash: 5676.17, New Coins: 31.77647493
[Agent] Received reward: 0.00000000
[NeuralNetworkInterface] Received reward signal: 0.00000000
[Agent] Making decision using full OHLCV data
[Agent] Price data: O=148.79216003 H=149.18148589 L=146.88178182 C=147.43407165 V=5779200.00000000
[Agent_Features] Generated 18 features for the latest tick.
[Agent] Exploration: Random action: SELL
[Portfolio] Logged Trade: SELL 1.58882375 PEP @ 147.43. New Cash: 5910.42, New Coins: 30.18765118
[Agent] Received reward: 0.00000000
[NeuralNetworkInterface] Received reward signal: 0.00000000
[Agent] Making decision using full OHLCV data
[Agent] Price data: O=148.01350403 H=149.64321265 L=147.24392899 C=148.71065985 V=4533700.00000000
[Agent_Features] Generated 18 features for the latest tick.
[Agent] Exploration: Random action: SELL
[Portfolio] Logged Trade: SELL 1.50938256 PEP @ 148.71. New Cash: 6134.88, New Coins: 28.67826862
[Agent] Received reward: 0.00000000
[NeuralNetworkInterface] Received reward signal: 0.00000000
[Agent] Making decision using full OHLCV data
[Agent] Price data: O=148.90989685 H=149.14529391 L=147.82342868 C=148.53868263 V=3160300.00000000
[Agent_Features] Generated 18 features for the latest tick.
[Agent] Exploration: Random action: SELL
[Portfolio] Logged Trade: SELL 1.43391343 PEP @ 148.54. New Cash: 6347.87, New Coins: 27.24435519
[Agent] Received reward: 0.00000000
[NeuralNetworkInterface] Received reward signal: 0.00000000
[Agent] Making decision using full OHLCV data
[Agent] Price data: O=149.60702515 H=150.20457355 L=148.87364580 C=148.87364580 V=4146800.00000000
[Agent_Features] Generated 18 features for the latest tick.
[Agent] Exploration: Random action: BUY
[Portfolio] Logged Trade: BUY 2.13196644 PEP @ 148.87. New Cash: 6030.48, New Coins: 29.37632163
[Agent] Received reward: 0.00000000
[NeuralNetworkInterface] Received reward signal: 0.00000000
[Agent] Making decision using full OHLCV data
[Agent] Price data: O=150.05064392 H=150.08686735 L=148.22176164 C=149.48025623 V=4308000.00000000
[Agent_Features] Generated 18 features for the latest tick.
[Agent] Exploration: Random action: HOLD
[Agent] Received reward: 0.00000000
[NeuralNetworkInterface] Received reward signal: 0.00000000
[Agent] Making decision using full OHLCV data
[Agent] Price data: O=152.27792358 H=152.63102601 L=150.63010307 C=151.46306228 V=4440400.00000000
[Agent_Features] Generated 18 features for the latest tick.
[Agent] Exploration: Random action: HOLD
[Agent] Received reward: 0.00000000
[NeuralNetworkInterface] Received reward signal: 0.00000000
[Agent] Making decision using full OHLCV data
[Agent] Price data: O=152.06970215 H=152.32321090 L=150.40376976 C=152.19645652 V=3871500.00000000
[Agent_Features] Generated 18 features for the latest tick.
[Agent] Exploration: Random action: HOLD
[Agent] Received reward: 0.00000000
[NeuralNetworkInterface] Received reward signal: 0.00000000
[Agent] Making decision using full OHLCV data
[Agent] Price data: O=151.54455566 H=153.28290709 L=151.44496197 C=152.44088513 V=6076200.00000000
[Agent_Features] Generated 18 features for the latest tick.
[Agent] Exploration: Random action: BUY
[Portfolio] Logged Trade: BUY 1.97797288 PEP @ 152.44. New Cash: 5728.95, New Coins: 31.35429451
[Agent] Received reward: 0.00000000
[NeuralNetworkInterface] Received reward signal: 0.00000000
[Agent] Making decision using full OHLCV data
[Agent] Price data: O=153.69938660 H=153.85330162 L=151.53549963 C=152.00630747 V=3239600.00000000
[Agent_Features] Generated 18 features for the latest tick.
[Agent] Exploration: Random action: BUY
[Portfolio] Logged Trade: BUY 1.88444640 PEP @ 152.01. New Cash: 5442.51, New Coins: 33.23874092
[Agent] Received reward: 0.00000000
[NeuralNetworkInterface] Received reward signal: 0.00000000
[Agent] Making decision using full OHLCV data
[Agent] Price data: O=153.30102539 H=153.36439567 L=151.60793246 C=153.11088694 V=3759900.00000000
[Agent_Features] Generated 18 features for the latest tick.
[Agent] Exploration: Random action: HOLD
[Agent] Received reward: 0.00000000
[NeuralNetworkInterface] Received reward signal: 0.00000000
[Agent] Making decision using full OHLCV data
[Agent] Price data: O=153.46401978 H=155.16616200 L=152.39566332 C=152.39566332 V=4480700.00000000
[Agent_Features] Generated 18 features for the latest tick.
[Agent] Exploration: Random action: BUY
[Portfolio] Logged Trade: BUY 1.78565024 PEP @ 152.40. New Cash: 5170.38, New Coins: 35.02439115
[Agent] Received reward: 0.00000000
[NeuralNetworkInterface] Received reward signal: 0.00000000
[Agent] Making decision using full OHLCV data
[Agent] Price data: O=156.08056641 H=156.36123579 L=153.45493446 C=153.84424649 V=4294800.00000000
[Agent_Features] Generated 18 features for the latest tick.
[Agent] Exploration: Random action: HOLD
[Agent] Received reward: 0.00000000
[NeuralNetworkInterface] Received reward signal: 0.00000000
[Agent] Making decision using full OHLCV data
[Agent] Price data: O=156.22544861 H=156.88638114 L=154.62290032 C=155.75464073 V=5041600.00000000
[Agent_Features] Generated 18 features for the latest tick.
[Agent] Exploration: Random action: SELL
[Portfolio] Logged Trade: SELL 1.75121956 PEP @ 155.75. New Cash: 5443.14, New Coins: 33.27317160
[Agent] Received reward: 0.00000000
[NeuralNetworkInterface] Received reward signal: 0.00000000
[Agent] Making decision using full OHLCV data
[Agent] Price data: O=156.75056458 H=157.25758202 L=155.35625277 C=156.62381021 V=3883100.00000000
[Agent_Features] Generated 18 features for the latest tick.
[Agent] Exploration: Random action: BUY
[Portfolio] Logged Trade: BUY 1.73764840 PEP @ 156.62. New Cash: 5170.99, New Coins: 35.01082000
[Agent] Received reward: 0.00000000
[NeuralNetworkInterface] Received reward signal: 0.00000000
[Agent] Making decision using full OHLCV data
[Agent] Price data: O=156.27069092 H=158.41646590 L=156.01718222 C=157.18513202 V=3825100.00000000
[Agent_Features] Generated 18 features for the latest tick.
[Agent] Exploration: Random action: SELL
[Portfolio] Logged Trade: SELL 1.75054100 PEP @ 157.19. New Cash: 5446.14, New Coins: 33.26027900
[Agent] Received reward: 0.00000000
[NeuralNetworkInterface] Received reward signal: 0.00000000
[Agent] Making decision using full OHLCV data
[Agent] Price data: O=156.90447998 H=158.12675123 L=156.29786883 C=157.33906439 V=3924300.00000000
[Agent_Features] Generated 18 features for the latest tick.
[Agent] Exploration: Random action: SELL
[Portfolio] Logged Trade: SELL 1.66301395 PEP @ 157.34. New Cash: 5707.80, New Coins: 31.59726505
[Agent] Received reward: 0.00000000
[NeuralNetworkInterface] Received reward signal: 0.00000000
[Agent] Making decision using full OHLCV data
[Agent] Price data: O=156.63287354 H=157.37530188 L=155.48302140 C=157.15800275 V=4394000.00000000
[Agent_Features] Generated 18 features for the latest tick.
[Agent] Exploration: Random action: SELL
[Portfolio] Logged Trade: SELL 1.57986325 PEP @ 157.16. New Cash: 5956.09, New Coins: 30.01740180
[Agent] Received reward: 0.00000000
[NeuralNetworkInterface] Received reward signal: 0.00000000
[Agent] Making decision using full OHLCV data
[Agent] Price data: O=155.63693237 H=157.77365877 L=155.51017800 C=157.06745388 V=4834300.00000000
[Agent_Features] Generated 18 features for the latest tick.
[Agent] Exploration: Random action: BUY
[Portfolio] Logged Trade: BUY 1.89602914 PEP @ 157.07. New Cash: 5658.28, New Coins: 31.91343093
[Agent] Received reward: 0.00000000
[NeuralNetworkInterface] Received reward signal: 0.00000000
[Agent] Making decision using full OHLCV data
[Agent] Price data: O=154.29693604 H=156.00812673 L=153.88046336 C=155.02125255 V=3086000.00000000
[Agent_Features] Generated 18 features for the latest tick.
[Agent] Exploration: Random action: SELL
[Portfolio] Logged Trade: SELL 1.59567155 PEP @ 155.02. New Cash: 5905.65, New Coins: 30.31775939
[Agent] Received reward: 0.00000000
[NeuralNetworkInterface] Received reward signal: 0.00000000
[Agent] Making decision using full OHLCV data
[Agent] Price data: O=156.54229736 H=156.78675711 L=153.77179959 C=153.77179959 V=3642000.00000000
[Agent_Features] Generated 18 features for the latest tick.
[Agent] Exploration: Random action: BUY
[Portfolio] Logged Trade: BUY 1.92026364 PEP @ 153.77. New Cash: 5610.37, New Coins: 32.23802303
[Agent] Received reward: 0.00000000
[NeuralNetworkInterface] Received reward signal: 0.00000000
[Agent] Making decision using full OHLCV data
[Agent] Price data: O=158.86920166 H=159.32189785 L=157.28476500 C=157.28476500 V=4197600.00000000
[Agent_Features] Generated 18 features for the latest tick.
[Agent] Exploration: Random action: BUY
[Portfolio] Logged Trade: BUY 1.78350571 PEP @ 157.28. New Cash: 5329.85, New Coins: 34.02152874
[Agent] Received reward: 0.00000000
[NeuralNetworkInterface] Received reward signal: 0.00000000
[Agent] Making decision using full OHLCV data
[Agent] Price data: O=158.29879761 H=160.47174757 L=158.12677085 C=159.13175692 V=3701300.00000000
[Agent_Features] Generated 18 features for the latest tick.
[Agent] Exploration: Random action: SELL
[Portfolio] Logged Trade: SELL 1.70107644 PEP @ 159.13. New Cash: 5600.54, New Coins: 32.32045230
[Agent] Received reward: 0.00000000
[NeuralNetworkInterface] Received reward signal: 0.00000000
[Agent] Making decision using full OHLCV data
[Agent] Price data: O=155.86329651 H=158.68813020 L=155.67317184 C=158.43462143 V=5864000.00000000
[Agent_Features] Generated 18 features for the latest tick.
[Agent] Exploration: Random action: BUY
[Portfolio] Logged Trade: BUY 1.76746171 PEP @ 158.43. New Cash: 5320.52, New Coins: 34.08791401
[Agent] Received reward: 0.00000000
[NeuralNetworkInterface] Received reward signal: 0.00000000
[Agent] Making decision using full OHLCV data
[Agent] Price data: O=157.30285645 H=157.46582042 L=154.82207668 C=156.82299965 V=7369900.00000000
[Agent_Features] Generated 18 features for the latest tick.
[Agent] Exploration: Random action: SELL
[Portfolio] Logged Trade: SELL 1.70439570 PEP @ 156.82. New Cash: 5587.80, New Coins: 32.38351831
[Agent] Received reward: 0.00000000
[NeuralNetworkInterface] Received reward signal: 0.00000000
[Agent] Making decision using full OHLCV data
[Agent] Price data: O=156.90447998 H=158.76053686 L=156.38839977 C=157.51109113 V=7386600.00000000
[Agent_Features] Generated 18 features for the latest tick.
[Agent] Exploration: Random action: HOLD
[Agent] Received reward: 0.00000000
[NeuralNetworkInterface] Received reward signal: 0.00000000
[Agent] Making decision using full OHLCV data
[Agent] Price data: O=158.30784607 H=159.97376455 L=156.80489157 C=157.01312792 V=5180300.00000000
[Agent_Features] Generated 18 features for the latest tick.
[Agent] Exploration: Random action: HOLD
[Agent] Received reward: 0.00000000
[NeuralNetworkInterface] Received reward signal: 0.00000000
[Agent] Making decision using full OHLCV data
[Agent] Price data: O=160.70713806 H=160.81578072 L=157.37530093 C=158.01812174 V=5235800.00000000
[Agent_Features] Generated 18 features for the latest tick.
[Agent] Exploration: Random action: SELL
[Portfolio] Logged Trade: SELL 1.61917592 PEP @ 158.02. New Cash: 5843.66, New Coins: 30.76434239
[Agent] Received reward: 0.00000000
[NeuralNetworkInterface] Received reward signal: 0.00000000
[Agent] Making decision using full OHLCV data
[Agent] Price data: O=155.46490479 H=160.62563770 L=155.19328436 C=160.62563770 V=6505600.00000000
[Agent_Features] Generated 18 features for the latest tick.
[Agent] Exploration: Random action: HOLD
[Agent] Received reward: 0.00000000
[NeuralNetworkInterface] Received reward signal: 0.00000000
[Agent] Making decision using full OHLCV data
[Agent] Price data: O=151.88861084 H=157.04935812 L=149.63419280 C=156.63287158 V=7692100.00000000
[Agent_Features] Generated 18 features for the latest tick.
[Agent] Exploration: Random action: HOLD
[Agent] Received reward: 0.00000000
[NeuralNetworkInterface] Received reward signal: 0.00000000
[Agent] Making decision using full OHLCV data
[Agent] Price data: O=152.09684753 H=153.29195811 L=150.82024116 C=153.13804309 V=5564900.00000000
[Agent_Features] Generated 18 features for the latest tick.
[Agent] Exploration: Random action: BUY
[Portfolio] Logged Trade: BUY 1.90797233 PEP @ 153.14. New Cash: 5551.48, New Coins: 32.67231473
[Agent] Received reward: 0.00000000
[NeuralNetworkInterface] Received reward signal: 0.00000000
[Agent] Making decision using full OHLCV data
[Agent] Price data: O=157.41151428 H=157.64691132 L=151.75281210 C=151.75281210 V=6231500.00000000
[Agent_Features] Generated 18 features for the latest tick.
[Agent] Exploration: Random action: BUY
[Portfolio] Logged Trade: BUY 1.82911926 PEP @ 151.75. New Cash: 5273.91, New Coins: 34.50143399
[Agent] Received reward: 0.00000000
[NeuralNetworkInterface] Received reward signal: 0.00000000
[Agent] Making decision using full OHLCV data
[Agent] Price data: O=154.26979065 H=156.92259722 L=153.08372897 C=156.72340982 V=6534300.00000000
[Agent_Features] Generated 18 features for the latest tick.
[Agent] Exploration: Random action: SELL
[Portfolio] Logged Trade: SELL 1.72507170 PEP @ 156.72. New Cash: 5544.26, New Coins: 32.77636229
[Agent] Received reward: 0.00000000
[NeuralNetworkInterface] Received reward signal: 0.00000000
[Agent] Making decision using full OHLCV data
[Agent] Price data: O=154.28791809 H=154.64102056 L=152.75780277 C=153.22861067 V=5824600.00000000
[Agent_Features] Generated 18 features for the latest tick.
[Agent] Exploration: Random action: HOLD
[Agent] Received reward: 0.00000000
[NeuralNetworkInterface] Received reward signal: 0.00000000
[Agent] Making decision using full OHLCV data
[Agent] Price data: O=155.45584106 H=156.53326001 L=152.79398573 C=153.60884702 V=7269100.00000000
[Agent_Features] Generated 18 features for the latest tick.
[Agent] Exploration: Random action: SELL
[Portfolio] Logged Trade: SELL 1.63881811 PEP @ 153.61. New Cash: 5796.00, New Coins: 31.13754417
[Agent] Received reward: 0.00000000
[NeuralNetworkInterface] Received reward signal: 0.00000000
[Agent] Making decision using full OHLCV data
[Agent] Price data: O=155.26571655 H=158.02715177 L=154.59572134 C=156.74149647 V=5936700.00000000
[Agent_Features] Generated 18 features for the latest tick.
[Agent] Exploration: Random action: HOLD
[Agent] Received reward: 0.00000000
[NeuralNetworkInterface] Received reward signal: 0.00000000
[Agent] Making decision using full OHLCV data
[Agent] Price data: O=154.51425171 H=156.09868822 L=153.84425644 C=154.65911779 V=5376900.00000000
[Agent_Features] Generated 18 features for the latest tick.
[Agent] Exploration: Random action: BUY
[Portfolio] Logged Trade: BUY 1.87379897 PEP @ 154.66. New Cash: 5506.20, New Coins: 33.01134315
[Agent] Received reward: 0.00000000
[NeuralNetworkInterface] Received reward signal: 0.00000000
[Agent] Making decision using full OHLCV data
[Agent] Price data: O=154.27885437 H=155.71843874 L=152.25078430 C=155.04844341 V=6473500.00000000
[Agent_Features] Generated 18 features for the latest tick.
[Agent] Exploration: Random action: SELL
[Portfolio] Logged Trade: SELL 1.65056716 PEP @ 155.05. New Cash: 5762.12, New Coins: 31.36077599
[Agent] Received reward: 0.00000000
[NeuralNetworkInterface] Received reward signal: 0.00000000
[Agent] Making decision using full OHLCV data
[Agent] Price data: O=157.28475952 H=157.68313436 L=153.42779310 C=154.55047077 V=4714600.00000000
[Agent_Features] Generated 18 features for the latest tick.
[Agent] Exploration: Random action: BUY
[Portfolio] Logged Trade: BUY 1.86415469 PEP @ 154.55. New Cash: 5474.01, New Coins: 33.22493068
[Agent] Received reward: 0.00000000
[NeuralNetworkInterface] Received reward signal: 0.00000000
[Agent] Making decision using full OHLCV data
[Agent] Price data: O=158.86920166 H=159.62067899 L=157.01314452 C=157.27571605 V=5317200.00000000
[Agent_Features] Generated 18 features for the latest tick.
[Agent] Exploration: Random action: HOLD
[Agent] Received reward: 0.00000000
[NeuralNetworkInterface] Received reward signal: 0.00000000
[Agent] Making decision using full OHLCV data
[Agent] Price data: O=157.95472717 H=159.05929293 L=156.25258544 C=158.72430224 V=5012200.00000000
[Agent_Features] Generated 18 features for the latest tick.
[Agent] Exploration: Random action: BUY
[Portfolio] Logged Trade: BUY 1.72437794 PEP @ 158.72. New Cash: 5200.31, New Coins: 34.94930862
[Agent] Received reward: -0.00000000
[NeuralNetworkInterface] Received reward signal: -0.00000000
[Agent] Making decision using full OHLCV data
[Agent] Price data: O=148.16744995 H=157.42056071 L=147.50651742 C=157.25759672 V=8875400.00000000
[Agent_Features] Generated 18 features for the latest tick.
[Agent] Exploration: Random action: HOLD
[Agent] Received reward: 0.00000000
[NeuralNetworkInterface] Received reward signal: 0.00000000
[Agent] Making decision using full OHLCV data
[Agent] Price data: O=145.94921875 H=147.37974007 L=144.56396980 C=147.12623136 V=6423800.00000000
[Agent_Features] Generated 18 features for the latest tick.
[Agent] Exploration: Random action: HOLD
[Agent] Received reward: 0.00000000
[NeuralNetworkInterface] Received reward signal: 0.00000000
[Agent] Making decision using full OHLCV data
[Agent] Price data: O=146.86367798 H=147.63325308 L=144.51870163 C=146.89083864 V=5768800.00000000
[Agent_Features] Generated 18 features for the latest tick.
[Agent] Exploration: Random action: SELL
[Portfolio] Logged Trade: SELL 1.74746543 PEP @ 146.89. New Cash: 5457.00, New Coins: 33.20184319
[Agent] Received reward: 0.00000000
[NeuralNetworkInterface] Received reward signal: 0.00000000
[Agent] Making decision using full OHLCV data
[Agent] Price data: O=149.93295288 H=151.15522405 L=148.09500783 C=148.67445828 V=4657800.00000000
[Agent_Features] Generated 18 features for the latest tick.
[Agent] Exploration: Random action: BUY
[Portfolio] Logged Trade: BUY 1.83521761 PEP @ 148.67. New Cash: 5184.15, New Coins: 35.03706080
[Agent] Received reward: 0.00000000
[NeuralNetworkInterface] Received reward signal: 0.00000000
[Agent] Making decision using full OHLCV data
[Agent] Price data: O=151.94297791 H=152.34133901 L=149.53463051 C=150.31326862 V=6327600.00000000
[Agent_Features] Generated 18 features for the latest tick.
[Agent] Exploration: Random action: SELL
[Portfolio] Logged Trade: SELL 1.75185304 PEP @ 150.31. New Cash: 5447.48, New Coins: 33.28520776
[Agent] Received reward: -0.00000000
[NeuralNetworkInterface] Received reward signal: -0.00000000
[Agent] Making decision using full OHLCV data
[Agent] Price data: O=152.98414612 H=153.45495401 L=151.16431247 C=151.97011111 V=5781000.00000000
[Agent_Features] Generated 18 features for the latest tick.
[Agent] Exploration: Random action: HOLD
[Agent] Received reward: 0.00000000
[NeuralNetworkInterface] Received reward signal: 0.00000000
[Agent] Making decision using full OHLCV data
[Agent] Price data: O=154.01629639 H=154.90357704 L=152.97510069 C=152.97510069 V=5193800.00000000
[Agent_Features] Generated 18 features for the latest tick.
[Agent] Exploration: Random action: HOLD
[Agent] Received reward: 0.00000000
[NeuralNetworkInterface] Received reward signal: 0.00000000
[Agent] Making decision using full OHLCV data
[Agent] Price data: O=155.51925659 H=155.55546621 L=154.09778389 C=155.05749763 V=6713500.00000000
[Agent_Features] Generated 18 features for the latest tick.
[Agent] Exploration: Random action: HOLD
[Agent] Received reward: 0.00000000
[NeuralNetworkInterface] Received reward signal: 0.00000000
[Agent] Making decision using full OHLCV data
[Agent] Price data: O=151.87954712 H=154.80396016 L=149.72470918 C=154.80396016 V=13610000.00000000
[Agent_Features] Generated 18 features for the latest tick.
[Agent] Exploration: Random action: BUY
[Portfolio] Logged Trade: BUY 1.75947581 PEP @ 154.80. New Cash: 5175.10, New Coins: 35.04468357
[Agent] Received reward: 0.00000000
[NeuralNetworkInterface] Received reward signal: 0.00000000
[Agent] Making decision using full OHLCV data
[Agent] Price data: O=150.73873901 H=152.44992957 L=148.32134371 C=152.26884009 V=5613900.00000000
[Agent_Features] Generated 18 features for the latest tick.
[Agent] Exploration: Random action: SELL
[Portfolio] Logged Trade: SELL 1.75223418 PEP @ 152.27. New Cash: 5441.91, New Coins: 33.29244940
[Agent] Received reward: -0.00000000
[NeuralNetworkInterface] Received reward signal: -0.00000000
[Agent] Making decision using full OHLCV data
[Agent] Price data: O=151.96041870 H=152.02424365 L=148.28631066 C=150.99402993 V=4677300.00000000
[Agent_Features] Generated 18 features for the latest tick.
[Agent] Exploration: Random action: HOLD
[Agent] Received reward: 0.00000000
[NeuralNetworkInterface] Received reward signal: 0.00000000
[Agent] Making decision using full OHLCV data
[Agent] Price data: O=150.29203796 H=151.87836898 L=149.84530505 C=151.21283946 V=4222000.00000000
[Agent_Features] Generated 18 features for the latest tick.
[Agent] Exploration: Random action: SELL
[Portfolio] Logged Trade: SELL 1.66462247 PEP @ 151.21. New Cash: 5693.63, New Coins: 31.62782693
[Agent] Received reward: 0.00000000
[NeuralNetworkInterface] Received reward signal: 0.00000000
[Agent] Making decision using full OHLCV data
[Agent] Price data: O=150.92109680 H=152.81741292 L=150.18263042 C=151.75986351 V=3447800.00000000
[Agent_Features] Generated 18 features for the latest tick.
[Agent] Exploration: Random action: HOLD
[Agent] Received reward: 0.00000000
[NeuralNetworkInterface] Received reward signal: 0.00000000
[Agent] Making decision using full OHLCV data
[Agent] Price data: O=151.85102844 H=152.12453812 L=149.71767796 C=151.04873709 V=4168300.00000000
[Agent_Features] Generated 18 features for the latest tick.
[Agent] Exploration: Random action: BUY
[Portfolio] Logged Trade: BUY 1.88469818 PEP @ 151.05. New Cash: 5408.94, New Coins: 33.51252510
[Agent] Received reward: 0.00000000
[NeuralNetworkInterface] Received reward signal: 0.00000000
[Agent] Making decision using full OHLCV data
[Agent] Price data: O=151.09429932 H=152.07892566 L=150.52905627 C=151.10342511 V=2646800.00000000
[Agent_Features] Generated 18 features for the latest tick.
[Agent] Exploration: Random action: HOLD
[Agent] Received reward: 0.00000000
[NeuralNetworkInterface] Received reward signal: 0.00000000
[Agent] Making decision using full OHLCV data
[Agent] Price data: O=148.40483093 H=152.18833718 L=148.30454452 C=150.60200619 V=3522900.00000000
[Agent_Features] Generated 18 features for the latest tick.
[Agent] Exploration: Random action: BUY
[Portfolio] Logged Trade: BUY 1.79577432 PEP @ 150.60. New Cash: 5138.50, New Coins: 35.30829943
[Agent] Received reward: 0.00000000
[NeuralNetworkInterface] Received reward signal: 0.00000000
[Agent] Making decision using full OHLCV data
[Agent] Price data: O=148.16777039 H=149.44413003 L=145.36887715 C=146.75464898 V=5203300.00000000
[Agent_Features] Generated 18 features for the latest tick.
[Agent] Exploration: Random action: SELL
[Portfolio] Logged Trade: SELL 1.76541497 PEP @ 146.75. New Cash: 5397.58, New Coins: 33.54288446
[Agent] Received reward: -0.00000000
[NeuralNetworkInterface] Received reward signal: -0.00000000
[Agent] Making decision using full OHLCV data
[Agent] Price data: O=145.63331604 H=148.48689531 L=145.01335982 C=146.35354477 V=6300700.00000000
[Agent_Features] Generated 18 features for the latest tick.
[Agent] Exploration: Random action: BUY
[Portfolio] Logged Trade: BUY 1.84402092 PEP @ 146.35. New Cash: 5127.70, New Coins: 35.38690537
[Agent] Received reward: -0.00000000
[NeuralNetworkInterface] Received reward signal: -0.00000000
[Agent] Making decision using full OHLCV data
[Agent] Price data: O=142.33296204 H=145.91590905 L=141.18423826 C=145.87032179 V=6159200.00000000
[Agent_Features] Generated 18 features for the latest tick.
[Agent] Exploration: Random action: BUY
[Portfolio] Logged Trade: BUY 1.75762310 PEP @ 145.87. New Cash: 4871.32, New Coins: 37.14452848
[Agent] Received reward: 0.00000000
[NeuralNetworkInterface] Received reward signal: 0.00000000
[Agent] Making decision using full OHLCV data
[Agent] Price data: O=143.85546875 H=145.72443486 L=142.15972586 C=143.97399283 V=5940100.00000000
[Agent_Features] Generated 18 features for the latest tick.
[Agent] Exploration: Random action: SELL
[Portfolio] Logged Trade: SELL 1.85722642 PEP @ 143.97. New Cash: 5138.71, New Coins: 35.28730205
[Agent] Received reward: 0.00000000
[NeuralNetworkInterface] Received reward signal: 0.00000000
[Agent] Making decision using full OHLCV data
[Agent] Price data: O=143.16261292 H=144.46633624 L=141.41217060 C=142.79794265 V=7207900.00000000
[Agent_Features] Generated 18 features for the latest tick.
[Agent] Exploration: Random action: SELL
[Portfolio] Logged Trade: SELL 1.76436510 PEP @ 142.80. New Cash: 5390.66, New Coins: 33.52293695
[Agent] Received reward: 0.00000000
[NeuralNetworkInterface] Received reward signal: 0.00000000
[Agent] Making decision using full OHLCV data
[Agent] Price data: O=143.18994141 H=144.94950926 L=142.37853836 C=143.16259184 V=9881800.00000000
[Agent_Features] Generated 18 features for the latest tick.
[Agent] Exploration: Random action: BUY
[Portfolio] Logged Trade: BUY 1.88270408 PEP @ 143.16. New Cash: 5121.12, New Coins: 35.40564103
[Agent] Received reward: 0.00000000
[NeuralNetworkInterface] Received reward signal: 0.00000000
[Simulation] Simulation run finished. Ticks processed in this run: 218

Simulation Finished in 0.02 seconds.
--------------------
  Final Portfolio  
--------------------
Cash:      $5121.12
Asset:     35.4056 PEP
Total Value: $10189.89
--------------------
[Simulation] Simulation destroyed.
[AutonomousTradingAgent] Agent destroyed
[NeuralNetworkInterface] Destructor called.
[Portfolio] Destroyed for asset: PEP. Final cash: 5121.12, Final assets: 35.41
