Loading data from training_run_20250621_125419/data/AAPL_1d_20160204_to_20170302.csv...
Loaded 222 data points.
[Portfolio] Initialized for asset: AAPL with initial cash: 10000.00. Initial Portfolio Value: 10000.00
[NeuralNetworkInterface] Constructor called.
[NeuralNetworkInterface] Initializing...
Warning: NN model path is empty. Initializing in a mock state.
[NeuralNetworkInterface] Initialized successfully.
[AutonomousTradingAgent] Agent initialized for AAPL without API client (CSV mode).
[Simulation] Initialized with 222 data points.
[Simulation] API client is NULL (offline/CSV mode).

Starting Simulation for AAPL...
[Simulation] Starting simulation run...
[Agent] Making decision using full OHLCV data
[Agent] Price data: O=24.95 H=25.51 L=24.93 C=25.47 V=187756000.00
[Agent_Features] Generated 15 features for the latest tick.
[Agent] Exploration: Random action: SELL
[Agent] Received reward: 0.00
[NeuralNetworkInterface] Received reward signal: 0.00
[Agent] Making decision using full OHLCV data
[Agent] Price data: O=24.42 H=24.75 L=24.29 C=24.74 V=243286000.00
[Agent_Features] Generated 17 features for the latest tick.
[Agent] Exploration: Random action: BUY
[Portfolio] Logged Trade: BUY 20.21303971 AAPL @ 24.74. New Cash: 9500.00, New Coins: 20.21303971
[Agent] Received reward: 0.00000000
[NeuralNetworkInterface] Received reward signal: 0.00000000
[Agent] Making decision using full OHLCV data
[Agent] Price data: O=24.28671074 H=24.53432485 L=24.13223529 C=24.50706387 V=129539600.00000000
[Agent_Features] Generated 17 features for the latest tick.
[Agent] Exploration: Random action: BUY
[Portfolio] Logged Trade: BUY 19.38216681 AAPL @ 24.51. New Cash: 9025.00, New Coins: 39.59520652
[Agent] Received reward: 0.00000000
[NeuralNetworkInterface] Received reward signal: 0.00000000
[Agent] Making decision using full OHLCV data
[Agent] Price data: O=24.33668518 H=24.55476785 L=24.09361371 C=24.22537253 V=122444000.00000000
[Agent_Features] Generated 17 features for the latest tick.
[Agent] Exploration: Random action: HOLD
[Agent] Received reward: 0.00000000
[NeuralNetworkInterface] Received reward signal: 0.00000000
[Agent] Making decision using full OHLCV data
[Agent] Price data: O=24.07316399 H=24.29124661 L=23.97093662 C=24.29124661 V=126210000.00000000
[Agent_Features] Generated 18 features for the latest tick.
[Agent] Exploration: Random action: SELL
[Portfolio] Logged Trade: SELL 1.97976033 AAPL @ 24.29. New Cash: 9073.09, New Coins: 37.61544620
[Agent] Received reward: 0.00000000
[NeuralNetworkInterface] Received reward signal: 0.00000000
[Agent] Making decision using full OHLCV data
[Agent] Price data: O=24.00729370 H=24.18903015 L=23.76649438 C=23.85509042 V=134732400.00000000
[Agent_Features] Generated 18 features for the latest tick.
[Agent] Exploration: Random action: SELL
[Portfolio] Logged Trade: SELL 1.88077231 AAPL @ 23.86. New Cash: 9117.96, New Coins: 35.73467389
[Agent] Received reward: 0.00000000
[NeuralNetworkInterface] Received reward signal: 0.00000000
[Agent] Making decision using full OHLCV data
[Agent] Price data: O=23.87098694 H=24.00047357 L=23.74150031 C=23.85281295 V=112126400.00000000
[Agent_Features] Generated 18 features for the latest tick.
[Agent] Exploration: Random action: HOLD
[Agent] Received reward: 0.00000000
[NeuralNetworkInterface] Received reward signal: 0.00000000
[Agent] Making decision using full OHLCV data
[Agent] Price data: O=23.70516014 H=23.92097242 L=23.60520664 C=23.60520664 V=224064800.00000000
[Agent_Features] Generated 18 features for the latest tick.
[Agent] Exploration: Random action: SELL
[Portfolio] Logged Trade: SELL 1.78673369 AAPL @ 23.61. New Cash: 9160.13, New Coins: 33.94794019
[Agent] Received reward: 0.00000000
[NeuralNetworkInterface] Received reward signal: 0.00000000
[Agent] Making decision using full OHLCV data
[Agent] Price data: O=22.22173691 H=22.42391777 L=21.73559396 C=21.80828818 V=458408400.00000000
[Agent_Features] Generated 18 features for the latest tick.
[Agent] Exploration: Random action: BUY
[Portfolio] Logged Trade: BUY 21.00149490 AAPL @ 21.81. New Cash: 8702.13, New Coins: 54.94943509
[Agent] Received reward: 0.00000000
[NeuralNetworkInterface] Received reward signal: 0.00000000
[Agent] Making decision using full OHLCV data
[Agent] Price data: O=21.54249573 H=22.23536204 L=21.41073693 C=22.17402700 V=328970800.00000000
[Agent_Features] Generated 18 features for the latest tick.
[Agent] Exploration: Random action: BUY
[Portfolio] Logged Trade: BUY 19.62234105 AAPL @ 22.17. New Cash: 8267.02, New Coins: 74.57177614
[Agent] Received reward: 0.00000000
[NeuralNetworkInterface] Received reward signal: 0.00000000
[Agent] Making decision using full OHLCV data
[Agent] Price data: O=21.29488564 H=21.51751269 L=21.01546790 C=21.35167806 V=274126000.00000000
[Agent_Features] Generated 18 features for the latest tick.
[Agent] Exploration: Random action: BUY
[Portfolio] Logged Trade: BUY 19.35918119 AAPL @ 21.35. New Cash: 7853.67, New Coins: 93.93095733
[Agent] Received reward: 0.00000000
[NeuralNetworkInterface] Received reward signal: 0.00000000
[Agent] Making decision using full OHLCV data
[Agent] Price data: O=21.27216721 H=21.37212241 L=20.99047731 C=21.34713361 V=192640400.00000000
[Agent_Features] Generated 18 features for the latest tick.
[Agent] Exploration: Random action: SELL
[Portfolio] Logged Trade: SELL 4.69654787 AAPL @ 21.35. New Cash: 7953.93, New Coins: 89.23440946
[Agent] Received reward: -0.00000000
[NeuralNetworkInterface] Received reward signal: -0.00000000
[Agent] Making decision using full OHLCV data
[Agent] Price data: O=21.62201309 H=21.74922758 L=21.28125853 C=21.39938601 V=227325200.00000000
[Agent_Features] Generated 18 features for the latest tick.
[Agent] Exploration: Random action: BUY
[Portfolio] Logged Trade: BUY 18.58447460 AAPL @ 21.40. New Cash: 7556.23, New Coins: 107.81888406
[Agent] Received reward: 0.00000000
[NeuralNetworkInterface] Received reward signal: 0.00000000
[Agent] Making decision using full OHLCV data
[Agent] Price data: O=21.39711189 H=21.78557182 L=21.31305849 C=21.62655201 V=164102000.00000000
[Agent_Features] Generated 18 features for the latest tick.
[Agent] Exploration: Random action: BUY
[Portfolio] Logged Trade: BUY 17.46979954 AAPL @ 21.63. New Cash: 7178.42, New Coins: 125.28868360
[Agent] Received reward: 0.00000000
[NeuralNetworkInterface] Received reward signal: 0.00000000
[Agent] Making decision using full OHLCV data
[Agent] Price data: O=21.31026077 H=21.49996000 L=21.18227177 C=21.48396137 V=143562000.00000000
[Agent_Features] Generated 18 features for the latest tick.
[Agent] Exploration: Random action: SELL
[Portfolio] Logged Trade: SELL 6.26443418 AAPL @ 21.48. New Cash: 7313.00, New Coins: 119.02424942
[Agent] Received reward: 0.00000000
[NeuralNetworkInterface] Received reward signal: 0.00000000
[Agent] Making decision using full OHLCV data
[Agent] Price data: O=21.19141197 H=21.35825451 L=20.99257045 C=21.33997161 V=174799600.00000000
[Agent_Features] Generated 18 features for the latest tick.
[Agent] Exploration: Random action: SELL
[Portfolio] Logged Trade: SELL 5.95121247 AAPL @ 21.34. New Cash: 7440.00, New Coins: 113.07303695
[Agent] Received reward: 0.00000000
[NeuralNetworkInterface] Received reward signal: 0.00000000
[Agent] Making decision using full OHLCV data
[Agent] Price data: O=21.20741463 H=21.43139540 L=21.16170302 C=21.25541051 V=131745600.00000000
[Agent_Features] Generated 18 features for the latest tick.
[Agent] Exploration: Random action: HOLD
[Agent] Received reward: 0.00000000
[NeuralNetworkInterface] Received reward signal: 0.00000000
[Agent] Making decision using full OHLCV data
[Agent] Price data: O=21.35140228 H=21.38568555 L=21.05199867 C=21.33083337 V=134747200.00000000
[Agent_Features] Generated 18 features for the latest tick.
[Agent] Exploration: Random action: SELL
[Portfolio] Logged Trade: SELL 5.65365185 AAPL @ 21.33. New Cash: 7560.60, New Coins: 107.41938510
[Agent] Received reward: 0.00000000
[NeuralNetworkInterface] Received reward signal: 0.00000000
[Agent] Making decision using full OHLCV data
[Agent] Price data: O=21.14341354 H=21.38567888 L=21.13198521 C=21.36510997 V=114876400.00000000
[Agent_Features] Generated 18 features for the latest tick.
[Agent] Exploration: Random action: BUY
[Portfolio] Logged Trade: BUY 17.69380013 AAPL @ 21.37. New Cash: 7182.57, New Coins: 125.11318524
[Agent] Received reward: 0.00000000
[NeuralNetworkInterface] Received reward signal: 0.00000000
[Agent] Making decision using full OHLCV data
[Agent] Price data: O=20.64745712 H=21.20512646 L=20.44861732 C=21.19141385 V=305258800.00000000
[Agent_Features] Generated 18 features for the latest tick.
[Agent] Exploration: Random action: SELL
[Portfolio] Logged Trade: SELL 6.25565926 AAPL @ 21.19. New Cash: 7315.14, New Coins: 118.85752598
[Agent] Received reward: 0.00000000
[NeuralNetworkInterface] Received reward signal: 0.00000000
[Agent] Making decision using full OHLCV data
[Agent] Price data: O=20.68859673 H=20.95143277 L=20.56975005 C=20.56975005 V=177571200.00000000
[Agent_Features] Generated 18 features for the latest tick.
[Agent] Exploration: Random action: HOLD
[Agent] Received reward: 0.00000000
[NeuralNetworkInterface] Received reward signal: 0.00000000
[Agent] Making decision using full OHLCV data
[Agent] Price data: O=21.45653725 H=21.57309967 L=20.94686546 C=21.11599405 V=245039200.00000000
[Agent_Features] Generated 18 features for the latest tick.
[Agent] Exploration: Random action: BUY
[Portfolio] Logged Trade: BUY 17.32131572 AAPL @ 21.12. New Cash: 6949.38, New Coins: 136.17884170
[Agent] Received reward: 0.00000000
[NeuralNetworkInterface] Received reward signal: 0.00000000
[Agent] Making decision using full OHLCV data
[Agent] Price data: O=21.36739922 H=21.64394787 L=21.25769486 C=21.60966635 V=187667600.00000000
[Agent_Features] Generated 18 features for the latest tick.
[Agent] Exploration: Random action: BUY
[Portfolio] Logged Trade: BUY 16.07933015 AAPL @ 21.61. New Cash: 6601.91, New Coins: 152.25817184
[Agent] Received reward: -0.00000000
[NeuralNetworkInterface] Received reward signal: -0.00000000
[Agent] Making decision using full OHLCV data
[Agent] Price data: O=21.61194229 H=21.76050189 L=21.45881240 C=21.52052261 V=168249600.00000000
[Agent_Features] Generated 18 features for the latest tick.
[Agent] Exploration: Random action: BUY
[Portfolio] Logged Trade: BUY 15.33863827 AAPL @ 21.52. New Cash: 6271.81, New Coins: 167.59681011
[Agent] Received reward: 0.00000000
[NeuralNetworkInterface] Received reward signal: 0.00000000
[Agent] Making decision using full OHLCV data
[Agent] Price data: O=21.52967072 H=21.63023449 L=21.38568309 C=21.63023449 V=121768400.00000000
[Agent_Features] Generated 18 features for the latest tick.
[Agent] Exploration: Random action: SELL
[Portfolio] Logged Trade: SELL 8.37984051 AAPL @ 21.63. New Cash: 6453.07, New Coins: 159.21696961
[Agent] Received reward: 0.00000000
[NeuralNetworkInterface] Received reward signal: 0.00000000
[Agent] Making decision using full OHLCV data
[Agent] Price data: O=21.76279259 H=21.81078845 L=21.60280462 C=21.63023158 V=128104000.00000000
[Agent_Features] Generated 18 features for the latest tick.
[Agent] Exploration: Random action: SELL
[Portfolio] Logged Trade: SELL 7.96084848 AAPL @ 21.63. New Cash: 6625.27, New Coins: 151.25612113
[Agent] Received reward: 0.00000000
[NeuralNetworkInterface] Received reward signal: 0.00000000
[Agent] Making decision using full OHLCV data
[Agent] Price data: O=22.03934288 H=22.21304347 L=21.86564229 C=21.91135389 V=152074400.00000000
[Agent_Features] Generated 18 features for the latest tick.
[Agent] Exploration: Random action: BUY
[Portfolio] Logged Trade: BUY 15.11834382 AAPL @ 21.91. New Cash: 6294.00, New Coins: 166.37446494
[Agent] Received reward: 0.00000000
[NeuralNetworkInterface] Received reward signal: 0.00000000
[Agent] Making decision using full OHLCV data
[Agent] Price data: O=22.37531662 H=22.41874046 L=22.13304950 C=22.21990067 V=140560800.00000000
[Agent_Features] Generated 18 features for the latest tick.
[Agent] Exploration: Random action: HOLD
[Agent] Received reward: 0.00000000
[NeuralNetworkInterface] Received reward signal: 0.00000000
[Agent] Making decision using full OHLCV data
[Agent] Price data: O=22.76842308 H=22.79584829 L=22.42330798 C=22.55129695 V=152675200.00000000
[Agent_Features] Generated 18 features for the latest tick.
[Agent] Exploration: Random action: SELL
[Portfolio] Logged Trade: SELL 8.31872325 AAPL @ 22.55. New Cash: 6481.60, New Coins: 158.05574170
[Agent] Received reward: -0.00000000
[NeuralNetworkInterface] Received reward signal: -0.00000000
[Agent] Making decision using full OHLCV data
[Agent] Price data: O=22.94898796 H=23.02212479 L=22.54444852 C=22.78214365 V=225324800.00000000
[Agent_Features] Generated 18 features for the latest tick.
[Agent] Exploration: Random action: SELL
[Portfolio] Logged Trade: SELL 7.90278708 AAPL @ 22.78. New Cash: 6661.64, New Coins: 150.15295461
[Agent] Received reward: 0.00000000
[NeuralNetworkInterface] Received reward signal: 0.00000000
[Agent] Making decision using full OHLCV data
[Agent] Price data: O=22.93526649 H=22.96269345 L=22.68385884 C=22.72728441 V=145364800.00000000
[Agent_Features] Generated 18 features for the latest tick.
[Agent] Exploration: Random action: HOLD
[Agent] Received reward: 0.00000000
[NeuralNetworkInterface] Received reward signal: 0.00000000
[Agent] Making decision using full OHLCV data
[Agent] Price data: O=22.82328033 H=22.94669904 L=22.58558524 C=22.76385612 V=169228800.00000000
[Agent_Features] Generated 18 features for the latest tick.
[Agent] Exploration: Random action: SELL
[Portfolio] Logged Trade: SELL 7.50764773 AAPL @ 22.76. New Cash: 6832.55, New Coins: 142.64530688
[Agent] Received reward: 0.00000000
[NeuralNetworkInterface] Received reward signal: 0.00000000
[Agent] Making decision using full OHLCV data
[Agent] Price data: O=22.50330353 H=22.75014092 L=22.47359230 C=22.63129251 V=116693200.00000000
[Agent_Features] Generated 18 features for the latest tick.
[Agent] Exploration: Random action: SELL
[Portfolio] Logged Trade: SELL 7.13226534 AAPL @ 22.63. New Cash: 6993.96, New Coins: 135.51304154
[Agent] Received reward: 0.00000000
[NeuralNetworkInterface] Received reward signal: 0.00000000
[Agent] Making decision using full OHLCV data
[Agent] Price data: O=22.33418083 H=22.36160605 L=22.08505736 C=22.30675387 V=160766400.00000000
[Agent_Features] Generated 18 features for the latest tick.
[Agent] Exploration: Random action: BUY
[Portfolio] Logged Trade: BUY 15.67677690 AAPL @ 22.31. New Cash: 6644.26, New Coins: 151.18981844
[Agent] Received reward: 0.00000000
[NeuralNetworkInterface] Received reward signal: 0.00000000
[Agent] Making decision using full OHLCV data
[Agent] Price data: O=22.37988663 H=22.45987975 L=22.27246655 C=22.35017540 V=114019600.00000000
[Agent_Features] Generated 18 features for the latest tick.
[Agent] Exploration: Random action: SELL
[Portfolio] Logged Trade: SELL 7.55949092 AAPL @ 22.35. New Cash: 6813.22, New Coins: 143.63032752
[Agent] Received reward: 0.00000000
[NeuralNetworkInterface] Received reward signal: 0.00000000
[Agent] Making decision using full OHLCV data
[Agent] Price data: O=22.54216003 H=23.28724258 L=22.29532436 C=22.39588639 V=93170000.00000000
[Agent_Features] Generated 18 features for the latest tick.
[Agent] Exploration: Random action: HOLD
[Agent] Received reward: 0.00000000
[NeuralNetworkInterface] Received reward signal: 0.00000000
[Agent] Making decision using full OHLCV data
[Agent] Price data: O=22.63358116 H=22.82556640 L=22.61758254 C=22.68386305 V=89638000.00000000
[Agent_Features] Generated 18 features for the latest tick.
[Agent] Exploration: Random action: SELL
[Portfolio] Logged Trade: SELL 7.18151638 AAPL @ 22.68. New Cash: 6976.12, New Coins: 136.44881114
[Agent] Received reward: 0.00000000
[NeuralNetworkInterface] Received reward signal: 0.00000000
[Agent] Making decision using full OHLCV data
[Agent] Price data: O=22.61301231 H=22.75471392 L=22.55358810 C=22.63129521 V=83392400.00000000
[Agent_Features] Generated 18 features for the latest tick.
[Agent] Exploration: Random action: BUY
[Portfolio] Logged Trade: BUY 15.41255701 AAPL @ 22.63. New Cash: 6627.32, New Coins: 151.86136815
[Agent] Received reward: 0.00000000
[NeuralNetworkInterface] Received reward signal: 0.00000000
[Agent] Making decision using full OHLCV data
[Agent] Price data: O=22.77528191 H=22.85298900 L=22.50330358 C=22.51244589 V=106405600.00000000
[Agent_Features] Generated 18 features for the latest tick.
[Agent] Exploration: Random action: BUY
[Portfolio] Logged Trade: BUY 14.71922788 AAPL @ 22.51. New Cash: 6295.95, New Coins: 166.58059604
[Agent] Received reward: 0.00000000
[NeuralNetworkInterface] Received reward signal: 0.00000000
[Agent] Making decision using full OHLCV data
[Agent] Price data: O=22.58787727 H=22.70672398 L=22.50788413 C=22.51931073 V=126851600.00000000
[Agent_Features] Generated 18 features for the latest tick.
[Agent] Exploration: Random action: SELL
[Portfolio] Logged Trade: SELL 8.32902980 AAPL @ 22.52. New Cash: 6483.51, New Coins: 158.25156623
[Agent] Received reward: 0.00000000
[NeuralNetworkInterface] Received reward signal: 0.00000000
[Agent] Making decision using full OHLCV data
[Agent] Price data: O=22.24733162 H=22.65415712 L=22.19247943 C=22.55587933 V=152082000.00000000
[Agent_Features] Generated 18 features for the latest tick.
[Agent] Exploration: Random action: BUY
[Portfolio] Logged Trade: BUY 14.37211673 AAPL @ 22.56. New Cash: 6159.34, New Coins: 172.62368297
[Agent] Received reward: 0.00000000
[NeuralNetworkInterface] Received reward signal: 0.00000000
[Agent] Making decision using full OHLCV data
[Agent] Price data: O=22.27475548 H=22.50788031 L=22.11248320 C=22.24275823 V=127727600.00000000
[Agent_Features] Generated 18 features for the latest tick.
[Agent] Exploration: Random action: BUY
[Portfolio] Logged Trade: BUY 13.84571738 AAPL @ 22.24. New Cash: 5851.37, New Coins: 186.46940035
[Agent] Received reward: 0.00000000
[NeuralNetworkInterface] Received reward signal: 0.00000000
[Agent] Making decision using full OHLCV data
[Agent] Price data: O=22.20161438 H=22.49187735 L=22.17647344 C=22.35703032 V=117780800.00000000
[Agent_Features] Generated 18 features for the latest tick.
[Agent] Exploration: Random action: SELL
[Portfolio] Logged Trade: SELL 9.32347002 AAPL @ 22.36. New Cash: 6059.82, New Coins: 177.14593033
[Agent] Received reward: 0.00000000
[NeuralNetworkInterface] Received reward signal: 0.00000000
[Agent] Making decision using full OHLCV data
[Agent] Price data: O=22.29532051 H=22.34103036 L=21.95706169 C=22.04391110 V=125307200.00000000
[Agent_Features] Generated 18 features for the latest tick.
[Agent] Exploration: Random action: SELL
[Portfolio] Logged Trade: SELL 8.85729652 AAPL @ 22.04. New Cash: 6255.07, New Coins: 168.28863382
[Agent] Received reward: 0.00000000
[NeuralNetworkInterface] Received reward signal: 0.00000000
[Agent] Making decision using full OHLCV data
[Agent] Price data: O=21.78793907 H=22.08962870 L=21.78108277 C=22.08277240 V=244032800.00000000
[Agent_Features] Generated 18 features for the latest tick.
[Agent] Exploration: Random action: SELL
[Portfolio] Logged Trade: SELL 8.41443169 AAPL @ 22.08. New Cash: 6440.88, New Coins: 159.87420212
[Agent] Received reward: 0.00000000
[NeuralNetworkInterface] Received reward signal: 0.00000000
[Agent] Making decision using full OHLCV data
[Agent] Price data: O=21.73537636 H=22.07134934 L=21.71937773 C=21.94107428 V=137647600.00000000
[Agent_Features] Generated 18 features for the latest tick.
[Agent] Exploration: Random action: BUY
[Portfolio] Logged Trade: BUY 14.67767803 AAPL @ 21.94. New Cash: 6118.84, New Coins: 174.55188016
[Agent] Received reward: 0.00000000
[NeuralNetworkInterface] Received reward signal: 0.00000000
[Agent] Making decision using full OHLCV data
[Agent] Price data: O=21.92049599 H=22.02105802 L=21.63937533 C=21.69879953 V=142185600.00000000
[Agent_Features] Generated 18 features for the latest tick.
[Agent] Exploration: Random action: SELL
[Portfolio] Logged Trade: SELL 8.72759401 AAPL @ 21.70. New Cash: 6308.21, New Coins: 165.82428615
[Agent] Received reward: 0.00000000
[NeuralNetworkInterface] Received reward signal: 0.00000000
[Agent] Making decision using full OHLCV data
[Agent] Price data: O=21.83822632 H=22.14448631 L=21.79251470 C=21.99821262 V=116876400.00000000
[Agent_Features] Generated 18 features for the latest tick.
[Agent] Exploration: Random action: SELL
[Portfolio] Logged Trade: SELL 8.29121431 AAPL @ 22.00. New Cash: 6490.61, New Coins: 157.53307184
[Agent] Received reward: 0.00000000
[NeuralNetworkInterface] Received reward signal: 0.00000000
[Agent] Making decision using full OHLCV data
[Agent] Price data: O=21.96392059 H=22.00734618 L=21.76965109 C=21.92735306 V=128960800.00000000
[Agent_Features] Generated 18 features for the latest tick.
[Agent] Exploration: Random action: SELL
[Portfolio] Logged Trade: SELL 7.87665359 AAPL @ 21.93. New Cash: 6663.32, New Coins: 149.65641825
[Agent] Received reward: 0.00000000
[NeuralNetworkInterface] Received reward signal: 0.00000000
[Agent] Making decision using full OHLCV data
[Agent] Price data: O=21.34683228 H=21.63480930 L=21.17541767 C=21.23484189 V=301245600.00000000
[Agent_Features] Generated 18 features for the latest tick.
[Agent] Exploration: Random action: BUY
[Portfolio] Logged Trade: BUY 15.68959369 AAPL @ 21.23. New Cash: 6330.15, New Coins: 165.34601194
[Agent] Received reward: 0.00000000
[NeuralNetworkInterface] Received reward signal: 0.00000000
[Agent] Making decision using full OHLCV data
[Agent] Price data: O=21.03599739 H=21.26683618 L=20.91257868 C=21.25540784 V=181958400.00000000
[Agent_Features] Generated 18 features for the latest tick.
[Agent] Exploration: Random action: BUY
[Portfolio] Logged Trade: BUY 14.89069237 AAPL @ 21.26. New Cash: 6013.65, New Coins: 180.23670431
[Agent] Received reward: 0.00000000
[NeuralNetworkInterface] Received reward signal: 0.00000000
[Agent] Making decision using full OHLCV data
[Agent] Price data: O=21.39024925 H=21.40624962 L=21.05884849 C=21.23254905 V=161779600.00000000
[Agent_Features] Generated 18 features for the latest tick.
[Agent] Exploration: Random action: SELL
[Portfolio] Logged Trade: SELL 9.01183522 AAPL @ 21.23. New Cash: 6204.99, New Coins: 171.22486909
[Agent] Received reward: 0.00000000
[NeuralNetworkInterface] Received reward signal: 0.00000000
[Agent] Making decision using full OHLCV data
[Agent] Price data: O=21.57538414 H=21.60966741 L=21.39939751 C=21.47710637 V=146124000.00000000
[Agent_Features] Generated 18 features for the latest tick.
[Agent] Exploration: Random action: SELL
[Portfolio] Logged Trade: SELL 8.56124345 AAPL @ 21.48. New Cash: 6388.86, New Coins: 162.66362564
[Agent] Received reward: 0.00000000
[NeuralNetworkInterface] Received reward signal: 0.00000000
[Agent] Making decision using full OHLCV data
[Agent] Price data: O=21.84964561 H=21.88849917 L=21.55252804 C=21.58452529 V=143345600.00000000
[Agent_Features] Generated 18 features for the latest tick.
[Agent] Exploration: Random action: HOLD
[Agent] Received reward: 0.00000000
[NeuralNetworkInterface] Received reward signal: 0.00000000
[Agent] Making decision using full OHLCV data
[Agent] Price data: O=21.91592026 H=22.04848125 L=21.78793129 C=21.82449882 V=104106000.00000000
[Agent_Features] Generated 18 features for the latest tick.
[Agent] Exploration: Random action: BUY
[Portfolio] Logged Trade: BUY 14.63690431 AAPL @ 21.82. New Cash: 6069.42, New Coins: 177.30052995
[Agent] Received reward: 0.00000000
[NeuralNetworkInterface] Received reward signal: 0.00000000
[Agent] Making decision using full OHLCV data
[Agent] Price data: O=21.71022987 H=21.80393736 L=21.58909717 C=21.80165134 V=110820800.00000000
[Agent_Features] Generated 18 features for the latest tick.
[Agent] Exploration: Random action: SELL
[Portfolio] Logged Trade: SELL 8.86502650 AAPL @ 21.80. New Cash: 6262.69, New Coins: 168.43550345
[Agent] Received reward: 0.00000000
[NeuralNetworkInterface] Received reward signal: 0.00000000
[Agent] Making decision using full OHLCV data
[Agent] Price data: O=21.83364487 H=21.86335784 L=21.56852457 C=21.62109073 V=123796400.00000000
[Agent_Features] Generated 18 features for the latest tick.
[Agent] Exploration: Random action: HOLD
[Agent] Received reward: 0.00000000
[NeuralNetworkInterface] Received reward signal: 0.00000000
[Agent] Making decision using full OHLCV data
[Agent] Price data: O=21.92735672 H=22.05534573 L=21.85421989 C=21.87250279 V=100558400.00000000
[Agent_Features] Generated 18 features for the latest tick.
[Agent] Exploration: Random action: SELL
[Portfolio] Logged Trade: SELL 8.42177517 AAPL @ 21.87. New Cash: 6446.90, New Coins: 160.01372828
[Agent] Received reward: 0.00000000
[NeuralNetworkInterface] Received reward signal: 0.00000000
[Agent] Making decision using full OHLCV data
[Agent] Price data: O=22.09648132 H=22.14447719 L=21.95249371 C=22.05305574 V=115648400.00000000
[Agent_Features] Generated 18 features for the latest tick.
[Agent] Exploration: Random action: SELL
[Portfolio] Logged Trade: SELL 8.00068641 AAPL @ 22.05. New Cash: 6623.34, New Coins: 152.01304186
[Agent] Received reward: -0.00000000
[NeuralNetworkInterface] Received reward signal: -0.00000000
[Agent] Making decision using full OHLCV data
[Agent] Price data: O=22.16505051 H=22.31818046 L=22.10791231 C=22.11248260 V=95179600.00000000
[Agent_Features] Generated 18 features for the latest tick.
[Agent] Exploration: Random action: SELL
[Portfolio] Logged Trade: SELL 7.60065209 AAPL @ 22.11. New Cash: 6791.41, New Coins: 144.41238977
[Agent] Received reward: 0.00000000
[NeuralNetworkInterface] Received reward signal: 0.00000000
[Agent] Making decision using full OHLCV data
[Agent] Price data: O=22.26561356 H=22.32960806 L=22.19704876 C=22.20847536 V=96670000.00000000
[Agent_Features] Generated 18 features for the latest tick.
[Agent] Exploration: Random action: HOLD
[Agent] Received reward: 0.00000000
[NeuralNetworkInterface] Received reward signal: 0.00000000
[Agent] Making decision using full OHLCV data
[Agent] Price data: O=22.13990784 H=22.32274901 L=22.13304979 C=22.26332654 V=103568800.00000000
[Agent_Features] Generated 18 features for the latest tick.
[Agent] Exploration: Random action: HOLD
[Agent] Received reward: 0.00000000
[NeuralNetworkInterface] Received reward signal: 0.00000000
[Agent] Making decision using full OHLCV data
[Agent] Price data: O=22.57872963 H=22.62443949 L=22.24275676 C=22.25875538 V=155676000.00000000
[Agent_Features] Generated 18 features for the latest tick.
[Agent] Exploration: Random action: HOLD
[Agent] Received reward: 0.00000000
[NeuralNetworkInterface] Received reward signal: 0.00000000
[Agent] Making decision using full OHLCV data
[Agent] Price data: O=22.57644653 H=22.69529497 L=22.51245202 C=22.60844379 V=120548000.00000000
[Agent_Features] Generated 18 features for the latest tick.
[Agent] Exploration: Random action: HOLD
[Agent] Received reward: 0.00000000
[NeuralNetworkInterface] Received reward signal: 0.00000000
[Agent] Making decision using full OHLCV data
[Agent] Price data: O=22.81642532 H=22.88499011 L=22.53530463 C=22.55815956 V=145975600.00000000
[Agent_Features] Generated 18 features for the latest tick.
[Agent] Exploration: Random action: SELL
[Portfolio] Logged Trade: SELL 7.22061949 AAPL @ 22.56. New Cash: 6954.29, New Coins: 137.19177028
[Agent] Received reward: 0.00000000
[NeuralNetworkInterface] Received reward signal: 0.00000000
[Agent] Making decision using full OHLCV data
[Agent] Price data: O=22.82557106 H=22.85528230 L=22.70443660 C=22.75471850 V=95119600.00000000
[Agent_Features] Generated 18 features for the latest tick.
[Agent] Exploration: Random action: HOLD
[Agent] Received reward: 0.00000000
[NeuralNetworkInterface] Received reward signal: 0.00000000
[Agent] Making decision using full OHLCV data
[Agent] Price data: O=22.84613991 H=22.96041632 L=22.79585801 C=22.85528223 V=105104000.00000000
[Agent_Features] Generated 18 features for the latest tick.
[Agent] Exploration: Random action: HOLD
[Agent] Received reward: 0.00000000
[NeuralNetworkInterface] Received reward signal: 0.00000000
[Agent] Making decision using full OHLCV data
[Agent] Price data: O=22.72500610 H=23.08383395 L=22.65643956 C=22.81642758 V=130808000.00000000
[Agent_Features] Generated 18 features for the latest tick.
[Agent] Exploration: Random action: SELL
[Portfolio] Logged Trade: SELL 6.85958851 AAPL @ 22.82. New Cash: 7110.80, New Coins: 130.33218177
[Agent] Received reward: 0.00000000
[NeuralNetworkInterface] Received reward signal: 0.00000000
[Agent] Making decision using full OHLCV data
[Agent] Price data: O=22.54901886 H=22.69529250 L=22.46902399 C=22.68615018 V=113254800.00000000
[Agent_Features] Generated 18 features for the latest tick.
[Agent] Exploration: Random action: HOLD
[Agent] Received reward: 0.00000000
[NeuralNetworkInterface] Received reward signal: 0.00000000
[Agent] Making decision using full OHLCV data
[Agent] Price data: O=22.24733162 H=22.59016086 L=22.15133985 C=22.45531553 V=161531600.00000000
[Agent_Features] Generated 18 features for the latest tick.
[Agent] Exploration: Random action: SELL
[Portfolio] Logged Trade: SELL 6.51660909 AAPL @ 22.46. New Cash: 7257.13, New Coins: 123.81557268
[Agent] Received reward: 0.00000000
[NeuralNetworkInterface] Received reward signal: 0.00000000
[Agent] Making decision using full OHLCV data
[Agent] Price data: O=22.09419823 H=22.39131756 L=22.03706003 C=22.12848149 V=224959200.00000000
[Agent_Features] Generated 18 features for the latest tick.
[Agent] Exploration: Random action: HOLD
[Agent] Received reward: 0.00000000
[NeuralNetworkInterface] Received reward signal: 0.00000000
[Agent] Making decision using full OHLCV data
[Agent] Price data: O=23.52950478 H=23.84947897 L=23.48379492 C=23.83119433 V=369379200.00000000
[Agent_Features] Generated 18 features for the latest tick.
[Agent] Exploration: Random action: HOLD
[Agent] Received reward: 0.00000000
[NeuralNetworkInterface] Received reward signal: 0.00000000
[Agent] Making decision using full OHLCV data
[Agent] Price data: O=23.84719467 H=23.87233562 L=23.49979524 C=23.50208125 V=159479200.00000000
[Agent_Features] Generated 18 features for the latest tick.
[Agent] Exploration: Random action: SELL
[Portfolio] Logged Trade: SELL 6.19077863 AAPL @ 23.50. New Cash: 7402.63, New Coins: 117.62479404
[Agent] Received reward: -0.00000000
[NeuralNetworkInterface] Received reward signal: -0.00000000
[Agent] Making decision using full OHLCV data
[Agent] Price data: O=23.81748772 H=23.89519658 L=23.69635501 C=23.81291743 V=110934800.00000000
[Agent_Features] Generated 18 features for the latest tick.
[Agent] Exploration: Random action: SELL
[Portfolio] Logged Trade: SELL 5.88123970 AAPL @ 23.81. New Cash: 7542.68, New Coins: 111.74355434
[Agent] Received reward: 0.00000000
[NeuralNetworkInterface] Received reward signal: 0.00000000
[Agent] Making decision using full OHLCV data
[Agent] Price data: O=24.23802376 H=24.26087869 L=23.86319733 C=23.86319733 V=152671600.00000000
[Agent_Features] Generated 18 features for the latest tick.
[Agent] Exploration: Random action: HOLD
[Agent] Received reward: 0.00000000
[NeuralNetworkInterface] Received reward signal: 0.00000000
[Agent] Making decision using full OHLCV data
[Agent] Price data: O=23.87919235 H=24.24259039 L=23.76948626 C=24.23802010 V=135266400.00000000
[Agent_Features] Generated 18 features for the latest tick.
[Agent] Exploration: Random action: HOLD
[Agent] Received reward: 0.00000000
[NeuralNetworkInterface] Received reward signal: 0.00000000
[Agent] Making decision using full OHLCV data
[Agent] Price data: O=24.17860031 H=24.19002690 L=23.94547548 C=23.95461781 V=120810400.00000000
[Agent_Features] Generated 18 features for the latest tick.
[Agent] Exploration: Random action: HOLD
[Agent] Received reward: 0.00000000
[NeuralNetworkInterface] Received reward signal: 0.00000000
[Agent] Making decision using full OHLCV data
[Agent] Price data: O=24.32796669 H=24.35783888 L=24.19238913 C=24.26132711 V=109634800.00000000
[Agent_Features] Generated 18 features for the latest tick.
[Agent] Exploration: Random action: HOLD
[Agent] Received reward: 0.00000000
[NeuralNetworkInterface] Received reward signal: 0.00000000
[Agent] Making decision using full OHLCV data
[Agent] Price data: O=24.69792747 H=24.73699151 L=24.39919859 C=24.41987893 V=162213600.00000000
[Agent_Features] Generated 18 features for the latest tick.
[Agent] Exploration: Random action: SELL
[Portfolio] Logged Trade: SELL 5.58717772 AAPL @ 24.42. New Cash: 7679.12, New Coins: 106.15637662
[Agent] Received reward: 0.00000000
[NeuralNetworkInterface] Received reward signal: 0.00000000
[Agent] Making decision using full OHLCV data
[Agent] Price data: O=24.90244102 H=24.90244102 L=24.62439424 C=24.70711735 V=112148800.00000000
[Agent_Features] Generated 18 features for the latest tick.
[Agent] Exploration: Random action: HOLD
[Agent] Received reward: 0.00000000
[NeuralNetworkInterface] Received reward signal: 0.00000000
[Agent] Making decision using full OHLCV data
[Agent] Price data: O=25.00354767 H=25.03342161 L=24.81971600 C=24.87027028 V=105260800.00000000
[Agent_Features] Generated 18 features for the latest tick.
[Agent] Exploration: Random action: BUY
[Portfolio] Logged Trade: BUY 15.43834623 AAPL @ 24.87. New Cash: 7295.16, New Coins: 121.59472286
[Agent] Received reward: 0.00000000
[NeuralNetworkInterface] Received reward signal: 0.00000000
[Agent] Making decision using full OHLCV data
[Agent] Price data: O=24.81741714 H=25.02422930 L=24.76226782 C=24.98056847 V=96034000.00000000
[Agent_Features] Generated 18 features for the latest tick.
[Agent] Exploration: Random action: SELL
[Portfolio] Logged Trade: SELL 6.07973614 AAPL @ 24.98. New Cash: 7447.04, New Coins: 115.51498672
[Agent] Received reward: 0.00000000
[NeuralNetworkInterface] Received reward signal: 0.00000000
[Agent] Making decision using full OHLCV data
[Agent] Price data: O=24.80132866 H=25.03111953 L=24.78294497 C=24.93690443 V=109938000.00000000
[Agent_Features] Generated 18 features for the latest tick.
[Agent] Exploration: Random action: SELL
[Portfolio] Logged Trade: SELL 5.77574934 AAPL @ 24.94. New Cash: 7591.07, New Coins: 109.73923738
[Agent] Received reward: 0.00000000
[NeuralNetworkInterface] Received reward signal: 0.00000000
[Agent] Making decision using full OHLCV data
[Agent] Price data: O=24.85877991 H=24.91852603 L=24.76686320 C=24.76686320 V=74641600.00000000
[Agent_Features] Generated 18 features for the latest tick.
[Agent] Exploration: Random action: BUY
[Portfolio] Logged Trade: BUY 15.32504448 AAPL @ 24.77. New Cash: 7211.51, New Coins: 125.06428186
[Agent] Received reward: 0.00000000
[NeuralNetworkInterface] Received reward signal: 0.00000000
[Agent] Making decision using full OHLCV data
[Agent] Price data: O=25.15751076 H=25.17129765 L=24.83580312 C=24.84959001 V=103472800.00000000
[Agent_Features] Generated 18 features for the latest tick.
[Agent] Exploration: Random action: SELL
[Portfolio] Logged Trade: SELL 6.25321409 AAPL @ 24.85. New Cash: 7366.90, New Coins: 118.81106776
[Agent] Received reward: 0.00000000
[NeuralNetworkInterface] Received reward signal: 0.00000000
[Agent] Making decision using full OHLCV data
[Agent] Price data: O=25.13452339 H=25.32984702 L=25.09545937 C=25.19197111 V=135177600.00000000
[Agent_Features] Generated 18 features for the latest tick.
[Agent] Exploration: Random action: HOLD
[Agent] Received reward: 0.00000000
[NeuralNetworkInterface] Received reward signal: 0.00000000
[Agent] Making decision using full OHLCV data
[Agent] Price data: O=25.09776306 H=25.13223205 L=24.89554594 C=25.07018752 V=101424000.00000000
[Agent_Features] Generated 18 features for the latest tick.
[Agent] Exploration: Random action: SELL
[Portfolio] Logged Trade: SELL 5.94055339 AAPL @ 25.07. New Cash: 7515.83, New Coins: 112.87051438
[Agent] Received reward: 0.00000000
[NeuralNetworkInterface] Received reward signal: 0.00000000
[Agent] Making decision using full OHLCV data
[Agent] Price data: O=25.06559372 H=25.18508423 L=25.05180507 C=25.10006271 V=87938800.00000000
[Agent_Features] Generated 18 features for the latest tick.
[Agent] Exploration: Random action: BUY
[Portfolio] Logged Trade: BUY 14.97174131 AAPL @ 25.10. New Cash: 7140.04, New Coins: 127.84225568
[Agent] Received reward: 0.00000000
[NeuralNetworkInterface] Received reward signal: 0.00000000
[Agent] Making decision using full OHLCV data
[Agent] Price data: O=25.12993431 H=25.20576573 L=24.90014340 C=24.99435676 V=101472400.00000000
[Agent_Features] Generated 18 features for the latest tick.
[Agent] Exploration: Random action: HOLD
[Agent] Received reward: 0.00000000
[NeuralNetworkInterface] Received reward signal: 0.00000000
[Agent] Making decision using full OHLCV data
[Agent] Price data: O=24.93461227 H=25.07018807 L=24.78294943 C=25.01503874 V=103280800.00000000
[Agent_Features] Generated 18 features for the latest tick.
[Agent] Exploration: Random action: BUY
[Portfolio] Logged Trade: BUY 14.27149752 AAPL @ 25.02. New Cash: 6783.04, New Coins: 142.11375321
[Agent] Received reward: 0.00000000
[NeuralNetworkInterface] Received reward signal: 0.00000000
[Agent] Making decision using full OHLCV data
[Agent] Price data: O=25.01273537 H=25.12073735 L=24.93920236 C=24.95298925 V=85030800.00000000
[Agent_Features] Generated 18 features for the latest tick.
[Agent] Exploration: Random action: SELL
[Portfolio] Logged Trade: SELL 7.10568766 AAPL @ 24.95. New Cash: 6960.35, New Coins: 135.00806555
[Agent] Received reward: 0.00000000
[NeuralNetworkInterface] Received reward signal: 0.00000000
[Agent] Making decision using full OHLCV data
[Agent] Price data: O=24.82431030 H=24.98976003 L=24.74388384 C=24.94839760 V=94700400.00000000
[Agent_Features] Generated 18 features for the latest tick.
[Agent] Exploration: Random action: HOLD
[Agent] Received reward: 0.00000000
[NeuralNetworkInterface] Received reward signal: 0.00000000
[Agent] Making decision using full OHLCV data
[Agent] Price data: O=24.71860504 H=24.78983965 L=24.51409130 C=24.67724261 V=100344800.00000000
[Agent_Features] Generated 18 features for the latest tick.
[Agent] Exploration: Random action: BUY
[Portfolio] Logged Trade: BUY 14.10276558 AAPL @ 24.68. New Cash: 6612.33, New Coins: 149.11083112
[Agent] Received reward: 0.00000000
[NeuralNetworkInterface] Received reward signal: 0.00000000
[Agent] Making decision using full OHLCV data
[Agent] Price data: O=24.57383347 H=24.80592096 L=24.42906411 C=24.68183544 V=111065200.00000000
[Agent_Features] Generated 18 features for the latest tick.
[Agent] Exploration: Random action: BUY
[Portfolio] Logged Trade: BUY 13.39513425 AAPL @ 24.68. New Cash: 6281.71, New Coins: 162.50596537
[Agent] Received reward: 0.00000000
[NeuralNetworkInterface] Received reward signal: 0.00000000
[Agent] Making decision using full OHLCV data
[Agent] Price data: O=24.54626656 H=24.68873756 L=24.42447765 C=24.50030907 V=99881200.00000000
[Agent_Features] Generated 18 features for the latest tick.
[Agent] Exploration: Random action: BUY
[Portfolio] Logged Trade: BUY 12.81966172 AAPL @ 24.50. New Cash: 5967.63, New Coins: 175.32562709
[Agent] Received reward: 0.00000000
[NeuralNetworkInterface] Received reward signal: 0.00000000
[Agent] Making decision using full OHLCV data
[Agent] Price data: O=24.35783195 H=24.47272739 L=24.24293652 C=24.31187448 V=99455600.00000000
[Agent_Features] Generated 18 features for the latest tick.
[Agent] Exploration: Random action: SELL
[Portfolio] Logged Trade: SELL 8.76628135 AAPL @ 24.31. New Cash: 6180.75, New Coins: 166.55934573
[Agent] Received reward: -0.00000000
[NeuralNetworkInterface] Received reward signal: -0.00000000
[Agent] Making decision using full OHLCV data
[Agent] Price data: O=24.38080978 H=24.48881177 L=24.27510620 C=24.27970300 V=118649600.00000000
[Agent_Features] Generated 18 features for the latest tick.
[Agent] Exploration: Random action: BUY
[Portfolio] Logged Trade: BUY 12.72822930 AAPL @ 24.28. New Cash: 5871.71, New Coins: 179.28757504
[Agent] Received reward: 0.00000000
[NeuralNetworkInterface] Received reward signal: 0.00000000
[Agent] Making decision using full OHLCV data
[Agent] Price data: O=24.52558517 H=24.54167047 L=24.27051712 C=24.39000762 V=106806000.00000000
[Agent_Features] Generated 18 features for the latest tick.
[Agent] Exploration: Random action: BUY
[Portfolio] Logged Trade: BUY 12.03713219 AAPL @ 24.39. New Cash: 5578.13, New Coins: 191.32470722
[Agent] Received reward: 0.00000000
[NeuralNetworkInterface] Received reward signal: 0.00000000
[Agent] Making decision using full OHLCV data
[Agent] Price data: O=24.75537300 H=24.81741577 L=24.54626245 C=24.74847780 V=107210000.00000000
[Agent_Features] Generated 18 features for the latest tick.
[Agent] Exploration: Random action: HOLD
[Agent] Received reward: 0.00000000
[NeuralNetworkInterface] Received reward signal: 0.00000000
[Agent] Making decision using full OHLCV data
[Agent] Price data: O=24.74847794 H=24.88635387 L=24.70481886 C=24.79443717 V=107521600.00000000
[Agent_Features] Generated 18 features for the latest tick.
[Agent] Exploration: Random action: HOLD
[Agent] Received reward: 0.00000000
[NeuralNetworkInterface] Received reward signal: 0.00000000
[Agent] Making decision using full OHLCV data
[Agent] Price data: O=24.90014267 H=24.99205938 L=24.60371219 C=24.77835377 V=169457200.00000000
[Agent_Features] Generated 18 features for the latest tick.
[Agent] Exploration: Random action: SELL
[Portfolio] Logged Trade: SELL 9.56623536 AAPL @ 24.78. New Cash: 5815.16, New Coins: 181.75847186
[Agent] Received reward: 0.00000000
[NeuralNetworkInterface] Received reward signal: 0.00000000
[Agent] Making decision using full OHLCV data
[Agent] Price data: O=24.24753380 H=24.64966785 L=24.18319263 C=24.64507281 V=212008000.00000000
[Agent_Features] Generated 18 features for the latest tick.
[Agent] Exploration: Random action: SELL
[Portfolio] Logged Trade: SELL 9.08792359 AAPL @ 24.65. New Cash: 6039.14, New Coins: 172.67054827
[Agent] Received reward: 0.00000000
[NeuralNetworkInterface] Received reward signal: 0.00000000
[Agent] Making decision using full OHLCV data
[Agent] Price data: O=23.69833183 H=24.29349110 L=23.69833183 C=24.04531654 V=186228000.00000000
[Agent_Features] Generated 18 features for the latest tick.
[Agent] Exploration: Random action: SELL
[Portfolio] Logged Trade: SELL 8.63352741 AAPL @ 24.05. New Cash: 6246.73, New Coins: 164.03702086
[Agent] Received reward: 0.00000000
[NeuralNetworkInterface] Received reward signal: 0.00000000
[Agent] Making decision using full OHLCV data
[Agent] Price data: O=24.22914886 H=24.29349003 L=23.56045662 C=23.58803215 V=181171200.00000000
[Agent_Features] Generated 18 features for the latest tick.
[Agent] Exploration: Random action: SELL
[Portfolio] Logged Trade: SELL 8.20185104 AAPL @ 23.59. New Cash: 6440.20, New Coins: 155.83516981
[Agent] Received reward: 0.00000000
[NeuralNetworkInterface] Received reward signal: 0.00000000
[Agent] Making decision using full OHLCV data
[Agent] Price data: O=24.80592155 H=24.99894678 L=24.64277026 C=24.70481477 V=248704800.00000000
[Agent_Features] Generated 18 features for the latest tick.
[Agent] Exploration: Random action: HOLD
[Agent] Received reward: 0.00000000
[NeuralNetworkInterface] Received reward signal: 0.00000000
[Agent] Making decision using full OHLCV data
[Agent] Price data: O=25.68372154 H=25.97325849 L=24.95528500 C=24.98515893 V=443554800.00000000
[Agent_Features] Generated 18 features for the latest tick.
[Agent] Exploration: Random action: BUY
[Portfolio] Logged Trade: BUY 12.88804830 AAPL @ 24.99. New Cash: 6118.19, New Coins: 168.72321811
[Agent] Received reward: 0.00000000
[NeuralNetworkInterface] Received reward signal: 0.00000000
[Agent] Making decision using full OHLCV data
[Agent] Price data: O=26.55693626 H=26.59370365 L=26.07897073 C=26.16399401 V=359934400.00000000
[Agent_Features] Generated 18 features for the latest tick.
[Agent] Exploration: Random action: HOLD
[Agent] Received reward: 0.00000000
[NeuralNetworkInterface] Received reward signal: 0.00000000
[Agent] Making decision using full OHLCV data
[Agent] Price data: O=26.40756607 H=26.68561281 L=26.20535074 C=26.45352530 V=319547600.00000000
[Agent_Features] Generated 18 features for the latest tick.
[Agent] Exploration: Random action: SELL
[Portfolio] Logged Trade: SELL 8.43616091 AAPL @ 26.45. New Cash: 6341.35, New Coins: 160.28705720
[Agent] Received reward: 0.00000000
[NeuralNetworkInterface] Received reward signal: 0.00000000
[Agent] Making decision using full OHLCV data
[Agent] Price data: O=26.09964752 H=26.69710344 L=26.02381611 C=26.46961096 V=188092000.00000000
[Agent_Features] Generated 18 features for the latest tick.
[Agent] Exploration: Random action: SELL
[Portfolio] Logged Trade: SELL 8.01435286 AAPL @ 26.47. New Cash: 6553.49, New Coins: 152.27270434
[Agent] Received reward: 0.00000000
[NeuralNetworkInterface] Received reward signal: 0.00000000
[Agent] Making decision using full OHLCV data
[Agent] Price data: O=26.09735489 H=26.22374060 L=25.85377707 C=25.97786438 V=138057200.00000000
[Agent_Features] Generated 18 features for the latest tick.
[Agent] Exploration: Random action: HOLD
[Agent] Received reward: 0.00000000
[NeuralNetworkInterface] Received reward signal: 0.00000000
[Agent] Making decision using full OHLCV data
[Agent] Price data: O=26.09275436 H=26.19386116 L=25.83768635 C=26.16169057 V=144012800.00000000
[Agent_Features] Generated 18 features for the latest tick.
[Agent] Exploration: Random action: SELL
[Portfolio] Logged Trade: SELL 7.61363522 AAPL @ 26.16. New Cash: 6752.68, New Coins: 144.65906913
[Agent] Received reward: 0.00000000
[NeuralNetworkInterface] Received reward signal: 0.00000000
[Agent] Making decision using full OHLCV data
[Agent] Price data: O=26.33863640 H=26.41216942 L=26.19616539 C=26.27659187 V=124296000.00000000
[Agent_Features] Generated 18 features for the latest tick.
[Agent] Exploration: Random action: SELL
[Portfolio] Logged Trade: SELL 7.23295346 AAPL @ 26.28. New Cash: 6942.73, New Coins: 137.42611567
[Agent] Received reward: 0.00000000
[NeuralNetworkInterface] Received reward signal: 0.00000000
[Agent] Making decision using full OHLCV data
[Agent] Price data: O=25.89972878 H=26.37769421 L=25.63317228 C=26.29267095 V=209924800.00000000
[Agent_Features] Generated 18 features for the latest tick.
[Agent] Exploration: Random action: HOLD
[Agent] Received reward: 0.00000000
[NeuralNetworkInterface] Received reward signal: 0.00000000
[Agent] Making decision using full OHLCV data
[Agent] Price data: O=25.93879890 H=26.05599277 L=25.63317831 C=25.65385865 V=119477600.00000000
[Agent_Features] Generated 18 features for the latest tick.
[Agent] Exploration: Random action: BUY
[Portfolio] Logged Trade: BUY 13.53156028 AAPL @ 25.65. New Cash: 6595.60, New Coins: 150.95767595
[Agent] Received reward: 0.00000000
[NeuralNetworkInterface] Received reward signal: 0.00000000
[Agent] Making decision using full OHLCV data
[Agent] Price data: O=25.98705292 H=26.00773501 L=25.81470974 C=25.96637258 V=98429600.00000000
[Agent_Features] Generated 18 features for the latest tick.
[Agent] Exploration: Random action: BUY
[Portfolio] Logged Trade: BUY 12.70026828 AAPL @ 25.97. New Cash: 6265.82, New Coins: 163.65794424
[Agent] Received reward: 0.00000000
[NeuralNetworkInterface] Received reward signal: 0.00000000
[Agent] Making decision using full OHLCV data
[Agent] Price data: O=26.18466568 H=26.34322192 L=26.06517521 C=26.12492132 V=118564400.00000000
[Agent_Features] Generated 18 features for the latest tick.
[Agent] Exploration: Random action: HOLD
[Agent] Received reward: 0.00000000
[NeuralNetworkInterface] Received reward signal: 0.00000000
[Agent] Making decision using full OHLCV data
[Agent] Price data: O=25.77794266 H=26.15020454 L=25.69062275 C=26.00313851 V=143548000.00000000
[Agent_Features] Generated 18 features for the latest tick.
[Agent] Exploration: Random action: SELL
[Portfolio] Logged Trade: SELL 8.18289721 AAPL @ 26.00. New Cash: 6478.60, New Coins: 155.47504703
[Agent] Received reward: 0.00000000
[NeuralNetworkInterface] Received reward signal: 0.00000000
[Agent] Making decision using full OHLCV data
[Agent] Price data: O=25.97786140 H=26.05139442 L=25.69062279 C=25.84228386 V=145516400.00000000
[Agent_Features] Generated 18 features for the latest tick.
[Agent] Exploration: Random action: HOLD
[Agent] Received reward: 0.00000000
[NeuralNetworkInterface] Received reward signal: 0.00000000
[Agent] Making decision using full OHLCV data
[Agent] Price data: O=25.85606766 H=25.97785829 L=25.80091834 C=25.89972848 V=86807200.00000000
[Agent_Features] Generated 18 features for the latest tick.
[Agent] Exploration: Random action: BUY
[Portfolio] Logged Trade: BUY 12.50707913 AAPL @ 25.90. New Cash: 6154.67, New Coins: 167.98212616
[Agent] Received reward: 0.00000000
[NeuralNetworkInterface] Received reward signal: 0.00000000
[Agent] Making decision using full OHLCV data
[Agent] Price data: O=25.96637154 H=26.26739705 L=25.88134827 C=25.98015843 V=118947200.00000000
[Agent_Features] Generated 18 features for the latest tick.
[Agent] Exploration: Random action: SELL
[Portfolio] Logged Trade: SELL 8.39910631 AAPL @ 25.98. New Cash: 6372.88, New Coins: 159.58301985
[Agent] Received reward: 0.00000000
[NeuralNetworkInterface] Received reward signal: 0.00000000
[Agent] Making decision using full OHLCV data
[Agent] Price data: O=25.97786140 H=26.11803399 L=25.89513654 C=26.05828787 V=85812400.00000000
[Agent_Features] Generated 18 features for the latest tick.
[Agent] Exploration: Random action: HOLD
[Agent] Received reward: 0.00000000
[NeuralNetworkInterface] Received reward signal: 0.00000000
[Agent] Making decision using full OHLCV data
[Agent] Price data: O=26.17088318 H=26.27428837 L=25.99624162 C=26.12722235 V=115117200.00000000
[Agent_Features] Generated 18 features for the latest tick.
[Agent] Exploration: Random action: HOLD
[Agent] Received reward: 0.00000000
[NeuralNetworkInterface] Received reward signal: 0.00000000
[Agent] Making decision using full OHLCV data
[Agent] Price data: O=26.20994568 H=26.32484111 L=26.08356175 C=26.26739340 V=97433600.00000000
[Agent_Features] Generated 18 features for the latest tick.
[Agent] Exploration: Random action: BUY
[Portfolio] Logged Trade: BUY 12.13077966 AAPL @ 26.27. New Cash: 6054.24, New Coins: 171.71379952
[Agent] Received reward: 0.00000000
[NeuralNetworkInterface] Received reward signal: 0.00000000
[Agent] Making decision using full OHLCV data
[Agent] Price data: O=26.66723824 H=26.82809119 L=26.36161588 C=26.43055210 V=144944000.00000000
[Agent_Features] Generated 18 features for the latest tick.
[Agent] Exploration: Random action: SELL
[Portfolio] Logged Trade: SELL 8.58568998 AAPL @ 26.43. New Cash: 6281.16, New Coins: 163.12810954
[Agent] Received reward: -0.00000000
[NeuralNetworkInterface] Received reward signal: -0.00000000
[Agent] Making decision using full OHLCV data
[Agent] Price data: O=26.72468376 H=27.27388390 L=26.70170327 C=27.04638964 V=256164000.00000000
[Agent_Features] Generated 18 features for the latest tick.
[Agent] Exploration: Random action: HOLD
[Agent] Received reward: 0.00000000
[NeuralNetworkInterface] Received reward signal: 0.00000000
[Agent] Making decision using full OHLCV data
[Agent] Price data: O=26.96366310 H=27.11073089 L=26.82808731 C=26.96596150 V=150347200.00000000
[Agent_Features] Generated 18 features for the latest tick.
[Agent] Exploration: Random action: HOLD
[Agent] Received reward: 0.00000000
[NeuralNetworkInterface] Received reward signal: 0.00000000
[Agent] Making decision using full OHLCV data
[Agent] Price data: O=26.88093567 H=26.98663925 L=26.59139869 C=26.83727484 V=140769600.00000000
[Agent_Features] Generated 18 features for the latest tick.
[Agent] Exploration: Random action: HOLD
[Agent] Received reward: 0.00000000
[NeuralNetworkInterface] Received reward signal: 0.00000000
[Agent] Making decision using full OHLCV data
[Agent] Price data: O=27.03030396 H=27.15439126 L=26.91540850 C=27.08775168 V=142608800.00000000
[Agent_Features] Generated 18 features for the latest tick.
[Agent] Exploration: Random action: SELL
[Portfolio] Logged Trade: SELL 8.15640548 AAPL @ 27.09. New Cash: 6502.10, New Coins: 154.97170406
[Agent] Received reward: 0.00000000
[NeuralNetworkInterface] Received reward signal: 0.00000000
[Agent] Making decision using full OHLCV data
[Agent] Price data: O=27.01192093 H=27.07855875 L=26.83498095 C=26.96136665 V=94499600.00000000
[Agent_Features] Generated 18 features for the latest tick.
[Agent] Exploration: Random action: HOLD
[Agent] Received reward: 0.00000000
[NeuralNetworkInterface] Received reward signal: 0.00000000
[Agent] Making decision using full OHLCV data
[Agent] Price data: O=26.99353409 H=27.16357884 L=26.98893729 C=27.15668540 V=98214000.00000000
[Agent_Features] Generated 18 features for the latest tick.
[Agent] Exploration: Random action: BUY
[Portfolio] Logged Trade: BUY 11.97145084 AAPL @ 27.16. New Cash: 6176.99, New Coins: 166.94315490
[Agent] Received reward: -0.00000000
[NeuralNetworkInterface] Received reward signal: -0.00000000
[Agent] Making decision using full OHLCV data
[Agent] Price data: O=26.91310883 H=27.06017485 L=26.15020316 C=26.94298101 V=80138400.00000000
[Agent_Features] Generated 18 features for the latest tick.
[Agent] Exploration: Random action: BUY
[Portfolio] Logged Trade: BUY 11.46308487 AAPL @ 26.94. New Cash: 5868.14, New Coins: 178.40623977
[Agent] Received reward: 0.00000000
[NeuralNetworkInterface] Received reward signal: 0.00000000
[Agent] Making decision using full OHLCV data
[Agent] Price data: O=26.89932632 H=26.97285935 L=26.73157992 C=26.85336884 V=96503200.00000000
[Agent_Features] Generated 18 features for the latest tick.
[Agent] Exploration: Random action: BUY
[Portfolio] Logged Trade: BUY 10.92627133 AAPL @ 26.85. New Cash: 5574.74, New Coins: 189.33251110
[Agent] Received reward: 0.00000000
[NeuralNetworkInterface] Received reward signal: 0.00000000
[Agent] Making decision using full OHLCV data
[Agent] Price data: O=26.79361343 H=26.86484979 L=26.72008043 C=26.84186930 V=92770800.00000000
[Agent_Features] Generated 18 features for the latest tick.
[Agent] Exploration: Random action: HOLD
[Agent] Received reward: 0.00000000
[NeuralNetworkInterface] Received reward signal: 0.00000000
[Agent] Making decision using full OHLCV data
[Agent] Price data: O=27.03489876 H=27.05557910 L=26.88553433 C=26.90851307 V=94154800.00000000
[Agent_Features] Generated 18 features for the latest tick.
[Agent] Exploration: Random action: SELL
[Portfolio] Logged Trade: SELL 9.46662556 AAPL @ 26.91. New Cash: 5829.47, New Coins: 179.86588555
[Agent] Received reward: -0.00000000
[NeuralNetworkInterface] Received reward signal: -0.00000000
[Agent] Making decision using full OHLCV data
[Agent] Price data: O=27.17277527 H=27.19805241 L=26.95677125 C=27.10383729 V=192516000.00000000
[Agent_Features] Generated 18 features for the latest tick.
[Agent] Exploration: Random action: BUY
[Portfolio] Logged Trade: BUY 10.75395606 AAPL @ 27.10. New Cash: 5538.00, New Coins: 190.61984160
[Agent] Received reward: 0.00000000
[NeuralNetworkInterface] Received reward signal: 0.00000000
[Agent] Making decision using full OHLCV data
[Agent] Price data: O=26.56152344 H=26.58680057 L=26.03760058 C=26.26739143 V=264536800.00000000
[Agent_Features] Generated 18 features for the latest tick.
[Agent] Exploration: Random action: SELL
[Portfolio] Logged Trade: SELL 9.53099208 AAPL @ 26.27. New Cash: 5788.35, New Coins: 181.08884952
[Agent] Received reward: 0.00000000
[NeuralNetworkInterface] Received reward signal: 0.00000000
[Agent] Making decision using full OHLCV data
[Agent] Price data: O=26.30646515 H=26.62357599 L=26.21914348 C=26.51557397 V=138248000.00000000
[Agent_Features] Generated 18 features for the latest tick.
[Agent] Exploration: Random action: SELL
[Portfolio] Logged Trade: SELL 9.05444248 AAPL @ 26.52. New Cash: 6028.43, New Coins: 172.03440705
[Agent] Received reward: 0.00000000
[NeuralNetworkInterface] Received reward signal: 0.00000000
[Agent] Making decision using full OHLCV data
[Agent] Price data: O=26.13182068 H=26.47420862 L=26.06977616 C=26.16628966 V=151446800.00000000
[Agent_Features] Generated 18 features for the latest tick.
[Agent] Exploration: Random action: HOLD
[Agent] Received reward: 0.00000000
[NeuralNetworkInterface] Received reward signal: 0.00000000
[Agent] Making decision using full OHLCV data
[Agent] Price data: O=26.09046173 H=26.24901803 L=26.01233191 C=26.11573887 V=105677600.00000000
[Agent_Features] Generated 18 features for the latest tick.
[Agent] Exploration: Random action: SELL
[Portfolio] Logged Trade: SELL 8.60172035 AAPL @ 26.12. New Cash: 6253.07, New Coins: 163.43268669
[Agent] Received reward: 0.00000000
[NeuralNetworkInterface] Received reward signal: 0.00000000
[Agent] Making decision using full OHLCV data
[Agent] Price data: O=25.61938858 H=26.14331159 L=25.39878951 C=26.07207696 V=175303200.00000000
[Agent_Features] Generated 18 features for the latest tick.
[Agent] Exploration: Random action: SELL
[Portfolio] Logged Trade: SELL 8.17163433 AAPL @ 26.07. New Cash: 6466.13, New Coins: 155.26105236
[Agent] Received reward: 0.00000000
[NeuralNetworkInterface] Received reward signal: 0.00000000
[Agent] Making decision using full OHLCV data
[Agent] Price data: O=25.64236259 H=25.81700415 L=25.55963949 C=25.59870352 V=113326800.00000000
[Agent_Features] Generated 18 features for the latest tick.
[Agent] Exploration: Random action: BUY
[Portfolio] Logged Trade: BUY 12.62979163 AAPL @ 25.60. New Cash: 6142.82, New Coins: 167.89084399
[Agent] Received reward: 0.00000000
[NeuralNetworkInterface] Received reward signal: 0.00000000
[Agent] Making decision using full OHLCV data
[Agent] Price data: O=25.36751175 H=25.74399335 L=25.30284024 C=25.63312840 V=107730400.00000000
[Agent_Features] Generated 18 features for the latest tick.
[Agent] Exploration: Random action: BUY
[Portfolio] Logged Trade: BUY 11.98218852 AAPL @ 25.63. New Cash: 5835.68, New Coins: 179.87303251
[Agent] Received reward: 0.00000000
[NeuralNetworkInterface] Received reward signal: 0.00000000
[Agent] Making decision using full OHLCV data
[Agent] Price data: O=25.13885498 H=25.46452458 L=24.97024732 C=25.06725461 V=123348000.00000000
[Agent_Features] Generated 18 features for the latest tick.
[Agent] Exploration: Random action: BUY
[Portfolio] Logged Trade: BUY 11.64004326 AAPL @ 25.07. New Cash: 5543.89, New Coins: 191.51307577
[Agent] Received reward: 0.00000000
[NeuralNetworkInterface] Received reward signal: 0.00000000
[Agent] Making decision using full OHLCV data
[Agent] Price data: O=25.50147820 H=25.52457491 L=25.28205495 C=25.42525743 V=130240000.00000000
[Agent_Features] Generated 18 features for the latest tick.
[Agent] Exploration: Random action: SELL
[Portfolio] Logged Trade: SELL 9.57565379 AAPL @ 25.43. New Cash: 5787.36, New Coins: 181.93742198
[Agent] Received reward: 0.00000000
[NeuralNetworkInterface] Received reward signal: 0.00000000
[Agent] Making decision using full OHLCV data
[Agent] Price data: O=25.65160370 H=25.80404520 L=25.33748343 C=25.47837569 V=97016800.00000000
[Agent_Features] Generated 18 features for the latest tick.
[Agent] Exploration: Random action: SELL
[Portfolio] Logged Trade: SELL 9.09687110 AAPL @ 25.48. New Cash: 6019.13, New Coins: 172.84055088
[Agent] Received reward: 0.00000000
[NeuralNetworkInterface] Received reward signal: 0.00000000
[Agent] Making decision using full OHLCV data
[Agent] Price data: O=25.61002922 H=25.71165689 L=24.95638351 C=25.37905853 V=236705600.00000000
[Agent_Features] Generated 18 features for the latest tick.
[Agent] Exploration: Random action: SELL
[Portfolio] Logged Trade: SELL 8.64202754 AAPL @ 25.38. New Cash: 6238.46, New Coins: 164.19852334
[Agent] Received reward: 0.00000000
[NeuralNetworkInterface] Received reward signal: 0.00000000
[Agent] Making decision using full OHLCV data
[Agent] Price data: O=24.89632988 H=25.65853207 L=24.44362756 C=25.65853207 V=228538000.00000000
[Agent_Features] Generated 18 features for the latest tick.
[Agent] Exploration: Random action: SELL
[Portfolio] Logged Trade: SELL 8.20992617 AAPL @ 25.66. New Cash: 6449.11, New Coins: 155.98859717
[Agent] Received reward: 0.00000000
[NeuralNetworkInterface] Received reward signal: 0.00000000
[Agent] Making decision using full OHLCV data
[Agent] Price data: O=25.04415321 H=25.14578089 L=24.60992893 C=24.74158216 V=136575600.00000000
[Agent_Features] Generated 18 features for the latest tick.
[Agent] Exploration: Random action: SELL
[Portfolio] Logged Trade: SELL 7.79942986 AAPL @ 24.74. New Cash: 6642.08, New Coins: 148.18916731
[Agent] Received reward: -0.00000000
[NeuralNetworkInterface] Received reward signal: -0.00000000
[Agent] Making decision using full OHLCV data
[Agent] Price data: O=24.41590881 H=24.90094686 L=24.03942726 C=24.87785014 V=204702000.00000000
[Agent_Features] Generated 18 features for the latest tick.
[Agent] Exploration: Random action: HOLD
[Agent] Received reward: 0.00000000
[NeuralNetworkInterface] Received reward signal: 0.00000000
[Agent] Making decision using full OHLCV data
[Agent] Price data: O=24.73927307 H=24.87092631 L=24.51985160 C=24.61454868 V=129058000.00000000
[Agent_Features] Generated 18 features for the latest tick.
[Agent] Exploration: Random action: HOLD
[Agent] Received reward: 0.00000000
[NeuralNetworkInterface] Received reward signal: 0.00000000
[Agent] Making decision using full OHLCV data
[Agent] Price data: O=25.40447044 H=25.45990469 L=24.62147980 C=24.64457652 V=235362000.00000000
[Agent_Features] Generated 18 features for the latest tick.
[Agent] Exploration: Random action: SELL
[Portfolio] Logged Trade: SELL 7.40945837 AAPL @ 24.64. New Cash: 6824.69, New Coins: 140.77970895
[Agent] Received reward: 0.00000000
[NeuralNetworkInterface] Received reward signal: 0.00000000
[Agent] Making decision using full OHLCV data
[Agent] Price data: O=25.39522552 H=25.48761415 L=25.13653949 C=25.36288977 V=110528000.00000000
[Agent_Features] Generated 18 features for the latest tick.
[Agent] Exploration: Random action: BUY
[Portfolio] Logged Trade: BUY 13.45407805 AAPL @ 25.36. New Cash: 6483.45, New Coins: 154.23378700
[Agent] Received reward: -0.00000000
[NeuralNetworkInterface] Received reward signal: -0.00000000
[Agent] Making decision using full OHLCV data
[Agent] Price data: O=25.42062950 H=25.53149619 L=25.32824265 C=25.34210033 V=113715600.00000000
[Agent_Features] Generated 18 features for the latest tick.
[Agent] Exploration: Random action: HOLD
[Agent] Received reward: 0.00000000
[NeuralNetworkInterface] Received reward signal: 0.00000000
[Agent] Making decision using full OHLCV data
[Agent] Price data: O=25.80635262 H=25.86640372 L=25.40908280 C=25.43448971 V=117058400.00000000
[Agent_Features] Generated 18 features for the latest tick.
[Agent] Exploration: Random action: BUY
[Portfolio] Logged Trade: BUY 12.74539365 AAPL @ 25.43. New Cash: 6159.28, New Coins: 166.97918065
[Agent] Received reward: -0.00000000
[NeuralNetworkInterface] Received reward signal: -0.00000000
[Agent] Making decision using full OHLCV data
[Agent] Price data: O=25.82252312 H=25.96572381 L=25.73013449 C=25.85716731 V=103862000.00000000
[Agent_Features] Generated 18 features for the latest tick.
[Agent] Exploration: Random action: SELL
[Portfolio] Logged Trade: SELL 8.34895903 AAPL @ 25.86. New Cash: 6375.16, New Coins: 158.63022161
[Agent] Received reward: -0.00000000
[NeuralNetworkInterface] Received reward signal: -0.00000000
[Agent] Making decision using full OHLCV data
[Agent] Price data: O=25.69087219 H=25.75554371 L=25.48299821 C=25.72089775 V=109705600.00000000
[Agent_Features] Generated 18 features for the latest tick.
[Agent] Exploration: Random action: SELL
[Portfolio] Logged Trade: SELL 7.93151108 AAPL @ 25.72. New Cash: 6579.17, New Coins: 150.69871053
[Agent] Received reward: 0.00000000
[NeuralNetworkInterface] Received reward signal: 0.00000000
[Agent] Making decision using full OHLCV data
[Agent] Price data: O=25.82021523 H=25.83869330 L=25.62619892 C=25.66777371 V=45903600.00000000
[Agent_Features] Generated 18 features for the latest tick.
[Agent] Exploration: Random action: SELL
[Portfolio] Logged Trade: SELL 7.53493553 AAPL @ 25.67. New Cash: 6772.57, New Coins: 143.16377501
[Agent] Received reward: 0.00000000
[NeuralNetworkInterface] Received reward signal: 0.00000000
[Agent] Making decision using full OHLCV data
[Agent] Price data: O=25.76940155 H=25.97727554 L=25.72782675 C=25.73706579 V=108776000.00000000
[Agent_Features] Generated 18 features for the latest tick.
[Agent] Exploration: Random action: SELL
[Portfolio] Logged Trade: SELL 7.15818875 AAPL @ 25.74. New Cash: 6956.80, New Coins: 136.00558626
[Agent] Received reward: 0.00000000
[NeuralNetworkInterface] Received reward signal: 0.00000000
[Agent] Making decision using full OHLCV data
[Agent] Price data: O=25.74399185 H=25.87564507 L=25.42294275 C=25.58693172 V=114115200.00000000
[Agent_Features] Generated 18 features for the latest tick.
[Agent] Exploration: Random action: SELL
[Portfolio] Logged Trade: SELL 6.80027931 AAPL @ 25.59. New Cash: 7130.80, New Coins: 129.20530694
[Agent] Received reward: 0.00000000
[NeuralNetworkInterface] Received reward signal: 0.00000000
[Agent] Making decision using full OHLCV data
[Agent] Price data: O=25.52688217 H=25.91491304 L=25.46913949 C=25.77633096 V=144649200.00000000
[Agent_Features] Generated 18 features for the latest tick.
[Agent] Exploration: Random action: BUY
[Portfolio] Logged Trade: BUY 13.83206786 AAPL @ 25.78. New Cash: 6774.26, New Coins: 143.03737480
[Agent] Received reward: -0.00000000
[NeuralNetworkInterface] Received reward signal: -0.00000000
[Agent] Making decision using full OHLCV data
[Agent] Price data: O=25.28898048 H=25.62388904 L=25.18273418 C=25.49223582 V=148347600.00000000
[Agent_Features] Generated 18 features for the latest tick.
[Agent] Exploration: Random action: SELL
[Portfolio] Logged Trade: SELL 7.15186874 AAPL @ 25.49. New Cash: 6956.58, New Coins: 135.88550606
[Agent] Received reward: 0.00000000
[NeuralNetworkInterface] Received reward signal: 0.00000000
[Agent] Making decision using full OHLCV data
[Agent] Price data: O=25.38367653 H=25.42755976 L=25.14115662 C=25.21506717 V=106112000.00000000
[Agent_Features] Generated 18 features for the latest tick.
[Agent] Exploration: Random action: SELL
[Portfolio] Logged Trade: SELL 6.79427530 AAPL @ 25.22. New Cash: 7127.89, New Coins: 129.09123076
[Agent] Received reward: 0.00000000
[NeuralNetworkInterface] Received reward signal: 0.00000000
[Agent] Making decision using full OHLCV data
[Agent] Price data: O=25.20121002 H=25.41370262 L=25.00257510 C=25.40677378 V=137298000.00000000
[Agent_Features] Generated 18 features for the latest tick.
[Agent] Exploration: Random action: HOLD
[Agent] Received reward: 0.00000000
[NeuralNetworkInterface] Received reward signal: 0.00000000
[Agent] Making decision using full OHLCV data
[Agent] Price data: O=25.39522552 H=25.48992435 L=25.21968908 C=25.29128942 V=104782000.00000000
[Agent_Features] Generated 18 features for the latest tick.
[Agent] Exploration: Random action: SELL
[Portfolio] Logged Trade: SELL 6.45456154 AAPL @ 25.29. New Cash: 7291.14, New Coins: 122.63666922
[Agent] Received reward: 0.00000000
[NeuralNetworkInterface] Received reward signal: 0.00000000
[Agent] Making decision using full OHLCV data
[Agent] Price data: O=25.64467812 H=25.68163428 L=25.21276401 C=25.23586073 V=119994800.00000000
[Agent_Features] Generated 18 features for the latest tick.
[Agent] Exploration: Random action: BUY
[Portfolio] Logged Trade: BUY 14.44598763 AAPL @ 25.24. New Cash: 6926.58, New Coins: 137.08265686
[Agent] Received reward: 0.00000000
[NeuralNetworkInterface] Received reward signal: 0.00000000
[Agent] Making decision using full OHLCV data
[Agent] Price data: O=25.89644241 H=25.96804279 L=25.54536587 C=25.60541876 V=108273200.00000000
[Agent_Features] Generated 18 features for the latest tick.
[Agent] Exploration: Random action: HOLD
[Agent] Received reward: 0.00000000
[NeuralNetworkInterface] Received reward signal: 0.00000000
[Agent] Making decision using full OHLCV data
[Agent] Price data: O=26.31910515 H=26.49233314 L=25.94031342 C=25.94031342 V=137610400.00000000
[Agent_Features] Generated 18 features for the latest tick.
[Agent] Exploration: Random action: SELL
[Portfolio] Logged Trade: SELL 6.85413284 AAPL @ 25.94. New Cash: 7104.38, New Coins: 130.22852401
[Agent] Received reward: 0.00000000
[NeuralNetworkInterface] Received reward signal: 0.00000000
[Agent] Making decision using full OHLCV data
[Agent] Price data: O=26.16897774 H=26.56162717 L=25.98189030 C=26.16666754 V=105497600.00000000
[Agent_Features] Generated 18 features for the latest tick.
[Agent] Exploration: Random action: BUY
[Portfolio] Logged Trade: BUY 13.57524807 AAPL @ 26.17. New Cash: 6749.16, New Coins: 143.80377209
[Agent] Received reward: 0.00000000
[NeuralNetworkInterface] Received reward signal: 0.00000000
[Agent] Making decision using full OHLCV data
[Agent] Price data: O=26.60552025 H=26.77412790 L=26.27292182 C=26.29370834 V=174935200.00000000
[Agent_Features] Generated 18 features for the latest tick.
[Agent] Exploration: Random action: HOLD
[Agent] Received reward: 0.00000000
[NeuralNetworkInterface] Received reward signal: 0.00000000
[Agent] Making decision using full OHLCV data
[Agent] Price data: O=26.60552025 H=26.83879943 L=26.55701660 C=26.57087428 V=136127200.00000000
[Agent_Features] Generated 18 features for the latest tick.
[Agent] Exploration: Random action: BUY
[Portfolio] Logged Trade: BUY 12.70029918 AAPL @ 26.57. New Cash: 6411.70, New Coins: 156.50407127
[Agent] Received reward: 0.00000000
[NeuralNetworkInterface] Received reward signal: 0.00000000
[Agent] Making decision using full OHLCV data
[Agent] Price data: O=26.75102425 H=26.96120841 L=26.61475239 C=26.64939658 V=186098000.00000000
[Agent_Features] Generated 18 features for the latest tick.
[Agent] Exploration: Random action: BUY
[Portfolio] Logged Trade: BUY 12.02973393 AAPL @ 26.65. New Cash: 6091.12, New Coins: 168.53380520
[Agent] Received reward: 0.00000000
[NeuralNetworkInterface] Received reward signal: 0.00000000
[Agent] Making decision using full OHLCV data
[Agent] Price data: O=26.78566742 H=26.90808159 L=26.71175688 C=26.90115275 V=177404400.00000000
[Agent_Features] Generated 18 features for the latest tick.
[Agent] Exploration: Random action: SELL
[Portfolio] Logged Trade: SELL 8.42669026 AAPL @ 26.90. New Cash: 6317.81, New Coins: 160.10711494
[Agent] Received reward: 0.00000000
[NeuralNetworkInterface] Received reward signal: 0.00000000
[Agent] Making decision using full OHLCV data
[Agent] Price data: O=26.94042206 H=27.11133988 L=26.73485828 C=26.74640752 V=111117600.00000000
[Agent_Features] Generated 18 features for the latest tick.
[Agent] Exploration: Random action: SELL
[Portfolio] Logged Trade: SELL 8.00535575 AAPL @ 26.75. New Cash: 6531.92, New Coins: 152.10175919
[Agent] Received reward: 0.00000000
[NeuralNetworkInterface] Received reward signal: 0.00000000
[Agent] Making decision using full OHLCV data
[Agent] Price data: O=27.01202583 H=27.13906044 L=26.94966451 C=26.96352219 V=85700000.00000000
[Agent_Features] Generated 18 features for the latest tick.
[Agent] Exploration: Random action: SELL
[Portfolio] Logged Trade: SELL 7.60508796 AAPL @ 26.96. New Cash: 6736.98, New Coins: 144.49667123
[Agent] Received reward: 0.00000000
[NeuralNetworkInterface] Received reward signal: 0.00000000
[Agent] Making decision using full OHLCV data
[Agent] Price data: O=27.03743172 H=27.11596268 L=26.97276020 C=26.97738060 V=95132800.00000000
[Agent_Features] Generated 18 features for the latest tick.
[Agent] Exploration: Random action: BUY
[Portfolio] Logged Trade: BUY 12.48634940 AAPL @ 26.98. New Cash: 6400.13, New Coins: 156.98302063
[Agent] Received reward: 0.00000000
[NeuralNetworkInterface] Received reward signal: 0.00000000
[Agent] Making decision using full OHLCV data
[Agent] Price data: O=26.85958099 H=26.91039483 L=26.70944970 C=26.87343867 V=104343600.00000000
[Agent_Features] Generated 18 features for the latest tick.
[Agent] Exploration: Random action: SELL
[Portfolio] Logged Trade: SELL 7.84915103 AAPL @ 26.87. New Cash: 6611.06, New Coins: 149.13386960
[Agent] Received reward: 0.00000000
[NeuralNetworkInterface] Received reward signal: 0.00000000
[Agent] Making decision using full OHLCV data
[Agent] Price data: O=26.91270447 H=26.91270447 L=26.69790165 C=26.69790165 V=56998000.00000000
[Agent_Features] Generated 18 features for the latest tick.
[Agent] Exploration: Random action: HOLD
[Agent] Received reward: 0.00000000
[NeuralNetworkInterface] Received reward signal: 0.00000000
[Agent] Making decision using full OHLCV data
[Agent] Price data: O=27.08362198 H=27.20834636 L=26.90577357 C=26.91270241 V=73187600.00000000
[Agent_Features] Generated 18 features for the latest tick.
[Agent] Exploration: Random action: BUY
[Portfolio] Logged Trade: BUY 12.28242445 AAPL @ 26.91. New Cash: 6280.51, New Coins: 161.41629405
[Agent] Received reward: 0.00000000
[NeuralNetworkInterface] Received reward signal: 0.00000000
[Agent] Making decision using full OHLCV data
[Agent] Price data: O=26.96813965 H=27.25916146 L=26.83879486 C=27.14367611 V=83623600.00000000
[Agent_Features] Generated 18 features for the latest tick.
[Agent] Exploration: Random action: SELL
[Portfolio] Logged Trade: SELL 8.07081470 AAPL @ 27.14. New Cash: 6499.58, New Coins: 153.34547935
[Agent] Received reward: 0.00000000
[NeuralNetworkInterface] Received reward signal: 0.00000000
[Agent] Making decision using full OHLCV data
[Agent] Price data: O=26.96121025 H=27.04897848 L=26.88498950 C=26.89653698 V=60158000.00000000
[Agent_Features] Generated 18 features for the latest tick.
[Agent] Exploration: Random action: BUY
[Portfolio] Logged Trade: BUY 12.08256482 AAPL @ 26.90. New Cash: 6174.60, New Coins: 165.42804416
[Agent] Received reward: 0.00000000
[NeuralNetworkInterface] Received reward signal: 0.00000000
[Agent] Making decision using full OHLCV data
[Agent] Price data: O=26.75102425 H=27.06976315 L=26.66094582 C=26.94273033 V=122345200.00000000
[Agent_Features] Generated 18 features for the latest tick.
[Agent] Exploration: Random action: HOLD
[Agent] Received reward: 0.00000000
[NeuralNetworkInterface] Received reward signal: 0.00000000
[Agent] Making decision using full OHLCV data
[Agent] Price data: O=26.82724380 H=26.86881860 L=26.50619471 C=26.74640442 V=115127600.00000000
[Agent_Features] Generated 18 features for the latest tick.
[Agent] Exploration: Random action: HOLD
[Agent] Received reward: 0.00000000
[NeuralNetworkInterface] Received reward signal: 0.00000000
[Agent] Making decision using full OHLCV data
[Agent] Price data: O=26.79721451 H=26.91039140 L=26.73485321 C=26.75794992 V=84472400.00000000
[Agent_Features] Generated 18 features for the latest tick.
[Agent] Exploration: Random action: SELL
[Portfolio] Logged Trade: SELL 8.27140221 AAPL @ 26.76. New Cash: 6395.93, New Coins: 157.15664196
[Agent] Received reward: 0.00000000
[NeuralNetworkInterface] Received reward signal: 0.00000000
[Agent] Making decision using full OHLCV data
[Agent] Price data: O=26.93349075 H=26.99123342 L=26.74871351 C=26.77412042 V=88774400.00000000
[Agent_Features] Generated 18 features for the latest tick.
[Agent] Exploration: Random action: HOLD
[Agent] Received reward: 0.00000000
[NeuralNetworkInterface] Received reward signal: 0.00000000
[Agent] Making decision using full OHLCV data
[Agent] Price data: O=27.23375702 H=27.29149970 L=26.90115864 C=26.97275899 V=127007600.00000000
[Agent_Features] Generated 18 features for the latest tick.
[Agent] Exploration: Random action: HOLD
[Agent] Received reward: 0.00000000
[NeuralNetworkInterface] Received reward signal: 0.00000000
[Agent] Making decision using full OHLCV data
[Agent] Price data: O=27.48320580 H=27.58483348 L=27.24068759 C=27.24299603 V=134247600.00000000
[Agent_Features] Generated 18 features for the latest tick.
[Agent] Exploration: Random action: BUY
[Portfolio] Logged Trade: BUY 11.73866787 AAPL @ 27.24. New Cash: 6076.13, New Coins: 168.89530982
[Agent] Received reward: 0.00000000
[NeuralNetworkInterface] Received reward signal: 0.00000000
[Agent] Making decision using full OHLCV data
[Agent] Price data: O=27.51091957 H=27.57328088 L=27.32383387 C=27.43238862 V=97848400.00000000
[Agent_Features] Generated 18 features for the latest tick.
[Agent] Exploration: Random action: HOLD
[Agent] Received reward: 0.00000000
[NeuralNetworkInterface] Received reward signal: 0.00000000
[Agent] Making decision using full OHLCV data
[Agent] Price data: O=27.65874672 H=27.70032152 L=27.39313001 C=27.42546577 V=110354400.00000000
[Agent_Features] Generated 18 features for the latest tick.
[Agent] Exploration: Random action: HOLD
[Agent] Received reward: 0.00000000
[NeuralNetworkInterface] Received reward signal: 0.00000000
[Agent] Making decision using full OHLCV data
[Agent] Price data: O=27.54325294 H=27.55480218 L=27.30304323 C=27.46241356 V=108344800.00000000
[Agent_Features] Generated 18 features for the latest tick.
[Agent] Exploration: Random action: SELL
[Portfolio] Logged Trade: SELL 8.44476549 AAPL @ 27.46. New Cash: 6308.05, New Coins: 160.45054433
[Agent] Received reward: 0.00000000
[NeuralNetworkInterface] Received reward signal: 0.00000000
[Agent] Making decision using full OHLCV data
[Agent] Price data: O=27.49475098 H=27.62871440 L=27.44162694 C=27.51091885 V=104447600.00000000
[Agent_Features] Generated 18 features for the latest tick.
[Agent] Exploration: Random action: SELL
[Portfolio] Logged Trade: SELL 8.02252722 AAPL @ 27.51. New Cash: 6528.75, New Coins: 152.42801711
[Agent] Received reward: 0.00000000
[NeuralNetworkInterface] Received reward signal: 0.00000000
[Agent] Making decision using full OHLCV data
[Agent] Price data: O=27.71648598 H=27.77191846 L=27.30535838 C=27.33307374 V=137759200.00000000
[Agent_Features] Generated 18 features for the latest tick.
[Agent] Exploration: Random action: HOLD
[Agent] Received reward: 0.00000000
[NeuralNetworkInterface] Received reward signal: 0.00000000
[Agent] Making decision using full OHLCV data
[Agent] Price data: O=27.71417427 H=27.83196982 L=27.64950276 C=27.71648447 V=94852000.00000000
[Agent_Features] Generated 18 features for the latest tick.
[Agent] Exploration: Random action: BUY
[Portfolio] Logged Trade: BUY 11.77774531 AAPL @ 27.72. New Cash: 6202.32, New Coins: 164.20576242
[Agent] Received reward: 0.00000000
[NeuralNetworkInterface] Received reward signal: 0.00000000
[Agent] Making decision using full OHLCV data
[Agent] Price data: O=27.66567039 H=27.73727075 L=27.57097332 C=27.57790216 V=102389200.00000000
[Agent_Features] Generated 18 features for the latest tick.
[Agent] Exploration: Random action: HOLD
[Agent] Received reward: 0.00000000
[NeuralNetworkInterface] Received reward signal: 0.00000000
[Agent] Making decision using full OHLCV data
[Agent] Price data: O=27.71648598 H=27.82042209 L=27.65412466 C=27.82042209 V=130391600.00000000
[Agent_Features] Generated 18 features for the latest tick.
[Agent] Exploration: Random action: SELL
[Portfolio] Logged Trade: SELL 8.21028812 AAPL @ 27.82. New Cash: 6430.73, New Coins: 155.99547430
[Agent] Received reward: 0.00000000
[NeuralNetworkInterface] Received reward signal: 0.00000000
[Agent] Making decision using full OHLCV data
[Agent] Price data: O=27.73494911 H=27.90355666 L=27.66334703 C=27.71647104 V=88200800.00000000
[Agent_Features] Generated 18 features for the latest tick.
[Agent] Exploration: Random action: SELL
[Portfolio] Logged Trade: SELL 7.79977371 AAPL @ 27.72. New Cash: 6646.91, New Coins: 148.19570058
[Agent] Received reward: 0.00000000
[NeuralNetworkInterface] Received reward signal: 0.00000000
[Agent] Making decision using full OHLCV data
[Agent] Price data: O=27.70955849 H=27.73958405 L=27.60100196 C=27.61255120 V=92844000.00000000
[Agent_Features] Generated 18 features for the latest tick.
[Agent] Exploration: Random action: HOLD
[Agent] Received reward: 0.00000000
[NeuralNetworkInterface] Received reward signal: 0.00000000
[Agent] Making decision using full OHLCV data
[Agent] Price data: O=28.15070915 H=28.20152299 L=27.78115637 C=27.81349213 V=129510400.00000000
[Agent_Features] Generated 18 features for the latest tick.
[Agent] Exploration: Random action: BUY
[Portfolio] Logged Trade: BUY 11.94907862 AAPL @ 27.81. New Cash: 6314.57, New Coins: 160.14477921
[Agent] Received reward: 0.00000000
[NeuralNetworkInterface] Received reward signal: 0.00000000
[Agent] Making decision using full OHLCV data
[Agent] Price data: O=28.16456223 H=28.28004755 L=28.08603129 C=28.10219916 V=105350400.00000000
[Agent_Features] Generated 18 features for the latest tick.
[Agent] Exploration: Random action: BUY
[Portfolio] Logged Trade: BUY 11.23500415 AAPL @ 28.10. New Cash: 5998.84, New Coins: 171.37978335
[Agent] Received reward: 0.00000000
[NeuralNetworkInterface] Received reward signal: 0.00000000
[Agent] Making decision using full OHLCV data
[Agent] Price data: O=28.16687012 H=28.25925873 L=28.08603074 C=28.21075510 V=82251600.00000000
[Agent_Features] Generated 18 features for the latest tick.
[Agent] Exploration: Random action: SELL
[Portfolio] Logged Trade: SELL 8.56898917 AAPL @ 28.21. New Cash: 6240.58, New Coins: 162.81079419
[Agent] Received reward: -0.00000000
[NeuralNetworkInterface] Received reward signal: -0.00000000
[Agent] Making decision using full OHLCV data
[Agent] Price data: O=28.09295845 H=28.09295845 L=27.86891841 C=27.93127971 V=121510000.00000000
[Agent_Features] Generated 18 features for the latest tick.
[Agent] Exploration: Random action: HOLD
[Agent] Received reward: 0.00000000
[NeuralNetworkInterface] Received reward signal: 0.00000000
[Agent] Making decision using full OHLCV data
[Agent] Price data: O=28.02829552 H=28.03753456 L=27.85968788 C=27.98210208 V=196804000.00000000
[Agent_Features] Generated 18 features for the latest tick.
[Agent] Exploration: Random action: HOLD
[Agent] Received reward: 0.00000000
[NeuralNetworkInterface] Received reward signal: 0.00000000
[Agent] Making decision using full OHLCV data
[Agent] Price data: O=29.73747826 H=30.13936855 L=29.33558972 C=29.34020836 V=447940000.00000000
[Agent_Features] Generated 18 features for the latest tick.
[Agent] Exploration: Random action: BUY
[Portfolio] Logged Trade: BUY 10.63485258 AAPL @ 29.34. New Cash: 5928.55, New Coins: 173.44564677
[Agent] Received reward: 0.00000000
[NeuralNetworkInterface] Received reward signal: 0.00000000
[Agent] Making decision using full OHLCV data
[Agent] Price data: O=29.68666267 H=29.88529761 L=29.51343466 C=29.55962985 V=134841600.00000000
[Agent_Features] Generated 18 features for the latest tick.
[Agent] Exploration: Random action: BUY
[Portfolio] Logged Trade: BUY 10.02811444 AAPL @ 29.56. New Cash: 5632.12, New Coins: 183.47376121
[Agent] Received reward: 0.00000000
[NeuralNetworkInterface] Received reward signal: 0.00000000
[Agent] Making decision using full OHLCV data
[Agent] Price data: O=29.81369972 H=29.83910664 L=29.60120709 C=29.63585129 V=98029200.00000000
[Agent_Features] Generated 18 features for the latest tick.
[Agent] Exploration: Random action: SELL
[Portfolio] Logged Trade: SELL 9.17368806 AAPL @ 29.64. New Cash: 5903.99, New Coins: 174.30007315
[Agent] Received reward: 0.00000000
[NeuralNetworkInterface] Received reward signal: 0.00000000
[Agent] Making decision using full OHLCV data
[Agent] Price data: O=30.09317207 H=30.14167747 L=29.77212293 C=29.82524873 V=107383600.00000000
[Agent_Features] Generated 18 features for the latest tick.
[Agent] Exploration: Random action: SELL
[Portfolio] Logged Trade: SELL 8.71500366 AAPL @ 29.83. New Cash: 6163.92, New Coins: 165.58506949
[Agent] Received reward: 0.00000000
[NeuralNetworkInterface] Received reward signal: 0.00000000
[Agent] Making decision using full OHLCV data
[Agent] Price data: O=30.37957573 H=30.50891876 L=30.13012695 C=30.15091347 V=152735200.00000000
[Agent_Features] Generated 18 features for the latest tick.
[Agent] Exploration: Random action: SELL
[Portfolio] Logged Trade: SELL 8.27925347 AAPL @ 30.15. New Cash: 6413.54, New Coins: 157.30581602
[Agent] Received reward: 0.00000000
[NeuralNetworkInterface] Received reward signal: 0.00000000
[Agent] Making decision using full OHLCV data
[Agent] Price data: O=30.49736786 H=30.53894442 L=30.30797373 C=30.33800105 V=92016400.00000000
[Agent_Features] Generated 18 features for the latest tick.
[Agent] Exploration: Random action: HOLD
[Agent] Received reward: 0.00000000
[NeuralNetworkInterface] Received reward signal: 0.00000000
[Agent] Making decision using full OHLCV data
[Agent] Price data: O=30.71774673 H=30.72470561 L=30.41618228 C=30.53912722 V=113399600.00000000
[Agent_Features] Generated 18 features for the latest tick.
[Agent] Exploration: Random action: SELL
[Portfolio] Logged Trade: SELL 7.86529080 AAPL @ 30.54. New Cash: 6653.74, New Coins: 149.44052522
[Agent] Received reward: 0.00000000
[NeuralNetworkInterface] Received reward signal: 0.00000000
[Agent] Making decision using full OHLCV data
[Agent] Price data: O=30.64815903 H=30.83837789 L=30.63192282 C=30.72703225 V=80262000.00000000
[Agent_Features] Generated 18 features for the latest tick.
[Agent] Exploration: Random action: HOLD
[Agent] Received reward: 0.00000000
[NeuralNetworkInterface] Received reward signal: 0.00000000
[Agent] Making decision using full OHLCV data
[Agent] Price data: O=30.91956139 H=31.04250986 L=30.79429800 C=30.87084922 V=92141600.00000000
[Agent_Features] Generated 18 features for the latest tick.
[Agent] Exploration: Random action: HOLD
[Agent] Received reward: 0.00000000
[NeuralNetworkInterface] Received reward signal: 0.00000000
[Agent] Making decision using full OHLCV data
[Agent] Price data: O=31.32087135 H=31.33710756 L=30.91027978 C=30.96131392 V=132904800.00000000
[Agent_Features] Generated 18 features for the latest tick.
[Agent] Exploration: Random action: SELL
[Portfolio] Logged Trade: SELL 7.47202626 AAPL @ 30.96. New Cash: 6885.09, New Coins: 141.96849896
[Agent] Received reward: 0.00000000
[NeuralNetworkInterface] Received reward signal: 0.00000000
[Agent] Making decision using full OHLCV data
[Agent] Price data: O=31.43453789 H=31.61083895 L=31.22808286 C=31.43685987 V=142492400.00000000
[Agent_Features] Generated 18 features for the latest tick.
[Agent] Exploration: Random action: BUY
[Portfolio] Logged Trade: BUY 10.95065924 AAPL @ 31.44. New Cash: 6540.83, New Coins: 152.91915819
[Agent] Received reward: 0.00000000
[NeuralNetworkInterface] Received reward signal: 0.00000000
[Agent] Making decision using full OHLCV data
[Agent] Price data: O=31.39742851 H=31.52501035 L=31.27912046 C=31.47165775 V=90338400.00000000
[Agent_Features] Generated 18 features for the latest tick.
[Agent] Exploration: Random action: BUY
[Portfolio] Logged Trade: BUY 10.39162365 AAPL @ 31.47. New Cash: 6213.79, New Coins: 163.31078184
[Agent] Received reward: 0.00000000
[NeuralNetworkInterface] Received reward signal: 0.00000000
[Agent] Making decision using full OHLCV data
[Agent] Price data: O=31.48325348 H=31.50877055 L=31.33943191 C=31.33943191 V=88792800.00000000
[Agent_Features] Generated 18 features for the latest tick.
[Agent] Exploration: Random action: HOLD
[Agent] Received reward: 0.00000000
[NeuralNetworkInterface] Received reward signal: 0.00000000
[Agent] Making decision using full OHLCV data
[Agent] Price data: O=31.71057892 H=31.72217823 L=31.54355876 C=31.60155177 V=98028800.00000000
[Agent_Features] Generated 18 features for the latest tick.
[Agent] Exploration: Random action: HOLD
[Agent] Received reward: 0.00000000
[NeuralNetworkInterface] Received reward signal: 0.00000000
[Agent] Making decision using full OHLCV data
[Agent] Price data: O=31.80568886 H=31.80800730 L=31.57371680 C=31.64794602 V=83347600.00000000
[Agent_Features] Generated 18 features for the latest tick.
[Agent] Exploration: Random action: BUY
[Portfolio] Logged Trade: BUY 9.81705232 AAPL @ 31.65. New Cash: 5903.10, New Coins: 173.12783416
[Agent] Received reward: 0.00000000
[NeuralNetworkInterface] Received reward signal: 0.00000000
[Agent] Making decision using full OHLCV data
[Agent] Price data: O=31.67114449 H=31.89151723 L=31.61779190 C=31.86832215 V=83152800.00000000
[Agent_Features] Generated 18 features for the latest tick.
[Agent] Exploration: Random action: SELL
[Portfolio] Logged Trade: SELL 8.65639171 AAPL @ 31.87. New Cash: 6178.97, New Coins: 164.47144245
[Agent] Received reward: 0.00000000
[NeuralNetworkInterface] Received reward signal: 0.00000000
[Agent] Making decision using full OHLCV data
[Agent] Price data: O=31.70129967 H=31.70129967 L=31.38117712 C=31.52732064 V=87106400.00000000
[Agent_Features] Generated 18 features for the latest tick.
[Agent] Exploration: Random action: HOLD
[Agent] Received reward: 0.00000000
[NeuralNetworkInterface] Received reward signal: 0.00000000
[Agent] Making decision using full OHLCV data
[Agent] Price data: O=31.76394272 H=31.88225077 L=31.61316225 C=31.81265842 V=81029600.00000000
[Agent_Features] Generated 18 features for the latest tick.
[Agent] Exploration: Random action: SELL
[Portfolio] Logged Trade: SELL 8.22357212 AAPL @ 31.81. New Cash: 6440.58, New Coins: 156.24787033
[Agent] Received reward: 0.00000000
[NeuralNetworkInterface] Received reward signal: 0.00000000
[Agent] Making decision using full OHLCV data
[Agent] Price data: O=31.77785492 H=31.88224164 L=31.71058104 C=31.79873156 V=93931600.00000000
[Agent_Features] Generated 18 features for the latest tick.
[Agent] Exploration: Random action: SELL
[Portfolio] Logged Trade: SELL 7.81239352 AAPL @ 31.80. New Cash: 6689.00, New Coins: 148.43547682
[Agent] Received reward: 0.00000000
[NeuralNetworkInterface] Received reward signal: 0.00000000
[Agent] Making decision using full OHLCV data
[Agent] Price data: O=32.42738724 H=32.51089736 L=31.91937117 C=31.98664154 V=145658400.00000000
[Agent_Features] Generated 18 features for the latest tick.
[Agent] Exploration: Random action: HOLD
[Agent] Received reward: 0.00000000
[NeuralNetworkInterface] Received reward signal: 0.00000000
[Agent] Making decision using full OHLCV data
[Agent] Price data: O=32.23483658 H=32.54103783 L=32.18843934 C=32.47608595 V=104844000.00000000
[Agent_Features] Generated 18 features for the latest tick.
[Agent] Exploration: Random action: HOLD
[Agent] Received reward: 0.00000000
[NeuralNetworkInterface] Received reward signal: 0.00000000
[Simulation] Simulation run finished. Ticks processed in this run: 222

Simulation Finished in 0.02 seconds.
--------------------
  Final Portfolio  
--------------------
Cash:      $6689.00
Asset:     148.4355 AAPL
Total Value: $11509.61
--------------------
[Simulation] Simulation destroyed.
[AutonomousTradingAgent] Agent destroyed
[NeuralNetworkInterface] Destructor called.
[Portfolio] Destroyed for asset: AAPL. Final cash: 6689.00, Final assets: 148.44
