Loading data from training_run_20250621_125419/data/ADBE_1d_20161128_to_20171207.csv...
Loaded 61 data points.
[Portfolio] Initialized for asset: ADBE with initial cash: 10000.00. Initial Portfolio Value: 10000.00
[NeuralNetworkInterface] Constructor called.
[NeuralNetworkInterface] Initializing...
Warning: NN model path is empty. Initializing in a mock state.
[NeuralNetworkInterface] Initialized successfully.
[AutonomousTradingAgent] Agent initialized for ADBE without API client (CSV mode).
[Simulation] Initialized with 61 data points.
[Simulation] API client is NULL (offline/CSV mode).

Starting Simulation for ADBE...
[Simulation] Starting simulation run...
[Agent] Making decision using full OHLCV data
[Agent] Price data: O=156.24 H=156.70 L=155.39 C=155.88 V=1363900.00
[Agent_Features] Generated 15 features for the latest tick.
[Agent] Exploration: Random action: SELL
[Agent] Received reward: 0.00
[NeuralNetworkInterface] Received reward signal: 0.00
[Agent] Making decision using full OHLCV data
[Agent] Price data: O=154.95 H=156.20 L=154.68 C=155.37 V=1676400.00
[Agent_Features] Generated 17 features for the latest tick.
[Agent] Exploration: Random action: SELL
[Agent] Received reward: 0.00
[NeuralNetworkInterface] Received reward signal: 0.00
[Agent] Making decision using full OHLCV data
[Agent] Price data: O=154.49 H=155.19 L=153.56 C=154.90 V=3012800.00
[Agent_Features] Generated 17 features for the latest tick.
[Agent] Exploration: Random action: SELL
[Agent] Received reward: 0.00
[NeuralNetworkInterface] Received reward signal: 0.00
[Agent] Making decision using full OHLCV data
[Agent] Price data: O=155.77 H=156.30 L=154.37 C=155.01 V=2581000.00
[Agent_Features] Generated 17 features for the latest tick.
[Agent] Exploration: Random action: HOLD
[Agent] Received reward: 0.00
[NeuralNetworkInterface] Received reward signal: 0.00
[Agent] Making decision using full OHLCV data
[Agent] Price data: O=156.60 H=157.05 L=155.81 C=156.30 V=4014800.00
[Agent_Features] Generated 18 features for the latest tick.
[Agent] Exploration: Random action: BUY
[Portfolio] Logged Trade: BUY 3.19897627 ADBE @ 156.30. New Cash: 9500.00, New Coins: 3.19897627
[Agent] Received reward: 0.00000000
[NeuralNetworkInterface] Received reward signal: 0.00000000
[Agent] Making decision using full OHLCV data
[Agent] Price data: O=149.96000671 H=152.39999390 L=149.00000000 C=151.99000549 V=9372300.00000000
[Agent_Features] Generated 18 features for the latest tick.
[Agent] Exploration: Random action: BUY
[Portfolio] Logged Trade: BUY 3.12520549 ADBE @ 151.99. New Cash: 9025.00, New Coins: 6.32418176
[Agent] Received reward: 0.00000000
[NeuralNetworkInterface] Received reward signal: 0.00000000
[Agent] Making decision using full OHLCV data
[Agent] Price data: O=149.30000305 H=151.25000000 L=148.30000305 C=150.38000488 V=4991800.00000000
[Agent_Features] Generated 18 features for the latest tick.
[Agent] Exploration: Random action: BUY
[Portfolio] Logged Trade: BUY 3.00073138 ADBE @ 150.38. New Cash: 8573.75, New Coins: 9.32491314
[Agent] Received reward: 0.00000000
[NeuralNetworkInterface] Received reward signal: 0.00000000
[Agent] Making decision using full OHLCV data
[Agent] Price data: O=148.50000000 H=149.50000000 L=147.85000610 C=148.69000244 V=2929200.00000000
[Agent_Features] Generated 18 features for the latest tick.
[Agent] Exploration: Random action: SELL
[Portfolio] Logged Trade: SELL 0.46624566 ADBE @ 148.69. New Cash: 8643.08, New Coins: 8.85866748
[Agent] Received reward: 0.00000000
[NeuralNetworkInterface] Received reward signal: 0.00000000
[Agent] Making decision using full OHLCV data
[Agent] Price data: O=144.57000732 H=148.71000671 L=143.94999695 C=148.38999939 V=4869500.00000000
[Agent_Features] Generated 18 features for the latest tick.
[Agent] Exploration: Random action: SELL
[Portfolio] Logged Trade: SELL 0.44293337 ADBE @ 148.39. New Cash: 8708.80, New Coins: 8.41573411
[Agent] Received reward: -0.00000000
[NeuralNetworkInterface] Received reward signal: -0.00000000
[Agent] Making decision using full OHLCV data
[Agent] Price data: O=145.39999390 H=146.35000610 L=143.96000671 C=145.50000000 V=3280000.00000000
[Agent_Features] Generated 18 features for the latest tick.
[Agent] Exploration: Random action: HOLD
[Agent] Received reward: 0.00000000
[NeuralNetworkInterface] Received reward signal: 0.00000000
[Agent] Making decision using full OHLCV data
[Agent] Price data: O=146.42999268 H=147.08999634 L=145.75000000 C=146.30999756 V=2947600.00000000
[Agent_Features] Generated 18 features for the latest tick.
[Agent] Exploration: Random action: SELL
[Portfolio] Logged Trade: SELL 0.42078671 ADBE @ 146.31. New Cash: 8770.37, New Coins: 7.99494740
[Agent] Received reward: 0.00000000
[NeuralNetworkInterface] Received reward signal: 0.00000000
[Agent] Making decision using full OHLCV data
[Agent] Price data: O=146.83000183 H=147.32000732 L=145.38999939 C=146.13999939 V=1667000.00000000
[Agent_Features] Generated 18 features for the latest tick.
[Agent] Exploration: Random action: SELL
[Portfolio] Logged Trade: SELL 0.39974737 ADBE @ 146.14. New Cash: 8828.79, New Coins: 7.59520003
[Agent] Received reward: 0.00000000
[NeuralNetworkInterface] Received reward signal: 0.00000000
[Agent] Making decision using full OHLCV data
[Agent] Price data: O=149.17999268 H=149.27999878 L=146.60000610 C=146.69000244 V=2181300.00000000
[Agent_Features] Generated 18 features for the latest tick.
[Agent] Exploration: Random action: BUY
[Portfolio] Logged Trade: BUY 3.00933506 ADBE @ 146.69. New Cash: 8387.35, New Coins: 10.60453509
[Agent] Received reward: -0.00000000
[NeuralNetworkInterface] Received reward signal: -0.00000000
[Agent] Making decision using full OHLCV data
[Agent] Price data: O=147.94000244 H=150.47999573 L=147.52000427 C=149.78999329 V=2341700.00000000
[Agent_Features] Generated 18 features for the latest tick.
[Agent] Exploration: Random action: HOLD
[Agent] Received reward: 0.00000000
[NeuralNetworkInterface] Received reward signal: 0.00000000
[Agent] Making decision using full OHLCV data
[Agent] Price data: O=148.60000610 H=148.80000305 L=147.99000549 C=148.47999573 V=1808200.00000000
[Agent_Features] Generated 18 features for the latest tick.
[Agent] Exploration: Random action: SELL
[Portfolio] Logged Trade: SELL 0.53022675 ADBE @ 148.48. New Cash: 8466.08, New Coins: 10.07430833
[Agent] Received reward: 0.00000000
[NeuralNetworkInterface] Received reward signal: 0.00000000
[Agent] Making decision using full OHLCV data
[Agent] Price data: O=147.94999695 H=148.46000671 L=146.60000610 C=148.21000671 V=2885600.00000000
[Agent_Features] Generated 18 features for the latest tick.
[Agent] Exploration: Random action: BUY
[Portfolio] Logged Trade: BUY 2.85610811 ADBE @ 148.21. New Cash: 8042.77, New Coins: 12.93041644
[Agent] Received reward: 0.00000000
[NeuralNetworkInterface] Received reward signal: 0.00000000
[Agent] Making decision using full OHLCV data
[Agent] Price data: O=150.25000000 H=150.44999695 L=147.71000671 C=148.49000549 V=2413800.00000000
[Agent_Features] Generated 18 features for the latest tick.
[Agent] Exploration: Random action: BUY
[Portfolio] Logged Trade: BUY 2.70818639 ADBE @ 148.49. New Cash: 7640.63, New Coins: 15.63860283
[Agent] Received reward: 0.00000000
[NeuralNetworkInterface] Received reward signal: 0.00000000
[Agent] Making decision using full OHLCV data
[Agent] Price data: O=151.11999512 H=151.36000061 L=149.52999878 C=149.96000671 V=2282800.00000000
[Agent_Features] Generated 18 features for the latest tick.
[Agent] Exploration: Random action: SELL
[Portfolio] Logged Trade: SELL 0.78193014 ADBE @ 149.96. New Cash: 7757.89, New Coins: 14.85667269
[Agent] Received reward: 0.00000000
[NeuralNetworkInterface] Received reward signal: 0.00000000
[Agent] Making decision using full OHLCV data
[Agent] Price data: O=151.50000000 H=151.57000732 L=150.25000000 C=150.75999451 V=1460900.00000000
[Agent_Features] Generated 18 features for the latest tick.
[Agent] Exploration: Random action: SELL
[Portfolio] Logged Trade: SELL 0.74283363 ADBE @ 150.76. New Cash: 7869.88, New Coins: 14.11383905
[Agent] Received reward: -0.00000000
[NeuralNetworkInterface] Received reward signal: -0.00000000
[Agent] Making decision using full OHLCV data
[Agent] Price data: O=152.14999390 H=152.86000061 L=151.32000732 C=152.00000000 V=2817600.00000000
[Agent_Features] Generated 18 features for the latest tick.
[Agent] Exploration: Random action: HOLD
[Agent] Received reward: 0.00000000
[NeuralNetworkInterface] Received reward signal: 0.00000000
[Agent] Making decision using full OHLCV data
[Agent] Price data: O=153.64999390 H=154.00000000 L=151.35000610 C=152.08999634 V=2791000.00000000
[Agent_Features] Generated 18 features for the latest tick.
[Agent] Exploration: Random action: HOLD
[Agent] Received reward: 0.00000000
[NeuralNetworkInterface] Received reward signal: 0.00000000
[Agent] Making decision using full OHLCV data
[Agent] Price data: O=153.61000061 H=154.85000610 L=153.38999939 C=153.72000122 V=2430000.00000000
[Agent_Features] Generated 18 features for the latest tick.
[Agent] Exploration: Random action: BUY
[Portfolio] Logged Trade: BUY 2.55981050 ADBE @ 153.72. New Cash: 7476.39, New Coins: 16.67364955
[Agent] Received reward: 0.00000000
[NeuralNetworkInterface] Received reward signal: 0.00000000
[Agent] Making decision using full OHLCV data
[Agent] Price data: O=153.92999268 H=154.58999634 L=153.05999756 C=153.96000671 V=2515600.00000000
[Agent_Features] Generated 18 features for the latest tick.
[Agent] Exploration: Random action: SELL
[Portfolio] Logged Trade: SELL 0.83368248 ADBE @ 153.96. New Cash: 7604.74, New Coins: 15.83996708
[Agent] Received reward: 0.00000000
[NeuralNetworkInterface] Received reward signal: 0.00000000
[Agent] Making decision using full OHLCV data
[Agent] Price data: O=150.46000671 H=153.07000732 L=149.27999878 C=151.14999390 V=3833200.00000000
[Agent_Features] Generated 18 features for the latest tick.
[Agent] Exploration: Random action: SELL
[Portfolio] Logged Trade: SELL 0.79199835 ADBE @ 151.15. New Cash: 7724.45, New Coins: 15.04796872
[Agent] Received reward: 0.00000000
[NeuralNetworkInterface] Received reward signal: 0.00000000
[Agent] Making decision using full OHLCV data
[Agent] Price data: O=150.38000488 H=150.92999268 L=148.14999390 C=150.52000427 V=3547800.00000000
[Agent_Features] Generated 18 features for the latest tick.
[Agent] Exploration: Random action: SELL
[Portfolio] Logged Trade: SELL 0.75239844 ADBE @ 150.52. New Cash: 7837.70, New Coins: 14.29557029
[Agent] Received reward: 0.00000000
[NeuralNetworkInterface] Received reward signal: 0.00000000
[Agent] Making decision using full OHLCV data
[Agent] Price data: O=153.00000000 H=153.42999268 L=149.02999878 C=150.33000183 V=4290900.00000000
[Agent_Features] Generated 18 features for the latest tick.
[Agent] Exploration: Random action: HOLD
[Agent] Received reward: 0.00000000
[NeuralNetworkInterface] Received reward signal: 0.00000000
[Agent] Making decision using full OHLCV data
[Agent] Price data: O=171.72999573 H=172.14999390 L=164.41999817 C=165.50000000 V=13522600.00000000
[Agent_Features] Generated 18 features for the latest tick.
[Agent] Exploration: Random action: HOLD
[Agent] Received reward: 0.00000000
[NeuralNetworkInterface] Received reward signal: 0.00000000
[Agent] Making decision using full OHLCV data
[Agent] Price data: O=175.63999939 H=175.86999512 L=171.36000061 C=171.50000000 V=6019400.00000000
[Agent_Features] Generated 18 features for the latest tick.
[Agent] Exploration: Random action: BUY
[Portfolio] Logged Trade: BUY 2.28504452 ADBE @ 171.50. New Cash: 7445.82, New Coins: 16.58061481
[Agent] Received reward: 0.00000000
[NeuralNetworkInterface] Received reward signal: 0.00000000
[Agent] Making decision using full OHLCV data
[Agent] Price data: O=172.16000366 H=175.85000610 L=171.83000183 C=175.67999268 V=3220300.00000000
[Agent_Features] Generated 18 features for the latest tick.
[Agent] Exploration: Random action: HOLD
[Agent] Received reward: 0.00000000
[NeuralNetworkInterface] Received reward signal: 0.00000000
[Agent] Making decision using full OHLCV data
[Agent] Price data: O=171.58000183 H=172.49000549 L=170.49000549 C=171.47000122 V=2658600.00000000
[Agent_Features] Generated 18 features for the latest tick.
[Agent] Exploration: Random action: HOLD
[Agent] Received reward: 0.00000000
[NeuralNetworkInterface] Received reward signal: 0.00000000
[Agent] Making decision using full OHLCV data
[Agent] Price data: O=171.83000183 H=173.41000366 L=170.03999329 C=170.36999512 V=2785700.00000000
[Agent_Features] Generated 18 features for the latest tick.
[Agent] Exploration: Random action: BUY
[Portfolio] Logged Trade: BUY 2.18519041 ADBE @ 170.37. New Cash: 7073.53, New Coins: 18.76580521
[Agent] Received reward: -0.00000000
[NeuralNetworkInterface] Received reward signal: -0.00000000
[Agent] Making decision using full OHLCV data
[Agent] Price data: O=173.75000000 H=175.02000427 L=172.02000427 C=172.05999756 V=2581200.00000000
[Agent_Features] Generated 18 features for the latest tick.
[Agent] Exploration: Random action: HOLD
[Agent] Received reward: 0.00000000
[NeuralNetworkInterface] Received reward signal: 0.00000000
[Agent] Making decision using full OHLCV data
[Agent] Price data: O=177.33000183 H=177.58000183 L=174.02000427 C=174.02000427 V=2806400.00000000
[Agent_Features] Generated 18 features for the latest tick.
[Agent] Exploration: Random action: HOLD
[Agent] Received reward: 0.00000000
[NeuralNetworkInterface] Received reward signal: 0.00000000
[Agent] Making decision using full OHLCV data
[Agent] Price data: O=176.02999878 H=177.47999573 L=174.44999695 C=177.00000000 V=2124200.00000000
[Agent_Features] Generated 18 features for the latest tick.
[Agent] Exploration: Random action: SELL
[Portfolio] Logged Trade: SELL 0.93829026 ADBE @ 177.00. New Cash: 7239.60, New Coins: 17.82751495
[Agent] Received reward: 0.00000000
[NeuralNetworkInterface] Received reward signal: 0.00000000
[Agent] Making decision using full OHLCV data
[Agent] Price data: O=175.16000366 H=176.72999573 L=174.52000427 C=176.16000366 V=2656500.00000000
[Agent_Features] Generated 18 features for the latest tick.
[Agent] Exploration: Random action: BUY
[Portfolio] Logged Trade: BUY 2.05483763 ADBE @ 176.16. New Cash: 6877.62, New Coins: 19.88235258
[Agent] Received reward: 0.00000000
[NeuralNetworkInterface] Received reward signal: 0.00000000
[Agent] Making decision using full OHLCV data
[Agent] Price data: O=176.25000000 H=176.94000244 L=174.69999695 C=176.58999634 V=2002900.00000000
[Agent_Features] Generated 18 features for the latest tick.
[Agent] Exploration: Random action: SELL
[Portfolio] Logged Trade: SELL 0.99411763 ADBE @ 176.59. New Cash: 7053.18, New Coins: 18.88823495
[Agent] Received reward: 0.00000000
[NeuralNetworkInterface] Received reward signal: 0.00000000
[Agent] Making decision using full OHLCV data
[Agent] Price data: O=180.94000244 H=181.47999573 L=175.80000305 C=178.02000427 V=3262300.00000000
[Agent_Features] Generated 18 features for the latest tick.
[Agent] Exploration: Random action: SELL
[Portfolio] Logged Trade: SELL 0.94441175 ADBE @ 178.02. New Cash: 7221.30, New Coins: 17.94382320
[Agent] Received reward: 0.00000000
[NeuralNetworkInterface] Received reward signal: 0.00000000
[Agent] Making decision using full OHLCV data
[Agent] Price data: O=182.30000305 H=182.74000549 L=179.63999939 C=181.75999451 V=2244700.00000000
[Agent_Features] Generated 18 features for the latest tick.
[Agent] Exploration: Random action: SELL
[Portfolio] Logged Trade: SELL 0.89719116 ADBE @ 181.76. New Cash: 7384.37, New Coins: 17.04663204
[Agent] Received reward: 0.00000000
[NeuralNetworkInterface] Received reward signal: 0.00000000
[Agent] Making decision using full OHLCV data
[Agent] Price data: O=180.80000305 H=182.28999329 L=180.53999329 C=182.00999451 V=2021900.00000000
[Agent_Features] Generated 18 features for the latest tick.
[Agent] Exploration: Random action: HOLD
[Agent] Received reward: 0.00000000
[NeuralNetworkInterface] Received reward signal: 0.00000000
[Agent] Making decision using full OHLCV data
[Agent] Price data: O=180.88000488 H=181.77999878 L=180.11000061 C=181.22999573 V=2544200.00000000
[Agent_Features] Generated 18 features for the latest tick.
[Agent] Exploration: Random action: HOLD
[Agent] Received reward: 0.00000000
[NeuralNetworkInterface] Received reward signal: 0.00000000
[Agent] Making decision using full OHLCV data
[Agent] Price data: O=184.05999756 H=184.44000244 L=181.05999756 C=181.19000244 V=1791800.00000000
[Agent_Features] Generated 18 features for the latest tick.
[Agent] Exploration: Random action: HOLD
[Agent] Received reward: 0.00000000
[NeuralNetworkInterface] Received reward signal: 0.00000000
[Agent] Making decision using full OHLCV data
[Agent] Price data: O=181.91999817 H=183.08000183 L=179.02999878 C=182.88000488 V=2704600.00000000
[Agent_Features] Generated 18 features for the latest tick.
[Agent] Exploration: Random action: HOLD
[Agent] Received reward: 0.00000000
[NeuralNetworkInterface] Received reward signal: 0.00000000
[Agent] Making decision using full OHLCV data
[Agent] Price data: O=181.72000122 H=182.05999756 L=179.83000183 C=181.00000000 V=2082600.00000000
[Agent_Features] Generated 18 features for the latest tick.
[Agent] Exploration: Random action: SELL
[Portfolio] Logged Trade: SELL 0.85233160 ADBE @ 181.00. New Cash: 7538.64, New Coins: 16.19430044
[Agent] Received reward: 0.00000000
[NeuralNetworkInterface] Received reward signal: 0.00000000
[Agent] Making decision using full OHLCV data
[Agent] Price data: O=181.85000610 H=182.32000732 L=179.75000000 C=180.50000000 V=1496100.00000000
[Agent_Features] Generated 18 features for the latest tick.
[Agent] Exploration: Random action: HOLD
[Agent] Received reward: 0.00000000
[NeuralNetworkInterface] Received reward signal: 0.00000000
[Agent] Making decision using full OHLCV data
[Agent] Price data: O=181.32000732 H=182.16999817 L=180.30999756 C=181.97999573 V=1549700.00000000
[Agent_Features] Generated 18 features for the latest tick.
[Agent] Exploration: Random action: SELL
[Portfolio] Logged Trade: SELL 0.80971502 ADBE @ 181.98. New Cash: 7686.00, New Coins: 15.38458542
[Agent] Received reward: 0.00000000
[NeuralNetworkInterface] Received reward signal: 0.00000000
[Agent] Making decision using full OHLCV data
[Agent] Price data: O=180.08000183 H=181.72999573 L=179.60000610 C=180.91999817 V=1980900.00000000
[Agent_Features] Generated 18 features for the latest tick.
[Agent] Exploration: Random action: SELL
[Portfolio] Logged Trade: SELL 0.76922927 ADBE @ 180.92. New Cash: 7825.17, New Coins: 14.61535615
[Agent] Received reward: 0.00000000
[NeuralNetworkInterface] Received reward signal: 0.00000000
[Agent] Making decision using full OHLCV data
[Agent] Price data: O=182.30000305 H=182.44000244 L=180.58000183 C=181.17999268 V=1961200.00000000
[Agent_Features] Generated 18 features for the latest tick.
[Agent] Exploration: Random action: HOLD
[Agent] Received reward: 0.00000000
[NeuralNetworkInterface] Received reward signal: 0.00000000
[Agent] Making decision using full OHLCV data
[Agent] Price data: O=182.24000549 H=182.91000366 L=181.13999939 C=182.08000183 V=1482100.00000000
[Agent_Features] Generated 18 features for the latest tick.
[Agent] Exploration: Random action: BUY
[Portfolio] Logged Trade: BUY 2.14882622 ADBE @ 182.08. New Cash: 7433.91, New Coins: 16.76418237
[Agent] Received reward: 0.00000000
[NeuralNetworkInterface] Received reward signal: 0.00000000
[Agent] Making decision using full OHLCV data
[Agent] Price data: O=182.33999634 H=183.42999268 L=181.33999634 C=182.80000305 V=1118100.00000000
[Agent_Features] Generated 18 features for the latest tick.
[Agent] Exploration: Random action: HOLD
[Agent] Received reward: 0.00000000
[NeuralNetworkInterface] Received reward signal: 0.00000000
[Agent] Making decision using full OHLCV data
[Agent] Price data: O=184.14999390 H=185.55000305 L=182.83999634 C=183.75000000 V=2036500.00000000
[Agent_Features] Generated 18 features for the latest tick.
[Agent] Exploration: Random action: HOLD
[Agent] Received reward: 0.00000000
[NeuralNetworkInterface] Received reward signal: 0.00000000
[Agent] Making decision using full OHLCV data
[Agent] Price data: O=182.89999390 H=184.50000000 L=182.61999512 C=184.32000732 V=1546700.00000000
[Agent_Features] Generated 18 features for the latest tick.
[Agent] Exploration: Random action: SELL
[Portfolio] Logged Trade: SELL 0.83820912 ADBE @ 184.32. New Cash: 7588.41, New Coins: 15.92597325
[Agent] Received reward: 0.00000000
[NeuralNetworkInterface] Received reward signal: 0.00000000
[Agent] Making decision using full OHLCV data
[Agent] Price data: O=184.46000671 H=184.71000671 L=182.96000671 C=182.96000671 V=663000.00000000
[Agent_Features] Generated 18 features for the latest tick.
[Agent] Exploration: Random action: HOLD
[Agent] Received reward: 0.00000000
[NeuralNetworkInterface] Received reward signal: 0.00000000
[Agent] Making decision using full OHLCV data
[Agent] Price data: O=185.00000000 H=185.83999634 L=184.08999634 C=184.83000183 V=1305100.00000000
[Agent_Features] Generated 18 features for the latest tick.
[Agent] Exploration: Random action: HOLD
[Agent] Received reward: 0.00000000
[NeuralNetworkInterface] Received reward signal: 0.00000000
[Agent] Making decision using full OHLCV data
[Agent] Price data: O=185.39999390 H=186.27000427 L=184.36999512 C=185.61999512 V=1647000.00000000
[Agent_Features] Generated 18 features for the latest tick.
[Agent] Exploration: Random action: HOLD
[Agent] Received reward: 0.00000000
[NeuralNetworkInterface] Received reward signal: 0.00000000
[Agent] Making decision using full OHLCV data
[Agent] Price data: O=176.85000610 H=184.72999573 L=175.30999756 C=183.86999512 V=4320800.00000000
[Agent_Features] Generated 18 features for the latest tick.
[Agent] Exploration: Random action: HOLD
[Agent] Received reward: 0.00000000
[NeuralNetworkInterface] Received reward signal: 0.00000000
[Agent] Making decision using full OHLCV data
[Agent] Price data: O=181.47000122 H=181.66999817 L=176.55000305 C=178.13999939 V=3976300.00000000
[Agent_Features] Generated 18 features for the latest tick.
[Agent] Exploration: Random action: BUY
[Portfolio] Logged Trade: BUY 2.12989955 ADBE @ 178.14. New Cash: 7208.99, New Coins: 18.05587280
[Agent] Received reward: 0.00000000
[NeuralNetworkInterface] Received reward signal: 0.00000000
[Agent] Making decision using full OHLCV data
[Agent] Price data: O=179.52000427 H=182.00000000 L=177.13000488 C=179.50999451 V=3016200.00000000
[Agent_Features] Generated 18 features for the latest tick.
[Agent] Exploration: Random action: HOLD
[Agent] Received reward: 0.00000000
[NeuralNetworkInterface] Received reward signal: 0.00000000
[Agent] Making decision using full OHLCV data
[Agent] Price data: O=168.44000244 H=180.61999512 L=168.42999268 C=180.33999634 V=5931400.00000000
[Agent_Features] Generated 18 features for the latest tick.
[Agent] Exploration: Random action: SELL
[Portfolio] Logged Trade: SELL 0.90279364 ADBE @ 180.34. New Cash: 7371.80, New Coins: 17.15307916
[Agent] Received reward: 0.00000000
[NeuralNetworkInterface] Received reward signal: 0.00000000
[Agent] Making decision using full OHLCV data
[Agent] Price data: O=167.53999329 H=171.77999878 L=165.67999268 C=167.69000244 V=4698700.00000000
[Agent_Features] Generated 18 features for the latest tick.
[Agent] Exploration: Random action: BUY
[Portfolio] Logged Trade: BUY 2.19804266 ADBE @ 167.69. New Cash: 7003.21, New Coins: 19.35112182
[Agent] Received reward: 0.00000000
[NeuralNetworkInterface] Received reward signal: 0.00000000
[Agent] Making decision using full OHLCV data
[Agent] Price data: O=173.52000427 H=173.96000671 L=165.75000000 C=166.78999329 V=3773000.00000000
[Agent_Features] Generated 18 features for the latest tick.
[Agent] Exploration: Random action: BUY
[Portfolio] Logged Trade: BUY 2.09940826 ADBE @ 166.79. New Cash: 6653.05, New Coins: 21.45053009
[Agent] Received reward: 0.00000000
[NeuralNetworkInterface] Received reward signal: 0.00000000
[Agent] Making decision using full OHLCV data
[Agent] Price data: O=174.61000061 H=175.89999390 L=172.13000488 C=173.46000671 V=2442000.00000000
[Agent_Features] Generated 18 features for the latest tick.
[Agent] Exploration: Random action: BUY
[Portfolio] Logged Trade: BUY 1.91774624 ADBE @ 173.46. New Cash: 6320.39, New Coins: 23.36827633
[Agent] Received reward: 0.00000000
[NeuralNetworkInterface] Received reward signal: 0.00000000
[Simulation] Simulation run finished. Ticks processed in this run: 61

Simulation Finished in 0.01 seconds.
--------------------
  Final Portfolio  
--------------------
Cash:      $6320.39
Asset:     23.3683 ADBE
Total Value: $10373.85
--------------------
[Simulation] Simulation destroyed.
[AutonomousTradingAgent] Agent destroyed
[NeuralNetworkInterface] Destructor called.
[Portfolio] Destroyed for asset: ADBE. Final cash: 6320.39, Final assets: 23.37
