Loading data from training_run_20250621_125419/data/ADBE_1d_20191002_to_20201104.csv...
Loaded 228 data points.
[Portfolio] Initialized for asset: ADBE with initial cash: 10000.00. Initial Portfolio Value: 10000.00
[NeuralNetworkInterface] Constructor called.
[NeuralNetworkInterface] Initializing...
Warning: NN model path is empty. Initializing in a mock state.
[NeuralNetworkInterface] Initialized successfully.
[AutonomousTradingAgent] Agent initialized for ADBE without API client (CSV mode).
[Simulation] Initialized with 228 data points.
[Simulation] API client is NULL (offline/CSV mode).

Starting Simulation for ADBE...
[Simulation] Starting simulation run...
[Agent] Making decision using full OHLCV data
[Agent] Price data: O=303.74 H=305.38 L=301.48 C=305.15 V=2928600.00
[Agent_Features] Generated 15 features for the latest tick.
[Agent] Exploration: Random action: SELL
[Agent] Received reward: 0.00
[NeuralNetworkInterface] Received reward signal: 0.00
[Agent] Making decision using full OHLCV data
[Agent] Price data: O=305.96 H=306.58 L=300.72 C=303.00 V=3104600.00
[Agent_Features] Generated 17 features for the latest tick.
[Agent] Exploration: Random action: HOLD
[Agent] Received reward: 0.00
[NeuralNetworkInterface] Received reward signal: 0.00
[Agent] Making decision using full OHLCV data
[Agent] Price data: O=317.94 H=321.73 L=313.74 C=314.11 V=6606700.00
[Agent_Features] Generated 17 features for the latest tick.
[Agent] Exploration: Random action: HOLD
[Agent] Received reward: 0.00
[NeuralNetworkInterface] Received reward signal: 0.00
[Agent] Making decision using full OHLCV data
[Agent] Price data: O=323.80 H=325.25 L=319.27 C=319.27 V=3436700.00
[Agent_Features] Generated 17 features for the latest tick.
[Agent] Exploration: Random action: HOLD
[Agent] Received reward: 0.00
[NeuralNetworkInterface] Received reward signal: 0.00
[Agent] Making decision using full OHLCV data
[Agent] Price data: O=322.85 H=325.08 L=321.75 C=325.04 V=2331900.00
[Agent_Features] Generated 18 features for the latest tick.
[Agent] Exploration: Random action: HOLD
[Agent] Received reward: 0.00
[NeuralNetworkInterface] Received reward signal: 0.00
[Agent] Making decision using full OHLCV data
[Agent] Price data: O=324.38 H=326.82 L=322.01 C=322.10 V=2332600.00
[Agent_Features] Generated 18 features for the latest tick.
[Agent] Exploration: Random action: HOLD
[Agent] Received reward: 0.00
[NeuralNetworkInterface] Received reward signal: 0.00
[Agent] Making decision using full OHLCV data
[Agent] Price data: O=327.63 H=327.96 L=324.26 C=324.38 V=2561400.00
[Agent_Features] Generated 18 features for the latest tick.
[Agent] Exploration: Random action: HOLD
[Agent] Received reward: 0.00
[NeuralNetworkInterface] Received reward signal: 0.00
[Agent] Making decision using full OHLCV data
[Agent] Price data: O=327.61 H=330.00 L=325.62 C=328.37 V=4233000.00
[Agent_Features] Generated 18 features for the latest tick.
[Agent] Exploration: Random action: SELL
[Agent] Received reward: 0.00
[NeuralNetworkInterface] Received reward signal: 0.00
[Agent] Making decision using full OHLCV data
[Agent] Price data: O=328.95 H=329.88 L=327.26 C=328.83 V=2210600.00
[Agent_Features] Generated 18 features for the latest tick.
[Agent] Exploration: Random action: HOLD
[Agent] Received reward: 0.00
[NeuralNetworkInterface] Received reward signal: 0.00
[Agent] Making decision using full OHLCV data
[Agent] Price data: O=329.64 H=331.54 L=328.68 C=329.00 V=1066400.00
[Agent_Features] Generated 18 features for the latest tick.
[Agent] Exploration: Random action: SELL
[Agent] Received reward: 0.00
[NeuralNetworkInterface] Received reward signal: 0.00
[Agent] Making decision using full OHLCV data
[Agent] Price data: O=331.20 H=331.28 L=329.63 C=329.63 V=1055100.00
[Agent_Features] Generated 18 features for the latest tick.
[Agent] Exploration: Random action: SELL
[Agent] Received reward: 0.00
[NeuralNetworkInterface] Received reward signal: 0.00
[Agent] Making decision using full OHLCV data
[Agent] Price data: O=330.79 H=332.88 L=329.77 C=332.88 V=1229800.00
[Agent_Features] Generated 18 features for the latest tick.
[Agent] Exploration: Random action: SELL
[Agent] Received reward: 0.00
[NeuralNetworkInterface] Received reward signal: 0.00
[Agent] Making decision using full OHLCV data
[Agent] Price data: O=328.34 H=330.47 L=325.17 C=330.35 V=1896700.00
[Agent_Features] Generated 18 features for the latest tick.
[Agent] Exploration: Random action: HOLD
[Agent] Received reward: 0.00
[NeuralNetworkInterface] Received reward signal: 0.00
[Agent] Making decision using full OHLCV data
[Agent] Price data: O=329.81 H=329.94 L=326.25 C=326.25 V=1592300.00
[Agent_Features] Generated 18 features for the latest tick.
[Agent] Exploration: Random action: SELL
[Agent] Received reward: 0.00
[NeuralNetworkInterface] Received reward signal: 0.00
[Agent] Making decision using full OHLCV data
[Agent] Price data: O=334.43 H=334.48 L=329.17 C=330.00 V=1990100.00
[Agent_Features] Generated 18 features for the latest tick.
[Agent] Exploration: Random action: BUY
[Portfolio] Logged Trade: BUY 1.51515152 ADBE @ 330.00. New Cash: 9500.00, New Coins: 1.51515152
[Agent] Received reward: 0.00000000
[NeuralNetworkInterface] Received reward signal: 0.00000000
[Agent] Making decision using full OHLCV data
[Agent] Price data: O=331.80999756 H=332.98001099 L=328.69000244 C=329.17001343 V=1577600.00000000
[Agent_Features] Generated 18 features for the latest tick.
[Agent] Exploration: Random action: BUY
[Portfolio] Logged Trade: BUY 1.44302330 ADBE @ 329.17. New Cash: 9025.00, New Coins: 2.95817482
[Agent] Received reward: 0.00000000
[NeuralNetworkInterface] Received reward signal: 0.00000000
[Agent] Making decision using full OHLCV data
[Agent] Price data: O=333.70999146 H=333.91000366 L=328.19000244 C=328.29000854 V=1874700.00000000
[Agent_Features] Generated 18 features for the latest tick.
[Agent] Exploration: Random action: BUY
[Portfolio] Logged Trade: BUY 1.37454686 ADBE @ 328.29. New Cash: 8573.75, New Coins: 4.33272168
[Agent] Received reward: 0.00000000
[NeuralNetworkInterface] Received reward signal: 0.00000000
[Agent] Making decision using full OHLCV data
[Agent] Price data: O=333.39001465 H=334.79000854 L=332.30999756 C=334.14999390 V=2500800.00000000
[Agent_Features] Generated 18 features for the latest tick.
[Agent] Exploration: Random action: SELL
[Portfolio] Logged Trade: SELL 0.21663608 ADBE @ 334.15. New Cash: 8646.14, New Coins: 4.11608559
[Agent] Received reward: -0.00000000
[NeuralNetworkInterface] Received reward signal: -0.00000000
[Agent] Making decision using full OHLCV data
[Agent] Price data: O=337.86999512 H=339.23001099 L=333.39999390 C=333.80999756 V=2248500.00000000
[Agent_Features] Generated 18 features for the latest tick.
[Agent] Exploration: Random action: BUY
[Portfolio] Logged Trade: BUY 1.29506890 ADBE @ 333.81. New Cash: 8213.83, New Coins: 5.41115450
[Agent] Received reward: 0.00000000
[NeuralNetworkInterface] Received reward signal: 0.00000000
[Agent] Making decision using full OHLCV data
[Agent] Price data: O=340.45001221 H=341.80999756 L=338.19000244 C=340.14001465 V=1626300.00000000
[Agent_Features] Generated 18 features for the latest tick.
[Agent] Exploration: Random action: HOLD
[Agent] Received reward: 0.00000000
[NeuralNetworkInterface] Received reward signal: 0.00000000
[Agent] Making decision using full OHLCV data
[Agent] Price data: O=339.80999756 H=343.35998535 L=339.61999512 C=342.04998779 V=1480400.00000000
[Agent_Features] Generated 18 features for the latest tick.
[Agent] Exploration: Random action: HOLD
[Agent] Received reward: 0.00000000
[NeuralNetworkInterface] Received reward signal: 0.00000000
[Agent] Making decision using full OHLCV data
[Agent] Price data: O=345.63000488 H=345.73001099 L=341.22000122 C=341.54000854 V=2069200.00000000
[Agent_Features] Generated 18 features for the latest tick.
[Agent] Exploration: Random action: BUY
[Portfolio] Logged Trade: BUY 1.20246996 ADBE @ 341.54. New Cash: 7803.14, New Coins: 6.61362445
[Agent] Received reward: 0.00000000
[NeuralNetworkInterface] Received reward signal: 0.00000000
[Agent] Making decision using full OHLCV data
[Agent] Price data: O=344.63000488 H=347.26998901 L=343.14999390 C=347.01000977 V=2274400.00000000
[Agent_Features] Generated 18 features for the latest tick.
[Agent] Exploration: Random action: SELL
[Portfolio] Logged Trade: SELL 0.33068122 ADBE @ 347.01. New Cash: 7917.89, New Coins: 6.28294323
[Agent] Received reward: 0.00000000
[NeuralNetworkInterface] Received reward signal: 0.00000000
[Agent] Making decision using full OHLCV data
[Agent] Price data: O=342.94000244 H=347.50000000 L=342.45999146 C=346.42001343 V=2213300.00000000
[Agent_Features] Generated 18 features for the latest tick.
[Agent] Exploration: Random action: BUY
[Portfolio] Logged Trade: BUY 1.14281649 ADBE @ 346.42. New Cash: 7522.00, New Coins: 7.42575972
[Agent] Received reward: 0.00000000
[NeuralNetworkInterface] Received reward signal: 0.00000000
[Agent] Making decision using full OHLCV data
[Agent] Price data: O=345.38000488 H=345.98999023 L=342.76000977 C=345.98001099 V=2439600.00000000
[Agent_Features] Generated 18 features for the latest tick.
[Agent] Exploration: Random action: SELL
[Portfolio] Logged Trade: SELL 0.37128799 ADBE @ 345.98. New Cash: 7650.45, New Coins: 7.05447174
[Agent] Received reward: 0.00000000
[NeuralNetworkInterface] Received reward signal: 0.00000000
[Agent] Making decision using full OHLCV data
[Agent] Price data: O=349.73999023 H=349.95001221 L=346.38000488 C=349.00000000 V=2536100.00000000
[Agent_Features] Generated 18 features for the latest tick.
[Agent] Exploration: Random action: BUY
[Portfolio] Logged Trade: BUY 1.09605355 ADBE @ 349.00. New Cash: 7267.93, New Coins: 8.15052529
[Agent] Received reward: 0.00000000
[NeuralNetworkInterface] Received reward signal: 0.00000000
[Agent] Making decision using full OHLCV data
[Agent] Price data: O=350.00000000 H=352.36999512 L=345.61999512 C=346.36999512 V=2121200.00000000
[Agent_Features] Generated 18 features for the latest tick.
[Agent] Exploration: Random action: SELL
[Portfolio] Logged Trade: SELL 0.40752626 ADBE @ 346.37. New Cash: 7409.09, New Coins: 7.74299903
[Agent] Received reward: 0.00000000
[NeuralNetworkInterface] Received reward signal: 0.00000000
[Agent] Making decision using full OHLCV data
[Agent] Price data: O=350.05999756 H=354.27999878 L=349.95999146 C=352.60000610 V=1600300.00000000
[Agent_Features] Generated 18 features for the latest tick.
[Agent] Exploration: Random action: BUY
[Portfolio] Logged Trade: BUY 1.05063611 ADBE @ 352.60. New Cash: 7038.63, New Coins: 8.79363514
[Agent] Received reward: 0.00000000
[NeuralNetworkInterface] Received reward signal: 0.00000000
[Agent] Making decision using full OHLCV data
[Agent] Price data: O=351.76000977 H=352.16000366 L=347.85000610 C=351.01998901 V=2084400.00000000
[Agent_Features] Generated 18 features for the latest tick.
[Agent] Exploration: Random action: SELL
[Portfolio] Logged Trade: SELL 0.43968176 ADBE @ 351.02. New Cash: 7192.97, New Coins: 8.35395338
[Agent] Received reward: -0.00000000
[NeuralNetworkInterface] Received reward signal: -0.00000000
[Agent] Making decision using full OHLCV data
[Agent] Price data: O=351.36999512 H=355.69000244 L=349.20001221 C=354.10000610 V=1640200.00000000
[Agent_Features] Generated 18 features for the latest tick.
[Agent] Exploration: Random action: BUY
[Portfolio] Logged Trade: BUY 1.01566911 ADBE @ 354.10. New Cash: 6833.32, New Coins: 9.36962249
[Agent] Received reward: 0.00000000
[NeuralNetworkInterface] Received reward signal: 0.00000000
[Agent] Making decision using full OHLCV data
[Agent] Price data: O=346.89999390 H=349.89999390 L=340.39999390 C=341.04000854 V=2652000.00000000
[Agent_Features] Generated 18 features for the latest tick.
[Agent] Exploration: Random action: SELL
[Portfolio] Logged Trade: SELL 0.46848112 ADBE @ 341.04. New Cash: 6993.09, New Coins: 8.90114137
[Agent] Received reward: -0.00000000
[NeuralNetworkInterface] Received reward signal: -0.00000000
[Agent] Making decision using full OHLCV data
[Agent] Price data: O=354.63000488 H=355.66000366 L=347.11999512 C=349.00000000 V=2270800.00000000
[Agent_Features] Generated 18 features for the latest tick.
[Agent] Exploration: Random action: BUY
[Portfolio] Logged Trade: BUY 1.00187552 ADBE @ 349.00. New Cash: 6643.44, New Coins: 9.90301689
[Agent] Received reward: 0.00000000
[NeuralNetworkInterface] Received reward signal: 0.00000000
[Agent] Making decision using full OHLCV data
[Agent] Price data: O=351.66000366 H=356.70001221 L=351.35998535 C=356.70001221 V=1521300.00000000
[Agent_Features] Generated 18 features for the latest tick.
[Agent] Exploration: Random action: HOLD
[Agent] Received reward: 0.00000000
[NeuralNetworkInterface] Received reward signal: 0.00000000
[Agent] Making decision using full OHLCV data
[Agent] Price data: O=356.73999023 H=356.82000732 L=349.69000244 C=349.69000244 V=1834900.00000000
[Agent_Features] Generated 18 features for the latest tick.
[Agent] Exploration: Random action: BUY
[Portfolio] Logged Trade: BUY 0.94990371 ADBE @ 349.69. New Cash: 6311.26, New Coins: 10.85292060
[Agent] Received reward: 0.00000000
[NeuralNetworkInterface] Received reward signal: 0.00000000
[Agent] Making decision using full OHLCV data
[Agent] Price data: O=351.14001465 H=355.83999634 L=348.29998779 C=355.83999634 V=3692900.00000000
[Agent_Features] Generated 18 features for the latest tick.
[Agent] Exploration: Random action: HOLD
[Agent] Received reward: 0.00000000
[NeuralNetworkInterface] Received reward signal: 0.00000000
[Agent] Making decision using full OHLCV data
[Agent] Price data: O=358.00000000 H=358.67001343 L=352.29000854 C=353.41000366 V=2693800.00000000
[Agent_Features] Generated 18 features for the latest tick.
[Agent] Exploration: Random action: SELL
[Portfolio] Logged Trade: SELL 0.54264603 ADBE @ 353.41. New Cash: 6503.04, New Coins: 10.31027457
[Agent] Received reward: 0.00000000
[NeuralNetworkInterface] Received reward signal: 0.00000000
[Agent] Making decision using full OHLCV data
[Agent] Price data: O=366.73999023 H=367.44000244 L=360.45001221 C=363.42999268 V=3053000.00000000
[Agent_Features] Generated 18 features for the latest tick.
[Agent] Exploration: Random action: SELL
[Portfolio] Logged Trade: SELL 0.51551373 ADBE @ 363.43. New Cash: 6690.39, New Coins: 9.79476084
[Agent] Received reward: 0.00000000
[NeuralNetworkInterface] Received reward signal: 0.00000000
[Agent] Making decision using full OHLCV data
[Agent] Price data: O=365.54998779 H=374.48001099 L=362.30999756 C=373.98999023 V=2463400.00000000
[Agent_Features] Generated 18 features for the latest tick.
[Agent] Exploration: Random action: HOLD
[Agent] Received reward: 0.00000000
[NeuralNetworkInterface] Received reward signal: 0.00000000
[Agent] Making decision using full OHLCV data
[Agent] Price data: O=367.45999146 H=368.25000000 L=363.01000977 C=366.16000366 V=2224500.00000000
[Agent_Features] Generated 18 features for the latest tick.
[Agent] Exploration: Random action: HOLD
[Agent] Received reward: 0.00000000
[NeuralNetworkInterface] Received reward signal: 0.00000000
[Agent] Making decision using full OHLCV data
[Agent] Price data: O=366.08999634 H=369.33999634 L=364.38000488 C=366.00000000 V=2092700.00000000
[Agent_Features] Generated 18 features for the latest tick.
[Agent] Exploration: Random action: BUY
[Portfolio] Logged Trade: BUY 0.91398831 ADBE @ 366.00. New Cash: 6355.87, New Coins: 10.70874915
[Agent] Received reward: 0.00000000
[NeuralNetworkInterface] Received reward signal: 0.00000000
[Agent] Making decision using full OHLCV data
[Agent] Price data: O=370.00000000 H=370.80999756 L=365.22000122 C=365.44000244 V=2426800.00000000
[Agent_Features] Generated 18 features for the latest tick.
[Agent] Exploration: Random action: SELL
[Portfolio] Logged Trade: SELL 0.53543746 ADBE @ 365.44. New Cash: 6551.54, New Coins: 10.17331169
[Agent] Received reward: 0.00000000
[NeuralNetworkInterface] Received reward signal: 0.00000000
[Agent] Making decision using full OHLCV data
[Agent] Price data: O=369.27999878 H=373.70001221 L=367.25000000 C=373.02999878 V=2004700.00000000
[Agent_Features] Generated 18 features for the latest tick.
[Agent] Exploration: Random action: HOLD
[Agent] Received reward: 0.00000000
[NeuralNetworkInterface] Received reward signal: 0.00000000
[Agent] Making decision using full OHLCV data
[Agent] Price data: O=374.29000854 H=374.42999268 L=367.14999390 C=370.64001465 V=2355600.00000000
[Agent_Features] Generated 18 features for the latest tick.
[Agent] Exploration: Random action: BUY
[Portfolio] Logged Trade: BUY 0.88381512 ADBE @ 370.64. New Cash: 6223.97, New Coins: 11.05712682
[Agent] Received reward: 0.00000000
[NeuralNetworkInterface] Received reward signal: 0.00000000
[Agent] Making decision using full OHLCV data
[Agent] Price data: O=374.83999634 H=377.70999146 L=372.39001465 C=372.55999756 V=1917100.00000000
[Agent_Features] Generated 18 features for the latest tick.
[Agent] Exploration: Random action: BUY
[Portfolio] Logged Trade: BUY 0.83529737 ADBE @ 372.56. New Cash: 5912.77, New Coins: 11.89242419
[Agent] Received reward: 0.00000000
[NeuralNetworkInterface] Received reward signal: 0.00000000
[Agent] Making decision using full OHLCV data
[Agent] Price data: O=379.67001343 H=379.82998657 L=375.85000610 C=376.27999878 V=1690300.00000000
[Agent_Features] Generated 18 features for the latest tick.
[Agent] Exploration: Random action: HOLD
[Agent] Received reward: 0.00000000
[NeuralNetworkInterface] Received reward signal: 0.00000000
[Agent] Making decision using full OHLCV data
[Agent] Price data: O=378.85000610 H=382.58999634 L=378.58999634 C=380.20001221 V=2074400.00000000
[Agent_Features] Generated 18 features for the latest tick.
[Agent] Exploration: Random action: SELL
[Portfolio] Logged Trade: SELL 0.59462121 ADBE @ 380.20. New Cash: 6138.84, New Coins: 11.29780298
[Agent] Received reward: 0.00000000
[NeuralNetworkInterface] Received reward signal: 0.00000000
[Agent] Making decision using full OHLCV data
[Agent] Price data: O=383.27999878 H=385.00000000 L=381.48001099 C=383.82998657 V=2580400.00000000
[Agent_Features] Generated 18 features for the latest tick.
[Agent] Exploration: Random action: BUY
[Portfolio] Logged Trade: BUY 0.79968274 ADBE @ 383.83. New Cash: 5831.90, New Coins: 12.09748572
[Agent] Received reward: 0.00000000
[NeuralNetworkInterface] Received reward signal: 0.00000000
[Agent] Making decision using full OHLCV data
[Agent] Price data: O=378.95999146 H=386.75000000 L=373.48001099 C=384.00000000 V=3789300.00000000
[Agent_Features] Generated 18 features for the latest tick.
[Agent] Exploration: Random action: SELL
[Portfolio] Logged Trade: SELL 0.60487429 ADBE @ 384.00. New Cash: 6064.17, New Coins: 11.49261144
[Agent] Received reward: 0.00000000
[NeuralNetworkInterface] Received reward signal: 0.00000000
[Agent] Making decision using full OHLCV data
[Agent] Price data: O=372.95001221 H=378.33999634 L=368.75000000 C=378.01998901 V=2742800.00000000
[Agent_Features] Generated 18 features for the latest tick.
[Agent] Exploration: Random action: SELL
[Portfolio] Logged Trade: SELL 0.57463057 ADBE @ 378.02. New Cash: 6281.40, New Coins: 10.91798086
[Agent] Received reward: 0.00000000
[NeuralNetworkInterface] Received reward signal: 0.00000000
[Agent] Making decision using full OHLCV data
[Agent] Price data: O=357.41000366 H=363.45999146 L=349.00000000 C=355.39001465 V=3924000.00000000
[Agent_Features] Generated 18 features for the latest tick.
[Agent] Exploration: Random action: SELL
[Portfolio] Logged Trade: SELL 0.54589904 ADBE @ 355.39. New Cash: 6475.40, New Coins: 10.37208182
[Agent] Received reward: 0.00000000
[NeuralNetworkInterface] Received reward signal: 0.00000000
[Agent] Making decision using full OHLCV data
[Agent] Price data: O=347.79998779 H=363.97000122 L=346.27999878 C=361.00000000 V=4188100.00000000
[Agent_Features] Generated 18 features for the latest tick.
[Agent] Exploration: Random action: BUY
[Portfolio] Logged Trade: BUY 0.89687019 ADBE @ 361.00. New Cash: 6151.63, New Coins: 11.26895201
[Agent] Received reward: 0.00000000
[NeuralNetworkInterface] Received reward signal: 0.00000000
[Agent] Making decision using full OHLCV data
[Agent] Price data: O=351.33999634 H=360.07000732 L=348.60000610 C=349.39999390 V=3489700.00000000
[Agent_Features] Generated 18 features for the latest tick.
[Agent] Exploration: Random action: BUY
[Portfolio] Logged Trade: BUY 0.88031379 ADBE @ 349.40. New Cash: 5844.05, New Coins: 12.14926580
[Agent] Received reward: 0.00000000
[NeuralNetworkInterface] Received reward signal: 0.00000000
[Agent] Making decision using full OHLCV data
[Agent] Price data: O=337.51998901 H=352.23999023 L=337.26998901 C=340.00000000 V=4737700.00000000
[Agent_Features] Generated 18 features for the latest tick.
[Agent] Exploration: Random action: SELL
[Portfolio] Logged Trade: SELL 0.60746329 ADBE @ 340.00. New Cash: 6050.59, New Coins: 11.54180251
[Agent] Received reward: 0.00000000
[NeuralNetworkInterface] Received reward signal: 0.00000000
[Agent] Making decision using full OHLCV data
[Agent] Price data: O=345.11999512 H=345.45999146 L=324.00000000 C=324.42001343 V=6463400.00000000
[Agent_Features] Generated 18 features for the latest tick.
[Agent] Exploration: Random action: HOLD
[Agent] Received reward: 0.00000000
[NeuralNetworkInterface] Received reward signal: 0.00000000
[Agent] Making decision using full OHLCV data
[Agent] Price data: O=360.27999878 H=360.75000000 L=342.60998535 C=349.80999756 V=5398100.00000000
[Agent_Features] Generated 18 features for the latest tick.
[Agent] Exploration: Random action: SELL
[Portfolio] Logged Trade: SELL 0.57709013 ADBE @ 349.81. New Cash: 6252.46, New Coins: 10.96471238
[Agent] Received reward: 0.00000000
[NeuralNetworkInterface] Received reward signal: 0.00000000
[Agent] Making decision using full OHLCV data
[Agent] Price data: O=348.33999634 H=364.95001221 L=344.04000854 C=361.76000977 V=4204500.00000000
[Agent_Features] Generated 18 features for the latest tick.
[Agent] Exploration: Random action: BUY
[Portfolio] Logged Trade: BUY 0.86417241 ADBE @ 361.76. New Cash: 5939.84, New Coins: 11.82888479
[Agent] Received reward: 0.00000000
[NeuralNetworkInterface] Received reward signal: 0.00000000
[Agent] Making decision using full OHLCV data
[Agent] Price data: O=363.85000610 H=364.26998901 L=350.07998657 C=354.38000488 V=4146300.00000000
[Agent_Features] Generated 18 features for the latest tick.
[Agent] Exploration: Random action: BUY
[Portfolio] Logged Trade: BUY 0.83806046 ADBE @ 354.38. New Cash: 5642.85, New Coins: 12.66694525
[Agent] Received reward: 0.00000000
[NeuralNetworkInterface] Received reward signal: 0.00000000
[Agent] Making decision using full OHLCV data
[Agent] Price data: O=351.02999878 H=360.45001221 L=347.19000244 C=355.05999756 V=3199000.00000000
[Agent_Features] Generated 18 features for the latest tick.
[Agent] Exploration: Random action: HOLD
[Agent] Received reward: 0.00000000
[NeuralNetworkInterface] Received reward signal: 0.00000000
[Agent] Making decision using full OHLCV data
[Agent] Price data: O=336.76998901 H=344.16000366 L=326.60000610 C=340.45001221 V=5622900.00000000
[Agent_Features] Generated 18 features for the latest tick.
[Agent] Exploration: Random action: BUY
[Portfolio] Logged Trade: BUY 0.82873334 ADBE @ 340.45. New Cash: 5360.70, New Coins: 13.49567859
[Agent] Received reward: 0.00000000
[NeuralNetworkInterface] Received reward signal: 0.00000000
[Agent] Making decision using full OHLCV data
[Agent] Price data: O=305.79000854 H=322.44000244 L=305.32998657 C=311.67999268 V=5291900.00000000
[Agent_Features] Generated 18 features for the latest tick.
[Agent] Exploration: Random action: HOLD
[Agent] Received reward: 0.00000000
[NeuralNetworkInterface] Received reward signal: 0.00000000
[Agent] Making decision using full OHLCV data
[Agent] Price data: O=332.38000488 H=332.94000244 L=309.30999756 C=318.98001099 V=5973700.00000000
[Agent_Features] Generated 18 features for the latest tick.
[Agent] Exploration: Random action: SELL
[Portfolio] Logged Trade: SELL 0.67478393 ADBE @ 318.98. New Cash: 5575.95, New Coins: 12.82089466
[Agent] Received reward: 0.00000000
[NeuralNetworkInterface] Received reward signal: 0.00000000
[Agent] Making decision using full OHLCV data
[Agent] Price data: O=315.23001099 H=326.35998535 L=309.00000000 C=324.32000732 V=4869200.00000000
[Agent_Features] Generated 18 features for the latest tick.
[Agent] Exploration: Random action: BUY
[Portfolio] Logged Trade: BUY 0.85963642 ADBE @ 324.32. New Cash: 5297.15, New Coins: 13.68053109
[Agent] Received reward: 0.00000000
[NeuralNetworkInterface] Received reward signal: 0.00000000
[Agent] Making decision using full OHLCV data
[Agent] Price data: O=285.00000000 H=310.13000488 L=283.00000000 C=290.41000366 V=7230200.00000000
[Agent_Features] Generated 18 features for the latest tick.
[Agent] Exploration: Random action: SELL
[Portfolio] Logged Trade: SELL 0.68402655 ADBE @ 290.41. New Cash: 5495.80, New Coins: 12.99650453
[Agent] Received reward: 0.00000000
[NeuralNetworkInterface] Received reward signal: 0.00000000
[Agent] Making decision using full OHLCV data
[Agent] Price data: O=335.50000000 H=336.00000000 L=298.00000000 C=312.88000488 V=8935200.00000000
[Agent_Features] Generated 18 features for the latest tick.
[Agent] Exploration: Random action: SELL
[Portfolio] Logged Trade: SELL 0.64982523 ADBE @ 312.88. New Cash: 5699.11, New Coins: 12.34667930
[Agent] Received reward: 0.00000000
[NeuralNetworkInterface] Received reward signal: 0.00000000
[Agent] Making decision using full OHLCV data
[Agent] Price data: O=286.02999878 H=307.10998535 L=283.25000000 C=288.35998535 V=7140100.00000000
[Agent_Features] Generated 18 features for the latest tick.
[Agent] Exploration: Random action: BUY
[Portfolio] Logged Trade: BUY 0.98819432 ADBE @ 288.36. New Cash: 5414.16, New Coins: 13.33487363
[Agent] Received reward: 0.00000000
[NeuralNetworkInterface] Received reward signal: 0.00000000
[Agent] Making decision using full OHLCV data
[Agent] Price data: O=311.80999756 H=312.95001221 L=278.35000610 C=291.20001221 V=6189100.00000000
[Agent_Features] Generated 18 features for the latest tick.
[Agent] Exploration: Random action: SELL
[Portfolio] Logged Trade: SELL 0.66674368 ADBE @ 291.20. New Cash: 5608.31, New Coins: 12.66812995
[Agent] Received reward: 0.00000000
[NeuralNetworkInterface] Received reward signal: 0.00000000
[Agent] Making decision using full OHLCV data
[Agent] Price data: O=294.60998535 H=296.86999512 L=255.13000488 C=290.00000000 V=7293300.00000000
[Agent_Features] Generated 18 features for the latest tick.
[Agent] Exploration: Random action: BUY
[Portfolio] Logged Trade: BUY 0.96695070 ADBE @ 290.00. New Cash: 5327.90, New Coins: 13.63508065
[Agent] Received reward: -0.00000000
[NeuralNetworkInterface] Received reward signal: -0.00000000
[Agent] Making decision using full OHLCV data
[Agent] Price data: O=307.51000977 H=318.70999146 L=281.10000610 C=291.76998901 V=6023800.00000000
[Agent_Features] Generated 18 features for the latest tick.
[Agent] Exploration: Random action: HOLD
[Agent] Received reward: 0.00000000
[NeuralNetworkInterface] Received reward signal: 0.00000000
[Agent] Making decision using full OHLCV data
[Agent] Price data: O=295.33999634 H=324.79998779 L=293.76998901 C=312.92001343 V=7461800.00000000
[Agent_Features] Generated 18 features for the latest tick.
[Agent] Exploration: Random action: SELL
[Portfolio] Logged Trade: SELL 0.68175403 ADBE @ 312.92. New Cash: 5541.23, New Coins: 12.95332662
[Agent] Received reward: 0.00000000
[NeuralNetworkInterface] Received reward signal: 0.00000000
[Agent] Making decision using full OHLCV data
[Agent] Price data: O=307.26998901 H=312.48999023 L=287.77999878 C=296.67001343 V=6016800.00000000
[Agent_Features] Generated 18 features for the latest tick.
[Agent] Exploration: Random action: SELL
[Portfolio] Logged Trade: SELL 0.64766633 ADBE @ 296.67. New Cash: 5733.38, New Coins: 12.30566029
[Agent] Received reward: 0.00000000
[NeuralNetworkInterface] Received reward signal: 0.00000000
[Agent] Making decision using full OHLCV data
[Agent] Price data: O=310.00000000 H=326.98999023 L=301.58999634 C=322.95999146 V=6592200.00000000
[Agent_Features] Generated 18 features for the latest tick.
[Agent] Exploration: Random action: HOLD
[Agent] Received reward: 0.00000000
[NeuralNetworkInterface] Received reward signal: 0.00000000
[Agent] Making decision using full OHLCV data
[Agent] Price data: O=305.91000366 H=317.64999390 L=298.13000488 C=308.00000000 V=4830400.00000000
[Agent_Features] Generated 18 features for the latest tick.
[Agent] Exploration: Random action: SELL
[Portfolio] Logged Trade: SELL 0.61528301 ADBE @ 308.00. New Cash: 5922.88, New Coins: 11.69037727
[Agent] Received reward: 0.00000000
[NeuralNetworkInterface] Received reward signal: 0.00000000
[Agent] Making decision using full OHLCV data
[Agent] Price data: O=322.67001343 H=324.42999268 L=305.69000244 C=305.98999023 V=4531000.00000000
[Agent_Features] Generated 18 features for the latest tick.
[Agent] Exploration: Random action: BUY
[Portfolio] Logged Trade: BUY 0.96782303 ADBE @ 305.99. New Cash: 5626.74, New Coins: 12.65820030
[Agent] Received reward: 0.00000000
[NeuralNetworkInterface] Received reward signal: 0.00000000
[Agent] Making decision using full OHLCV data
[Agent] Price data: O=305.82998657 H=314.29000854 L=300.63000488 C=311.70001221 V=4862100.00000000
[Agent_Features] Generated 18 features for the latest tick.
[Agent] Exploration: Random action: HOLD
[Agent] Received reward: 0.00000000
[NeuralNetworkInterface] Received reward signal: 0.00000000
[Agent] Making decision using full OHLCV data
[Agent] Price data: O=318.39001465 H=322.97000122 L=308.01000977 C=308.89001465 V=4340200.00000000
[Agent_Features] Generated 18 features for the latest tick.
[Agent] Exploration: Random action: HOLD
[Agent] Received reward: 0.00000000
[NeuralNetworkInterface] Received reward signal: 0.00000000
[Agent] Making decision using full OHLCV data
[Agent] Price data: O=318.23999023 H=326.32998657 L=312.67999268 C=316.41000366 V=6413700.00000000
[Agent_Features] Generated 18 features for the latest tick.
[Agent] Exploration: Random action: SELL
[Portfolio] Logged Trade: SELL 0.63291002 ADBE @ 316.41. New Cash: 5827.00, New Coins: 12.02529029
[Agent] Received reward: 0.00000000
[NeuralNetworkInterface] Received reward signal: 0.00000000
[Agent] Making decision using full OHLCV data
[Agent] Price data: O=301.20999146 H=309.60998535 L=298.32000732 C=307.00000000 V=3903000.00000000
[Agent_Features] Generated 18 features for the latest tick.
[Agent] Exploration: Random action: HOLD
[Agent] Received reward: 0.00000000
[NeuralNetworkInterface] Received reward signal: 0.00000000
[Agent] Making decision using full OHLCV data
[Agent] Price data: O=303.95999146 H=306.50000000 L=293.17999268 C=297.76000977 V=3589700.00000000
[Agent_Features] Generated 18 features for the latest tick.
[Agent] Exploration: Random action: BUY
[Portfolio] Logged Trade: BUY 0.97847224 ADBE @ 297.76. New Cash: 5535.65, New Coins: 13.00376253
[Agent] Received reward: 0.00000000
[NeuralNetworkInterface] Received reward signal: 0.00000000
[Agent] Making decision using full OHLCV data
[Agent] Price data: O=293.60998535 H=303.47000122 L=289.70999146 C=302.05999756 V=3934700.00000000
[Agent_Features] Generated 18 features for the latest tick.
[Agent] Exploration: Random action: BUY
[Portfolio] Logged Trade: BUY 0.91631600 ADBE @ 302.06. New Cash: 5258.87, New Coins: 13.92007854
[Agent] Received reward: -0.00000000
[NeuralNetworkInterface] Received reward signal: -0.00000000
[Agent] Making decision using full OHLCV data
[Agent] Price data: O=319.13000488 H=320.51000977 L=299.95999146 C=306.55999756 V=5145100.00000000
[Agent_Features] Generated 18 features for the latest tick.
[Agent] Exploration: Random action: SELL
[Portfolio] Logged Trade: SELL 0.69600393 ADBE @ 306.56. New Cash: 5472.23, New Coins: 13.22407461
[Agent] Received reward: 0.00000000
[NeuralNetworkInterface] Received reward signal: 0.00000000
[Agent] Making decision using full OHLCV data
[Agent] Price data: O=308.92999268 H=328.32000732 L=306.29998779 C=327.41000366 V=5422300.00000000
[Agent_Features] Generated 18 features for the latest tick.
[Agent] Exploration: Random action: HOLD
[Agent] Received reward: 0.00000000
[NeuralNetworkInterface] Received reward signal: 0.00000000
[Agent] Making decision using full OHLCV data
[Agent] Price data: O=317.17999268 H=317.72000122 L=308.20001221 C=313.88000488 V=4002500.00000000
[Agent_Features] Generated 18 features for the latest tick.
[Agent] Exploration: Random action: HOLD
[Agent] Received reward: 0.00000000
[NeuralNetworkInterface] Received reward signal: 0.00000000
[Agent] Making decision using full OHLCV data
[Agent] Price data: O=318.70001221 H=320.77999878 L=310.79000854 C=318.64999390 V=3290200.00000000
[Agent_Features] Generated 18 features for the latest tick.
[Agent] Exploration: Random action: BUY
[Portfolio] Logged Trade: BUY 0.85865885 ADBE @ 318.65. New Cash: 5198.62, New Coins: 14.08273346
[Agent] Received reward: 0.00000000
[NeuralNetworkInterface] Received reward signal: 0.00000000
[Agent] Making decision using full OHLCV data
[Agent] Price data: O=320.64999390 H=320.89999390 L=313.75000000 C=315.94000244 V=1839000.00000000
[Agent_Features] Generated 18 features for the latest tick.
[Agent] Exploration: Random action: BUY
[Portfolio] Logged Trade: BUY 0.82272284 ADBE @ 315.94. New Cash: 4938.69, New Coins: 14.90545630
[Agent] Received reward: 0.00000000
[NeuralNetworkInterface] Received reward signal: 0.00000000
[Agent] Making decision using full OHLCV data
[Agent] Price data: O=340.76998901 H=342.10000610 L=328.47000122 C=328.76998901 V=3858900.00000000
[Agent_Features] Generated 18 features for the latest tick.
[Agent] Exploration: Random action: BUY
[Portfolio] Logged Trade: BUY 0.75108590 ADBE @ 328.77. New Cash: 4691.76, New Coins: 15.65654220
[Agent] Received reward: 0.00000000
[NeuralNetworkInterface] Received reward signal: 0.00000000
[Agent] Making decision using full OHLCV data
[Agent] Price data: O=332.54998779 H=339.22000122 L=329.64999390 C=335.33999634 V=2818600.00000000
[Agent_Features] Generated 18 features for the latest tick.
[Agent] Exploration: Random action: BUY
[Portfolio] Logged Trade: BUY 0.69955204 ADBE @ 335.34. New Cash: 4457.17, New Coins: 16.35609423
[Agent] Received reward: 0.00000000
[NeuralNetworkInterface] Received reward signal: 0.00000000
[Agent] Making decision using full OHLCV data
[Agent] Price data: O=342.70001221 H=345.51998901 L=336.04000854 C=339.70999146 V=3918600.00000000
[Agent_Features] Generated 18 features for the latest tick.
[Agent] Exploration: Random action: BUY
[Portfolio] Logged Trade: BUY 0.65602542 ADBE @ 339.71. New Cash: 4234.31, New Coins: 17.01211965
[Agent] Received reward: 0.00000000
[NeuralNetworkInterface] Received reward signal: 0.00000000
[Agent] Making decision using full OHLCV data
[Agent] Price data: O=344.10998535 H=350.38000488 L=340.50000000 C=350.08999634 V=3342400.00000000
[Agent_Features] Generated 18 features for the latest tick.
[Agent] Exploration: Random action: HOLD
[Agent] Received reward: 0.00000000
[NeuralNetworkInterface] Received reward signal: 0.00000000
[Agent] Making decision using full OHLCV data
[Agent] Price data: O=344.88000488 H=348.50000000 L=338.75000000 C=340.79000854 V=2772000.00000000
[Agent_Features] Generated 18 features for the latest tick.
[Agent] Exploration: Random action: HOLD
[Agent] Received reward: 0.00000000
[NeuralNetworkInterface] Received reward signal: 0.00000000
[Agent] Making decision using full OHLCV data
[Agent] Price data: O=328.98999023 H=342.76000977 L=325.20999146 C=340.89999390 V=3548200.00000000
[Agent_Features] Generated 18 features for the latest tick.
[Agent] Exploration: Random action: HOLD
[Agent] Received reward: 0.00000000
[NeuralNetworkInterface] Received reward signal: 0.00000000
[Agent] Making decision using full OHLCV data
[Agent] Price data: O=336.76998901 H=339.38000488 L=332.79998779 C=337.41000366 V=2231500.00000000
[Agent_Features] Generated 18 features for the latest tick.
[Agent] Exploration: Random action: SELL
[Portfolio] Logged Trade: SELL 0.85060598 ADBE @ 337.41. New Cash: 4521.31, New Coins: 16.16151367
[Agent] Received reward: 0.00000000
[NeuralNetworkInterface] Received reward signal: 0.00000000
[Agent] Making decision using full OHLCV data
[Agent] Price data: O=335.36999512 H=341.75000000 L=334.79998779 C=338.89999390 V=2120300.00000000
[Agent_Features] Generated 18 features for the latest tick.
[Agent] Exploration: Random action: SELL
[Portfolio] Logged Trade: SELL 0.80807568 ADBE @ 338.90. New Cash: 4795.17, New Coins: 15.35343799
[Agent] Received reward: 0.00000000
[NeuralNetworkInterface] Received reward signal: 0.00000000
[Agent] Making decision using full OHLCV data
[Agent] Price data: O=344.10000610 H=344.70001221 L=333.50000000 C=338.00000000 V=2143900.00000000
[Agent_Features] Generated 18 features for the latest tick.
[Agent] Exploration: Random action: HOLD
[Agent] Received reward: 0.00000000
[NeuralNetworkInterface] Received reward signal: 0.00000000
[Agent] Making decision using full OHLCV data
[Agent] Price data: O=348.50000000 H=349.95999146 L=345.11999512 C=348.79998779 V=2375200.00000000
[Agent_Features] Generated 18 features for the latest tick.
[Agent] Exploration: Random action: HOLD
[Agent] Received reward: 0.00000000
[NeuralNetworkInterface] Received reward signal: 0.00000000
[Agent] Making decision using full OHLCV data
[Agent] Price data: O=333.45001221 H=353.45001221 L=332.57000732 C=353.08999634 V=3895600.00000000
[Agent_Features] Generated 18 features for the latest tick.
[Agent] Exploration: Random action: HOLD
[Agent] Received reward: 0.00000000
[NeuralNetworkInterface] Received reward signal: 0.00000000
[Agent] Making decision using full OHLCV data
[Agent] Price data: O=349.17001343 H=351.25000000 L=335.44000244 C=339.52999878 V=5006400.00000000
[Agent_Features] Generated 18 features for the latest tick.
[Agent] Exploration: Random action: BUY
[Portfolio] Logged Trade: BUY 0.70614809 ADBE @ 339.53. New Cash: 4555.41, New Coins: 16.05958608
[Agent] Received reward: 0.00000000
[NeuralNetworkInterface] Received reward signal: 0.00000000
[Agent] Making decision using full OHLCV data
[Agent] Price data: O=353.64001465 H=356.23001099 L=346.54998779 C=348.01000977 V=3902200.00000000
[Agent_Features] Generated 18 features for the latest tick.
[Agent] Exploration: Random action: BUY
[Portfolio] Logged Trade: BUY 0.65449421 ADBE @ 348.01. New Cash: 4327.64, New Coins: 16.71408029
[Agent] Received reward: 0.00000000
[NeuralNetworkInterface] Received reward signal: 0.00000000
[Agent] Making decision using full OHLCV data
[Agent] Price data: O=343.83999634 H=350.30999756 L=340.26000977 C=347.23999023 V=2578600.00000000
[Agent_Features] Generated 18 features for the latest tick.
[Agent] Exploration: Random action: BUY
[Portfolio] Logged Trade: BUY 0.62314830 ADBE @ 347.24. New Cash: 4111.26, New Coins: 17.33722859
[Agent] Received reward: 0.00000000
[NeuralNetworkInterface] Received reward signal: 0.00000000
[Agent] Making decision using full OHLCV data
[Agent] Price data: O=349.10998535 H=350.60000610 L=340.00000000 C=340.73999023 V=2372000.00000000
[Agent_Features] Generated 18 features for the latest tick.
[Agent] Exploration: Random action: SELL
[Portfolio] Logged Trade: SELL 0.86686143 ADBE @ 340.74. New Cash: 4406.63, New Coins: 16.47036716
[Agent] Received reward: -0.00000000
[NeuralNetworkInterface] Received reward signal: -0.00000000
[Agent] Making decision using full OHLCV data
[Agent] Price data: O=356.13000488 H=359.70001221 L=352.39001465 C=353.38000488 V=2377400.00000000
[Agent_Features] Generated 18 features for the latest tick.
[Agent] Exploration: Random action: BUY
[Portfolio] Logged Trade: BUY 0.62349772 ADBE @ 353.38. New Cash: 4186.30, New Coins: 17.09386488
[Agent] Received reward: 0.00000000
[NeuralNetworkInterface] Received reward signal: 0.00000000
[Agent] Making decision using full OHLCV data
[Agent] Price data: O=362.51998901 H=366.79000854 L=357.13000488 C=357.92001343 V=2319700.00000000
[Agent_Features] Generated 18 features for the latest tick.
[Agent] Exploration: Random action: BUY
[Portfolio] Logged Trade: BUY 0.58480956 ADBE @ 357.92. New Cash: 3976.99, New Coins: 17.67867444
[Agent] Received reward: 0.00000000
[NeuralNetworkInterface] Received reward signal: 0.00000000
[Agent] Making decision using full OHLCV data
[Agent] Price data: O=366.77999878 H=369.50000000 L=365.50000000 C=368.82000732 V=2465200.00000000
[Agent_Features] Generated 18 features for the latest tick.
[Agent] Exploration: Random action: BUY
[Portfolio] Logged Trade: BUY 0.53914996 ADBE @ 368.82. New Cash: 3778.14, New Coins: 18.21782440
[Agent] Received reward: -0.00000000
[NeuralNetworkInterface] Received reward signal: -0.00000000
[Agent] Making decision using full OHLCV data
[Agent] Price data: O=367.51000977 H=371.10000610 L=365.41000366 C=370.00000000 V=2547200.00000000
[Agent_Features] Generated 18 features for the latest tick.
[Agent] Exploration: Random action: SELL
[Portfolio] Logged Trade: SELL 0.91089122 ADBE @ 370.00. New Cash: 4115.17, New Coins: 17.30693318
[Agent] Received reward: 0.00000000
[NeuralNetworkInterface] Received reward signal: 0.00000000
[Agent] Making decision using full OHLCV data
[Agent] Price data: O=371.42001343 H=373.63000488 L=364.50000000 C=365.83999634 V=2266200.00000000
[Agent_Features] Generated 18 features for the latest tick.
[Agent] Exploration: Random action: SELL
[Portfolio] Logged Trade: SELL 0.86534666 ADBE @ 365.84. New Cash: 4431.74, New Coins: 16.44158652
[Agent] Received reward: 0.00000000
[NeuralNetworkInterface] Received reward signal: 0.00000000
[Agent] Making decision using full OHLCV data
[Agent] Price data: O=365.10000610 H=372.72000122 L=364.54998779 C=371.45999146 V=2071800.00000000
[Agent_Features] Generated 18 features for the latest tick.
[Agent] Exploration: Random action: BUY
[Portfolio] Logged Trade: BUY 0.59653056 ADBE @ 371.46. New Cash: 4210.16, New Coins: 17.03811709
[Agent] Received reward: 0.00000000
[NeuralNetworkInterface] Received reward signal: 0.00000000
[Agent] Making decision using full OHLCV data
[Agent] Price data: O=358.55999756 H=367.42999268 L=352.70999146 C=366.45001221 V=3365500.00000000
[Agent_Features] Generated 18 features for the latest tick.
[Agent] Exploration: Random action: BUY
[Portfolio] Logged Trade: BUY 0.57445182 ADBE @ 366.45. New Cash: 3999.65, New Coins: 17.61256890
[Agent] Received reward: 0.00000000
[NeuralNetworkInterface] Received reward signal: 0.00000000
[Agent] Making decision using full OHLCV data
[Agent] Price data: O=355.39001465 H=357.00000000 L=348.01000977 C=354.00000000 V=2752000.00000000
[Agent_Features] Generated 18 features for the latest tick.
[Agent] Exploration: Random action: BUY
[Portfolio] Logged Trade: BUY 0.56492227 ADBE @ 354.00. New Cash: 3799.67, New Coins: 18.17749117
[Agent] Received reward: 0.00000000
[NeuralNetworkInterface] Received reward signal: 0.00000000
[Agent] Making decision using full OHLCV data
[Agent] Price data: O=365.29998779 H=365.48001099 L=351.52999878 C=351.57000732 V=2626600.00000000
[Agent_Features] Generated 18 features for the latest tick.
[Agent] Exploration: Random action: SELL
[Portfolio] Logged Trade: SELL 0.90887456 ADBE @ 351.57. New Cash: 4119.20, New Coins: 17.26861661
[Agent] Received reward: 0.00000000
[NeuralNetworkInterface] Received reward signal: 0.00000000
[Agent] Making decision using full OHLCV data
[Agent] Price data: O=367.97000122 H=375.48999023 L=367.20999146 C=371.58999634 V=2351900.00000000
[Agent_Features] Generated 18 features for the latest tick.
[Agent] Exploration: Random action: BUY
[Portfolio] Logged Trade: BUY 0.55426683 ADBE @ 371.59. New Cash: 3913.24, New Coins: 17.82288344
[Agent] Received reward: 0.00000000
[NeuralNetworkInterface] Received reward signal: 0.00000000
[Agent] Making decision using full OHLCV data
[Agent] Price data: O=372.20001221 H=376.00000000 L=368.89001465 C=369.88000488 V=2753700.00000000
[Agent_Features] Generated 18 features for the latest tick.
[Agent] Exploration: Random action: BUY
[Portfolio] Logged Trade: BUY 0.52898780 ADBE @ 369.88. New Cash: 3717.58, New Coins: 18.35187124
[Agent] Received reward: 0.00000000
[NeuralNetworkInterface] Received reward signal: 0.00000000
[Agent] Making decision using full OHLCV data
[Agent] Price data: O=383.63000488 H=384.39999390 L=377.05999756 C=377.20999146 V=2824700.00000000
[Agent_Features] Generated 18 features for the latest tick.
[Agent] Exploration: Random action: SELL
[Portfolio] Logged Trade: SELL 0.91759356 ADBE @ 377.21. New Cash: 4063.70, New Coins: 17.43427768
[Agent] Received reward: -0.00000000
[NeuralNetworkInterface] Received reward signal: -0.00000000
[Agent] Making decision using full OHLCV data
[Agent] Price data: O=382.17001343 H=385.11999512 L=380.60000610 C=382.00000000 V=2261100.00000000
[Agent_Features] Generated 18 features for the latest tick.
[Agent] Exploration: Random action: BUY
[Portfolio] Logged Trade: BUY 0.53189838 ADBE @ 382.00. New Cash: 3860.52, New Coins: 17.96617606
[Agent] Received reward: 0.00000000
[NeuralNetworkInterface] Received reward signal: 0.00000000
[Agent] Making decision using full OHLCV data
[Agent] Price data: O=385.26000977 H=386.51998901 L=380.95001221 C=381.39001465 V=1688200.00000000
[Agent_Features] Generated 18 features for the latest tick.
[Agent] Exploration: Random action: HOLD
[Agent] Received reward: 0.00000000
[NeuralNetworkInterface] Received reward signal: 0.00000000
[Agent] Making decision using full OHLCV data
[Agent] Price data: O=376.63000488 H=391.26998901 L=374.80999756 C=391.00000000 V=3526000.00000000
[Agent_Features] Generated 18 features for the latest tick.
[Agent] Exploration: Random action: BUY
[Portfolio] Logged Trade: BUY 0.49367244 ADBE @ 391.00. New Cash: 3667.49, New Coins: 18.45984849
[Agent] Received reward: 0.00000000
[NeuralNetworkInterface] Received reward signal: 0.00000000
[Agent] Making decision using full OHLCV data
[Agent] Price data: O=375.17001343 H=375.70001221 L=361.44000244 C=373.23999023 V=3553300.00000000
[Agent_Features] Generated 18 features for the latest tick.
[Agent] Exploration: Random action: HOLD
[Agent] Received reward: 0.00000000
[NeuralNetworkInterface] Received reward signal: 0.00000000
[Agent] Making decision using full OHLCV data
[Agent] Price data: O=379.82998657 H=386.89999390 L=372.50000000 C=372.50000000 V=2903600.00000000
[Agent_Features] Generated 18 features for the latest tick.
[Agent] Exploration: Random action: BUY
[Portfolio] Logged Trade: BUY 0.49228088 ADBE @ 372.50. New Cash: 3484.12, New Coins: 18.95212937
[Agent] Received reward: 0.00000000
[NeuralNetworkInterface] Received reward signal: 0.00000000
[Agent] Making decision using full OHLCV data
[Agent] Price data: O=386.60000610 H=389.04998779 L=377.07998657 C=382.61999512 V=5892000.00000000
[Agent_Features] Generated 18 features for the latest tick.
[Agent] Exploration: Random action: BUY
[Portfolio] Logged Trade: BUY 0.45529742 ADBE @ 382.62. New Cash: 3309.91, New Coins: 19.40742679
[Agent] Received reward: 0.00000000
[NeuralNetworkInterface] Received reward signal: 0.00000000
[Agent] Making decision using full OHLCV data
[Agent] Price data: O=389.67999268 H=389.98999023 L=382.89999390 C=387.07998657 V=2034100.00000000
[Agent_Features] Generated 18 features for the latest tick.
[Agent] Exploration: Random action: HOLD
[Agent] Received reward: 0.00000000
[NeuralNetworkInterface] Received reward signal: 0.00000000
[Agent] Making decision using full OHLCV data
[Agent] Price data: O=390.44000244 H=390.91000366 L=382.02999878 C=389.92001343 V=2509600.00000000
[Agent_Features] Generated 18 features for the latest tick.
[Agent] Exploration: Random action: HOLD
[Agent] Received reward: 0.00000000
[NeuralNetworkInterface] Received reward signal: 0.00000000
[Agent] Making decision using full OHLCV data
[Agent] Price data: O=389.92001343 H=391.14001465 L=387.45999146 C=390.82000732 V=2537100.00000000
[Agent_Features] Generated 18 features for the latest tick.
[Agent] Exploration: Random action: HOLD
[Agent] Received reward: 0.00000000
[NeuralNetworkInterface] Received reward signal: 0.00000000
[Agent] Making decision using full OHLCV data
[Agent] Price data: O=385.79998779 H=395.72000122 L=382.27999878 C=389.50000000 V=2422600.00000000
[Agent_Features] Generated 18 features for the latest tick.
[Agent] Exploration: Random action: SELL
[Portfolio] Logged Trade: SELL 0.97037134 ADBE @ 389.50. New Cash: 3687.87, New Coins: 18.43705545
[Agent] Received reward: 0.00000000
[NeuralNetworkInterface] Received reward signal: 0.00000000
[Agent] Making decision using full OHLCV data
[Agent] Price data: O=392.89999390 H=396.17001343 L=382.00000000 C=384.64001465 V=2793700.00000000
[Agent_Features] Generated 18 features for the latest tick.
[Agent] Exploration: Random action: BUY
[Portfolio] Logged Trade: BUY 0.47939261 ADBE @ 384.64. New Cash: 3503.48, New Coins: 18.91644806
[Agent] Received reward: 0.00000000
[NeuralNetworkInterface] Received reward signal: 0.00000000
[Agent] Making decision using full OHLCV data
[Agent] Price data: O=397.77999878 H=398.10000610 L=385.83999634 C=391.00000000 V=2593000.00000000
[Agent_Features] Generated 18 features for the latest tick.
[Agent] Exploration: Random action: SELL
[Portfolio] Logged Trade: SELL 0.94582240 ADBE @ 391.00. New Cash: 3873.29, New Coins: 17.97062566
[Agent] Received reward: 0.00000000
[NeuralNetworkInterface] Received reward signal: 0.00000000
[Agent] Making decision using full OHLCV data
[Agent] Price data: O=397.16000366 H=402.30999756 L=394.14999390 C=397.02999878 V=2279300.00000000
[Agent_Features] Generated 18 features for the latest tick.
[Agent] Exploration: Random action: HOLD
[Agent] Received reward: 0.00000000
[NeuralNetworkInterface] Received reward signal: 0.00000000
[Agent] Making decision using full OHLCV data
[Agent] Price data: O=406.82000732 H=409.98001099 L=399.48999023 C=399.58999634 V=3611600.00000000
[Agent_Features] Generated 18 features for the latest tick.
[Agent] Exploration: Random action: BUY
[Portfolio] Logged Trade: BUY 0.48465861 ADBE @ 399.59. New Cash: 3679.63, New Coins: 18.45528426
[Agent] Received reward: -0.00000000
[NeuralNetworkInterface] Received reward signal: -0.00000000
[Agent] Making decision using full OHLCV data
[Agent] Price data: O=387.67001343 H=404.20001221 L=387.36999512 C=400.00000000 V=4123700.00000000
[Agent_Features] Generated 18 features for the latest tick.
[Agent] Exploration: Random action: HOLD
[Agent] Received reward: 0.00000000
[NeuralNetworkInterface] Received reward signal: 0.00000000
[Agent] Making decision using full OHLCV data
[Agent] Price data: O=406.54000854 H=411.72000122 L=395.41000366 C=409.29998779 V=8332600.00000000
[Agent_Features] Generated 18 features for the latest tick.
[Agent] Exploration: Random action: SELL
[Portfolio] Logged Trade: SELL 0.92276421 ADBE @ 409.30. New Cash: 4057.32, New Coins: 17.53252005
[Agent] Received reward: 0.00000000
[NeuralNetworkInterface] Received reward signal: 0.00000000
[Agent] Making decision using full OHLCV data
[Agent] Price data: O=401.33999634 H=406.10998535 L=397.00000000 C=398.79998779 V=3781500.00000000
[Agent_Features] Generated 18 features for the latest tick.
[Agent] Exploration: Random action: BUY
[Portfolio] Logged Trade: BUY 0.50869075 ADBE @ 398.80. New Cash: 3854.45, New Coins: 18.04121080
[Agent] Received reward: -0.00000000
[NeuralNetworkInterface] Received reward signal: -0.00000000
[Agent] Making decision using full OHLCV data
[Agent] Price data: O=411.67001343 H=414.67999268 L=405.48001099 C=407.82998657 V=3764400.00000000
[Agent_Features] Generated 18 features for the latest tick.
[Agent] Exploration: Random action: SELL
[Portfolio] Logged Trade: SELL 0.90206054 ADBE @ 407.83. New Cash: 4222.34, New Coins: 17.13915026
[Agent] Received reward: 0.00000000
[NeuralNetworkInterface] Received reward signal: 0.00000000
[Agent] Making decision using full OHLCV data
[Agent] Price data: O=413.48999023 H=417.45999146 L=411.35998535 C=414.00000000 V=2112300.00000000
[Agent_Features] Generated 18 features for the latest tick.
[Agent] Exploration: Random action: SELL
[Portfolio] Logged Trade: SELL 0.85695751 ADBE @ 414.00. New Cash: 4577.12, New Coins: 16.28219274
[Agent] Received reward: 0.00000000
[NeuralNetworkInterface] Received reward signal: 0.00000000
[Agent] Making decision using full OHLCV data
[Agent] Price data: O=420.45999146 H=420.83999634 L=413.00000000 C=413.50000000 V=2578400.00000000
[Agent_Features] Generated 18 features for the latest tick.
[Agent] Exploration: Random action: BUY
[Portfolio] Logged Trade: BUY 0.55346060 ADBE @ 413.50. New Cash: 4348.26, New Coins: 16.83565334
[Agent] Received reward: 0.00000000
[NeuralNetworkInterface] Received reward signal: 0.00000000
[Agent] Making decision using full OHLCV data
[Agent] Price data: O=428.01000977 H=429.26998901 L=419.64999390 C=423.76000977 V=3931600.00000000
[Agent_Features] Generated 18 features for the latest tick.
[Agent] Exploration: Random action: HOLD
[Agent] Received reward: 0.00000000
[NeuralNetworkInterface] Received reward signal: 0.00000000
[Agent] Making decision using full OHLCV data
[Agent] Price data: O=438.64001465 H=438.95001221 L=428.54000854 C=428.95999146 V=3156300.00000000
[Agent_Features] Generated 18 features for the latest tick.
[Agent] Exploration: Random action: SELL
[Portfolio] Logged Trade: SELL 0.84178267 ADBE @ 428.96. New Cash: 4709.35, New Coins: 15.99387068
[Agent] Received reward: 0.00000000
[NeuralNetworkInterface] Received reward signal: 0.00000000
[Agent] Making decision using full OHLCV data
[Agent] Price data: O=440.54998779 H=446.14999390 L=436.01000977 C=440.07000732 V=3065900.00000000
[Agent_Features] Generated 18 features for the latest tick.
[Agent] Exploration: Random action: SELL
[Portfolio] Logged Trade: SELL 0.79969353 ADBE @ 440.07. New Cash: 5061.28, New Coins: 15.19417714
[Agent] Received reward: 0.00000000
[NeuralNetworkInterface] Received reward signal: 0.00000000
[Agent] Making decision using full OHLCV data
[Agent] Price data: O=431.67999268 H=442.67001343 L=427.47000122 C=440.00000000 V=3329400.00000000
[Agent_Features] Generated 18 features for the latest tick.
[Agent] Exploration: Random action: SELL
[Portfolio] Logged Trade: SELL 0.75970886 ADBE @ 440.00. New Cash: 5395.55, New Coins: 14.43446829
[Agent] Received reward: -0.00000000
[NeuralNetworkInterface] Received reward signal: -0.00000000
[Agent] Making decision using full OHLCV data
[Agent] Price data: O=436.95001221 H=437.98999023 L=427.57998657 C=430.01000977 V=2275200.00000000
[Agent_Features] Generated 18 features for the latest tick.
[Agent] Exploration: Random action: SELL
[Portfolio] Logged Trade: SELL 0.72172341 ADBE @ 430.01. New Cash: 5705.90, New Coins: 13.71274487
[Agent] Received reward: 0.00000000
[NeuralNetworkInterface] Received reward signal: 0.00000000
[Agent] Making decision using full OHLCV data
[Agent] Price data: O=426.92001343 H=438.17999268 L=424.70999146 C=436.00000000 V=3829700.00000000
[Agent_Features] Generated 18 features for the latest tick.
[Agent] Exploration: Random action: BUY
[Portfolio] Logged Trade: BUY 0.65434583 ADBE @ 436.00. New Cash: 5420.60, New Coins: 14.36709070
[Agent] Received reward: 0.00000000
[NeuralNetworkInterface] Received reward signal: 0.00000000
[Agent] Making decision using full OHLCV data
[Agent] Price data: O=424.20001221 H=428.48001099 L=416.02999878 C=427.10998535 V=2623900.00000000
[Agent_Features] Generated 18 features for the latest tick.
[Agent] Exploration: Random action: HOLD
[Agent] Received reward: 0.00000000
[NeuralNetworkInterface] Received reward signal: 0.00000000
[Agent] Making decision using full OHLCV data
[Agent] Price data: O=435.30999756 H=436.91000366 L=423.85998535 C=426.67999268 V=2944700.00000000
[Agent_Features] Generated 18 features for the latest tick.
[Agent] Exploration: Random action: BUY
[Portfolio] Logged Trade: BUY 0.63520682 ADBE @ 426.68. New Cash: 5149.57, New Coins: 15.00229752
[Agent] Received reward: 0.00000000
[NeuralNetworkInterface] Received reward signal: 0.00000000
[Agent] Making decision using full OHLCV data
[Agent] Price data: O=439.80999756 H=442.04998779 L=433.61999512 C=434.79998779 V=2581700.00000000
[Agent_Features] Generated 18 features for the latest tick.
[Agent] Exploration: Random action: SELL
[Portfolio] Logged Trade: SELL 0.75011488 ADBE @ 434.80. New Cash: 5475.72, New Coins: 14.25218264
[Agent] Received reward: -0.00000000
[NeuralNetworkInterface] Received reward signal: -0.00000000
[Agent] Making decision using full OHLCV data
[Agent] Price data: O=442.95001221 H=448.16000366 L=441.35998535 C=445.00000000 V=2503000.00000000
[Agent_Features] Generated 18 features for the latest tick.
[Agent] Exploration: Random action: SELL
[Portfolio] Logged Trade: SELL 0.71260913 ADBE @ 445.00. New Cash: 5792.83, New Coins: 13.53957351
[Agent] Received reward: 0.00000000
[NeuralNetworkInterface] Received reward signal: 0.00000000
[Agent] Making decision using full OHLCV data
[Agent] Price data: O=452.58999634 H=455.52999878 L=444.69000244 C=448.00000000 V=2761200.00000000
[Agent_Features] Generated 18 features for the latest tick.
[Agent] Exploration: Random action: BUY
[Portfolio] Logged Trade: BUY 0.64652141 ADBE @ 448.00. New Cash: 5503.19, New Coins: 14.18609492
[Agent] Received reward: 0.00000000
[NeuralNetworkInterface] Received reward signal: 0.00000000
[Agent] Making decision using full OHLCV data
[Agent] Price data: O=449.35998535 H=459.44000244 L=448.72000122 C=452.58999634 V=2684600.00000000
[Agent_Features] Generated 18 features for the latest tick.
[Agent] Exploration: Random action: BUY
[Portfolio] Logged Trade: BUY 0.60796640 ADBE @ 452.59. New Cash: 5228.03, New Coins: 14.79406131
[Agent] Received reward: 0.00000000
[NeuralNetworkInterface] Received reward signal: 0.00000000
[Agent] Making decision using full OHLCV data
[Agent] Price data: O=457.67999268 H=458.23999023 L=452.00000000 C=453.76000977 V=1999200.00000000
[Agent_Features] Generated 18 features for the latest tick.
[Agent] Exploration: Random action: BUY
[Portfolio] Logged Trade: BUY 0.57607883 ADBE @ 453.76. New Cash: 4966.63, New Coins: 15.37014014
[Agent] Received reward: 0.00000000
[NeuralNetworkInterface] Received reward signal: 0.00000000
[Agent] Making decision using full OHLCV data
[Agent] Price data: O=460.83999634 H=463.79998779 L=451.88000488 C=460.44000244 V=2269800.00000000
[Agent_Features] Generated 18 features for the latest tick.
[Agent] Exploration: Random action: HOLD
[Agent] Received reward: 0.00000000
[NeuralNetworkInterface] Received reward signal: 0.00000000
[Agent] Making decision using full OHLCV data
[Agent] Price data: O=466.20001221 H=467.20999146 L=455.48001099 C=460.82998657 V=3676200.00000000
[Agent_Features] Generated 18 features for the latest tick.
[Agent] Exploration: Random action: HOLD
[Agent] Received reward: 0.00000000
[NeuralNetworkInterface] Received reward signal: 0.00000000
[Agent] Making decision using full OHLCV data
[Agent] Price data: O=442.47000122 H=470.60998535 L=440.64001465 C=469.76998901 V=3480700.00000000
[Agent_Features] Generated 18 features for the latest tick.
[Agent] Exploration: Random action: BUY
[Portfolio] Logged Trade: BUY 0.52862350 ADBE @ 469.77. New Cash: 4718.30, New Coins: 15.89876365
[Agent] Received reward: -0.00000000
[NeuralNetworkInterface] Received reward signal: -0.00000000
[Agent] Making decision using full OHLCV data
[Agent] Price data: O=433.77999878 H=437.20999146 L=416.29000854 C=435.73999023 V=5666700.00000000
[Agent_Features] Generated 18 features for the latest tick.
[Agent] Exploration: Random action: HOLD
[Agent] Received reward: 0.00000000
[NeuralNetworkInterface] Received reward signal: 0.00000000
[Agent] Making decision using full OHLCV data
[Agent] Price data: O=433.01000977 H=439.63000488 L=428.73001099 C=434.91000366 V=2566200.00000000
[Agent_Features] Generated 18 features for the latest tick.
[Agent] Exploration: Random action: BUY
[Portfolio] Logged Trade: BUY 0.54244529 ADBE @ 434.91. New Cash: 4482.38, New Coins: 16.44120894
[Agent] Received reward: 0.00000000
[NeuralNetworkInterface] Received reward signal: 0.00000000
[Agent] Making decision using full OHLCV data
[Agent] Price data: O=426.29000854 H=430.58999634 L=418.51000977 C=428.42999268 V=2677700.00000000
[Agent_Features] Generated 18 features for the latest tick.
[Agent] Exploration: Random action: HOLD
[Agent] Received reward: 0.00000000
[NeuralNetworkInterface] Received reward signal: 0.00000000
[Agent] Making decision using full OHLCV data
[Agent] Price data: O=432.42001343 H=433.50000000 L=423.70001221 C=428.11999512 V=2568200.00000000
[Agent_Features] Generated 18 features for the latest tick.
[Agent] Exploration: Random action: HOLD
[Agent] Received reward: 0.00000000
[NeuralNetworkInterface] Received reward signal: 0.00000000
[Agent] Making decision using full OHLCV data
[Agent] Price data: O=455.26998901 H=456.89001465 L=433.00000000 C=434.05999756 V=3512500.00000000
[Agent_Features] Generated 18 features for the latest tick.
[Agent] Exploration: Random action: SELL
[Portfolio] Logged Trade: SELL 0.82206045 ADBE @ 434.06. New Cash: 4839.21, New Coins: 15.61914849
[Agent] Received reward: 0.00000000
[NeuralNetworkInterface] Received reward signal: 0.00000000
[Agent] Making decision using full OHLCV data
[Agent] Price data: O=444.27999878 H=456.98999023 L=441.75000000 C=456.07000732 V=2027600.00000000
[Agent_Features] Generated 18 features for the latest tick.
[Agent] Exploration: Random action: BUY
[Portfolio] Logged Trade: BUY 0.53053328 ADBE @ 456.07. New Cash: 4597.25, New Coins: 16.14968178
[Agent] Received reward: 0.00000000
[NeuralNetworkInterface] Received reward signal: 0.00000000
[Agent] Making decision using full OHLCV data
[Agent] Price data: O=445.04998779 H=449.36999512 L=441.76000977 C=447.54998779 V=1400300.00000000
[Agent_Features] Generated 18 features for the latest tick.
[Agent] Exploration: Random action: BUY
[Portfolio] Logged Trade: BUY 0.51360141 ADBE @ 447.55. New Cash: 4367.38, New Coins: 16.66328318
[Agent] Received reward: 0.00000000
[NeuralNetworkInterface] Received reward signal: 0.00000000
[Agent] Making decision using full OHLCV data
[Agent] Price data: O=431.73999023 H=448.80999756 L=430.29998779 C=445.04000854 V=2313900.00000000
[Agent_Features] Generated 18 features for the latest tick.
[Agent] Exploration: Random action: HOLD
[Agent] Received reward: 0.00000000
[NeuralNetworkInterface] Received reward signal: 0.00000000
[Agent] Making decision using full OHLCV data
[Agent] Price data: O=430.30999756 H=435.00000000 L=423.44000244 C=425.00000000 V=1900800.00000000
[Agent_Features] Generated 18 features for the latest tick.
[Agent] Exploration: Random action: SELL
[Portfolio] Logged Trade: SELL 0.83316416 ADBE @ 425.00. New Cash: 4721.48, New Coins: 15.83011902
[Agent] Received reward: 0.00000000
[NeuralNetworkInterface] Received reward signal: 0.00000000
[Agent] Making decision using full OHLCV data
[Agent] Price data: O=437.10000610 H=438.35998535 L=431.01000977 C=431.76998901 V=1622000.00000000
[Agent_Features] Generated 18 features for the latest tick.
[Agent] Exploration: Random action: SELL
[Portfolio] Logged Trade: SELL 0.79150595 ADBE @ 431.77. New Cash: 5063.23, New Coins: 15.03861307
[Agent] Received reward: 0.00000000
[NeuralNetworkInterface] Received reward signal: 0.00000000
[Agent] Making decision using full OHLCV data
[Agent] Price data: O=432.26000977 H=438.26000977 L=431.32998657 C=436.82998657 V=1463400.00000000
[Agent_Features] Generated 18 features for the latest tick.
[Agent] Exploration: Random action: BUY
[Portfolio] Logged Trade: BUY 0.57954206 ADBE @ 436.83. New Cash: 4810.07, New Coins: 15.61815514
[Agent] Received reward: 0.00000000
[NeuralNetworkInterface] Received reward signal: 0.00000000
[Agent] Making decision using full OHLCV data
[Agent] Price data: O=436.29998779 H=440.48001099 L=435.04000854 C=435.16000366 V=1489300.00000000
[Agent_Features] Generated 18 features for the latest tick.
[Agent] Exploration: Random action: HOLD
[Agent] Received reward: 0.00000000
[NeuralNetworkInterface] Received reward signal: 0.00000000
[Agent] Making decision using full OHLCV data
[Agent] Price data: O=438.88000488 H=440.50000000 L=426.80999756 C=429.98001099 V=1449000.00000000
[Agent_Features] Generated 18 features for the latest tick.
[Agent] Exploration: Random action: HOLD
[Agent] Received reward: 0.00000000
[NeuralNetworkInterface] Received reward signal: 0.00000000
[Agent] Making decision using full OHLCV data
[Agent] Price data: O=444.32000732 H=444.44000244 L=434.79998779 C=441.98001099 V=2034000.00000000
[Agent_Features] Generated 18 features for the latest tick.
[Agent] Exploration: Random action: BUY
[Portfolio] Logged Trade: BUY 0.54414969 ADBE @ 441.98. New Cash: 4569.56, New Coins: 16.16230482
[Agent] Received reward: 0.00000000
[NeuralNetworkInterface] Received reward signal: 0.00000000
[Agent] Making decision using full OHLCV data
[Agent] Price data: O=447.97000122 H=450.73999023 L=442.27999878 C=449.83999634 V=2075200.00000000
[Agent_Features] Generated 18 features for the latest tick.
[Agent] Exploration: Random action: BUY
[Portfolio] Logged Trade: BUY 0.50790975 ADBE @ 449.84. New Cash: 4341.08, New Coins: 16.67021457
[Agent] Received reward: 0.00000000
[NeuralNetworkInterface] Received reward signal: 0.00000000
[Agent] Making decision using full OHLCV data
[Agent] Price data: O=446.92001343 H=449.07998657 L=440.70001221 C=448.26000977 V=2622600.00000000
[Agent_Features] Generated 18 features for the latest tick.
[Agent] Exploration: Random action: SELL
[Portfolio] Logged Trade: SELL 0.83351073 ADBE @ 448.26. New Cash: 4714.71, New Coins: 15.83670384
[Agent] Received reward: 0.00000000
[NeuralNetworkInterface] Received reward signal: 0.00000000
[Agent] Making decision using full OHLCV data
[Agent] Price data: O=449.51000977 H=454.04000854 L=446.35000610 C=449.08999634 V=2353100.00000000
[Agent_Features] Generated 18 features for the latest tick.
[Agent] Exploration: Random action: HOLD
[Agent] Received reward: 0.00000000
[NeuralNetworkInterface] Received reward signal: 0.00000000
[Agent] Making decision using full OHLCV data
[Agent] Price data: O=464.10998535 H=464.36999512 L=449.13000488 C=451.35000610 V=2362000.00000000
[Agent_Features] Generated 18 features for the latest tick.
[Agent] Exploration: Random action: SELL
[Portfolio] Logged Trade: SELL 0.79183519 ADBE @ 451.35. New Cash: 5072.11, New Coins: 15.04486865
[Agent] Received reward: 0.00000000
[NeuralNetworkInterface] Received reward signal: 0.00000000
[Agent] Making decision using full OHLCV data
[Agent] Price data: O=449.57000732 H=461.79000854 L=445.08999634 C=460.86999512 V=3289700.00000000
[Agent_Features] Generated 18 features for the latest tick.
[Agent] Exploration: Random action: SELL
[Portfolio] Logged Trade: SELL 0.75224343 ADBE @ 460.87. New Cash: 5418.80, New Coins: 14.29262522
[Agent] Received reward: 0.00000000
[NeuralNetworkInterface] Received reward signal: 0.00000000
[Agent] Making decision using full OHLCV data
[Agent] Price data: O=443.29000854 H=451.13000488 L=436.50000000 C=450.36999512 V=1836800.00000000
[Agent_Features] Generated 18 features for the latest tick.
[Agent] Exploration: Random action: HOLD
[Agent] Received reward: 0.00000000
[NeuralNetworkInterface] Received reward signal: 0.00000000
[Agent] Making decision using full OHLCV data
[Agent] Price data: O=435.23001099 H=444.48001099 L=431.58999634 C=440.26000977 V=1900200.00000000
[Agent_Features] Generated 18 features for the latest tick.
[Agent] Exploration: Random action: SELL
[Portfolio] Logged Trade: SELL 0.71463126 ADBE @ 440.26. New Cash: 5733.42, New Coins: 13.57799396
[Agent] Received reward: 0.00000000
[NeuralNetworkInterface] Received reward signal: 0.00000000
[Agent] Making decision using full OHLCV data
[Agent] Price data: O=445.35998535 H=447.92999268 L=437.36999512 C=437.36999512 V=2223700.00000000
[Agent_Features] Generated 18 features for the latest tick.
[Agent] Exploration: Random action: HOLD
[Agent] Received reward: 0.00000000
[NeuralNetworkInterface] Received reward signal: 0.00000000
[Agent] Making decision using full OHLCV data
[Agent] Price data: O=450.01998901 H=455.89999390 L=446.07000732 C=446.07000732 V=2028000.00000000
[Agent_Features] Generated 18 features for the latest tick.
[Agent] Exploration: Random action: BUY
[Portfolio] Logged Trade: BUY 0.64265906 ADBE @ 446.07. New Cash: 5446.75, New Coins: 14.22065302
[Agent] Received reward: 0.00000000
[NeuralNetworkInterface] Received reward signal: 0.00000000
[Agent] Making decision using full OHLCV data
[Agent] Price data: O=447.60000610 H=452.80999756 L=444.42999268 C=451.39001465 V=1111000.00000000
[Agent_Features] Generated 18 features for the latest tick.
[Agent] Exploration: Random action: SELL
[Portfolio] Logged Trade: SELL 0.71103265 ADBE @ 451.39. New Cash: 5767.70, New Coins: 13.50962036
[Agent] Received reward: 0.00000000
[NeuralNetworkInterface] Received reward signal: 0.00000000
[Agent] Making decision using full OHLCV data
[Agent] Price data: O=451.57998657 H=456.10000610 L=449.20001221 C=450.00000000 V=1555700.00000000
[Agent_Features] Generated 18 features for the latest tick.
[Agent] Exploration: Random action: BUY
[Portfolio] Logged Trade: BUY 0.64085564 ADBE @ 450.00. New Cash: 5479.32, New Coins: 14.15047600
[Agent] Received reward: 0.00000000
[NeuralNetworkInterface] Received reward signal: 0.00000000
[Agent] Making decision using full OHLCV data
[Agent] Price data: O=463.51000977 H=464.50000000 L=452.83999634 C=454.79000854 V=2097700.00000000
[Agent_Features] Generated 18 features for the latest tick.
[Agent] Exploration: Random action: BUY
[Portfolio] Logged Trade: BUY 0.60240062 ADBE @ 454.79. New Cash: 5205.35, New Coins: 14.75287662
[Agent] Received reward: 0.00000000
[NeuralNetworkInterface] Received reward signal: 0.00000000
[Agent] Making decision using full OHLCV data
[Agent] Price data: O=462.01000977 H=468.10998535 L=457.58999634 C=464.29000854 V=2439200.00000000
[Agent_Features] Generated 18 features for the latest tick.
[Agent] Exploration: Random action: HOLD
[Agent] Received reward: 0.00000000
[NeuralNetworkInterface] Received reward signal: 0.00000000
[Agent] Making decision using full OHLCV data
[Agent] Price data: O=478.48001099 H=479.79998779 L=458.89001465 C=460.98999023 V=2485000.00000000
[Agent_Features] Generated 18 features for the latest tick.
[Agent] Exploration: Random action: SELL
[Portfolio] Logged Trade: SELL 0.73764383 ADBE @ 460.99. New Cash: 5545.40, New Coins: 14.01523279
[Agent] Received reward: 0.00000000
[NeuralNetworkInterface] Received reward signal: 0.00000000
[Agent] Making decision using full OHLCV data
[Agent] Price data: O=473.22000122 H=477.27999878 L=470.33999634 C=477.08999634 V=2645600.00000000
[Agent_Features] Generated 18 features for the latest tick.
[Agent] Exploration: Random action: BUY
[Portfolio] Logged Trade: BUY 0.58116879 ADBE @ 477.09. New Cash: 5268.13, New Coins: 14.59640158
[Agent] Received reward: 0.00000000
[NeuralNetworkInterface] Received reward signal: 0.00000000
[Agent] Making decision using full OHLCV data
[Agent] Price data: O=476.29998779 H=480.01998901 L=469.51998901 C=478.14001465 V=1840500.00000000
[Agent_Features] Generated 18 features for the latest tick.
[Agent] Exploration: Random action: BUY
[Portfolio] Logged Trade: BUY 0.55089789 ADBE @ 478.14. New Cash: 5004.72, New Coins: 15.14729947
[Agent] Received reward: 0.00000000
[NeuralNetworkInterface] Received reward signal: 0.00000000
[Agent] Making decision using full OHLCV data
[Agent] Price data: O=484.42999268 H=484.64999390 L=474.42999268 C=476.67001343 V=3967400.00000000
[Agent_Features] Generated 18 features for the latest tick.
[Agent] Exploration: Random action: HOLD
[Agent] Received reward: 0.00000000
[NeuralNetworkInterface] Received reward signal: 0.00000000
[Agent] Making decision using full OHLCV data
[Agent] Price data: O=528.48999023 H=533.70001221 L=492.23001099 C=496.95001221 V=7780300.00000000
[Agent_Features] Generated 18 features for the latest tick.
[Agent] Exploration: Random action: HOLD
[Agent] Received reward: 0.00000000
[NeuralNetworkInterface] Received reward signal: 0.00000000
[Agent] Making decision using full OHLCV data
[Agent] Price data: O=510.32000732 H=523.32000732 L=504.45999146 C=519.01000977 V=3631800.00000000
[Agent_Features] Generated 18 features for the latest tick.
[Agent] Exploration: Random action: HOLD
[Agent] Received reward: 0.00000000
[NeuralNetworkInterface] Received reward signal: 0.00000000
[Agent] Making decision using full OHLCV data
[Agent] Price data: O=516.44000244 H=518.79998779 L=510.94000244 C=512.33001709 V=1926300.00000000
[Agent_Features] Generated 18 features for the latest tick.
[Agent] Exploration: Random action: BUY
[Portfolio] Logged Trade: BUY 0.48842738 ADBE @ 512.33. New Cash: 4754.48, New Coins: 15.63572686
[Agent] Received reward: 0.00000000
[NeuralNetworkInterface] Received reward signal: 0.00000000
[Agent] Making decision using full OHLCV data
[Agent] Price data: O=513.39001465 H=516.72998047 L=507.76998901 C=513.85998535 V=2346700.00000000
[Agent_Features] Generated 18 features for the latest tick.
[Agent] Exploration: Random action: HOLD
[Agent] Received reward: 0.00000000
[NeuralNetworkInterface] Received reward signal: 0.00000000
[Agent] Making decision using full OHLCV data
[Agent] Price data: O=527.95001221 H=528.53997803 L=514.47998047 C=515.00000000 V=2404000.00000000
[Agent_Features] Generated 18 features for the latest tick.
[Agent] Exploration: Random action: HOLD
[Agent] Received reward: 0.00000000
[NeuralNetworkInterface] Received reward signal: 0.00000000
[Agent] Making decision using full OHLCV data
[Agent] Price data: O=533.79998779 H=536.88000488 L=521.40997314 C=536.25000000 V=2783400.00000000
[Agent_Features] Generated 18 features for the latest tick.
[Agent] Exploration: Random action: BUY
[Portfolio] Logged Trade: BUY 0.44330855 ADBE @ 536.25. New Cash: 4516.76, New Coins: 16.07903540
[Agent] Received reward: -0.00000000
[NeuralNetworkInterface] Received reward signal: -0.00000000
[Agent] Making decision using full OHLCV data
[Agent] Price data: O=507.79998779 H=527.63000488 L=493.42001343 C=526.03997803 V=5837600.00000000
[Agent_Features] Generated 18 features for the latest tick.
[Agent] Exploration: Random action: SELL
[Portfolio] Logged Trade: SELL 0.80395177 ADBE @ 526.04. New Cash: 4939.67, New Coins: 15.27508363
[Agent] Received reward: 0.00000000
[NeuralNetworkInterface] Received reward signal: 0.00000000
[Agent] Making decision using full OHLCV data
[Agent] Price data: O=491.94000244 H=511.35000610 L=471.70999146 C=504.64999390 V=3900300.00000000
[Agent_Features] Generated 18 features for the latest tick.
[Agent] Exploration: Random action: BUY
[Portfolio] Logged Trade: BUY 0.48941552 ADBE @ 504.65. New Cash: 4692.69, New Coins: 15.76449915
[Agent] Received reward: 0.00000000
[NeuralNetworkInterface] Received reward signal: 0.00000000
[Agent] Making decision using full OHLCV data
[Agent] Price data: O=462.13000488 H=481.48001099 L=461.17999268 C=471.89001465 V=4533100.00000000
[Agent_Features] Generated 18 features for the latest tick.
[Agent] Exploration: Random action: BUY
[Portfolio] Logged Trade: BUY 0.49722256 ADBE @ 471.89. New Cash: 4458.05, New Coins: 16.26172171
[Agent] Received reward: 0.00000000
[NeuralNetworkInterface] Received reward signal: 0.00000000
[Agent] Making decision using full OHLCV data
[Agent] Price data: O=479.45999146 H=483.48999023 L=462.48001099 C=473.91000366 V=3312100.00000000
[Agent_Features] Generated 18 features for the latest tick.
[Agent] Exploration: Random action: BUY
[Portfolio] Logged Trade: BUY 0.47034804 ADBE @ 473.91. New Cash: 4235.15, New Coins: 16.73206975
[Agent] Received reward: 0.00000000
[NeuralNetworkInterface] Received reward signal: 0.00000000
[Agent] Making decision using full OHLCV data
[Agent] Price data: O=476.26000977 H=501.85000610 L=473.50000000 C=491.14999390 V=4248100.00000000
[Agent_Features] Generated 18 features for the latest tick.
[Agent] Exploration: Random action: HOLD
[Agent] Received reward: 0.00000000
[NeuralNetworkInterface] Received reward signal: 0.00000000
[Agent] Making decision using full OHLCV data
[Agent] Price data: O=471.35000610 H=489.41000366 L=464.48001099 C=487.07998657 V=4414200.00000000
[Agent_Features] Generated 18 features for the latest tick.
[Agent] Exploration: Random action: BUY
[Portfolio] Logged Trade: BUY 0.43474894 ADBE @ 487.08. New Cash: 4023.39, New Coins: 17.16681869
[Agent] Received reward: 0.00000000
[NeuralNetworkInterface] Received reward signal: 0.00000000
[Agent] Making decision using full OHLCV data
[Agent] Price data: O=485.91000366 H=490.44000244 L=476.86999512 C=484.98999023 V=4463800.00000000
[Agent_Features] Generated 18 features for the latest tick.
[Agent] Exploration: Random action: BUY
[Portfolio] Logged Trade: BUY 0.41479131 ADBE @ 484.99. New Cash: 3822.22, New Coins: 17.58161001
[Agent] Received reward: 0.00000000
[NeuralNetworkInterface] Received reward signal: 0.00000000
[Agent] Making decision using full OHLCV data
[Agent] Price data: O=497.67001343 H=499.69000244 L=491.48999023 C=493.73999023 V=5682400.00000000
[Agent_Features] Generated 18 features for the latest tick.
[Agent] Exploration: Random action: BUY
[Portfolio] Logged Trade: BUY 0.38706841 ADBE @ 493.74. New Cash: 3631.11, New Coins: 17.96867841
[Agent] Received reward: 0.00000000
[NeuralNetworkInterface] Received reward signal: 0.00000000
[Agent] Making decision using full OHLCV data
[Agent] Price data: O=476.00000000 H=505.50000000 L=475.50000000 C=505.50000000 V=8462600.00000000
[Agent_Features] Generated 18 features for the latest tick.
[Agent] Exploration: Random action: SELL
[Portfolio] Logged Trade: SELL 0.89843392 ADBE @ 505.50. New Cash: 4085.27, New Coins: 17.07024449
[Agent] Received reward: 0.00000000
[NeuralNetworkInterface] Received reward signal: 0.00000000
[Agent] Making decision using full OHLCV data
[Agent] Price data: O=474.29998779 H=475.17001343 L=460.50000000 C=464.44000244 V=4560800.00000000
[Agent_Features] Generated 18 features for the latest tick.
[Agent] Exploration: Random action: HOLD
[Agent] Received reward: 0.00000000
[NeuralNetworkInterface] Received reward signal: 0.00000000
[Agent] Making decision using full OHLCV data
[Agent] Price data: O=467.54998779 H=478.33999634 L=452.51998901 C=477.39999390 V=7182300.00000000
[Agent_Features] Generated 18 features for the latest tick.
[Agent] Exploration: Random action: SELL
[Portfolio] Logged Trade: SELL 0.85351222 ADBE @ 477.40. New Cash: 4492.74, New Coins: 16.21673227
[Agent] Received reward: 0.00000000
[NeuralNetworkInterface] Received reward signal: 0.00000000
[Agent] Making decision using full OHLCV data
[Agent] Price data: O=475.64001465 H=475.85998535 L=456.73001099 C=460.30999756 V=3913700.00000000
[Agent_Features] Generated 18 features for the latest tick.
[Agent] Exploration: Random action: BUY
[Portfolio] Logged Trade: BUY 0.48801210 ADBE @ 460.31. New Cash: 4268.10, New Coins: 16.70474437
[Agent] Received reward: 0.00000000
[NeuralNetworkInterface] Received reward signal: 0.00000000
[Agent] Making decision using full OHLCV data
[Agent] Price data: O=486.77999878 H=487.20001221 L=469.55999756 C=479.30999756 V=2629100.00000000
[Agent_Features] Generated 18 features for the latest tick.
[Agent] Exploration: Random action: BUY
[Portfolio] Logged Trade: BUY 0.44523379 ADBE @ 479.31. New Cash: 4054.70, New Coins: 17.14997816
[Agent] Received reward: 0.00000000
[NeuralNetworkInterface] Received reward signal: 0.00000000
[Agent] Making decision using full OHLCV data
[Agent] Price data: O=470.39001465 H=488.00000000 L=468.23001099 C=486.88000488 V=2671300.00000000
[Agent_Features] Generated 18 features for the latest tick.
[Agent] Exploration: Random action: BUY
[Portfolio] Logged Trade: BUY 0.41639573 ADBE @ 486.88. New Cash: 3851.96, New Coins: 17.56637389
[Agent] Received reward: 0.00000000
[NeuralNetworkInterface] Received reward signal: 0.00000000
[Agent] Making decision using full OHLCV data
[Agent] Price data: O=467.67001343 H=471.42999268 L=460.26998901 C=466.92999268 V=2838800.00000000
[Agent_Features] Generated 18 features for the latest tick.
[Agent] Exploration: Random action: BUY
[Portfolio] Logged Trade: BUY 0.41247729 ADBE @ 466.93. New Cash: 3659.36, New Coins: 17.97885118
[Agent] Received reward: 0.00000000
[NeuralNetworkInterface] Received reward signal: 0.00000000
[Agent] Making decision using full OHLCV data
[Agent] Price data: O=479.77999878 H=481.57998657 L=466.01000977 C=469.23001099 V=2541100.00000000
[Agent_Features] Generated 18 features for the latest tick.
[Agent] Exploration: Random action: SELL
[Portfolio] Logged Trade: SELL 0.89894256 ADBE @ 469.23. New Cash: 4081.17, New Coins: 17.07990862
[Agent] Received reward: 0.00000000
[NeuralNetworkInterface] Received reward signal: 0.00000000
[Agent] Making decision using full OHLCV data
[Agent] Price data: O=488.51000977 H=489.39001465 L=481.17999268 C=487.97000122 V=2844800.00000000
[Agent_Features] Generated 18 features for the latest tick.
[Agent] Exploration: Random action: HOLD
[Agent] Received reward: 0.00000000
[NeuralNetworkInterface] Received reward signal: 0.00000000
[Agent] Making decision using full OHLCV data
[Agent] Price data: O=489.32998657 H=493.45001221 L=484.17001343 C=489.94000244 V=2030400.00000000
[Agent_Features] Generated 18 features for the latest tick.
[Agent] Exploration: Random action: SELL
[Portfolio] Logged Trade: SELL 0.85399543 ADBE @ 489.94. New Cash: 4499.58, New Coins: 16.22591319
[Agent] Received reward: 0.00000000
[NeuralNetworkInterface] Received reward signal: 0.00000000
[Agent] Making decision using full OHLCV data
[Agent] Price data: O=490.42999268 H=497.23999023 L=486.22000122 C=488.13000488 V=3508200.00000000
[Agent_Features] Generated 18 features for the latest tick.
[Agent] Exploration: Random action: HOLD
[Agent] Received reward: 0.00000000
[NeuralNetworkInterface] Received reward signal: 0.00000000
[Agent] Making decision using full OHLCV data
[Agent] Price data: O=499.51000977 H=501.50000000 L=495.76000977 C=497.42999268 V=2264600.00000000
[Agent_Features] Generated 18 features for the latest tick.
[Agent] Exploration: Random action: SELL
[Portfolio] Logged Trade: SELL 0.81129566 ADBE @ 497.43. New Cash: 4903.14, New Coins: 15.41461753
[Agent] Received reward: 0.00000000
[NeuralNetworkInterface] Received reward signal: 0.00000000
[Agent] Making decision using full OHLCV data
[Agent] Price data: O=478.98999023 H=496.77999878 L=478.64001465 C=487.98999023 V=2780900.00000000
[Agent_Features] Generated 18 features for the latest tick.
[Agent] Exploration: Random action: SELL
[Portfolio] Logged Trade: SELL 0.77073088 ADBE @ 487.99. New Cash: 5279.25, New Coins: 14.64388666
[Agent] Received reward: 0.00000000
[NeuralNetworkInterface] Received reward signal: 0.00000000
[Agent] Making decision using full OHLCV data
[Agent] Price data: O=486.47000122 H=486.69000244 L=478.98999023 C=483.25000000 V=1984100.00000000
[Agent_Features] Generated 18 features for the latest tick.
[Agent] Exploration: Random action: BUY
[Portfolio] Logged Trade: BUY 0.54622364 ADBE @ 483.25. New Cash: 5015.29, New Coins: 15.19011029
[Agent] Received reward: 0.00000000
[NeuralNetworkInterface] Received reward signal: 0.00000000
[Agent] Making decision using full OHLCV data
[Agent] Price data: O=478.98001099 H=491.51000977 L=477.50000000 C=485.00000000 V=2041500.00000000
[Agent_Features] Generated 18 features for the latest tick.
[Agent] Exploration: Random action: SELL
[Portfolio] Logged Trade: SELL 0.75950551 ADBE @ 485.00. New Cash: 5383.65, New Coins: 14.43060478
[Agent] Received reward: -0.00000000
[NeuralNetworkInterface] Received reward signal: -0.00000000
[Agent] Making decision using full OHLCV data
[Agent] Price data: O=493.14999390 H=493.98001099 L=481.42999268 C=484.35000610 V=2025800.00000000
[Agent_Features] Generated 18 features for the latest tick.
[Agent] Exploration: Random action: SELL
[Portfolio] Logged Trade: SELL 0.72153024 ADBE @ 484.35. New Cash: 5733.12, New Coins: 13.70907454
[Agent] Received reward: 0.00000000
[NeuralNetworkInterface] Received reward signal: 0.00000000
[Agent] Making decision using full OHLCV data
[Agent] Price data: O=490.83999634 H=499.48999023 L=487.55999756 C=499.04998779 V=1590700.00000000
[Agent_Features] Generated 18 features for the latest tick.
[Agent] Exploration: Random action: SELL
[Portfolio] Logged Trade: SELL 0.68545373 ADBE @ 499.05. New Cash: 6075.20, New Coins: 13.02362081
[Agent] Received reward: 0.00000000
[NeuralNetworkInterface] Received reward signal: 0.00000000
[Agent] Making decision using full OHLCV data
[Agent] Price data: O=502.16000366 H=502.17001343 L=491.17999268 C=491.76998901 V=1853800.00000000
[Agent_Features] Generated 18 features for the latest tick.
[Agent] Exploration: Random action: HOLD
[Agent] Received reward: 0.00000000
[NeuralNetworkInterface] Received reward signal: 0.00000000
[Agent] Making decision using full OHLCV data
[Agent] Price data: O=510.89001465 H=516.00000000 L=499.54000854 C=508.26000977 V=3149700.00000000
[Agent_Features] Generated 18 features for the latest tick.
[Agent] Exploration: Random action: HOLD
[Agent] Received reward: 0.00000000
[NeuralNetworkInterface] Received reward signal: 0.00000000
[Agent] Making decision using full OHLCV data
[Agent] Price data: O=514.30999756 H=519.59997559 L=511.89999390 C=512.19000244 V=2438100.00000000
[Agent_Features] Generated 18 features for the latest tick.
[Agent] Exploration: Random action: SELL
[Portfolio] Logged Trade: SELL 0.65118104 ADBE @ 512.19. New Cash: 6408.73, New Coins: 12.37243977
[Agent] Received reward: 0.00000000
[NeuralNetworkInterface] Received reward signal: 0.00000000
[Agent] Making decision using full OHLCV data
[Agent] Price data: O=506.30999756 H=516.95001221 L=501.60000610 C=514.34002686 V=2032900.00000000
[Agent_Features] Generated 18 features for the latest tick.
[Agent] Exploration: Random action: BUY
[Portfolio] Logged Trade: BUY 0.62300482 ADBE @ 514.34. New Cash: 6088.29, New Coins: 12.99544459
[Agent] Received reward: 0.00000000
[NeuralNetworkInterface] Received reward signal: 0.00000000
[Agent] Making decision using full OHLCV data
[Agent] Price data: O=501.14999390 H=502.50000000 L=491.85000610 C=499.26000977 V=2042800.00000000
[Agent_Features] Generated 18 features for the latest tick.
[Agent] Exploration: Random action: SELL
[Portfolio] Logged Trade: SELL 0.64977223 ADBE @ 499.26. New Cash: 6412.70, New Coins: 12.34567236
[Agent] Received reward: 0.00000000
[NeuralNetworkInterface] Received reward signal: 0.00000000
[Agent] Making decision using full OHLCV data
[Agent] Price data: O=502.82000732 H=510.33999634 L=500.70001221 C=504.00000000 V=2441200.00000000
[Agent_Features] Generated 18 features for the latest tick.
[Agent] Exploration: Random action: SELL
[Portfolio] Logged Trade: SELL 0.61728362 ADBE @ 504.00. New Cash: 6723.81, New Coins: 11.72838874
[Agent] Received reward: -0.00000000
[NeuralNetworkInterface] Received reward signal: -0.00000000
[Agent] Making decision using full OHLCV data
[Agent] Price data: O=495.20001221 H=507.75000000 L=493.20001221 C=507.75000000 V=1931400.00000000
[Agent_Features] Generated 18 features for the latest tick.
[Agent] Exploration: Random action: HOLD
[Agent] Received reward: 0.00000000
[NeuralNetworkInterface] Received reward signal: 0.00000000
[Agent] Making decision using full OHLCV data
[Agent] Price data: O=494.57998657 H=500.17001343 L=491.91000366 C=495.25000000 V=1453900.00000000
[Agent_Features] Generated 18 features for the latest tick.
[Agent] Exploration: Random action: HOLD
[Agent] Received reward: 0.00000000
[NeuralNetworkInterface] Received reward signal: 0.00000000
[Agent] Making decision using full OHLCV data
[Agent] Price data: O=495.95999146 H=499.80999756 L=490.57000732 C=492.04998779 V=1369700.00000000
[Agent_Features] Generated 18 features for the latest tick.
[Agent] Exploration: Random action: SELL
[Portfolio] Logged Trade: SELL 0.58641944 ADBE @ 492.05. New Cash: 7012.35, New Coins: 11.14196931
[Agent] Received reward: 0.00000000
[NeuralNetworkInterface] Received reward signal: 0.00000000
[Agent] Making decision using full OHLCV data
[Agent] Price data: O=483.60000610 H=496.85998535 L=479.39999390 C=496.72000122 V=2613700.00000000
[Agent_Features] Generated 18 features for the latest tick.
[Agent] Exploration: Random action: SELL
[Portfolio] Logged Trade: SELL 0.55709847 ADBE @ 496.72. New Cash: 7289.08, New Coins: 10.58487084
[Agent] Received reward: 0.00000000
[NeuralNetworkInterface] Received reward signal: 0.00000000
[Agent] Making decision using full OHLCV data
[Agent] Price data: O=488.50000000 H=488.51000977 L=479.51000977 C=486.41000366 V=1899300.00000000
[Agent_Features] Generated 18 features for the latest tick.
[Agent] Exploration: Random action: SELL
[Portfolio] Logged Trade: SELL 0.52924354 ADBE @ 486.41. New Cash: 7546.51, New Coins: 10.05562730
[Agent] Received reward: 0.00000000
[NeuralNetworkInterface] Received reward signal: 0.00000000
[Agent] Making decision using full OHLCV data
[Agent] Price data: O=475.20001221 H=488.77999878 L=470.13000488 C=480.88000488 V=2337400.00000000
[Agent_Features] Generated 18 features for the latest tick.
[Agent] Exploration: Random action: HOLD
[Agent] Received reward: 0.00000000
[NeuralNetworkInterface] Received reward signal: 0.00000000
[Agent] Making decision using full OHLCV data
[Agent] Price data: O=478.55999756 H=481.89001465 L=473.47000122 C=479.77999878 V=1896500.00000000
[Agent_Features] Generated 18 features for the latest tick.
[Agent] Exploration: Random action: HOLD
[Agent] Received reward: 0.00000000
[NeuralNetworkInterface] Received reward signal: 0.00000000
[Agent] Making decision using full OHLCV data
[Agent] Price data: O=456.97000122 H=470.97000122 L=455.88000488 C=469.17001343 V=2677300.00000000
[Agent_Features] Generated 18 features for the latest tick.
[Agent] Exploration: Random action: HOLD
[Agent] Received reward: 0.00000000
[NeuralNetworkInterface] Received reward signal: 0.00000000
[Agent] Making decision using full OHLCV data
[Agent] Price data: O=461.10998535 H=464.73001099 L=457.27999878 C=459.32000732 V=2125300.00000000
[Agent_Features] Generated 18 features for the latest tick.
[Agent] Exploration: Random action: HOLD
[Agent] Received reward: 0.00000000
[NeuralNetworkInterface] Received reward signal: 0.00000000
[Agent] Making decision using full OHLCV data
[Agent] Price data: O=447.10000610 H=459.50000000 L=442.51000977 C=458.32000732 V=3127000.00000000
[Agent_Features] Generated 18 features for the latest tick.
[Agent] Exploration: Random action: HOLD
[Agent] Received reward: 0.00000000
[NeuralNetworkInterface] Received reward signal: 0.00000000
[Agent] Making decision using full OHLCV data
[Agent] Price data: O=444.94000244 H=456.19000244 L=438.94000244 C=451.00000000 V=2479000.00000000
[Agent_Features] Generated 18 features for the latest tick.
[Agent] Exploration: Random action: SELL
[Portfolio] Logged Trade: SELL 0.50278136 ADBE @ 451.00. New Cash: 7773.26, New Coins: 9.55284593
[Agent] Received reward: 0.00000000
[NeuralNetworkInterface] Received reward signal: 0.00000000
[Agent] Making decision using full OHLCV data
[Agent] Price data: O=454.01998901 H=457.83999634 L=445.67001343 C=448.98999023 V=1758600.00000000
[Agent_Features] Generated 18 features for the latest tick.
[Agent] Exploration: Random action: BUY
[Portfolio] Logged Trade: BUY 0.86563841 ADBE @ 448.99. New Cash: 7384.60, New Coins: 10.41848434
[Agent] Received reward: 0.00000000
[NeuralNetworkInterface] Received reward signal: 0.00000000
[Agent] Making decision using full OHLCV data
[Agent] Price data: O=487.23001099 H=494.94000244 L=474.47000122 C=477.92999268 V=4524300.00000000
[Agent_Features] Generated 18 features for the latest tick.
[Agent] Exploration: Random action: BUY
[Portfolio] Logged Trade: BUY 0.77256049 ADBE @ 477.93. New Cash: 7015.37, New Coins: 11.19104484
[Agent] Received reward: -0.00000000
[NeuralNetworkInterface] Received reward signal: -0.00000000
[Simulation] Simulation run finished. Ticks processed in this run: 228

Simulation Finished in 0.03 seconds.
--------------------
  Final Portfolio  
--------------------
Cash:      $7015.37
Asset:     11.1910 ADBE
Total Value: $12363.90
--------------------
[Simulation] Simulation destroyed.
[AutonomousTradingAgent] Agent destroyed
[NeuralNetworkInterface] Destructor called.
[Portfolio] Destroyed for asset: ADBE. Final cash: 7015.37, Final assets: 11.19
