Loading data from training_run_20250621_153613/data/DIS_1d_20200114_to_20210103.csv...
Loaded 196 data points.
[Portfolio] Initialized for asset: DIS with initial cash: 10000.00. Initial Portfolio Value: 10000.00
[NeuralNetworkInterface] Constructor called.
[NeuralNetworkInterface] Initializing...
Warning: NN model path is empty. Initializing in a mock state.
[NeuralNetworkInterface] Initialized successfully.
[AutonomousTradingAgent] Agent initialized for DIS without API client (CSV mode).
[Simulation] Initialized with 196 data points.
[Simulation] API client is NULL (offline/CSV mode).

Starting Simulation for DIS...
[Simulation] Starting simulation run...
[Agent] Making decision using full OHLCV data
[Agent] Price data: O=99.50 H=104.63 L=94.34 C=99.43 V=28533000.00
[Agent_Features] Generated 15 features for the latest tick.
[Agent] Exploration: Random action: BUY
[Portfolio] Logged Trade: BUY 5.02857965 DIS @ 99.43. New Cash: 9500.00, New Coins: 5.02857965
[Agent] Received reward: 0.35591131
[NeuralNetworkInterface] Received reward signal: 0.35591131
[Agent] Making decision using full OHLCV data
[Agent] Price data: O=104.07431030 H=106.41539231 L=99.56995762 C=99.59959033 V=24520300.00000000
[Agent_Features] Generated 17 features for the latest tick.
[Agent] Exploration: Random action: BUY
[Portfolio] Logged Trade: BUY 4.76909592 DIS @ 99.60. New Cash: 9025.00, New Coins: 9.79767557
[Agent] Received reward: -0.36319099
[NeuralNetworkInterface] Received reward signal: -0.36319099
[Agent] Making decision using full OHLCV data
[Agent] Price data: O=95.22364044 H=100.25152398 L=94.37413435 C=99.22421411 V=30591500.00000000
[Agent_Features] Generated 17 features for the latest tick.
[Agent] Exploration: Random action: HOLD
[Agent] Received reward: -0.10500000
[NeuralNetworkInterface] Received reward signal: -0.10500000
[Agent] Making decision using full OHLCV data
[Agent] Price data: O=98.58215332 H=99.23409549 L=90.97611115 C=94.82852134 V=23119200.00000000
[Agent_Features] Generated 17 features for the latest tick.
[Agent] Exploration: Random action: SELL
[Portfolio] Logged Trade: SELL 0.48988378 DIS @ 94.83. New Cash: 9071.45, New Coins: 9.30779179
[Agent] Received reward: -0.50385413
[NeuralNetworkInterface] Received reward signal: -0.50385413
[Agent] Making decision using full OHLCV data
[Agent] Price data: O=95.42119598 H=101.90114992 L=94.98657040 C=98.99702411 V=21563200.00000000
[Agent_Features] Generated 18 features for the latest tick.
[Agent] Exploration: Random action: BUY
[Portfolio] Logged Trade: BUY 4.58168063 DIS @ 99.00. New Cash: 8617.88, New Coins: 13.88947242
[Agent] Received reward: -0.58468376
[NeuralNetworkInterface] Received reward signal: -0.58468376
[Agent] Making decision using full OHLCV data
[Agent] Price data: O=93.76169586 H=96.21143591 L=91.43049418 C=92.35902583 V=18303900.00000000
[Agent_Features] Generated 18 features for the latest tick.
[Agent] Exploration: Random action: BUY
[Portfolio] Logged Trade: BUY 4.66542502 DIS @ 92.36. New Cash: 8186.99, New Coins: 18.55489745
[Agent] Received reward: 0.37620307
[NeuralNetworkInterface] Received reward signal: 0.37620307
[Agent] Making decision using full OHLCV data
[Agent] Price data: O=95.78668213 H=96.07314418 L=93.05048005 C=93.05048005 V=13936500.00000000
[Agent_Features] Generated 18 features for the latest tick.
[Agent] Exploration: Random action: BUY
[Portfolio] Logged Trade: BUY 4.39921862 DIS @ 93.05. New Cash: 7777.64, New Coins: 22.95411607
[Agent] Received reward: 0.42839724
[NeuralNetworkInterface] Received reward signal: 0.42839724
[Agent] Making decision using full OHLCV data
[Agent] Price data: O=92.73439026 H=95.73729439 L=91.57866945 C=95.13473754 V=14814600.00000000
[Agent_Features] Generated 18 features for the latest tick.
[Agent] Exploration: Random action: HOLD
[Agent] Received reward: 0.07000000
[NeuralNetworkInterface] Received reward signal: 0.07000000
[Agent] Making decision using full OHLCV data
[Agent] Price data: O=98.36483765 H=98.96739448 L=93.36657916 C=96.07314866 V=20407400.00000000
[Agent_Features] Generated 18 features for the latest tick.
[Agent] Exploration: Random action: BUY
[Portfolio] Logged Trade: BUY 4.04776923 DIS @ 96.07. New Cash: 7388.76, New Coins: 27.00188530
[Agent] Received reward: 0.62349341
[NeuralNetworkInterface] Received reward signal: 0.62349341
[Agent] Making decision using full OHLCV data
[Agent] Price data: O=100.00457001 H=104.59782774 L=99.02665305 C=103.58039800 V=22899600.00000000
[Agent_Features] Generated 18 features for the latest tick.
[Agent] Exploration: Random action: SELL
[Portfolio] Logged Trade: SELL 1.35009426 DIS @ 103.58. New Cash: 7528.60, New Coins: 25.65179103
[Agent] Received reward: 0.49452607
[NeuralNetworkInterface] Received reward signal: 0.49452607
[Agent] Making decision using full OHLCV data
[Agent] Price data: O=99.83664703 H=101.10102605 L=97.44617999 C=99.30323573 V=22562500.00000000
[Agent_Features] Generated 18 features for the latest tick.
[Agent] Exploration: Random action: BUY
[Portfolio] Logged Trade: BUY 3.79071236 DIS @ 99.30. New Cash: 7152.17, New Coins: 29.44250339
[Agent] Received reward: 0.60728641
[NeuralNetworkInterface] Received reward signal: 0.60728641
[Agent] Making decision using full OHLCV data
[Agent] Price data: O=103.22479248 H=106.67220210 L=102.26662813 C=106.60305661 V=31453600.00000000
[Agent_Features] Generated 18 features for the latest tick.
[Agent] Exploration: Random action: BUY
[Portfolio] Logged Trade: BUY 3.35458020 DIS @ 106.60. New Cash: 6794.56, New Coins: 32.79708359
[Agent] Received reward: -0.45410473
[NeuralNetworkInterface] Received reward signal: -0.45410473
[Agent] Making decision using full OHLCV data
[Agent] Price data: O=102.23699951 H=103.59028425 L=98.39446941 C=103.43223309 V=17306000.00000000
[Agent_Features] Generated 18 features for the latest tick.
[Agent] Exploration: Random action: HOLD
[Agent] Received reward: 0.07000000
[NeuralNetworkInterface] Received reward signal: 0.07000000
[Agent] Making decision using full OHLCV data
[Agent] Price data: O=104.73612976 H=106.32648376 L=102.63212456 C=104.21259848 V=19866900.00000000
[Agent_Features] Generated 18 features for the latest tick.
[Agent] Exploration: Random action: HOLD
[Agent] Received reward: 0.07000000
[NeuralNetworkInterface] Received reward signal: 0.07000000
[Agent] Making decision using full OHLCV data
[Agent] Price data: O=102.10858154 H=103.60014963 L=101.44675181 C=103.11613120 V=14157600.00000000
[Agent_Features] Generated 18 features for the latest tick.
[Agent] Exploration: Random action: BUY
[Portfolio] Logged Trade: BUY 3.29461621 DIS @ 103.12. New Cash: 6454.83, New Coins: 36.09169980
[Agent] Received reward: -0.37883401
[NeuralNetworkInterface] Received reward signal: -0.37883401
[Agent] Making decision using full OHLCV data
[Agent] Price data: O=100.77505493 H=102.45431449 L=99.65884694 C=102.26663063 V=18029300.00000000
[Agent_Features] Generated 18 features for the latest tick.
[Agent] Exploration: Random action: HOLD
[Agent] Received reward: -0.10500000
[NeuralNetworkInterface] Received reward signal: -0.10500000
[Agent] Making decision using full OHLCV data
[Agent] Price data: O=105.32880402 H=105.48685517 L=103.07662779 C=104.91393104 V=17926900.00000000
[Agent_Features] Generated 18 features for the latest tick.
[Agent] Exploration: Random action: HOLD
[Agent] Received reward: -0.10500000
[NeuralNetworkInterface] Received reward signal: -0.10500000
[Agent] Making decision using full OHLCV data
[Agent] Price data: O=101.01213074 H=103.58040162 L=100.75530139 C=102.31602257 V=17021000.00000000
[Agent_Features] Generated 18 features for the latest tick.
[Agent] Exploration: Random action: BUY
[Portfolio] Logged Trade: BUY 3.15436102 DIS @ 102.32. New Cash: 6132.09, New Coins: 39.24606083
[Agent] Received reward: -0.47063140
[NeuralNetworkInterface] Received reward signal: -0.47063140
[Agent] Making decision using full OHLCV data
[Agent] Price data: O=99.31311798 H=100.27128234 L=97.92032050 C=98.78958674 V=16101400.00000000
[Agent_Features] Generated 18 features for the latest tick.
[Agent] Exploration: Random action: BUY
[Portfolio] Logged Trade: BUY 3.10361244 DIS @ 98.79. New Cash: 5825.49, New Coins: 42.34967326
[Agent] Received reward: 0.41264397
[NeuralNetworkInterface] Received reward signal: 0.41264397
[Agent] Making decision using full OHLCV data
[Agent] Price data: O=99.75762939 H=101.37761607 L=99.65885119 C=100.55775019 V=11463800.00000000
[Agent_Features] Generated 18 features for the latest tick.
[Agent] Exploration: Random action: BUY
[Portfolio] Logged Trade: BUY 2.89658788 DIS @ 100.56. New Cash: 5534.21, New Coins: 45.24626114
[Agent] Received reward: -0.38953863
[NeuralNetworkInterface] Received reward signal: -0.38953863
[Agent] Making decision using full OHLCV data
[Agent] Price data: O=99.76750183 H=101.27883011 L=98.24629347 C=99.42177437 V=17132200.00000000
[Agent_Features] Generated 18 features for the latest tick.
[Agent] Exploration: Random action: BUY
[Portfolio] Logged Trade: BUY 2.78319960 DIS @ 99.42. New Cash: 5257.50, New Coins: 48.02946074
[Agent] Received reward: 0.38929446
[NeuralNetworkInterface] Received reward signal: 0.38929446
[Agent] Making decision using full OHLCV data
[Agent] Price data: O=99.95518494 H=100.67627256 L=98.30555815 C=100.53798157 V=13614100.00000000
[Agent_Features] Generated 18 features for the latest tick.
[Agent] Exploration: Random action: SELL
[Portfolio] Logged Trade: SELL 2.40147304 DIS @ 100.54. New Cash: 5498.94, New Coins: 45.62798771
[Agent] Received reward: -0.35756573
[NeuralNetworkInterface] Received reward signal: -0.35756573
[Agent] Making decision using full OHLCV data
[Agent] Price data: O=104.76576233 H=105.22014811 L=100.37006807 C=100.75530835 V=15518300.00000000
[Agent_Features] Generated 18 features for the latest tick.
[Agent] Exploration: Random action: SELL
[Portfolio] Logged Trade: SELL 2.28139939 DIS @ 100.76. New Cash: 5728.80, New Coins: 43.34658832
[Agent] Received reward: -0.58299021
[NeuralNetworkInterface] Received reward signal: -0.58299021
[Agent] Making decision using full OHLCV data
[Agent] Price data: O=104.91393280 H=108.71695026 L=104.68674368 C=107.46245122 V=16503700.00000000
[Agent_Features] Generated 18 features for the latest tick.
[Agent] Exploration: Random action: HOLD
[Agent] Received reward: 0.07000000
[NeuralNetworkInterface] Received reward signal: 0.07000000
[Agent] Making decision using full OHLCV data
[Agent] Price data: O=110.88022614 H=111.32473182 L=107.23525237 C=108.59841721 V=20139800.00000000
[Agent_Features] Generated 18 features for the latest tick.
[Agent] Exploration: Random action: HOLD
[Agent] Received reward: 0.07000000
[NeuralNetworkInterface] Received reward signal: 0.07000000
[Agent] Making decision using full OHLCV data
[Agent] Price data: O=106.83026123 H=108.96389911 L=105.55600203 C=108.10452043 V=18638700.00000000
[Agent_Features] Generated 18 features for the latest tick.
[Agent] Exploration: Random action: BUY
[Portfolio] Logged Trade: BUY 2.64966004 DIS @ 108.10. New Cash: 5442.36, New Coins: 45.99624836
[Agent] Received reward: -0.44850166
[NeuralNetworkInterface] Received reward signal: -0.44850166
[Agent] Making decision using full OHLCV data
[Agent] Price data: O=104.21259308 H=105.60539059 L=103.19516328 C=105.06209918 V=13209100.00000000
[Agent_Features] Generated 18 features for the latest tick.
[Agent] Exploration: Random action: HOLD
[Agent] Received reward: -0.10500000
[NeuralNetworkInterface] Received reward signal: -0.10500000
[Agent] Making decision using full OHLCV data
[Agent] Price data: O=101.92089844 H=102.56296802 L=99.32299495 C=100.76517771 V=19514800.00000000
[Agent_Features] Generated 18 features for the latest tick.
[Agent] Exploration: Random action: BUY
[Portfolio] Logged Trade: BUY 2.70051840 DIS @ 100.77. New Cash: 5170.25, New Coins: 48.69676676
[Agent] Received reward: -0.36715488
[NeuralNetworkInterface] Received reward signal: -0.36715488
[Agent] Making decision using full OHLCV data
[Agent] Price data: O=99.82677460 H=103.89650145 L=99.66873098 C=100.27128782 V=30169800.00000000
[Agent_Features] Generated 18 features for the latest tick.
[Agent] Exploration: Random action: BUY
[Portfolio] Logged Trade: BUY 2.57812891 DIS @ 100.27. New Cash: 4911.73, New Coins: 51.27489567
[Agent] Received reward: -0.35103458
[NeuralNetworkInterface] Received reward signal: -0.35103458
[Agent] Making decision using full OHLCV data
[Agent] Price data: O=99.64896393 H=103.98539239 L=97.65361720 C=100.24164819 V=51992400.00000000
[Agent_Features] Generated 18 features for the latest tick.
[Agent] Exploration: Random action: BUY
[Portfolio] Logged Trade: BUY 2.44994665 DIS @ 100.24. New Cash: 4666.15, New Coins: 53.72484232
[Agent] Received reward: 0.36276109
[NeuralNetworkInterface] Received reward signal: 0.36276109
[Agent] Making decision using full OHLCV data
[Agent] Price data: O=104.28173828 H=104.32125107 L=100.58737928 C=100.60713191 V=20868800.00000000
[Agent_Features] Generated 18 features for the latest tick.
[Agent] Exploration: Random action: HOLD
[Agent] Received reward: -0.10500000
[NeuralNetworkInterface] Received reward signal: -0.10500000
[Agent] Making decision using full OHLCV data
[Agent] Price data: O=107.82794189 H=107.84769452 L=105.32880874 C=107.71928360 V=24079700.00000000
[Agent_Features] Generated 18 features for the latest tick.
[Agent] Exploration: Random action: BUY
[Portfolio] Logged Trade: BUY 2.16588291 DIS @ 107.72. New Cash: 4432.84, New Coins: 55.89072523
[Agent] Received reward: -0.37086210
[NeuralNetworkInterface] Received reward signal: -0.37086210
[Agent] Making decision using full OHLCV data
[Agent] Price data: O=106.45489502 H=107.48220495 L=105.11149784 C=107.07721204 V=20555900.00000000
[Agent_Features] Generated 18 features for the latest tick.
[Agent] Exploration: Random action: HOLD
[Agent] Received reward: 0.07000000
[NeuralNetworkInterface] Received reward signal: 0.07000000
[Agent] Making decision using full OHLCV data
[Agent] Price data: O=103.28406525 H=108.10452005 L=103.21491975 C=107.72915232 V=17049700.00000000
[Agent_Features] Generated 18 features for the latest tick.
[Agent] Exploration: Random action: BUY
[Portfolio] Logged Trade: BUY 2.05740028 DIS @ 107.73. New Cash: 4211.20, New Coins: 57.94812551
[Agent] Received reward: -0.49634141
[NeuralNetworkInterface] Received reward signal: -0.49634141
[Agent] Making decision using full OHLCV data
[Agent] Price data: O=101.66407776 H=103.26431181 L=100.36018586 C=103.22479902 V=21085800.00000000
[Agent_Features] Generated 18 features for the latest tick.
[Agent] Exploration: Random action: SELL
[Portfolio] Logged Trade: SELL 2.89740628 DIS @ 103.22. New Cash: 4510.28, New Coins: 55.05071924
[Agent] Received reward: 0.43440171
[NeuralNetworkInterface] Received reward signal: 0.43440171
[Agent] Making decision using full OHLCV data
[Agent] Price data: O=104.61759949 H=104.62747203 L=98.44386732 C=100.73555640 V=22002200.00000000
[Agent_Features] Generated 18 features for the latest tick.
[Agent] Exploration: Random action: HOLD
[Agent] Received reward: -0.10500000
[NeuralNetworkInterface] Received reward signal: -0.10500000
[Agent] Making decision using full OHLCV data
[Agent] Price data: O=107.71928406 H=108.04525140 L=102.99760727 C=103.69894989 V=29766000.00000000
[Agent_Features] Generated 18 features for the latest tick.
[Agent] Exploration: Random action: SELL
[Portfolio] Logged Trade: SELL 2.75253596 DIS @ 103.70. New Cash: 4795.72, New Coins: 52.29818328
[Agent] Received reward: -0.66639344
[NeuralNetworkInterface] Received reward signal: -0.66639344
[Agent] Making decision using full OHLCV data
[Agent] Price data: O=115.42409515 H=118.31834110 L=113.07314066 C=113.07314066 V=40044600.00000000
[Agent_Features] Generated 18 features for the latest tick.
[Agent] Exploration: Random action: BUY
[Portfolio] Logged Trade: BUY 2.12062609 DIS @ 113.07. New Cash: 4555.93, New Coins: 54.41880937
[Agent] Received reward: 0.36926269
[NeuralNetworkInterface] Received reward signal: 0.36926269
[Agent] Making decision using full OHLCV data
[Agent] Price data: O=112.97436523 H=115.04873779 L=112.03595340 C=113.69545295 V=20332600.00000000
[Agent_Features] Generated 18 features for the latest tick.
[Agent] Exploration: Random action: SELL
[Portfolio] Logged Trade: SELL 2.72094047 DIS @ 113.70. New Cash: 4865.29, New Coins: 51.69786890
[Agent] Received reward: -0.39013876
[NeuralNetworkInterface] Received reward signal: -0.39013876
[Agent] Making decision using full OHLCV data
[Agent] Price data: O=118.45662689 H=119.39503866 L=114.62397684 C=114.99933703 V=25749900.00000000
[Agent_Features] Generated 18 features for the latest tick.
[Agent] Exploration: Random action: BUY
[Portfolio] Logged Trade: BUY 2.11535556 DIS @ 115.00. New Cash: 4622.03, New Coins: 53.81322446
[Agent] Received reward: 0.43778558
[NeuralNetworkInterface] Received reward signal: 0.43778558
[Agent] Making decision using full OHLCV data
[Agent] Price data: O=116.39213562 H=118.83199569 L=115.07836365 C=117.88370383 V=17578300.00000000
[Agent_Features] Generated 18 features for the latest tick.
[Agent] Exploration: Random action: BUY
[Portfolio] Logged Trade: BUY 1.96041739 DIS @ 117.88. New Cash: 4390.92, New Coins: 55.77364185
[Agent] Received reward: -0.40396339
[NeuralNetworkInterface] Received reward signal: -0.40396339
[Agent] Making decision using full OHLCV data
[Agent] Price data: O=116.57981110 H=117.12310252 L=115.40433767 C=116.06615992 V=9288200.00000000
[Agent_Features] Generated 18 features for the latest tick.
[Agent] Exploration: Random action: SELL
[Portfolio] Logged Trade: SELL 2.78868209 DIS @ 116.07. New Cash: 4714.60, New Coins: 52.98495976
[Agent] Received reward: -0.45574487
[NeuralNetworkInterface] Received reward signal: -0.45574487
[Agent] Making decision using full OHLCV data
[Agent] Price data: O=119.47406006 H=121.01502871 L=118.96040887 C=119.57284580 V=16466400.00000000
[Agent_Features] Generated 18 features for the latest tick.
[Agent] Exploration: Random action: SELL
[Portfolio] Logged Trade: SELL 2.64924799 DIS @ 119.57. New Cash: 5031.37, New Coins: 50.33571177
[Agent] Received reward: -0.42604280
[NeuralNetworkInterface] Received reward signal: -0.42604280
[Agent] Making decision using full OHLCV data
[Agent] Price data: O=120.04698181 H=122.26952531 L=118.24919137 C=122.17074711 V=19345400.00000000
[Agent_Features] Generated 18 features for the latest tick.
[Agent] Exploration: Random action: BUY
[Portfolio] Logged Trade: BUY 2.05915649 DIS @ 122.17. New Cash: 4779.81, New Coins: 52.39486827
[Agent] Received reward: -0.40886172
[NeuralNetworkInterface] Received reward signal: -0.40886172
[Agent] Making decision using full OHLCV data
[Agent] Price data: O=115.32530975 H=120.49149183 L=114.58446194 C=120.11612411 V=18606000.00000000
[Agent_Features] Generated 18 features for the latest tick.
[Agent] Exploration: Random action: SELL
[Portfolio] Logged Trade: SELL 2.61974341 DIS @ 120.12. New Cash: 5094.48, New Coins: 49.77512485
[Agent] Received reward: 0.50571519
[NeuralNetworkInterface] Received reward signal: 0.50571519
[Agent] Making decision using full OHLCV data
[Agent] Price data: O=115.86860657 H=116.31311226 L=112.72741139 C=114.77215115 V=17745100.00000000
[Agent_Features] Generated 18 features for the latest tick.
[Agent] Exploration: Random action: SELL
[Portfolio] Logged Trade: SELL 2.48875624 DIS @ 114.77. New Cash: 5380.12, New Coins: 47.28636861
[Agent] Received reward: -0.38223149
[NeuralNetworkInterface] Received reward signal: -0.38223149
[Agent] Making decision using full OHLCV data
[Agent] Price data: O=117.32065582 H=118.18992208 L=115.50311281 C=115.82908766 V=10538300.00000000
[Agent_Features] Generated 18 features for the latest tick.
[Agent] Exploration: Random action: SELL
[Portfolio] Logged Trade: SELL 2.36431843 DIS @ 115.83. New Cash: 5653.98, New Coins: 44.92205018
[Agent] Received reward: -0.40193604
[NeuralNetworkInterface] Received reward signal: -0.40193604
[Agent] Making decision using full OHLCV data
[Agent] Price data: O=117.30091095 H=118.38748630 L=116.39213939 C=117.54786024 V=10753100.00000000
[Agent_Features] Generated 18 features for the latest tick.
[Agent] Exploration: Random action: HOLD
[Agent] Received reward: 0.07000000
[NeuralNetworkInterface] Received reward signal: 0.07000000
[Agent] Making decision using full OHLCV data
[Agent] Price data: O=120.68904877 H=120.95575067 L=117.86394849 C=118.52577073 V=12584300.00000000
[Agent_Features] Generated 18 features for the latest tick.
[Agent] Exploration: Random action: HOLD
[Agent] Received reward: 0.07000000
[NeuralNetworkInterface] Received reward signal: 0.07000000
[Agent] Making decision using full OHLCV data
[Agent] Price data: O=122.18062592 H=122.98073916 L=120.36307533 C=120.46185353 V=14195100.00000000
[Agent_Features] Generated 18 features for the latest tick.
[Agent] Exploration: Random action: HOLD
[Agent] Received reward: -0.10500000
[NeuralNetworkInterface] Received reward signal: -0.10500000
[Agent] Making decision using full OHLCV data
[Agent] Price data: O=123.29683685 H=126.26022823 L=122.76342550 C=124.76865246 V=16581600.00000000
[Agent_Features] Generated 18 features for the latest tick.
[Agent] Exploration: Random action: SELL
[Portfolio] Logged Trade: SELL 2.24610251 DIS @ 124.77. New Cash: 5934.22, New Coins: 42.67594767
[Agent] Received reward: 0.38352867
[NeuralNetworkInterface] Received reward signal: 0.38352867
[Agent] Making decision using full OHLCV data
[Agent] Price data: O=125.72681427 H=125.88486542 L=122.42757556 C=123.57341628 V=13858100.00000000
[Agent_Features] Generated 18 features for the latest tick.
[Agent] Exploration: Random action: SELL
[Portfolio] Logged Trade: SELL 2.13379738 DIS @ 123.57. New Cash: 6197.90, New Coins: 40.54215029
[Agent] Received reward: -0.36482807
[NeuralNetworkInterface] Received reward signal: -0.36482807
[Agent] Making decision using full OHLCV data
[Agent] Price data: O=122.37818146 H=124.25499744 L=122.00282127 C=124.09694629 V=10882800.00000000
[Agent_Features] Generated 18 features for the latest tick.
[Agent] Exploration: Random action: BUY
[Portfolio] Logged Trade: BUY 2.49720047 DIS @ 124.10. New Cash: 5888.00, New Coins: 43.03935076
[Agent] Received reward: -0.39485397
[NeuralNetworkInterface] Received reward signal: -0.39485397
[Agent] Making decision using full OHLCV data
[Agent] Price data: O=120.68904877 H=122.58561737 L=119.45430240 C=122.50659180 V=11497100.00000000
[Agent_Features] Generated 18 features for the latest tick.
[Agent] Exploration: Random action: BUY
[Portfolio] Logged Trade: BUY 2.40313766 DIS @ 122.51. New Cash: 5593.60, New Coins: 45.44248842
[Agent] Received reward: -0.53118037
[NeuralNetworkInterface] Received reward signal: -0.53118037
[Agent] Making decision using full OHLCV data
[Agent] Price data: O=111.26546478 H=116.56005784 L=110.88022452 C=116.16493750 V=26078800.00000000
[Agent_Features] Generated 18 features for the latest tick.
[Agent] Exploration: Random action: SELL
[Portfolio] Logged Trade: SELL 2.27212442 DIS @ 116.16. New Cash: 5857.55, New Coins: 43.17036400
[Agent] Received reward: 0.42232133
[NeuralNetworkInterface] Received reward signal: 0.42232133
[Agent] Making decision using full OHLCV data
[Agent] Price data: O=114.08068848 H=115.57226425 L=111.51241744 C=113.76459370 V=18361900.00000000
[Agent_Features] Generated 18 features for the latest tick.
[Agent] Exploration: Random action: SELL
[Portfolio] Logged Trade: SELL 2.15851820 DIS @ 113.76. New Cash: 6103.11, New Coins: 41.01184580
[Agent] Received reward: 0.44390452
[NeuralNetworkInterface] Received reward signal: 0.44390452
[Agent] Making decision using full OHLCV data
[Agent] Price data: O=115.65129089 H=116.67860082 L=110.34681754 C=110.71230520 V=14156400.00000000
[Agent_Features] Generated 18 features for the latest tick.
[Agent] Exploration: Random action: HOLD
[Agent] Received reward: -0.10500000
[NeuralNetworkInterface] Received reward signal: -0.10500000
[Agent] Making decision using full OHLCV data
[Agent] Price data: O=116.99469757 H=120.01735446 L=114.63386297 C=119.76052509 V=12951200.00000000
[Agent_Features] Generated 18 features for the latest tick.
[Agent] Exploration: Random action: BUY
[Portfolio] Logged Trade: BUY 2.54804662 DIS @ 119.76. New Cash: 5797.95, New Coins: 43.55989242
[Agent] Received reward: -0.42505782
[NeuralNetworkInterface] Received reward signal: -0.42505782
[Agent] Making decision using full OHLCV data
[Agent] Price data: O=116.21433258 H=117.77505384 L=115.71055394 C=117.19224962 V=8921600.00000000
[Agent_Features] Generated 18 features for the latest tick.
[Agent] Exploration: Random action: BUY
[Portfolio] Logged Trade: BUY 2.47369286 DIS @ 117.19. New Cash: 5508.05, New Coins: 46.03358528
[Agent] Received reward: -0.40192193
[NeuralNetworkInterface] Received reward signal: -0.40192193
[Agent] Making decision using full OHLCV data
[Agent] Price data: O=116.92554474 H=117.08358835 L=114.51531742 C=115.45372164 V=9577300.00000000
[Agent_Features] Generated 18 features for the latest tick.
[Agent] Exploration: Random action: BUY
[Portfolio] Logged Trade: BUY 2.38539517 DIS @ 115.45. New Cash: 5232.65, New Coins: 48.41898045
[Agent] Received reward: 0.44283048
[NeuralNetworkInterface] Received reward signal: 0.44283048
[Agent] Making decision using full OHLCV data
[Agent] Price data: O=112.95459747 H=118.65419099 L=112.95459747 C=118.51590000 V=23496300.00000000
[Agent_Features] Generated 18 features for the latest tick.
[Agent] Exploration: Random action: SELL
[Portfolio] Logged Trade: SELL 2.42094902 DIS @ 118.52. New Cash: 5519.57, New Coins: 45.99803143
[Agent] Received reward: 0.51890292
[NeuralNetworkInterface] Received reward signal: 0.51890292
[Agent] Making decision using full OHLCV data
[Agent] Price data: O=114.50544739 H=114.77215685 L=111.72973972 C=112.79656249 V=12868000.00000000
[Agent_Features] Generated 18 features for the latest tick.
[Agent] Exploration: Random action: HOLD
[Agent] Received reward: -0.10500000
[NeuralNetworkInterface] Received reward signal: -0.10500000
[Agent] Making decision using full OHLCV data
[Agent] Price data: O=115.16725922 H=116.01676532 L=114.55482984 C=115.53274685 V=10187600.00000000
[Agent_Features] Generated 18 features for the latest tick.
[Agent] Exploration: Random action: BUY
[Portfolio] Logged Trade: BUY 2.38874836 DIS @ 115.53. New Cash: 5243.59, New Coins: 48.38677979
[Agent] Received reward: -0.38321640
[NeuralNetworkInterface] Received reward signal: -0.38321640
[Agent] Making decision using full OHLCV data
[Agent] Price data: O=110.70242310 H=114.58446608 L=108.68731606 C=114.43629501 V=22252500.00000000
[Agent_Features] Generated 18 features for the latest tick.
[Agent] Exploration: Random action: HOLD
[Agent] Received reward: -0.10500000
[NeuralNetworkInterface] Received reward signal: -0.10500000
[Agent] Making decision using full OHLCV data
[Agent] Price data: O=110.00109100 H=110.14926208 L=107.17599056 C=107.66000905 V=17240400.00000000
[Agent_Features] Generated 18 features for the latest tick.
[Agent] Exploration: Random action: HOLD
[Agent] Received reward: 0.07000000
[NeuralNetworkInterface] Received reward signal: 0.07000000
[Agent] Making decision using full OHLCV data
[Agent] Price data: O=107.76866150 H=109.84303389 L=106.70183883 C=109.59608462 V=15270900.00000000
[Agent_Features] Generated 18 features for the latest tick.
[Agent] Exploration: Random action: BUY
[Portfolio] Logged Trade: BUY 2.39223625 DIS @ 109.60. New Cash: 4981.41, New Coins: 50.77901605
[Agent] Received reward: -0.41151394
[NeuralNetworkInterface] Received reward signal: -0.41151394
[Agent] Making decision using full OHLCV data
[Agent] Price data: O=110.15913391 H=110.20852678 L=106.78086950 C=107.66988843 V=12584300.00000000
[Agent_Features] Generated 18 features for the latest tick.
[Agent] Exploration: Random action: SELL
[Portfolio] Logged Trade: SELL 2.53895080 DIS @ 107.67. New Cash: 5254.78, New Coins: 48.24006525
[Agent] Received reward: -0.43027523
[NeuralNetworkInterface] Received reward signal: -0.43027523
[Agent] Making decision using full OHLCV data
[Agent] Price data: O=110.14926147 H=110.68267284 L=108.58854018 C=110.13938139 V=10565900.00000000
[Agent_Features] Generated 18 features for the latest tick.
[Agent] Exploration: Random action: HOLD
[Agent] Received reward: 0.07000000
[NeuralNetworkInterface] Received reward signal: 0.07000000
[Agent] Making decision using full OHLCV data
[Agent] Price data: O=111.63095856 H=114.18934957 L=110.91974340 C=111.44327469 V=11930900.00000000
[Agent_Features] Generated 18 features for the latest tick.
[Agent] Exploration: Random action: HOLD
[Agent] Received reward: 0.07000000
[NeuralNetworkInterface] Received reward signal: 0.07000000
[Agent] Making decision using full OHLCV data
[Agent] Price data: O=110.81108093 H=113.69544671 L=110.63327715 C=113.59666850 V=10312000.00000000
[Agent_Features] Generated 18 features for the latest tick.
[Agent] Exploration: Random action: HOLD
[Agent] Received reward: 0.07000000
[NeuralNetworkInterface] Received reward signal: 0.07000000
[Agent] Making decision using full OHLCV data
[Agent] Price data: O=113.03362274 H=113.13240094 L=111.52229438 C=112.44094599 V=11933400.00000000
[Agent_Features] Generated 18 features for the latest tick.
[Agent] Exploration: Random action: HOLD
[Agent] Received reward: 0.07000000
[NeuralNetworkInterface] Received reward signal: 0.07000000
[Agent] Making decision using full OHLCV data
[Agent] Price data: O=112.24338531 H=113.67569568 L=111.23583556 C=112.24338531 V=10836500.00000000
[Agent_Features] Generated 18 features for the latest tick.
[Agent] Exploration: Random action: BUY
[Portfolio] Logged Trade: BUY 2.34079868 DIS @ 112.24. New Cash: 4992.04, New Coins: 50.58086393
[Agent] Received reward: -0.35462022
[NeuralNetworkInterface] Received reward signal: -0.35462022
[Agent] Making decision using full OHLCV data
[Agent] Price data: O=115.23641205 H=115.70067035 L=111.43338723 C=112.09521700 V=13629500.00000000
[Agent_Features] Generated 18 features for the latest tick.
[Agent] Exploration: Random action: BUY
[Portfolio] Logged Trade: BUY 2.22669813 DIS @ 112.10. New Cash: 4742.44, New Coins: 52.80756205
[Agent] Received reward: 0.44345277
[NeuralNetworkInterface] Received reward signal: 0.44345277
[Agent] Making decision using full OHLCV data
[Agent] Price data: O=115.38458252 H=116.41189246 L=113.97203230 C=115.08824790 V=13582900.00000000
[Agent_Features] Generated 18 features for the latest tick.
[Agent] Exploration: Random action: SELL
[Portfolio] Logged Trade: SELL 2.64037810 DIS @ 115.09. New Cash: 5046.32, New Coins: 50.16718395
[Agent] Received reward: -0.35961258
[NeuralNetworkInterface] Received reward signal: -0.35961258
[Agent] Making decision using full OHLCV data
[Agent] Price data: O=117.88369751 H=117.98248324 L=114.79189543 C=115.40433232 V=14207900.00000000
[Agent_Features] Generated 18 features for the latest tick.
[Agent] Exploration: Random action: HOLD
[Agent] Received reward: -0.10500000
[NeuralNetworkInterface] Received reward signal: -0.10500000
[Agent] Making decision using full OHLCV data
[Agent] Price data: O=114.80178070 H=118.66406346 L=114.47580585 C=118.47638714 V=15620200.00000000
[Agent_Features] Generated 18 features for the latest tick.
[Agent] Exploration: Random action: SELL
[Portfolio] Logged Trade: SELL 2.50835920 DIS @ 118.48. New Cash: 5343.50, New Coins: 47.65882475
[Agent] Received reward: 0.48744354
[NeuralNetworkInterface] Received reward signal: 0.48744354
[Agent] Making decision using full OHLCV data
[Agent] Price data: O=117.21201324 H=117.62688624 L=113.14228628 C=113.82386872 V=12425100.00000000
[Agent_Features] Generated 18 features for the latest tick.
[Agent] Exploration: Random action: BUY
[Portfolio] Logged Trade: BUY 2.34726682 DIS @ 113.82. New Cash: 5076.32, New Coins: 50.00609157
[Agent] Received reward: 0.54439334
[NeuralNetworkInterface] Received reward signal: 0.54439334
[Agent] Making decision using full OHLCV data
[Agent] Price data: O=119.42466736 H=120.60014075 L=118.23930635 C=120.14575500 V=15314200.00000000
[Agent_Features] Generated 18 features for the latest tick.
[Agent] Exploration: Random action: BUY
[Portfolio] Logged Trade: BUY 2.11256936 DIS @ 120.15. New Cash: 4822.51, New Coins: 52.11866094
[Agent] Received reward: -0.46251308
[NeuralNetworkInterface] Received reward signal: -0.46251308
[Agent] Making decision using full OHLCV data
[Agent] Price data: O=117.97261047 H=118.52577445 L=116.16493993 C=116.28347830 V=10210100.00000000
[Agent_Features] Generated 18 features for the latest tick.
[Agent] Exploration: Random action: SELL
[Portfolio] Logged Trade: SELL 2.60593305 DIS @ 116.28. New Cash: 5125.54, New Coins: 49.51272789
[Agent] Received reward: -0.38508313
[NeuralNetworkInterface] Received reward signal: -0.38508313
[Agent] Making decision using full OHLCV data
[Agent] Price data: O=117.20212555 H=118.10101698 L=115.63152427 C=117.44907482 V=9843500.00000000
[Agent_Features] Generated 18 features for the latest tick.
[Agent] Exploration: Random action: BUY
[Portfolio] Logged Trade: BUY 2.18202465 DIS @ 117.45. New Cash: 4869.26, New Coins: 51.69475254
[Agent] Received reward: -0.37502088
[NeuralNetworkInterface] Received reward signal: -0.37502088
[Agent] Making decision using full OHLCV data
[Agent] Price data: O=116.35262299 H=117.04407795 L=115.39445858 C=116.60945235 V=8947900.00000000
[Agent_Features] Generated 18 features for the latest tick.
[Agent] Exploration: Random action: SELL
[Portfolio] Logged Trade: SELL 2.58473763 DIS @ 116.61. New Cash: 5170.66, New Coins: 49.11001492
[Agent] Received reward: -0.35000013
[NeuralNetworkInterface] Received reward signal: -0.35000013
[Agent] Making decision using full OHLCV data
[Agent] Price data: O=117.17250061 H=118.92089825 L=116.22421625 C=116.60945654 V=8946300.00000000
[Agent_Features] Generated 18 features for the latest tick.
[Agent] Exploration: Random action: HOLD
[Agent] Received reward: 0.07000000
[NeuralNetworkInterface] Received reward signal: 0.07000000
[Agent] Making decision using full OHLCV data
[Agent] Price data: O=117.57748413 H=117.84419356 L=116.49090886 C=116.74773821 V=7063300.00000000
[Agent_Features] Generated 18 features for the latest tick.
[Agent] Exploration: Random action: BUY
[Portfolio] Logged Trade: BUY 2.21445986 DIS @ 116.75. New Cash: 4912.13, New Coins: 51.32447477
[Agent] Received reward: 0.36984099
[NeuralNetworkInterface] Received reward signal: 0.36984099
[Agent] Making decision using full OHLCV data
[Agent] Price data: O=116.67859650 H=117.89358271 L=115.58214111 C=117.40956424 V=7255800.00000000
[Agent_Features] Generated 18 features for the latest tick.
[Agent] Exploration: Random action: SELL
[Portfolio] Logged Trade: SELL 2.56622374 DIS @ 117.41. New Cash: 5213.43, New Coins: 48.75825104
[Agent] Received reward: 0.44305069
[NeuralNetworkInterface] Received reward signal: 0.44305069
[Agent] Making decision using full OHLCV data
[Agent] Price data: O=116.17481995 H=116.76749671 L=114.12020013 C=114.28812383 V=8233300.00000000
[Agent_Features] Generated 18 features for the latest tick.
[Agent] Exploration: Random action: HOLD
[Agent] Received reward: 0.07000000
[NeuralNetworkInterface] Received reward signal: 0.07000000
[Agent] Making decision using full OHLCV data
[Agent] Price data: O=114.89067841 H=115.98713379 L=114.26836895 C=115.76981722 V=9413000.00000000
[Agent_Features] Generated 18 features for the latest tick.
[Agent] Exploration: Random action: BUY
[Portfolio] Logged Trade: BUY 2.25163594 DIS @ 115.77. New Cash: 4952.76, New Coins: 51.00988698
[Agent] Received reward: -0.40196238
[NeuralNetworkInterface] Received reward signal: -0.40196238
[Agent] Making decision using full OHLCV data
[Agent] Price data: O=114.76226807 H=115.41421024 L=113.28057241 C=114.05105294 V=6821100.00000000
[Agent_Features] Generated 18 features for the latest tick.
[Agent] Exploration: Random action: SELL
[Portfolio] Logged Trade: SELL 2.55049435 DIS @ 114.05. New Cash: 5243.64, New Coins: 48.45939263
[Agent] Received reward: -0.37303842
[NeuralNetworkInterface] Received reward signal: -0.37303842
[Agent] Making decision using full OHLCV data
[Agent] Price data: O=114.19922638 H=115.28580171 L=113.70532782 C=114.80178323 V=9496500.00000000
[Agent_Features] Generated 18 features for the latest tick.
[Agent] Exploration: Random action: SELL
[Portfolio] Logged Trade: SELL 2.42296963 DIS @ 114.80. New Cash: 5521.81, New Coins: 46.03642300
[Agent] Received reward: 0.38945097
[NeuralNetworkInterface] Received reward signal: 0.38945097
[Agent] Making decision using full OHLCV data
[Agent] Price data: O=114.24861908 H=114.87092856 L=111.98656276 C=113.50777124 V=9713500.00000000
[Agent_Features] Generated 18 features for the latest tick.
[Agent] Exploration: Random action: SELL
[Portfolio] Logged Trade: SELL 2.30182115 DIS @ 113.51. New Cash: 5783.08, New Coins: 43.73460185
[Agent] Received reward: -0.35944194
[NeuralNetworkInterface] Received reward signal: -0.35944194
[Agent] Making decision using full OHLCV data
[Agent] Price data: O=115.51299286 H=115.62165114 L=112.72740540 C=113.81398068 V=9601000.00000000
[Agent_Features] Generated 18 features for the latest tick.
[Agent] Exploration: Random action: BUY
[Portfolio] Logged Trade: BUY 2.54058443 DIS @ 113.81. New Cash: 5493.93, New Coins: 46.27518628
[Agent] Received reward: 0.37885782
[NeuralNetworkInterface] Received reward signal: 0.37885782
[Agent] Making decision using full OHLCV data
[Agent] Price data: O=114.93019104 H=115.69079903 L=113.94239394 C=114.75238726 V=10229200.00000000
[Agent_Features] Generated 18 features for the latest tick.
[Agent] Exploration: Random action: HOLD
[Agent] Received reward: 0.07000000
[NeuralNetworkInterface] Received reward signal: 0.07000000
[Agent] Making decision using full OHLCV data
[Agent] Price data: O=115.85872650 H=116.90578905 L=114.34739810 C=114.54495451 V=17293900.00000000
[Agent_Features] Generated 18 features for the latest tick.
[Agent] Exploration: Random action: BUY
[Portfolio] Logged Trade: BUY 2.39815299 DIS @ 114.54. New Cash: 5219.23, New Coins: 48.67333927
[Agent] Received reward: 0.57365468
[NeuralNetworkInterface] Received reward signal: 0.57365468
[Agent] Making decision using full OHLCV data
[Agent] Price data: O=126.05278778 H=128.71983692 L=121.77562455 C=121.86453021 V=53000200.00000000
[Agent_Features] Generated 18 features for the latest tick.
[Agent] Exploration: Random action: BUY
[Portfolio] Logged Trade: BUY 2.14140660 DIS @ 121.86. New Cash: 4958.27, New Coins: 50.81474587
[Agent] Received reward: 0.45184784
[NeuralNetworkInterface] Received reward signal: 0.45184784
[Agent] Making decision using full OHLCV data
[Agent] Price data: O=129.22361755 H=130.02373075 L=124.07718828 C=125.41071279 V=27238000.00000000
[Agent_Features] Generated 18 features for the latest tick.
[Agent] Exploration: Random action: SELL
[Portfolio] Logged Trade: SELL 2.54073729 DIS @ 125.41. New Cash: 5276.90, New Coins: 48.27400857
[Agent] Received reward: -0.43987098
[NeuralNetworkInterface] Received reward signal: -0.43987098
[Agent] Making decision using full OHLCV data
[Agent] Price data: O=128.34446716 H=130.32994894 L=127.08997573 C=128.63093676 V=16088600.00000000
[Agent_Features] Generated 18 features for the latest tick.
[Agent] Exploration: Random action: BUY
[Portfolio] Logged Trade: BUY 2.05118010 DIS @ 128.63. New Cash: 5013.06, New Coins: 50.32518867
[Agent] Received reward: -0.36263258
[NeuralNetworkInterface] Received reward signal: -0.36263258
[Agent] Making decision using full OHLCV data
[Agent] Price data: O=127.21837616 H=129.71751658 L=126.92204910 C=128.16666796 V=8529200.00000000
[Agent_Features] Generated 18 features for the latest tick.
[Agent] Exploration: Random action: SELL
[Portfolio] Logged Trade: SELL 2.51625943 DIS @ 128.17. New Cash: 5335.56, New Coins: 47.80892924
[Agent] Received reward: -0.37104045
[NeuralNetworkInterface] Received reward signal: -0.37104045
[Agent] Making decision using full OHLCV data
[Agent] Price data: O=128.89764404 H=131.13993252 L=128.41361806 C=128.93714929 V=13885700.00000000
[Agent_Features] Generated 18 features for the latest tick.
[Agent] Exploration: Random action: HOLD
[Agent] Received reward: 0.07000000
[NeuralNetworkInterface] Received reward signal: 0.07000000
[Agent] Making decision using full OHLCV data
[Agent] Price data: O=130.18177795 H=131.37701912 L=128.89765374 C=129.07544998 V=12204200.00000000
[Agent_Features] Generated 18 features for the latest tick.
[Agent] Exploration: Random action: SELL
[Portfolio] Logged Trade: SELL 2.39044646 DIS @ 129.08. New Cash: 5644.11, New Coins: 45.41848278
[Agent] Received reward: 0.35080383
[NeuralNetworkInterface] Received reward signal: 0.35080383
[Agent] Making decision using full OHLCV data
[Agent] Price data: O=129.36190796 H=130.73494525 L=128.85812182 C=129.04580567 V=6468600.00000000
[Agent_Features] Generated 18 features for the latest tick.
[Agent] Exploration: Random action: HOLD
[Agent] Received reward: 0.07000000
[NeuralNetworkInterface] Received reward signal: 0.07000000
[Agent] Making decision using full OHLCV data
[Agent] Price data: O=128.93714905 H=129.48044045 L=128.15679600 C=128.42349036 V=6507600.00000000
[Agent_Features] Generated 18 features for the latest tick.
[Agent] Exploration: Random action: HOLD
[Agent] Received reward: 0.07000000
[NeuralNetworkInterface] Received reward signal: 0.07000000
[Agent] Making decision using full OHLCV data
[Agent] Price data: O=127.79130554 H=128.55191353 L=126.97143214 C=128.51240827 V=7492200.00000000
[Agent_Features] Generated 18 features for the latest tick.
[Agent] Exploration: Random action: HOLD
[Agent] Received reward: 0.07000000
[NeuralNetworkInterface] Received reward signal: 0.07000000
[Agent] Making decision using full OHLCV data
[Agent] Price data: O=127.34680176 H=128.00862401 L=126.79363779 C=127.86046048 V=6714600.00000000
[Agent_Features] Generated 18 features for the latest tick.
[Agent] Exploration: Random action: HOLD
[Agent] Received reward: 0.07000000
[NeuralNetworkInterface] Received reward signal: 0.07000000
[Agent] Making decision using full OHLCV data
[Agent] Price data: O=126.21083069 H=128.63093808 L=125.87498330 C=127.67277370 V=7624200.00000000
[Agent_Features] Generated 18 features for the latest tick.
[Agent] Exploration: Random action: BUY
[Portfolio] Logged Trade: BUY 2.21038030 DIS @ 127.67. New Cash: 5361.90, New Coins: 47.62886308
[Agent] Received reward: -0.41634425
[NeuralNetworkInterface] Received reward signal: -0.41634425
[Agent] Making decision using full OHLCV data
[Agent] Price data: O=126.55655670 H=126.88253155 L=124.98596297 C=125.25267240 V=4918100.00000000
[Agent_Features] Generated 18 features for the latest tick.
[Agent] Exploration: Random action: BUY
[Portfolio] Logged Trade: BUY 2.14043429 DIS @ 125.25. New Cash: 5093.81, New Coins: 49.76929736
[Agent] Received reward: 0.37539414
[NeuralNetworkInterface] Received reward signal: 0.37539414
[Agent] Making decision using full OHLCV data
[Agent] Price data: O=125.88485718 H=126.74423578 L=125.67742070 C=126.16143914 V=6064700.00000000
[Agent_Features] Generated 18 features for the latest tick.
[Agent] Exploration: Random action: BUY
[Portfolio] Logged Trade: BUY 2.01876548 DIS @ 126.16. New Cash: 4839.12, New Coins: 51.78806285
[Agent] Received reward: 0.36178344
[NeuralNetworkInterface] Received reward signal: 0.36178344
[Agent] Making decision using full OHLCV data
[Agent] Price data: O=129.09519958 H=129.28288344 L=126.36887760 C=126.58618662 V=7613600.00000000
[Agent_Features] Generated 18 features for the latest tick.
[Agent] Exploration: Random action: HOLD
[Agent] Received reward: -0.10500000
[NeuralNetworkInterface] Received reward signal: -0.10500000
[Agent] Making decision using full OHLCV data
[Agent] Price data: O=128.20617676 H=129.49031598 L=127.73203838 C=129.23349416 V=5494400.00000000
[Agent_Features] Generated 18 features for the latest tick.
[Agent] Exploration: Random action: SELL
[Portfolio] Logged Trade: SELL 2.58940314 DIS @ 129.23. New Cash: 5173.75, New Coins: 49.19865971
[Agent] Received reward: 0.37220429
[NeuralNetworkInterface] Received reward signal: 0.37220429
[Agent] Making decision using full OHLCV data
[Agent] Price data: O=130.56701660 H=130.98190466 L=127.93948771 C=128.41362611 V=8447800.00000000
[Agent_Features] Generated 18 features for the latest tick.
[Agent] Exploration: Random action: SELL
[Portfolio] Logged Trade: SELL 2.45993299 DIS @ 128.41. New Cash: 5489.64, New Coins: 46.73872672
[Agent] Received reward: -0.43076906
[NeuralNetworkInterface] Received reward signal: -0.43076906
[Agent] Making decision using full OHLCV data
[Agent] Price data: O=132.09809875 H=134.69600989 L=131.19921487 C=131.37701111 V=13667600.00000000
[Agent_Features] Generated 18 features for the latest tick.
[Agent] Exploration: Random action: HOLD
[Agent] Received reward: 0.07000000
[NeuralNetworkInterface] Received reward signal: 0.07000000
[Agent] Making decision using full OHLCV data
[Agent] Price data: O=133.88600159 H=135.13063548 L=131.94992787 C=132.85869932 V=11020100.00000000
[Agent_Features] Generated 18 features for the latest tick.
[Agent] Exploration: Random action: SELL
[Portfolio] Logged Trade: SELL 2.33693634 DIS @ 132.86. New Cash: 5800.13, New Coins: 44.40179038
[Agent] Received reward: -0.36951713
[NeuralNetworkInterface] Received reward signal: -0.36951713
[Agent] Making decision using full OHLCV data
[Agent] Price data: O=130.26080322 H=133.88601690 L=129.64837382 C=133.59956236 V=11617500.00000000
[Agent_Features] Generated 18 features for the latest tick.
[Agent] Exploration: Random action: HOLD
[Agent] Received reward: -0.10500000
[NeuralNetworkInterface] Received reward signal: -0.10500000
[Agent] Making decision using full OHLCV data
[Agent] Price data: O=131.92030334 H=131.97956876 L=129.29275949 C=130.31018928 V=7351200.00000000
[Agent_Features] Generated 18 features for the latest tick.
[Agent] Exploration: Random action: SELL
[Portfolio] Logged Trade: SELL 2.22008952 DIS @ 130.31. New Cash: 6089.43, New Coins: 42.18170086
[Agent] Received reward: -0.39536838
[NeuralNetworkInterface] Received reward signal: -0.39536838
[Agent] Making decision using full OHLCV data
[Agent] Price data: O=133.73783875 H=134.26136996 L=131.63382626 C=131.99932141 V=8187800.00000000
[Agent_Features] Generated 18 features for the latest tick.
[Agent] Exploration: Random action: SELL
[Portfolio] Logged Trade: SELL 2.10908504 DIS @ 132.00. New Cash: 6367.82, New Coins: 40.07261582
[Agent] Received reward: -0.39216893
[NeuralNetworkInterface] Received reward signal: -0.39216893
[Agent] Making decision using full OHLCV data
[Agent] Price data: O=131.61408997 H=135.56527833 L=130.40897631 C=133.58968415 V=12079200.00000000
[Agent_Features] Generated 18 features for the latest tick.
[Agent] Exploration: Random action: SELL
[Portfolio] Logged Trade: SELL 2.00363079 DIS @ 133.59. New Cash: 6635.49, New Coins: 38.06898503
[Agent] Received reward: 0.38856108
[NeuralNetworkInterface] Received reward signal: 0.38856108
[Agent] Making decision using full OHLCV data
[Agent] Price data: O=130.37934875 H=133.23408186 L=127.84070289 C=132.11786628 V=11248300.00000000
[Agent_Features] Generated 18 features for the latest tick.
[Agent] Exploration: Random action: BUY
[Portfolio] Logged Trade: BUY 2.51120017 DIS @ 132.12. New Cash: 6303.71, New Coins: 40.58018520
[Agent] Received reward: -0.39605578
[NeuralNetworkInterface] Received reward signal: -0.39605578
[Agent] Making decision using full OHLCV data
[Agent] Price data: O=132.56237793 H=135.46650404 L=129.26313898 C=130.37935461 V=17257300.00000000
[Agent_Features] Generated 18 features for the latest tick.
[Agent] Exploration: Random action: BUY
[Portfolio] Logged Trade: BUY 2.41745089 DIS @ 130.38. New Cash: 5988.53, New Coins: 42.99763609
[Agent] Received reward: 0.41072380
[NeuralNetworkInterface] Received reward signal: 0.41072380
[Agent] Making decision using full OHLCV data
[Agent] Price data: O=131.73262024 H=133.89589827 L=130.64603741 C=132.64139175 V=8891800.00000000
[Agent_Features] Generated 18 features for the latest tick.
[Agent] Exploration: Random action: SELL
[Portfolio] Logged Trade: SELL 2.14988180 DIS @ 132.64. New Cash: 6273.69, New Coins: 40.84775428
[Agent] Received reward: 0.36824536
[NeuralNetworkInterface] Received reward signal: 0.36824536
[Agent] Making decision using full OHLCV data
[Agent] Price data: O=131.59432983 H=135.08125236 L=131.12019145 C=131.94993739 V=9853400.00000000
[Agent_Features] Generated 18 features for the latest tick.
[Agent] Exploration: Random action: SELL
[Portfolio] Logged Trade: SELL 2.04238771 DIS @ 131.95. New Cash: 6543.18, New Coins: 38.80536657
[Agent] Received reward: -0.35419209
[NeuralNetworkInterface] Received reward signal: -0.35419209
[Agent] Making decision using full OHLCV data
[Agent] Price data: O=130.14225769 H=132.10797919 L=129.49030804 C=132.10797919 V=7165300.00000000
[Agent_Features] Generated 18 features for the latest tick.
[Agent] Exploration: Random action: SELL
[Portfolio] Logged Trade: SELL 1.94026833 DIS @ 132.11. New Cash: 6799.51, New Coins: 36.86509824
[Agent] Received reward: 0.38166563
[NeuralNetworkInterface] Received reward signal: 0.38166563
[Agent] Making decision using full OHLCV data
[Agent] Price data: O=129.64837646 H=131.30786845 L=129.30264143 C=130.91275562 V=8391900.00000000
[Agent_Features] Generated 18 features for the latest tick.
[Agent] Exploration: Random action: BUY
[Portfolio] Logged Trade: BUY 2.59696208 DIS @ 130.91. New Cash: 6459.53, New Coins: 39.46206032
[Agent] Received reward: -0.37825754
[NeuralNetworkInterface] Received reward signal: -0.37825754
[Agent] Making decision using full OHLCV data
[Agent] Price data: O=129.63850403 H=130.92262827 L=129.41129983 C=129.85582061 V=7289100.00000000
[Agent_Features] Generated 18 features for the latest tick.
[Agent] Exploration: Random action: BUY
[Portfolio] Logged Trade: BUY 2.48719454 DIS @ 129.86. New Cash: 6136.56, New Coins: 41.94925486
[Agent] Received reward: 0.36890276
[NeuralNetworkInterface] Received reward signal: 0.36890276
[Agent] Making decision using full OHLCV data
[Agent] Price data: O=130.47811890 H=131.98944730 L=129.79653647 C=130.55714448 V=6601000.00000000
[Agent_Features] Generated 18 features for the latest tick.
[Agent] Exploration: Random action: HOLD
[Agent] Received reward: 0.07000000
[NeuralNetworkInterface] Received reward signal: 0.07000000
[Agent] Making decision using full OHLCV data
[Agent] Price data: O=128.63093567 H=130.16202414 L=127.03070924 C=128.95691051 V=6723500.00000000
[Agent_Features] Generated 18 features for the latest tick.
[Agent] Exploration: Random action: SELL
[Portfolio] Logged Trade: SELL 2.09746274 DIS @ 128.96. New Cash: 6407.04, New Coins: 39.85179212
[Agent] Received reward: 0.37815024
[NeuralNetworkInterface] Received reward signal: 0.37815024
[Agent] Making decision using full OHLCV data
[Agent] Price data: O=127.06034088 H=129.19397108 L=126.55655473 C=127.91971950 V=9916300.00000000
[Agent_Features] Generated 18 features for the latest tick.
[Agent] Exploration: Random action: HOLD
[Agent] Received reward: -0.10500000
[NeuralNetworkInterface] Received reward signal: -0.10500000
[Agent] Making decision using full OHLCV data
[Agent] Price data: O=123.87963867 H=125.34157417 L=122.08184070 C=124.44268272 V=10352700.00000000
[Agent_Features] Generated 18 features for the latest tick.
[Agent] Exploration: Random action: SELL
[Portfolio] Logged Trade: SELL 1.99258961 DIS @ 124.44. New Cash: 6655.00, New Coins: 37.85920251
[Agent] Received reward: 0.37000342
[NeuralNetworkInterface] Received reward signal: 0.37000342
[Agent] Making decision using full OHLCV data
[Agent] Price data: O=125.65766144 H=125.91449078 L=123.17828874 C=123.73146021 V=6978800.00000000
[Agent_Features] Generated 18 features for the latest tick.
[Agent] Exploration: Random action: SELL
[Portfolio] Logged Trade: SELL 1.89296013 DIS @ 123.73. New Cash: 6889.22, New Coins: 35.96624239
[Agent] Received reward: -0.40057498
[NeuralNetworkInterface] Received reward signal: -0.40057498
[Agent] Making decision using full OHLCV data
[Agent] Price data: O=121.77562714 H=125.74657576 L=121.40026695 C=125.51937911 V=8323600.00000000
[Agent_Features] Generated 18 features for the latest tick.
[Agent] Exploration: Random action: HOLD
[Agent] Received reward: -0.10500000
[NeuralNetworkInterface] Received reward signal: -0.10500000
[Agent] Making decision using full OHLCV data
[Agent] Price data: O=120.99526215 H=122.28928144 L=119.30613004 C=120.44209819 V=8480000.00000000
[Agent_Features] Generated 18 features for the latest tick.
[Agent] Exploration: Random action: HOLD
[Agent] Received reward: 0.07000000
[NeuralNetworkInterface] Received reward signal: 0.07000000
[Agent] Making decision using full OHLCV data
[Agent] Price data: O=122.48683929 H=122.67452315 L=119.50369540 C=119.87905558 V=6851800.00000000
[Agent_Features] Generated 18 features for the latest tick.
[Agent] Exploration: Random action: BUY
[Portfolio] Logged Trade: BUY 2.87340490 DIS @ 119.88. New Cash: 6544.76, New Coins: 38.83964729
[Agent] Received reward: 0.47660675
[NeuralNetworkInterface] Received reward signal: 0.47660675
[Agent] Making decision using full OHLCV data
[Agent] Price data: O=124.45255280 H=125.31193897 L=123.84012343 C=124.21548360 V=6283700.00000000
[Agent_Features] Generated 18 features for the latest tick.
[Agent] Exploration: Random action: BUY
[Portfolio] Logged Trade: BUY 2.63443818 DIS @ 124.22. New Cash: 6217.52, New Coins: 41.47408547
[Agent] Received reward: 0.35473163
[NeuralNetworkInterface] Received reward signal: 0.35473163
[Agent] Making decision using full OHLCV data
[Agent] Price data: O=123.86975861 H=124.74889743 L=122.17074638 C=124.38340979 V=7405800.00000000
[Agent_Features] Generated 18 features for the latest tick.
[Agent] Exploration: Random action: BUY
[Portfolio] Logged Trade: BUY 2.49933743 DIS @ 124.38. New Cash: 5906.65, New Coins: 43.97342290
[Agent] Received reward: -0.42449181
[NeuralNetworkInterface] Received reward signal: -0.42449181
[Agent] Making decision using full OHLCV data
[Agent] Price data: O=122.56586456 H=124.01792749 L=121.73611109 C=121.73611109 V=13642500.00000000
[Agent_Features] Generated 18 features for the latest tick.
[Agent] Exploration: Random action: SELL
[Portfolio] Logged Trade: SELL 2.19867114 DIS @ 121.74. New Cash: 6174.30, New Coins: 41.77475175
[Agent] Received reward: -0.39828000
[NeuralNetworkInterface] Received reward signal: -0.39828000
[Agent] Making decision using full OHLCV data
[Agent] Price data: O=121.80525970 H=123.93890509 L=120.92612088 C=123.41537382 V=8908300.00000000
[Agent_Features] Generated 18 features for the latest tick.
[Agent] Exploration: Random action: HOLD
[Agent] Received reward: -0.10500000
[NeuralNetworkInterface] Received reward signal: -0.10500000
[Agent] Making decision using full OHLCV data
[Agent] Price data: O=121.05454254 H=122.17075060 L=120.20503640 C=120.50137102 V=6490200.00000000
[Agent_Features] Generated 18 features for the latest tick.
[Agent] Exploration: Random action: HOLD
[Agent] Received reward: 0.07000000
[NeuralNetworkInterface] Received reward signal: 0.07000000
[Agent] Making decision using full OHLCV data
[Agent] Price data: O=121.86452484 H=122.09171394 L=120.83721500 C=121.75586656 V=5919200.00000000
[Agent_Features] Generated 18 features for the latest tick.
[Agent] Exploration: Random action: HOLD
[Agent] Received reward: 0.07000000
[NeuralNetworkInterface] Received reward signal: 0.07000000
[Agent] Making decision using full OHLCV data
[Agent] Price data: O=119.45429993 H=122.67452048 L=119.13820517 C=121.62745047 V=9052000.00000000
[Agent_Features] Generated 18 features for the latest tick.
[Agent] Exploration: Random action: HOLD
[Agent] Received reward: 0.07000000
[NeuralNetworkInterface] Received reward signal: 0.07000000
[Agent] Making decision using full OHLCV data
[Agent] Price data: O=121.41014099 H=121.80525379 L=119.45429948 C=120.46184918 V=10187800.00000000
[Agent_Features] Generated 18 features for the latest tick.
[Agent] Exploration: Random action: HOLD
[Agent] Received reward: 0.07000000
[NeuralNetworkInterface] Received reward signal: 0.07000000
[Agent] Making decision using full OHLCV data
[Agent] Price data: O=121.58794403 H=122.23989375 L=120.92612177 C=122.07197005 V=7404600.00000000
[Agent_Features] Generated 18 features for the latest tick.
[Agent] Exploration: Random action: SELL
[Portfolio] Logged Trade: SELL 2.08873759 DIS @ 122.07. New Cash: 6429.28, New Coins: 39.68601416
[Agent] Received reward: -0.35764677
[NeuralNetworkInterface] Received reward signal: -0.35764677
[Agent] Making decision using full OHLCV data
[Agent] Price data: O=123.45488739 H=124.01793145 L=121.82502063 C=122.33867182 V=11502200.00000000
[Agent_Features] Generated 18 features for the latest tick.
[Agent] Exploration: Random action: SELL
[Portfolio] Logged Trade: SELL 1.98430071 DIS @ 122.34. New Cash: 6672.04, New Coins: 37.70171346
[Agent] Received reward: -0.37967308
[NeuralNetworkInterface] Received reward signal: -0.37967308
[Agent] Making decision using full OHLCV data
[Agent] Price data: O=123.44500732 H=124.40317174 L=122.22014101 C=123.37586183 V=10958200.00000000
[Agent_Features] Generated 18 features for the latest tick.
[Agent] Exploration: Random action: BUY
[Portfolio] Logged Trade: BUY 2.70394740 DIS @ 123.38. New Cash: 6338.43, New Coins: 40.40566086
[Agent] Received reward: 0.48730964
[NeuralNetworkInterface] Received reward signal: 0.48730964
[Agent] Making decision using full OHLCV data
[Agent] Price data: O=127.38631439 H=129.75702129 L=126.33924439 C=128.21606030 V=22389000.00000000
[Agent_Features] Generated 18 features for the latest tick.
[Agent] Exploration: Random action: SELL
[Portfolio] Logged Trade: SELL 2.02028304 DIS @ 128.22. New Cash: 6597.47, New Coins: 38.38537782
[Agent] Received reward: 0.36779666
[NeuralNetworkInterface] Received reward signal: 0.36779666
[Agent] Making decision using full OHLCV data
[Agent] Price data: O=125.04522705 H=127.91972013 L=123.76109539 C=127.56411259 V=11531500.00000000
[Agent_Features] Generated 18 features for the latest tick.
[Agent] Exploration: Random action: BUY
[Portfolio] Logged Trade: BUY 2.58594192 DIS @ 127.56. New Cash: 6267.59, New Coins: 40.97131973
[Agent] Received reward: -0.46220367
[NeuralNetworkInterface] Received reward signal: -0.46220367
[Agent] Making decision using full OHLCV data
[Agent] Price data: O=125.80583954 H=125.84535233 L=122.91159373 C=123.47463777 V=7744000.00000000
[Agent_Features] Generated 18 features for the latest tick.
[Agent] Exploration: Random action: HOLD
[Agent] Received reward: -0.10500000
[NeuralNetworkInterface] Received reward signal: -0.10500000
[Agent] Making decision using full OHLCV data
[Agent] Price data: O=125.26255035 H=126.55656217 L=124.78841196 C=126.25034747 V=6291700.00000000
[Agent_Features] Generated 18 features for the latest tick.
[Agent] Exploration: Random action: SELL
[Portfolio] Logged Trade: SELL 2.04856599 DIS @ 126.25. New Cash: 6526.23, New Coins: 38.92275375
[Agent] Received reward: 0.36204912
[NeuralNetworkInterface] Received reward signal: 0.36204912
[Agent] Making decision using full OHLCV data
[Agent] Price data: O=122.71403503 H=125.84534998 L=122.20037633 C=125.81571727 V=6576900.00000000
[Agent_Features] Generated 18 features for the latest tick.
[Agent] Exploration: Random action: SELL
[Portfolio] Logged Trade: SELL 1.94613769 DIS @ 125.82. New Cash: 6771.08, New Coins: 36.97661606
[Agent] Received reward: 0.42666630
[NeuralNetworkInterface] Received reward signal: 0.42666630
[Agent] Making decision using full OHLCV data
[Agent] Price data: O=123.42524719 H=124.19573528 L=122.13123538 C=123.05976708 V=6161200.00000000
[Agent_Features] Generated 18 features for the latest tick.
[Agent] Exploration: Random action: BUY
[Portfolio] Logged Trade: BUY 2.75113523 DIS @ 123.06. New Cash: 6432.53, New Coins: 39.72775129
[Agent] Received reward: -0.35618100
[NeuralNetworkInterface] Received reward signal: -0.35618100
[Agent] Making decision using full OHLCV data
[Agent] Price data: O=125.08473969 H=126.00339126 L=122.32878497 C=122.84244366 V=6591500.00000000
[Agent_Features] Generated 18 features for the latest tick.
[Agent] Exploration: Random action: SELL
[Portfolio] Logged Trade: SELL 1.98638756 DIS @ 122.84. New Cash: 6676.54, New Coins: 37.74136372
[Agent] Received reward: -0.41501291
[NeuralNetworkInterface] Received reward signal: -0.41501291
[Agent] Making decision using full OHLCV data
[Agent] Price data: O=126.00339508 H=126.53681395 L=124.43280132 C=125.12425627 V=5177700.00000000
[Agent_Features] Generated 18 features for the latest tick.
[Agent] Exploration: Random action: SELL
[Portfolio] Logged Trade: SELL 1.88706819 DIS @ 125.12. New Cash: 6912.66, New Coins: 35.85429554
[Agent] Received reward: -0.38951225
[NeuralNetworkInterface] Received reward signal: -0.38951225
[Agent] Making decision using full OHLCV data
[Agent] Price data: O=126.78376007 H=126.93192360 L=124.80815839 C=126.53681080 V=5439900.00000000
[Agent_Features] Generated 18 features for the latest tick.
[Agent] Exploration: Random action: SELL
[Portfolio] Logged Trade: SELL 1.79271478 DIS @ 126.54. New Cash: 7139.50, New Coins: 34.06158076
[Agent] Received reward: 0.37704905
[NeuralNetworkInterface] Received reward signal: 0.37704905
[Agent] Making decision using full OHLCV data
[Agent] Price data: O=122.54611206 H=125.55889638 L=121.44965662 C=125.55889638 V=8578900.00000000
[Agent_Features] Generated 18 features for the latest tick.
[Agent] Exploration: Random action: BUY
[Portfolio] Logged Trade: BUY 2.84308897 DIS @ 125.56. New Cash: 6782.53, New Coins: 36.90466973
[Agent] Received reward: -0.43480861
[NeuralNetworkInterface] Received reward signal: -0.43480861
[Agent] Making decision using full OHLCV data
[Agent] Price data: O=121.80525970 H=123.08939897 L=121.52867772 C=122.51647483 V=6813800.00000000
[Agent_Features] Generated 18 features for the latest tick.
[Agent] Exploration: Random action: SELL
[Portfolio] Logged Trade: SELL 1.84523349 DIS @ 122.52. New Cash: 7008.60, New Coins: 35.05943624
[Agent] Received reward: 0.43522108
[NeuralNetworkInterface] Received reward signal: 0.43522108
[Agent] Making decision using full OHLCV data
[Agent] Price data: O=117.02433014 H=120.04698702 L=116.87615906 C=119.53333582 V=11654700.00000000
[Agent_Features] Generated 18 features for the latest tick.
[Agent] Exploration: Random action: HOLD
[Agent] Received reward: -0.10500000
[NeuralNetworkInterface] Received reward signal: -0.10500000
[Agent] Making decision using full OHLCV data
[Agent] Price data: O=120.05686188 H=121.13355711 L=115.79945874 C=116.71811035 V=9583700.00000000
[Agent_Features] Generated 18 features for the latest tick.
[Agent] Exploration: Random action: BUY
[Portfolio] Logged Trade: BUY 3.00236126 DIS @ 116.72. New Cash: 6658.17, New Coins: 38.06179750
[Agent] Received reward: 0.42345962
[NeuralNetworkInterface] Received reward signal: 0.42345962
[Agent] Making decision using full OHLCV data
[Agent] Price data: O=119.77040100 H=120.26429956 L=117.63675560 C=119.16784415 V=8090200.00000000
[Agent_Features] Generated 18 features for the latest tick.
[Agent] Exploration: Random action: HOLD
[Agent] Received reward: 0.07000000
[NeuralNetworkInterface] Received reward signal: 0.07000000
[Agent] Making decision using full OHLCV data
[Agent] Price data: O=118.66406250 H=121.42989738 L=118.34796773 C=120.74831498 V=9186000.00000000
[Agent_Features] Generated 18 features for the latest tick.
[Agent] Exploration: Random action: HOLD
[Agent] Received reward: 0.07000000
[NeuralNetworkInterface] Received reward signal: 0.07000000
[Agent] Making decision using full OHLCV data
[Agent] Price data: O=122.50659943 H=123.54378945 L=119.88894300 C=120.12601221 V=8144900.00000000
[Agent_Features] Generated 18 features for the latest tick.
[Agent] Exploration: Random action: SELL
[Portfolio] Logged Trade: SELL 1.90308987 DIS @ 120.13. New Cash: 6886.78, New Coins: 36.15870762
[Agent] Received reward: -0.40669755
[NeuralNetworkInterface] Received reward signal: -0.40669755
[Agent] Making decision using full OHLCV data
[Agent] Price data: O=123.54378510 H=125.31194284 L=121.90404580 C=122.07196950 V=7483000.00000000
[Agent_Features] Generated 18 features for the latest tick.
[Agent] Exploration: Random action: HOLD
[Agent] Received reward: -0.10500000
[NeuralNetworkInterface] Received reward signal: -0.10500000
[Agent] Making decision using full OHLCV data
[Agent] Price data: O=125.41072083 H=127.05046012 L=124.26488009 C=125.23291704 V=7654800.00000000
[Agent_Features] Generated 18 features for the latest tick.
[Agent] Exploration: Random action: SELL
[Portfolio] Logged Trade: SELL 1.80793538 DIS @ 125.23. New Cash: 7113.19, New Coins: 34.35077224
[Agent] Received reward: 0.36435554
[NeuralNetworkInterface] Received reward signal: 0.36435554
[Agent] Making decision using full OHLCV data
[Agent] Price data: O=125.90461731 H=126.47753390 L=123.08939709 C=124.71926381 V=6259700.00000000
[Agent_Features] Generated 18 features for the latest tick.
[Agent] Exploration: Random action: HOLD
[Agent] Received reward: -0.10500000
[NeuralNetworkInterface] Received reward signal: -0.10500000
[Agent] Making decision using full OHLCV data
[Agent] Price data: O=140.84997559 H=145.87785888 L=136.38514384 C=138.54840669 V=35634700.00000000
[Agent_Features] Generated 18 features for the latest tick.
[Agent] Exploration: Random action: SELL
[Portfolio] Logged Trade: SELL 1.71753861 DIS @ 138.55. New Cash: 7351.15, New Coins: 32.63323363
[Agent] Received reward: 0.35723596
[NeuralNetworkInterface] Received reward signal: 0.35723596
[Agent] Making decision using full OHLCV data
[Agent] Price data: O=140.37585449 H=140.63267633 L=135.99003271 C=138.26196918 V=18115400.00000000
[Agent_Features] Generated 18 features for the latest tick.
[Agent] Exploration: Random action: SELL
[Portfolio] Logged Trade: SELL 1.63166168 DIS @ 138.26. New Cash: 7576.75, New Coins: 31.00157195
[Agent] Received reward: -0.38750771
[NeuralNetworkInterface] Received reward signal: -0.38750771
[Agent] Making decision using full OHLCV data
[Agent] Price data: O=136.13819885 H=140.26718335 L=134.95283032 C=139.74365211 V=9600900.00000000
[Agent_Features] Generated 18 features for the latest tick.
[Agent] Exploration: Random action: SELL
[Portfolio] Logged Trade: SELL 1.55007860 DIS @ 139.74. New Cash: 7793.36, New Coins: 29.45149335
[Agent] Received reward: 0.47691725
[NeuralNetworkInterface] Received reward signal: 0.47691725
[Agent] Making decision using full OHLCV data
[Agent] Price data: O=133.86627197 H=136.80003067 L=132.46360185 C=134.67625779 V=13768200.00000000
[Agent_Features] Generated 18 features for the latest tick.
[Agent] Exploration: Random action: HOLD
[Agent] Received reward: -0.10500000
[NeuralNetworkInterface] Received reward signal: -0.10500000
[Agent] Making decision using full OHLCV data
[Agent] Price data: O=136.67160034 H=139.46706780 L=134.85405739 C=139.18059822 V=21062300.00000000
[Agent_Features] Generated 18 features for the latest tick.
[Agent] Exploration: Random action: HOLD
[Agent] Received reward: 0.07000000
[NeuralNetworkInterface] Received reward signal: 0.07000000
[Agent] Making decision using full OHLCV data
[Agent] Price data: O=142.90460205 H=142.97375508 L=139.84244014 C=139.84244014 V=16382500.00000000
[Agent_Features] Generated 18 features for the latest tick.
[Agent] Exploration: Random action: HOLD
[Agent] Received reward: 0.07000000
[NeuralNetworkInterface] Received reward signal: 0.07000000
[Agent] Making decision using full OHLCV data
[Agent] Price data: O=142.73667908 H=143.06265392 L=140.82035032 C=142.63789334 V=9354900.00000000
[Agent_Features] Generated 18 features for the latest tick.
[Agent] Exploration: Random action: SELL
[Portfolio] Logged Trade: SELL 1.47257467 DIS @ 142.64. New Cash: 8003.41, New Coins: 27.97891868
[Agent] Received reward: -0.35242365
[NeuralNetworkInterface] Received reward signal: -0.35242365
[Agent] Making decision using full OHLCV data
[Agent] Price data: O=142.14398193 H=143.70470300 L=141.60070564 C=142.73666616 V=9456200.00000000
[Agent_Features] Generated 18 features for the latest tick.
[Agent] Exploration: Random action: HOLD
[Agent] Received reward: 0.07000000
[NeuralNetworkInterface] Received reward signal: 0.07000000
[Agent] Making decision using full OHLCV data
[Agent] Price data: O=139.99061584 H=141.55133718 L=139.97085568 C=140.83024947 V=8892500.00000000
[Agent_Features] Generated 18 features for the latest tick.
[Agent] Exploration: Random action: SELL
[Portfolio] Logged Trade: SELL 1.39894593 DIS @ 140.83. New Cash: 8200.42, New Coins: 26.57997275
[Agent] Received reward: 0.37111276
[NeuralNetworkInterface] Received reward signal: 0.37111276
[Agent] Making decision using full OHLCV data
[Agent] Price data: O=139.34854126 H=140.86974213 L=139.14109724 C=139.98073079 V=8481600.00000000
[Agent_Features] Generated 18 features for the latest tick.
[Agent] Exploration: Random action: BUY
[Portfolio] Logged Trade: BUY 2.92912595 DIS @ 139.98. New Cash: 7790.40, New Coins: 29.50909870
[Agent] Received reward: 0.36827677
[NeuralNetworkInterface] Received reward signal: 0.36827677
[Agent] Making decision using full OHLCV data
[Agent] Price data: O=144.19862366 H=145.94702883 L=139.97085306 C=140.71170093 V=12887000.00000000
[Agent_Features] Generated 18 features for the latest tick.
[Agent] Exploration: Random action: SELL
[Portfolio] Logged Trade: SELL 1.47545494 DIS @ 140.71. New Cash: 7998.02, New Coins: 28.03364377
[Agent] Received reward: -0.49029519
[NeuralNetworkInterface] Received reward signal: -0.49029519
[Agent] Making decision using full OHLCV data
[Agent] Price data: O=149.64140320 H=150.00688334 L=146.04582199 C=146.35203671 V=16711700.00000000
[Agent_Features] Generated 18 features for the latest tick.
[Agent] Exploration: Random action: SELL
[Portfolio] Logged Trade: SELL 1.40168219 DIS @ 146.35. New Cash: 8203.16, New Coins: 26.63196158
[Agent] Received reward: -0.39984428
[NeuralNetworkInterface] Received reward signal: -0.39984428
[Agent] Making decision using full OHLCV data
[Agent] Price data: O=147.27066040 H=148.43626877 L=145.44324488 C=148.43626877 V=9552000.00000000
[Agent_Features] Generated 18 features for the latest tick.
[Agent] Exploration: Random action: BUY
[Portfolio] Logged Trade: BUY 2.76319107 DIS @ 148.44. New Cash: 7793.00, New Coins: 29.39515265
[Agent] Received reward: -0.37957999
[NeuralNetworkInterface] Received reward signal: -0.37957999
[Agent] Making decision using full OHLCV data
[Agent] Price data: O=145.33459473 H=148.51530265 L=144.74191043 C=147.18177051 V=5306400.00000000
[Agent_Features] Generated 18 features for the latest tick.
[Agent] Exploration: Random action: SELL
[Portfolio] Logged Trade: SELL 1.46975763 DIS @ 147.18. New Cash: 8009.32, New Coins: 27.92539502
[Agent] Received reward: 0.39557098
[NeuralNetworkInterface] Received reward signal: 0.39557098
[Agent] Making decision using full OHLCV data
[Agent] Price data: O=146.20382690 H=146.87553669 L=144.50481488 C=145.26542278 V=9710100.00000000
[Agent_Features] Generated 18 features for the latest tick.
[Agent] Exploration: Random action: SELL
[Portfolio] Logged Trade: SELL 1.39626975 DIS @ 145.27. New Cash: 8212.15, New Coins: 26.52912527
[Agent] Received reward: -0.40973836
[NeuralNetworkInterface] Received reward signal: -0.40973836
[Agent] Making decision using full OHLCV data
[Agent] Price data: O=147.61640930 H=149.55248329 L=147.18177614 C=147.74482776 V=8825500.00000000
[Agent_Features] Generated 18 features for the latest tick.
[Agent] Exploration: Random action: SELL
[Portfolio] Logged Trade: SELL 1.32645626 DIS @ 147.74. New Cash: 8408.13, New Coins: 25.20266901
[Agent] Received reward: 0.35187213
[NeuralNetworkInterface] Received reward signal: 0.35187213
[Agent] Making decision using full OHLCV data
[Agent] Price data: O=151.73551941 H=152.13063224 L=146.52982426 C=147.66580001 V=10601900.00000000
[Agent_Features] Generated 18 features for the latest tick.
[Agent] Exploration: Random action: BUY
[Portfolio] Logged Trade: BUY 2.84701196 DIS @ 147.67. New Cash: 7987.72, New Coins: 28.04968097
[Agent] Received reward: 0.44271507
[NeuralNetworkInterface] Received reward signal: 0.44271507
[Agent] Making decision using full OHLCV data
[Agent] Price data: O=151.37004089 H=152.55539446 L=150.27358545 C=151.57746985 V=9063200.00000000
[Agent_Features] Generated 18 features for the latest tick.
[Agent] Exploration: Random action: SELL
[Portfolio] Logged Trade: SELL 1.40248405 DIS @ 151.58. New Cash: 8200.30, New Coins: 26.64719692
[Agent] Received reward: -0.35547413
[NeuralNetworkInterface] Received reward signal: -0.35547413
[Agent] Making decision using full OHLCV data
[Agent] Price data: O=152.25904846 H=152.79245228 L=150.94527648 C=151.81454277 V=6033300.00000000
[Agent_Features] Generated 18 features for the latest tick.
[Agent] Exploration: Random action: BUY
[Portfolio] Logged Trade: BUY 2.70076388 DIS @ 151.81. New Cash: 7790.29, New Coins: 29.34796080
[Agent] Received reward: -0.36161447
[NeuralNetworkInterface] Received reward signal: -0.36161447
[Agent] Making decision using full OHLCV data
[Agent] Price data: O=151.80465698 H=152.00222847 L=150.40198685 C=151.31075841 V=6815500.00000000
[Agent_Features] Generated 18 features for the latest tick.
[Agent] Exploration: Random action: SELL
[Portfolio] Logged Trade: SELL 1.46739804 DIS @ 151.31. New Cash: 8012.32, New Coins: 27.88056276
[Agent] Received reward: 0.36736507
[NeuralNetworkInterface] Received reward signal: 0.36736507
[Agent] Making decision using full OHLCV data
[Agent] Price data: O=151.84417725 H=152.99002554 L=150.39211425 C=150.56003795 V=7900600.00000000
[Agent_Features] Generated 18 features for the latest tick.
[Agent] Exploration: Random action: BUY
[Portfolio] Logged Trade: BUY 2.66083971 DIS @ 150.56. New Cash: 7611.71, New Coins: 30.54140246
[Agent] Received reward: 0.43886647
[NeuralNetworkInterface] Received reward signal: 0.43886647
[Agent] Making decision using full OHLCV data
[Agent] Price data: O=152.54551697 H=155.53855640 L=152.01211310 C=154.38282039 V=10804300.00000000
[Agent_Features] Generated 18 features for the latest tick.
[Agent] Exploration: Random action: HOLD
[Agent] Received reward: 0.07000000
[NeuralNetworkInterface] Received reward signal: 0.07000000
[Agent] Making decision using full OHLCV data
[Agent] Price data: O=152.80233765 H=153.44439974 L=150.63905956 C=151.44906043 V=8993200.00000000
[Agent_Features] Generated 18 features for the latest tick.
[Agent] Exploration: Random action: HOLD
[Agent] Received reward: -0.10500000
[NeuralNetworkInterface] Received reward signal: -0.10500000
[Agent] Making decision using full OHLCV data
[Agent] Price data: O=173.57571411 H=177.26019321 L=163.31250246 C=167.60941096 V=87410700.00000000
[Agent_Features] Generated 18 features for the latest tick.
[Agent] Exploration: Random action: SELL
[Portfolio] Logged Trade: SELL 1.52707012 DIS @ 167.61. New Cash: 7867.66, New Coins: 29.01433234
[Agent] Received reward: -0.43498364
[NeuralNetworkInterface] Received reward signal: -0.43498364
[Agent] Making decision using full OHLCV data
[Agent] Price data: O=167.23405457 H=175.13643148 L=166.75002855 C=171.67914158 V=30939400.00000000
[Agent_Features] Generated 18 features for the latest tick.
[Agent] Exploration: Random action: BUY
[Portfolio] Logged Trade: BUY 2.29138428 DIS @ 171.68. New Cash: 7474.27, New Coins: 31.30571662
[Agent] Received reward: -0.41665711
[NeuralNetworkInterface] Received reward signal: -0.41665711
[Agent] Making decision using full OHLCV data
[Agent] Price data: O=171.81742859 H=172.34095984 L=165.77211521 C=168.40953164 V=18802600.00000000
[Agent_Features] Generated 18 features for the latest tick.
[Agent] Exploration: Random action: SELL
[Portfolio] Logged Trade: SELL 1.56528583 DIS @ 168.41. New Cash: 7737.88, New Coins: 29.74043079
[Agent] Received reward: -0.42185179
[NeuralNetworkInterface] Received reward signal: -0.42185179
[Agent] Making decision using full OHLCV data
[Agent] Price data: O=171.00743103 H=172.71633088 L=169.52573536 C=171.86682477 V=11105800.00000000
[Agent_Features] Generated 18 features for the latest tick.
[Agent] Exploration: Random action: SELL
[Portfolio] Logged Trade: SELL 1.48702154 DIS @ 171.87. New Cash: 7993.45, New Coins: 28.25340925
[Agent] Received reward: 0.35341973
[NeuralNetworkInterface] Received reward signal: 0.35341973
[Agent] Making decision using full OHLCV data
[Agent] Price data: O=171.43218994 H=172.70644157 L=169.86159617 C=171.69889938 V=9004600.00000000
[Agent_Features] Generated 18 features for the latest tick.
[Agent] Exploration: Random action: HOLD
[Agent] Received reward: 0.07000000
[NeuralNetworkInterface] Received reward signal: 0.07000000
[Agent] Making decision using full OHLCV data
[Agent] Price data: O=170.78024292 H=173.69424140 L=170.17768608 C=171.48158550 V=21172100.00000000
[Agent_Features] Generated 18 features for the latest tick.
[Agent] Exploration: Random action: SELL
[Portfolio] Logged Trade: SELL 1.41267046 DIS @ 171.48. New Cash: 8235.70, New Coins: 26.84073879
[Agent] Received reward: 0.42076645
[NeuralNetworkInterface] Received reward signal: 0.42076645
[Agent] Making decision using full OHLCV data
[Agent] Price data: O=168.60708618 H=169.84183253 L=166.13759348 C=168.01440190 V=11424200.00000000
[Agent_Features] Generated 18 features for the latest tick.
[Agent] Exploration: Random action: BUY
[Portfolio] Logged Trade: BUY 2.45089125 DIS @ 168.01. New Cash: 7823.92, New Coins: 29.29163004
[Agent] Received reward: -0.35185187
[NeuralNetworkInterface] Received reward signal: -0.35185187
[Agent] Making decision using full OHLCV data
[Agent] Price data: O=168.37001038 H=169.35780746 L=167.09575877 C=167.92550470 V=6419200.00000000
[Agent_Features] Generated 18 features for the latest tick.
[Agent] Exploration: Random action: HOLD
[Agent] Received reward: 0.07000000
[NeuralNetworkInterface] Received reward signal: 0.07000000
[Agent] Making decision using full OHLCV data
[Agent] Price data: O=171.43218994 H=173.80289696 L=170.19744356 C=170.84939327 V=9994000.00000000
[Agent_Features] Generated 18 features for the latest tick.
[Agent] Exploration: Random action: BUY
[Portfolio] Logged Trade: BUY 2.28971124 DIS @ 170.85. New Cash: 7432.72, New Coins: 31.58134128
[Agent] Received reward: 0.37084293
[NeuralNetworkInterface] Received reward signal: 0.37084293
[Agent] Making decision using full OHLCV data
[Agent] Price data: O=171.60998535 H=172.44961891 L=170.27646831 C=171.86682224 V=2721000.00000000
[Agent_Features] Generated 18 features for the latest tick.
[Agent] Exploration: Random action: BUY
[Portfolio] Logged Trade: BUY 2.16234863 DIS @ 171.87. New Cash: 7061.08, New Coins: 33.74368991
[Agent] Received reward: 0.38540441
[NeuralNetworkInterface] Received reward signal: 0.38540441
[Agent] Making decision using full OHLCV data
[Agent] Price data: O=176.67739868 H=177.72446125 L=172.91389396 C=173.60534895 V=13145400.00000000
[Agent_Features] Generated 18 features for the latest tick.
[Agent] Exploration: Random action: SELL
[Portfolio] Logged Trade: SELL 1.68718450 DIS @ 173.61. New Cash: 7353.99, New Coins: 32.05650541
[Agent] Received reward: -0.43483613
[NeuralNetworkInterface] Received reward signal: -0.43483613
[Agent] Making decision using full OHLCV data
[Agent] Price data: O=175.13642883 H=178.00103439 L=174.06960616 C=177.81335053 V=6875400.00000000
[Agent_Features] Generated 18 features for the latest tick.
[Agent] Exploration: Random action: SELL
[Portfolio] Logged Trade: SELL 1.60282527 DIS @ 177.81. New Cash: 7638.99, New Coins: 30.45368014
[Agent] Received reward: 0.37935939
[NeuralNetworkInterface] Received reward signal: 0.37935939
[Agent] Making decision using full OHLCV data
[Agent] Price data: O=178.95919800 H=181.16198130 L=176.19336312 C=176.32178156 V=11680400.00000000
[Agent_Features] Generated 18 features for the latest tick.
[Agent] Exploration: Random action: HOLD
[Agent] Received reward: 0.07000000
[NeuralNetworkInterface] Received reward signal: 0.07000000
[Agent] Making decision using full OHLCV data
[Agent] Price data: O=178.96907043 H=181.16198119 L=178.07018653 C=179.00859076 V=7073500.00000000
[Agent_Features] Generated 18 features for the latest tick.
[Agent] Exploration: Random action: SELL
[Portfolio] Logged Trade: SELL 1.52268401 DIS @ 179.01. New Cash: 7911.57, New Coins: 28.93099613
[Agent] Received reward: 0.00000000
[NeuralNetworkInterface] Received reward signal: 0.00000000
[Simulation] Simulation run finished. Ticks processed in this run: 196

Simulation Finished in 0.03 seconds.
--------------------
  Final Portfolio  
--------------------
Cash:      $7911.57
Asset:     28.9310 DIS
Total Value: $13090.46
--------------------
[Simulation] Simulation destroyed.
[AutonomousTradingAgent] Agent destroyed
[NeuralNetworkInterface] Destructor called.
[Portfolio] Destroyed for asset: DIS. Final cash: 7911.57, Final assets: 28.93
