Loading data from training_run_20250621_153613/data/WMT_1d_20210407_to_20211008.csv...
Loaded 81 data points.
[Portfolio] Initialized for asset: WMT with initial cash: 10000.00. Initial Portfolio Value: 10000.00
[NeuralNetworkInterface] Constructor called.
[NeuralNetworkInterface] Initializing...
Warning: NN model path is empty. Initializing in a mock state.
[NeuralNetworkInterface] Initialized successfully.
[AutonomousTradingAgent] Agent initialized for WMT without API client (CSV mode).
[Simulation] Initialized with 81 data points.
[Simulation] API client is NULL (offline/CSV mode).

Starting Simulation for WMT...
[Simulation] Starting simulation run...
[Agent] Making decision using full OHLCV data
[Agent] Price data: O=43.25 H=44.16 L=43.19 C=44.10 V=28794900.00
[Agent_Features] Generated 15 features for the latest tick.
[Agent] Exploration: Random action: SELL
[Agent] Received reward: 0.42
[NeuralNetworkInterface] Received reward signal: 0.42
[Agent] Making decision using full OHLCV data
[Agent] Price data: O=43.43 H=43.63 L=43.11 C=43.20 V=19341900.00
[Agent_Features] Generated 17 features for the latest tick.
[Agent] Exploration: Random action: BUY
[Portfolio] Logged Trade: BUY 11.57372793 WMT @ 43.20. New Cash: 9500.00, New Coins: 11.57372793
[Agent] Received reward: -0.38985415
[NeuralNetworkInterface] Received reward signal: -0.38985415
[Agent] Making decision using full OHLCV data
[Agent] Price data: O=42.62422180 H=43.00893320 L=42.38141029 C=42.70936317 V=44812800.00000000
[Agent_Features] Generated 17 features for the latest tick.
[Agent] Exploration: Random action: SELL
[Portfolio] Logged Trade: SELL 0.57868640 WMT @ 42.71. New Cash: 9524.72, New Coins: 10.99504153
[Agent] Received reward: -0.35568564
[NeuralNetworkInterface] Received reward signal: -0.35568564
[Agent] Making decision using full OHLCV data
[Agent] Price data: O=43.01209259 H=43.12245918 L=42.68098922 C=42.77874320 V=20775000.00000000
[Agent_Features] Generated 17 features for the latest tick.
[Agent] Exploration: Random action: HOLD
[Agent] Received reward: 0.07000000
[NeuralNetworkInterface] Received reward signal: 0.07000000
[Agent] Making decision using full OHLCV data
[Agent] Price data: O=43.21074295 H=43.42832562 L=42.95847292 C=42.95847292 V=19107000.00000000
[Agent_Features] Generated 18 features for the latest tick.
[Agent] Exploration: Random action: BUY
[Portfolio] Logged Trade: BUY 11.08595660 WMT @ 42.96. New Cash: 9048.48, New Coins: 22.08099813
[Agent] Received reward: 0.35693755
[NeuralNetworkInterface] Received reward signal: 0.35693755
[Agent] Making decision using full OHLCV data
[Agent] Price data: O=42.87334061 H=43.19813946 L=42.86388206 C=43.04362336 V=19390500.00000000
[Agent_Features] Generated 18 features for the latest tick.
[Agent] Exploration: Random action: BUY
[Portfolio] Logged Trade: BUY 10.51082466 WMT @ 43.04. New Cash: 8596.06, New Coins: 32.59182279
[Agent] Received reward: -0.35846174
[NeuralNetworkInterface] Received reward signal: -0.35846174
[Agent] Making decision using full OHLCV data
[Agent] Price data: O=43.17290878 H=43.27697086 L=42.91748827 C=42.93955942 V=23444100.00000000
[Agent_Features] Generated 18 features for the latest tick.
[Agent] Exploration: Random action: HOLD
[Agent] Received reward: 0.07000000
[NeuralNetworkInterface] Received reward signal: 0.07000000
[Agent] Making decision using full OHLCV data
[Agent] Price data: O=43.68375397 H=43.78781604 L=43.17605981 C=43.24228048 V=28640700.00000000
[Agent_Features] Generated 18 features for the latest tick.
[Agent] Exploration: Random action: SELL
[Portfolio] Logged Trade: SELL 1.62959114 WMT @ 43.24. New Cash: 8666.52, New Coins: 30.96223165
[Agent] Received reward: -0.37322660
[NeuralNetworkInterface] Received reward signal: -0.37322660
[Agent] Making decision using full OHLCV data
[Agent] Price data: O=43.54816437 H=43.71844713 L=43.07515751 C=43.52924366 V=15549000.00000000
[Agent_Features] Generated 18 features for the latest tick.
[Agent] Exploration: Random action: BUY
[Portfolio] Logged Trade: BUY 9.95482817 WMT @ 43.53. New Cash: 8233.20, New Coins: 40.91705982
[Agent] Received reward: -0.35355017
[NeuralNetworkInterface] Received reward signal: -0.35355017
[Agent] Making decision using full OHLCV data
[Agent] Price data: O=43.29588699 H=43.66483170 L=43.27381224 C=43.48509043 V=35962500.00000000
[Agent_Features] Generated 18 features for the latest tick.
[Agent] Exploration: Random action: HOLD
[Agent] Received reward: 0.07000000
[NeuralNetworkInterface] Received reward signal: 0.07000000
[Agent] Making decision using full OHLCV data
[Agent] Price data: O=44.46894836 H=44.96087588 L=43.73420934 C=44.00855415 V=45511200.00000000
[Agent_Features] Generated 18 features for the latest tick.
[Agent] Exploration: Random action: SELL
[Portfolio] Logged Trade: SELL 2.04585299 WMT @ 44.01. New Cash: 8323.23, New Coins: 38.87120683
[Agent] Received reward: -0.37131677
[NeuralNetworkInterface] Received reward signal: -0.37131677
[Agent] Making decision using full OHLCV data
[Agent] Price data: O=43.93286896 H=44.54147112 L=43.83511499 C=44.27658847 V=26348700.00000000
[Agent_Features] Generated 18 features for the latest tick.
[Agent] Exploration: Random action: HOLD
[Agent] Received reward: 0.07000000
[NeuralNetworkInterface] Received reward signal: 0.07000000
[Agent] Making decision using full OHLCV data
[Agent] Price data: O=44.18199158 H=44.48786970 L=43.94233412 C=43.94233412 V=26280600.00000000
[Agent_Features] Generated 18 features for the latest tick.
[Agent] Exploration: Random action: BUY
[Portfolio] Logged Trade: BUY 9.47062995 WMT @ 43.94. New Cash: 7907.07, New Coins: 48.34183678
[Agent] Received reward: 0.36381424
[NeuralNetworkInterface] Received reward signal: 0.36381424
[Agent] Making decision using full OHLCV data
[Agent] Price data: O=44.12838745 H=44.38381159 L=43.99279206 C=44.11577124 V=18279300.00000000
[Agent_Features] Generated 18 features for the latest tick.
[Agent] Exploration: Random action: SELL
[Portfolio] Logged Trade: SELL 2.41709184 WMT @ 44.12. New Cash: 8013.70, New Coins: 45.92474494
[Agent] Received reward: 0.35350240
[NeuralNetworkInterface] Received reward signal: 0.35350240
[Agent] Making decision using full OHLCV data
[Agent] Price data: O=44.05585861 H=44.52255737 L=43.94549203 C=44.07162527 V=25607400.00000000
[Agent_Features] Generated 18 features for the latest tick.
[Agent] Exploration: Random action: SELL
[Portfolio] Logged Trade: SELL 2.29623725 WMT @ 44.07. New Cash: 8114.90, New Coins: 43.62850770
[Agent] Received reward: 0.38556025
[NeuralNetworkInterface] Received reward signal: 0.38556025
[Agent] Making decision using full OHLCV data
[Agent] Price data: O=44.01802444 H=44.35228191 L=43.58601298 C=43.62385440 V=21267000.00000000
[Agent_Features] Generated 18 features for the latest tick.
[Agent] Exploration: Random action: HOLD
[Agent] Received reward: 0.07000000
[NeuralNetworkInterface] Received reward signal: 0.07000000
[Agent] Making decision using full OHLCV data
[Agent] Price data: O=44.24190903 H=44.41219179 L=44.12523434 C=44.27659639 V=15185400.00000000
[Agent_Features] Generated 18 features for the latest tick.
[Agent] Exploration: Random action: HOLD
[Agent] Received reward: 0.07000000
[NeuralNetworkInterface] Received reward signal: 0.07000000
[Agent] Making decision using full OHLCV data
[Agent] Price data: O=44.16307068 H=44.39642003 L=43.93602582 C=44.36488673 V=19515000.00000000
[Agent_Features] Generated 18 features for the latest tick.
[Agent] Exploration: Random action: SELL
[Portfolio] Logged Trade: SELL 2.18142538 WMT @ 44.36. New Cash: 8211.68, New Coins: 41.44708231
[Agent] Received reward: 0.36741443
[NeuralNetworkInterface] Received reward signal: 0.36741443
[Agent] Making decision using full OHLCV data
[Agent] Price data: O=44.33019638 H=44.51939982 L=44.12838035 C=44.14414700 V=18947700.00000000
[Agent_Features] Generated 18 features for the latest tick.
[Agent] Exploration: Random action: BUY
[Portfolio] Logged Trade: BUY 9.30098343 WMT @ 44.14. New Cash: 7801.10, New Coins: 50.74806574
[Agent] Received reward: 0.36800109
[NeuralNetworkInterface] Received reward signal: 0.36800109
[Agent] Making decision using full OHLCV data
[Agent] Price data: O=44.63607407 H=44.71490733 L=44.09369257 C=44.37118782 V=18812100.00000000
[Agent_Features] Generated 18 features for the latest tick.
[Agent] Exploration: Random action: BUY
[Portfolio] Logged Trade: BUY 8.79072209 WMT @ 44.37. New Cash: 7411.04, New Coins: 59.53878783
[Agent] Received reward: 0.38208787
[NeuralNetworkInterface] Received reward signal: 0.38208787
[Agent] Making decision using full OHLCV data
[Agent] Price data: O=44.67076874 H=44.97979733 L=44.49102382 C=44.77798127 V=17974800.00000000
[Agent_Features] Generated 18 features for the latest tick.
[Agent] Exploration: Random action: BUY
[Portfolio] Logged Trade: BUY 8.27531816 WMT @ 44.78. New Cash: 7040.49, New Coins: 67.81410599
[Agent] Received reward: -0.35739447
[NeuralNetworkInterface] Received reward signal: -0.35739447
[Agent] Making decision using full OHLCV data
[Agent] Price data: O=44.63923264 H=44.81897393 L=44.44687513 C=44.68337854 V=18095400.00000000
[Agent_Features] Generated 18 features for the latest tick.
[Agent] Exploration: Random action: HOLD
[Agent] Received reward: 0.07000000
[NeuralNetworkInterface] Received reward signal: 0.07000000
[Agent] Making decision using full OHLCV data
[Agent] Price data: O=44.53516769 H=45.08700775 L=44.07477350 C=44.59192620 V=27383100.00000000
[Agent_Features] Generated 18 features for the latest tick.
[Agent] Exploration: Random action: SELL
[Portfolio] Logged Trade: SELL 3.39070530 WMT @ 44.59. New Cash: 7191.69, New Coins: 64.42340069
[Agent] Received reward: 0.36088916
[NeuralNetworkInterface] Received reward signal: 0.36088916
[Agent] Making decision using full OHLCV data
[Agent] Price data: O=44.73699570 H=44.92619919 L=44.39327608 C=44.45319226 V=19020300.00000000
[Agent_Features] Generated 18 features for the latest tick.
[Agent] Exploration: Random action: SELL
[Portfolio] Logged Trade: SELL 3.22117003 WMT @ 44.45. New Cash: 7334.88, New Coins: 61.20223066
[Agent] Received reward: -0.38798663
[NeuralNetworkInterface] Received reward signal: -0.38798663
[Agent] Making decision using full OHLCV data
[Agent] Price data: O=44.51625824 H=44.94826968 L=44.37120067 C=44.93565708 V=18591900.00000000
[Agent_Features] Generated 18 features for the latest tick.
[Agent] Exploration: Random action: HOLD
[Agent] Received reward: 0.07000000
[NeuralNetworkInterface] Received reward signal: 0.07000000
[Agent] Making decision using full OHLCV data
[Agent] Price data: O=44.54778290 H=44.81581962 L=44.39957491 C=44.50363338 V=13013400.00000000
[Agent_Features] Generated 18 features for the latest tick.
[Agent] Exploration: Random action: SELL
[Portfolio] Logged Trade: SELL 3.06011153 WMT @ 44.50. New Cash: 7471.06, New Coins: 58.14211912
[Agent] Received reward: -0.35967206
[NeuralNetworkInterface] Received reward signal: -0.35967206
[Agent] Making decision using full OHLCV data
[Agent] Price data: O=44.91357422 H=45.00502370 L=44.46579620 C=44.62661679 V=15947400.00000000
[Agent_Features] Generated 18 features for the latest tick.
[Agent] Exploration: Random action: HOLD
[Agent] Received reward: 0.07000000
[NeuralNetworkInterface] Received reward signal: 0.07000000
[Agent] Making decision using full OHLCV data
[Agent] Price data: O=44.97664642 H=45.36451554 L=44.60770163 C=44.89150865 V=18517200.00000000
[Agent_Features] Generated 18 features for the latest tick.
[Agent] Exploration: Random action: HOLD
[Agent] Received reward: 0.07000000
[NeuralNetworkInterface] Received reward signal: 0.07000000
[Agent] Making decision using full OHLCV data
[Agent] Price data: O=44.97979355 H=45.09331778 L=44.76536490 C=45.09331778 V=15395700.00000000
[Agent_Features] Generated 18 features for the latest tick.
[Agent] Exploration: Random action: BUY
[Portfolio] Logged Trade: BUY 8.28400372 WMT @ 45.09. New Cash: 7097.51, New Coins: 66.42612284
[Agent] Received reward: -0.36272749
[NeuralNetworkInterface] Received reward signal: -0.36272749
[Agent] Making decision using full OHLCV data
[Agent] Price data: O=44.79689789 H=45.17215073 L=44.67076466 C=44.92933922 V=14071500.00000000
[Agent_Features] Generated 18 features for the latest tick.
[Agent] Exploration: Random action: BUY
[Portfolio] Logged Trade: BUY 7.89852595 WMT @ 44.93. New Cash: 6742.64, New Coins: 74.32464879
[Agent] Received reward: 0.35393072
[NeuralNetworkInterface] Received reward signal: 0.35393072
[Agent] Making decision using full OHLCV data
[Agent] Price data: O=44.85366440 H=45.04602192 L=44.78428967 C=44.97979764 V=11063100.00000000
[Agent_Features] Generated 18 features for the latest tick.
[Agent] Exploration: Random action: BUY
[Portfolio] Logged Trade: BUY 7.49518210 WMT @ 44.98. New Cash: 6405.50, New Coins: 81.81983089
[Agent] Received reward: -0.38533386
[NeuralNetworkInterface] Received reward signal: -0.38533386
[Agent] Making decision using full OHLCV data
[Agent] Price data: O=44.95141602 H=45.08070330 L=44.52570914 C=44.52570914 V=16332300.00000000
[Agent_Features] Generated 18 features for the latest tick.
[Agent] Exploration: Random action: HOLD
[Agent] Received reward: 0.07000000
[NeuralNetworkInterface] Received reward signal: 0.07000000
[Agent] Making decision using full OHLCV data
[Agent] Price data: O=44.84735489 H=45.05232500 L=44.67391808 C=45.03971240 V=19958400.00000000
[Agent_Features] Generated 18 features for the latest tick.
[Agent] Exploration: Random action: SELL
[Portfolio] Logged Trade: SELL 4.09099154 WMT @ 45.04. New Cash: 6589.76, New Coins: 77.72883934
[Agent] Received reward: 0.35955636
[NeuralNetworkInterface] Received reward signal: 0.35955636
[Agent] Making decision using full OHLCV data
[Agent] Price data: O=45.35190201 H=45.37713082 L=44.89151130 C=44.91673651 V=18915300.00000000
[Agent_Features] Generated 18 features for the latest tick.
[Agent] Exploration: Random action: BUY
[Portfolio] Logged Trade: BUY 7.33552936 WMT @ 44.92. New Cash: 6260.27, New Coins: 85.06436871
[Agent] Received reward: 0.37309612
[NeuralNetworkInterface] Received reward signal: 0.37309612
[Agent] Making decision using full OHLCV data
[Agent] Price data: O=45.04285812 H=45.38972806 L=45.01132482 C=45.21313724 V=15301500.00000000
[Agent_Features] Generated 18 features for the latest tick.
[Agent] Exploration: Random action: SELL
[Portfolio] Logged Trade: SELL 4.25321844 WMT @ 45.21. New Cash: 6452.57, New Coins: 80.81115027
[Agent] Received reward: -0.37074992
[NeuralNetworkInterface] Received reward signal: -0.37074992
[Agent] Making decision using full OHLCV data
[Agent] Price data: O=45.87850952 H=45.89427618 L=45.40550268 C=45.48118551 V=27005400.00000000
[Agent_Features] Generated 18 features for the latest tick.
[Agent] Exploration: Random action: BUY
[Portfolio] Logged Trade: BUY 7.09367404 WMT @ 45.48. New Cash: 6129.95, New Coins: 87.90482431
[Agent] Received reward: 0.39804868
[NeuralNetworkInterface] Received reward signal: 0.39804868
[Agent] Making decision using full OHLCV data
[Agent] Price data: O=45.79652786 H=46.18754743 L=45.70823242 C=46.10556010 V=19263600.00000000
[Agent_Features] Generated 18 features for the latest tick.
[Agent] Exploration: Random action: SELL
[Portfolio] Logged Trade: SELL 4.39524122 WMT @ 46.11. New Cash: 6332.59, New Coins: 83.50958310
[Agent] Received reward: 0.35718158
[NeuralNetworkInterface] Received reward signal: 0.35718158
[Agent] Making decision using full OHLCV data
[Agent] Price data: O=45.90689850 H=46.19070192 L=45.85013637 C=46.01095699 V=15811800.00000000
[Agent_Features] Generated 18 features for the latest tick.
[Agent] Exploration: Random action: BUY
[Portfolio] Logged Trade: BUY 6.88161132 WMT @ 46.01. New Cash: 6015.96, New Coins: 90.39119442
[Agent] Received reward: 0.37542624
[NeuralNetworkInterface] Received reward signal: 0.37542624
[Agent] Making decision using full OHLCV data
[Agent] Price data: O=46.88443756 H=46.96957893 L=46.11816521 C=46.34521007 V=38262000.00000000
[Agent_Features] Generated 18 features for the latest tick.
[Agent] Exploration: Random action: BUY
[Portfolio] Logged Trade: BUY 6.49038047 WMT @ 46.35. New Cash: 5715.16, New Coins: 96.88157489
[Agent] Received reward: 0.41048841
[NeuralNetworkInterface] Received reward signal: 0.41048841
[Agent] Making decision using full OHLCV data
[Agent] Price data: O=47.30383682 H=47.79891841 L=47.03580010 C=47.14616668 V=41455800.00000000
[Agent_Features] Generated 18 features for the latest tick.
[Agent] Exploration: Random action: HOLD
[Agent] Received reward: 0.07000000
[NeuralNetworkInterface] Received reward signal: 0.07000000
[Agent] Making decision using full OHLCV data
[Agent] Price data: O=47.17723465 H=47.54120574 L=47.09810767 C=47.15824432 V=18269100.00000000
[Agent_Features] Generated 18 features for the latest tick.
[Agent] Exploration: Random action: HOLD
[Agent] Received reward: 0.07000000
[NeuralNetworkInterface] Received reward signal: 0.07000000
[Agent] Making decision using full OHLCV data
[Agent] Price data: O=47.32598877 H=47.58868051 L=47.20888474 C=47.27851113 V=15981300.00000000
[Agent_Features] Generated 18 features for the latest tick.
[Agent] Exploration: Random action: BUY
[Portfolio] Logged Trade: BUY 6.04414431 WMT @ 47.28. New Cash: 5429.40, New Coins: 102.92571920
[Agent] Received reward: 0.35702980
[NeuralNetworkInterface] Received reward signal: 0.35702980
[Agent] Making decision using full OHLCV data
[Agent] Price data: O=47.71212387 H=48.02229330 L=47.17091201 C=47.37347075 V=47791500.00000000
[Agent_Features] Generated 18 features for the latest tick.
[Agent] Exploration: Random action: SELL
[Portfolio] Logged Trade: SELL 5.14628596 WMT @ 47.37. New Cash: 5673.20, New Coins: 97.77943324
[Agent] Received reward: -0.36683558
[NeuralNetworkInterface] Received reward signal: -0.36683558
[Agent] Making decision using full OHLCV data
[Agent] Price data: O=47.69629669 H=48.26599221 L=47.18989987 C=47.60134502 V=50950200.00000000
[Agent_Features] Generated 18 features for the latest tick.
[Agent] Exploration: Random action: HOLD
[Agent] Received reward: 0.07000000
[NeuralNetworkInterface] Received reward signal: 0.07000000
[Agent] Making decision using full OHLCV data
[Agent] Price data: O=47.18989944 H=48.28814778 L=47.16457779 C=47.64882224 V=28211700.00000000
[Agent_Features] Generated 18 features for the latest tick.
[Agent] Exploration: Random action: SELL
[Portfolio] Logged Trade: SELL 4.88897166 WMT @ 47.65. New Cash: 5906.16, New Coins: 92.89046158
[Agent] Received reward: 0.40161106
[NeuralNetworkInterface] Received reward signal: 0.40161106
[Agent] Making decision using full OHLCV data
[Agent] Price data: O=47.50955963 H=47.68363466 L=46.84174682 C=46.94619184 V=22630500.00000000
[Agent_Features] Generated 18 features for the latest tick.
[Agent] Exploration: Random action: SELL
[Portfolio] Logged Trade: SELL 4.64452308 WMT @ 46.95. New Cash: 6124.20, New Coins: 88.24593850
[Agent] Received reward: -0.40073171
[NeuralNetworkInterface] Received reward signal: -0.40073171
[Agent] Making decision using full OHLCV data
[Agent] Price data: O=47.93367004 H=48.01912473 L=47.39562387 C=47.62666629 V=19400400.00000000
[Agent_Features] Generated 18 features for the latest tick.
[Agent] Exploration: Random action: BUY
[Portfolio] Logged Trade: BUY 6.42937986 WMT @ 47.63. New Cash: 5817.99, New Coins: 94.67531836
[Agent] Received reward: 0.37442169
[NeuralNetworkInterface] Received reward signal: 0.37442169
[Agent] Making decision using full OHLCV data
[Agent] Price data: O=47.61717224 H=48.04128003 L=47.60450960 C=47.95898737 V=16166100.00000000
[Agent_Features] Generated 18 features for the latest tick.
[Agent] Exploration: Random action: BUY
[Portfolio] Logged Trade: BUY 6.06558746 WMT @ 47.96. New Cash: 5527.09, New Coins: 100.74090582
[Agent] Received reward: -0.37379089
[NeuralNetworkInterface] Received reward signal: -0.37379089
[Agent] Making decision using full OHLCV data
[Agent] Price data: O=47.12659073 H=47.63299110 L=47.06329204 C=47.63299110 V=18828900.00000000
[Agent_Features] Generated 18 features for the latest tick.
[Agent] Exploration: Random action: SELL
[Portfolio] Logged Trade: SELL 5.03704529 WMT @ 47.63. New Cash: 5767.02, New Coins: 95.70386053
[Agent] Received reward: 0.39860415
[NeuralNetworkInterface] Received reward signal: 0.39860415
[Agent] Making decision using full OHLCV data
[Agent] Price data: O=47.14558792 H=47.24686729 L=46.85124680 C=46.97151650 V=21921300.00000000
[Agent_Features] Generated 18 features for the latest tick.
[Agent] Exploration: Random action: BUY
[Portfolio] Logged Trade: BUY 6.13884667 WMT @ 46.97. New Cash: 5478.67, New Coins: 101.84270720
[Agent] Received reward: -0.37216881
[NeuralNetworkInterface] Received reward signal: -0.37216881
[Agent] Making decision using full OHLCV data
[Agent] Price data: O=46.63602448 H=46.92719990 L=46.42080313 C=46.67400152 V=23466900.00000000
[Agent_Features] Generated 18 features for the latest tick.
[Agent] Exploration: Random action: HOLD
[Agent] Received reward: 0.07000000
[NeuralNetworkInterface] Received reward signal: 0.07000000
[Agent] Making decision using full OHLCV data
[Agent] Price data: O=46.37332916 H=46.74363158 L=46.26571849 C=46.68666058 V=23088600.00000000
[Agent_Features] Generated 18 features for the latest tick.
[Agent] Exploration: Random action: SELL
[Portfolio] Logged Trade: SELL 5.09213536 WMT @ 46.69. New Cash: 5716.40, New Coins: 96.75057184
[Agent] Received reward: 0.37586259
[NeuralNetworkInterface] Received reward signal: 0.37586259
[Agent] Making decision using full OHLCV data
[Agent] Price data: O=46.74679565 H=46.84174369 L=46.21507725 C=46.34167825 V=16440600.00000000
[Agent_Features] Generated 18 features for the latest tick.
[Agent] Exploration: Random action: BUY
[Portfolio] Logged Trade: BUY 6.16766896 WMT @ 46.34. New Cash: 5430.58, New Coins: 102.91824080
[Agent] Received reward: 0.38752920
[NeuralNetworkInterface] Received reward signal: 0.38752920
[Agent] Making decision using full OHLCV data
[Agent] Price data: O=46.87339783 H=46.98100488 L=46.60120911 C=46.83858282 V=25078500.00000000
[Agent_Features] Generated 18 features for the latest tick.
[Agent] Exploration: Random action: SELL
[Portfolio] Logged Trade: SELL 5.14591204 WMT @ 46.84. New Cash: 5671.61, New Coins: 97.77232876
[Agent] Received reward: 0.36016912
[NeuralNetworkInterface] Received reward signal: 0.36016912
[Agent] Making decision using full OHLCV data
[Agent] Price data: O=46.77212143 H=46.81959908 L=46.38915995 C=46.70249503 V=19056600.00000000
[Agent_Features] Generated 18 features for the latest tick.
[Agent] Exploration: Random action: SELL
[Portfolio] Logged Trade: SELL 4.88861644 WMT @ 46.70. New Cash: 5899.92, New Coins: 92.88371232
[Agent] Received reward: -0.36328210
[NeuralNetworkInterface] Received reward signal: -0.36328210
[Agent] Making decision using full OHLCV data
[Agent] Price data: O=47.01898575 H=47.09178142 L=46.74363137 C=46.87972573 V=20018100.00000000
[Agent_Features] Generated 18 features for the latest tick.
[Agent] Exploration: Random action: BUY
[Portfolio] Logged Trade: BUY 6.29261392 WMT @ 46.88. New Cash: 5604.92, New Coins: 99.17632624
[Agent] Received reward: 0.35189052
[NeuralNetworkInterface] Received reward signal: 0.35189052
[Agent] Making decision using full OHLCV data
[Agent] Price data: O=47.23736954 H=47.36396692 L=46.81009612 C=46.90504778 V=17211900.00000000
[Agent_Features] Generated 18 features for the latest tick.
[Agent] Exploration: Random action: BUY
[Portfolio] Logged Trade: BUY 5.97475596 WMT @ 46.91. New Cash: 5324.68, New Coins: 105.15108220
[Agent] Received reward: 0.36818525
[NeuralNetworkInterface] Received reward signal: 0.36818525
[Agent] Making decision using full OHLCV data
[Agent] Price data: O=46.61071014 H=47.21205505 L=46.54424578 C=47.14875635 V=25345200.00000000
[Agent_Features] Generated 18 features for the latest tick.
[Agent] Exploration: Random action: HOLD
[Agent] Received reward: 0.07000000
[NeuralNetworkInterface] Received reward signal: 0.07000000
[Agent] Making decision using full OHLCV data
[Agent] Price data: O=46.67084122 H=46.94302997 L=46.43979879 C=46.50942881 V=19508400.00000000
[Agent_Features] Generated 18 features for the latest tick.
[Agent] Exploration: Random action: HOLD
[Agent] Received reward: 0.07000000
[NeuralNetworkInterface] Received reward signal: 0.07000000
[Agent] Making decision using full OHLCV data
[Agent] Price data: O=46.34166718 H=46.71830081 L=46.15809885 C=46.67082318 V=22328700.00000000
[Agent_Features] Generated 18 features for the latest tick.
[Agent] Exploration: Random action: HOLD
[Agent] Received reward: 0.07000000
[NeuralNetworkInterface] Received reward signal: 0.07000000
[Agent] Making decision using full OHLCV data
[Agent] Price data: O=46.17394257 H=46.60121604 L=46.02835121 C=46.58855340 V=15775200.00000000
[Agent_Features] Generated 18 features for the latest tick.
[Agent] Exploration: Random action: BUY
[Portfolio] Logged Trade: BUY 5.71457759 WMT @ 46.59. New Cash: 5058.44, New Coins: 110.86565979
[Agent] Received reward: -0.36616868
[NeuralNetworkInterface] Received reward signal: -0.36616868
[Agent] Making decision using full OHLCV data
[Agent] Price data: O=45.91124344 H=46.57272495 L=45.77831473 C=46.37333188 V=19529400.00000000
[Agent_Features] Generated 18 features for the latest tick.
[Agent] Exploration: Random action: SELL
[Portfolio] Logged Trade: SELL 5.54328299 WMT @ 46.37. New Cash: 5315.50, New Coins: 105.32237680
[Agent] Received reward: 0.37484286
[NeuralNetworkInterface] Received reward signal: 0.37484286
[Agent] Making decision using full OHLCV data
[Agent] Price data: O=45.67070770 H=46.17077685 L=45.55043800 C=46.04417583 V=16533900.00000000
[Agent_Features] Generated 18 features for the latest tick.
[Agent] Exploration: Random action: BUY
[Portfolio] Logged Trade: BUY 5.77217918 WMT @ 46.04. New Cash: 5049.73, New Coins: 111.09455598
[Agent] Received reward: -0.38392248
[NeuralNetworkInterface] Received reward signal: -0.38392248
[Agent] Making decision using full OHLCV data
[Agent] Price data: O=45.74982834 H=45.81312703 L=45.50928896 C=45.59790931 V=14850000.00000000
[Agent_Features] Generated 18 features for the latest tick.
[Agent] Exploration: Random action: HOLD
[Agent] Received reward: 0.07000000
[NeuralNetworkInterface] Received reward signal: 0.07000000
[Agent] Making decision using full OHLCV data
[Agent] Price data: O=45.90175247 H=45.99037282 L=45.47764467 C=45.71501841 V=18428400.00000000
[Agent_Features] Generated 18 features for the latest tick.
[Agent] Exploration: Random action: HOLD
[Agent] Received reward: 0.07000000
[NeuralNetworkInterface] Received reward signal: 0.07000000
[Agent] Making decision using full OHLCV data
[Agent] Price data: O=45.80678940 H=46.25938440 L=45.58207835 C=45.62005539 V=73032600.00000000
[Agent_Features] Generated 18 features for the latest tick.
[Agent] Exploration: Random action: HOLD
[Agent] Received reward: 0.07000000
[NeuralNetworkInterface] Received reward signal: 0.07000000
[Agent] Making decision using full OHLCV data
[Agent] Price data: O=45.17696762 H=45.95238746 L=44.82248987 C=45.41750338 V=25054500.00000000
[Agent_Features] Generated 18 features for the latest tick.
[Agent] Exploration: Random action: HOLD
[Agent] Received reward: 0.07000000
[NeuralNetworkInterface] Received reward signal: 0.07000000
[Agent] Making decision using full OHLCV data
[Agent] Price data: O=45.26558304 H=45.75932079 L=45.15481033 C=45.16430369 V=17437500.00000000
[Agent_Features] Generated 18 features for the latest tick.
[Agent] Exploration: Random action: SELL
[Portfolio] Logged Trade: SELL 5.55472780 WMT @ 45.16. New Cash: 5300.60, New Coins: 105.53982818
[Agent] Received reward: -0.36888637
[NeuralNetworkInterface] Received reward signal: -0.36888637
[Agent] Making decision using full OHLCV data
[Agent] Price data: O=45.16114426 H=45.44916131 L=45.03454686 C=45.40801498 V=15044400.00000000
[Agent_Features] Generated 18 features for the latest tick.
[Agent] Exploration: Random action: BUY
[Portfolio] Logged Trade: BUY 5.83664012 WMT @ 45.41. New Cash: 5035.57, New Coins: 111.37646830
[Agent] Received reward: -0.35609901
[NeuralNetworkInterface] Received reward signal: -0.35609901
[Agent] Making decision using full OHLCV data
[Agent] Price data: O=45.18646240 H=45.45865113 L=45.08518304 C=45.32888809 V=15585300.00000000
[Agent_Features] Generated 18 features for the latest tick.
[Agent] Exploration: Random action: HOLD
[Agent] Received reward: 0.07000000
[NeuralNetworkInterface] Received reward signal: 0.07000000
[Agent] Making decision using full OHLCV data
[Agent] Price data: O=45.31306076 H=45.47764244 L=45.09784302 C=45.10100868 V=13360500.00000000
[Agent_Features] Generated 18 features for the latest tick.
[Agent] Exploration: Random action: BUY
[Portfolio] Logged Trade: BUY 5.58255208 WMT @ 45.10. New Cash: 4783.80, New Coins: 116.95902038
[Agent] Received reward: 0.35908796
[NeuralNetworkInterface] Received reward signal: 0.35908796
[Agent] Making decision using full OHLCV data
[Agent] Price data: O=45.02188873 H=45.43333391 L=44.89212205 C=45.21811615 V=21250800.00000000
[Agent_Features] Generated 18 features for the latest tick.
[Agent] Exploration: Random action: SELL
[Portfolio] Logged Trade: SELL 5.84795102 WMT @ 45.22. New Cash: 5048.23, New Coins: 111.11106936
[Agent] Received reward: 0.37425299
[NeuralNetworkInterface] Received reward signal: 0.37425299
[Agent] Making decision using full OHLCV data
[Agent] Price data: O=44.46801376 H=44.96491725 L=44.30660136 C=44.90478059 V=20580900.00000000
[Agent_Features] Generated 18 features for the latest tick.
[Agent] Exploration: Random action: SELL
[Portfolio] Logged Trade: SELL 5.55555347 WMT @ 44.90. New Cash: 5297.70, New Coins: 105.55551590
[Agent] Received reward: 0.38034307
[NeuralNetworkInterface] Received reward signal: 0.38034307
[Agent] Making decision using full OHLCV data
[Agent] Price data: O=44.44901657 H=44.88895261 L=44.41103953 C=44.51548092 V=21375600.00000000
[Agent_Features] Generated 18 features for the latest tick.
[Agent] Exploration: Random action: HOLD
[Agent] Received reward: 0.07000000
[NeuralNetworkInterface] Received reward signal: 0.07000000
[Agent] Making decision using full OHLCV data
[Agent] Price data: O=44.11353302 H=44.85730356 L=44.07239032 C=44.51232277 V=22457700.00000000
[Agent_Features] Generated 18 features for the latest tick.
[Agent] Exploration: Random action: BUY
[Portfolio] Logged Trade: BUY 5.95082415 WMT @ 44.51. New Cash: 5032.82, New Coins: 111.50634005
[Agent] Received reward: -0.38434375
[NeuralNetworkInterface] Received reward signal: -0.38434375
[Agent] Making decision using full OHLCV data
[Agent] Price data: O=43.37608719 H=44.19264965 L=43.01844382 C=44.07554563 V=30014400.00000000
[Agent_Features] Generated 18 features for the latest tick.
[Agent] Exploration: Random action: SELL
[Portfolio] Logged Trade: SELL 5.57531700 WMT @ 44.08. New Cash: 5278.55, New Coins: 105.93102304
[Agent] Received reward: 0.40453797
[NeuralNetworkInterface] Received reward signal: 0.40453797
[Agent] Making decision using full OHLCV data
[Agent] Price data: O=42.95830917 H=43.74955727 L=42.63548079 C=43.38874822 V=29970300.00000000
[Agent_Features] Generated 18 features for the latest tick.
[Agent] Exploration: Random action: BUY
[Portfolio] Logged Trade: BUY 6.08285611 WMT @ 43.39. New Cash: 5014.62, New Coins: 112.01387915
[Agent] Received reward: -0.37910450
[NeuralNetworkInterface] Received reward signal: -0.37910450
[Agent] Making decision using full OHLCV data
[Agent] Price data: O=43.24000168 H=43.58498248 L=43.01212129 C=43.02794597 V=20597400.00000000
[Agent_Features] Generated 18 features for the latest tick.
[Agent] Exploration: Random action: SELL
[Portfolio] Logged Trade: SELL 5.60069396 WMT @ 43.03. New Cash: 5255.61, New Coins: 106.41318519
[Agent] Received reward: -0.35746616
[NeuralNetworkInterface] Received reward signal: -0.35746616
[Agent] Making decision using full OHLCV data
[Agent] Price data: O=43.55649948 H=43.61030482 L=43.08491765 C=43.11973266 V=19376700.00000000
[Agent_Features] Generated 18 features for the latest tick.
[Agent] Exploration: Random action: HOLD
[Agent] Received reward: 0.07000000
[NeuralNetworkInterface] Received reward signal: 0.07000000
[Agent] Making decision using full OHLCV data
[Agent] Price data: O=44.06922150 H=44.53130991 L=43.91730247 C=43.92363016 V=21068100.00000000
[Agent_Features] Generated 18 features for the latest tick.
[Agent] Exploration: Random action: SELL
[Portfolio] Logged Trade: SELL 5.32065926 WMT @ 43.92. New Cash: 5489.31, New Coins: 101.09252593
[Agent] Received reward: -0.37219338
[NeuralNetworkInterface] Received reward signal: -0.37219338
[Agent] Making decision using full OHLCV data
[Agent] Price data: O=44.20214844 H=44.33824279 L=43.99642408 C=44.20214844 V=13847400.00000000
[Agent_Features] Generated 18 features for the latest tick.
[Agent] Exploration: Random action: BUY
[Portfolio] Logged Trade: BUY 6.20932686 WMT @ 44.20. New Cash: 5214.85, New Coins: 107.30185280
[Agent] Received reward: 0.00000000
[NeuralNetworkInterface] Received reward signal: 0.00000000
[Simulation] Simulation run finished. Ticks processed in this run: 81

Simulation Finished in 0.01 seconds.
--------------------
  Final Portfolio  
--------------------
Cash:      $5214.85
Asset:     107.3019 WMT
Total Value: $9957.82
--------------------
[Simulation] Simulation destroyed.
[AutonomousTradingAgent] Agent destroyed
[NeuralNetworkInterface] Destructor called.
[Portfolio] Destroyed for asset: WMT. Final cash: 5214.85, Final assets: 107.30
