Loading data from training_run_20250621_153613/data/TSLA_1d_20200106_to_20200810.csv...
Loaded 102 data points.
[Portfolio] Initialized for asset: TSLA with initial cash: 10000.00. Initial Portfolio Value: 10000.00
[NeuralNetworkInterface] Constructor called.
[NeuralNetworkInterface] Initializing...
Warning: NN model path is empty. Initializing in a mock state.
[NeuralNetworkInterface] Initialized successfully.
[AutonomousTradingAgent] Agent initialized for TSLA without API client (CSV mode).
[Simulation] Initialized with 102 data points.
[Simulation] API client is NULL (offline/CSV mode).

Starting Simulation for TSLA...
[Simulation] Starting simulation run...
[Agent] Making decision using full OHLCV data
[Agent] Price data: O=28.68 H=31.46 L=26.40 C=29.33 V=359919000.00
[Agent_Features] Generated 15 features for the latest tick.
[Agent] Exploration: Random action: SELL
[Agent] Received reward: 0.70
[NeuralNetworkInterface] Received reward signal: 0.70
[Agent] Making decision using full OHLCV data
[Agent] Price data: O=24.08 H=26.99 L=23.37 C=25.93 V=356793000.00
[Agent_Features] Generated 17 features for the latest tick.
[Agent] Exploration: Random action: BUY
[Portfolio] Logged Trade: BUY 19.28020632 TSLA @ 25.93. New Cash: 9500.00, New Coins: 19.28020632
[Agent] Received reward: -0.47866319
[NeuralNetworkInterface] Received reward signal: -0.47866319
[Agent] Making decision using full OHLCV data
[Agent] Price data: O=28.50933266 H=30.13333321 L=23.89733315 C=24.97999954 V=452932500.00000000
[Agent_Features] Generated 17 features for the latest tick.
[Agent] Exploration: Random action: BUY
[Portfolio] Logged Trade: BUY 19.01521252 TSLA @ 24.98. New Cash: 9025.00, New Coins: 38.29541884
[Agent] Received reward: 0.70000000
[NeuralNetworkInterface] Received reward signal: 0.70000000
[Agent] Making decision using full OHLCV data
[Agent] Price data: O=28.50200081 H=31.79999924 L=28.38599968 C=29.21333313 V=424282500.00000000
[Agent_Features] Generated 17 features for the latest tick.
[Agent] Exploration: Random action: SELL
[Portfolio] Logged Trade: SELL 1.91477094 TSLA @ 29.21. New Cash: 9080.94, New Coins: 36.38064789
[Agent] Received reward: 0.38674107
[NeuralNetworkInterface] Received reward signal: 0.38674107
[Agent] Making decision using full OHLCV data
[Agent] Price data: O=28.95266724 H=29.46666718 L=27.36666679 C=28.90666771 V=246817500.00000000
[Agent_Features] Generated 18 features for the latest tick.
[Agent] Exploration: Random action: BUY
[Portfolio] Logged Trade: BUY 15.70733945 TSLA @ 28.91. New Cash: 8626.89, New Coins: 52.08798734
[Agent] Received reward: 0.70000000
[NeuralNetworkInterface] Received reward signal: 0.70000000
[Agent] Making decision using full OHLCV data
[Agent] Price data: O=33.66666794 H=34.24599838 L=31.60000038 C=31.81999969 V=343428000.00000000
[Agent_Features] Generated 18 features for the latest tick.
[Agent] Exploration: Random action: BUY
[Portfolio] Logged Trade: BUY 13.55576694 TSLA @ 31.82. New Cash: 8195.55, New Coins: 65.64375429
[Agent] Received reward: 0.70000000
[NeuralNetworkInterface] Received reward signal: 0.70000000
[Agent] Making decision using full OHLCV data
[Agent] Price data: O=35.95000076 H=37.13333130 L=34.07400131 C=36.34999847 V=318340500.00000000
[Agent_Features] Generated 18 features for the latest tick.
[Agent] Exploration: Random action: BUY
[Portfolio] Logged Trade: BUY 11.27310295 TSLA @ 36.35. New Cash: 7785.77, New Coins: 76.91685723
[Agent] Received reward: 0.36373711
[NeuralNetworkInterface] Received reward signal: 0.36373711
[Agent] Making decision using full OHLCV data
[Agent] Price data: O=35.21066666 H=37.33333206 L=34.15000153 C=36.49266815 V=260710500.00000000
[Agent_Features] Generated 18 features for the latest tick.
[Agent] Exploration: Random action: HOLD
[Agent] Received reward: -0.10500000
[NeuralNetworkInterface] Received reward signal: -0.10500000
[Agent] Making decision using full OHLCV data
[Agent] Price data: O=34.29066849 H=35.05333328 L=32.93533325 C=33.66666794 V=215661000.00000000
[Agent_Features] Generated 18 features for the latest tick.
[Agent] Exploration: Random action: BUY
[Portfolio] Logged Trade: BUY 11.56302168 TSLA @ 33.67. New Cash: 7396.48, New Coins: 88.47987891
[Agent] Received reward: 0.38645538
[NeuralNetworkInterface] Received reward signal: 0.38645538
[Agent] Making decision using full OHLCV data
[Agent] Price data: O=33.47533417 H=34.44333267 L=32.74866867 C=34.01733398 V=179971500.00000000
[Agent_Features] Generated 18 features for the latest tick.
[Agent] Exploration: Random action: BUY
[Portfolio] Logged Trade: BUY 10.87163359 TSLA @ 34.02. New Cash: 7026.66, New Coins: 99.35151250
[Agent] Received reward: -0.41180176
[NeuralNetworkInterface] Received reward signal: -0.41180176
[Agent] Making decision using full OHLCV data
[Agent] Price data: O=34.93333435 H=36.19733429 L=33.13333130 C=33.41666794 V=266572500.00000000
[Agent_Features] Generated 18 features for the latest tick.
[Agent] Exploration: Random action: BUY
[Portfolio] Logged Trade: BUY 10.51369908 TSLA @ 33.42. New Cash: 6675.32, New Coins: 109.86521158
[Agent] Received reward: 0.36920170
[NeuralNetworkInterface] Received reward signal: 0.36920170
[Agent] Making decision using full OHLCV data
[Agent] Price data: O=32.10400009 H=34.26333237 L=31.67333221 C=33.59999847 V=200298000.00000000
[Agent_Features] Generated 18 features for the latest tick.
[Agent] Exploration: Random action: HOLD
[Agent] Received reward: -0.10500000
[NeuralNetworkInterface] Received reward signal: -0.10500000
[Agent] Making decision using full OHLCV data
[Agent] Price data: O=30.29800034 H=32.95066833 L=29.76000023 C=32.06866837 V=297876000.00000000
[Agent_Features] Generated 18 features for the latest tick.
[Agent] Exploration: Random action: HOLD
[Agent] Received reward: -0.10500000
[NeuralNetworkInterface] Received reward signal: -0.10500000
[Agent] Making decision using full OHLCV data
[Agent] Price data: O=32.00066757 H=34.36600113 L=31.22599983 C=33.96666718 V=338431500.00000000
[Agent_Features] Generated 18 features for the latest tick.
[Agent] Exploration: Random action: BUY
[Portfolio] Logged Trade: BUY 9.82628498 TSLA @ 33.97. New Cash: 6341.56, New Coins: 119.69149657
[Agent] Received reward: 0.36167825
[NeuralNetworkInterface] Received reward signal: 0.36167825
[Agent] Making decision using full OHLCV data
[Agent] Price data: O=34.41600037 H=34.73333359 L=33.19733429 C=34.08000183 V=223527000.00000000
[Agent_Features] Generated 18 features for the latest tick.
[Agent] Exploration: Random action: BUY
[Portfolio] Logged Trade: BUY 9.30392685 TSLA @ 34.08. New Cash: 6024.48, New Coins: 128.99542341
[Agent] Received reward: 0.58141594
[NeuralNetworkInterface] Received reward signal: 0.58141594
[Agent] Making decision using full OHLCV data
[Agent] Price data: O=36.36333466 H=37.66666794 L=35.48933411 C=36.33333206 V=268797000.00000000
[Agent_Features] Generated 18 features for the latest tick.
[Agent] Exploration: Random action: SELL
[Portfolio] Logged Trade: SELL 6.44977117 TSLA @ 36.33. New Cash: 6258.82, New Coins: 122.54565224
[Agent] Received reward: -0.40908270
[NeuralNetworkInterface] Received reward signal: -0.40908270
[Agent] Making decision using full OHLCV data
[Agent] Price data: O=36.58933258 H=37.14733124 L=35.55533218 C=36.94666672 V=189840000.00000000
[Agent_Features] Generated 18 features for the latest tick.
[Agent] Exploration: Random action: BUY
[Portfolio] Logged Trade: BUY 8.47007493 TSLA @ 36.95. New Cash: 5945.88, New Coins: 131.01572718
[Agent] Received reward: 0.39982867
[NeuralNetworkInterface] Received reward signal: 0.39982867
[Agent] Making decision using full OHLCV data
[Agent] Price data: O=38.20000076 H=38.34533310 L=37.14066696 C=37.47266769 V=204750000.00000000
[Agent_Features] Generated 18 features for the latest tick.
[Agent] Exploration: Random action: SELL
[Portfolio] Logged Trade: SELL 6.55078636 TSLA @ 37.47. New Cash: 6191.36, New Coins: 124.46494082
[Agent] Received reward: -0.52478524
[NeuralNetworkInterface] Received reward signal: -0.52478524
[Agent] Making decision using full OHLCV data
[Agent] Price data: O=43.39666748 H=43.46666718 L=38.70199966 C=39.34400177 V=337131000.00000000
[Agent_Features] Generated 18 features for the latest tick.
[Agent] Exploration: Random action: SELL
[Portfolio] Logged Trade: SELL 6.22324704 TSLA @ 39.34. New Cash: 6436.20, New Coins: 118.24169378
[Agent] Received reward: -0.70000000
[NeuralNetworkInterface] Received reward signal: -0.70000000
[Agent] Making decision using full OHLCV data
[Agent] Price data: O=47.32600021 H=49.45866776 L=46.16199875 C=46.59799957 V=458647500.00000000
[Agent_Features] Generated 18 features for the latest tick.
[Agent] Exploration: Random action: HOLD
[Agent] Received reward: -0.10500000
[NeuralNetworkInterface] Received reward signal: -0.10500000
[Agent] Making decision using full OHLCV data
[Agent] Price data: O=48.65533447 H=50.20866776 L=47.33333206 C=49.46666718 V=353655000.00000000
[Agent_Features] Generated 18 features for the latest tick.
[Agent] Exploration: Random action: BUY
[Portfolio] Logged Trade: BUY 6.50559551 TSLA @ 49.47. New Cash: 6114.39, New Coins: 124.74728929
[Agent] Received reward: -0.46820748
[NeuralNetworkInterface] Received reward signal: -0.46820748
[Agent] Making decision using full OHLCV data
[Agent] Price data: O=49.68066788 H=50.63000107 L=47.11466599 C=47.79600143 V=309868500.00000000
[Agent_Features] Generated 18 features for the latest tick.
[Agent] Exploration: Random action: BUY
[Portfolio] Logged Trade: BUY 6.39634305 TSLA @ 47.80. New Cash: 5808.67, New Coins: 131.14363234
[Agent] Received reward: 0.62016190
[NeuralNetworkInterface] Received reward signal: 0.62016190
[Agent] Making decision using full OHLCV data
[Agent] Price data: O=50.25933456 H=51.66333389 L=49.84400177 C=51.48533249 V=196923000.00000000
[Agent_Features] Generated 18 features for the latest tick.
[Agent] Exploration: Random action: HOLD
[Agent] Received reward: -0.10500000
[NeuralNetworkInterface] Received reward signal: -0.10500000
[Agent] Making decision using full OHLCV data
[Agent] Price data: O=49.75733185 H=51.03799820 L=47.48066711 C=48.84666824 V=221199000.00000000
[Agent_Features] Generated 18 features for the latest tick.
[Agent] Exploration: Random action: HOLD
[Agent] Received reward: 0.07000000
[NeuralNetworkInterface] Received reward signal: 0.07000000
[Agent] Making decision using full OHLCV data
[Agent] Price data: O=45.78133392 H=50.22200012 L=44.91933441 C=48.67466736 V=303136500.00000000
[Agent_Features] Generated 18 features for the latest tick.
[Agent] Exploration: Random action: BUY
[Portfolio] Logged Trade: BUY 5.96683360 TSLA @ 48.67. New Cash: 5518.24, New Coins: 137.11046594
[Agent] Received reward: -0.47530827
[NeuralNetworkInterface] Received reward signal: -0.47530827
[Agent] Making decision using full OHLCV data
[Agent] Price data: O=48.80733490 H=48.93333435 L=45.91400146 C=46.93199921 V=212482500.00000000
[Agent_Features] Generated 18 features for the latest tick.
[Agent] Exploration: Random action: HOLD
[Agent] Received reward: -0.10500000
[NeuralNetworkInterface] Received reward signal: -0.10500000
[Agent] Making decision using full OHLCV data
[Agent] Price data: O=47.04199982 H=48.93333435 L=46.87533188 C=48.50666809 V=198550500.00000000
[Agent_Features] Generated 18 features for the latest tick.
[Agent] Exploration: Random action: SELL
[Portfolio] Logged Trade: SELL 6.85552330 TSLA @ 48.51. New Cash: 5850.78, New Coins: 130.25494264
[Agent] Received reward: 0.43076566
[NeuralNetworkInterface] Received reward signal: 0.43076566
[Agent] Making decision using full OHLCV data
[Agent] Price data: O=48.34333420 H=48.71533203 L=46.54533386 C=47.38733292 V=198180000.00000000
[Agent_Features] Generated 18 features for the latest tick.
[Agent] Exploration: Random action: HOLD
[Agent] Received reward: -0.10500000
[NeuralNetworkInterface] Received reward signal: -0.10500000
[Agent] Making decision using full OHLCV data
[Agent] Price data: O=53.25000000 H=53.29933167 L=49.00000000 C=49.17399979 V=310221000.00000000
[Agent_Features] Generated 18 features for the latest tick.
[Agent] Exploration: Random action: SELL
[Portfolio] Logged Trade: SELL 6.51274713 TSLA @ 49.17. New Cash: 6171.04, New Coins: 123.74219551
[Agent] Received reward: -0.62535561
[NeuralNetworkInterface] Received reward signal: -0.62535561
[Agent] Making decision using full OHLCV data
[Agent] Price data: O=51.27466583 H=53.66666794 L=50.44599915 C=53.04266739 V=228330000.00000000
[Agent_Features] Generated 18 features for the latest tick.
[Agent] Exploration: Random action: SELL
[Portfolio] Logged Trade: SELL 6.18710978 TSLA @ 53.04. New Cash: 6499.22, New Coins: 117.55508573
[Agent] Received reward: 0.37406234
[NeuralNetworkInterface] Received reward signal: 0.37406234
[Agent] Making decision using full OHLCV data
[Agent] Price data: O=53.36733246 H=53.54666519 L=52.21066666 C=52.67800140 V=243240000.00000000
[Agent_Features] Generated 18 features for the latest tick.
[Agent] Exploration: Random action: BUY
[Portfolio] Logged Trade: BUY 6.16881452 TSLA @ 52.68. New Cash: 6174.26, New Coins: 123.72390025
[Agent] Received reward: 0.63800134
[NeuralNetworkInterface] Received reward signal: 0.63800134
[Agent] Making decision using full OHLCV data
[Agent] Price data: O=52.12533188 H=57.98799896 L=50.90000153 C=57.01266861 V=427078500.00000000
[Agent_Features] Generated 18 features for the latest tick.
[Agent] Exploration: Random action: HOLD
[Agent] Received reward: -0.10500000
[NeuralNetworkInterface] Received reward signal: -0.10500000
[Agent] Making decision using full OHLCV data
[Agent] Price data: O=46.75466537 H=51.51800156 L=45.53599930 C=50.33333206 V=487977000.00000000
[Agent_Features] Generated 18 features for the latest tick.
[Agent] Exploration: Random action: SELL
[Portfolio] Logged Trade: SELL 6.18619501 TSLA @ 50.33. New Cash: 6485.63, New Coins: 117.53770524
[Agent] Received reward: 0.60033103
[NeuralNetworkInterface] Received reward signal: 0.60033103
[Agent] Making decision using full OHLCV data
[Agent] Price data: O=50.74599838 H=50.79999924 L=46.53333282 C=46.73333359 V=288556500.00000000
[Agent_Features] Generated 18 features for the latest tick.
[Agent] Exploration: Random action: BUY
[Portfolio] Logged Trade: BUY 6.93897363 TSLA @ 46.73. New Cash: 6161.35, New Coins: 124.47667886
[Agent] Received reward: 0.70000000
[NeuralNetworkInterface] Received reward signal: 0.70000000
[Agent] Making decision using full OHLCV data
[Agent] Price data: O=51.21400070 H=53.26133347 L=50.81200027 C=52.65266800 V=254875500.00000000
[Agent_Features] Generated 18 features for the latest tick.
[Agent] Exploration: Random action: SELL
[Portfolio] Logged Trade: SELL 6.22383394 TSLA @ 52.65. New Cash: 6489.05, New Coins: 118.25284492
[Agent] Received reward: 0.40889551
[NeuralNetworkInterface] Received reward signal: 0.40889551
[Agent] Making decision using full OHLCV data
[Agent] Price data: O=52.17200089 H=52.65333176 L=50.74066544 C=51.76666641 V=166848000.00000000
[Agent_Features] Generated 18 features for the latest tick.
[Agent] Exploration: Random action: BUY
[Portfolio] Logged Trade: BUY 6.26759257 TSLA @ 51.77. New Cash: 6164.60, New Coins: 124.52043749
[Agent] Received reward: 0.35320022
[NeuralNetworkInterface] Received reward signal: 0.35320022
[Agent] Making decision using full OHLCV data
[Agent] Price data: O=52.00266647 H=53.09333420 L=51.49000168 C=51.81399918 V=172915500.00000000
[Agent_Features] Generated 18 features for the latest tick.
[Agent] Exploration: Random action: SELL
[Portfolio] Logged Trade: SELL 6.22602187 TSLA @ 51.81. New Cash: 6487.19, New Coins: 118.29441562
[Agent] Received reward: -0.42457445
[NeuralNetworkInterface] Received reward signal: -0.42457445
[Agent] Making decision using full OHLCV data
[Agent] Price data: O=54.62799835 H=54.93333435 L=52.46733475 C=52.91799927 V=241297500.00000000
[Agent_Features] Generated 18 features for the latest tick.
[Agent] Exploration: Random action: BUY
[Portfolio] Logged Trade: BUY 6.12947417 TSLA @ 52.92. New Cash: 6162.83, New Coins: 124.42388979
[Agent] Received reward: -0.36437428
[NeuralNetworkInterface] Received reward signal: -0.36437428
[Agent] Making decision using full OHLCV data
[Agent] Price data: O=54.08599854 H=54.93333435 L=52.33333206 C=52.70066833 V=247794000.00000000
[Agent_Features] Generated 18 features for the latest tick.
[Agent] Exploration: Random action: HOLD
[Agent] Received reward: -0.10500000
[NeuralNetworkInterface] Received reward signal: -0.10500000
[Agent] Making decision using full OHLCV data
[Agent] Price data: O=53.96066666 H=56.21933365 L=53.86666870 C=55.13333130 V=238603500.00000000
[Agent_Features] Generated 18 features for the latest tick.
[Agent] Exploration: Random action: BUY
[Portfolio] Logged Trade: BUY 5.58902441 TSLA @ 55.13. New Cash: 5854.69, New Coins: 130.01291420
[Agent] Received reward: -0.37611232
[NeuralNetworkInterface] Received reward signal: -0.37611232
[Agent] Making decision using full OHLCV data
[Agent] Price data: O=52.73066711 H=55.06666565 L=50.88666534 C=54.72200012 V=285982500.00000000
[Agent_Features] Generated 18 features for the latest tick.
[Agent] Exploration: Random action: HOLD
[Agent] Received reward: -0.10500000
[NeuralNetworkInterface] Received reward signal: -0.10500000
[Agent] Making decision using full OHLCV data
[Agent] Price data: O=53.55533218 H=53.55733490 L=50.93333435 C=52.00000000 V=205233000.00000000
[Agent_Features] Generated 18 features for the latest tick.
[Agent] Exploration: Random action: SELL
[Portfolio] Logged Trade: SELL 6.50064571 TSLA @ 52.00. New Cash: 6192.72, New Coins: 123.51226849
[Agent] Received reward: -0.39644222
[NeuralNetworkInterface] Received reward signal: -0.39644222
[Agent] Making decision using full OHLCV data
[Agent] Price data: O=53.27799988 H=53.66999817 L=52.43666840 C=52.68999863 V=157776000.00000000
[Agent_Features] Generated 18 features for the latest tick.
[Agent] Exploration: Random action: SELL
[Portfolio] Logged Trade: SELL 6.17561342 TSLA @ 52.69. New Cash: 6518.12, New Coins: 117.33665506
[Agent] Received reward: -0.51575577
[NeuralNetworkInterface] Received reward signal: -0.51575577
[Agent] Making decision using full OHLCV data
[Agent] Price data: O=54.24200058 H=55.64799881 L=53.59199905 C=55.18533325 V=174987000.00000000
[Agent_Features] Generated 18 features for the latest tick.
[Agent] Exploration: Random action: BUY
[Portfolio] Logged Trade: BUY 5.90565954 TSLA @ 55.19. New Cash: 6192.21, New Coins: 123.24231460
[Agent] Received reward: -0.40331737
[NeuralNetworkInterface] Received reward signal: -0.40331737
[Agent] Making decision using full OHLCV data
[Agent] Price data: O=53.86733246 H=54.80466843 L=53.73866653 C=54.34466553 V=144547500.00000000
[Agent_Features] Generated 18 features for the latest tick.
[Agent] Exploration: Random action: BUY
[Portfolio] Logged Trade: BUY 5.69716452 TSLA @ 54.34. New Cash: 5882.60, New Coins: 128.93947911
[Agent] Received reward: 0.37288492
[NeuralNetworkInterface] Received reward signal: 0.37288492
[Agent] Making decision using full OHLCV data
[Agent] Price data: O=54.37066650 H=55.06666565 L=54.11999893 C=54.70000076 V=109639500.00000000
[Agent_Features] Generated 18 features for the latest tick.
[Agent] Exploration: Random action: BUY
[Portfolio] Logged Trade: BUY 5.37714755 TSLA @ 54.70. New Cash: 5588.47, New Coins: 134.31662666
[Agent] Received reward: -0.36919556
[NeuralNetworkInterface] Received reward signal: -0.36919556
[Agent] Making decision using full OHLCV data
[Agent] Price data: O=55.17333221 H=55.50000000 L=53.06666565 C=54.40000153 V=183819000.00000000
[Agent_Features] Generated 18 features for the latest tick.
[Agent] Exploration: Random action: BUY
[Portfolio] Logged Trade: BUY 5.13646082 TSLA @ 54.40. New Cash: 5309.05, New Coins: 139.45308748
[Agent] Received reward: 0.37646432
[NeuralNetworkInterface] Received reward signal: 0.37646432
[Agent] Making decision using full OHLCV data
[Agent] Price data: O=54.45866776 H=55.45199966 L=54.13333130 C=54.81133270 V=149812500.00000000
[Agent_Features] Generated 18 features for the latest tick.
[Agent] Exploration: Random action: SELL
[Portfolio] Logged Trade: SELL 6.97265437 TSLA @ 54.81. New Cash: 5691.23, New Coins: 132.48043311
[Agent] Received reward: -0.40248906
[NeuralNetworkInterface] Received reward signal: -0.40248906
[Agent] Making decision using full OHLCV data
[Agent] Price data: O=54.59133148 H=55.63999939 L=54.38066864 C=55.63333130 V=121345500.00000000
[Agent_Features] Generated 18 features for the latest tick.
[Agent] Exploration: Random action: BUY
[Portfolio] Logged Trade: BUY 5.11494314 TSLA @ 55.63. New Cash: 5406.67, New Coins: 137.59537625
[Agent] Received reward: -0.40720784
[NeuralNetworkInterface] Received reward signal: -0.40720784
[Agent] Making decision using full OHLCV data
[Agent] Price data: O=54.68199921 H=55.18066788 L=52.33333206 C=54.72399902 V=173242500.00000000
[Agent_Features] Generated 18 features for the latest tick.
[Agent] Exploration: Random action: HOLD
[Agent] Received reward: 0.07000000
[NeuralNetworkInterface] Received reward signal: 0.07000000
[Agent] Making decision using full OHLCV data
[Agent] Price data: O=53.72066879 H=54.98333359 L=53.44599915 C=54.23400116 V=108834000.00000000
[Agent_Features] Generated 18 features for the latest tick.
[Agent] Exploration: Random action: BUY
[Portfolio] Logged Trade: BUY 4.98457157 TSLA @ 54.23. New Cash: 5136.33, New Coins: 142.57994782
[Agent] Received reward: -0.37047915
[NeuralNetworkInterface] Received reward signal: -0.37047915
[Agent] Making decision using full OHLCV data
[Agent] Price data: O=55.66666794 H=55.66666794 L=53.61399841 C=53.91666794 V=176467500.00000000
[Agent_Features] Generated 18 features for the latest tick.
[Agent] Exploration: Random action: BUY
[Portfolio] Logged Trade: BUY 4.76321344 TSLA @ 53.92. New Cash: 4879.52, New Coins: 147.34316125
[Agent] Received reward: 0.56313752
[NeuralNetworkInterface] Received reward signal: 0.56313752
[Agent] Making decision using full OHLCV data
[Agent] Price data: O=59.87333298 H=59.93333435 L=56.93999863 C=57.20000076 V=224092500.00000000
[Agent_Features] Generated 18 features for the latest tick.
[Agent] Exploration: Random action: HOLD
[Agent] Received reward: -0.10500000
[NeuralNetworkInterface] Received reward signal: -0.10500000
[Agent] Making decision using full OHLCV data
[Agent] Price data: O=58.77066803 H=60.57733154 L=58.06666565 C=59.64666748 V=203484000.00000000
[Agent_Features] Generated 18 features for the latest tick.
[Agent] Exploration: Random action: SELL
[Portfolio] Logged Trade: SELL 7.36715806 TSLA @ 59.65. New Cash: 5318.94, New Coins: 139.97600319
[Agent] Received reward: 0.37574051
[NeuralNetworkInterface] Received reward signal: 0.37574051
[Agent] Making decision using full OHLCV data
[Agent] Price data: O=58.86399841 H=59.86266708 L=58.67333221 C=59.20800018 V=119242500.00000000
[Agent_Features] Generated 18 features for the latest tick.
[Agent] Exploration: Random action: SELL
[Portfolio] Logged Trade: SELL 6.99880016 TSLA @ 59.21. New Cash: 5733.33, New Coins: 132.97720303
[Agent] Received reward: -0.35693595
[NeuralNetworkInterface] Received reward signal: -0.35693595
[Agent] Making decision using full OHLCV data
[Agent] Price data: O=57.62533188 H=59.71666718 L=57.22933197 C=59.32533264 V=133315500.00000000
[Agent_Features] Generated 18 features for the latest tick.
[Agent] Exploration: Random action: HOLD
[Agent] Received reward: 0.07000000
[NeuralNetworkInterface] Received reward signal: 0.07000000
[Agent] Making decision using full OHLCV data
[Agent] Price data: O=59.04399872 H=59.10133362 L=57.74666595 C=58.52266693 V=117178500.00000000
[Agent_Features] Generated 18 features for the latest tick.
[Agent] Exploration: Random action: HOLD
[Agent] Received reward: -0.10500000
[NeuralNetworkInterface] Received reward signal: -0.10500000
[Agent] Making decision using full OHLCV data
[Agent] Price data: O=63.32799911 H=63.33333206 L=60.61066818 C=61.26666641 V=212620500.00000000
[Agent_Features] Generated 18 features for the latest tick.
[Agent] Exploration: Random action: HOLD
[Agent] Received reward: -0.10500000
[NeuralNetworkInterface] Received reward signal: -0.10500000
[Agent] Making decision using full OHLCV data
[Agent] Price data: O=62.71133423 H=63.62933350 L=61.59533310 C=62.66733170 V=170823000.00000000
[Agent_Features] Generated 18 features for the latest tick.
[Agent] Exploration: Random action: BUY
[Portfolio] Logged Trade: BUY 4.57441427 TSLA @ 62.67. New Cash: 5446.66, New Coins: 137.55161730
[Agent] Received reward: 0.54313115
[NeuralNetworkInterface] Received reward signal: 0.54313115
[Agent] Making decision using full OHLCV data
[Agent] Price data: O=68.33666992 H=68.49866486 L=65.50000000 C=66.12533569 V=278451000.00000000
[Agent_Features] Generated 18 features for the latest tick.
[Agent] Exploration: Random action: BUY
[Portfolio] Logged Trade: BUY 4.11843686 TSLA @ 66.13. New Cash: 5174.33, New Coins: 141.67005416
[Agent] Received reward: -0.35592811
[NeuralNetworkInterface] Received reward signal: -0.35592811
[Agent] Making decision using full OHLCV data
[Agent] Price data: O=64.85600281 H=67.93066406 L=64.80000305 C=66.01333618 V=238747500.00000000
[Agent_Features] Generated 18 features for the latest tick.
[Agent] Exploration: Random action: BUY
[Portfolio] Logged Trade: BUY 3.91915307 TSLA @ 66.01. New Cash: 4915.61, New Coins: 145.58920723
[Agent] Received reward: -0.38605334
[NeuralNetworkInterface] Received reward signal: -0.38605334
[Agent] Making decision using full OHLCV data
[Agent] Price data: O=62.35200119 H=65.86533356 L=60.84000015 C=65.33333588 V=251451000.00000000
[Agent_Features] Generated 18 features for the latest tick.
[Agent] Exploration: Random action: SELL
[Portfolio] Logged Trade: SELL 7.27946036 TSLA @ 65.33. New Cash: 5391.20, New Coins: 138.30974687
[Agent] Received reward: 0.57217865
[NeuralNetworkInterface] Received reward signal: 0.57217865
[Agent] Making decision using full OHLCV data
[Agent] Price data: O=66.05999756 H=66.58933258 L=60.56666565 C=61.18600082 V=235458000.00000000
[Agent_Features] Generated 18 features for the latest tick.
[Agent] Exploration: Random action: BUY
[Portfolio] Logged Trade: BUY 4.40558491 TSLA @ 61.19. New Cash: 5121.64, New Coins: 142.71533178
[Agent] Received reward: 0.70000000
[NeuralNetworkInterface] Received reward signal: 0.70000000
[Agent] Making decision using full OHLCV data
[Agent] Price data: O=65.47533417 H=67.52532959 L=64.15933228 C=67.45666504 V=210766500.00000000
[Agent_Features] Generated 18 features for the latest tick.
[Agent] Exploration: Random action: SELL
[Portfolio] Logged Trade: SELL 7.13576659 TSLA @ 67.46. New Cash: 5603.00, New Coins: 135.57956519
[Agent] Received reward: 0.43350031
[NeuralNetworkInterface] Received reward signal: 0.43350031
[Agent] Making decision using full OHLCV data
[Agent] Price data: O=66.11933136 H=67.00000000 L=65.50466919 C=65.84733582 V=148362000.00000000
[Agent_Features] Generated 18 features for the latest tick.
[Agent] Exploration: Random action: SELL
[Portfolio] Logged Trade: SELL 6.77897826 TSLA @ 65.85. New Cash: 6049.37, New Coins: 128.80058693
[Agent] Received reward: -0.40418086
[NeuralNetworkInterface] Received reward signal: -0.40418086
[Agent] Making decision using full OHLCV data
[Agent] Price data: O=66.93066406 H=67.94667053 L=66.29799652 C=66.86666870 V=146278500.00000000
[Agent_Features] Generated 18 features for the latest tick.
[Agent] Exploration: Random action: SELL
[Portfolio] Logged Trade: SELL 6.44002935 TSLA @ 66.87. New Cash: 6480.00, New Coins: 122.36055758
[Agent] Received reward: -0.38412764
[NeuralNetworkInterface] Received reward signal: -0.38412764
[Agent] Making decision using full OHLCV data
[Agent] Price data: O=66.72666931 H=67.73133087 L=66.08933258 C=67.51866913 V=130195500.00000000
[Agent_Features] Generated 18 features for the latest tick.
[Agent] Exploration: Random action: HOLD
[Agent] Received reward: 0.07000000
[NeuralNetworkInterface] Received reward signal: 0.07000000
[Agent] Making decision using full OHLCV data
[Agent] Price data: O=66.28800201 H=67.25866699 L=66.00133514 C=66.66333008 V=95436000.00000000
[Agent_Features] Generated 18 features for the latest tick.
[Agent] Exploration: Random action: SELL
[Portfolio] Logged Trade: SELL 6.11802788 TSLA @ 66.66. New Cash: 6887.85, New Coins: 116.24252970
[Agent] Received reward: 0.35374487
[NeuralNetworkInterface] Received reward signal: 0.35374487
[Agent] Making decision using full OHLCV data
[Agent] Price data: O=66.78533173 H=67.46666718 L=66.26733398 C=66.59200287 V=95479500.00000000
[Agent_Features] Generated 18 features for the latest tick.
[Agent] Exploration: Random action: BUY
[Portfolio] Logged Trade: BUY 5.17167686 TSLA @ 66.59. New Cash: 6543.45, New Coins: 121.41420657
[Agent] Received reward: -0.36671376
[NeuralNetworkInterface] Received reward signal: -0.36671376
[Agent] Making decision using full OHLCV data
[Agent] Price data: O=64.05666351 H=66.72533417 L=63.54266739 C=66.27400208 V=164394000.00000000
[Agent_Features] Generated 18 features for the latest tick.
[Agent] Exploration: Random action: HOLD
[Agent] Received reward: -0.10500000
[NeuralNetworkInterface] Received reward signal: -0.10500000
[Agent] Making decision using full OHLCV data
[Agent] Price data: O=65.73200226 H=65.73200226 L=62.47666550 C=63.61800003 V=138817500.00000000
[Agent_Features] Generated 18 features for the latest tick.
[Agent] Exploration: Random action: BUY
[Portfolio] Logged Trade: BUY 5.14276941 TSLA @ 63.62. New Cash: 6216.28, New Coins: 126.55697598
[Agent] Received reward: 0.49857942
[NeuralNetworkInterface] Received reward signal: 0.49857942
[Agent] Making decision using full OHLCV data
[Agent] Price data: O=63.98266602 H=66.33333588 L=63.65800095 C=66.31866455 V=132823500.00000000
[Agent_Features] Generated 18 features for the latest tick.
[Agent] Exploration: Random action: BUY
[Portfolio] Logged Trade: BUY 4.68667563 TSLA @ 66.32. New Cash: 5905.47, New Coins: 131.24365161
[Agent] Received reward: -0.44066801
[NeuralNetworkInterface] Received reward signal: -0.44066801
[Agent] Making decision using full OHLCV data
[Agent] Price data: O=67.29000092 H=67.33333588 L=63.23466873 C=64.60066986 V=135396000.00000000
[Agent_Features] Generated 18 features for the latest tick.
[Agent] Exploration: Random action: SELL
[Portfolio] Logged Trade: SELL 6.56218258 TSLA @ 64.60. New Cash: 6329.39, New Coins: 124.68146903
[Agent] Received reward: -0.48541114
[NeuralNetworkInterface] Received reward signal: -0.48541114
[Agent] Making decision using full OHLCV data
[Agent] Price data: O=71.98733521 H=72.51266479 L=66.91533661 C=67.09999847 V=253777500.00000000
[Agent_Features] Generated 18 features for the latest tick.
[Agent] Exploration: Random action: SELL
[Portfolio] Logged Trade: SELL 6.23407345 TSLA @ 67.10. New Cash: 6747.70, New Coins: 118.44739558
[Agent] Received reward: -0.61602079
[NeuralNetworkInterface] Received reward signal: -0.61602079
[Agent] Making decision using full OHLCV data
[Agent] Price data: O=74.64199829 H=75.68866730 L=72.03333282 C=72.19999695 V=199903500.00000000
[Agent_Features] Generated 18 features for the latest tick.
[Agent] Exploration: Random action: BUY
[Portfolio] Logged Trade: BUY 4.67291919 TSLA @ 72.20. New Cash: 6410.31, New Coins: 123.12031477
[Agent] Received reward: 0.70000000
[NeuralNetworkInterface] Received reward signal: 0.70000000
[Agent] Making decision using full OHLCV data
[Agent] Price data: O=80.57733154 H=81.86666870 L=79.04000092 C=81.43199921 V=258751500.00000000
[Agent_Features] Generated 18 features for the latest tick.
[Agent] Exploration: Random action: HOLD
[Agent] Received reward: -0.10500000
[NeuralNetworkInterface] Received reward signal: -0.10500000
[Agent] Making decision using full OHLCV data
[Agent] Price data: O=91.43866730 H=91.85266876 L=84.40266418 C=85.11266327 V=308548500.00000000
[Agent_Features] Generated 18 features for the latest tick.
[Agent] Exploration: Random action: BUY
[Portfolio] Logged Trade: BUY 3.76577940 TSLA @ 85.11. New Cash: 6089.79, New Coins: 126.88609416
[Agent] Received reward: 0.70000000
[NeuralNetworkInterface] Received reward signal: 0.70000000
[Agent] Making decision using full OHLCV data
[Agent] Price data: O=92.65733337 H=95.30000305 L=89.11399841 C=93.66733551 V=322345500.00000000
[Agent_Features] Generated 18 features for the latest tick.
[Agent] Exploration: Random action: HOLD
[Agent] Received reward: 0.07000000
[NeuralNetworkInterface] Received reward signal: 0.07000000
[Agent] Making decision using full OHLCV data
[Agent] Price data: O=91.05867004 H=94.48400116 L=87.42266846 C=93.66666412 V=244669500.00000000
[Agent_Features] Generated 18 features for the latest tick.
[Agent] Exploration: Random action: SELL
[Portfolio] Logged Trade: SELL 6.34430471 TSLA @ 93.67. New Cash: 6684.04, New Coins: 120.54178946
[Agent] Received reward: 0.36995361
[NeuralNetworkInterface] Received reward signal: 0.36995361
[Agent] Making decision using full OHLCV data
[Agent] Price data: O=92.95200348 H=93.90399933 L=90.08533478 C=93.13266754 V=175764000.00000000
[Agent_Features] Generated 18 features for the latest tick.
[Agent] Exploration: Random action: BUY
[Portfolio] Logged Trade: BUY 3.58845333 TSLA @ 93.13. New Cash: 6349.84, New Coins: 124.13024279
[Agent] Received reward: -0.35248040
[NeuralNetworkInterface] Received reward signal: -0.35248040
[Agent] Making decision using full OHLCV data
[Agent] Price data: O=102.97666931 H=103.26132965 L=91.73400116 C=93.06666565 V=350064000.00000000
[Agent_Features] Generated 18 features for the latest tick.
[Agent] Exploration: Random action: HOLD
[Agent] Received reward: -0.10500000
[NeuralNetworkInterface] Received reward signal: -0.10500000
[Agent] Making decision using full OHLCV data
[Agent] Price data: O=99.80400085 H=119.66600037 L=98.07399750 C=110.59999847 V=584781000.00000000
[Agent_Features] Generated 18 features for the latest tick.
[Agent] Exploration: Random action: HOLD
[Agent] Received reward: -0.10500000
[NeuralNetworkInterface] Received reward signal: -0.10500000
[Agent] Making decision using full OHLCV data
[Agent] Price data: O=101.12000275 H=106.00000000 L=95.40000153 C=103.73332977 V=351271500.00000000
[Agent_Features] Generated 18 features for the latest tick.
[Agent] Exploration: Random action: BUY
[Portfolio] Logged Trade: BUY 3.06065678 TSLA @ 103.73. New Cash: 6032.35, New Coins: 127.19089957
[Agent] Received reward: -0.37924146
[NeuralNetworkInterface] Received reward signal: -0.37924146
[Agent] Making decision using full OHLCV data
[Agent] Price data: O=103.06732941 H=103.33333588 L=97.13333130 C=102.86666870 V=245517000.00000000
[Agent_Features] Generated 18 features for the latest tick.
[Agent] Exploration: Random action: HOLD
[Agent] Received reward: -0.10500000
[NeuralNetworkInterface] Received reward signal: -0.10500000
[Agent] Making decision using full OHLCV data
[Agent] Price data: O=100.04266357 H=102.11399841 L=97.73332977 C=98.47733307 V=214512000.00000000
[Agent_Features] Generated 18 features for the latest tick.
[Agent] Exploration: Random action: SELL
[Portfolio] Logged Trade: SELL 6.35954498 TSLA @ 98.48. New Cash: 6658.62, New Coins: 120.83135459
[Agent] Received reward: -0.43598598
[NeuralNetworkInterface] Received reward signal: -0.43598598
[Agent] Making decision using full OHLCV data
[Agent] Price data: O=100.05599976 H=102.50066376 L=99.33333588 C=100.89666748 V=139950000.00000000
[Agent_Features] Generated 18 features for the latest tick.
[Agent] Exploration: Random action: BUY
[Portfolio] Logged Trade: BUY 3.29972310 TSLA @ 100.90. New Cash: 6325.69, New Coins: 124.13107770
[Agent] Received reward: 0.36285803
[NeuralNetworkInterface] Received reward signal: 0.36285803
[Agent] Making decision using full OHLCV data
[Agent] Price data: O=109.53333282 H=110.00000000 L=99.19999695 C=101.26733398 V=256821000.00000000
[Agent_Features] Generated 18 features for the latest tick.
[Agent] Exploration: Random action: HOLD
[Agent] Received reward: -0.10500000
[NeuralNetworkInterface] Received reward signal: -0.10500000
[Agent] Making decision using full OHLCV data
[Agent] Price data: O=104.55733490 H=111.66666412 L=103.86666870 C=109.32866669 V=241608000.00000000
[Agent_Features] Generated 18 features for the latest tick.
[Agent] Exploration: Random action: HOLD
[Agent] Received reward: -0.10500000
[NeuralNetworkInterface] Received reward signal: -0.10500000
[Agent] Making decision using full OHLCV data
[Agent] Price data: O=106.15533447 H=108.42800140 L=104.13333130 C=106.59999847 V=212416500.00000000
[Agent_Features] Generated 18 features for the latest tick.
[Agent] Exploration: Random action: HOLD
[Agent] Received reward: -0.10500000
[NeuralNetworkInterface] Received reward signal: -0.10500000
[Agent] Making decision using full OHLCV data
[Agent] Price data: O=100.87133026 H=112.59999847 L=98.71800232 C=111.93000031 V=364927500.00000000
[Agent_Features] Generated 18 features for the latest tick.
[Agent] Exploration: Random action: HOLD
[Agent] Received reward: -0.10500000
[NeuralNetworkInterface] Received reward signal: -0.10500000
[Agent] Making decision using full OHLCV data
[Agent] Price data: O=94.46666718 H=97.66666412 L=91.10266876 C=94.40066528 V=290949000.00000000
[Agent_Features] Generated 18 features for the latest tick.
[Agent] Exploration: Random action: HOLD
[Agent] Received reward: 0.07000000
[NeuralNetworkInterface] Received reward signal: 0.07000000
[Agent] Making decision using full OHLCV data
[Agent] Price data: O=102.63999939 H=103.19599915 L=94.19999695 C=95.66666412 V=240730500.00000000
[Agent_Features] Generated 18 features for the latest tick.
[Agent] Exploration: Random action: HOLD
[Agent] Received reward: -0.10500000
[NeuralNetworkInterface] Received reward signal: -0.10500000
[Agent] Making decision using full OHLCV data
[Agent] Price data: O=98.43267059 H=104.31333160 L=98.29467010 C=100.26667023 V=237130500.00000000
[Agent_Features] Generated 18 features for the latest tick.
[Agent] Exploration: Random action: SELL
[Portfolio] Logged Trade: SELL 6.20655388 TSLA @ 100.27. New Cash: 6948.00, New Coins: 117.92452381
[Agent] Received reward: 0.35698154
[NeuralNetworkInterface] Received reward signal: 0.35698154
[Agent] Making decision using full OHLCV data
[Agent] Price data: O=99.94066620 H=102.32066345 L=99.13333130 C=100.06666565 V=141403500.00000000
[Agent_Features] Generated 18 features for the latest tick.
[Agent] Exploration: Random action: BUY
[Portfolio] Logged Trade: BUY 3.47168594 TSLA @ 100.07. New Cash: 6600.60, New Coins: 121.39620975
[Agent] Received reward: -0.38031320
[NeuralNetworkInterface] Received reward signal: -0.38031320
[Agent] Making decision using full OHLCV data
[Agent] Price data: O=99.16600037 H=100.88266754 L=98.06666565 C=99.19999695 V=114315000.00000000
[Agent_Features] Generated 18 features for the latest tick.
[Agent] Exploration: Random action: SELL
[Portfolio] Logged Trade: SELL 6.06981049 TSLA @ 99.20. New Cash: 7202.73, New Coins: 115.32639926
[Agent] Received reward: -0.41350817
[NeuralNetworkInterface] Received reward signal: -0.41350817
[Agent] Making decision using full OHLCV data
[Agent] Price data: O=95.38400269 H=101.13666534 L=94.73200226 C=101.00000000 V=183123000.00000000
[Agent_Features] Generated 18 features for the latest tick.
[Agent] Exploration: Random action: SELL
[Portfolio] Logged Trade: SELL 5.76631996 TSLA @ 101.00. New Cash: 7785.12, New Coins: 109.56007930
[Agent] Received reward: 0.50201316
[NeuralNetworkInterface] Received reward signal: 0.50201316
[Agent] Making decision using full OHLCV data
[Agent] Price data: O=99.00000000 H=100.65399933 L=96.29199982 C=96.61333466 V=132139500.00000000
[Agent_Features] Generated 18 features for the latest tick.
[Agent] Exploration: Random action: SELL
[Portfolio] Logged Trade: SELL 5.47800396 TSLA @ 96.61. New Cash: 8314.37, New Coins: 104.08207533
[Agent] Received reward: -0.46063693
[NeuralNetworkInterface] Received reward signal: -0.46063693
[Agent] Making decision using full OHLCV data
[Agent] Price data: O=99.13333130 H=101.82733154 L=97.46666718 C=99.66733551 V=126225000.00000000
[Agent_Features] Generated 18 features for the latest tick.
[Agent] Exploration: Random action: BUY
[Portfolio] Logged Trade: BUY 4.17106185 TSLA @ 99.67. New Cash: 7898.65, New Coins: 108.25313718
[Agent] Received reward: -0.35472906
[NeuralNetworkInterface] Received reward signal: -0.35472906
[Agent] Making decision using full OHLCV data
[Agent] Price data: O=99.00133514 H=99.98933411 L=97.88733673 C=99.53266907 V=74217000.00000000
[Agent_Features] Generated 18 features for the latest tick.
[Agent] Exploration: Random action: SELL
[Portfolio] Logged Trade: SELL 5.41265686 TSLA @ 99.53. New Cash: 8437.39, New Coins: 102.84048033
[Agent] Received reward: 0.35506383
[NeuralNetworkInterface] Received reward signal: 0.35506383
[Agent] Making decision using full OHLCV data
[Agent] Price data: O=99.30533600 H=101.15399933 L=98.48400116 C=99.38866425 V=89884500.00000000
[Agent_Features] Generated 18 features for the latest tick.
[Agent] Exploration: Random action: SELL
[Portfolio] Logged Trade: SELL 5.14202402 TSLA @ 99.39. New Cash: 8948.45, New Coins: 97.69845631
[Agent] Received reward: -0.37044830
[NeuralNetworkInterface] Received reward signal: -0.37044830
[Agent] Making decision using full OHLCV data
[Agent] Price data: O=96.84733582 H=99.98332977 L=94.33399963 C=99.96932983 V=133446000.00000000
[Agent_Features] Generated 18 features for the latest tick.
[Agent] Exploration: Random action: HOLD
[Agent] Received reward: -0.10500000
[NeuralNetworkInterface] Received reward signal: -0.10500000
[Agent] Making decision using full OHLCV data
[Agent] Price data: O=94.57133484 H=97.16666412 L=92.38933563 C=96.53333282 V=112834500.00000000
[Agent_Features] Generated 18 features for the latest tick.
[Agent] Exploration: Random action: SELL
[Portfolio] Logged Trade: SELL 4.88492282 TSLA @ 96.53. New Cash: 9420.01, New Coins: 92.81353349
[Agent] Received reward: 0.00000000
[NeuralNetworkInterface] Received reward signal: 0.00000000
[Simulation] Simulation run finished. Ticks processed in this run: 102

Simulation Finished in 0.01 seconds.
--------------------
  Final Portfolio  
--------------------
Cash:      $9420.01
Asset:     92.8135 TSLA
Total Value: $18379.61
--------------------
[Simulation] Simulation destroyed.
[AutonomousTradingAgent] Agent destroyed
[NeuralNetworkInterface] Destructor called.
[Portfolio] Destroyed for asset: TSLA. Final cash: 9420.01, Final assets: 92.81
