Loading data from training_run_20250621_153613/data/BAC_1d_20170122_to_20180215.csv...
Loaded 221 data points.
[Portfolio] Initialized for asset: BAC with initial cash: 10000.00. Initial Portfolio Value: 10000.00
[NeuralNetworkInterface] Constructor called.
[NeuralNetworkInterface] Initializing...
Warning: NN model path is empty. Initializing in a mock state.
[NeuralNetworkInterface] Initialized successfully.
[AutonomousTradingAgent] Agent initialized for BAC without API client (CSV mode).
[Simulation] Initialized with 221 data points.
[Simulation] API client is NULL (offline/CSV mode).

Starting Simulation for BAC...
[Simulation] Starting simulation run...
[Agent] Making decision using full OHLCV data
[Agent] Price data: O=19.51 H=19.64 L=19.09 C=19.56 V=88076600.00
[Agent_Features] Generated 15 features for the latest tick.
[Agent] Exploration: Random action: SELL
[Agent] Received reward: 0.42
[NeuralNetworkInterface] Received reward signal: 0.42
[Agent] Making decision using full OHLCV data
[Agent] Price data: O=19.39 H=19.44 L=19.19 C=19.19 V=75244400.00
[Agent_Features] Generated 17 features for the latest tick.
[Agent] Exploration: Random action: SELL
[Agent] Received reward: -0.44
[NeuralNetworkInterface] Received reward signal: -0.44
[Agent] Making decision using full OHLCV data
[Agent] Price data: O=19.16 H=19.75 L=19.15 C=19.66 V=97453300.00
[Agent_Features] Generated 17 features for the latest tick.
[Agent] Exploration: Random action: SELL
[Agent] Received reward: 0.44
[NeuralNetworkInterface] Received reward signal: 0.44
[Agent] Making decision using full OHLCV data
[Agent] Price data: O=19.24 H=19.40 L=18.99 C=19.16 V=82975200.00
[Agent_Features] Generated 17 features for the latest tick.
[Agent] Exploration: Random action: BUY
[Portfolio] Logged Trade: BUY 26.09137279 BAC @ 19.16. New Cash: 9500.00, New Coins: 26.09137279
[Agent] Received reward: -0.37114901
[NeuralNetworkInterface] Received reward signal: -0.37114901
[Agent] Making decision using full OHLCV data
[Agent] Price data: O=19.15514565 H=19.30402009 L=18.96491789 C=19.04762609 V=79519400.00000000
[Agent_Features] Generated 18 features for the latest tick.
[Agent] Exploration: Random action: HOLD
[Agent] Received reward: 0.07000000
[NeuralNetworkInterface] Received reward signal: 0.07000000
[Agent] Making decision using full OHLCV data
[Agent] Price data: O=19.03936005 H=19.25440079 L=18.94838085 C=19.13033767 V=63254700.00000000
[Agent_Features] Generated 18 features for the latest tick.
[Agent] Exploration: Random action: BUY
[Portfolio] Logged Trade: BUY 24.82967150 BAC @ 19.13. New Cash: 9025.00, New Coins: 50.92104429
[Agent] Received reward: -0.39539620
[NeuralNetworkInterface] Received reward signal: -0.39539620
[Agent] Making decision using full OHLCV data
[Agent] Price data: O=18.95664787 H=18.98146081 L=18.67544093 C=18.88221065 V=94206700.00000000
[Agent_Features] Generated 18 features for the latest tick.
[Agent] Exploration: Random action: HOLD
[Agent] Received reward: 0.07000000
[NeuralNetworkInterface] Received reward signal: 0.07000000
[Agent] Making decision using full OHLCV data
[Agent] Price data: O=18.73333931 H=18.97319298 L=18.70025697 C=18.92356710 V=76556300.00000000
[Agent_Features] Generated 18 features for the latest tick.
[Agent] Exploration: Random action: SELL
[Portfolio] Logged Trade: SELL 2.54605221 BAC @ 18.92. New Cash: 9073.18, New Coins: 48.37499208
[Agent] Received reward: 0.39895160
[NeuralNetworkInterface] Received reward signal: 0.39895160
[Agent] Making decision using full OHLCV data
[Agent] Price data: O=18.47694206 H=18.98973008 L=18.47694206 C=18.65889885 V=88061800.00000000
[Agent_Features] Generated 18 features for the latest tick.
[Agent] Exploration: Random action: SELL
[Portfolio] Logged Trade: SELL 2.41874960 BAC @ 18.66. New Cash: 9118.31, New Coins: 45.95624248
[Agent] Received reward: 0.38102701
[NeuralNetworkInterface] Received reward signal: 0.38102701
[Agent] Making decision using full OHLCV data
[Agent] Price data: O=18.86567497 H=18.88221693 L=18.41078207 C=18.49349030 V=85053200.00000000
[Agent_Features] Generated 18 features for the latest tick.
[Agent] Exploration: Random action: BUY
[Portfolio] Logged Trade: BUY 24.65276009 BAC @ 18.49. New Cash: 8662.40, New Coins: 70.60900257
[Agent] Received reward: 0.46739601
[NeuralNetworkInterface] Received reward signal: 0.46739601
[Agent] Making decision using full OHLCV data
[Agent] Price data: O=18.78296089 H=19.14687605 L=18.51002492 C=19.11379371 V=146488400.00000000
[Agent_Features] Generated 18 features for the latest tick.
[Agent] Exploration: Random action: BUY
[Portfolio] Logged Trade: BUY 22.66006463 BAC @ 19.11. New Cash: 8229.28, New Coins: 93.26906720
[Agent] Received reward: -0.37877484
[NeuralNetworkInterface] Received reward signal: -0.37877484
[Agent] Making decision using full OHLCV data
[Agent] Price data: O=18.80777740 H=19.14687969 L=18.75815310 C=18.95665189 V=101771800.00000000
[Agent_Features] Generated 18 features for the latest tick.
[Agent] Exploration: Random action: BUY
[Portfolio] Logged Trade: BUY 21.70551072 BAC @ 18.96. New Cash: 7817.81, New Coins: 114.97457791
[Agent] Received reward: 0.35610802
[NeuralNetworkInterface] Received reward signal: 0.35610802
[Agent] Making decision using full OHLCV data
[Agent] Price data: O=19.08071327 H=19.16342149 L=18.87394351 C=18.98973407 V=103802600.00000000
[Agent_Features] Generated 18 features for the latest tick.
[Agent] Exploration: Random action: HOLD
[Agent] Received reward: 0.07000000
[NeuralNetworkInterface] Received reward signal: 0.07000000
[Agent] Making decision using full OHLCV data
[Agent] Price data: O=18.78296089 H=19.08898078 L=18.68371231 C=19.04762746 V=127235400.00000000
[Agent_Features] Generated 18 features for the latest tick.
[Agent] Exploration: Random action: BUY
[Portfolio] Logged Trade: BUY 20.52174849 BAC @ 19.05. New Cash: 7426.92, New Coins: 135.49632640
[Agent] Received reward: 0.38191532
[NeuralNetworkInterface] Received reward signal: 0.38191532
[Agent] Making decision using full OHLCV data
[Agent] Price data: O=19.54387665 H=19.72583504 L=19.22131633 C=19.22131633 V=138638900.00000000
[Agent_Features] Generated 18 features for the latest tick.
[Agent] Exploration: Random action: BUY
[Portfolio] Logged Trade: BUY 19.31949315 BAC @ 19.22. New Cash: 7055.58, New Coins: 154.81581955
[Agent] Received reward: 0.46295152
[NeuralNetworkInterface] Received reward signal: 0.46295152
[Agent] Making decision using full OHLCV data
[Agent] Price data: O=19.83335304 H=20.13937295 L=19.77545777 C=19.84162402 V=131531100.00000000
[Agent_Features] Generated 18 features for the latest tick.
[Agent] Exploration: Random action: BUY
[Portfolio] Logged Trade: BUY 17.77973337 BAC @ 19.84. New Cash: 6702.80, New Coins: 172.59555292
[Agent] Received reward: 0.35145882
[NeuralNetworkInterface] Received reward signal: 0.35145882
[Agent] Making decision using full OHLCV data
[Agent] Price data: O=19.75891495 H=20.00703957 L=19.73410359 C=19.84989413 V=95172200.00000000
[Agent_Features] Generated 18 features for the latest tick.
[Agent] Exploration: Random action: BUY
[Portfolio] Logged Trade: BUY 16.88370946 BAC @ 19.85. New Cash: 6367.66, New Coins: 189.47926238
[Agent] Received reward: -0.36458219
[NeuralNetworkInterface] Received reward signal: -0.36458219
[Agent] Making decision using full OHLCV data
[Agent] Price data: O=19.56042290 H=19.79200564 L=19.40327741 C=19.76719270 V=80024200.00000000
[Agent_Features] Generated 18 features for the latest tick.
[Agent] Exploration: Random action: HOLD
[Agent] Received reward: 0.07000000
[NeuralNetworkInterface] Received reward signal: 0.07000000
[Agent] Making decision using full OHLCV data
[Agent] Price data: O=19.30402374 H=19.61831306 L=19.28748178 C=19.49425153 V=69384900.00000000
[Agent_Features] Generated 18 features for the latest tick.
[Agent] Exploration: Random action: HOLD
[Agent] Received reward: 0.07000000
[NeuralNetworkInterface] Received reward signal: 0.07000000
[Agent] Making decision using full OHLCV data
[Agent] Price data: O=19.52733803 H=19.65967056 L=19.31229727 C=19.45290078 V=72382900.00000000
[Agent_Features] Generated 18 features for the latest tick.
[Agent] Exploration: Random action: BUY
[Portfolio] Logged Trade: BUY 16.36685740 BAC @ 19.45. New Cash: 6049.27, New Coins: 205.84611978
[Agent] Received reward: 0.36339225
[NeuralNetworkInterface] Received reward signal: 0.36339225
[Agent] Making decision using full OHLCV data
[Agent] Price data: O=19.46116829 H=19.57695884 L=19.29575187 C=19.52733454 V=60262600.00000000
[Agent_Features] Generated 18 features for the latest tick.
[Agent] Exploration: Random action: HOLD
[Agent] Received reward: 0.07000000
[NeuralNetworkInterface] Received reward signal: 0.07000000
[Agent] Making decision using full OHLCV data
[Agent] Price data: O=19.65967369 H=19.66794467 L=19.30402937 C=19.32884231 V=64272800.00000000
[Agent_Features] Generated 18 features for the latest tick.
[Agent] Exploration: Random action: SELL
[Portfolio] Logged Trade: SELL 10.29230599 BAC @ 19.33. New Cash: 6248.21, New Coins: 195.55381380
[Agent] Received reward: -0.44135548
[NeuralNetworkInterface] Received reward signal: -0.44135548
[Agent] Making decision using full OHLCV data
[Agent] Price data: O=19.72583580 H=19.89125066 L=19.62658562 C=19.83335538 V=68133400.00000000
[Agent_Features] Generated 18 features for the latest tick.
[Agent] Exploration: Random action: SELL
[Portfolio] Logged Trade: SELL 9.77769069 BAC @ 19.83. New Cash: 6442.14, New Coins: 185.77612311
[Agent] Received reward: -0.35000010
[NeuralNetworkInterface] Received reward signal: -0.35000010
[Agent] Making decision using full OHLCV data
[Agent] Price data: O=19.63485718 H=19.84162695 L=19.51906661 C=19.83335597 V=56678800.00000000
[Agent_Features] Generated 18 features for the latest tick.
[Agent] Exploration: Random action: SELL
[Portfolio] Logged Trade: SELL 9.28880616 BAC @ 19.83. New Cash: 6626.37, New Coins: 176.48731695
[Agent] Received reward: 0.38357017
[NeuralNetworkInterface] Received reward signal: 0.38357017
[Agent] Making decision using full OHLCV data
[Agent] Price data: O=19.81681061 H=19.89951882 L=19.64312479 C=19.64312479 V=56016500.00000000
[Agent_Features] Generated 18 features for the latest tick.
[Agent] Exploration: Random action: HOLD
[Agent] Received reward: 0.07000000
[NeuralNetworkInterface] Received reward signal: 0.07000000
[Agent] Making decision using full OHLCV data
[Agent] Price data: O=19.83335304 H=20.10628904 L=19.74237543 C=19.87470794 V=61622000.00000000
[Agent_Features] Generated 18 features for the latest tick.
[Agent] Exploration: Random action: BUY
[Portfolio] Logged Trade: BUY 16.67034606 BAC @ 19.87. New Cash: 6295.05, New Coins: 193.15766301
[Agent] Received reward: -0.36747851
[NeuralNetworkInterface] Received reward signal: -0.36747851
[Agent] Making decision using full OHLCV data
[Agent] Price data: O=19.97395515 H=19.99049711 L=19.74237407 C=19.77545641 V=48495300.00000000
[Agent_Features] Generated 18 features for the latest tick.
[Agent] Exploration: Random action: BUY
[Portfolio] Logged Trade: BUY 15.91631261 BAC @ 19.78. New Cash: 5980.29, New Coins: 209.07397562
[Agent] Received reward: 0.37781310
[NeuralNetworkInterface] Received reward signal: 0.37781310
[Agent] Making decision using full OHLCV data
[Agent] Price data: O=19.90779114 H=20.04012365 L=19.71756335 C=19.93260408 V=68350800.00000000
[Agent_Features] Generated 18 features for the latest tick.
[Agent] Exploration: Random action: SELL
[Portfolio] Logged Trade: SELL 10.45369878 BAC @ 19.93. New Cash: 6188.66, New Coins: 198.62027684
[Agent] Received reward: 0.37614086
[NeuralNetworkInterface] Received reward signal: 0.37614086
[Agent] Making decision using full OHLCV data
[Agent] Price data: O=19.84989738 H=19.84989738 L=19.64312762 C=19.78373112 V=62589000.00000000
[Agent_Features] Generated 18 features for the latest tick.
[Agent] Exploration: Random action: BUY
[Portfolio] Logged Trade: BUY 15.64079086 BAC @ 19.78. New Cash: 5879.23, New Coins: 214.26106770
[Agent] Received reward: 0.37048539
[NeuralNetworkInterface] Received reward signal: 0.37048539
[Agent] Making decision using full OHLCV data
[Agent] Price data: O=19.89952469 H=19.96569096 L=19.83335842 C=19.89952469 V=50688800.00000000
[Agent_Features] Generated 18 features for the latest tick.
[Agent] Exploration: Random action: SELL
[Portfolio] Logged Trade: SELL 10.71305338 BAC @ 19.90. New Cash: 6092.42, New Coins: 203.54801431
[Agent] Received reward: -0.35145466
[NeuralNetworkInterface] Received reward signal: -0.35145466
[Agent] Making decision using full OHLCV data
[Agent] Price data: O=19.84162903 H=19.99050353 L=19.80027570 C=19.90779530 V=55774800.00000000
[Agent_Features] Generated 18 features for the latest tick.
[Agent] Exploration: Random action: SELL
[Portfolio] Logged Trade: SELL 10.17740072 BAC @ 19.91. New Cash: 6295.03, New Coins: 193.37061360
[Agent] Received reward: 0.45178721
[NeuralNetworkInterface] Received reward signal: 0.45178721
[Agent] Making decision using full OHLCV data
[Agent] Price data: O=18.66717148 H=19.39500183 L=18.57619229 C=19.32883558 V=190353300.00000000
[Agent_Features] Generated 18 features for the latest tick.
[Agent] Exploration: Random action: BUY
[Portfolio] Logged Trade: BUY 16.28402567 BAC @ 19.33. New Cash: 5980.27, New Coins: 209.65463927
[Agent] Received reward: -0.46382073
[NeuralNetworkInterface] Received reward signal: -0.46382073
[Agent] Making decision using full OHLCV data
[Agent] Price data: O=18.80777740 H=19.02281815 L=18.60927862 C=18.70025782 V=108444100.00000000
[Agent_Features] Generated 18 features for the latest tick.
[Agent] Exploration: Random action: BUY
[Portfolio] Logged Trade: BUY 15.98981655 BAC @ 18.70. New Cash: 5681.26, New Coins: 225.64445582
[Agent] Received reward: 0.39643939
[NeuralNetworkInterface] Received reward signal: 0.39643939
[Agent] Making decision using full OHLCV data
[Agent] Price data: O=19.06417084 H=19.27094059 L=18.91529794 C=18.94838028 V=89566700.00000000
[Agent_Features] Generated 18 features for the latest tick.
[Agent] Exploration: Random action: BUY
[Portfolio] Logged Trade: BUY 14.99141369 BAC @ 18.95. New Cash: 5397.20, New Coins: 240.63586951
[Agent] Received reward: 0.39277603
[NeuralNetworkInterface] Received reward signal: 0.39277603
[Agent] Making decision using full OHLCV data
[Agent] Price data: O=19.05590057 H=19.22131542 L=18.87394219 C=19.17996211 V=74839400.00000000
[Agent_Features] Generated 18 features for the latest tick.
[Agent] Exploration: Random action: HOLD
[Agent] Received reward: 0.07000000
[NeuralNetworkInterface] Received reward signal: 0.07000000
[Agent] Making decision using full OHLCV data
[Agent] Price data: O=19.34538078 H=19.43635999 L=18.89048788 C=19.04763336 V=79020000.00000000
[Agent_Features] Generated 18 features for the latest tick.
[Agent] Exploration: Random action: BUY
[Portfolio] Logged Trade: BUY 14.16763185 BAC @ 19.05. New Cash: 5127.34, New Coins: 254.80350136
[Agent] Received reward: 0.41230976
[NeuralNetworkInterface] Received reward signal: 0.41230976
[Agent] Making decision using full OHLCV data
[Agent] Price data: O=19.32056808 H=19.41154571 L=19.20477594 C=19.38673435 V=58823200.00000000
[Agent_Features] Generated 18 features for the latest tick.
[Agent] Exploration: Random action: HOLD
[Agent] Received reward: 0.07000000
[NeuralNetworkInterface] Received reward signal: 0.07000000
[Agent] Making decision using full OHLCV data
[Agent] Price data: O=19.22958565 H=19.50252164 L=19.20477271 C=19.36191815 V=60443500.00000000
[Agent_Features] Generated 18 features for the latest tick.
[Agent] Exploration: Random action: HOLD
[Agent] Received reward: 0.07000000
[NeuralNetworkInterface] Received reward signal: 0.07000000
[Agent] Making decision using full OHLCV data
[Agent] Price data: O=19.22131538 H=19.37018985 L=19.16342011 C=19.21304440 V=50399500.00000000
[Agent_Features] Generated 18 features for the latest tick.
[Agent] Exploration: Random action: HOLD
[Agent] Received reward: 0.07000000
[NeuralNetworkInterface] Received reward signal: 0.07000000
[Agent] Making decision using full OHLCV data
[Agent] Price data: O=18.94838524 H=19.19650838 L=18.92357229 C=19.13034210 V=61307900.00000000
[Agent_Features] Generated 18 features for the latest tick.
[Agent] Exploration: Random action: BUY
[Portfolio] Logged Trade: BUY 13.40106010 BAC @ 19.13. New Cash: 4870.97, New Coins: 268.20456146
[Agent] Received reward: -0.39164112
[NeuralNetworkInterface] Received reward signal: -0.39164112
[Agent] Making decision using full OHLCV data
[Agent] Price data: O=18.59571457 H=18.91933426 L=18.33018030 C=18.90273956 V=138636300.00000000
[Agent_Features] Generated 18 features for the latest tick.
[Agent] Exploration: Random action: HOLD
[Agent] Received reward: 0.07000000
[NeuralNetworkInterface] Received reward signal: 0.07000000
[Agent] Making decision using full OHLCV data
[Agent] Price data: O=18.77827644 H=18.78657459 L=18.50444392 C=18.65380740 V=69725100.00000000
[Agent_Features] Generated 18 features for the latest tick.
[Agent] Exploration: Random action: BUY
[Portfolio] Logged Trade: BUY 13.05623650 BAC @ 18.65. New Cash: 4627.42, New Coins: 281.26079796
[Agent] Received reward: -0.38269607
[NeuralNetworkInterface] Received reward signal: -0.38269607
[Agent] Making decision using full OHLCV data
[Agent] Price data: O=18.62891197 H=18.74508285 L=18.38827049 C=18.47954851 V=79722300.00000000
[Agent_Features] Generated 18 features for the latest tick.
[Agent] Exploration: Random action: BUY
[Portfolio] Logged Trade: BUY 12.52038679 BAC @ 18.48. New Cash: 4396.05, New Coins: 293.78118474
[Agent] Received reward: 0.37671665
[NeuralNetworkInterface] Received reward signal: 0.37671665
[Agent] Making decision using full OHLCV data
[Agent] Price data: O=18.59571457 H=18.83635599 L=18.57911828 C=18.62060900 V=51590300.00000000
[Agent_Features] Generated 18 features for the latest tick.
[Agent] Exploration: Random action: BUY
[Portfolio] Logged Trade: BUY 11.80426162 BAC @ 18.62. New Cash: 4176.25, New Coins: 305.58544637
[Agent] Received reward: -0.38743260
[NeuralNetworkInterface] Received reward signal: -0.38743260
[Agent] Making decision using full OHLCV data
[Agent] Price data: O=18.44635391 H=18.59571736 L=18.31358676 C=18.42146106 V=71735600.00000000
[Agent_Features] Generated 18 features for the latest tick.
[Agent] Exploration: Random action: SELL
[Portfolio] Logged Trade: SELL 15.27927232 BAC @ 18.42. New Cash: 4457.71, New Coins: 290.30617405
[Agent] Received reward: -0.36576533
[NeuralNetworkInterface] Received reward signal: -0.36576533
[Agent] Making decision using full OHLCV data
[Agent] Price data: O=18.75337791 H=18.76997420 L=18.47954547 C=18.50443832 V=66429700.00000000
[Agent_Features] Generated 18 features for the latest tick.
[Agent] Exploration: Random action: SELL
[Portfolio] Logged Trade: SELL 14.51530870 BAC @ 18.50. New Cash: 4726.31, New Coins: 275.79086535
[Agent] Received reward: -0.40022599
[NeuralNetworkInterface] Received reward signal: -0.40022599
[Agent] Making decision using full OHLCV data
[Agent] Price data: O=19.06040955 H=19.25956035 L=18.75338598 C=18.76998227 V=93685900.00000000
[Agent_Features] Generated 18 features for the latest tick.
[Agent] Exploration: Random action: BUY
[Portfolio] Logged Trade: BUY 12.59008227 BAC @ 18.77. New Cash: 4490.00, New Coins: 288.38094761
[Agent] Received reward: 0.44283631
[NeuralNetworkInterface] Received reward signal: 0.44283631
[Agent] Making decision using full OHLCV data
[Agent] Price data: O=19.64125824 H=19.64125824 L=19.25955151 C=19.26784966 V=108254300.00000000
[Agent_Features] Generated 18 features for the latest tick.
[Agent] Exploration: Random action: HOLD
[Agent] Received reward: -0.10500000
[NeuralNetworkInterface] Received reward signal: -0.10500000
[Agent] Making decision using full OHLCV data
[Agent] Price data: O=19.73254013 H=19.94828718 L=19.69104940 C=19.76573113 V=85829900.00000000
[Agent_Features] Generated 18 features for the latest tick.
[Agent] Exploration: Random action: BUY
[Portfolio] Logged Trade: BUY 11.35803368 BAC @ 19.77. New Cash: 4265.50, New Coins: 299.73898129
[Agent] Received reward: 0.36910196
[NeuralNetworkInterface] Received reward signal: 0.36910196
[Agent] Making decision using full OHLCV data
[Agent] Price data: O=19.72424316 H=20.00637381 L=19.63296514 C=19.87360664 V=68047300.00000000
[Agent_Features] Generated 18 features for the latest tick.
[Agent] Exploration: Random action: HOLD
[Agent] Received reward: 0.07000000
[NeuralNetworkInterface] Received reward signal: 0.07000000
[Agent] Making decision using full OHLCV data
[Agent] Price data: O=19.71593857 H=19.75742770 L=19.25125359 C=19.54168071 V=102352400.00000000
[Agent_Features] Generated 18 features for the latest tick.
[Agent] Exploration: Random action: BUY
[Portfolio] Logged Trade: BUY 10.91384365 BAC @ 19.54. New Cash: 4052.22, New Coins: 310.65282494
[Agent] Received reward: 0.35000071
[NeuralNetworkInterface] Received reward signal: 0.35000071
[Agent] Making decision using full OHLCV data
[Agent] Price data: O=19.53338814 H=19.87360419 L=19.47530112 C=19.54168470 V=69707500.00000000
[Agent_Features] Generated 18 features for the latest tick.
[Agent] Exploration: Random action: SELL
[Portfolio] Logged Trade: SELL 15.53264125 BAC @ 19.54. New Cash: 4355.76, New Coins: 295.12018369
[Agent] Received reward: -0.35148588
[NeuralNetworkInterface] Received reward signal: -0.35148588
[Agent] Making decision using full OHLCV data
[Agent] Price data: O=19.44210815 H=19.59976974 L=19.39232087 C=19.54998087 V=57745800.00000000
[Agent_Features] Generated 18 features for the latest tick.
[Agent] Exploration: Random action: BUY
[Portfolio] Logged Trade: BUY 11.14005205 BAC @ 19.55. New Cash: 4137.97, New Coins: 306.26023574
[Agent] Received reward: 0.35742846
[NeuralNetworkInterface] Received reward signal: 0.35742846
[Agent] Making decision using full OHLCV data
[Agent] Price data: O=19.84041214 H=19.91509387 L=19.58317595 C=19.59147410 V=58587800.00000000
[Agent_Features] Generated 18 features for the latest tick.
[Agent] Exploration: Random action: HOLD
[Agent] Received reward: 0.07000000
[NeuralNetworkInterface] Received reward signal: 0.07000000
[Agent] Making decision using full OHLCV data
[Agent] Price data: O=19.49189186 H=19.90678952 L=19.48359372 C=19.84040596 V=59693500.00000000
[Agent_Features] Generated 18 features for the latest tick.
[Agent] Exploration: Random action: HOLD
[Agent] Received reward: 0.07000000
[NeuralNetworkInterface] Received reward signal: 0.07000000
[Agent] Making decision using full OHLCV data
[Agent] Price data: O=19.19317055 H=19.55828104 L=19.14338326 C=19.50019560 V=72432800.00000000
[Agent_Features] Generated 18 features for the latest tick.
[Agent] Exploration: Random action: BUY
[Portfolio] Logged Trade: BUY 10.61006866 BAC @ 19.50. New Cash: 3931.07, New Coins: 316.87030440
[Agent] Received reward: -0.40659566
[NeuralNetworkInterface] Received reward signal: -0.40659566
[Agent] Making decision using full OHLCV data
[Agent] Price data: O=19.02721214 H=19.25125732 L=19.00231771 C=19.18487374 V=64763300.00000000
[Agent_Features] Generated 18 features for the latest tick.
[Agent] Exploration: Random action: SELL
[Portfolio] Logged Trade: SELL 15.84351522 BAC @ 19.18. New Cash: 4235.03, New Coins: 301.02678918
[Agent] Received reward: 0.35151389
[NeuralNetworkInterface] Received reward signal: 0.35151389
[Agent] Making decision using full OHLCV data
[Agent] Price data: O=18.93593407 H=19.17657553 L=18.86955049 C=19.17657553 V=85399600.00000000
[Agent_Features] Generated 18 features for the latest tick.
[Agent] Exploration: Random action: BUY
[Portfolio] Logged Trade: BUY 11.04218452 BAC @ 19.18. New Cash: 4023.27, New Coins: 312.06897370
[Agent] Received reward: -0.38029055
[NeuralNetworkInterface] Received reward signal: -0.38029055
[Agent] Making decision using full OHLCV data
[Agent] Price data: O=18.99401665 H=19.20146550 L=18.86124951 C=19.01061294 V=61307800.00000000
[Agent_Features] Generated 18 features for the latest tick.
[Agent] Exploration: Random action: HOLD
[Agent] Received reward: 0.07000000
[NeuralNetworkInterface] Received reward signal: 0.07000000
[Agent] Making decision using full OHLCV data
[Agent] Price data: O=19.30934334 H=19.58317581 L=19.08529815 C=19.16827803 V=88257800.00000000
[Agent_Features] Generated 18 features for the latest tick.
[Agent] Exploration: Random action: HOLD
[Agent] Received reward: 0.07000000
[NeuralNetworkInterface] Received reward signal: 0.07000000
[Agent] Making decision using full OHLCV data
[Agent] Price data: O=19.81551170 H=19.88189527 L=19.52508461 C=19.52508461 V=119049300.00000000
[Agent_Features] Generated 18 features for the latest tick.
[Agent] Exploration: Random action: HOLD
[Agent] Received reward: -0.10500000
[NeuralNetworkInterface] Received reward signal: -0.10500000
[Agent] Making decision using full OHLCV data
[Agent] Price data: O=20.18062592 H=20.47105465 L=19.94828419 C=20.39637293 V=150501200.00000000
[Agent_Features] Generated 18 features for the latest tick.
[Agent] Exploration: Random action: BUY
[Portfolio] Logged Trade: BUY 9.86272029 BAC @ 20.40. New Cash: 3822.11, New Coins: 321.93169399
[Agent] Received reward: 0.35569578
[NeuralNetworkInterface] Received reward signal: 0.35569578
[Agent] Making decision using full OHLCV data
[Agent] Price data: O=20.13083839 H=20.42956527 L=20.05615667 C=20.42956527 V=84005200.00000000
[Agent_Features] Generated 18 features for the latest tick.
[Agent] Exploration: Random action: BUY
[Portfolio] Logged Trade: BUY 9.35436132 BAC @ 20.43. New Cash: 3631.01, New Coins: 331.28605530
[Agent] Received reward: -0.37274495
[NeuralNetworkInterface] Received reward signal: -0.37274495
[Agent] Making decision using full OHLCV data
[Agent] Price data: O=20.47935867 H=20.67021131 L=20.28020789 C=20.29680260 V=58129700.00000000
[Agent_Features] Generated 18 features for the latest tick.
[Agent] Exploration: Random action: BUY
[Portfolio] Logged Trade: BUY 8.94477135 BAC @ 20.30. New Cash: 3449.45, New Coins: 340.23082665
[Agent] Received reward: 0.39864945
[NeuralNetworkInterface] Received reward signal: 0.39864945
[Agent] Making decision using full OHLCV data
[Agent] Price data: O=20.67850113 H=20.70339556 L=20.42956315 C=20.57892499 V=76172500.00000000
[Agent_Features] Generated 18 features for the latest tick.
[Agent] Exploration: Random action: HOLD
[Agent] Received reward: 0.07000000
[NeuralNetworkInterface] Received reward signal: 0.07000000
[Agent] Making decision using full OHLCV data
[Agent] Price data: O=20.50425148 H=20.83617103 L=20.48765677 C=20.66191311 V=84465400.00000000
[Agent_Features] Generated 18 features for the latest tick.
[Agent] Exploration: Random action: SELL
[Portfolio] Logged Trade: SELL 17.01154133 BAC @ 20.66. New Cash: 3800.95, New Coins: 323.21928532
[Agent] Received reward: -0.35281079
[NeuralNetworkInterface] Received reward signal: -0.35281079
[Agent] Making decision using full OHLCV data
[Agent] Price data: O=20.60382462 H=20.74488993 L=20.45446115 C=20.67850635 V=54478800.00000000
[Agent_Features] Generated 18 features for the latest tick.
[Agent] Exploration: Random action: HOLD
[Agent] Received reward: 0.07000000
[NeuralNetworkInterface] Received reward signal: 0.07000000
[Agent] Making decision using full OHLCV data
[Agent] Price data: O=20.65361595 H=20.73659584 L=20.44616701 C=20.51255061 V=54632800.00000000
[Agent_Features] Generated 18 features for the latest tick.
[Agent] Exploration: Random action: HOLD
[Agent] Received reward: 0.07000000
[NeuralNetworkInterface] Received reward signal: 0.07000000
[Agent] Making decision using full OHLCV data
[Agent] Price data: O=20.41297340 H=20.67020961 L=20.29680094 C=20.64531517 V=69410600.00000000
[Agent_Features] Generated 18 features for the latest tick.
[Agent] Exploration: Random action: SELL
[Portfolio] Logged Trade: SELL 16.16096427 BAC @ 20.65. New Cash: 4134.59, New Coins: 307.05832105
[Agent] Received reward: 0.41471114
[NeuralNetworkInterface] Received reward signal: 0.41471114
[Agent] Making decision using full OHLCV data
[Agent] Price data: O=20.20552063 H=20.41296950 L=20.16402991 C=20.26360606 V=68708700.00000000
[Agent_Features] Generated 18 features for the latest tick.
[Agent] Exploration: Random action: BUY
[Portfolio] Logged Trade: BUY 10.20201954 BAC @ 20.26. New Cash: 3927.86, New Coins: 317.26034059
[Agent] Received reward: 0.35143355
[NeuralNetworkInterface] Received reward signal: 0.35143355
[Agent] Making decision using full OHLCV data
[Agent] Price data: O=20.42956734 H=20.43786390 L=20.22211845 C=20.27190574 V=55533400.00000000
[Agent_Features] Generated 18 features for the latest tick.
[Agent] Exploration: Random action: BUY
[Portfolio] Logged Trade: BUY 9.68795052 BAC @ 20.27. New Cash: 3731.47, New Coins: 326.94829111
[Agent] Received reward: -0.38295089
[NeuralNetworkInterface] Received reward signal: -0.38295089
[Agent] Making decision using full OHLCV data
[Agent] Price data: O=20.08935165 H=20.18062968 L=19.76573186 C=20.08105509 V=92625400.00000000
[Agent_Features] Generated 18 features for the latest tick.
[Agent] Exploration: Random action: BUY
[Portfolio] Logged Trade: BUY 9.29102370 BAC @ 20.08. New Cash: 3544.90, New Coins: 336.23931480
[Agent] Received reward: 0.35289244
[NeuralNetworkInterface] Received reward signal: 0.35289244
[Agent] Making decision using full OHLCV data
[Agent] Price data: O=19.93169212 H=20.09765031 L=19.85701039 C=20.09765031 V=81522000.00000000
[Agent_Features] Generated 18 features for the latest tick.
[Agent] Exploration: Random action: HOLD
[Agent] Received reward: 0.07000000
[NeuralNetworkInterface] Received reward signal: 0.07000000
[Agent] Making decision using full OHLCV data
[Agent] Price data: O=19.83211136 H=19.96487851 L=19.59147150 C=19.84040950 V=107981400.00000000
[Agent_Features] Generated 18 features for the latest tick.
[Agent] Exploration: Random action: SELL
[Portfolio] Logged Trade: SELL 16.81196574 BAC @ 19.84. New Cash: 3878.45, New Coins: 319.42734906
[Agent] Received reward: -0.37049335
[NeuralNetworkInterface] Received reward signal: -0.37049335
[Agent] Making decision using full OHLCV data
[Agent] Price data: O=19.96487808 H=20.08105052 L=19.75742922 C=19.95657994 V=74140100.00000000
[Agent_Features] Generated 18 features for the latest tick.
[Agent] Exploration: Random action: HOLD
[Agent] Received reward: 0.07000000
[NeuralNetworkInterface] Received reward signal: 0.07000000
[Agent] Making decision using full OHLCV data
[Agent] Price data: O=19.86530113 H=20.01466455 L=19.77402314 C=19.93168470 V=62793500.00000000
[Agent_Features] Generated 18 features for the latest tick.
[Agent] Exploration: Random action: BUY
[Portfolio] Logged Trade: BUY 9.72936799 BAC @ 19.93. New Cash: 3684.53, New Coins: 329.15671705
[Agent] Received reward: -0.37622724
[NeuralNetworkInterface] Received reward signal: -0.37622724
[Agent] Making decision using full OHLCV data
[Agent] Price data: O=19.74913406 H=19.88190123 L=19.63296319 C=19.78232665 V=65922500.00000000
[Agent_Features] Generated 18 features for the latest tick.
[Agent] Exploration: Random action: BUY
[Portfolio] Logged Trade: BUY 9.31268417 BAC @ 19.78. New Cash: 3500.30, New Coins: 338.46940122
[Agent] Received reward: -0.36468125
[NeuralNetworkInterface] Received reward signal: -0.36468125
[Agent] Making decision using full OHLCV data
[Agent] Price data: O=19.84041214 H=19.93998831 L=19.69104868 C=19.69934683 V=51382700.00000000
[Agent_Features] Generated 18 features for the latest tick.
[Agent] Exploration: Random action: SELL
[Portfolio] Logged Trade: SELL 16.92347006 BAC @ 19.70. New Cash: 3833.69, New Coins: 321.54593116
[Agent] Received reward: -0.42518944
[NeuralNetworkInterface] Received reward signal: -0.42518944
[Agent] Making decision using full OHLCV data
[Agent] Price data: O=20.31339455 H=20.47105614 L=20.11424381 C=20.12254195 V=86154700.00000000
[Agent_Features] Generated 18 features for the latest tick.
[Agent] Exploration: Random action: BUY
[Portfolio] Logged Trade: BUY 9.52584907 BAC @ 20.12. New Cash: 3642.00, New Coins: 331.07178023
[Agent] Received reward: 0.41061897
[NeuralNetworkInterface] Received reward signal: 0.41061897
[Agent] Making decision using full OHLCV data
[Agent] Price data: O=20.08935165 H=20.47105847 L=20.03126621 C=20.47105847 V=65704700.00000000
[Agent_Features] Generated 18 features for the latest tick.
[Agent] Exploration: Random action: HOLD
[Agent] Received reward: 0.07000000
[NeuralNetworkInterface] Received reward signal: 0.07000000
[Agent] Making decision using full OHLCV data
[Agent] Price data: O=20.00637245 H=20.28850308 L=19.93998887 C=20.13084148 V=62902100.00000000
[Agent_Features] Generated 18 features for the latest tick.
[Agent] Exploration: Random action: SELL
[Portfolio] Logged Trade: SELL 16.55358901 BAC @ 20.13. New Cash: 3975.24, New Coins: 314.51819122
[Agent] Received reward: 0.38029722
[NeuralNetworkInterface] Received reward signal: 0.38029722
[Agent] Making decision using full OHLCV data
[Agent] Price data: O=19.93998718 H=20.08934905 L=19.88190017 C=19.95658189 V=50143400.00000000
[Agent_Features] Generated 18 features for the latest tick.
[Agent] Exploration: Random action: SELL
[Portfolio] Logged Trade: SELL 15.72590956 BAC @ 19.96. New Cash: 4289.07, New Coins: 298.79228166
[Agent] Received reward: -0.36018676
[NeuralNetworkInterface] Received reward signal: -0.36018676
[Agent] Making decision using full OHLCV data
[Agent] Price data: O=20.01466560 H=20.16402745 L=19.98977117 C=20.01466560 V=62272000.00000000
[Agent_Features] Generated 18 features for the latest tick.
[Agent] Exploration: Random action: BUY
[Portfolio] Logged Trade: BUY 10.71482986 BAC @ 20.01. New Cash: 4074.62, New Coins: 309.50711151
[Agent] Received reward: 0.37466865
[NeuralNetworkInterface] Received reward signal: 0.37466865
[Agent] Making decision using full OHLCV data
[Agent] Price data: O=20.28849983 H=20.32169083 L=20.13913639 C=20.15573268 V=52782500.00000000
[Agent_Features] Generated 18 features for the latest tick.
[Agent] Exploration: Random action: HOLD
[Agent] Received reward: 0.07000000
[NeuralNetworkInterface] Received reward signal: 0.07000000
[Agent] Making decision using full OHLCV data
[Agent] Price data: O=20.40467644 H=20.40467644 L=20.13084392 C=20.28020740 V=55317100.00000000
[Agent_Features] Generated 18 features for the latest tick.
[Agent] Exploration: Random action: HOLD
[Agent] Received reward: 0.07000000
[NeuralNetworkInterface] Received reward signal: 0.07000000
[Agent] Making decision using full OHLCV data
[Agent] Price data: O=20.22211266 H=20.41296520 L=20.18062194 C=20.37147448 V=53210600.00000000
[Agent_Features] Generated 18 features for the latest tick.
[Agent] Exploration: Random action: SELL
[Portfolio] Logged Trade: SELL 15.47535558 BAC @ 20.37. New Cash: 4389.88, New Coins: 294.03175594
[Agent] Received reward: -0.36853428
[NeuralNetworkInterface] Received reward signal: -0.36853428
[Agent] Making decision using full OHLCV data
[Agent] Price data: O=20.71999168 H=20.81126969 L=20.45445739 C=20.47935183 V=105206600.00000000
[Agent_Features] Generated 18 features for the latest tick.
[Agent] Exploration: Random action: SELL
[Portfolio] Logged Trade: SELL 14.70158780 BAC @ 20.48. New Cash: 4690.96, New Coins: 279.33016814
[Agent] Received reward: -0.39679922
[NeuralNetworkInterface] Received reward signal: -0.39679922
[Agent] Making decision using full OHLCV data
[Agent] Price data: O=20.71169472 H=20.78637644 L=20.66190743 C=20.75318544 V=41860900.00000000
[Agent_Features] Generated 18 features for the latest tick.
[Agent] Exploration: Random action: SELL
[Portfolio] Logged Trade: SELL 13.96650841 BAC @ 20.75. New Cash: 4980.81, New Coins: 265.36365973
[Agent] Received reward: 0.35839628
[NeuralNetworkInterface] Received reward signal: 0.35839628
[Agent] Making decision using full OHLCV data
[Agent] Price data: O=20.66190910 H=21.03531774 L=20.59552552 C=20.70339983 V=73399300.00000000
[Agent_Features] Generated 18 features for the latest tick.
[Agent] Exploration: Random action: BUY
[Portfolio] Logged Trade: BUY 12.02895509 BAC @ 20.70. New Cash: 4731.77, New Coins: 277.39261482
[Agent] Received reward: -0.39909850
[NeuralNetworkInterface] Received reward signal: -0.39909850
[Agent] Making decision using full OHLCV data
[Agent] Price data: O=20.52914047 H=20.55403491 L=20.29679716 C=20.41296961 V=56910400.00000000
[Agent_Features] Generated 18 features for the latest tick.
[Agent] Exploration: Random action: BUY
[Portfolio] Logged Trade: BUY 11.59009482 BAC @ 20.41. New Cash: 4495.18, New Coins: 288.98270964
[Agent] Received reward: -0.35284604
[NeuralNetworkInterface] Received reward signal: -0.35284604
[Agent] Making decision using full OHLCV data
[Agent] Price data: O=20.01466560 H=20.39637073 L=19.98977117 C=20.39637073 V=78023700.00000000
[Agent_Features] Generated 18 features for the latest tick.
[Agent] Exploration: Random action: BUY
[Portfolio] Logged Trade: BUY 11.01955067 BAC @ 20.40. New Cash: 4270.42, New Coins: 300.00226031
[Agent] Received reward: -0.42261920
[NeuralNetworkInterface] Received reward signal: -0.42261920
[Agent] Making decision using full OHLCV data
[Agent] Price data: O=19.79892349 H=20.11424512 L=19.74913462 C=19.97317981 V=68157400.00000000
[Agent_Features] Generated 18 features for the latest tick.
[Agent] Exploration: Random action: SELL
[Portfolio] Logged Trade: SELL 15.00011302 BAC @ 19.97. New Cash: 4570.02, New Coins: 285.00214730
[Agent] Received reward: -0.37326518
[NeuralNetworkInterface] Received reward signal: -0.37326518
[Agent] Making decision using full OHLCV data
[Agent] Price data: O=20.26360703 H=20.32169246 L=20.05615814 C=20.10594543 V=54989500.00000000
[Agent_Features] Generated 18 features for the latest tick.
[Agent] Exploration: Random action: SELL
[Portfolio] Logged Trade: SELL 14.25010736 BAC @ 20.11. New Cash: 4856.53, New Coins: 270.75203993
[Agent] Received reward: -0.42511314
[NeuralNetworkInterface] Received reward signal: -0.42511314
[Agent] Making decision using full OHLCV data
[Agent] Price data: O=20.30509377 H=20.62041692 L=20.28849906 C=20.53743706 V=45143200.00000000
[Agent_Features] Generated 18 features for the latest tick.
[Agent] Exploration: Random action: BUY
[Portfolio] Logged Trade: BUY 11.82360242 BAC @ 20.54. New Cash: 4613.70, New Coins: 282.57564235
[Agent] Received reward: -0.37969652
[NeuralNetworkInterface] Received reward signal: -0.37969652
[Agent] Making decision using full OHLCV data
[Agent] Price data: O=20.07275391 H=20.42956623 L=19.98147589 C=20.36318265 V=59188900.00000000
[Agent_Features] Generated 18 features for the latest tick.
[Agent] Exploration: Random action: HOLD
[Agent] Received reward: 0.07000000
[NeuralNetworkInterface] Received reward signal: 0.07000000
[Agent] Making decision using full OHLCV data
[Agent] Price data: O=19.61636543 H=20.05615762 L=19.59977073 C=19.97317776 V=78969300.00000000
[Agent_Features] Generated 18 features for the latest tick.
[Agent] Exploration: Random action: BUY
[Portfolio] Logged Trade: BUY 11.54974780 BAC @ 19.97. New Cash: 4383.02, New Coins: 294.12539015
[Agent] Received reward: -0.42415860
[NeuralNetworkInterface] Received reward signal: -0.42415860
[Agent] Making decision using full OHLCV data
[Agent] Price data: O=19.59977150 H=19.83211324 L=19.45870619 C=19.54998263 V=60461200.00000000
[Agent_Features] Generated 18 features for the latest tick.
[Agent] Exploration: Random action: HOLD
[Agent] Received reward: 0.07000000
[NeuralNetworkInterface] Received reward signal: 0.07000000
[Agent] Making decision using full OHLCV data
[Agent] Price data: O=19.40061951 H=19.61636654 L=19.20146876 C=19.56657925 V=70124800.00000000
[Agent_Features] Generated 18 features for the latest tick.
[Agent] Exploration: Random action: SELL
[Portfolio] Logged Trade: SELL 14.70626951 BAC @ 19.57. New Cash: 4670.77, New Coins: 279.41912064
[Agent] Received reward: -0.35296812
[NeuralNetworkInterface] Received reward signal: -0.35296812
[Agent] Making decision using full OHLCV data
[Agent] Price data: O=19.77402496 H=19.82381225 L=19.55827796 C=19.58317240 V=59228600.00000000
[Agent_Features] Generated 18 features for the latest tick.
[Agent] Exploration: Random action: HOLD
[Agent] Received reward: 0.07000000
[NeuralNetworkInterface] Received reward signal: 0.07000000
[Agent] Making decision using full OHLCV data
[Agent] Price data: O=19.71593857 H=19.89019484 L=19.57487329 C=19.59146958 V=39825500.00000000
[Agent_Features] Generated 18 features for the latest tick.
[Agent] Exploration: Random action: SELL
[Portfolio] Logged Trade: SELL 13.97095603 BAC @ 19.59. New Cash: 4944.48, New Coins: 265.44816461
[Agent] Received reward: -0.39743779
[NeuralNetworkInterface] Received reward signal: -0.39743779
[Agent] Making decision using full OHLCV data
[Agent] Price data: O=19.78232384 H=19.86530370 L=19.64955669 C=19.85700556 V=39178700.00000000
[Agent_Features] Generated 18 features for the latest tick.
[Agent] Exploration: Random action: SELL
[Portfolio] Logged Trade: SELL 13.27240823 BAC @ 19.86. New Cash: 5208.03, New Coins: 252.17575638
[Agent] Received reward: 0.35584969
[NeuralNetworkInterface] Received reward signal: 0.35584969
[Agent] Making decision using full OHLCV data
[Agent] Price data: O=19.72424316 H=19.97318123 L=19.70764687 C=19.82381776 V=43511900.00000000
[Agent_Features] Generated 18 features for the latest tick.
[Agent] Exploration: Random action: SELL
[Portfolio] Logged Trade: SELL 12.60878782 BAC @ 19.82. New Cash: 5457.99, New Coins: 239.56696856
[Agent] Received reward: 0.35732544
[NeuralNetworkInterface] Received reward signal: 0.35732544
[Agent] Making decision using full OHLCV data
[Agent] Price data: O=19.68275070 H=19.83211416 L=19.55828168 C=19.78232687 V=37155000.00000000
[Agent_Features] Generated 18 features for the latest tick.
[Agent] Exploration: Random action: HOLD
[Agent] Received reward: -0.10500000
[NeuralNetworkInterface] Received reward signal: -0.10500000
[Agent] Making decision using full OHLCV data
[Agent] Price data: O=19.56657410 H=19.66615023 L=19.18486900 C=19.26784727 V=60897200.00000000
[Agent_Features] Generated 18 features for the latest tick.
[Agent] Exploration: Random action: BUY
[Portfolio] Logged Trade: BUY 14.16345485 BAC @ 19.27. New Cash: 5185.09, New Coins: 253.73042341
[Agent] Received reward: 0.44516945
[NeuralNetworkInterface] Received reward signal: 0.44516945
[Agent] Making decision using full OHLCV data
[Agent] Price data: O=19.90853119 H=20.05031802 L=19.64997770 C=19.79176453 V=58412900.00000000
[Agent_Features] Generated 18 features for the latest tick.
[Agent] Exploration: Random action: BUY
[Portfolio] Logged Trade: BUY 13.09910090 BAC @ 19.79. New Cash: 4925.83, New Coins: 266.82952431
[Agent] Received reward: 0.39424935
[NeuralNetworkInterface] Received reward signal: 0.39424935
[Agent] Making decision using full OHLCV data
[Agent] Price data: O=19.92521858 H=20.05032588 L=19.83347525 C=20.04198528 V=62362400.00000000
[Agent_Features] Generated 18 features for the latest tick.
[Agent] Exploration: Random action: SELL
[Portfolio] Logged Trade: SELL 13.34147622 BAC @ 20.04. New Cash: 5193.22, New Coins: 253.48804809
[Agent] Received reward: 0.36893541
[NeuralNetworkInterface] Received reward signal: 0.36893541
[Agent] Making decision using full OHLCV data
[Agent] Price data: O=20.09202385 H=20.16708758 L=19.85015148 C=19.93355580 V=56233900.00000000
[Agent_Features] Generated 18 features for the latest tick.
[Agent] Exploration: Random action: BUY
[Portfolio] Logged Trade: BUY 13.02633061 BAC @ 19.93. New Cash: 4933.56, New Coins: 266.51437870
[Agent] Received reward: -0.36025152
[NeuralNetworkInterface] Received reward signal: -0.36025152
[Agent] Making decision using full OHLCV data
[Agent] Price data: O=19.44146919 H=19.87517031 L=19.37474607 C=19.87517031 V=108605400.00000000
[Agent_Features] Generated 18 features for the latest tick.
[Agent] Exploration: Random action: SELL
[Portfolio] Logged Trade: SELL 13.32571893 BAC @ 19.88. New Cash: 5198.41, New Coins: 253.18865976
[Agent] Received reward: 0.39993670
[NeuralNetworkInterface] Received reward signal: 0.39993670
[Agent] Making decision using full OHLCV data
[Agent] Price data: O=19.52487564 H=19.66666250 L=19.35806701 C=19.59159878 V=64188900.00000000
[Agent_Features] Generated 18 features for the latest tick.
[Agent] Exploration: Random action: BUY
[Portfolio] Logged Trade: BUY 13.26694076 BAC @ 19.59. New Cash: 4938.49, New Coins: 266.45560052
[Agent] Received reward: -0.36639033
[NeuralNetworkInterface] Received reward signal: -0.36639033
[Agent] Making decision using full OHLCV data
[Agent] Price data: O=19.15789604 H=19.52487405 L=18.97440784 C=19.49985228 V=103501200.00000000
[Agent_Features] Generated 18 features for the latest tick.
[Agent] Exploration: Random action: SELL
[Portfolio] Logged Trade: SELL 13.32278003 BAC @ 19.50. New Cash: 5198.28, New Coins: 253.13282050
[Agent] Received reward: 0.41736505
[NeuralNetworkInterface] Received reward signal: 0.41736505
[Agent] Making decision using full OHLCV data
[Agent] Price data: O=19.09117317 H=19.37474687 L=19.05781240 C=19.12453553 V=68365000.00000000
[Agent_Features] Generated 18 features for the latest tick.
[Agent] Exploration: Random action: SELL
[Portfolio] Logged Trade: SELL 12.65664102 BAC @ 19.12. New Cash: 5440.34, New Coins: 240.47617947
[Agent] Received reward: -0.39426508
[NeuralNetworkInterface] Received reward signal: -0.39426508
[Agent] Making decision using full OHLCV data
[Agent] Price data: O=19.48317337 H=19.52487473 L=19.24964162 C=19.36640670 V=73741000.00000000
[Agent_Features] Generated 18 features for the latest tick.
[Agent] Exploration: Random action: BUY
[Portfolio] Logged Trade: BUY 14.04580554 BAC @ 19.37. New Cash: 5168.32, New Coins: 254.52198501
[Agent] Received reward: 0.38617548
[NeuralNetworkInterface] Received reward signal: 0.38617548
[Agent] Making decision using full OHLCV data
[Agent] Price data: O=19.97525597 H=20.04197909 L=19.55823602 C=19.56657502 V=99658500.00000000
[Agent_Features] Generated 18 features for the latest tick.
[Agent] Exploration: Random action: HOLD
[Agent] Received reward: 0.07000000
[NeuralNetworkInterface] Received reward signal: 0.07000000
[Agent] Making decision using full OHLCV data
[Agent] Price data: O=20.29219246 H=20.30887364 L=19.90853484 C=19.95023620 V=86339800.00000000
[Agent_Features] Generated 18 features for the latest tick.
[Agent] Exploration: Random action: BUY
[Portfolio] Logged Trade: BUY 12.95302676 BAC @ 19.95. New Cash: 4909.90, New Coins: 267.47501177
[Agent] Received reward: 0.41730756
[NeuralNetworkInterface] Received reward signal: 0.41730756
[Agent] Making decision using full OHLCV data
[Agent] Price data: O=20.21712875 H=20.46734170 L=20.18376798 C=20.33389384 V=70051000.00000000
[Agent_Features] Generated 18 features for the latest tick.
[Agent] Exploration: Random action: HOLD
[Agent] Received reward: 0.07000000
[NeuralNetworkInterface] Received reward signal: 0.07000000
[Agent] Making decision using full OHLCV data
[Agent] Price data: O=20.33389664 H=20.35891841 L=20.14206780 C=20.19210976 V=85937600.00000000
[Agent_Features] Generated 18 features for the latest tick.
[Agent] Exploration: Random action: BUY
[Portfolio] Logged Trade: BUY 12.15797404 BAC @ 20.19. New Cash: 4664.41, New Coins: 279.63298581
[Agent] Received reward: 0.38035871
[NeuralNetworkInterface] Received reward signal: 0.38035871
[Agent] Making decision using full OHLCV data
[Agent] Price data: O=20.60078621 H=20.65916875 L=20.35891387 C=20.36725446 V=68076400.00000000
[Agent_Features] Generated 18 features for the latest tick.
[Agent] Exploration: Random action: HOLD
[Agent] Received reward: 0.07000000
[NeuralNetworkInterface] Received reward signal: 0.07000000
[Agent] Making decision using full OHLCV data
[Agent] Price data: O=20.73423386 H=20.84265835 L=20.53406446 C=20.60078759 V=56218100.00000000
[Agent_Features] Generated 18 features for the latest tick.
[Agent] Exploration: Random action: SELL
[Portfolio] Logged Trade: SELL 13.98164929 BAC @ 20.60. New Cash: 4952.44, New Coins: 265.65133651
[Agent] Received reward: -0.37550555
[NeuralNetworkInterface] Received reward signal: -0.37550555
[Agent] Making decision using full OHLCV data
[Agent] Price data: O=20.90103912 H=21.05116656 L=20.57576408 C=20.75091169 V=82289900.00000000
[Agent_Features] Generated 18 features for the latest tick.
[Agent] Exploration: Random action: SELL
[Portfolio] Logged Trade: SELL 13.28256683 BAC @ 20.75. New Cash: 5228.07, New Coins: 252.36876969
[Agent] Received reward: -0.37391452
[NeuralNetworkInterface] Received reward signal: -0.37391452
[Agent] Making decision using full OHLCV data
[Agent] Price data: O=20.98444176 H=21.08452724 L=20.78427239 C=20.89269687 V=57864000.00000000
[Agent_Features] Generated 18 features for the latest tick.
[Agent] Exploration: Random action: HOLD
[Agent] Received reward: 0.07000000
[NeuralNetworkInterface] Received reward signal: 0.07000000
[Agent] Making decision using full OHLCV data
[Agent] Price data: O=20.86767578 H=20.90937713 L=20.72588895 C=20.85933519 V=61446000.00000000
[Agent_Features] Generated 18 features for the latest tick.
[Agent] Exploration: Random action: SELL
[Portfolio] Logged Trade: SELL 12.61843848 BAC @ 20.86. New Cash: 5491.28, New Coins: 239.75033120
[Agent] Received reward: 0.35979503
[NeuralNetworkInterface] Received reward signal: 0.35979503
[Agent] Making decision using full OHLCV data
[Agent] Price data: O=20.65083122 H=20.91772378 L=20.50070376 C=20.80095868 V=62361700.00000000
[Agent_Features] Generated 18 features for the latest tick.
[Agent] Exploration: Random action: BUY
[Portfolio] Logged Trade: BUY 13.19958002 BAC @ 20.80. New Cash: 5216.71, New Coins: 252.94991123
[Agent] Received reward: -0.36543730
[NeuralNetworkInterface] Received reward signal: -0.36543730
[Agent] Making decision using full OHLCV data
[Agent] Price data: O=20.69253159 H=20.81763727 L=20.59244768 C=20.70921277 V=53012700.00000000
[Agent_Features] Generated 18 features for the latest tick.
[Agent] Exploration: Random action: HOLD
[Agent] Received reward: 0.07000000
[NeuralNetworkInterface] Received reward signal: 0.07000000
[Agent] Making decision using full OHLCV data
[Agent] Price data: O=21.19295120 H=21.38477997 L=21.00112243 C=21.10954690 V=92877400.00000000
[Agent_Features] Generated 18 features for the latest tick.
[Agent] Exploration: Random action: BUY
[Portfolio] Logged Trade: BUY 12.35629187 BAC @ 21.11. New Cash: 4955.88, New Coins: 265.30620310
[Agent] Received reward: 0.38872045
[NeuralNetworkInterface] Received reward signal: 0.38872045
[Agent] Making decision using full OHLCV data
[Agent] Price data: O=21.22631645 H=21.38478289 L=21.13457155 C=21.34308153 V=64991400.00000000
[Agent_Features] Generated 18 features for the latest tick.
[Agent] Exploration: Random action: SELL
[Portfolio] Logged Trade: SELL 13.26531015 BAC @ 21.34. New Cash: 5239.00, New Coins: 252.04089294
[Agent] Received reward: 0.37461848
[NeuralNetworkInterface] Received reward signal: 0.37461848
[Agent] Making decision using full OHLCV data
[Agent] Price data: O=21.13457489 H=21.25133999 L=21.10955312 C=21.19295744 V=66232600.00000000
[Agent_Features] Generated 18 features for the latest tick.
[Agent] Exploration: Random action: SELL
[Portfolio] Logged Trade: SELL 12.60204465 BAC @ 21.19. New Cash: 5506.08, New Coins: 239.43884829
[Agent] Received reward: -0.35688635
[NeuralNetworkInterface] Received reward signal: -0.35688635
[Agent] Making decision using full OHLCV data
[Agent] Price data: O=21.36810303 H=21.39312321 L=21.17627264 C=21.23465518 V=54001400.00000000
[Agent_Features] Generated 18 features for the latest tick.
[Agent] Exploration: Random action: HOLD
[Agent] Received reward: 0.07000000
[NeuralNetworkInterface] Received reward signal: 0.07000000
[Agent] Making decision using full OHLCV data
[Agent] Price data: O=21.56827354 H=21.62665609 L=21.36810415 C=21.47652864 V=55946900.00000000
[Agent_Features] Generated 18 features for the latest tick.
[Agent] Exploration: Random action: HOLD
[Agent] Received reward: 0.07000000
[NeuralNetworkInterface] Received reward signal: 0.07000000
[Agent] Making decision using full OHLCV data
[Agent] Price data: O=21.44317245 H=21.64334350 L=21.43483345 C=21.56827976 V=53402800.00000000
[Agent_Features] Generated 18 features for the latest tick.
[Agent] Exploration: Random action: BUY
[Portfolio] Logged Trade: BUY 12.76429086 BAC @ 21.57. New Cash: 5230.77, New Coins: 252.20313916
[Agent] Received reward: -0.36218145
[NeuralNetworkInterface] Received reward signal: -0.36218145
[Agent] Making decision using full OHLCV data
[Agent] Price data: O=21.79346657 H=21.87687089 L=21.40146830 C=21.49321322 V=62636900.00000000
[Agent_Features] Generated 18 features for the latest tick.
[Agent] Exploration: Random action: SELL
[Portfolio] Logged Trade: SELL 12.61015696 BAC @ 21.49. New Cash: 5501.80, New Coins: 239.59298220
[Agent] Received reward: -0.41519229
[NeuralNetworkInterface] Received reward signal: -0.41519229
[Agent] Making decision using full OHLCV data
[Agent] Price data: O=21.86019135 H=21.93525509 L=21.71840605 C=21.89355371 V=53900600.00000000
[Agent_Features] Generated 18 features for the latest tick.
[Agent] Exploration: Random action: BUY
[Portfolio] Logged Trade: BUY 12.56489694 BAC @ 21.89. New Cash: 5226.71, New Coins: 252.15787914
[Agent] Received reward: 0.35133313
[NeuralNetworkInterface] Received reward signal: 0.35133313
[Agent] Making decision using full OHLCV data
[Agent] Price data: O=21.55993652 H=21.91023342 L=21.48487279 C=21.90189283 V=55172500.00000000
[Agent_Features] Generated 18 features for the latest tick.
[Agent] Exploration: Random action: HOLD
[Agent] Received reward: 0.07000000
[NeuralNetworkInterface] Received reward signal: 0.07000000
[Agent] Making decision using full OHLCV data
[Agent] Price data: O=21.62665558 H=21.64333676 L=21.44316578 C=21.54325127 V=46133800.00000000
[Agent_Features] Generated 18 features for the latest tick.
[Agent] Exploration: Random action: SELL
[Portfolio] Logged Trade: SELL 12.60789396 BAC @ 21.54. New Cash: 5498.33, New Coins: 239.54998518
[Agent] Received reward: -0.36355015
[NeuralNetworkInterface] Received reward signal: -0.36355015
[Agent] Making decision using full OHLCV data
[Agent] Price data: O=21.54325104 H=21.62665535 L=21.39312360 C=21.62665535 V=51652300.00000000
[Agent_Features] Generated 18 features for the latest tick.
[Agent] Exploration: Random action: HOLD
[Agent] Received reward: 0.07000000
[NeuralNetworkInterface] Received reward signal: 0.07000000
[Agent] Making decision using full OHLCV data
[Agent] Price data: O=21.22631645 H=21.62665523 L=21.13457155 C=21.57661328 V=71770000.00000000
[Agent_Features] Generated 18 features for the latest tick.
[Agent] Exploration: Random action: HOLD
[Agent] Received reward: 0.07000000
[NeuralNetworkInterface] Received reward signal: 0.07000000
[Agent] Making decision using full OHLCV data
[Agent] Price data: O=21.54325104 H=21.68503789 L=20.95108346 C=21.16793244 V=104196900.00000000
[Agent_Features] Generated 18 features for the latest tick.
[Agent] Exploration: Random action: BUY
[Portfolio] Logged Trade: BUY 12.98740375 BAC @ 21.17. New Cash: 5223.41, New Coins: 252.53738893
[Agent] Received reward: 0.41757295
[NeuralNetworkInterface] Received reward signal: 0.41757295
[Agent] Making decision using full OHLCV data
[Agent] Price data: O=21.88520622 H=21.96026994 L=21.57661236 C=21.57661236 V=71927200.00000000
[Agent_Features] Generated 18 features for the latest tick.
[Agent] Exploration: Random action: HOLD
[Agent] Received reward: 0.07000000
[NeuralNetworkInterface] Received reward signal: 0.07000000
[Agent] Making decision using full OHLCV data
[Agent] Price data: O=21.85184860 H=22.04367742 L=21.77678488 C=21.99363547 V=48644400.00000000
[Agent_Features] Generated 18 features for the latest tick.
[Agent] Exploration: Random action: BUY
[Portfolio] Logged Trade: BUY 11.87482903 BAC @ 21.99. New Cash: 4962.24, New Coins: 264.41221795
[Agent] Received reward: -0.35398191
[NeuralNetworkInterface] Received reward signal: -0.35398191
[Agent] Making decision using full OHLCV data
[Agent] Price data: O=22.08537865 H=22.14376119 L=21.96027297 C=21.96861356 V=55382500.00000000
[Agent_Features] Generated 18 features for the latest tick.
[Agent] Exploration: Random action: SELL
[Portfolio] Logged Trade: SELL 13.22061090 BAC @ 21.97. New Cash: 5252.68, New Coins: 251.19160706
[Agent] Received reward: 0.36860187
[NeuralNetworkInterface] Received reward signal: 0.36860187
[Agent] Making decision using full OHLCV data
[Agent] Price data: O=22.16878891 H=22.17712950 L=21.81015136 C=21.85185433 V=54542700.00000000
[Agent_Features] Generated 18 features for the latest tick.
[Agent] Exploration: Random action: BUY
[Portfolio] Logged Trade: BUY 12.01884510 BAC @ 21.85. New Cash: 4990.05, New Coins: 263.21045216
[Agent] Received reward: 0.46221264
[NeuralNetworkInterface] Received reward signal: 0.46221264
[Agent] Making decision using full OHLCV data
[Agent] Price data: O=22.66086578 H=22.66920637 L=22.43567461 C=22.55244129 V=83764700.00000000
[Agent_Features] Generated 18 features for the latest tick.
[Agent] Exploration: Random action: HOLD
[Agent] Received reward: 0.07000000
[NeuralNetworkInterface] Received reward signal: 0.07000000
[Agent] Making decision using full OHLCV data
[Agent] Price data: O=22.65252304 H=22.87771419 L=22.59414050 C=22.70256499 V=69607700.00000000
[Agent_Features] Generated 18 features for the latest tick.
[Agent] Exploration: Random action: HOLD
[Agent] Received reward: 0.07000000
[NeuralNetworkInterface] Received reward signal: 0.07000000
[Agent] Making decision using full OHLCV data
[Agent] Price data: O=23.08622742 H=23.21967369 L=22.80265369 C=22.81099428 V=90346500.00000000
[Agent_Features] Generated 18 features for the latest tick.
[Agent] Exploration: Random action: SELL
[Portfolio] Logged Trade: SELL 13.16052261 BAC @ 22.81. New Cash: 5290.25, New Coins: 250.04992955
[Agent] Received reward: -0.41910389
[NeuralNetworkInterface] Received reward signal: -0.41910389
[Agent] Making decision using full OHLCV data
[Agent] Price data: O=23.04452324 H=23.28639559 L=22.80265248 C=23.26137382 V=81265300.00000000
[Agent_Features] Generated 18 features for the latest tick.
[Agent] Exploration: Random action: BUY
[Portfolio] Logged Trade: BUY 11.37132235 BAC @ 23.26. New Cash: 5025.74, New Coins: 261.42125190
[Agent] Received reward: -0.37509810
[NeuralNetworkInterface] Received reward signal: -0.37509810
[Agent] Making decision using full OHLCV data
[Agent] Price data: O=23.13627052 H=23.33643994 L=23.08622857 C=23.09456916 V=55342500.00000000
[Agent_Features] Generated 18 features for the latest tick.
[Agent] Exploration: Random action: HOLD
[Agent] Received reward: 0.07000000
[NeuralNetworkInterface] Received reward signal: 0.07000000
[Agent] Making decision using full OHLCV data
[Agent] Price data: O=23.18631363 H=23.31975991 L=23.03618775 C=23.08622971 V=58856700.00000000
[Agent_Features] Generated 18 features for the latest tick.
[Agent] Exploration: Random action: BUY
[Portfolio] Logged Trade: BUY 10.88471154 BAC @ 23.09. New Cash: 4774.45, New Coins: 272.30596345
[Agent] Received reward: -0.35379433
[NeuralNetworkInterface] Received reward signal: -0.35379433
[Agent] Making decision using full OHLCV data
[Agent] Price data: O=23.01950073 H=23.15294698 L=22.90273407 C=23.06120209 V=51357600.00000000
[Agent_Features] Generated 18 features for the latest tick.
[Agent] Exploration: Random action: SELL
[Portfolio] Logged Trade: SELL 13.61529817 BAC @ 23.06. New Cash: 5088.44, New Coins: 258.69066528
[Agent] Received reward: 0.35126538
[NeuralNetworkInterface] Received reward signal: 0.35126538
[Agent] Making decision using full OHLCV data
[Agent] Price data: O=22.84435463 H=23.11958776 L=22.80265327 C=23.05286463 V=50311200.00000000
[Agent_Features] Generated 18 features for the latest tick.
[Agent] Exploration: Random action: HOLD
[Agent] Received reward: 0.07000000
[NeuralNetworkInterface] Received reward signal: 0.07000000
[Agent] Making decision using full OHLCV data
[Agent] Price data: O=22.96112061 H=23.12792764 L=22.81933375 C=23.05286392 V=46527700.00000000
[Agent_Features] Generated 18 features for the latest tick.
[Agent] Exploration: Random action: BUY
[Portfolio] Logged Trade: BUY 11.03645350 BAC @ 23.05. New Cash: 4834.02, New Coins: 269.72711877
[Agent] Received reward: -0.36646134
[NeuralNetworkInterface] Received reward signal: -0.36646134
[Agent] Making decision using full OHLCV data
[Agent] Price data: O=23.24469566 H=23.30307821 L=22.75261193 C=22.94444075 V=59692000.00000000
[Agent_Features] Generated 18 features for the latest tick.
[Agent] Exploration: Random action: HOLD
[Agent] Received reward: 0.07000000
[NeuralNetworkInterface] Received reward signal: 0.07000000
[Agent] Making decision using full OHLCV data
[Agent] Price data: O=23.20298958 H=23.20298958 L=23.03618255 C=23.12792586 V=37816100.00000000
[Agent_Features] Generated 18 features for the latest tick.
[Agent] Exploration: Random action: BUY
[Portfolio] Logged Trade: BUY 10.45060284 BAC @ 23.13. New Cash: 4592.31, New Coins: 280.17772161
[Agent] Received reward: 0.35126285
[NeuralNetworkInterface] Received reward signal: 0.35126285
[Agent] Making decision using full OHLCV data
[Agent] Price data: O=23.14461136 H=23.20299391 L=23.03618685 C=23.13627077 V=37261000.00000000
[Agent_Features] Generated 18 features for the latest tick.
[Agent] Exploration: Random action: HOLD
[Agent] Received reward: 0.07000000
[NeuralNetworkInterface] Received reward signal: 0.07000000
[Agent] Making decision using full OHLCV data
[Agent] Price data: O=22.66920471 H=23.16128838 L=22.53575846 C=23.13626661 V=68342100.00000000
[Agent_Features] Generated 18 features for the latest tick.
[Agent] Exploration: Random action: BUY
[Portfolio] Logged Trade: BUY 9.92449357 BAC @ 23.14. New Cash: 4362.70, New Coins: 290.10221518
[Agent] Received reward: -0.44841370
[NeuralNetworkInterface] Received reward signal: -0.44841370
[Agent] Making decision using full OHLCV data
[Agent] Price data: O=22.34393120 H=22.48571646 L=22.09371826 C=22.48571646 V=83128200.00000000
[Agent_Features] Generated 18 features for the latest tick.
[Agent] Exploration: Random action: SELL
[Portfolio] Logged Trade: SELL 14.50511076 BAC @ 22.49. New Cash: 4688.86, New Coins: 275.59710442
[Agent] Received reward: 0.41101634
[NeuralNetworkInterface] Received reward signal: 0.41101634
[Agent] Making decision using full OHLCV data
[Agent] Price data: O=22.09371758 H=22.23550443 L=21.78512369 C=22.09371758 V=95448600.00000000
[Agent_Features] Generated 18 features for the latest tick.
[Agent] Exploration: Random action: BUY
[Portfolio] Logged Trade: BUY 10.61128949 BAC @ 22.09. New Cash: 4454.41, New Coins: 286.20839391
[Agent] Received reward: 0.36321206
[NeuralNetworkInterface] Received reward signal: 0.36321206
[Agent] Making decision using full OHLCV data
[Agent] Price data: O=22.11039543 H=22.30222420 L=22.06869249 C=22.17711855 V=61105300.00000000
[Agent_Features] Generated 18 features for the latest tick.
[Agent] Exploration: Random action: BUY
[Portfolio] Logged Trade: BUY 10.04281467 BAC @ 22.18. New Cash: 4231.69, New Coins: 296.25120858
[Agent] Received reward: -0.39343625
[NeuralNetworkInterface] Received reward signal: -0.39343625
[Agent] Making decision using full OHLCV data
[Agent] Price data: O=22.01865768 H=22.08538083 L=21.80180707 C=21.90189258 V=55902200.00000000
[Agent_Features] Generated 18 features for the latest tick.
[Agent] Exploration: Random action: HOLD
[Agent] Received reward: 0.07000000
[NeuralNetworkInterface] Received reward signal: 0.07000000
[Agent] Making decision using full OHLCV data
[Agent] Price data: O=21.88520622 H=21.97695112 L=21.75175997 C=21.90188740 V=61596800.00000000
[Agent_Features] Generated 18 features for the latest tick.
[Agent] Exploration: Random action: BUY
[Portfolio] Logged Trade: BUY 9.66056729 BAC @ 21.90. New Cash: 4020.11, New Coins: 305.91177587
[Agent] Received reward: -0.38598603
[NeuralNetworkInterface] Received reward signal: -0.38598603
[Agent] Making decision using full OHLCV data
[Agent] Price data: O=22.34393120 H=22.46069628 L=21.52657083 C=21.67669828 V=98274900.00000000
[Agent_Features] Generated 18 features for the latest tick.
[Agent] Exploration: Random action: BUY
[Portfolio] Logged Trade: BUY 9.27288010 BAC @ 21.68. New Cash: 3819.10, New Coins: 315.18465597
[Agent] Received reward: 0.47389401
[NeuralNetworkInterface] Received reward signal: 0.47389401
[Agent] Making decision using full OHLCV data
[Agent] Price data: O=22.31891060 H=22.56078137 L=22.30222942 C=22.44401628 V=54565200.00000000
[Agent_Features] Generated 18 features for the latest tick.
[Agent] Exploration: Random action: BUY
[Portfolio] Logged Trade: BUY 8.50806516 BAC @ 22.44. New Cash: 3628.15, New Coins: 323.69272112
[Agent] Received reward: -0.40202506
[NeuralNetworkInterface] Received reward signal: -0.40202506
[Agent] Making decision using full OHLCV data
[Agent] Price data: O=22.20214653 H=22.29388985 L=22.05201907 C=22.11040162 V=48420700.00000000
[Agent_Features] Generated 18 features for the latest tick.
[Agent] Exploration: Random action: SELL
[Portfolio] Logged Trade: SELL 16.18463606 BAC @ 22.11. New Cash: 3986.00, New Coins: 307.50808507
[Agent] Received reward: -0.38036500
[NeuralNetworkInterface] Received reward signal: -0.38036500
[Agent] Making decision using full OHLCV data
[Agent] Price data: O=22.30222511 H=22.38562942 L=22.13541810 C=22.30222511 V=46328800.00000000
[Agent_Features] Generated 18 features for the latest tick.
[Agent] Exploration: Random action: BUY
[Portfolio] Logged Trade: BUY 8.93632068 BAC @ 22.30. New Cash: 3786.70, New Coins: 316.44440574
[Agent] Received reward: 0.35785389
[NeuralNetworkInterface] Received reward signal: 0.35785389
[Agent] Making decision using full OHLCV data
[Agent] Price data: O=22.29388809 H=22.40231418 L=22.26052732 C=22.35227064 V=57749100.00000000
[Agent_Features] Generated 18 features for the latest tick.
[Agent] Exploration: Random action: SELL
[Portfolio] Logged Trade: SELL 15.82222029 BAC @ 22.35. New Cash: 4140.36, New Coins: 300.62218545
[Agent] Received reward: 0.35391827
[NeuralNetworkInterface] Received reward signal: 0.35391827
[Agent] Making decision using full OHLCV data
[Agent] Price data: O=22.23550224 H=22.43567162 L=22.17711971 C=22.32724714 V=38103200.00000000
[Agent_Features] Generated 18 features for the latest tick.
[Agent] Exploration: Random action: BUY
[Portfolio] Logged Trade: BUY 9.27198816 BAC @ 22.33. New Cash: 3933.34, New Coins: 309.89417362
[Agent] Received reward: -0.35653664
[NeuralNetworkInterface] Received reward signal: -0.35653664
[Agent] Making decision using full OHLCV data
[Agent] Price data: O=22.17712402 H=22.30222971 L=22.16044284 C=22.28554852 V=14273600.00000000
[Agent_Features] Generated 18 features for the latest tick.
[Agent] Exploration: Random action: BUY
[Portfolio] Logged Trade: BUY 8.82487018 BAC @ 22.29. New Cash: 3736.67, New Coins: 318.71904379
[Agent] Received reward: -0.37619746
[NeuralNetworkInterface] Received reward signal: -0.37619746
[Agent] Making decision using full OHLCV data
[Agent] Price data: O=22.17712402 H=22.45235716 L=22.11040089 C=22.11874148 V=44828600.00000000
[Agent_Features] Generated 18 features for the latest tick.
[Agent] Exploration: Random action: SELL
[Portfolio] Logged Trade: SELL 15.93595219 BAC @ 22.12. New Cash: 4089.16, New Coins: 302.78309160
[Agent] Received reward: -0.36319714
[NeuralNetworkInterface] Received reward signal: -0.36319714
[Agent] Making decision using full OHLCV data
[Agent] Price data: O=23.05286217 H=23.10290571 L=22.16043974 C=22.20214268 V=99765000.00000000
[Agent_Features] Generated 18 features for the latest tick.
[Agent] Exploration: Random action: BUY
[Portfolio] Logged Trade: BUY 9.20892556 BAC @ 22.20. New Cash: 3884.70, New Coins: 311.99201716
[Agent] Received reward: 0.53407269
[NeuralNetworkInterface] Received reward signal: 0.53407269
[Agent] Making decision using full OHLCV data
[Agent] Price data: O=23.58665276 H=23.76180040 L=23.21967470 C=23.36980216 V=119728400.00000000
[Agent_Features] Generated 18 features for the latest tick.
[Agent] Exploration: Random action: BUY
[Portfolio] Logged Trade: BUY 8.31136627 BAC @ 23.37. New Cash: 3690.46, New Coins: 320.30338343
[Agent] Received reward: 0.44018091
[NeuralNetworkInterface] Received reward signal: 0.44018091
[Agent] Making decision using full OHLCV data
[Agent] Price data: O=23.59502983 H=24.05570602 L=23.51964622 C=23.97194788 V=122131900.00000000
[Agent_Features] Generated 18 features for the latest tick.
[Agent] Exploration: Random action: SELL
[Portfolio] Logged Trade: SELL 16.01516917 BAC @ 23.97. New Cash: 4074.38, New Coins: 304.28821426
[Agent] Received reward: 0.39524826
[NeuralNetworkInterface] Received reward signal: 0.39524826
[Agent] Making decision using full OHLCV data
[Agent] Price data: O=23.53639793 H=23.87981144 L=23.03384108 C=23.66203675 V=137774800.00000000
[Agent_Features] Generated 18 features for the latest tick.
[Agent] Exploration: Random action: SELL
[Portfolio] Logged Trade: SELL 15.21441071 BAC @ 23.66. New Cash: 4434.38, New Coins: 289.07380355
[Agent] Received reward: -0.42433589
[NeuralNetworkInterface] Received reward signal: -0.42433589
[Agent] Making decision using full OHLCV data
[Agent] Price data: O=24.34048462 H=24.54988315 L=24.13946222 C=24.16459062 V=145661700.00000000
[Agent_Features] Generated 18 features for the latest tick.
[Agent] Exploration: Random action: SELL
[Portfolio] Logged Trade: SELL 14.45369018 BAC @ 24.16. New Cash: 4783.65, New Coins: 274.62011337
[Agent] Received reward: -0.38033037
[NeuralNetworkInterface] Received reward signal: -0.38033037
[Agent] Making decision using full OHLCV data
[Agent] Price data: O=24.23160553 H=24.54151455 L=24.16459804 C=24.37399664 V=91349800.00000000
[Agent_Features] Generated 18 features for the latest tick.
[Agent] Exploration: Random action: HOLD
[Agent] Received reward: 0.07000000
[NeuralNetworkInterface] Received reward signal: 0.07000000
[Agent] Making decision using full OHLCV data
[Agent] Price data: O=23.98869705 H=24.26510307 L=23.93006571 C=24.06408066 V=74593800.00000000
[Agent_Features] Generated 18 features for the latest tick.
[Agent] Exploration: Random action: HOLD
[Agent] Received reward: 0.07000000
[NeuralNetworkInterface] Received reward signal: 0.07000000
[Agent] Making decision using full OHLCV data
[Agent] Price data: O=24.10595894 H=24.26510067 L=23.76254548 C=24.19809320 V=80706100.00000000
[Agent_Features] Generated 18 features for the latest tick.
[Agent] Exploration: Random action: BUY
[Portfolio] Logged Trade: BUY 9.88435521 BAC @ 24.20. New Cash: 4544.47, New Coins: 284.50446858
[Agent] Received reward: 0.36574971
[NeuralNetworkInterface] Received reward signal: 0.36574971
[Agent] Making decision using full OHLCV data
[Agent] Price data: O=24.33210945 H=24.36561398 L=24.08920798 C=24.30698265 V=60991300.00000000
[Agent_Features] Generated 18 features for the latest tick.
[Agent] Exploration: Random action: BUY
[Portfolio] Logged Trade: BUY 9.34807189 BAC @ 24.31. New Cash: 4317.25, New Coins: 293.85254047
[Agent] Received reward: 0.35120606
[NeuralNetworkInterface] Received reward signal: 0.35120606
[Agent] Making decision using full OHLCV data
[Agent] Price data: O=24.23997498 H=24.43262125 L=24.20647044 C=24.31535858 V=54001900.00000000
[Agent_Features] Generated 18 features for the latest tick.
[Agent] Exploration: Random action: BUY
[Portfolio] Logged Trade: BUY 8.87760917 BAC @ 24.32. New Cash: 4101.38, New Coins: 302.73014963
[Agent] Received reward: 0.38496342
[NeuralNetworkInterface] Received reward signal: 0.38496342
[Agent] Making decision using full OHLCV data
[Agent] Price data: O=24.55825806 H=24.70902525 L=24.21484461 C=24.55825806 V=76017200.00000000
[Agent_Features] Generated 18 features for the latest tick.
[Agent] Exploration: Random action: BUY
[Portfolio] Logged Trade: BUY 8.35031284 BAC @ 24.56. New Cash: 3896.31, New Coins: 311.08046247
[Agent] Received reward: -0.35119368
[NeuralNetworkInterface] Received reward signal: -0.35119368
[Agent] Making decision using full OHLCV data
[Agent] Price data: O=24.15621376 H=24.65877054 L=24.14783763 C=24.54988241 V=79980600.00000000
[Agent_Features] Generated 18 features for the latest tick.
[Agent] Exploration: Random action: BUY
[Portfolio] Logged Trade: BUY 7.93550362 BAC @ 24.55. New Cash: 3701.50, New Coins: 319.01596610
[Agent] Received reward: -0.37985364
[NeuralNetworkInterface] Received reward signal: -0.37985364
[Agent] Making decision using full OHLCV data
[Agent] Price data: O=24.06407547 H=24.44099341 L=24.04732321 C=24.34048143 V=60615800.00000000
[Agent_Features] Generated 18 features for the latest tick.
[Agent] Exploration: Random action: BUY
[Portfolio] Logged Trade: BUY 7.60358406 BAC @ 24.34. New Cash: 3516.42, New Coins: 326.61955016
[Agent] Received reward: -0.36806579
[NeuralNetworkInterface] Received reward signal: -0.36806579
[Agent] Making decision using full OHLCV data
[Agent] Price data: O=24.32373238 H=24.44099503 L=24.07245320 C=24.21484425 V=129859400.00000000
[Agent_Features] Generated 18 features for the latest tick.
[Agent] Exploration: Random action: SELL
[Portfolio] Logged Trade: SELL 16.33097751 BAC @ 24.21. New Cash: 3911.88, New Coins: 310.28857265
[Agent] Received reward: -0.39600546
[NeuralNetworkInterface] Received reward signal: -0.39600546
[Agent] Making decision using full OHLCV data
[Agent] Price data: O=24.69227600 H=24.70902827 L=24.51638199 C=24.53313426 V=70548600.00000000
[Agent_Features] Generated 18 features for the latest tick.
[Agent] Exploration: Random action: HOLD
[Agent] Received reward: 0.07000000
[NeuralNetworkInterface] Received reward signal: 0.07000000
[Agent] Making decision using full OHLCV data
[Agent] Price data: O=24.66714859 H=24.82629033 L=24.60014112 C=24.79278739 V=67984100.00000000
[Agent_Features] Generated 18 features for the latest tick.
[Agent] Exploration: Random action: HOLD
[Agent] Received reward: 0.07000000
[NeuralNetworkInterface] Received reward signal: 0.07000000
[Agent] Making decision using full OHLCV data
[Agent] Price data: O=24.69227600 H=24.99381042 L=24.66714920 C=24.92680295 V=81271200.00000000
[Agent_Features] Generated 18 features for the latest tick.
[Agent] Exploration: Random action: BUY
[Portfolio] Logged Trade: BUY 7.84672451 BAC @ 24.93. New Cash: 3716.28, New Coins: 318.13529717
[Agent] Received reward: -0.36999325
[NeuralNetworkInterface] Received reward signal: -0.36999325
[Agent] Making decision using full OHLCV data
[Agent] Price data: O=24.97705841 H=25.11107335 L=24.77603600 C=24.78441213 V=72953200.00000000
[Agent_Features] Generated 18 features for the latest tick.
[Agent] Exploration: Random action: SELL
[Portfolio] Logged Trade: SELL 15.90676486 BAC @ 24.78. New Cash: 4110.52, New Coins: 302.22853231
[Agent] Received reward: -0.39612951
[NeuralNetworkInterface] Received reward signal: -0.39612951
[Agent] Making decision using full OHLCV data
[Agent] Price data: O=25.02730751 H=25.15294789 L=24.80953448 C=25.11106723 V=54203000.00000000
[Agent_Features] Generated 18 features for the latest tick.
[Agent] Exploration: Random action: SELL
[Portfolio] Logged Trade: SELL 15.11142662 BAC @ 25.11. New Cash: 4489.99, New Coins: 287.11710569
[Agent] Received reward: 0.37801829
[NeuralNetworkInterface] Received reward signal: 0.37801829
[Agent] Making decision using full OHLCV data
[Agent] Price data: O=24.94355202 H=25.07756694 L=24.77603256 C=24.91004749 V=42371200.00000000
[Agent_Features] Generated 18 features for the latest tick.
[Agent] Exploration: Random action: SELL
[Portfolio] Logged Trade: SELL 14.35585528 BAC @ 24.91. New Cash: 4847.59, New Coins: 272.76125041
[Agent] Received reward: 0.35941505
[NeuralNetworkInterface] Received reward signal: 0.35941505
[Agent] Making decision using full OHLCV data
[Agent] Price data: O=24.90167046 H=24.90167046 L=24.79278393 C=24.84303913 V=35111800.00000000
[Agent_Features] Generated 18 features for the latest tick.
[Agent] Exploration: Random action: SELL
[Portfolio] Logged Trade: SELL 13.63806252 BAC @ 24.84. New Cash: 5186.40, New Coins: 259.12318789
[Agent] Received reward: -0.35825979
[NeuralNetworkInterface] Received reward signal: -0.35825979
[Agent] Making decision using full OHLCV data
[Agent] Price data: O=24.96029854 H=24.97705080 L=24.84303590 C=24.90166722 V=37914900.00000000
[Agent_Features] Generated 18 features for the latest tick.
[Agent] Exploration: Random action: HOLD
[Agent] Received reward: 0.07000000
[NeuralNetworkInterface] Received reward signal: 0.07000000
[Agent] Making decision using full OHLCV data
[Agent] Price data: O=24.72578049 H=25.02731330 L=24.72578049 C=25.00218650 V=40672000.00000000
[Agent_Features] Generated 18 features for the latest tick.
[Agent] Exploration: Random action: SELL
[Portfolio] Logged Trade: SELL 12.95615939 BAC @ 25.00. New Cash: 5510.33, New Coins: 246.16702849
[Agent] Received reward: 0.36172562
[NeuralNetworkInterface] Received reward signal: 0.36172562
[Agent] Making decision using full OHLCV data
[Agent] Price data: O=25.04406357 H=25.04406357 L=24.80116211 C=24.91842477 V=57121600.00000000
[Agent_Features] Generated 18 features for the latest tick.
[Agent] Exploration: Random action: SELL
[Portfolio] Logged Trade: SELL 12.30835142 BAC @ 24.92. New Cash: 5817.04, New Coins: 233.85867707
[Agent] Received reward: -0.36764627
[NeuralNetworkInterface] Received reward signal: -0.36764627
[Agent] Making decision using full OHLCV data
[Agent] Price data: O=24.96029854 H=25.07756278 L=24.86816429 C=25.04405825 V=57865700.00000000
[Agent_Features] Generated 18 features for the latest tick.
[Agent] Exploration: Random action: BUY
[Portfolio] Logged Trade: BUY 11.61360944 BAC @ 25.04. New Cash: 5526.19, New Coins: 245.47228651
[Agent] Received reward: 0.35819491
[NeuralNetworkInterface] Received reward signal: 0.35819491
[Agent] Making decision using full OHLCV data
[Agent] Price data: O=25.28696823 H=25.49636677 L=25.02731289 C=25.10269649 V=76512500.00000000
[Agent_Features] Generated 18 features for the latest tick.
[Agent] Exploration: Random action: HOLD
[Agent] Received reward: 0.07000000
[NeuralNetworkInterface] Received reward signal: 0.07000000
[Agent] Making decision using full OHLCV data
[Agent] Price data: O=25.40423012 H=25.47961372 L=25.16970318 C=25.43773465 V=56445200.00000000
[Agent_Features] Generated 18 features for the latest tick.
[Agent] Exploration: Random action: SELL
[Portfolio] Logged Trade: SELL 12.27361433 BAC @ 25.44. New Cash: 5838.40, New Coins: 233.19867218
[Agent] Received reward: 0.36613420
[NeuralNetworkInterface] Received reward signal: 0.36613420
[Agent] Making decision using full OHLCV data
[Agent] Price data: O=25.22833824 H=25.35397705 L=25.16970531 C=25.32047252 V=42914800.00000000
[Agent_Features] Generated 18 features for the latest tick.
[Agent] Exploration: Random action: BUY
[Portfolio] Logged Trade: BUY 11.52900929 BAC @ 25.32. New Cash: 5546.48, New Coins: 244.72768147
[Agent] Received reward: -0.35347295
[NeuralNetworkInterface] Received reward signal: -0.35347295
[Agent] Making decision using full OHLCV data
[Agent] Price data: O=25.35397911 H=25.58012995 L=25.23671483 C=25.29534777 V=69479100.00000000
[Agent_Features] Generated 18 features for the latest tick.
[Agent] Exploration: Random action: HOLD
[Agent] Received reward: 0.07000000
[NeuralNetworkInterface] Received reward signal: 0.07000000
[Agent] Making decision using full OHLCV data
[Agent] Price data: O=25.58849907 H=25.73926626 L=25.38747668 C=25.43773347 V=63532800.00000000
[Agent_Features] Generated 18 features for the latest tick.
[Agent] Exploration: Random action: SELL
[Portfolio] Logged Trade: SELL 12.23638407 BAC @ 25.44. New Cash: 5857.75, New Coins: 232.49129740
[Agent] Received reward: -0.38342110
[NeuralNetworkInterface] Received reward signal: -0.38342110
[Agent] Making decision using full OHLCV data
[Agent] Price data: O=25.68063545 H=25.70576385 L=25.50474145 C=25.68063545 V=59318300.00000000
[Agent_Features] Generated 18 features for the latest tick.
[Agent] Exploration: Random action: BUY
[Portfolio] Logged Trade: BUY 11.40498486 BAC @ 25.68. New Cash: 5564.86, New Coins: 243.89628226
[Agent] Received reward: 0.37511413
[NeuralNetworkInterface] Received reward signal: 0.37511413
[Agent] Making decision using full OHLCV data
[Agent] Price data: O=26.12456131 H=26.13293744 L=25.77277171 C=25.86490598 V=66371600.00000000
[Agent_Features] Generated 18 features for the latest tick.
[Agent] Exploration: Random action: HOLD
[Agent] Received reward: -0.10500000
[NeuralNetworkInterface] Received reward signal: -0.10500000
[Agent] Making decision using full OHLCV data
[Agent] Price data: O=26.16643906 H=26.62711676 L=25.99054507 C=26.58523610 V=104467900.00000000
[Agent_Features] Generated 18 features for the latest tick.
[Agent] Exploration: Random action: SELL
[Portfolio] Logged Trade: SELL 12.19481411 BAC @ 26.59. New Cash: 5889.06, New Coins: 231.70146815
[Agent] Received reward: 0.43160018
[NeuralNetworkInterface] Received reward signal: 0.43160018
[Agent] Making decision using full OHLCV data
[Agent] Price data: O=26.11618614 H=26.20832201 L=25.41260692 C=25.96541894 V=124382900.00000000
[Agent_Features] Generated 18 features for the latest tick.
[Agent] Exploration: Random action: SELL
[Portfolio] Logged Trade: SELL 11.58507341 BAC @ 25.97. New Cash: 6189.87, New Coins: 220.11639474
[Agent] Received reward: -0.38725733
[NeuralNetworkInterface] Received reward signal: -0.38725733
[Agent] Making decision using full OHLCV data
[Agent] Price data: O=26.36745834 H=26.56010458 L=26.14130758 C=26.24181956 V=76463800.00000000
[Agent_Features] Generated 18 features for the latest tick.
[Agent] Exploration: Random action: BUY
[Portfolio] Logged Trade: BUY 11.79390628 BAC @ 26.24. New Cash: 5880.38, New Coins: 231.91030102
[Agent] Received reward: 0.37792911
[NeuralNetworkInterface] Received reward signal: 0.37792911
[Agent] Making decision using full OHLCV data
[Agent] Price data: O=26.56848526 H=26.58523753 L=26.35071059 C=26.45122259 V=66491000.00000000
[Agent_Features] Generated 18 features for the latest tick.
[Agent] Exploration: Random action: SELL
[Portfolio] Logged Trade: SELL 11.59551505 BAC @ 26.45. New Cash: 6187.09, New Coins: 220.31478597
[Agent] Received reward: -0.35997482
[NeuralNetworkInterface] Received reward signal: -0.35997482
[Agent] Making decision using full OHLCV data
[Agent] Price data: O=26.75275803 H=26.75275803 L=26.45122362 C=26.52660722 V=53848800.00000000
[Agent_Features] Generated 18 features for the latest tick.
[Agent] Exploration: Random action: SELL
[Portfolio] Logged Trade: SELL 11.01573930 BAC @ 26.53. New Cash: 6479.30, New Coins: 209.29904667
[Agent] Received reward: -0.37099735
[NeuralNetworkInterface] Received reward signal: -0.37099735
[Agent] Making decision using full OHLCV data
[Agent] Price data: O=26.73600197 H=26.91189755 L=26.62711545 C=26.68574677 V=56531400.00000000
[Agent_Features] Generated 18 features for the latest tick.
[Agent] Exploration: Random action: BUY
[Portfolio] Logged Trade: BUY 12.14000763 BAC @ 26.69. New Cash: 6155.34, New Coins: 221.43905430
[Agent] Received reward: 0.36647786
[NeuralNetworkInterface] Received reward signal: 0.36647786
[Agent] Making decision using full OHLCV data
[Agent] Price data: O=26.87839127 H=26.97890165 L=26.65224051 C=26.81138221 V=81585000.00000000
[Agent_Features] Generated 18 features for the latest tick.
[Agent] Exploration: Random action: BUY
[Portfolio] Logged Trade: BUY 11.47896474 BAC @ 26.81. New Cash: 5847.57, New Coins: 232.91801903
[Agent] Received reward: 0.37514876
[NeuralNetworkInterface] Received reward signal: 0.37514876
[Agent] Making decision using full OHLCV data
[Agent] Price data: O=26.87839127 H=27.01240618 L=26.74437636 C=27.00403164 V=62265800.00000000
[Agent_Features] Generated 18 features for the latest tick.
[Agent] Exploration: Random action: BUY
[Portfolio] Logged Trade: BUY 10.82721903 BAC @ 27.00. New Cash: 5555.19, New Coins: 243.74523807
[Agent] Received reward: -0.36411221
[NeuralNetworkInterface] Received reward signal: -0.36411221
[Agent] Making decision using full OHLCV data
[Agent] Price data: O=26.97053337 H=26.97053337 L=26.76113482 C=26.89514977 V=52699900.00000000
[Agent_Features] Generated 18 features for the latest tick.
[Agent] Exploration: Random action: SELL
[Portfolio] Logged Trade: SELL 12.18726190 BAC @ 26.90. New Cash: 5882.97, New Coins: 231.55797616
[Agent] Received reward: -0.36525964
[NeuralNetworkInterface] Received reward signal: -0.36525964
[Agent] Making decision using full OHLCV data
[Agent] Price data: O=27.03753662 H=27.17992928 L=26.95377849 C=27.01240982 V=59126500.00000000
[Agent_Features] Generated 18 features for the latest tick.
[Agent] Exploration: Random action: BUY
[Portfolio] Logged Trade: BUY 10.88938569 BAC @ 27.01. New Cash: 5588.82, New Coins: 242.44736185
[Agent] Received reward: -0.38255805
[NeuralNetworkInterface] Received reward signal: -0.38255805
[Agent] Making decision using full OHLCV data
[Agent] Price data: O=26.70249939 H=26.97053085 L=26.67737259 C=26.76113232 V=60555800.00000000
[Agent_Features] Generated 18 features for the latest tick.
[Agent] Exploration: Random action: BUY
[Portfolio] Logged Trade: BUY 10.44205148 BAC @ 26.76. New Cash: 5309.38, New Coins: 252.88941333
[Agent] Received reward: 0.36095414
[NeuralNetworkInterface] Received reward signal: 0.36095414
[Agent] Making decision using full OHLCV data
[Agent] Price data: O=26.80300903 H=27.04591207 L=26.76112997 C=26.84488810 V=65734100.00000000
[Agent_Features] Generated 18 features for the latest tick.
[Agent] Exploration: Random action: HOLD
[Agent] Received reward: 0.07000000
[NeuralNetworkInterface] Received reward signal: 0.07000000
[Agent] Making decision using full OHLCV data
[Agent] Price data: O=27.22180557 H=27.22180557 L=26.76950404 C=26.80300856 V=62367400.00000000
[Agent_Features] Generated 18 features for the latest tick.
[Agent] Exploration: Random action: BUY
[Portfolio] Logged Trade: BUY 9.90445027 BAC @ 26.80. New Cash: 5043.91, New Coins: 262.79386360
[Agent] Received reward: 0.39812509
[NeuralNetworkInterface] Received reward signal: 0.39812509
[Agent] Making decision using full OHLCV data
[Agent] Price data: O=26.76113129 H=27.36419685 L=26.68574769 C=27.17155059 V=96971900.00000000
[Agent_Features] Generated 18 features for the latest tick.
[Agent] Exploration: Random action: HOLD
[Agent] Received reward: -0.10500000
[NeuralNetworkInterface] Received reward signal: -0.10500000
[Agent] Making decision using full OHLCV data
[Agent] Price data: O=25.34559441 H=26.78625550 L=24.41586456 C=26.06592575 V=155908300.00000000
[Agent_Features] Generated 18 features for the latest tick.
[Agent] Exploration: Random action: SELL
[Portfolio] Logged Trade: SELL 13.13969318 BAC @ 26.07. New Cash: 5386.41, New Coins: 249.65417042
[Agent] Received reward: 0.54231950
[NeuralNetworkInterface] Received reward signal: 0.54231950
[Agent] Making decision using full OHLCV data
[Agent] Price data: O=26.13293839 H=26.20832199 L=24.54150821 C=24.63364407 V=165878400.00000000
[Agent_Features] Generated 18 features for the latest tick.
[Agent] Exploration: Random action: SELL
[Portfolio] Logged Trade: SELL 12.48270852 BAC @ 24.63. New Cash: 5693.91, New Coins: 237.17146190
[Agent] Received reward: -0.55350187
[NeuralNetworkInterface] Received reward signal: -0.55350187
[Agent] Making decision using full OHLCV data
[Agent] Price data: O=26.17481422 H=26.58523512 L=25.84815305 C=26.06592770 V=101180500.00000000
[Agent_Features] Generated 18 features for the latest tick.
[Agent] Exploration: Random action: SELL
[Portfolio] Logged Trade: SELL 11.85857310 BAC @ 26.07. New Cash: 6003.01, New Coins: 225.31288881
[Agent] Received reward: -0.37136881
[NeuralNetworkInterface] Received reward signal: -0.37136881
[Agent] Making decision using full OHLCV data
[Agent] Price data: O=24.91004753 H=26.28370130 L=24.90167140 C=26.22506997 V=128981300.00000000
[Agent_Features] Generated 18 features for the latest tick.
[Agent] Exploration: Random action: SELL
[Portfolio] Logged Trade: SELL 11.26564444 BAC @ 26.23. New Cash: 6298.45, New Coins: 214.04724436
[Agent] Received reward: 0.47743500
[NeuralNetworkInterface] Received reward signal: 0.47743500
[Agent] Making decision using full OHLCV data
[Agent] Price data: O=25.40423012 H=25.63875705 L=24.39911651 C=25.27021518 V=143071100.00000000
[Agent_Features] Generated 18 features for the latest tick.
[Agent] Exploration: Random action: SELL
[Portfolio] Logged Trade: SELL 10.70236222 BAC @ 25.27. New Cash: 6568.90, New Coins: 203.34488215
[Agent] Received reward: -0.40220519
[NeuralNetworkInterface] Received reward signal: -0.40220519
[Agent] Making decision using full OHLCV data
[Agent] Price data: O=26.06593704 H=26.33396698 L=25.58013238 C=25.64713986 V=95055100.00000000
[Agent_Features] Generated 18 features for the latest tick.
[Agent] Exploration: Random action: HOLD
[Agent] Received reward: 0.07000000
[NeuralNetworkInterface] Received reward signal: 0.07000000
[Agent] Making decision using full OHLCV data
[Agent] Price data: O=26.11618614 H=26.30045628 L=25.76439653 C=25.99892347 V=76727300.00000000
[Agent_Features] Generated 18 features for the latest tick.
[Agent] Exploration: Random action: HOLD
[Agent] Received reward: 0.07000000
[NeuralNetworkInterface] Received reward signal: 0.07000000
[Agent] Making decision using full OHLCV data
[Agent] Price data: O=26.80300903 H=26.82813583 L=26.01567020 C=26.10780605 V=97251500.00000000
[Agent_Features] Generated 18 features for the latest tick.
[Agent] Exploration: Random action: HOLD
[Agent] Received reward: -0.10500000
[NeuralNetworkInterface] Received reward signal: -0.10500000
[Agent] Making decision using full OHLCV data
[Agent] Price data: O=26.97890091 H=27.19667713 L=26.69412043 C=27.12966808 V=68117400.00000000
[Agent_Features] Generated 18 features for the latest tick.
[Agent] Exploration: Random action: HOLD
[Agent] Received reward: 0.00000000
[NeuralNetworkInterface] Received reward signal: 0.00000000
[Simulation] Simulation run finished. Ticks processed in this run: 221

Simulation Finished in 0.03 seconds.
--------------------
  Final Portfolio  
--------------------
Cash:      $6568.90
Asset:     203.3449 BAC
Total Value: $12085.58
--------------------
[Simulation] Simulation destroyed.
[AutonomousTradingAgent] Agent destroyed
[NeuralNetworkInterface] Destructor called.
[Portfolio] Destroyed for asset: BAC. Final cash: 6568.90, Final assets: 203.34
