Loading data from training_run_20250621_153613/data/PEP_1d_20170214_to_20180818.csv...
Loaded 182 data points.
[Portfolio] Initialized for asset: PEP with initial cash: 10000.00. Initial Portfolio Value: 10000.00
[NeuralNetworkInterface] Constructor called.
[NeuralNetworkInterface] Initializing...
Warning: NN model path is empty. Initializing in a mock state.
[NeuralNetworkInterface] Initialized successfully.
[AutonomousTradingAgent] Agent initialized for PEP without API client (CSV mode).
[Simulation] Initialized with 182 data points.
[Simulation] API client is NULL (offline/CSV mode).

Starting Simulation for PEP...
[Simulation] Starting simulation run...
[Agent] Making decision using full OHLCV data
[Agent] Price data: O=92.57 H=92.61 L=91.40 C=92.16 V=3600400.00
[Agent_Features] Generated 15 features for the latest tick.
[Agent] Exploration: Random action: HOLD
[Agent] Received reward: 0.07
[NeuralNetworkInterface] Received reward signal: 0.07
[Agent] Making decision using full OHLCV data
[Agent] Price data: O=92.62 H=93.05 L=92.19 C=92.62 V=3276300.00
[Agent_Features] Generated 17 features for the latest tick.
[Agent] Exploration: Random action: SELL
[Agent] Received reward: -0.36
[NeuralNetworkInterface] Received reward signal: -0.36
[Agent] Making decision using full OHLCV data
[Agent] Price data: O=93.01 H=93.56 L=92.66 C=93.01 V=5984000.00
[Agent_Features] Generated 17 features for the latest tick.
[Agent] Exploration: Random action: BUY
[Portfolio] Logged Trade: BUY 5.37583383 PEP @ 93.01. New Cash: 9500.00, New Coins: 5.37583383
[Agent] Received reward: -0.35060054
[NeuralNetworkInterface] Received reward signal: -0.35060054
[Agent] Making decision using full OHLCV data
[Agent] Price data: O=93.21636963 H=93.27224493 L=91.82746497 C=92.99286843 V=4956600.00000000
[Agent_Features] Generated 17 features for the latest tick.
[Agent] Exploration: Random action: HOLD
[Agent] Received reward: 0.07000000
[NeuralNetworkInterface] Received reward signal: 0.07000000
[Agent] Making decision using full OHLCV data
[Agent] Price data: O=93.75915527 H=94.34983785 L=93.08865172 C=93.39197388 V=4403000.00000000
[Agent_Features] Generated 18 features for the latest tick.
[Agent] Exploration: Random action: BUY
[Portfolio] Logged Trade: BUY 5.08609017 PEP @ 93.39. New Cash: 9025.00, New Coins: 10.46192400
[Agent] Received reward: 0.36884610
[NeuralNetworkInterface] Received reward signal: 0.36884610
[Agent] Making decision using full OHLCV data
[Agent] Price data: O=93.86292267 H=94.14230524 L=93.53565481 C=93.89485228 V=3198600.00000000
[Agent_Features] Generated 18 features for the latest tick.
[Agent] Exploration: Random action: HOLD
[Agent] Received reward: 0.07000000
[NeuralNetworkInterface] Received reward signal: 0.07000000
[Agent] Making decision using full OHLCV data
[Agent] Price data: O=94.90862274 H=94.91660667 L=93.90286104 C=94.05452521 V=3203500.00000000
[Agent_Features] Generated 18 features for the latest tick.
[Agent] Exploration: Random action: HOLD
[Agent] Received reward: 0.07000000
[NeuralNetworkInterface] Received reward signal: 0.07000000
[Agent] Making decision using full OHLCV data
[Agent] Price data: O=93.17646790 H=94.70106893 L=93.03278767 C=94.60528009 V=5409500.00000000
[Agent_Features] Generated 18 features for the latest tick.
[Agent] Exploration: Random action: SELL
[Portfolio] Logged Trade: SELL 0.52309620 PEP @ 94.61. New Cash: 9074.49, New Coins: 9.93882780
[Agent] Received reward: 0.40906224
[NeuralNetworkInterface] Received reward signal: 0.40906224
[Agent] Making decision using full OHLCV data
[Agent] Price data: O=93.04873657 H=93.07268226 L=92.51392930 C=93.00882304 V=3127500.00000000
[Agent_Features] Generated 18 features for the latest tick.
[Agent] Exploration: Random action: BUY
[Portfolio] Logged Trade: BUY 4.87829400 PEP @ 93.01. New Cash: 8620.76, New Coins: 14.81712180
[Agent] Received reward: -0.35570648
[NeuralNetworkInterface] Received reward signal: -0.35570648
[Agent] Making decision using full OHLCV data
[Agent] Price data: O=93.70329285 H=93.74320639 L=92.24254493 C=92.85717936 V=2429400.00000000
[Agent_Features] Generated 18 features for the latest tick.
[Agent] Exploration: Random action: SELL
[Portfolio] Logged Trade: SELL 0.74085609 PEP @ 92.86. New Cash: 8689.56, New Coins: 14.07626571
[Agent] Received reward: -0.40686365
[NeuralNetworkInterface] Received reward signal: -0.40686365
[Agent] Making decision using full OHLCV data
[Agent] Price data: O=93.71126556 H=94.48554189 L=93.48776437 C=94.36580737 V=2664600.00000000
[Agent_Features] Generated 18 features for the latest tick.
[Agent] Exploration: Random action: HOLD
[Agent] Received reward: 0.07000000
[NeuralNetworkInterface] Received reward signal: 0.07000000
[Agent] Making decision using full OHLCV data
[Agent] Price data: O=94.03055573 H=94.35782358 L=93.77512492 C=93.79907061 V=3193900.00000000
[Agent_Features] Generated 18 features for the latest tick.
[Agent] Exploration: Random action: SELL
[Portfolio] Logged Trade: SELL 0.70381329 PEP @ 93.80. New Cash: 8755.57, New Coins: 13.37245242
[Agent] Received reward: -0.36280751
[NeuralNetworkInterface] Received reward signal: -0.36280751
[Agent] Making decision using full OHLCV data
[Agent] Price data: O=94.20616150 H=94.66913174 L=93.97468247 C=94.14230836 V=4057800.00000000
[Agent_Features] Generated 18 features for the latest tick.
[Agent] Exploration: Random action: SELL
[Portfolio] Logged Trade: SELL 0.66862262 PEP @ 94.14. New Cash: 8818.52, New Coins: 12.70382980
[Agent] Received reward: -0.36869616
[NeuralNetworkInterface] Received reward signal: -0.36869616
[Agent] Making decision using full OHLCV data
[Agent] Price data: O=95.16403961 H=95.27579022 L=94.54940519 C=94.64519403 V=7173500.00000000
[Agent_Features] Generated 18 features for the latest tick.
[Agent] Exploration: Random action: SELL
[Portfolio] Logged Trade: SELL 0.63519149 PEP @ 94.65. New Cash: 8878.64, New Coins: 12.06863831
[Agent] Received reward: -0.37154842
[NeuralNetworkInterface] Received reward signal: -0.37154842
[Agent] Making decision using full OHLCV data
[Agent] Price data: O=94.23011780 H=95.57910895 L=94.19020426 C=95.22789539 V=3472700.00000000
[Agent_Features] Generated 18 features for the latest tick.
[Agent] Exploration: Random action: BUY
[Portfolio] Logged Trade: BUY 4.66178402 PEP @ 95.23. New Cash: 8434.71, New Coins: 16.73042233
[Agent] Received reward: -0.36613574
[NeuralNetworkInterface] Received reward signal: -0.36613574
[Agent] Making decision using full OHLCV data
[Agent] Price data: O=94.67712402 H=95.29973629 L=94.37380182 C=94.78887463 V=3942500.00000000
[Agent_Features] Generated 18 features for the latest tick.
[Agent] Exploration: Random action: BUY
[Portfolio] Logged Trade: BUY 4.44920660 PEP @ 94.79. New Cash: 8012.97, New Coins: 21.17962893
[Agent] Received reward: -0.35265243
[NeuralNetworkInterface] Received reward signal: -0.35265243
[Agent] Making decision using full OHLCV data
[Agent] Price data: O=95.00439453 H=95.08422162 L=93.83899096 C=94.71704017 V=4273400.00000000
[Agent_Features] Generated 18 features for the latest tick.
[Agent] Exploration: Random action: SELL
[Portfolio] Logged Trade: SELL 1.05898145 PEP @ 94.72. New Cash: 8113.27, New Coins: 20.12064748
[Agent] Received reward: -0.37330113
[NeuralNetworkInterface] Received reward signal: -0.37330113
[Agent] Making decision using full OHLCV data
[Agent] Price data: O=94.39773560 H=95.44340447 L=94.06247773 C=95.34761564 V=2790000.00000000
[Agent_Features] Generated 18 features for the latest tick.
[Agent] Exploration: Random action: HOLD
[Agent] Received reward: 0.07000000
[NeuralNetworkInterface] Received reward signal: 0.07000000
[Agent] Making decision using full OHLCV data
[Agent] Price data: O=94.66912842 H=94.78886294 L=94.32589271 C=94.66912842 V=2045600.00000000
[Agent_Features] Generated 18 features for the latest tick.
[Agent] Exploration: Random action: BUY
[Portfolio] Logged Trade: BUY 4.28506852 PEP @ 94.67. New Cash: 7707.61, New Coins: 24.40571600
[Agent] Received reward: -0.35560727
[NeuralNetworkInterface] Received reward signal: -0.35560727
[Agent] Making decision using full OHLCV data
[Agent] Price data: O=94.90060425 H=95.17998070 L=94.51746113 C=94.51746113 V=2156300.00000000
[Agent_Features] Generated 18 features for the latest tick.
[Agent] Exploration: Random action: BUY
[Portfolio] Logged Trade: BUY 4.07734732 PEP @ 94.52. New Cash: 7322.23, New Coins: 28.48306332
[Agent] Received reward: 0.36359752
[NeuralNetworkInterface] Received reward signal: 0.36359752
[Agent] Making decision using full OHLCV data
[Agent] Price data: O=95.22789764 H=95.30771863 L=94.82878660 C=94.88466190 V=2465100.00000000
[Agent_Features] Generated 18 features for the latest tick.
[Agent] Exploration: Random action: BUY
[Portfolio] Logged Trade: BUY 3.85848970 PEP @ 94.88. New Cash: 6956.12, New Coins: 32.34155303
[Agent] Received reward: 0.36354397
[NeuralNetworkInterface] Received reward signal: 0.36354397
[Agent] Making decision using full OHLCV data
[Agent] Price data: O=95.26779938 H=95.41147959 L=95.02833642 C=95.25183762 V=1999300.00000000
[Agent_Features] Generated 18 features for the latest tick.
[Agent] Exploration: Random action: BUY
[Portfolio] Logged Trade: BUY 3.65143524 PEP @ 95.25. New Cash: 6608.31, New Coins: 35.99298826
[Agent] Received reward: 0.35381288
[NeuralNetworkInterface] Received reward signal: 0.35381288
[Agent] Making decision using full OHLCV data
[Agent] Price data: O=95.72278595 H=96.24163150 L=95.32367493 C=95.35560454 V=3116400.00000000
[Agent_Features] Generated 18 features for the latest tick.
[Agent] Exploration: Random action: BUY
[Portfolio] Logged Trade: BUY 3.46508862 PEP @ 95.36. New Cash: 6277.90, New Coins: 39.45807689
[Agent] Received reward: 0.36376941
[NeuralNetworkInterface] Received reward signal: 0.36376941
[Agent] Making decision using full OHLCV data
[Agent] Price data: O=94.23806763 H=95.93030010 L=94.13430098 C=95.73074465 V=4165800.00000000
[Agent_Features] Generated 18 features for the latest tick.
[Agent] Exploration: Random action: SELL
[Portfolio] Logged Trade: SELL 1.97290384 PEP @ 95.73. New Cash: 6466.76, New Coins: 37.48517304
[Agent] Received reward: 0.40894946
[NeuralNetworkInterface] Received reward signal: 0.40894946
[Agent] Making decision using full OHLCV data
[Agent] Price data: O=93.99066162 H=94.56538256 L=93.90285669 C=94.11838009 V=4224000.00000000
[Agent_Features] Generated 18 features for the latest tick.
[Agent] Exploration: Random action: HOLD
[Agent] Received reward: 0.07000000
[NeuralNetworkInterface] Received reward signal: 0.07000000
[Agent] Making decision using full OHLCV data
[Agent] Price data: O=94.45360565 H=95.07621780 L=93.87090094 C=94.03054899 V=3147000.00000000
[Agent_Features] Generated 18 features for the latest tick.
[Agent] Exploration: Random action: BUY
[Portfolio] Logged Trade: BUY 3.43865074 PEP @ 94.03. New Cash: 6143.43, New Coins: 40.92382379
[Agent] Received reward: 0.36812425
[NeuralNetworkInterface] Received reward signal: 0.36812425
[Agent] Making decision using full OHLCV data
[Agent] Price data: O=94.72500610 H=95.06025789 L=94.38975432 C=94.51747276 V=2714200.00000000
[Agent_Features] Generated 18 features for the latest tick.
[Agent] Exploration: Random action: HOLD
[Agent] Received reward: 0.07000000
[NeuralNetworkInterface] Received reward signal: 0.07000000
[Agent] Making decision using full OHLCV data
[Agent] Price data: O=94.18222046 H=94.78088701 L=93.92678964 C=94.35783029 V=5730400.00000000
[Agent_Features] Generated 18 features for the latest tick.
[Agent] Exploration: Random action: BUY
[Portfolio] Logged Trade: BUY 3.25538755 PEP @ 94.36. New Cash: 5836.25, New Coins: 44.17921134
[Agent] Received reward: 0.35148033
[NeuralNetworkInterface] Received reward signal: 0.35148033
[Agent] Making decision using full OHLCV data
[Agent] Price data: O=94.25405884 H=94.97245988 L=94.15028608 C=94.39773905 V=4573600.00000000
[Agent_Features] Generated 18 features for the latest tick.
[Agent] Exploration: Random action: SELL
[Portfolio] Logged Trade: SELL 2.20896057 PEP @ 94.40. New Cash: 6044.78, New Coins: 41.97025078
[Agent] Received reward: 0.35384800
[NeuralNetworkInterface] Received reward signal: 0.35384800
[Agent] Making decision using full OHLCV data
[Agent] Price data: O=93.77511597 H=94.47754908 L=93.15249774 C=94.29395535 V=3363900.00000000
[Agent_Features] Generated 18 features for the latest tick.
[Agent] Exploration: Random action: HOLD
[Agent] Received reward: 0.07000000
[NeuralNetworkInterface] Received reward signal: 0.07000000
[Agent] Making decision using full OHLCV data
[Agent] Price data: O=93.29620361 H=94.07048008 L=92.89709253 C=93.90285416 V=3685200.00000000
[Agent_Features] Generated 18 features for the latest tick.
[Agent] Exploration: Random action: SELL
[Portfolio] Logged Trade: SELL 2.09851254 PEP @ 93.90. New Cash: 6241.83, New Coins: 39.87173824
[Agent] Received reward: 0.37053002
[NeuralNetworkInterface] Received reward signal: 0.37053002
[Agent] Making decision using full OHLCV data
[Agent] Price data: O=93.69528198 H=94.19816566 L=93.27222536 C=93.35204633 V=4335500.00000000
[Agent_Features] Generated 18 features for the latest tick.
[Agent] Exploration: Random action: SELL
[Portfolio] Logged Trade: SELL 1.99358691 PEP @ 93.35. New Cash: 6427.94, New Coins: 37.87815132
[Agent] Received reward: -0.35748293
[NeuralNetworkInterface] Received reward signal: -0.35748293
[Agent] Making decision using full OHLCV data
[Agent] Price data: O=94.07846069 H=94.46958783 L=93.41593486 C=93.55163116 V=4936500.00000000
[Agent_Features] Generated 18 features for the latest tick.
[Agent] Exploration: Random action: BUY
[Portfolio] Logged Trade: BUY 3.43550260 PEP @ 93.55. New Cash: 6106.54, New Coins: 41.31365392
[Agent] Received reward: 0.38255120
[NeuralNetworkInterface] Received reward signal: 0.38255120
[Agent] Making decision using full OHLCV data
[Agent] Price data: O=95.13211060 H=95.92234877 L=94.35783418 C=94.42169341 V=4554600.00000000
[Agent_Features] Generated 18 features for the latest tick.
[Agent] Exploration: Random action: HOLD
[Agent] Received reward: 0.07000000
[NeuralNetworkInterface] Received reward signal: 0.07000000
[Agent] Making decision using full OHLCV data
[Agent] Price data: O=95.02833557 H=95.48332189 L=94.70904554 C=95.06025909 V=6221800.00000000
[Agent_Features] Generated 18 features for the latest tick.
[Agent] Exploration: Random action: HOLD
[Agent] Received reward: 0.07000000
[NeuralNetworkInterface] Received reward signal: 0.07000000
[Agent] Making decision using full OHLCV data
[Agent] Price data: O=95.92234039 H=96.32943534 L=94.70106166 C=95.37157133 V=6002600.00000000
[Agent_Features] Generated 18 features for the latest tick.
[Agent] Exploration: Random action: HOLD
[Agent] Received reward: 0.07000000
[NeuralNetworkInterface] Received reward signal: 0.07000000
[Agent] Making decision using full OHLCV data
[Agent] Price data: O=96.99195862 H=97.26335118 L=95.78664167 C=95.86646266 V=4308600.00000000
[Agent_Features] Generated 18 features for the latest tick.
[Agent] Exploration: Random action: SELL
[Portfolio] Logged Trade: SELL 2.06568270 PEP @ 95.87. New Cash: 6304.57, New Coins: 39.24797123
[Agent] Received reward: -0.37826788
[NeuralNetworkInterface] Received reward signal: -0.37826788
[Agent] Making decision using full OHLCV data
[Agent] Price data: O=96.82432556 H=97.79017340 L=96.46512203 C=96.64073183 V=3536900.00000000
[Agent_Features] Generated 18 features for the latest tick.
[Agent] Exploration: Random action: BUY
[Portfolio] Logged Trade: BUY 3.26185975 PEP @ 96.64. New Cash: 5989.34, New Coins: 42.50983097
[Agent] Received reward: 0.35491455
[NeuralNetworkInterface] Received reward signal: 0.35491455
[Agent] Making decision using full OHLCV data
[Agent] Price data: O=96.69660950 H=96.96800814 L=96.44117871 C=96.77643048 V=3445200.00000000
[Agent_Features] Generated 18 features for the latest tick.
[Agent] Exploration: Random action: BUY
[Portfolio] Logged Trade: BUY 3.09442171 PEP @ 96.78. New Cash: 5689.87, New Coins: 45.60425268
[Agent] Received reward: -0.36818735
[NeuralNetworkInterface] Received reward signal: -0.36818735
[Agent] Making decision using full OHLCV data
[Agent] Price data: O=96.50502777 H=96.94404616 L=96.07398722 C=96.27354269 V=2712900.00000000
[Agent_Features] Generated 18 features for the latest tick.
[Agent] Exploration: Random action: BUY
[Portfolio] Logged Trade: BUY 2.95505624 PEP @ 96.27. New Cash: 5405.38, New Coins: 48.55930892
[Agent] Received reward: 0.35000050
[NeuralNetworkInterface] Received reward signal: 0.35000050
[Agent] Making decision using full OHLCV data
[Agent] Price data: O=97.19151306 H=97.25536619 L=96.27355654 C=96.27355654 V=3993900.00000000
[Agent_Features] Generated 18 features for the latest tick.
[Agent] Exploration: Random action: HOLD
[Agent] Received reward: 0.07000000
[NeuralNetworkInterface] Received reward signal: 0.07000000
[Agent] Making decision using full OHLCV data
[Agent] Price data: O=95.52322388 H=97.51080101 L=95.50726212 C=96.88818275 V=3854700.00000000
[Agent_Features] Generated 18 features for the latest tick.
[Agent] Exploration: Random action: SELL
[Portfolio] Logged Trade: SELL 2.42796545 PEP @ 96.89. New Cash: 5640.62, New Coins: 46.13134348
[Agent] Received reward: 0.39902022
[NeuralNetworkInterface] Received reward signal: 0.39902022
[Agent] Making decision using full OHLCV data
[Agent] Price data: O=95.69881439 H=96.74448304 L=95.38750837 C=95.53118854 V=4945200.00000000
[Agent_Features] Generated 18 features for the latest tick.
[Agent] Exploration: Random action: SELL
[Portfolio] Logged Trade: SELL 2.30656717 PEP @ 95.53. New Cash: 5860.97, New Coins: 43.82477630
[Agent] Received reward: -0.35468058
[NeuralNetworkInterface] Received reward signal: -0.35468058
[Agent] Making decision using full OHLCV data
[Agent] Price data: O=96.02613068 H=96.38532822 L=95.39553442 C=95.65894311 V=4018100.00000000
[Agent_Features] Generated 18 features for the latest tick.
[Agent] Exploration: Random action: BUY
[Portfolio] Logged Trade: BUY 3.06347269 PEP @ 95.66. New Cash: 5567.92, New Coins: 46.88824899
[Agent] Received reward: 0.35233650
[NeuralNetworkInterface] Received reward signal: 0.35233650
[Agent] Making decision using full OHLCV data
[Agent] Price data: O=96.02613068 H=96.59286769 L=95.21194064 C=95.72280235 V=3485600.00000000
[Agent_Features] Generated 18 features for the latest tick.
[Agent] Exploration: Random action: SELL
[Portfolio] Logged Trade: SELL 2.34441245 PEP @ 95.72. New Cash: 5792.34, New Coins: 44.54383654
[Agent] Received reward: 0.35029239
[NeuralNetworkInterface] Received reward signal: 0.35029239
[Agent] Making decision using full OHLCV data
[Agent] Price data: O=94.72500610 H=96.01014405 L=94.50948884 C=95.71480580 V=3348900.00000000
[Agent_Features] Generated 18 features for the latest tick.
[Agent] Exploration: Random action: BUY
[Portfolio] Logged Trade: BUY 3.02583091 PEP @ 95.71. New Cash: 5502.72, New Coins: 47.56966745
[Agent] Received reward: -0.38911270
[NeuralNetworkInterface] Received reward signal: -0.38911270
[Agent] Making decision using full OHLCV data
[Agent] Price data: O=91.36449432 H=95.51525260 L=91.32458688 C=94.64518741 V=5347600.00000000
[Agent_Features] Generated 18 features for the latest tick.
[Agent] Exploration: Random action: HOLD
[Agent] Received reward: -0.10500000
[NeuralNetworkInterface] Received reward signal: -0.10500000
[Agent] Making decision using full OHLCV data
[Agent] Price data: O=90.64609528 H=90.95740139 L=87.92416122 C=89.75209047 V=6642600.00000000
[Agent_Features] Generated 18 features for the latest tick.
[Agent] Exploration: Random action: BUY
[Portfolio] Logged Trade: BUY 3.06551052 PEP @ 89.75. New Cash: 5227.58, New Coins: 50.63517797
[Agent] Received reward: 0.39762513
[NeuralNetworkInterface] Received reward signal: 0.39762513
[Agent] Making decision using full OHLCV data
[Agent] Price data: O=90.59819794 H=92.41015922 L=89.99953143 C=90.97336326 V=4931400.00000000
[Agent_Features] Generated 18 features for the latest tick.
[Agent] Exploration: Random action: HOLD
[Agent] Received reward: 0.07000000
[NeuralNetworkInterface] Received reward signal: 0.07000000
[Agent] Making decision using full OHLCV data
[Agent] Price data: O=87.92414856 H=90.77380066 L=87.87625110 C=90.75783281 V=4907900.00000000
[Agent_Features] Generated 18 features for the latest tick.
[Agent] Exploration: Random action: HOLD
[Agent] Received reward: -0.10500000
[NeuralNetworkInterface] Received reward signal: -0.10500000
[Agent] Making decision using full OHLCV data
[Agent] Price data: O=88.74632263 H=89.39288051 L=86.91040959 C=88.45097830 V=5301700.00000000
[Agent_Features] Generated 18 features for the latest tick.
[Agent] Exploration: Random action: HOLD
[Agent] Received reward: 0.07000000
[NeuralNetworkInterface] Received reward signal: 0.07000000
[Agent] Making decision using full OHLCV data
[Agent] Price data: O=89.34497070 H=89.99951237 L=88.65051551 C=89.32102502 V=4759200.00000000
[Agent_Features] Generated 18 features for the latest tick.
[Agent] Exploration: Random action: SELL
[Portfolio] Logged Trade: SELL 2.53175890 PEP @ 89.32. New Cash: 5453.72, New Coins: 48.10341907
[Agent] Received reward: -0.35312952
[NeuralNetworkInterface] Received reward signal: -0.35312952
[Agent] Making decision using full OHLCV data
[Agent] Price data: O=89.51264191 H=89.93569872 L=88.34723816 C=89.40089128 V=5274700.00000000
[Agent_Features] Generated 18 features for the latest tick.
[Agent] Exploration: Random action: HOLD
[Agent] Received reward: 0.07000000
[NeuralNetworkInterface] Received reward signal: 0.07000000
[Agent] Making decision using full OHLCV data
[Agent] Price data: O=87.09398651 H=89.32102620 L=86.81461008 C=89.13743250 V=7702700.00000000
[Agent_Features] Generated 18 features for the latest tick.
[Agent] Exploration: Random action: HOLD
[Agent] Received reward: 0.07000000
[NeuralNetworkInterface] Received reward signal: 0.07000000
[Agent] Making decision using full OHLCV data
[Agent] Price data: O=88.57871246 H=88.63458777 L=86.78271264 C=87.42927063 V=5125200.00000000
[Agent_Features] Generated 18 features for the latest tick.
[Agent] Exploration: Random action: SELL
[Portfolio] Logged Trade: SELL 2.40517095 PEP @ 87.43. New Cash: 5664.01, New Coins: 45.69824811
[Agent] Received reward: -0.39889012
[NeuralNetworkInterface] Received reward signal: -0.39889012
[Agent] Making decision using full OHLCV data
[Agent] Price data: O=88.65053558 H=89.16139719 L=87.61285061 C=88.65053558 V=5578500.00000000
[Agent_Features] Generated 18 features for the latest tick.
[Agent] Exploration: Random action: BUY
[Portfolio] Logged Trade: BUY 3.19456909 PEP @ 88.65. New Cash: 5380.80, New Coins: 48.89281720
[Agent] Received reward: -0.35315134
[NeuralNetworkInterface] Received reward signal: -0.35315134
[Agent] Making decision using full OHLCV data
[Agent] Price data: O=87.38935089 H=88.58668394 L=87.27759420 C=88.57071609 V=3835500.00000000
[Agent_Features] Generated 18 features for the latest tick.
[Agent] Exploration: Random action: HOLD
[Agent] Received reward: 0.07000000
[NeuralNetworkInterface] Received reward signal: 0.07000000
[Agent] Making decision using full OHLCV data
[Agent] Price data: O=86.20797729 H=87.67670287 L=86.16008592 C=87.28557579 V=4501900.00000000
[Agent_Features] Generated 18 features for the latest tick.
[Agent] Exploration: Random action: BUY
[Portfolio] Logged Trade: BUY 3.08229905 PEP @ 87.29. New Cash: 5111.76, New Coins: 51.97511625
[Agent] Received reward: -0.38264740
[NeuralNetworkInterface] Received reward signal: -0.38264740
[Agent] Making decision using full OHLCV data
[Agent] Price data: O=87.21373749 H=87.78047438 L=86.22393782 C=86.47139078 V=5394700.00000000
[Agent_Features] Generated 18 features for the latest tick.
[Agent] Exploration: Random action: SELL
[Portfolio] Logged Trade: SELL 2.59875581 PEP @ 86.47. New Cash: 5336.48, New Coins: 49.37636044
[Agent] Received reward: -0.38327818
[NeuralNetworkInterface] Received reward signal: -0.38327818
[Agent] Making decision using full OHLCV data
[Agent] Price data: O=87.54899597 H=87.84434033 L=86.66296900 C=87.29356516 V=4760400.00000000
[Agent_Features] Generated 18 features for the latest tick.
[Agent] Exploration: Random action: SELL
[Portfolio] Logged Trade: SELL 2.46881802 PEP @ 87.29. New Cash: 5551.99, New Coins: 46.90754242
[Agent] Received reward: -0.37432305
[NeuralNetworkInterface] Received reward signal: -0.37432305
[Agent] Making decision using full OHLCV data
[Agent] Price data: O=88.55474854 H=88.73833618 L=87.82836361 C=87.90020675 V=5355400.00000000
[Agent_Features] Generated 18 features for the latest tick.
[Agent] Exploration: Random action: SELL
[Portfolio] Logged Trade: SELL 2.34537712 PEP @ 87.90. New Cash: 5758.15, New Coins: 44.56216529
[Agent] Received reward: -0.38400912
[NeuralNetworkInterface] Received reward signal: -0.38400912
[Agent] Making decision using full OHLCV data
[Agent] Price data: O=88.51485443 H=89.46474075 L=88.37117420 C=88.75432351 V=6385800.00000000
[Agent_Features] Generated 18 features for the latest tick.
[Agent] Exploration: Random action: BUY
[Portfolio] Logged Trade: BUY 3.24387228 PEP @ 88.75. New Cash: 5470.25, New Coins: 47.80603757
[Agent] Received reward: -0.35598111
[NeuralNetworkInterface] Received reward signal: -0.35598111
[Agent] Making decision using full OHLCV data
[Agent] Price data: O=87.58891296 H=89.12149792 L=87.54899942 C=88.60265234 V=4638900.00000000
[Agent_Features] Generated 18 features for the latest tick.
[Agent] Exploration: Random action: HOLD
[Agent] Received reward: 0.07000000
[NeuralNetworkInterface] Received reward signal: 0.07000000
[Agent] Making decision using full OHLCV data
[Agent] Price data: O=86.94158936 H=88.35683830 L=86.23395875 C=87.81807855 V=6896300.00000000
[Agent_Features] Generated 18 features for the latest tick.
[Agent] Exploration: Random action: SELL
[Portfolio] Logged Trade: SELL 2.39030188 PEP @ 87.82. New Cash: 5680.16, New Coins: 45.41573569
[Agent] Received reward: 0.39166233
[NeuralNetworkInterface] Received reward signal: 0.39166233
[Agent] Making decision using full OHLCV data
[Agent] Price data: O=87.68138885 H=87.90654184 L=86.76469105 C=86.77273398 V=4903600.00000000
[Agent_Features] Generated 18 features for the latest tick.
[Agent] Exploration: Random action: BUY
[Portfolio] Logged Trade: BUY 3.27300844 PEP @ 86.77. New Cash: 5396.15, New Coins: 48.68874414
[Agent] Received reward: 0.36783755
[NeuralNetworkInterface] Received reward signal: 0.36783755
[Agent] Making decision using full OHLCV data
[Agent] Price data: O=87.99496460 H=88.13166370 L=86.86115100 C=87.21496622 V=3781700.00000000
[Agent_Features] Generated 18 features for the latest tick.
[Agent] Exploration: Random action: SELL
[Portfolio] Logged Trade: SELL 2.43443721 PEP @ 87.21. New Cash: 5608.47, New Coins: 46.25430693
[Agent] Received reward: -0.37904460
[NeuralNetworkInterface] Received reward signal: -0.37904460
[Agent] Making decision using full OHLCV data
[Agent] Price data: O=88.11562347 H=88.14778907 L=87.19892558 C=87.93871579 V=3380800.00000000
[Agent_Features] Generated 18 features for the latest tick.
[Agent] Exploration: Random action: HOLD
[Agent] Received reward: 0.07000000
[NeuralNetworkInterface] Received reward signal: 0.07000000
[Agent] Making decision using full OHLCV data
[Agent] Price data: O=88.32466125 H=88.50156888 L=87.33559571 C=87.56074864 V=4612600.00000000
[Agent_Features] Generated 18 features for the latest tick.
[Agent] Exploration: Random action: HOLD
[Agent] Received reward: 0.07000000
[NeuralNetworkInterface] Received reward signal: 0.07000000
[Agent] Making decision using full OHLCV data
[Agent] Price data: O=90.12591553 H=90.16611791 L=88.11561231 C=88.47746443 V=5437700.00000000
[Agent_Features] Generated 18 features for the latest tick.
[Agent] Exploration: Random action: BUY
[Portfolio] Logged Trade: BUY 3.16943378 PEP @ 88.48. New Cash: 5328.05, New Coins: 49.42374071
[Agent] Received reward: 0.42125266
[NeuralNetworkInterface] Received reward signal: 0.42125266
[Agent] Making decision using full OHLCV data
[Agent] Price data: O=90.49579620 H=90.51991886 L=89.77208593 C=90.27868005 V=3680600.00000000
[Agent_Features] Generated 18 features for the latest tick.
[Agent] Exploration: Random action: BUY
[Portfolio] Logged Trade: BUY 2.95088819 PEP @ 90.28. New Cash: 5061.64, New Coins: 52.37462890
[Agent] Received reward: 0.35717078
[NeuralNetworkInterface] Received reward signal: 0.35717078
[Agent] Making decision using full OHLCV data
[Agent] Price data: O=90.66467285 H=90.93807114 L=90.12591308 C=90.46364253 V=4509600.00000000
[Agent_Features] Generated 18 features for the latest tick.
[Agent] Exploration: Random action: SELL
[Portfolio] Logged Trade: SELL 2.61873144 PEP @ 90.46. New Cash: 5298.54, New Coins: 49.75589745
[Agent] Received reward: -0.37395429
[NeuralNetworkInterface] Received reward signal: -0.37395429
[Agent] Making decision using full OHLCV data
[Agent] Price data: O=91.34814453 H=91.58938329 L=90.64052026 C=91.08278313 V=4590000.00000000
[Agent_Features] Generated 18 features for the latest tick.
[Agent] Exploration: Random action: SELL
[Portfolio] Logged Trade: SELL 2.48779487 PEP @ 91.08. New Cash: 5525.14, New Coins: 47.26810258
[Agent] Received reward: -0.35927103
[NeuralNetworkInterface] Received reward signal: -0.35927103
[Agent] Making decision using full OHLCV data
[Agent] Price data: O=90.55209351 H=91.48487096 L=90.24652964 C=91.32404916 V=4055700.00000000
[Agent_Features] Generated 18 features for the latest tick.
[Agent] Exploration: Random action: SELL
[Portfolio] Logged Trade: SELL 2.36340513 PEP @ 91.32. New Cash: 5740.97, New Coins: 44.90469745
[Agent] Received reward: 0.38605732
[NeuralNetworkInterface] Received reward signal: 0.38605732
[Agent] Making decision using full OHLCV data
[Agent] Price data: O=90.05352783 H=91.06672222 L=89.78817251 C=90.38322046 V=3906800.00000000
[Agent_Features] Generated 18 features for the latest tick.
[Agent] Exploration: Random action: HOLD
[Agent] Received reward: 0.07000000
[NeuralNetworkInterface] Received reward signal: 0.07000000
[Agent] Making decision using full OHLCV data
[Agent] Price data: O=89.77209473 H=91.02652190 L=89.72384942 C=90.32694035 V=7730800.00000000
[Agent_Features] Generated 18 features for the latest tick.
[Agent] Exploration: Random action: SELL
[Portfolio] Logged Trade: SELL 2.24523487 PEP @ 90.33. New Cash: 5943.78, New Coins: 42.65946258
[Agent] Received reward: 0.37118847
[NeuralNetworkInterface] Received reward signal: 0.37118847
[Agent] Making decision using full OHLCV data
[Agent] Price data: O=88.74279785 H=90.05351293 L=88.49352229 C=89.78011472 V=4216700.00000000
[Agent_Features] Generated 18 features for the latest tick.
[Agent] Exploration: Random action: HOLD
[Agent] Received reward: 0.07000000
[NeuralNetworkInterface] Received reward signal: 0.07000000
[Agent] Making decision using full OHLCV data
[Agent] Price data: O=88.37293243 H=89.49870349 L=88.31664419 C=89.05643431 V=3319000.00000000
[Agent_Features] Generated 18 features for the latest tick.
[Agent] Exploration: Random action: HOLD
[Agent] Received reward: 0.07000000
[NeuralNetworkInterface] Received reward signal: 0.07000000
[Agent] Making decision using full OHLCV data
[Agent] Price data: O=87.44013214 H=88.51765767 L=87.27126744 C=88.36487269 V=3867600.00000000
[Agent_Features] Generated 18 features for the latest tick.
[Agent] Exploration: Random action: SELL
[Portfolio] Logged Trade: SELL 2.13297313 PEP @ 88.36. New Cash: 6132.26, New Coins: 40.52648945
[Agent] Received reward: 0.39586421
[NeuralNetworkInterface] Received reward signal: 0.39586421
[Agent] Making decision using full OHLCV data
[Agent] Price data: O=86.79683685 H=88.18796297 L=86.68426039 C=87.20693421 V=4325500.00000000
[Agent_Features] Generated 18 features for the latest tick.
[Agent] Exploration: Random action: BUY
[Portfolio] Logged Trade: BUY 3.51592432 PEP @ 87.21. New Cash: 5825.65, New Coins: 44.04241377
[Agent] Received reward: -0.36161856
[NeuralNetworkInterface] Received reward signal: -0.36161856
[Agent] Making decision using full OHLCV data
[Agent] Price data: O=85.35745239 H=87.44012301 L=85.18858770 C=86.91744309 V=4873300.00000000
[Agent_Features] Generated 18 features for the latest tick.
[Agent] Exploration: Random action: BUY
[Portfolio] Logged Trade: BUY 3.35125288 PEP @ 86.92. New Cash: 5534.36, New Coins: 47.39366666
[Agent] Received reward: -0.39565599
[NeuralNetworkInterface] Received reward signal: -0.39565599
[Agent] Making decision using full OHLCV data
[Agent] Price data: O=85.88817596 H=86.41889886 L=85.30920777 C=85.78364243 V=4119400.00000000
[Agent_Features] Generated 18 features for the latest tick.
[Agent] Exploration: Random action: HOLD
[Agent] Received reward: 0.07000000
[NeuralNetworkInterface] Received reward signal: 0.07000000
[Agent] Making decision using full OHLCV data
[Agent] Price data: O=86.55558777 H=87.27929793 L=85.64693321 C=86.22590133 V=5036300.00000000
[Agent_Features] Generated 18 features for the latest tick.
[Agent] Exploration: Random action: HOLD
[Agent] Received reward: 0.07000000
[NeuralNetworkInterface] Received reward signal: 0.07000000
[Agent] Making decision using full OHLCV data
[Agent] Price data: O=87.79393768 H=88.54177052 L=86.84507459 C=86.95765104 V=6413000.00000000
[Agent_Features] Generated 18 features for the latest tick.
[Agent] Exploration: Random action: SELL
[Portfolio] Logged Trade: SELL 2.36968333 PEP @ 86.96. New Cash: 5740.43, New Coins: 45.02398332
[Agent] Received reward: -0.41408519
[NeuralNetworkInterface] Received reward signal: -0.41408519
[Agent] Making decision using full OHLCV data
[Agent] Price data: O=87.76985168 H=88.98407671 L=87.62510959 C=88.54985042 V=3829500.00000000
[Agent_Features] Generated 18 features for the latest tick.
[Agent] Exploration: Random action: SELL
[Portfolio] Logged Trade: SELL 2.25119917 PEP @ 88.55. New Cash: 5939.77, New Coins: 42.77278416
[Agent] Received reward: 0.39767581
[NeuralNetworkInterface] Received reward signal: 0.39767581
[Agent] Making decision using full OHLCV data
[Agent] Price data: O=86.08118439 H=87.82612607 L=85.59066992 C=87.34365454 V=4325500.00000000
[Agent_Features] Generated 18 features for the latest tick.
[Agent] Exploration: Random action: HOLD
[Agent] Received reward: 0.07000000
[NeuralNetworkInterface] Received reward signal: 0.07000000
[Agent] Making decision using full OHLCV data
[Agent] Price data: O=86.99784851 H=87.27124669 L=85.71125007 C=86.35454929 V=4699000.00000000
[Agent_Features] Generated 18 features for the latest tick.
[Agent] Exploration: Random action: HOLD
[Agent] Received reward: 0.07000000
[NeuralNetworkInterface] Received reward signal: 0.07000000
[Agent] Making decision using full OHLCV data
[Agent] Price data: O=88.59808350 H=89.04035266 L=86.23396495 C=86.66819118 V=4694200.00000000
[Agent_Features] Generated 18 features for the latest tick.
[Agent] Exploration: Random action: SELL
[Portfolio] Logged Trade: SELL 2.13863921 PEP @ 86.67. New Cash: 6125.12, New Coins: 40.63414495
[Agent] Received reward: -0.43605496
[NeuralNetworkInterface] Received reward signal: -0.43605496
[Agent] Making decision using full OHLCV data
[Agent] Price data: O=88.91168976 H=89.40220423 L=88.25231055 C=88.79911327 V=3275700.00000000
[Agent_Features] Generated 18 features for the latest tick.
[Agent] Exploration: Random action: BUY
[Portfolio] Logged Trade: BUY 3.44886425 PEP @ 88.80. New Cash: 5818.87, New Coins: 44.08300920
[Agent] Received reward: -0.36172733
[NeuralNetworkInterface] Received reward signal: -0.36172733
[Agent] Making decision using full OHLCV data
[Agent] Price data: O=87.89044952 H=89.24137338 L=87.46426013 C=88.50157722 V=3579100.00000000
[Agent_Features] Generated 18 features for the latest tick.
[Agent] Exploration: Random action: HOLD
[Agent] Received reward: 0.07000000
[NeuralNetworkInterface] Received reward signal: 0.07000000
[Agent] Making decision using full OHLCV data
[Agent] Price data: O=87.95478821 H=88.81519778 L=87.47231664 C=88.08345056 V=2620000.00000000
[Agent_Features] Generated 18 features for the latest tick.
[Agent] Exploration: Random action: BUY
[Portfolio] Logged Trade: BUY 3.30304139 PEP @ 88.08. New Cash: 5527.92, New Coins: 47.38605059
[Agent] Received reward: 0.35639075
[NeuralNetworkInterface] Received reward signal: 0.35639075
[Agent] Making decision using full OHLCV data
[Agent] Price data: O=87.97088623 H=88.61417970 L=87.58490524 C=88.24428457 V=2817000.00000000
[Agent_Features] Generated 18 features for the latest tick.
[Agent] Exploration: Random action: BUY
[Portfolio] Logged Trade: BUY 3.13217020 PEP @ 88.24. New Cash: 5251.53, New Coins: 50.51822079
[Agent] Received reward: -0.38731585
[NeuralNetworkInterface] Received reward signal: -0.38731585
[Agent] Making decision using full OHLCV data
[Agent] Price data: O=87.39190674 H=88.02716333 L=87.18283347 C=87.30345290 V=4000200.00000000
[Agent_Features] Generated 18 features for the latest tick.
[Agent] Exploration: Random action: SELL
[Portfolio] Logged Trade: SELL 2.52591104 PEP @ 87.30. New Cash: 5472.05, New Coins: 47.99230975
[Agent] Received reward: -0.36257266
[NeuralNetworkInterface] Received reward signal: -0.36257266
[Agent] Making decision using full OHLCV data
[Agent] Price data: O=87.09438324 H=88.05933256 L=87.06221765 C=87.61706335 V=2691700.00000000
[Agent_Features] Generated 18 features for the latest tick.
[Agent] Exploration: Random action: BUY
[Portfolio] Logged Trade: BUY 3.12270624 PEP @ 87.62. New Cash: 5198.44, New Coins: 51.11501599
[Agent] Received reward: -0.35353385
[NeuralNetworkInterface] Received reward signal: -0.35353385
[Agent] Making decision using full OHLCV data
[Agent] Price data: O=87.85829163 H=88.01911343 L=87.26323747 C=87.52859896 V=2828300.00000000
[Agent_Features] Generated 18 features for the latest tick.
[Agent] Exploration: Random action: HOLD
[Agent] Received reward: 0.07000000
[NeuralNetworkInterface] Received reward signal: 0.07000000
[Agent] Making decision using full OHLCV data
[Agent] Price data: O=88.38899994 H=88.96796818 L=88.06735024 C=88.25230081 V=2769800.00000000
[Agent_Features] Generated 18 features for the latest tick.
[Agent] Exploration: Random action: SELL
[Portfolio] Logged Trade: SELL 2.55575080 PEP @ 88.25. New Cash: 5424.00, New Coins: 48.55926519
[Agent] Received reward: 0.38380397
[NeuralNetworkInterface] Received reward signal: 0.38380397
[Agent] Making decision using full OHLCV data
[Agent] Price data: O=87.54467773 H=87.71354245 L=86.82901035 C=87.39993567 V=5022000.00000000
[Agent_Features] Generated 18 features for the latest tick.
[Agent] Exploration: Random action: HOLD
[Agent] Received reward: 0.07000000
[NeuralNetworkInterface] Received reward signal: 0.07000000
[Agent] Making decision using full OHLCV data
[Agent] Price data: O=86.02489471 H=87.93870110 L=85.60674823 C=87.62509430 V=6525500.00000000
[Agent_Features] Generated 18 features for the latest tick.
[Agent] Exploration: Random action: HOLD
[Agent] Received reward: -0.10500000
[NeuralNetworkInterface] Received reward signal: -0.10500000
[Agent] Making decision using full OHLCV data
[Agent] Price data: O=84.89105988 H=85.99270793 L=84.49704227 C=85.80775739 V=6320200.00000000
[Agent_Features] Generated 18 features for the latest tick.
[Agent] Exploration: Random action: HOLD
[Agent] Received reward: 0.07000000
[NeuralNetworkInterface] Received reward signal: 0.07000000
[Agent] Making decision using full OHLCV data
[Agent] Price data: O=82.40633392 H=84.91518786 L=82.23746309 C=84.79456846 V=8650000.00000000
[Agent_Features] Generated 18 features for the latest tick.
[Agent] Exploration: Random action: HOLD
[Agent] Received reward: -0.10500000
[NeuralNetworkInterface] Received reward signal: -0.10500000
[Agent] Making decision using full OHLCV data
[Agent] Price data: O=82.48674011 H=82.66364773 L=81.89168611 C=82.46261746 V=6670600.00000000
[Agent_Features] Generated 18 features for the latest tick.
[Agent] Exploration: Random action: BUY
[Portfolio] Logged Trade: BUY 3.28876024 PEP @ 82.46. New Cash: 5152.80, New Coins: 51.84802543
[Agent] Received reward: 0.35238985
[NeuralNetworkInterface] Received reward signal: 0.35238985
[Agent] Making decision using full OHLCV data
[Agent] Price data: O=81.57006073 H=82.70386849 L=81.19212276 C=82.51892404 V=5695500.00000000
[Agent_Features] Generated 18 features for the latest tick.
[Agent] Exploration: Random action: SELL
[Portfolio] Logged Trade: SELL 2.59240127 PEP @ 82.52. New Cash: 5366.72, New Coins: 49.25562416
[Agent] Received reward: 0.39809067
[NeuralNetworkInterface] Received reward signal: 0.39809067
[Agent] Making decision using full OHLCV data
[Agent] Price data: O=81.33685303 H=82.30983885 L=81.09561424 C=81.38509833 V=4828300.00000000
[Agent_Features] Generated 18 features for the latest tick.
[Agent] Exploration: Random action: SELL
[Portfolio] Logged Trade: SELL 2.46278121 PEP @ 81.39. New Cash: 5567.15, New Coins: 46.79284295
[Agent] Received reward: -0.38596474
[NeuralNetworkInterface] Received reward signal: -0.38596474
[Agent] Making decision using full OHLCV data
[Agent] Price data: O=83.03354645 H=83.69292550 L=81.33685044 C=82.22138242 V=5978800.00000000
[Agent_Features] Generated 18 features for the latest tick.
[Agent] Exploration: Random action: BUY
[Portfolio] Logged Trade: BUY 3.38546462 PEP @ 82.22. New Cash: 5288.79, New Coins: 50.17830757
[Agent] Received reward: -0.35102560
[NeuralNetworkInterface] Received reward signal: -0.35102560
[Agent] Making decision using full OHLCV data
[Agent] Price data: O=81.78718567 H=82.81646006 L=81.73894035 C=82.19728929 V=4765900.00000000
[Agent_Features] Generated 18 features for the latest tick.
[Agent] Exploration: Random action: HOLD
[Agent] Received reward: 0.07000000
[NeuralNetworkInterface] Received reward signal: 0.07000000
[Agent] Making decision using full OHLCV data
[Agent] Price data: O=81.16799164 H=82.33396486 L=80.87850753 C=81.89973870 V=5479900.00000000
[Agent_Features] Generated 18 features for the latest tick.
[Agent] Exploration: Random action: SELL
[Portfolio] Logged Trade: SELL 2.50891538 PEP @ 81.90. New Cash: 5494.27, New Coins: 47.66939219
[Agent] Received reward: 0.40120218
[NeuralNetworkInterface] Received reward signal: 0.40120218
[Agent] Making decision using full OHLCV data
[Agent] Price data: O=79.71253967 H=81.15996042 L=79.26223372 C=80.70161154 V=4543900.00000000
[Agent_Features] Generated 18 features for the latest tick.
[Agent] Exploration: Random action: BUY
[Portfolio] Logged Trade: BUY 3.40406682 PEP @ 80.70. New Cash: 5219.56, New Coins: 51.07345901
[Agent] Received reward: -0.39184885
[NeuralNetworkInterface] Received reward signal: -0.39184885
[Agent] Making decision using full OHLCV data
[Agent] Price data: O=78.18472290 H=79.89749920 L=78.02389495 C=79.73667738 V=5927700.00000000
[Agent_Features] Generated 18 features for the latest tick.
[Agent] Exploration: Random action: HOLD
[Agent] Received reward: 0.07000000
[NeuralNetworkInterface] Received reward signal: 0.07000000
[Agent] Making decision using full OHLCV data
[Agent] Price data: O=78.48221588 H=78.87623349 L=77.75850569 C=78.38572528 V=6668200.00000000
[Agent_Features] Generated 18 features for the latest tick.
[Agent] Exploration: Random action: BUY
[Portfolio] Logged Trade: BUY 3.32940715 PEP @ 78.39. New Cash: 4958.58, New Coins: 54.40286616
[Agent] Received reward: 0.35251406
[NeuralNetworkInterface] Received reward signal: 0.35251406
[Agent] Making decision using full OHLCV data
[Agent] Price data: O=79.59996033 H=80.22717392 L=78.40182139 C=78.44202991 V=5937000.00000000
[Agent_Features] Generated 18 features for the latest tick.
[Agent] Exploration: Random action: HOLD
[Agent] Received reward: 0.07000000
[NeuralNetworkInterface] Received reward signal: 0.07000000
[Agent] Making decision using full OHLCV data
[Agent] Price data: O=78.98882294 H=79.85726911 L=78.86016061 C=79.59191380 V=3475400.00000000
[Agent_Features] Generated 18 features for the latest tick.
[Agent] Exploration: Random action: BUY
[Portfolio] Logged Trade: BUY 3.11500355 PEP @ 79.59. New Cash: 4710.65, New Coins: 57.51786971
[Agent] Received reward: -0.38783556
[NeuralNetworkInterface] Received reward signal: -0.38783556
[Agent] Making decision using full OHLCV data
[Agent] Price data: O=77.83089447 H=78.79583749 L=77.54141034 C=78.73151246 V=5333700.00000000
[Agent_Features] Generated 18 features for the latest tick.
[Agent] Exploration: Random action: HOLD
[Agent] Received reward: 0.07000000
[NeuralNetworkInterface] Received reward signal: 0.07000000
[Agent] Making decision using full OHLCV data
[Agent] Price data: O=77.32431030 H=78.41790967 L=77.14740263 C=78.15255429 V=6201500.00000000
[Agent_Features] Generated 18 features for the latest tick.
[Agent] Exploration: Random action: SELL
[Portfolio] Logged Trade: SELL 2.87589349 PEP @ 78.15. New Cash: 4935.41, New Coins: 54.64197622
[Agent] Received reward: 0.37736976
[NeuralNetworkInterface] Received reward signal: 0.37736976
[Agent] Making decision using full OHLCV data
[Agent] Price data: O=78.21686554 H=78.59480348 L=77.51728403 C=77.54140668 V=3100600.00000000
[Agent_Features] Generated 18 features for the latest tick.
[Agent] Exploration: Random action: SELL
[Portfolio] Logged Trade: SELL 2.73209881 PEP @ 77.54. New Cash: 5147.26, New Coins: 51.90987741
[Agent] Received reward: -0.39174086
[NeuralNetworkInterface] Received reward signal: -0.39174086
[Agent] Making decision using full OHLCV data
[Agent] Price data: O=78.34554291 H=79.01296510 L=77.90327371 C=78.46616234 V=3507300.00000000
[Agent_Features] Generated 18 features for the latest tick.
[Agent] Exploration: Random action: HOLD
[Agent] Received reward: 0.07000000
[NeuralNetworkInterface] Received reward signal: 0.07000000
[Agent] Making decision using full OHLCV data
[Agent] Price data: O=78.12036133 H=78.58675301 L=77.78263196 C=78.55458743 V=4307900.00000000
[Agent_Features] Generated 18 features for the latest tick.
[Agent] Exploration: Random action: BUY
[Portfolio] Logged Trade: BUY 3.27623260 PEP @ 78.55. New Cash: 4889.90, New Coins: 55.18611001
[Agent] Received reward: -0.38869286
[NeuralNetworkInterface] Received reward signal: -0.38869286
[Agent] Making decision using full OHLCV data
[Agent] Price data: O=77.83894348 H=78.19275268 L=77.48512815 C=77.68615847 V=6555700.00000000
[Agent_Features] Generated 18 features for the latest tick.
[Agent] Exploration: Random action: BUY
[Portfolio] Logged Trade: BUY 3.14721373 PEP @ 77.69. New Cash: 4645.40, New Coins: 58.33332374
[Agent] Received reward: 0.35108643
[NeuralNetworkInterface] Received reward signal: 0.35108643
[Agent] Making decision using full OHLCV data
[Agent] Price data: O=78.15254211 H=78.44202624 L=77.63790503 C=77.71027300 V=5544700.00000000
[Agent_Features] Generated 18 features for the latest tick.
[Agent] Exploration: Random action: HOLD
[Agent] Received reward: 0.07000000
[NeuralNetworkInterface] Received reward signal: 0.07000000
[Agent] Making decision using full OHLCV data
[Agent] Price data: O=78.73954773 H=78.79583597 L=78.12037709 C=78.44202681 V=6531100.00000000
[Agent_Features] Generated 18 features for the latest tick.
[Agent] Exploration: Random action: HOLD
[Agent] Received reward: 0.07000000
[NeuralNetworkInterface] Received reward signal: 0.07000000
[Agent] Making decision using full OHLCV data
[Agent] Price data: O=78.40986633 H=79.16573615 L=78.25708133 C=79.05315966 V=6894000.00000000
[Agent_Features] Generated 18 features for the latest tick.
[Agent] Exploration: Random action: BUY
[Portfolio] Logged Trade: BUY 2.93815198 PEP @ 79.05. New Cash: 4413.13, New Coins: 61.27147572
[Agent] Received reward: -0.35320387
[NeuralNetworkInterface] Received reward signal: -0.35320387
[Agent] Making decision using full OHLCV data
[Agent] Price data: O=80.01811218 H=80.39605017 L=78.85213262 C=78.98079497 V=6678100.00000000
[Agent_Features] Generated 18 features for the latest tick.
[Agent] Exploration: Random action: BUY
[Portfolio] Logged Trade: BUY 2.79380181 PEP @ 78.98. New Cash: 4192.48, New Coins: 64.06527753
[Agent] Received reward: 0.40558877
[NeuralNetworkInterface] Received reward signal: 0.40558877
[Agent] Making decision using full OHLCV data
[Agent] Price data: O=80.35582733 H=80.78201056 L=79.95376675 C=80.23520793 V=6807600.00000000
[Agent_Features] Generated 18 features for the latest tick.
[Agent] Exploration: Random action: SELL
[Portfolio] Logged Trade: SELL 3.20326388 PEP @ 80.24. New Cash: 4449.49, New Coins: 60.86201365
[Agent] Received reward: -0.35526114
[NeuralNetworkInterface] Received reward signal: -0.35526114
[Agent] Making decision using full OHLCV data
[Agent] Price data: O=80.77395630 H=80.89457568 L=80.09849757 C=80.35581606 V=6249900.00000000
[Agent_Features] Generated 18 features for the latest tick.
[Agent] Exploration: Random action: HOLD
[Agent] Received reward: 0.07000000
[NeuralNetworkInterface] Received reward signal: 0.07000000
[Agent] Making decision using full OHLCV data
[Agent] Price data: O=80.55684662 H=80.87849626 L=80.21911725 C=80.66138015 V=4696700.00000000
[Agent_Features] Generated 18 features for the latest tick.
[Agent] Exploration: Random action: BUY
[Portfolio] Logged Trade: BUY 2.75813010 PEP @ 80.66. New Cash: 4227.02, New Coins: 63.62014376
[Agent] Received reward: -0.35453565
[NeuralNetworkInterface] Received reward signal: -0.35453565
[Agent] Making decision using full OHLCV data
[Agent] Price data: O=80.66138458 H=81.30468391 L=80.33169813 C=80.55685105 V=5324300.00000000
[Agent_Features] Generated 18 features for the latest tick.
[Agent] Exploration: Random action: SELL
[Portfolio] Logged Trade: SELL 3.18100719 PEP @ 80.56. New Cash: 4483.27, New Coins: 60.43913657
[Agent] Received reward: 0.35628814
[NeuralNetworkInterface] Received reward signal: 0.35628814
[Agent] Making decision using full OHLCV data
[Agent] Price data: O=81.29665375 H=81.44943874 L=80.41212164 C=80.41212164 V=8302600.00000000
[Agent_Features] Generated 18 features for the latest tick.
[Agent] Exploration: Random action: BUY
[Portfolio] Logged Trade: BUY 2.78768229 PEP @ 80.41. New Cash: 4259.11, New Coins: 63.22681886
[Agent] Received reward: 0.40809955
[NeuralNetworkInterface] Received reward signal: 0.40809955
[Agent] Making decision using full OHLCV data
[Agent] Price data: O=81.88365173 H=82.21333819 L=81.28859771 C=81.74695262 V=6256600.00000000
[Agent_Features] Generated 18 features for the latest tick.
[Agent] Exploration: Random action: BUY
[Portfolio] Logged Trade: BUY 2.60505460 PEP @ 81.75. New Cash: 4046.15, New Coins: 65.83187346
[Agent] Received reward: 0.36447007
[NeuralNetworkInterface] Received reward signal: 0.36447007
[Agent] Making decision using full OHLCV data
[Agent] Price data: O=81.35455322 H=82.20664828 L=80.87576132 C=82.08491953 V=8270100.00000000
[Agent_Features] Generated 18 features for the latest tick.
[Agent] Exploration: Random action: BUY
[Portfolio] Logged Trade: BUY 2.46461241 PEP @ 82.08. New Cash: 3843.84, New Coins: 68.29648588
[Agent] Received reward: -0.37110729
[NeuralNetworkInterface] Received reward signal: -0.37110729
[Agent] Making decision using full OHLCV data
[Agent] Price data: O=81.35455322 H=81.90638485 L=80.86764442 C=81.58989382 V=4414200.00000000
[Agent_Features] Generated 18 features for the latest tick.
[Agent] Exploration: Random action: BUY
[Portfolio] Logged Trade: BUY 2.35558752 PEP @ 81.59. New Cash: 3651.65, New Coins: 70.65207340
[Agent] Received reward: 0.35800676
[NeuralNetworkInterface] Received reward signal: 0.35800676
[Agent] Making decision using full OHLCV data
[Agent] Price data: O=81.24906158 H=82.03622765 L=81.17602186 C=81.77654253 V=3932000.00000000
[Agent_Features] Generated 18 features for the latest tick.
[Agent] Exploration: Random action: HOLD
[Agent] Received reward: 0.07000000
[NeuralNetworkInterface] Received reward signal: 0.07000000
[Agent] Making decision using full OHLCV data
[Agent] Price data: O=81.32209015 H=81.93072769 L=81.05428814 C=81.52496933 V=4851900.00000000
[Agent_Features] Generated 18 features for the latest tick.
[Agent] Exploration: Random action: HOLD
[Agent] Received reward: 0.07000000
[NeuralNetworkInterface] Received reward signal: 0.07000000
[Agent] Making decision using full OHLCV data
[Agent] Price data: O=81.82524872 H=81.84959323 L=81.00561493 C=81.47629621 V=3946700.00000000
[Agent_Features] Generated 18 features for the latest tick.
[Agent] Exploration: Random action: SELL
[Portfolio] Logged Trade: SELL 3.53260367 PEP @ 81.48. New Cash: 3939.47, New Coins: 67.11946973
[Agent] Received reward: -0.35383359
[NeuralNetworkInterface] Received reward signal: -0.35383359
[Agent] Making decision using full OHLCV data
[Agent] Price data: O=82.09302521 H=82.37705479 L=81.41946492 C=81.56553816 V=5052900.00000000
[Agent_Features] Generated 18 features for the latest tick.
[Agent] Exploration: Random action: SELL
[Portfolio] Logged Trade: SELL 3.35597349 PEP @ 81.57. New Cash: 4213.21, New Coins: 63.76349624
[Agent] Received reward: -0.37333107
[NeuralNetworkInterface] Received reward signal: -0.37333107
[Agent] Making decision using full OHLCV data
[Agent] Price data: O=83.17234039 H=83.26972462 L=82.10925555 C=82.10925555 V=4795500.00000000
[Agent_Features] Generated 18 features for the latest tick.
[Agent] Exploration: Random action: HOLD
[Agent] Received reward: 0.07000000
[NeuralNetworkInterface] Received reward signal: 0.07000000
[Agent] Making decision using full OHLCV data
[Agent] Price data: O=83.75665283 H=83.91895992 L=82.99382502 C=83.26974396 V=3984500.00000000
[Agent_Features] Generated 18 features for the latest tick.
[Agent] Exploration: Random action: HOLD
[Agent] Received reward: 0.07000000
[NeuralNetworkInterface] Received reward signal: 0.07000000
[Agent] Making decision using full OHLCV data
[Agent] Price data: O=84.78727722 H=84.84408315 L=83.44015637 C=83.77288123 V=5075900.00000000
[Agent_Features] Generated 18 features for the latest tick.
[Agent] Exploration: Random action: BUY
[Portfolio] Logged Trade: BUY 2.51465974 PEP @ 83.77. New Cash: 4002.55, New Coins: 66.27815598
[Agent] Received reward: 0.38153176
[NeuralNetworkInterface] Received reward signal: 0.38153176
[Agent] Making decision using full OHLCV data
[Agent] Price data: O=85.42837524 H=85.69617729 L=84.52759725 C=84.52759725 V=7553500.00000000
[Agent_Features] Generated 18 features for the latest tick.
[Agent] Exploration: Random action: BUY
[Portfolio] Logged Trade: BUY 2.36759690 PEP @ 84.53. New Cash: 3802.42, New Coins: 68.64575288
[Agent] Received reward: 0.38696210
[NeuralNetworkInterface] Received reward signal: 0.38696210
[Agent] Making decision using full OHLCV data
[Agent] Price data: O=85.31475830 H=85.50140989 L=84.74669902 C=85.42025945 V=4812600.00000000
[Agent_Features] Generated 18 features for the latest tick.
[Agent] Exploration: Random action: HOLD
[Agent] Received reward: 0.07000000
[NeuralNetworkInterface] Received reward signal: 0.07000000
[Agent] Making decision using full OHLCV data
[Agent] Price data: O=87.32732391 H=87.44093577 L=85.06319128 C=85.29041500 V=10573000.00000000
[Agent_Features] Generated 18 features for the latest tick.
[Agent] Exploration: Random action: HOLD
[Agent] Received reward: 0.07000000
[NeuralNetworkInterface] Received reward signal: 0.07000000
[Agent] Making decision using full OHLCV data
[Agent] Price data: O=85.51761627 H=87.00269312 L=85.07128586 C=86.84039228 V=5964400.00000000
[Agent_Features] Generated 18 features for the latest tick.
[Agent] Exploration: Random action: BUY
[Portfolio] Logged Trade: BUY 2.18931430 PEP @ 86.84. New Cash: 3612.30, New Coins: 70.83506718
[Agent] Received reward: -0.39971454
[NeuralNetworkInterface] Received reward signal: -0.39971454
[Agent] Making decision using full OHLCV data
[Agent] Price data: O=85.98831177 H=86.57260480 L=85.38779112 C=85.60689791 V=5504400.00000000
[Agent_Features] Generated 18 features for the latest tick.
[Agent] Exploration: Random action: BUY
[Portfolio] Logged Trade: BUY 2.10981675 PEP @ 85.61. New Cash: 3431.68, New Coins: 72.94488393
[Agent] Received reward: 0.35796341
[NeuralNetworkInterface] Received reward signal: 0.35796341
[Agent] Making decision using full OHLCV data
[Agent] Price data: O=85.86659241 H=86.11004993 L=85.50141232 C=85.80167577 V=4601400.00000000
[Agent_Features] Generated 18 features for the latest tick.
[Agent] Exploration: Random action: HOLD
[Agent] Received reward: 0.07000000
[NeuralNetworkInterface] Received reward signal: 0.07000000
[Agent] Making decision using full OHLCV data
[Agent] Price data: O=87.02703857 H=87.18122871 L=86.26421718 C=86.48332394 V=6550700.00000000
[Agent_Features] Generated 18 features for the latest tick.
[Agent] Exploration: Random action: SELL
[Portfolio] Logged Trade: SELL 3.64724420 PEP @ 86.48. New Cash: 3747.11, New Coins: 69.29763974
[Agent] Received reward: -0.37200476
[NeuralNetworkInterface] Received reward signal: -0.37200476
[Agent] Making decision using full OHLCV data
[Agent] Price data: O=87.94406891 H=88.18752021 L=86.94590062 C=87.02705106 V=5709400.00000000
[Agent_Features] Generated 18 features for the latest tick.
[Agent] Exploration: Random action: SELL
[Portfolio] Logged Trade: SELL 3.46488199 PEP @ 87.03. New Cash: 4048.65, New Coins: 65.83275775
[Agent] Received reward: -0.36533944
[NeuralNetworkInterface] Received reward signal: -0.36533944
[Agent] Making decision using full OHLCV data
[Agent] Price data: O=88.44720459 H=88.93411338 L=87.40846419 C=87.40846419 V=5183000.00000000
[Agent_Features] Generated 18 features for the latest tick.
[Agent] Exploration: Random action: SELL
[Portfolio] Logged Trade: SELL 3.29163789 PEP @ 87.41. New Cash: 4336.36, New Coins: 62.54111986
[Agent] Received reward: -0.39354283
[NeuralNetworkInterface] Received reward signal: -0.39354283
[Agent] Making decision using full OHLCV data
[Agent] Price data: O=87.68437958 H=88.59327429 L=87.21369842 C=88.49589626 V=5034100.00000000
[Agent_Features] Generated 18 features for the latest tick.
[Agent] Exploration: Random action: SELL
[Portfolio] Logged Trade: SELL 3.12705599 PEP @ 88.50. New Cash: 4613.10, New Coins: 59.41406387
[Agent] Received reward: 0.37182428
[NeuralNetworkInterface] Received reward signal: 0.37182428
[Agent] Making decision using full OHLCV data
[Agent] Price data: O=87.86292267 H=88.42287125 L=87.33544169 C=87.94407930 V=6229200.00000000
[Agent_Features] Generated 18 features for the latest tick.
[Agent] Exploration: Random action: HOLD
[Agent] Received reward: 0.07000000
[NeuralNetworkInterface] Received reward signal: 0.07000000
[Agent] Making decision using full OHLCV data
[Agent] Price data: O=88.19565582 H=88.69879852 L=87.88728163 C=87.98465970 V=4297400.00000000
[Agent_Features] Generated 18 features for the latest tick.
[Agent] Exploration: Random action: SELL
[Portfolio] Logged Trade: SELL 2.97070319 PEP @ 87.98. New Cash: 4874.47, New Coins: 56.44336068
[Agent] Received reward: -0.35968405
[NeuralNetworkInterface] Received reward signal: -0.35968405
[Agent] Making decision using full OHLCV data
[Agent] Price data: O=88.34983063 H=88.86108395 L=87.48150795 C=88.22810188 V=4721400.00000000
[Agent_Features] Generated 18 features for the latest tick.
[Agent] Exploration: Random action: HOLD
[Agent] Received reward: 0.07000000
[NeuralNetworkInterface] Received reward signal: 0.07000000
[Agent] Making decision using full OHLCV data
[Agent] Price data: O=88.88542175 H=89.26683559 L=87.89537040 C=88.21186142 V=4711900.00000000
[Agent_Features] Generated 18 features for the latest tick.
[Agent] Exploration: Random action: BUY
[Portfolio] Logged Trade: BUY 2.76293438 PEP @ 88.21. New Cash: 4630.75, New Coins: 59.20629505
[Agent] Received reward: -0.35386383
[NeuralNetworkInterface] Received reward signal: -0.35386383
[Agent] Making decision using full OHLCV data
[Agent] Price data: O=88.29301453 H=88.91787963 L=87.69248774 C=88.11447987 V=3769100.00000000
[Agent_Features] Generated 18 features for the latest tick.
[Agent] Exploration: Random action: HOLD
[Agent] Received reward: 0.07000000
[NeuralNetworkInterface] Received reward signal: 0.07000000
[Agent] Making decision using full OHLCV data
[Agent] Price data: O=88.90166473 H=88.95847066 L=87.64381126 C=88.38229450 V=4870400.00000000
[Agent_Features] Generated 18 features for the latest tick.
[Agent] Exploration: Random action: HOLD
[Agent] Received reward: 0.07000000
[NeuralNetworkInterface] Received reward signal: 0.07000000
[Agent] Making decision using full OHLCV data
[Agent] Price data: O=88.90979767 H=89.28309473 L=88.43100563 C=88.85299173 V=4387300.00000000
[Agent_Features] Generated 18 features for the latest tick.
[Agent] Exploration: Random action: SELL
[Portfolio] Logged Trade: SELL 2.96031475 PEP @ 88.85. New Cash: 4893.78, New Coins: 56.24598030
[Agent] Received reward: 0.36150841
[NeuralNetworkInterface] Received reward signal: 0.36150841
[Agent] Making decision using full OHLCV data
[Agent] Price data: O=87.44905853 H=88.69879524 L=87.25429003 C=88.56083267 V=7866400.00000000
[Agent_Features] Generated 18 features for the latest tick.
[Agent] Exploration: Random action: HOLD
[Agent] Received reward: 0.07000000
[NeuralNetworkInterface] Received reward signal: 0.07000000
[Agent] Making decision using full OHLCV data
[Agent] Price data: O=91.61212158 H=91.70138892 L=89.00715367 C=89.76998136 V=16107200.00000000
[Agent_Features] Generated 18 features for the latest tick.
[Agent] Exploration: Random action: HOLD
[Agent] Received reward: 0.07000000
[NeuralNetworkInterface] Received reward signal: 0.07000000
[Agent] Making decision using full OHLCV data
[Agent] Price data: O=91.32808685 H=91.65269476 L=90.97101754 C=91.40923728 V=5521400.00000000
[Agent_Features] Generated 18 features for the latest tick.
[Agent] Exploration: Random action: BUY
[Portfolio] Logged Trade: BUY 2.67685251 PEP @ 91.41. New Cash: 4649.09, New Coins: 58.92283281
[Agent] Received reward: -0.35310719
[NeuralNetworkInterface] Received reward signal: -0.35310719
[Agent] Making decision using full OHLCV data
[Agent] Price data: O=90.50845337 H=91.46604329 L=90.05400601 C=91.32808694 V=5500100.00000000
[Agent_Features] Generated 18 features for the latest tick.
[Agent] Exploration: Random action: BUY
[Portfolio] Logged Trade: BUY 2.54526950 PEP @ 91.33. New Cash: 4416.64, New Coins: 61.46810231
[Agent] Received reward: -0.37674584
[NeuralNetworkInterface] Received reward signal: -0.37674584
[Agent] Making decision using full OHLCV data
[Agent] Price data: O=91.44982147 H=91.53097191 L=90.58149883 C=90.63018785 V=4417100.00000000
[Agent_Features] Generated 18 features for the latest tick.
[Agent] Exploration: Random action: HOLD
[Agent] Received reward: 0.07000000
[NeuralNetworkInterface] Received reward signal: 0.07000000
[Agent] Making decision using full OHLCV data
[Agent] Price data: O=91.66894531 H=91.79879098 L=90.68701064 C=91.34433732 V=5413600.00000000
[Agent_Features] Generated 18 features for the latest tick.
[Agent] Exploration: Random action: BUY
[Portfolio] Logged Trade: BUY 2.41757585 PEP @ 91.34. New Cash: 4195.81, New Coins: 63.88567816
[Agent] Received reward: 0.37829535
[NeuralNetworkInterface] Received reward signal: 0.37829535
[Agent] Making decision using full OHLCV data
[Agent] Price data: O=93.22703552 H=93.34876426 L=92.08280020 C=92.08280020 V=6783800.00000000
[Agent_Features] Generated 18 features for the latest tick.
[Agent] Exploration: Random action: SELL
[Portfolio] Logged Trade: SELL 3.19428391 PEP @ 92.08. New Cash: 4489.94, New Coins: 60.69139425
[Agent] Received reward: -0.39472535
[NeuralNetworkInterface] Received reward signal: -0.39472535
[Agent] Making decision using full OHLCV data
[Agent] Price data: O=93.18646240 H=93.32441875 L=92.42363474 C=93.25949593 V=5379000.00000000
[Agent_Features] Generated 18 features for the latest tick.
[Agent] Exploration: Random action: BUY
[Portfolio] Logged Trade: BUY 2.40723155 PEP @ 93.26. New Cash: 4265.45, New Coins: 63.09862581
[Agent] Received reward: -0.35456803
[NeuralNetworkInterface] Received reward signal: -0.35456803
[Agent] Making decision using full OHLCV data
[Agent] Price data: O=93.94929504 H=94.61473856 L=93.12155065 C=93.13777826 V=9241300.00000000
[Agent_Features] Generated 18 features for the latest tick.
[Agent] Exploration: Random action: BUY
[Portfolio] Logged Trade: BUY 2.28985859 PEP @ 93.14. New Cash: 4052.17, New Coins: 65.38848440
[Agent] Received reward: 0.37988576
[NeuralNetworkInterface] Received reward signal: 0.37988576
[Agent] Making decision using full OHLCV data
[Agent] Price data: O=94.14405823 H=94.77704029 L=93.50295926 C=93.93306214 V=27559700.00000000
[Agent_Features] Generated 18 features for the latest tick.
[Agent] Exploration: Random action: HOLD
[Agent] Received reward: 0.07000000
[NeuralNetworkInterface] Received reward signal: 0.07000000
[Agent] Making decision using full OHLCV data
[Agent] Price data: O=92.82940674 H=94.11972168 L=92.17208011 C=93.74641850 V=7769300.00000000
[Agent_Features] Generated 18 features for the latest tick.
[Agent] Exploration: Random action: BUY
[Portfolio] Logged Trade: BUY 2.16124229 PEP @ 93.75. New Cash: 3849.57, New Coins: 67.54972669
[Agent] Received reward: -0.39181095
[NeuralNetworkInterface] Received reward signal: -0.39181095
[Agent] Making decision using full OHLCV data
[Agent] Price data: O=93.11343384 H=93.25950711 L=92.39118440 C=92.62652501 V=5095100.00000000
[Agent_Features] Generated 18 features for the latest tick.
[Agent] Exploration: Random action: SELL
[Portfolio] Logged Trade: SELL 3.37748633 PEP @ 92.63. New Cash: 4162.41, New Coins: 64.17224035
[Agent] Received reward: -0.37453175
[NeuralNetworkInterface] Received reward signal: -0.37453175
[Agent] Making decision using full OHLCV data
[Agent] Price data: O=93.49485779 H=93.86815481 L=92.91868155 C=93.27575096 V=4762300.00000000
[Agent_Features] Generated 18 features for the latest tick.
[Agent] Exploration: Random action: SELL
[Portfolio] Logged Trade: SELL 3.20861202 PEP @ 93.28. New Cash: 4461.70, New Coins: 60.96362833
[Agent] Received reward: -0.38654042
[NeuralNetworkInterface] Received reward signal: -0.38654042
[Agent] Making decision using full OHLCV data
[Agent] Price data: O=93.32443237 H=94.86631554 L=93.22704813 C=94.24956103 V=5096300.00000000
[Agent_Features] Generated 18 features for the latest tick.
[Agent] Exploration: Random action: BUY
[Portfolio] Logged Trade: BUY 2.36695865 PEP @ 94.25. New Cash: 4238.61, New Coins: 63.33058699
[Agent] Received reward: -0.39128633
[NeuralNetworkInterface] Received reward signal: -0.39128633
[Agent] Making decision using full OHLCV data
[Agent] Price data: O=92.74014282 H=93.60846559 L=92.53726361 C=93.13778434 V=4563700.00000000
[Agent_Features] Generated 18 features for the latest tick.
[Agent] Exploration: Random action: HOLD
[Agent] Received reward: 0.07000000
[NeuralNetworkInterface] Received reward signal: 0.07000000
[Agent] Making decision using full OHLCV data
[Agent] Price data: O=92.65898132 H=92.99169997 L=92.24510605 C=92.33437339 V=3621800.00000000
[Agent_Features] Generated 18 features for the latest tick.
[Agent] Exploration: Random action: SELL
[Portfolio] Logged Trade: SELL 3.16652935 PEP @ 92.33. New Cash: 4530.99, New Coins: 60.16405764
[Agent] Received reward: -0.37707022
[NeuralNetworkInterface] Received reward signal: -0.37707022
[Agent] Making decision using full OHLCV data
[Agent] Price data: O=93.32443237 H=93.72207387 L=92.60218291 C=93.04851963 V=4892100.00000000
[Agent_Features] Generated 18 features for the latest tick.
[Agent] Exploration: Random action: HOLD
[Agent] Received reward: 0.07000000
[NeuralNetworkInterface] Received reward signal: 0.07000000
[Agent] Making decision using full OHLCV data
[Agent] Price data: O=92.19644165 H=92.94303576 L=91.88806744 C=92.85376840 V=4169000.00000000
[Agent_Features] Generated 18 features for the latest tick.
[Agent] Exploration: Random action: BUY
[Portfolio] Logged Trade: BUY 2.43985303 PEP @ 92.85. New Cash: 4304.44, New Coins: 62.60391067
[Agent] Received reward: -0.37508322
[NeuralNetworkInterface] Received reward signal: -0.37508322
[Agent] Making decision using full OHLCV data
[Agent] Price data: O=93.07287598 H=93.26763830 L=91.77444397 C=92.18831933 V=4167200.00000000
[Agent_Features] Generated 18 features for the latest tick.
[Agent] Exploration: Random action: HOLD
[Agent] Received reward: 0.07000000
[NeuralNetworkInterface] Received reward signal: 0.07000000
[Agent] Making decision using full OHLCV data
[Agent] Price data: O=94.37939453 H=94.70399626 L=92.81316706 C=93.13776878 V=3934500.00000000
[Agent_Features] Generated 18 features for the latest tick.
[Agent] Exploration: Random action: HOLD
[Agent] Received reward: -0.10500000
[NeuralNetworkInterface] Received reward signal: -0.10500000
[Agent] Making decision using full OHLCV data
[Agent] Price data: O=95.25581360 H=96.11602538 L=94.86628911 C=95.15031867 V=6704800.00000000
[Agent_Features] Generated 18 features for the latest tick.
[Agent] Exploration: Random action: SELL
[Portfolio] Logged Trade: SELL 3.13019553 PEP @ 95.15. New Cash: 4602.28, New Coins: 59.47371514
[Agent] Received reward: 0.37387994
[NeuralNetworkInterface] Received reward signal: 0.37387994
[Agent] Making decision using full OHLCV data
[Agent] Price data: O=92.69144440 H=94.50112329 L=92.13149586 C=94.50112329 V=6919600.00000000
[Agent_Features] Generated 18 features for the latest tick.
[Agent] Exploration: Random action: BUY
[Portfolio] Logged Trade: BUY 2.43504012 PEP @ 94.50. New Cash: 4372.17, New Coins: 61.90875525
[Agent] Received reward: -0.40800764
[NeuralNetworkInterface] Received reward signal: -0.40800764
[Agent] Making decision using full OHLCV data
[Agent] Price data: O=92.09903717 H=93.20270048 L=92.08280956 C=92.93489846 V=5172900.00000000
[Agent_Features] Generated 18 features for the latest tick.
[Agent] Exploration: Random action: BUY
[Portfolio] Logged Trade: BUY 2.35227378 PEP @ 92.93. New Cash: 4153.56, New Coins: 64.26102903
[Agent] Received reward: -0.36222533
[NeuralNetworkInterface] Received reward signal: -0.36222533
[Agent] Making decision using full OHLCV data
[Agent] Price data: O=92.26943970 H=92.61028139 L=92.00975462 C=92.61028139 V=4115400.00000000
[Agent_Features] Generated 18 features for the latest tick.
[Agent] Exploration: Random action: HOLD
[Agent] Received reward: 0.07000000
[NeuralNetworkInterface] Received reward signal: 0.07000000
[Agent] Making decision using full OHLCV data
[Agent] Price data: O=91.59590912 H=92.48857642 L=91.35245159 C=92.18019605 V=3711900.00000000
[Agent_Features] Generated 18 features for the latest tick.
[Agent] Exploration: Random action: BUY
[Portfolio] Logged Trade: BUY 2.25295581 PEP @ 92.18. New Cash: 3945.88, New Coins: 66.51398484
[Agent] Received reward: -0.37403360
[NeuralNetworkInterface] Received reward signal: -0.37403360
[Agent] Making decision using full OHLCV data
[Agent] Price data: O=91.71763611 H=91.81502036 L=90.89800851 C=91.54721830 V=3170100.00000000
[Agent_Features] Generated 18 features for the latest tick.
[Agent] Exploration: Random action: BUY
[Portfolio] Logged Trade: BUY 2.15510659 PEP @ 91.55. New Cash: 3748.59, New Coins: 68.66909143
[Agent] Received reward: -0.35341329
[NeuralNetworkInterface] Received reward signal: -0.35341329
[Agent] Making decision using full OHLCV data
[Agent] Price data: O=91.78254700 H=92.09903805 L=90.97914711 C=91.45793905 V=3836700.00000000
[Agent_Features] Generated 18 features for the latest tick.
[Agent] Exploration: Random action: HOLD
[Agent] Received reward: 0.07000000
[NeuralNetworkInterface] Received reward signal: 0.07000000
[Agent] Making decision using full OHLCV data
[Agent] Price data: O=92.06656647 H=92.30190705 L=91.09274891 C=91.50662416 V=6513300.00000000
[Agent_Features] Generated 18 features for the latest tick.
[Agent] Exploration: Random action: HOLD
[Agent] Received reward: 0.07000000
[NeuralNetworkInterface] Received reward signal: 0.07000000
[Agent] Making decision using full OHLCV data
[Agent] Price data: O=92.71578979 H=93.10532056 L=92.00165728 C=92.30191451 V=4504600.00000000
[Agent_Features] Generated 18 features for the latest tick.
[Agent] Exploration: Random action: SELL
[Portfolio] Logged Trade: SELL 3.43345457 PEP @ 92.30. New Cash: 4065.50, New Coins: 65.23563686
[Agent] Received reward: -0.35800090
[NeuralNetworkInterface] Received reward signal: -0.35800090
[Agent] Making decision using full OHLCV data
[Agent] Price data: O=93.29196930 H=93.39746425 L=92.51291393 C=92.51291393 V=3391600.00000000
[Agent_Features] Generated 18 features for the latest tick.
[Agent] Exploration: Random action: HOLD
[Agent] Received reward: 0.00000000
[NeuralNetworkInterface] Received reward signal: 0.00000000
[Simulation] Simulation run finished. Ticks processed in this run: 182

Simulation Finished in 0.02 seconds.
--------------------
  Final Portfolio  
--------------------
Cash:      $4065.50
Asset:     65.2356 PEP
Total Value: $10100.64
--------------------
[Simulation] Simulation destroyed.
[AutonomousTradingAgent] Agent destroyed
[NeuralNetworkInterface] Destructor called.
[Portfolio] Destroyed for asset: PEP. Final cash: 4065.50, Final assets: 65.24
