Loading data from training_run_20250621_153613/data/NVDA_1d_20161204_to_20170831.csv...
Loaded 138 data points.
[Portfolio] Initialized for asset: NVDA with initial cash: 10000.00. Initial Portfolio Value: 10000.00
[NeuralNetworkInterface] Constructor called.
[NeuralNetworkInterface] Initializing...
Warning: NN model path is empty. Initializing in a mock state.
[NeuralNetworkInterface] Initialized successfully.
[AutonomousTradingAgent] Agent initialized for NVDA without API client (CSV mode).
[Simulation] Initialized with 138 data points.
[Simulation] API client is NULL (offline/CSV mode).

Starting Simulation for NVDA...
[Simulation] Starting simulation run...
[Agent] Making decision using full OHLCV data
[Agent] Price data: O=2.68 H=2.70 L=2.65 C=2.68 V=373020000.00
[Agent_Features] Generated 15 features for the latest tick.
[Agent] Exploration: Random action: SELL
[Agent] Received reward: -0.37
[NeuralNetworkInterface] Received reward signal: -0.37
[Agent] Making decision using full OHLCV data
[Agent] Price data: O=2.64 H=2.70 L=2.60 C=2.69 V=647176000.00
[Agent_Features] Generated 17 features for the latest tick.
[Agent] Exploration: Random action: BUY
[Portfolio] Logged Trade: BUY 185.57992884 NVDA @ 2.69. New Cash: 9500.00, New Coins: 185.57992884
[Agent] Received reward: -0.43606792
[NeuralNetworkInterface] Received reward signal: -0.43606792
[Agent] Making decision using full OHLCV data
[Agent] Price data: O=2.64105654 H=2.64549006 L=2.58095988 C=2.62800285 V=563740000.00000000
[Agent_Features] Generated 17 features for the latest tick.
[Agent] Exploration: Random action: BUY
[Portfolio] Logged Trade: BUY 180.74561816 NVDA @ 2.63. New Cash: 9025.00, New Coins: 366.32554701
[Agent] Received reward: 0.40018741
[NeuralNetworkInterface] Received reward signal: 0.40018741
[Agent] Making decision using full OHLCV data
[Agent] Price data: O=2.73563528 H=2.73957600 L=2.66544007 C=2.66568647 V=551952000.00000000
[Agent_Features] Generated 17 features for the latest tick.
[Agent] Exploration: Random action: BUY
[Portfolio] Logged Trade: BUY 169.28097348 NVDA @ 2.67. New Cash: 8573.75, New Coins: 535.60652048
[Agent] Received reward: 0.45770714
[NeuralNetworkInterface] Received reward signal: 0.45770714
[Agent] Making decision using full OHLCV data
[Agent] Price data: O=2.73144269 H=2.75709006 L=2.71245364 C=2.74771889 V=433772000.00000000
[Agent_Features] Generated 18 features for the latest tick.
[Agent] Exploration: Random action: BUY
[Portfolio] Logged Trade: BUY 156.01577798 NVDA @ 2.75. New Cash: 8145.06, New Coins: 691.62229846
[Agent] Received reward: -0.53596346
[NeuralNetworkInterface] Received reward signal: -0.53596346
[Agent] Making decision using full OHLCV data
[Agent] Price data: O=2.47817469 H=2.62367409 L=2.45819950 C=2.60172594 V=1592888000.00000000
[Agent_Features] Generated 18 features for the latest tick.
[Agent] Exploration: Random action: SELL
[Portfolio] Logged Trade: SELL 34.58111492 NVDA @ 2.60. New Cash: 8235.03, New Coins: 657.04118354
[Agent] Received reward: 0.62966758
[NeuralNetworkInterface] Received reward signal: 0.62966758
[Agent] Making decision using full OHLCV data
[Agent] Price data: O=2.50209641 H=2.51541328 L=2.36004949 C=2.39383497 V=1029904000.00000000
[Agent_Features] Generated 18 features for the latest tick.
[Agent] Exploration: Random action: HOLD
[Agent] Received reward: -0.10500000
[NeuralNetworkInterface] Received reward signal: -0.10500000
[Agent] Making decision using full OHLCV data
[Agent] Price data: O=2.57484603 H=2.58988915 L=2.50456246 C=2.52034548 V=715400000.00000000
[Agent_Features] Generated 18 features for the latest tick.
[Agent] Exploration: Random action: SELL
[Portfolio] Logged Trade: SELL 32.85205918 NVDA @ 2.52. New Cash: 8317.83, New Coins: 624.18912436
[Agent] Received reward: -0.43904046
[NeuralNetworkInterface] Received reward signal: -0.43904046
[Agent] Making decision using full OHLCV data
[Agent] Price data: O=2.50258923 H=2.59432799 L=2.48532666 C=2.58446340 V=625360000.00000000
[Agent_Features] Generated 18 features for the latest tick.
[Agent] Exploration: Random action: SELL
[Portfolio] Logged Trade: SELL 31.20945622 NVDA @ 2.58. New Cash: 8398.49, New Coins: 592.97966814
[Agent] Received reward: 0.38373081
[NeuralNetworkInterface] Received reward signal: 0.38373081
[Agent] Making decision using full OHLCV data
[Agent] Price data: O=2.53489518 H=2.57385942 L=2.49346480 C=2.55955595 V=504804000.00000000
[Agent_Features] Generated 18 features for the latest tick.
[Agent] Exploration: Random action: BUY
[Portfolio] Logged Trade: BUY 164.06149107 NVDA @ 2.56. New Cash: 7978.57, New Coins: 757.04115921
[Agent] Received reward: -0.40125559
[NeuralNetworkInterface] Received reward signal: -0.40125559
[Agent] Making decision using full OHLCV data
[Agent] Price data: O=2.44143128 H=2.53612942 L=2.43871866 C=2.52207265 V=754332000.00000000
[Agent_Features] Generated 18 features for the latest tick.
[Agent] Exploration: Random action: HOLD
[Agent] Received reward: -0.10500000
[NeuralNetworkInterface] Received reward signal: -0.10500000
[Agent] Making decision using full OHLCV data
[Agent] Price data: O=2.42737317 H=2.43575774 L=2.37287240 C=2.43082568 V=864692000.00000000
[Agent_Features] Generated 18 features for the latest tick.
[Agent] Exploration: Random action: SELL
[Portfolio] Logged Trade: SELL 37.85205796 NVDA @ 2.43. New Cash: 8070.58, New Coins: 719.18910125
[Agent] Received reward: 0.40716653
[NeuralNetworkInterface] Received reward signal: 0.40716653
[Agent] Making decision using full OHLCV data
[Agent] Price data: O=2.40863156 H=2.41923581 L=2.34697928 C=2.39112229 V=883568000.00000000
[Agent_Features] Generated 18 features for the latest tick.
[Agent] Exploration: Random action: SELL
[Portfolio] Logged Trade: SELL 35.95945506 NVDA @ 2.39. New Cash: 8156.56, New Coins: 683.22964618
[Agent] Received reward: -0.37562839
[NeuralNetworkInterface] Received reward signal: -0.37562839
[Agent] Making decision using full OHLCV data
[Agent] Price data: O=2.43501806 H=2.45450030 L=2.39580735 C=2.40863104 V=603400000.00000000
[Agent_Features] Generated 18 features for the latest tick.
[Agent] Exploration: Random action: SELL
[Portfolio] Logged Trade: SELL 34.16148231 NVDA @ 2.41. New Cash: 8238.84, New Coins: 649.06816387
[Agent] Received reward: -0.45858079
[NeuralNetworkInterface] Received reward signal: -0.45858079
[Agent] Making decision using full OHLCV data
[Agent] Price data: O=2.43057990 H=2.49815085 L=2.42836046 C=2.48335420 V=638712000.00000000
[Agent_Features] Generated 18 features for the latest tick.
[Agent] Exploration: Random action: HOLD
[Agent] Received reward: -0.10500000
[NeuralNetworkInterface] Received reward signal: -0.10500000
[Agent] Making decision using full OHLCV data
[Agent] Price data: O=2.43008590 H=2.45252723 L=2.40197238 C=2.41454959 V=478060000.00000000
[Agent_Features] Generated 18 features for the latest tick.
[Agent] Exploration: Random action: BUY
[Portfolio] Logged Trade: BUY 170.60830709 NVDA @ 2.41. New Cash: 7826.90, New Coins: 819.67647097
[Agent] Received reward: 0.41077043
[NeuralNetworkInterface] Received reward signal: 0.41077043
[Agent] Making decision using full OHLCV data
[Agent] Price data: O=2.44438934 H=2.46831046 L=2.42614042 C=2.45647337 V=499740000.00000000
[Agent_Features] Generated 18 features for the latest tick.
[Agent] Exploration: Random action: BUY
[Portfolio] Logged Trade: BUY 159.31176460 NVDA @ 2.46. New Cash: 7435.56, New Coins: 978.98823557
[Agent] Received reward: -0.35246000
[NeuralNetworkInterface] Received reward signal: -0.35246000
[Agent] Making decision using full OHLCV data
[Agent] Price data: O=2.51171350 H=2.52157786 L=2.45400693 C=2.45474682 V=774136000.00000000
[Agent_Features] Generated 18 features for the latest tick.
[Agent] Exploration: Random action: HOLD
[Agent] Received reward: -0.10500000
[NeuralNetworkInterface] Received reward signal: -0.10500000
[Agent] Making decision using full OHLCV data
[Agent] Price data: O=2.50998807 H=2.53390895 L=2.47768214 C=2.52453801 V=522016000.00000000
[Agent_Features] Generated 18 features for the latest tick.
[Agent] Exploration: Random action: BUY
[Portfolio] Logged Trade: BUY 147.26569781 NVDA @ 2.52. New Cash: 7063.78, New Coins: 1126.25393338
[Agent] Received reward: -0.35410375
[NeuralNetworkInterface] Received reward signal: -0.35410375
[Agent] Making decision using full OHLCV data
[Agent] Price data: O=2.52897620 H=2.53982692 L=2.47398225 C=2.52157800 V=615036000.00000000
[Agent_Features] Generated 18 features for the latest tick.
[Agent] Exploration: Random action: SELL
[Portfolio] Logged Trade: SELL 56.31269667 NVDA @ 2.52. New Cash: 7205.78, New Coins: 1069.94123671
[Agent] Received reward: -0.37498810
[NeuralNetworkInterface] Received reward signal: -0.37498810
[Agent] Making decision using full OHLCV data
[Agent] Price data: O=2.56004906 H=2.56054247 L=2.52552393 C=2.53958069 V=523100000.00000000
[Agent_Features] Generated 18 features for the latest tick.
[Agent] Exploration: Random action: BUY
[Portfolio] Logged Trade: BUY 141.86940533 NVDA @ 2.54. New Cash: 6845.49, New Coins: 1211.81064204
[Agent] Received reward: 0.40234044
[NeuralNetworkInterface] Received reward signal: 0.40234044
[Agent] Making decision using full OHLCV data
[Agent] Price data: O=2.61578321 H=2.61701629 L=2.56004936 C=2.57755863 V=1119688000.00000000
[Agent_Features] Generated 18 features for the latest tick.
[Agent] Exploration: Random action: HOLD
[Agent] Received reward: -0.10500000
[NeuralNetworkInterface] Received reward signal: -0.10500000
[Agent] Making decision using full OHLCV data
[Agent] Price data: O=2.69913673 H=2.70308266 L=2.61726256 C=2.63329229 V=748568000.00000000
[Agent_Features] Generated 18 features for the latest tick.
[Agent] Exploration: Random action: HOLD
[Agent] Received reward: 0.07000000
[NeuralNetworkInterface] Received reward signal: 0.07000000
[Agent] Making decision using full OHLCV data
[Agent] Price data: O=2.61183739 H=2.71171426 L=2.60394600 C=2.68187448 V=913484000.00000000
[Agent_Features] Generated 18 features for the latest tick.
[Agent] Exploration: Random action: HOLD
[Agent] Received reward: -0.10500000
[NeuralNetworkInterface] Received reward signal: -0.10500000
[Agent] Making decision using full OHLCV data
[Agent] Price data: O=2.66510487 H=2.66979045 L=2.59679403 C=2.60073973 V=616764000.00000000
[Agent_Features] Generated 18 features for the latest tick.
[Agent] Exploration: Random action: SELL
[Portfolio] Logged Trade: SELL 60.59053210 NVDA @ 2.60. New Cash: 7003.07, New Coins: 1151.22010994
[Agent] Received reward: -0.42600016
[NeuralNetworkInterface] Received reward signal: -0.42600016
[Agent] Making decision using full OHLCV data
[Agent] Price data: O=2.64093685 H=2.67718847 L=2.63131921 C=2.65721305 V=533940000.00000000
[Agent_Features] Generated 18 features for the latest tick.
[Agent] Exploration: Random action: SELL
[Portfolio] Logged Trade: SELL 57.56100550 NVDA @ 2.66. New Cash: 7156.02, New Coins: 1093.65910444
[Agent] Received reward: -0.38962850
[NeuralNetworkInterface] Received reward signal: -0.38962850
[Agent] Making decision using full OHLCV data
[Agent] Price data: O=2.65030766 H=2.69519055 L=2.62441382 C=2.68729916 V=439500000.00000000
[Agent_Features] Generated 18 features for the latest tick.
[Agent] Exploration: Random action: HOLD
[Agent] Received reward: -0.10500000
[NeuralNetworkInterface] Received reward signal: -0.10500000
[Agent] Making decision using full OHLCV data
[Agent] Price data: O=2.66954350 H=2.67348920 L=2.55437705 C=2.60369883 V=506644000.00000000
[Agent_Features] Generated 18 features for the latest tick.
[Agent] Exploration: Random action: HOLD
[Agent] Received reward: -0.10500000
[NeuralNetworkInterface] Received reward signal: -0.10500000
[Agent] Making decision using full OHLCV data
[Agent] Price data: O=2.65573311 H=2.68532617 L=2.64537557 C=2.67077623 V=432444000.00000000
[Agent_Features] Generated 18 features for the latest tick.
[Agent] Exploration: Random action: SELL
[Portfolio] Logged Trade: SELL 54.68295522 NVDA @ 2.67. New Cash: 7302.07, New Coins: 1038.97614922
[Agent] Received reward: 0.36001750
[NeuralNetworkInterface] Received reward signal: 0.36001750
[Agent] Making decision using full OHLCV data
[Agent] Price data: O=2.64710259 H=2.67546259 L=2.64488316 C=2.66313209 V=349992000.00000000
[Agent_Features] Generated 18 features for the latest tick.
[Agent] Exploration: Random action: SELL
[Portfolio] Logged Trade: SELL 51.94880746 NVDA @ 2.66. New Cash: 7440.41, New Coins: 987.02734176
[Agent] Received reward: 0.36166882
[NeuralNetworkInterface] Received reward signal: 0.36166882
[Agent] Making decision using full OHLCV data
[Agent] Price data: O=2.69790316 H=2.71269980 L=2.64858139 C=2.65425334 V=525532000.00000000
[Agent_Features] Generated 18 features for the latest tick.
[Agent] Exploration: Random action: SELL
[Portfolio] Logged Trade: SELL 49.35136709 NVDA @ 2.65. New Cash: 7571.40, New Coins: 937.67597467
[Agent] Received reward: -0.39487629
[NeuralNetworkInterface] Received reward signal: -0.39487629
[Agent] Making decision using full OHLCV data
[Agent] Price data: O=2.68631268 H=2.70998731 L=2.67324252 C=2.68828564 V=440808000.00000000
[Agent_Features] Generated 18 features for the latest tick.
[Agent] Exploration: Random action: SELL
[Portfolio] Logged Trade: SELL 46.88379873 NVDA @ 2.69. New Cash: 7697.44, New Coins: 890.79217594
[Agent] Received reward: 0.35192574
[NeuralNetworkInterface] Received reward signal: 0.35192574
[Agent] Making decision using full OHLCV data
[Agent] Price data: O=2.67274976 H=2.70406908 L=2.64907512 C=2.68680652 V=445232000.00000000
[Agent_Features] Generated 18 features for the latest tick.
[Agent] Exploration: Random action: BUY
[Portfolio] Logged Trade: BUY 143.24514627 NVDA @ 2.69. New Cash: 7312.57, New Coins: 1034.03732220
[Agent] Received reward: -0.52829289
[NeuralNetworkInterface] Received reward signal: -0.52829289
[Agent] Making decision using full OHLCV data
[Agent] Price data: O=2.48532677 H=2.57509257 L=2.47447605 C=2.54993838 V=1271280000.00000000
[Agent_Features] Generated 18 features for the latest tick.
[Agent] Exploration: Random action: BUY
[Portfolio] Logged Trade: BUY 143.38714852 NVDA @ 2.55. New Cash: 6946.94, New Coins: 1177.42447072
[Agent] Received reward: -0.46441038
[NeuralNetworkInterface] Received reward signal: -0.46441038
[Agent] Making decision using full OHLCV data
[Agent] Price data: O=2.46683097 H=2.52453755 L=2.45376058 C=2.46658426 V=747048000.00000000
[Agent_Features] Generated 18 features for the latest tick.
[Agent] Exploration: Random action: SELL
[Portfolio] Logged Trade: SELL 58.87122354 NVDA @ 2.47. New Cash: 7092.15, New Coins: 1118.55324718
[Agent] Received reward: -0.35769966
[NeuralNetworkInterface] Received reward signal: -0.35769966
[Agent] Making decision using full OHLCV data
[Agent] Price data: O=2.48483419 H=2.49691799 L=2.42688089 C=2.47201051 V=635120000.00000000
[Agent_Features] Generated 18 features for the latest tick.
[Agent] Exploration: Random action: SELL
[Portfolio] Logged Trade: SELL 55.92766236 NVDA @ 2.47. New Cash: 7230.40, New Coins: 1062.62558483
[Agent] Received reward: -0.37723447
[NeuralNetworkInterface] Received reward signal: -0.37723447
[Agent] Making decision using full OHLCV data
[Agent] Price data: O=2.47422981 H=2.50875518 L=2.45918669 C=2.49124591 V=429068000.00000000
[Agent_Features] Generated 18 features for the latest tick.
[Agent] Exploration: Random action: BUY
[Portfolio] Logged Trade: BUY 145.11622581 NVDA @ 2.49. New Cash: 6868.88, New Coins: 1207.74181064
[Agent] Received reward: -0.37286740
[NeuralNetworkInterface] Received reward signal: -0.37286740
[Agent] Making decision using full OHLCV data
[Agent] Price data: O=2.41109753 H=2.48162756 L=2.40690512 C=2.47496925 V=756332000.00000000
[Agent_Features] Generated 18 features for the latest tick.
[Agent] Exploration: Random action: BUY
[Portfolio] Logged Trade: BUY 138.76705485 NVDA @ 2.47. New Cash: 6525.44, New Coins: 1346.50886549
[Agent] Received reward: -0.48287125
[NeuralNetworkInterface] Received reward signal: -0.48287125
[Agent] Making decision using full OHLCV data
[Agent] Price data: O=2.41972923 H=2.43896476 L=2.37607940 C=2.38101146 V=618148000.00000000
[Agent_Features] Generated 18 features for the latest tick.
[Agent] Exploration: Random action: BUY
[Portfolio] Logged Trade: BUY 137.03083294 NVDA @ 2.38. New Cash: 6199.17, New Coins: 1483.53969844
[Agent] Received reward: 0.40691301
[NeuralNetworkInterface] Received reward signal: 0.40691301
[Agent] Making decision using full OHLCV data
[Agent] Price data: O=2.39975333 H=2.43403198 L=2.39457456 C=2.41972875 V=414092000.00000000
[Agent_Features] Generated 18 features for the latest tick.
[Agent] Exploration: Random action: SELL
[Portfolio] Logged Trade: SELL 74.17698492 NVDA @ 2.42. New Cash: 6378.66, New Coins: 1409.36271351
[Agent] Received reward: 0.41385121
[NeuralNetworkInterface] Received reward signal: 0.41385121
[Agent] Making decision using full OHLCV data
[Agent] Price data: O=2.35486984 H=2.39728658 L=2.35486984 C=2.37558515 V=506892000.00000000
[Agent_Features] Generated 18 features for the latest tick.
[Agent] Exploration: Random action: BUY
[Portfolio] Logged Trade: BUY 134.25441466 NVDA @ 2.38. New Cash: 6059.72, New Coins: 1543.61712817
[Agent] Received reward: -0.36162544
[NeuralNetworkInterface] Received reward signal: -0.36162544
[Agent] Making decision using full OHLCV data
[Agent] Price data: O=2.44710279 H=2.44734926 L=2.36251574 C=2.36769451 V=497292000.00000000
[Agent_Features] Generated 18 features for the latest tick.
[Agent] Exploration: Random action: SELL
[Portfolio] Logged Trade: SELL 77.18085641 NVDA @ 2.37. New Cash: 6242.46, New Coins: 1466.43627176
[Agent] Received reward: -0.44623832
[NeuralNetworkInterface] Received reward signal: -0.44623832
[Agent] Making decision using full OHLCV data
[Agent] Price data: O=2.44858122 H=2.45474659 L=2.40690437 C=2.43279821 V=370116000.00000000
[Agent_Features] Generated 18 features for the latest tick.
[Agent] Exploration: Random action: SELL
[Portfolio] Logged Trade: SELL 73.32181359 NVDA @ 2.43. New Cash: 6420.84, New Coins: 1393.11445817
[Agent] Received reward: -0.39789761
[NeuralNetworkInterface] Received reward signal: -0.39789761
[Agent] Making decision using full OHLCV data
[Agent] Price data: O=2.45819974 H=2.49025872 L=2.45154119 C=2.46609113 V=380828000.00000000
[Agent_Features] Generated 18 features for the latest tick.
[Agent] Exploration: Random action: HOLD
[Agent] Received reward: 0.07000000
[NeuralNetworkInterface] Received reward signal: 0.07000000
[Agent] Making decision using full OHLCV data
[Agent] Price data: O=2.49716401 H=2.50184960 L=2.45154122 C=2.47274971 V=404016000.00000000
[Agent_Features] Generated 18 features for the latest tick.
[Agent] Exploration: Random action: BUY
[Portfolio] Logged Trade: BUY 129.83200256 NVDA @ 2.47. New Cash: 6099.80, New Coins: 1522.94646073
[Agent] Received reward: 0.36989578
[NeuralNetworkInterface] Received reward signal: 0.36989578
[Agent] Making decision using full OHLCV data
[Agent] Price data: O=2.50752139 H=2.51023401 L=2.47496900 C=2.48680608 V=341896000.00000000
[Agent_Features] Generated 18 features for the latest tick.
[Agent] Exploration: Random action: SELL
[Portfolio] Logged Trade: SELL 76.14732304 NVDA @ 2.49. New Cash: 6289.16, New Coins: 1446.79913770
[Agent] Received reward: -0.42358095
[NeuralNetworkInterface] Received reward signal: -0.42358095
[Agent] Making decision using full OHLCV data
[Agent] Price data: O=2.53884006 H=2.55191021 L=2.51812499 C=2.53908653 V=371820000.00000000
[Agent_Features] Generated 18 features for the latest tick.
[Agent] Exploration: Random action: HOLD
[Agent] Received reward: 0.07000000
[NeuralNetworkInterface] Received reward signal: 0.07000000
[Agent] Making decision using full OHLCV data
[Agent] Price data: O=2.58298397 H=2.59753391 L=2.53193594 C=2.55339090 V=388440000.00000000
[Agent_Features] Generated 18 features for the latest tick.
[Agent] Exploration: Random action: SELL
[Portfolio] Logged Trade: SELL 72.33995688 NVDA @ 2.55. New Cash: 6473.87, New Coins: 1374.45918081
[Agent] Received reward: -0.40915594
[NeuralNetworkInterface] Received reward signal: -0.40915594
[Agent] Making decision using full OHLCV data
[Agent] Price data: O=2.56522822 H=2.59901346 L=2.56325526 C=2.59654755 V=327004000.00000000
[Agent_Features] Generated 18 features for the latest tick.
[Agent] Exploration: Random action: HOLD
[Agent] Received reward: 0.07000000
[NeuralNetworkInterface] Received reward signal: 0.07000000
[Agent] Making decision using full OHLCV data
[Agent] Price data: O=2.60517883 H=2.61356341 L=2.55462398 C=2.57262644 V=319700000.00000000
[Agent_Features] Generated 18 features for the latest tick.
[Agent] Exploration: Random action: BUY
[Portfolio] Logged Trade: BUY 125.82228458 NVDA @ 2.57. New Cash: 6150.18, New Coins: 1500.28146539
[Agent] Received reward: 0.38489241
[NeuralNetworkInterface] Received reward signal: 0.38489241
[Agent] Making decision using full OHLCV data
[Agent] Price data: O=2.57213306 H=2.60517864 L=2.56646088 C=2.59827362 V=348248000.00000000
[Agent_Features] Generated 18 features for the latest tick.
[Agent] Exploration: Random action: HOLD
[Agent] Received reward: 0.07000000
[NeuralNetworkInterface] Received reward signal: 0.07000000
[Agent] Making decision using full OHLCV data
[Agent] Price data: O=2.62983966 H=2.63501866 L=2.57583229 C=2.58298403 V=307732000.00000000
[Agent_Features] Generated 18 features for the latest tick.
[Agent] Exploration: Random action: SELL
[Portfolio] Logged Trade: SELL 75.01407327 NVDA @ 2.58. New Cash: 6343.94, New Coins: 1425.26739212
[Agent] Received reward: -0.37706738
[NeuralNetworkInterface] Received reward signal: -0.37706738
[Agent] Making decision using full OHLCV data
[Agent] Price data: O=2.55191135 H=2.60419270 L=2.52922331 C=2.60295963 V=629972000.00000000
[Agent_Features] Generated 18 features for the latest tick.
[Agent] Exploration: Random action: HOLD
[Agent] Received reward: -0.10500000
[NeuralNetworkInterface] Received reward signal: -0.10500000
[Agent] Making decision using full OHLCV data
[Agent] Price data: O=2.57090092 H=2.58051857 L=2.53021041 C=2.54500683 V=336904000.00000000
[Agent_Features] Generated 18 features for the latest tick.
[Agent] Exploration: Random action: BUY
[Portfolio] Logged Trade: BUY 124.63505119 NVDA @ 2.55. New Cash: 6026.74, New Coins: 1549.90244331
[Agent] Received reward: 0.39408824
[NeuralNetworkInterface] Received reward signal: 0.39408824
[Agent] Making decision using full OHLCV data
[Agent] Price data: O=2.56103587 H=2.58816279 L=2.55314425 C=2.57706536 V=209788000.00000000
[Agent_Features] Generated 18 features for the latest tick.
[Agent] Exploration: Random action: HOLD
[Agent] Received reward: 0.07000000
[NeuralNetworkInterface] Received reward signal: 0.07000000
[Agent] Making decision using full OHLCV data
[Agent] Price data: O=2.56128240 H=2.56843413 L=2.53390877 C=2.54944531 V=228428000.00000000
[Agent_Features] Generated 18 features for the latest tick.
[Agent] Exploration: Random action: BUY
[Portfolio] Logged Trade: BUY 118.19716328 NVDA @ 2.55. New Cash: 5725.41, New Coins: 1668.09960658
[Agent] Received reward: 0.38250028
[NeuralNetworkInterface] Received reward signal: 0.38250028
[Agent] Making decision using full OHLCV data
[Agent] Price data: O=2.53440142 H=2.57459848 L=2.52305728 C=2.57311894 V=365240000.00000000
[Agent_Features] Generated 18 features for the latest tick.
[Agent] Exploration: Random action: SELL
[Portfolio] Logged Trade: SELL 83.40498033 NVDA @ 2.57. New Cash: 5940.02, New Coins: 1584.69462625
[Agent] Received reward: 0.39494792
[NeuralNetworkInterface] Received reward signal: 0.39494792
[Agent] Making decision using full OHLCV data
[Agent] Price data: O=2.53859448 H=2.58766979 L=2.53168946 C=2.54007427 V=847672000.00000000
[Agent_Features] Generated 18 features for the latest tick.
[Agent] Exploration: Random action: BUY
[Portfolio] Logged Trade: BUY 116.92606550 NVDA @ 2.54. New Cash: 5643.02, New Coins: 1701.62069176
[Agent] Received reward: 0.70000000
[NeuralNetworkInterface] Received reward signal: 0.70000000
[Agent] Making decision using full OHLCV data
[Agent] Price data: O=2.99112201 H=3.00419240 L=2.81183735 C=2.81849567 V=2129096000.00000000
[Agent_Features] Generated 18 features for the latest tick.
[Agent] Exploration: Random action: SELL
[Portfolio] Logged Trade: SELL 85.08103459 NVDA @ 2.82. New Cash: 5882.82, New Coins: 1616.53965717
[Agent] Received reward: -0.52639341
[NeuralNetworkInterface] Received reward signal: -0.52639341
[Agent] Making decision using full OHLCV data
[Agent] Price data: O=3.11960530 H=3.21652284 L=2.95709003 C=2.96054254 V=1939792000.00000000
[Agent_Features] Generated 18 features for the latest tick.
[Agent] Exploration: Random action: BUY
[Portfolio] Logged Trade: BUY 99.35370558 NVDA @ 2.96. New Cash: 5588.68, New Coins: 1715.89336275
[Agent] Received reward: 0.54183754
[NeuralNetworkInterface] Received reward signal: 0.54183754
[Agent] Making decision using full OHLCV data
[Agent] Price data: O=3.15388465 H=3.19605494 L=3.10185024 C=3.12281203 V=962620000.00000000
[Agent_Features] Generated 18 features for the latest tick.
[Agent] Exploration: Random action: BUY
[Portfolio] Logged Trade: BUY 89.48147562 NVDA @ 3.12. New Cash: 5309.24, New Coins: 1805.37483837
[Agent] Received reward: 0.43098290
[NeuralNetworkInterface] Received reward signal: 0.43098290
[Agent] Making decision using full OHLCV data
[Agent] Price data: O=3.31220675 H=3.31467289 L=3.19062845 C=3.19506756 V=1087540000.00000000
[Agent_Features] Generated 18 features for the latest tick.
[Agent] Exploration: Random action: BUY
[Portfolio] Logged Trade: BUY 83.08498385 NVDA @ 3.20. New Cash: 5043.78, New Coins: 1888.45982222
[Agent] Received reward: 0.53423890
[NeuralNetworkInterface] Received reward signal: 0.53423890
[Agent] Making decision using full OHLCV data
[Agent] Price data: O=3.37385917 H=3.38939571 L=3.28877919 C=3.36325492 V=1120700000.00000000
[Agent_Features] Generated 18 features for the latest tick.
[Agent] Exploration: Random action: HOLD
[Agent] Received reward: 0.07000000
[NeuralNetworkInterface] Received reward signal: 0.07000000
[Agent] Making decision using full OHLCV data
[Agent] Price data: O=3.14969206 H=3.32577092 L=3.14549965 C=3.30702858 V=1271368000.00000000
[Agent_Features] Generated 18 features for the latest tick.
[Agent] Exploration: Random action: SELL
[Portfolio] Logged Trade: SELL 94.42299111 NVDA @ 3.31. New Cash: 5356.04, New Coins: 1794.03683111
[Agent] Received reward: 0.47006092
[NeuralNetworkInterface] Received reward signal: 0.47006092
[Agent] Making decision using full OHLCV data
[Agent] Price data: O=3.28162670 H=3.29050469 L=3.13316799 C=3.19358718 V=1156032000.00000000
[Agent_Features] Generated 18 features for the latest tick.
[Agent] Exploration: Random action: HOLD
[Agent] Received reward: -0.10500000
[NeuralNetworkInterface] Received reward signal: -0.10500000
[Agent] Making decision using full OHLCV data
[Agent] Price data: O=3.35741663 H=3.41222131 L=3.33816084 C=3.38284405 V=1018372000.00000000
[Agent_Features] Generated 18 features for the latest tick.
[Agent] Exploration: Random action: BUY
[Portfolio] Logged Trade: BUY 79.16475103 NVDA @ 3.38. New Cash: 5088.24, New Coins: 1873.20158214
[Agent] Received reward: 0.36890071
[NeuralNetworkInterface] Received reward signal: 0.36890071
[Agent] Making decision using full OHLCV data
[Agent] Price data: O=3.42900825 H=3.44332654 L=3.39024970 C=3.40111209 V=836608000.00000000
[Agent_Features] Generated 18 features for the latest tick.
[Agent] Exploration: Random action: BUY
[Portfolio] Logged Trade: BUY 74.80256450 NVDA @ 3.40. New Cash: 4833.83, New Coins: 1948.00414664
[Agent] Received reward: 0.39903123
[NeuralNetworkInterface] Received reward signal: 0.39903123
[Agent] Making decision using full OHLCV data
[Agent] Price data: O=3.38284397 H=3.45097978 L=3.35025729 C=3.44875801 V=681248000.00000000
[Agent_Features] Generated 18 features for the latest tick.
[Agent] Exploration: Random action: BUY
[Portfolio] Logged Trade: BUY 70.08068140 NVDA @ 3.45. New Cash: 4592.13, New Coins: 2018.08482803
[Agent] Received reward: 0.38156762
[NeuralNetworkInterface] Received reward signal: 0.38156762
[Agent] Making decision using full OHLCV data
[Agent] Price data: O=3.42086196 H=3.48257918 L=3.40876520 C=3.47986346 V=815996000.00000000
[Agent_Features] Generated 18 features for the latest tick.
[Agent] Exploration: Random action: SELL
[Portfolio] Logged Trade: SELL 100.90424140 NVDA @ 3.48. New Cash: 4943.27, New Coins: 1917.18058663
[Agent] Received reward: 0.37383651
[NeuralNetworkInterface] Received reward signal: 0.37383651
[Agent] Making decision using full OHLCV data
[Agent] Price data: O=3.41320896 H=3.45690476 L=3.36827879 C=3.45616409 V=608228000.00000000
[Agent_Features] Generated 18 features for the latest tick.
[Agent] Exploration: Random action: SELL
[Portfolio] Logged Trade: SELL 95.85902933 NVDA @ 3.46. New Cash: 5274.57, New Coins: 1821.32155730
[Agent] Received reward: 0.40175028
[NeuralNetworkInterface] Received reward signal: 0.40175028
[Agent] Making decision using full OHLCV data
[Agent] Price data: O=3.50158763 H=3.58651048 L=3.38481877 C=3.40506196 V=779140000.00000000
[Agent_Features] Generated 18 features for the latest tick.
[Agent] Exploration: Random action: BUY
[Portfolio] Logged Trade: BUY 77.45193013 NVDA @ 3.41. New Cash: 5010.84, New Coins: 1898.77348744
[Agent] Received reward: 0.49641508
[NeuralNetworkInterface] Received reward signal: 0.49641508
[Agent] Making decision using full OHLCV data
[Agent] Price data: O=3.57638931 H=3.61144450 L=3.53145914 C=3.54750551 V=989652000.00000000
[Agent_Features] Generated 18 features for the latest tick.
[Agent] Exploration: Random action: BUY
[Portfolio] Logged Trade: BUY 70.62489103 NVDA @ 3.55. New Cash: 4760.30, New Coins: 1969.39837846
[Agent] Received reward: 0.42282506
[NeuralNetworkInterface] Received reward signal: 0.42282506
[Agent] Making decision using full OHLCV data
[Agent] Price data: O=3.56355190 H=3.62897200 L=3.50677195 C=3.62131903 V=887316000.00000000
[Agent_Features] Generated 18 features for the latest tick.
[Agent] Exploration: Random action: HOLD
[Agent] Received reward: 0.07000000
[NeuralNetworkInterface] Received reward signal: 0.07000000
[Agent] Making decision using full OHLCV data
[Agent] Price data: O=3.56379867 H=3.58033897 L=3.51837479 C=3.57935134 V=503340000.00000000
[Agent_Features] Generated 18 features for the latest tick.
[Agent] Exploration: Random action: HOLD
[Agent] Received reward: 0.07000000
[NeuralNetworkInterface] Received reward signal: 0.07000000
[Agent] Making decision using full OHLCV data
[Agent] Price data: O=3.54602432 H=3.58700441 L=3.54009943 C=3.56083632 V=487456000.00000000
[Agent_Features] Generated 18 features for the latest tick.
[Agent] Exploration: Random action: HOLD
[Agent] Received reward: 0.07000000
[NeuralNetworkInterface] Received reward signal: 0.07000000
[Agent] Making decision using full OHLCV data
[Agent] Price data: O=3.65390658 H=3.66674378 L=3.51812887 C=3.52973170 V=817376000.00000000
[Agent_Features] Generated 18 features for the latest tick.
[Agent] Exploration: Random action: HOLD
[Agent] Received reward: -0.10500000
[NeuralNetworkInterface] Received reward signal: -0.10500000
[Agent] Making decision using full OHLCV data
[Agent] Price data: O=3.63736558 H=3.69537967 L=3.62403469 C=3.64921513 V=758728000.00000000
[Agent_Features] Generated 18 features for the latest tick.
[Agent] Exploration: Random action: SELL
[Portfolio] Logged Trade: SELL 98.46991892 NVDA @ 3.65. New Cash: 5119.64, New Coins: 1870.92845954
[Agent] Received reward: -0.36207579
[NeuralNetworkInterface] Received reward signal: -0.36207579
[Agent] Making decision using full OHLCV data
[Agent] Price data: O=3.68130827 H=3.70007036 L=3.64625308 C=3.66180575 V=612612000.00000000
[Agent_Features] Generated 18 features for the latest tick.
[Agent] Exploration: Random action: HOLD
[Agent] Received reward: -0.10500000
[NeuralNetworkInterface] Received reward signal: -0.10500000
[Agent] Making decision using full OHLCV data
[Agent] Price data: O=3.94842076 H=3.94990187 L=3.74722250 C=3.78844956 V=1161744000.00000000
[Agent_Features] Generated 18 features for the latest tick.
[Agent] Exploration: Random action: SELL
[Portfolio] Logged Trade: SELL 93.54642298 NVDA @ 3.79. New Cash: 5474.04, New Coins: 1777.38203656
[Agent] Received reward: -0.60726567
[NeuralNetworkInterface] Received reward signal: -0.60726567
[Agent] Making decision using full OHLCV data
[Agent] Price data: O=3.69315791 H=4.15974011 L=3.52405265 C=4.06691756 V=3692928000.00000000
[Agent_Features] Generated 18 features for the latest tick.
[Agent] Exploration: Random action: HOLD
[Agent] Received reward: -0.10500000
[NeuralNetworkInterface] Received reward signal: -0.10500000
[Agent] Making decision using full OHLCV data
[Agent] Price data: O=3.70229125 H=3.74499963 L=3.50825255 C=3.60132205 V=1697532000.00000000
[Agent_Features] Generated 18 features for the latest tick.
[Agent] Exploration: Random action: BUY
[Portfolio] Logged Trade: BUY 76.00035988 NVDA @ 3.60. New Cash: 5200.33, New Coins: 1853.38239644
[Agent] Received reward: 0.55441513
[NeuralNetworkInterface] Received reward signal: 0.55441513
[Agent] Making decision using full OHLCV data
[Agent] Price data: O=3.73759437 H=3.82078914 L=3.59564459 C=3.81165483 V=1672504000.00000000
[Agent_Features] Generated 18 features for the latest tick.
[Agent] Exploration: Random action: BUY
[Portfolio] Logged Trade: BUY 68.21621969 NVDA @ 3.81. New Cash: 4940.32, New Coins: 1921.59861613
[Agent] Received reward: -0.41528473
[NeuralNetworkInterface] Received reward signal: -0.41528473
[Agent] Making decision using full OHLCV data
[Agent] Price data: O=3.74549413 H=3.80326149 L=3.66600247 C=3.74055687 V=1184640000.00000000
[Agent_Features] Generated 18 features for the latest tick.
[Agent] Exploration: Random action: BUY
[Portfolio] Logged Trade: BUY 66.03718578 NVDA @ 3.74. New Cash: 4693.30, New Coins: 1987.63580192
[Agent] Received reward: -0.45533299
[NeuralNetworkInterface] Received reward signal: -0.45533299
[Agent] Making decision using full OHLCV data
[Agent] Price data: O=3.76154041 H=3.79190508 L=3.61662820 C=3.62798429 V=963824000.00000000
[Agent_Features] Generated 18 features for the latest tick.
[Agent] Exploration: Random action: BUY
[Portfolio] Logged Trade: BUY 64.68193853 NVDA @ 3.63. New Cash: 4458.64, New Coins: 2052.31774044
[Agent] Received reward: 0.48813327
[NeuralNetworkInterface] Received reward signal: 0.48813327
[Agent] Making decision using full OHLCV data
[Agent] Price data: O=3.74302554 H=3.81906129 L=3.70895775 C=3.77116867 V=924960000.00000000
[Agent_Features] Generated 18 features for the latest tick.
[Agent] Exploration: Random action: HOLD
[Agent] Received reward: 0.07000000
[NeuralNetworkInterface] Received reward signal: 0.07000000
[Agent] Making decision using full OHLCV data
[Agent] Price data: O=3.88374066 H=3.88892489 L=3.78351188 C=3.78721476 V=778176000.00000000
[Agent_Features] Generated 18 features for the latest tick.
[Agent] Exploration: Random action: HOLD
[Agent] Received reward: -0.10500000
[NeuralNetworkInterface] Received reward signal: -0.10500000
[Agent] Making decision using full OHLCV data
[Agent] Price data: O=3.87806320 H=3.99285727 L=3.87386662 C=3.92595583 V=1095444000.00000000
[Agent_Features] Generated 18 features for the latest tick.
[Agent] Exploration: Random action: BUY
[Portfolio] Logged Trade: BUY 56.78408361 NVDA @ 3.93. New Cash: 4235.70, New Coins: 2109.10182405
[Agent] Received reward: -0.36804715
[NeuralNetworkInterface] Received reward signal: -0.36804715
[Agent] Making decision using full OHLCV data
[Agent] Price data: O=3.93681765 H=3.94052076 L=3.84374812 C=3.90571230 V=682652000.00000000
[Agent_Features] Generated 18 features for the latest tick.
[Agent] Exploration: Random action: HOLD
[Agent] Received reward: 0.07000000
[NeuralNetworkInterface] Received reward signal: 0.07000000
[Agent] Making decision using full OHLCV data
[Agent] Price data: O=3.90966201 H=3.95829530 L=3.88571570 C=3.94496417 V=469132000.00000000
[Agent_Features] Generated 18 features for the latest tick.
[Agent] Exploration: Random action: SELL
[Portfolio] Logged Trade: SELL 105.45509120 NVDA @ 3.94. New Cash: 4651.72, New Coins: 2003.64673285
[Agent] Received reward: 0.37453086
[NeuralNetworkInterface] Received reward signal: 0.37453086
[Agent] Making decision using full OHLCV data
[Agent] Price data: O=3.79758334 H=3.93311428 L=3.78252414 C=3.91731464 V=1088588000.00000000
[Agent_Features] Generated 18 features for the latest tick.
[Agent] Exploration: Random action: BUY
[Portfolio] Logged Trade: BUY 59.37384734 NVDA @ 3.92. New Cash: 4419.13, New Coins: 2063.02058019
[Agent] Received reward: -0.42764023
[NeuralNetworkInterface] Received reward signal: -0.42764023
[Agent] Making decision using full OHLCV data
[Agent] Price data: O=3.75610971 H=3.86596628 L=3.66180582 C=3.83041715 V=1063960000.00000000
[Agent_Features] Generated 18 features for the latest tick.
[Agent] Exploration: Random action: BUY
[Portfolio] Logged Trade: BUY 57.68477182 NVDA @ 3.83. New Cash: 4198.18, New Coins: 2120.70535201
[Agent] Received reward: -0.43391356
[NeuralNetworkInterface] Received reward signal: -0.43391356
[Agent] Making decision using full OHLCV data
[Agent] Price data: O=3.61860347 H=3.74722211 L=3.61292554 C=3.73858174 V=999492000.00000000
[Agent_Features] Generated 18 features for the latest tick.
[Agent] Exploration: Random action: HOLD
[Agent] Received reward: 0.07000000
[NeuralNetworkInterface] Received reward signal: 0.07000000
[Agent] Making decision using full OHLCV data
[Agent] Price data: O=3.74623537 H=3.75092589 L=3.59811395 C=3.68624622 V=994948000.00000000
[Agent_Features] Generated 18 features for the latest tick.
[Agent] Exploration: Random action: HOLD
[Agent] Received reward: 0.07000000
[NeuralNetworkInterface] Received reward signal: 0.07000000
[Agent] Making decision using full OHLCV data
[Agent] Price data: O=3.62107229 H=3.72080714 L=3.55688634 C=3.71784493 V=1064424000.00000000
[Agent_Features] Generated 18 features for the latest tick.
[Agent] Exploration: Random action: SELL
[Portfolio] Logged Trade: SELL 106.03526760 NVDA @ 3.72. New Cash: 4592.40, New Coins: 2014.67008441
[Agent] Received reward: 0.42483439
[NeuralNetworkInterface] Received reward signal: 0.42483439
[Agent] Making decision using full OHLCV data
[Agent] Price data: O=3.56873584 H=3.65193061 L=3.54256776 C=3.63835275 V=731060000.00000000
[Agent_Features] Generated 18 features for the latest tick.
[Agent] Exploration: Random action: BUY
[Portfolio] Logged Trade: BUY 63.11098802 NVDA @ 3.64. New Cash: 4362.78, New Coins: 2077.78107243
[Agent] Received reward: -0.40533301
[NeuralNetworkInterface] Received reward signal: -0.40533301
[Agent] Making decision using full OHLCV data
[Agent] Price data: O=3.43962336 H=3.59564445 L=3.42110824 C=3.58083245 V=709072000.00000000
[Agent_Features] Generated 18 features for the latest tick.
[Agent] Exploration: Random action: BUY
[Portfolio] Logged Trade: BUY 60.91852595 NVDA @ 3.58. New Cash: 4144.64, New Coins: 2138.69959837
[Agent] Received reward: -0.42600782
[NeuralNetworkInterface] Received reward signal: -0.42600782
[Agent] Making decision using full OHLCV data
[Agent] Price data: O=3.53145933 H=3.56034290 L=3.48406041 C=3.50306923 V=820188000.00000000
[Agent_Features] Generated 18 features for the latest tick.
[Agent] Exploration: Random action: HOLD
[Agent] Received reward: 0.07000000
[NeuralNetworkInterface] Received reward signal: 0.07000000
[Agent] Making decision using full OHLCV data
[Agent] Price data: O=3.54207397 H=3.58897918 L=3.45023882 C=3.50232826 V=746284000.00000000
[Agent_Features] Generated 18 features for the latest tick.
[Agent] Exploration: Random action: SELL
[Portfolio] Logged Trade: SELL 106.93497992 NVDA @ 3.50. New Cash: 4519.16, New Coins: 2031.76461846
[Agent] Received reward: -0.44646212
[NeuralNetworkInterface] Received reward signal: -0.44646212
[Agent] Making decision using full OHLCV data
[Agent] Price data: O=3.62304759 H=3.64131598 L=3.57589564 C=3.59885455 V=654972000.00000000
[Agent_Features] Generated 18 features for the latest tick.
[Agent] Exploration: Random action: BUY
[Portfolio] Logged Trade: BUY 62.78613103 NVDA @ 3.60. New Cash: 4293.20, New Coins: 2094.55074948
[Agent] Received reward: 0.44507502
[NeuralNetworkInterface] Received reward signal: 0.44507502
[Agent] Making decision using full OHLCV data
[Agent] Price data: O=3.79437494 H=3.80178094 L=3.67044679 C=3.69661488 V=958492000.00000000
[Agent_Features] Generated 18 features for the latest tick.
[Agent] Exploration: Random action: BUY
[Portfolio] Logged Trade: BUY 58.06941006 NVDA @ 3.70. New Cash: 4078.54, New Coins: 2152.62015954
[Agent] Received reward: 0.44606523
[NeuralNetworkInterface] Received reward signal: 0.44606523
[Agent] Making decision using full OHLCV data
[Agent] Price data: O=3.84819102 H=3.85584399 L=3.75610892 C=3.79807664 V=757956000.00000000
[Agent_Features] Generated 18 features for the latest tick.
[Agent] Exploration: Random action: HOLD
[Agent] Received reward: -0.10500000
[NeuralNetworkInterface] Received reward signal: -0.10500000
[Agent] Making decision using full OHLCV data
[Agent] Price data: O=4.01186514 H=4.02396166 L=3.86497836 C=3.90793348 V=1145208000.00000000
[Agent_Features] Generated 18 features for the latest tick.
[Agent] Exploration: Random action: HOLD
[Agent] Received reward: -0.10500000
[NeuralNetworkInterface] Received reward signal: -0.10500000
[Agent] Making decision using full OHLCV data
[Agent] Price data: O=3.96545386 H=4.10542835 L=3.91904259 C=4.02396165 V=1369132000.00000000
[Agent_Features] Generated 18 features for the latest tick.
[Agent] Exploration: Random action: HOLD
[Agent] Received reward: 0.07000000
[NeuralNetworkInterface] Received reward signal: 0.07000000
[Agent] Making decision using full OHLCV data
[Agent] Price data: O=4.07210064 H=4.07358151 L=3.97483409 C=3.98174639 V=941948000.00000000
[Agent_Features] Generated 18 features for the latest tick.
[Agent] Exploration: Random action: BUY
[Portfolio] Logged Trade: BUY 51.21552535 NVDA @ 3.98. New Cash: 3874.62, New Coins: 2203.83568489
[Agent] Received reward: 0.45936999
[NeuralNetworkInterface] Received reward signal: 0.45936999
[Agent] Making decision using full OHLCV data
[Agent] Price data: O=4.05482149 H=4.13505407 L=3.99310427 C=4.10617027 V=930792000.00000000
[Agent_Features] Generated 18 features for the latest tick.
[Agent] Exploration: Random action: HOLD
[Agent] Received reward: -0.10500000
[NeuralNetworkInterface] Received reward signal: -0.10500000
[Agent] Making decision using full OHLCV data
[Agent] Price data: O=4.09703493 H=4.11160019 L=3.98199369 C=3.99384348 V=776640000.00000000
[Agent_Features] Generated 18 features for the latest tick.
[Agent] Exploration: Random action: SELL
[Portfolio] Logged Trade: SELL 110.19178424 NVDA @ 3.99. New Cash: 4314.71, New Coins: 2093.64390064
[Agent] Received reward: -0.44843625
[NeuralNetworkInterface] Received reward signal: -0.44843625
[Agent] Making decision using full OHLCV data
[Agent] Price data: O=4.07580423 H=4.13258395 L=4.06370771 C=4.10616890 V=687044000.00000000
[Agent_Features] Generated 18 features for the latest tick.
[Agent] Exploration: Random action: BUY
[Portfolio] Logged Trade: BUY 52.53931676 NVDA @ 4.11. New Cash: 4098.97, New Coins: 2146.18321740
[Agent] Received reward: -0.35841640
[NeuralNetworkInterface] Received reward signal: -0.35841640
[Agent] Making decision using full OHLCV data
[Agent] Price data: O=4.13505316 H=4.13529989 L=4.04642743 C=4.09629485 V=699596000.00000000
[Agent_Features] Generated 18 features for the latest tick.
[Agent] Exploration: Random action: SELL
[Portfolio] Logged Trade: SELL 107.30916087 NVDA @ 4.10. New Cash: 4538.54, New Coins: 2038.87405653
[Agent] Received reward: -0.36560846
[NeuralNetworkInterface] Received reward signal: -0.36560846
[Agent] Making decision using full OHLCV data
[Agent] Price data: O=4.14986467 H=4.17948914 L=4.10024399 C=4.11456252 V=648332000.00000000
[Agent_Features] Generated 18 features for the latest tick.
[Agent] Exploration: Random action: HOLD
[Agent] Received reward: 0.07000000
[NeuralNetworkInterface] Received reward signal: 0.07000000
[Agent] Making decision using full OHLCV data
[Agent] Price data: O=4.10172462 H=4.16665123 L=4.09110945 C=4.15702346 V=652524000.00000000
[Agent_Features] Generated 18 features for the latest tick.
[Agent] Exploration: Random action: HOLD
[Agent] Received reward: 0.07000000
[NeuralNetworkInterface] Received reward signal: 0.07000000
[Agent] Making decision using full OHLCV data
[Agent] Price data: O=4.08197498 H=4.09629351 L=4.03827920 C=4.07876557 V=496556000.00000000
[Agent_Features] Generated 18 features for the latest tick.
[Agent] Exploration: Random action: HOLD
[Agent] Received reward: 0.07000000
[NeuralNetworkInterface] Received reward signal: 0.07000000
[Agent] Making decision using full OHLCV data
[Agent] Price data: O=4.12912893 H=4.19504297 L=4.09432024 C=4.13949738 V=640404000.00000000
[Agent_Features] Generated 18 features for the latest tick.
[Agent] Exploration: Random action: HOLD
[Agent] Received reward: 0.07000000
[NeuralNetworkInterface] Received reward signal: 0.07000000
[Agent] Making decision using full OHLCV data
[Agent] Price data: O=3.99285579 H=4.16566413 L=3.88966458 C=4.15406108 V=782856000.00000000
[Agent_Features] Generated 18 features for the latest tick.
[Agent] Exploration: Random action: HOLD
[Agent] Received reward: -0.10500000
[NeuralNetworkInterface] Received reward signal: -0.10500000
[Agent] Making decision using full OHLCV data
[Agent] Price data: O=4.05827761 H=4.08271786 L=3.93212791 C=3.95706140 V=513348000.00000000
[Agent_Features] Generated 18 features for the latest tick.
[Agent] Exploration: Random action: HOLD
[Agent] Received reward: -0.10500000
[NeuralNetworkInterface] Received reward signal: -0.10500000
[Agent] Making decision using full OHLCV data
[Agent] Price data: O=4.01186514 H=4.10789710 L=3.96520713 C=4.07185427 V=559672000.00000000
[Agent_Features] Generated 18 features for the latest tick.
[Agent] Exploration: Random action: HOLD
[Agent] Received reward: 0.07000000
[NeuralNetworkInterface] Received reward signal: 0.07000000
[Agent] Making decision using full OHLCV data
[Agent] Price data: O=4.06074572 H=4.06247379 L=3.97458873 C=4.00248465 V=431384000.00000000
[Agent_Features] Generated 18 features for the latest tick.
[Agent] Exploration: Random action: HOLD
[Agent] Received reward: -0.10500000
[NeuralNetworkInterface] Received reward signal: -0.10500000
[Agent] Making decision using full OHLCV data
[Agent] Price data: O=4.05827761 H=4.09580178 L=3.98125491 C=4.09185217 V=478444000.00000000
[Agent_Features] Generated 18 features for the latest tick.
[Agent] Exploration: Random action: BUY
[Portfolio] Logged Trade: BUY 55.45826970 NVDA @ 4.09. New Cash: 4311.61, New Coins: 2094.33232623
[Agent] Received reward: -0.37914143
[NeuralNetworkInterface] Received reward signal: -0.37914143
[Agent] Making decision using full OHLCV data
[Agent] Price data: O=4.10987234 H=4.11357522 L=4.04074890 C=4.05778291 V=442420000.00000000
[Agent_Features] Generated 18 features for the latest tick.
[Agent] Exploration: Random action: BUY
[Portfolio] Logged Trade: BUY 53.12770393 NVDA @ 4.06. New Cash: 4096.03, New Coins: 2147.46003016
[Agent] Received reward: 0.41451911
[NeuralNetworkInterface] Received reward signal: 0.41451911
[Agent] Making decision using full OHLCV data
[Agent] Price data: O=4.12789392 H=4.19849824 L=4.10987251 C=4.13258421 V=589096000.00000000
[Agent_Features] Generated 18 features for the latest tick.
[Agent] Exploration: Random action: HOLD
[Agent] Received reward: 0.07000000
[NeuralNetworkInterface] Received reward signal: 0.07000000
[Agent] Making decision using full OHLCV data
[Agent] Price data: O=4.25478458 H=4.25527805 L=4.14739630 C=4.15702455 V=717412000.00000000
[Agent_Features] Generated 18 features for the latest tick.
[Agent] Exploration: Random action: HOLD
[Agent] Received reward: -0.10500000
[NeuralNetworkInterface] Received reward signal: -0.10500000
[Agent] Making decision using full OHLCV data
[Agent] Price data: O=4.20417690 H=4.30934271 L=4.16492466 C=4.29280264 V=755336000.00000000
[Agent_Features] Generated 18 features for the latest tick.
[Agent] Exploration: Random action: BUY
[Portfolio] Logged Trade: BUY 47.70814589 NVDA @ 4.29. New Cash: 3891.23, New Coins: 2195.16817605
[Agent] Received reward: -0.45989791
[NeuralNetworkInterface] Received reward signal: -0.45989791
[Agent] Making decision using full OHLCV data
[Agent] Price data: O=4.24885893 H=4.25132767 L=4.13924912 C=4.15801120 V=530784000.00000000
[Agent_Features] Generated 18 features for the latest tick.
[Agent] Exploration: Random action: HOLD
[Agent] Received reward: -0.10500000
[NeuralNetworkInterface] Received reward signal: -0.10500000
[Agent] Making decision using full OHLCV data
[Agent] Price data: O=4.06691790 H=4.26243799 L=4.05679618 C=4.25009427 V=1328088000.00000000
[Agent_Features] Generated 18 features for the latest tick.
[Agent] Exploration: Random action: BUY
[Portfolio] Logged Trade: BUY 45.77817802 NVDA @ 4.25. New Cash: 3696.67, New Coins: 2240.94635407
[Agent] Received reward: -0.65535501
[NeuralNetworkInterface] Received reward signal: -0.65535501
[Agent] Making decision using full OHLCV data
[Agent] Price data: O=3.85016727 H=3.92521540 L=3.77487242 C=3.87929781 V=1497196000.00000000
[Agent_Features] Generated 18 features for the latest tick.
[Agent] Exploration: Random action: HOLD
[Agent] Received reward: 0.07000000
[NeuralNetworkInterface] Received reward signal: 0.07000000
[Agent] Making decision using full OHLCV data
[Agent] Price data: O=4.15727139 H=4.16097427 L=3.93015203 C=3.94175485 V=1279020000.00000000
[Agent_Features] Generated 18 features for the latest tick.
[Agent] Exploration: Random action: SELL
[Portfolio] Logged Trade: SELL 112.04731770 NVDA @ 3.94. New Cash: 4138.33, New Coins: 2128.89903637
[Agent] Received reward: -0.54596693
[NeuralNetworkInterface] Received reward signal: -0.54596693
[Agent] Making decision using full OHLCV data
[Agent] Price data: O=4.12221622 H=4.18862373 L=4.08790147 C=4.16245588 V=764532000.00000000
[Agent_Features] Generated 18 features for the latest tick.
[Agent] Exploration: Random action: BUY
[Portfolio] Logged Trade: BUY 49.71023175 NVDA @ 4.16. New Cash: 3931.42, New Coins: 2178.60926812
[Agent] Received reward: -0.37117324
[NeuralNetworkInterface] Received reward signal: -0.37117324
[Agent] Making decision using full OHLCV data
[Agent] Price data: O=4.07703876 H=4.16072748 L=4.04469929 C=4.13727511 V=596632000.00000000
[Agent_Features] Generated 18 features for the latest tick.
[Agent] Exploration: Random action: BUY
[Portfolio] Logged Trade: BUY 47.51214480 NVDA @ 4.14. New Cash: 3734.85, New Coins: 2226.12141292
[Agent] Received reward: -0.40805770
[NeuralNetworkInterface] Received reward signal: -0.40805770
[Agent] Making decision using full OHLCV data
[Agent] Price data: O=3.98619175 H=4.08567988 L=3.98397021 C=4.06864634 V=525444000.00000000
[Agent_Features] Generated 18 features for the latest tick.
[Agent] Exploration: Random action: HOLD
[Agent] Received reward: 0.07000000
[NeuralNetworkInterface] Received reward signal: 0.07000000
[Agent] Making decision using full OHLCV data
[Agent] Price data: O=3.98693228 H=4.05753707 L=3.94101470 C=4.04050306 V=601204000.00000000
[Agent_Features] Generated 18 features for the latest tick.
[Agent] Exploration: Random action: HOLD
[Agent] Received reward: 0.07000000
[NeuralNetworkInterface] Received reward signal: 0.07000000
[Agent] Making decision using full OHLCV data
[Agent] Price data: O=3.92891717 H=4.02272735 L=3.88497464 C=4.01137150 V=623672000.00000000
[Agent_Features] Generated 18 features for the latest tick.
[Agent] Exploration: Random action: SELL
[Portfolio] Logged Trade: SELL 111.30607065 NVDA @ 4.01. New Cash: 4181.34, New Coins: 2114.81534227
[Agent] Received reward: 0.39003644
[NeuralNetworkInterface] Received reward signal: 0.39003644
[Agent] Making decision using full OHLCV data
[Agent] Price data: O=4.01638508 H=4.02231519 L=3.94621275 C=3.96548549 V=450456000.00000000
[Agent_Features] Generated 18 features for the latest tick.
[Agent] Exploration: Random action: HOLD
[Agent] Received reward: 0.07000000
[NeuralNetworkInterface] Received reward signal: 0.07000000
[Agent] Making decision using full OHLCV data
[Agent] Price data: O=4.09668922 H=4.10780812 L=3.97438135 C=3.98302980 V=579520000.00000000
[Agent_Features] Generated 18 features for the latest tick.
[Agent] Exploration: Random action: BUY
[Portfolio] Logged Trade: BUY 52.48938216 NVDA @ 3.98. New Cash: 3972.27, New Coins: 2167.30472443
[Agent] Received reward: 0.47810230
[NeuralNetworkInterface] Received reward signal: 0.47810230
[Agent] Making decision using full OHLCV data
[Agent] Price data: O=4.08161783 H=4.13325924 L=4.05517999 C=4.12881131 V=469700000.00000000
[Agent_Features] Generated 18 features for the latest tick.
[Agent] Exploration: Random action: HOLD
[Agent] Received reward: 0.07000000
[NeuralNetworkInterface] Received reward signal: 0.07000000
[Agent] Making decision using full OHLCV data
[Agent] Price data: O=4.04752016 H=4.11596316 L=4.04109568 C=4.10583253 V=357200000.00000000
[Agent_Features] Generated 18 features for the latest tick.
[Agent] Exploration: Random action: SELL
[Portfolio] Logged Trade: SELL 108.36523622 NVDA @ 4.11. New Cash: 4417.20, New Coins: 2058.93948821
[Agent] Received reward: 0.38348996
[NeuralNetworkInterface] Received reward signal: 0.38348996
[Agent] Making decision using full OHLCV data
[Agent] Price data: O=4.07618189 H=4.07939413 L=4.01095113 C=4.06654563 V=389496000.00000000
[Agent_Features] Generated 18 features for the latest tick.
[Agent] Exploration: Random action: SELL
[Portfolio] Logged Trade: SELL 102.94697441 NVDA @ 4.07. New Cash: 4835.84, New Coins: 1955.99251380
[Agent] Received reward: 0.39232133
[NeuralNetworkInterface] Received reward signal: 0.39232133
[Agent] Making decision using full OHLCV data
[Agent] Price data: O=4.06950855 H=4.09125244 L=4.00921966 C=4.01737374 V=324096000.00000000
[Agent_Features] Generated 18 features for the latest tick.
[Agent] Exploration: Random action: HOLD
[Agent] Received reward: 0.07000000
[NeuralNetworkInterface] Received reward signal: 0.07000000
[Agent] Making decision using full OHLCV data
[Agent] Price data: O=4.09372377 H=4.10484267 L=4.05888444 C=4.08927584 V=384400000.00000000
[Agent_Features] Generated 18 features for the latest tick.
[Agent] Exploration: Random action: SELL
[Portfolio] Logged Trade: SELL 97.79962569 NVDA @ 4.09. New Cash: 5235.77, New Coins: 1858.19288811
[Agent] Received reward: -0.37114837
[NeuralNetworkInterface] Received reward signal: -0.37114837
[Agent] Making decision using full OHLCV data
[Agent] Price data: O=4.18662834 H=4.19058143 L=4.10657257 C=4.11398485 V=612684000.00000000
[Agent_Features] Generated 18 features for the latest tick.
[Agent] Exploration: Random action: SELL
[Portfolio] Logged Trade: SELL 92.90964441 NVDA @ 4.11. New Cash: 5618.00, New Coins: 1765.28324370
[Agent] Received reward: 0.00000000
[NeuralNetworkInterface] Received reward signal: 0.00000000
[Simulation] Simulation run finished. Ticks processed in this run: 138

Simulation Finished in 0.01 seconds.
--------------------
  Final Portfolio  
--------------------
Cash:      $5618.00
Asset:     1765.2832 NVDA
Total Value: $12880.34
--------------------
[Simulation] Simulation destroyed.
[AutonomousTradingAgent] Agent destroyed
[NeuralNetworkInterface] Destructor called.
[Portfolio] Destroyed for asset: NVDA. Final cash: 5618.00, Final assets: 1765.28
