Loading data from training_run_20250621_153613/data/JNJ_1d_20180509_to_20181111.csv...
Loaded 81 data points.
[Portfolio] Initialized for asset: JNJ with initial cash: 10000.00. Initial Portfolio Value: 10000.00
[NeuralNetworkInterface] Constructor called.
[NeuralNetworkInterface] Initializing...
Warning: NN model path is empty. Initializing in a mock state.
[NeuralNetworkInterface] Initialized successfully.
[AutonomousTradingAgent] Agent initialized for JNJ without API client (CSV mode).
[Simulation] Initialized with 81 data points.
[Simulation] API client is NULL (offline/CSV mode).

Starting Simulation for JNJ...
[Simulation] Starting simulation run...
[Agent] Making decision using full OHLCV data
[Agent] Price data: O=103.52 H=104.97 L=103.47 C=104.83 V=5984600.00
[Agent_Features] Generated 15 features for the latest tick.
[Agent] Exploration: Random action: BUY
[Portfolio] Logged Trade: BUY 4.76960702 JNJ @ 104.83. New Cash: 9500.00, New Coins: 4.76960702
[Agent] Received reward: -0.41120010
[NeuralNetworkInterface] Received reward signal: -0.41120010
[Agent] Making decision using full OHLCV data
[Agent] Price data: O=103.44950104 H=103.68788364 L=102.84943990 C=102.99740129 V=5835500.00000000
[Agent_Features] Generated 17 features for the latest tick.
[Agent] Exploration: Random action: BUY
[Portfolio] Logged Trade: BUY 4.61176684 JNJ @ 103.00. New Cash: 9025.00, New Coins: 9.38137386
[Agent] Received reward: 0.36256984
[NeuralNetworkInterface] Received reward signal: 0.36256984
[Agent] Making decision using full OHLCV data
[Agent] Price data: O=104.09066772 H=104.13177055 L=103.12069993 C=103.36730435 V=4631100.00000000
[Agent_Features] Generated 17 features for the latest tick.
[Agent] Exploration: Random action: SELL
[Portfolio] Logged Trade: SELL 0.46906869 JNJ @ 103.37. New Cash: 9073.49, New Coins: 8.91230517
[Agent] Received reward: -0.39147033
[NeuralNetworkInterface] Received reward signal: -0.39147033
[Agent] Making decision using full OHLCV data
[Agent] Price data: O=106.33472443 H=106.54844153 L=104.51809144 C=104.59206899 V=7158800.00000000
[Agent_Features] Generated 17 features for the latest tick.
[Agent] Exploration: Random action: SELL
[Portfolio] Logged Trade: SELL 0.44561526 JNJ @ 104.59. New Cash: 9120.09, New Coins: 8.46668991
[Agent] Received reward: -0.40226468
[NeuralNetworkInterface] Received reward signal: -0.40226468
[Agent] Making decision using full OHLCV data
[Agent] Price data: O=105.72647095 H=106.22789541 L=104.92912992 C=106.15391783 V=6523000.00000000
[Agent_Features] Generated 18 features for the latest tick.
[Agent] Exploration: Random action: BUY
[Portfolio] Logged Trade: BUY 4.29569364 JNJ @ 106.15. New Cash: 8664.09, New Coins: 12.76238355
[Agent] Received reward: 0.37059661
[NeuralNetworkInterface] Received reward signal: 0.37059661
[Agent] Making decision using full OHLCV data
[Agent] Price data: O=107.09097290 H=107.86366078 L=106.73751623 C=106.77860651 V=7640600.00000000
[Agent_Features] Generated 18 features for the latest tick.
[Agent] Exploration: Random action: HOLD
[Agent] Received reward: 0.07000000
[NeuralNetworkInterface] Received reward signal: 0.07000000
[Agent] Making decision using full OHLCV data
[Agent] Price data: O=108.13491821 H=108.72676368 L=106.81148773 C=106.84436246 V=6620400.00000000
[Agent_Features] Generated 18 features for the latest tick.
[Agent] Exploration: Random action: HOLD
[Agent] Received reward: 0.07000000
[NeuralNetworkInterface] Received reward signal: 0.07000000
[Agent] Making decision using full OHLCV data
[Agent] Price data: O=108.64456940 H=108.90761743 L=107.88832512 C=108.32398745 V=11013100.00000000
[Agent_Features] Generated 18 features for the latest tick.
[Agent] Exploration: Random action: BUY
[Portfolio] Logged Trade: BUY 3.99915553 JNJ @ 108.32. New Cash: 8230.89, New Coins: 16.76153908
[Agent] Received reward: 0.36327987
[NeuralNetworkInterface] Received reward signal: 0.36327987
[Agent] Making decision using full OHLCV data
[Agent] Price data: O=108.93228149 H=109.03091824 L=108.31577675 C=108.73499546 V=7598900.00000000
[Agent_Features] Generated 18 features for the latest tick.
[Agent] Exploration: Random action: BUY
[Portfolio] Logged Trade: BUY 3.78483715 JNJ @ 108.73. New Cash: 7819.34, New Coins: 20.54637623
[Agent] Received reward: 0.35291161
[NeuralNetworkInterface] Received reward signal: 0.35291161
[Agent] Making decision using full OHLCV data
[Agent] Price data: O=109.03095245 H=109.29400058 L=108.57063077 C=108.82545081 V=5770400.00000000
[Agent_Features] Generated 18 features for the latest tick.
[Agent] Exploration: Random action: HOLD
[Agent] Received reward: 0.07000000
[NeuralNetworkInterface] Received reward signal: 0.07000000
[Agent] Making decision using full OHLCV data
[Agent] Price data: O=107.88835144 H=109.32686279 L=107.75682739 C=109.23644158 V=6563300.00000000
[Agent_Features] Generated 18 features for the latest tick.
[Agent] Exploration: Random action: SELL
[Portfolio] Logged Trade: SELL 1.02731881 JNJ @ 109.24. New Cash: 7931.56, New Coins: 19.51905742
[Agent] Received reward: 0.39503818
[NeuralNetworkInterface] Received reward signal: 0.39503818
[Agent] Making decision using full OHLCV data
[Agent] Price data: O=108.46372986 H=109.08023459 L=107.60062073 C=107.83078149 V=6498700.00000000
[Agent_Features] Generated 18 features for the latest tick.
[Agent] Exploration: Random action: SELL
[Portfolio] Logged Trade: SELL 0.97595287 JNJ @ 107.83. New Cash: 8036.80, New Coins: 18.54310455
[Agent] Received reward: -0.36227395
[NeuralNetworkInterface] Received reward signal: -0.36227395
[Agent] Making decision using full OHLCV data
[Agent] Price data: O=108.52129364 H=108.94051241 L=107.69105911 C=108.20892718 V=5840000.00000000
[Agent_Features] Generated 18 features for the latest tick.
[Agent] Exploration: Random action: BUY
[Portfolio] Logged Trade: BUY 3.71355644 JNJ @ 108.21. New Cash: 7634.96, New Coins: 22.25666099
[Agent] Received reward: 0.35638001
[NeuralNetworkInterface] Received reward signal: 0.35638001
[Agent] Making decision using full OHLCV data
[Agent] Price data: O=108.06093597 H=108.64455333 L=107.92941198 C=108.40617706 V=4664600.00000000
[Agent_Features] Generated 18 features for the latest tick.
[Agent] Exploration: Random action: SELL
[Portfolio] Logged Trade: SELL 1.11283305 JNJ @ 108.41. New Cash: 7755.60, New Coins: 21.14382794
[Agent] Received reward: 0.36034904
[NeuralNetworkInterface] Received reward signal: 0.36034904
[Agent] Making decision using full OHLCV data
[Agent] Price data: O=107.82258606 H=108.34045414 L=107.59242525 C=108.08563415 V=3721500.00000000
[Agent_Features] Generated 18 features for the latest tick.
[Agent] Exploration: Random action: SELL
[Portfolio] Logged Trade: SELL 1.05719140 JNJ @ 108.09. New Cash: 7869.86, New Coins: 20.08663654
[Agent] Received reward: -0.35133054
[NeuralNetworkInterface] Received reward signal: -0.35133054
[Agent] Making decision using full OHLCV data
[Agent] Price data: O=107.84724426 H=108.27469113 L=107.41158185 C=108.12672345 V=4057800.00000000
[Agent_Features] Generated 18 features for the latest tick.
[Agent] Exploration: Random action: SELL
[Portfolio] Logged Trade: SELL 1.00433183 JNJ @ 108.13. New Cash: 7978.46, New Coins: 19.08230471
[Agent] Received reward: 0.35931361
[NeuralNetworkInterface] Received reward signal: 0.35931361
[Agent] Making decision using full OHLCV data
[Agent] Price data: O=107.47731018 H=108.20067965 L=107.07452263 C=107.83899491 V=4324000.00000000
[Agent_Features] Generated 18 features for the latest tick.
[Agent] Exploration: Random action: HOLD
[Agent] Received reward: 0.07000000
[NeuralNetworkInterface] Received reward signal: 0.07000000
[Agent] Making decision using full OHLCV data
[Agent] Price data: O=107.04166412 H=107.60062240 L=106.73752580 C=107.45266728 V=3778000.00000000
[Agent_Features] Generated 18 features for the latest tick.
[Agent] Exploration: Random action: SELL
[Portfolio] Logged Trade: SELL 0.95411524 JNJ @ 107.45. New Cash: 8080.98, New Coins: 18.12818948
[Agent] Received reward: 0.37811301
[NeuralNetworkInterface] Received reward signal: 0.37811301
[Agent] Making decision using full OHLCV data
[Agent] Price data: O=106.44983673 H=107.24718400 L=106.32654078 C=106.58957632 V=4542800.00000000
[Agent_Features] Generated 18 features for the latest tick.
[Agent] Exploration: Random action: HOLD
[Agent] Received reward: 0.07000000
[NeuralNetworkInterface] Received reward signal: 0.07000000
[Agent] Making decision using full OHLCV data
[Agent] Price data: O=107.21430969 H=107.46914226 L=105.98129985 C=106.65535125 V=5377300.00000000
[Agent_Features] Generated 18 features for the latest tick.
[Agent] Exploration: Random action: HOLD
[Agent] Received reward: 0.07000000
[NeuralNetworkInterface] Received reward signal: 0.07000000
[Agent] Making decision using full OHLCV data
[Agent] Price data: O=108.89939117 H=109.22820122 L=107.32936867 C=107.69926900 V=7861500.00000000
[Agent_Features] Generated 18 features for the latest tick.
[Agent] Exploration: Random action: BUY
[Portfolio] Logged Trade: BUY 3.75164186 JNJ @ 107.70. New Cash: 7676.93, New Coins: 21.87983134
[Agent] Received reward: 0.38820052
[NeuralNetworkInterface] Received reward signal: 0.38820052
[Agent] Making decision using full OHLCV data
[Agent] Price data: O=110.53520203 H=110.97086442 L=108.66102843 C=108.87474558 V=6700900.00000000
[Agent_Features] Generated 18 features for the latest tick.
[Agent] Exploration: Random action: BUY
[Portfolio] Logged Trade: BUY 3.52558006 JNJ @ 108.87. New Cash: 7293.09, New Coins: 25.40541140
[Agent] Received reward: 0.41553413
[NeuralNetworkInterface] Received reward signal: 0.41553413
[Agent] Making decision using full OHLCV data
[Agent] Price data: O=112.51624298 H=112.71351649 L=110.14886047 C=110.91332042 V=7935000.00000000
[Agent_Features] Generated 18 features for the latest tick.
[Agent] Exploration: Random action: HOLD
[Agent] Received reward: 0.07000000
[NeuralNetworkInterface] Received reward signal: 0.07000000
[Agent] Making decision using full OHLCV data
[Agent] Price data: O=111.25855255 H=112.96831454 L=111.21744973 C=112.61485787 V=5832100.00000000
[Agent_Features] Generated 18 features for the latest tick.
[Agent] Exploration: Random action: SELL
[Portfolio] Logged Trade: SELL 1.27027057 JNJ @ 112.61. New Cash: 7436.14, New Coins: 24.13514083
[Agent] Received reward: 0.38678751
[NeuralNetworkInterface] Received reward signal: 0.38678751
[Agent] Making decision using full OHLCV data
[Agent] Price data: O=110.65029144 H=111.52983184 L=110.49410821 C=111.43119508 V=4688400.00000000
[Agent_Features] Generated 18 features for the latest tick.
[Agent] Exploration: Random action: HOLD
[Agent] Received reward: 0.07000000
[NeuralNetworkInterface] Received reward signal: 0.07000000
[Agent] Making decision using full OHLCV data
[Agent] Price data: O=111.06128693 H=111.37365338 L=110.23106496 C=110.65028372 V=5057600.00000000
[Agent_Features] Generated 18 features for the latest tick.
[Agent] Exploration: Random action: SELL
[Portfolio] Logged Trade: SELL 1.20675704 JNJ @ 110.65. New Cash: 7569.67, New Coins: 22.92838379
[Agent] Received reward: -0.36300078
[NeuralNetworkInterface] Received reward signal: -0.36300078
[Agent] Making decision using full OHLCV data
[Agent] Price data: O=111.75177765 H=111.91617644 L=110.83113441 C=111.06129522 V=4809400.00000000
[Agent_Features] Generated 18 features for the latest tick.
[Agent] Exploration: Random action: SELL
[Portfolio] Logged Trade: SELL 1.14641919 JNJ @ 111.06. New Cash: 7696.99, New Coins: 21.78196460
[Agent] Received reward: -0.38349360
[NeuralNetworkInterface] Received reward signal: -0.38349360
[Agent] Making decision using full OHLCV data
[Agent] Price data: O=111.64416504 H=112.57922621 L=111.05665834 C=112.12410738 V=4325900.00000000
[Agent_Features] Generated 18 features for the latest tick.
[Agent] Exploration: Random action: SELL
[Portfolio] Logged Trade: SELL 1.08909823 JNJ @ 112.12. New Cash: 7819.10, New Coins: 20.69286637
[Agent] Received reward: 0.36859662
[NeuralNetworkInterface] Received reward signal: 0.36859662
[Agent] Making decision using full OHLCV data
[Agent] Price data: O=111.14772034 H=111.62765022 L=110.79189545 C=111.52835612 V=6037500.00000000
[Agent_Features] Generated 18 features for the latest tick.
[Agent] Exploration: Random action: HOLD
[Agent] Received reward: 0.07000000
[NeuralNetworkInterface] Received reward signal: 0.07000000
[Agent] Making decision using full OHLCV data
[Agent] Price data: O=111.59453583 H=111.66073609 L=110.83325177 C=111.14769985 V=4648700.00000000
[Agent_Features] Generated 18 features for the latest tick.
[Agent] Exploration: Random action: BUY
[Portfolio] Logged Trade: BUY 3.51743776 JNJ @ 111.15. New Cash: 7428.15, New Coins: 24.21030413
[Agent] Received reward: 0.35990193
[NeuralNetworkInterface] Received reward signal: 0.35990193
[Agent] Making decision using full OHLCV data
[Agent] Price data: O=111.66902161 H=112.20689406 L=111.37940963 C=111.46215050 V=4821900.00000000
[Agent_Features] Generated 18 features for the latest tick.
[Agent] Exploration: Random action: SELL
[Portfolio] Logged Trade: SELL 1.21051521 JNJ @ 111.46. New Cash: 7563.07, New Coins: 22.99978892
[Agent] Received reward: 0.35259789
[NeuralNetworkInterface] Received reward signal: 0.35259789
[Agent] Making decision using full OHLCV data
[Agent] Price data: O=111.45388794 H=111.71040611 L=110.85809810 C=111.37941737 V=6139500.00000000
[Agent_Features] Generated 18 features for the latest tick.
[Agent] Exploration: Random action: HOLD
[Agent] Received reward: 0.07000000
[NeuralNetworkInterface] Received reward signal: 0.07000000
[Agent] Making decision using full OHLCV data
[Agent] Price data: O=110.65120697 H=111.50351483 L=110.41951237 C=111.45386779 V=4406800.00000000
[Agent_Features] Generated 18 features for the latest tick.
[Agent] Exploration: Random action: SELL
[Portfolio] Logged Trade: SELL 1.14998945 JNJ @ 111.45. New Cash: 7691.24, New Coins: 21.84979947
[Agent] Received reward: 0.38144260
[NeuralNetworkInterface] Received reward signal: 0.38144260
[Agent] Making decision using full OHLCV data
[Agent] Price data: O=112.42202759 H=112.48822785 L=110.43607014 C=110.45261074 V=6174800.00000000
[Agent_Features] Generated 18 features for the latest tick.
[Agent] Exploration: Random action: BUY
[Portfolio] Logged Trade: BUY 3.48169435 JNJ @ 110.45. New Cash: 7306.68, New Coins: 25.33149382
[Agent] Received reward: 0.40296756
[NeuralNetworkInterface] Received reward signal: 0.40296756
[Agent] Making decision using full OHLCV data
[Agent] Price data: O=113.25780487 H=113.62190009 L=111.85935398 C=112.12415509 V=6562000.00000000
[Agent_Features] Generated 18 features for the latest tick.
[Agent] Exploration: Random action: BUY
[Portfolio] Logged Trade: BUY 3.25829986 JNJ @ 112.12. New Cash: 6941.35, New Coins: 28.58979368
[Agent] Received reward: 0.38306238
[NeuralNetworkInterface] Received reward signal: 0.38306238
[Agent] Making decision using full OHLCV data
[Agent] Price data: O=113.63017273 H=113.93633794 L=112.33101606 C=113.18332405 V=6375200.00000000
[Agent_Features] Generated 18 features for the latest tick.
[Agent] Exploration: Random action: HOLD
[Agent] Received reward: 0.07000000
[NeuralNetworkInterface] Received reward signal: 0.07000000
[Agent] Making decision using full OHLCV data
[Agent] Price data: O=113.53915405 H=114.58177998 L=113.41502380 C=113.80394253 V=4892200.00000000
[Agent_Features] Generated 18 features for the latest tick.
[Agent] Exploration: Random action: HOLD
[Agent] Received reward: 0.07000000
[NeuralNetworkInterface] Received reward signal: 0.07000000
[Agent] Making decision using full OHLCV data
[Agent] Price data: O=114.61485291 H=114.94585422 L=113.54740365 C=113.89494556 V=7856800.00000000
[Agent_Features] Generated 18 features for the latest tick.
[Agent] Exploration: Random action: HOLD
[Agent] Received reward: 0.07000000
[NeuralNetworkInterface] Received reward signal: 0.07000000
[Agent] Making decision using full OHLCV data
[Agent] Price data: O=115.31822968 H=115.83954890 L=114.65623961 C=114.93758129 V=6767700.00000000
[Agent_Features] Generated 18 features for the latest tick.
[Agent] Exploration: Random action: SELL
[Portfolio] Logged Trade: SELL 1.42948968 JNJ @ 114.94. New Cash: 7105.65, New Coins: 27.16030400
[Agent] Received reward: -0.37494645
[NeuralNetworkInterface] Received reward signal: -0.37494645
[Agent] Making decision using full OHLCV data
[Agent] Price data: O=115.75680542 H=116.24501824 L=115.03689795 C=115.75680542 V=6456100.00000000
[Agent_Features] Generated 18 features for the latest tick.
[Agent] Exploration: Random action: HOLD
[Agent] Received reward: 0.07000000
[NeuralNetworkInterface] Received reward signal: 0.07000000
[Agent] Making decision using full OHLCV data
[Agent] Price data: O=115.42579651 H=116.13743355 L=115.10307812 C=115.84780898 V=4534800.00000000
[Agent_Features] Generated 18 features for the latest tick.
[Agent] Exploration: Random action: SELL
[Portfolio] Logged Trade: SELL 1.35801520 JNJ @ 115.85. New Cash: 7262.97, New Coins: 25.80228880
[Agent] Received reward: 0.36675026
[NeuralNetworkInterface] Received reward signal: 0.36675026
[Agent] Making decision using full OHLCV data
[Agent] Price data: O=115.81470490 H=116.17878737 L=115.16925554 C=115.29338576 V=5295500.00000000
[Agent_Features] Generated 18 features for the latest tick.
[Agent] Exploration: Random action: SELL
[Portfolio] Logged Trade: SELL 1.29011444 JNJ @ 115.29. New Cash: 7411.72, New Coins: 24.51217436
[Agent] Received reward: -0.37361298
[NeuralNetworkInterface] Received reward signal: -0.37361298
[Agent] Making decision using full OHLCV data
[Agent] Price data: O=116.29463196 H=116.54287976 L=115.70712521 C=116.07122030 V=4581200.00000000
[Agent_Features] Generated 18 features for the latest tick.
[Agent] Exploration: Random action: HOLD
[Agent] Received reward: 0.07000000
[NeuralNetworkInterface] Received reward signal: 0.07000000
[Agent] Making decision using full OHLCV data
[Agent] Price data: O=116.22847748 H=116.66704325 L=115.88920581 C=116.47671272 V=5049900.00000000
[Agent_Features] Generated 18 features for the latest tick.
[Agent] Exploration: Random action: SELL
[Portfolio] Logged Trade: SELL 1.22560872 JNJ @ 116.48. New Cash: 7554.47, New Coins: 23.28656564
[Agent] Received reward: -0.35149220
[NeuralNetworkInterface] Received reward signal: -0.35149220
[Agent] Making decision using full OHLCV data
[Agent] Price data: O=117.48624420 H=117.61864475 L=116.26984099 C=116.52637179 V=5019300.00000000
[Agent_Features] Generated 18 features for the latest tick.
[Agent] Exploration: Random action: BUY
[Portfolio] Logged Trade: BUY 3.24152801 JNJ @ 116.53. New Cash: 7176.75, New Coins: 26.52809365
[Agent] Received reward: 0.38380233
[NeuralNetworkInterface] Received reward signal: 0.38380233
[Agent] Making decision using full OHLCV data
[Agent] Price data: O=118.23101044 H=118.43788160 L=117.24630169 C=117.65176108 V=13283400.00000000
[Agent_Features] Generated 18 features for the latest tick.
[Agent] Exploration: Random action: BUY
[Portfolio] Logged Trade: BUY 3.04999534 JNJ @ 117.65. New Cash: 6817.91, New Coins: 29.57808899
[Agent] Received reward: -0.35196989
[NeuralNetworkInterface] Received reward signal: -0.35196989
[Agent] Making decision using full OHLCV data
[Agent] Price data: O=116.23674011 H=117.91653251 L=116.03813930 C=117.58554379 V=6708000.00000000
[Agent_Features] Generated 18 features for the latest tick.
[Agent] Exploration: Random action: HOLD
[Agent] Received reward: 0.07000000
[NeuralNetworkInterface] Received reward signal: 0.07000000
[Agent] Making decision using full OHLCV data
[Agent] Price data: O=114.72247314 H=116.64224362 L=114.52387228 C=116.28641865 V=7982800.00000000
[Agent_Features] Generated 18 features for the latest tick.
[Agent] Exploration: Random action: SELL
[Portfolio] Logged Trade: SELL 1.47890445 JNJ @ 116.29. New Cash: 6989.89, New Coins: 28.09918454
[Agent] Received reward: 0.38935284
[NeuralNetworkInterface] Received reward signal: 0.38935284
[Agent] Making decision using full OHLCV data
[Agent] Price data: O=114.32522583 H=115.84779380 L=114.15973151 C=114.97893283 V=7133300.00000000
[Agent_Features] Generated 18 features for the latest tick.
[Agent] Exploration: Random action: SELL
[Portfolio] Logged Trade: SELL 1.40495923 JNJ @ 114.98. New Cash: 7151.43, New Coins: 26.69422532
[Agent] Received reward: 0.36259407
[NeuralNetworkInterface] Received reward signal: 0.36259407
[Agent] Making decision using full OHLCV data
[Agent] Price data: O=114.37488556 H=115.50026476 L=113.83702579 C=114.56520342 V=6450500.00000000
[Agent_Features] Generated 18 features for the latest tick.
[Agent] Exploration: Random action: SELL
[Portfolio] Logged Trade: SELL 1.33471127 JNJ @ 114.57. New Cash: 7304.34, New Coins: 25.35951405
[Agent] Received reward: 0.35884649
[NeuralNetworkInterface] Received reward signal: 0.35884649
[Agent] Making decision using full OHLCV data
[Agent] Price data: O=114.33354950 H=114.65626800 L=113.70466573 C=114.27563214 V=6638500.00000000
[Agent_Features] Generated 18 features for the latest tick.
[Agent] Exploration: Random action: SELL
[Portfolio] Logged Trade: SELL 1.26797570 JNJ @ 114.28. New Cash: 7449.24, New Coins: 24.09153835
[Agent] Received reward: -0.35405410
[NeuralNetworkInterface] Received reward signal: -0.35405410
[Agent] Making decision using full OHLCV data
[Agent] Price data: O=115.59130859 H=115.72370914 L=114.19285781 C=114.40799923 V=4871800.00000000
[Agent_Features] Generated 18 features for the latest tick.
[Agent] Exploration: Random action: HOLD
[Agent] Received reward: 0.07000000
[NeuralNetworkInterface] Received reward signal: 0.07000000
[Agent] Making decision using full OHLCV data
[Agent] Price data: O=116.24501801 H=116.45188913 L=115.55820436 C=115.67405169 V=6439100.00000000
[Agent_Features] Generated 18 features for the latest tick.
[Agent] Exploration: Random action: BUY
[Portfolio] Logged Trade: BUY 3.21992549 JNJ @ 115.67. New Cash: 7076.77, New Coins: 27.31146384
[Agent] Received reward: 0.36877881
[NeuralNetworkInterface] Received reward signal: 0.36877881
[Agent] Making decision using full OHLCV data
[Agent] Price data: O=115.04518890 H=116.89875905 L=114.92107126 C=116.29468617 V=5411800.00000000
[Agent_Features] Generated 18 features for the latest tick.
[Agent] Exploration: Random action: SELL
[Portfolio] Logged Trade: SELL 1.36557319 JNJ @ 116.29. New Cash: 7235.58, New Coins: 25.94589064
[Agent] Received reward: 0.39955906
[NeuralNetworkInterface] Received reward signal: 0.39955906
[Agent] Making decision using full OHLCV data
[Agent] Price data: O=115.30997467 H=115.45891583 L=113.63018208 C=114.64798452 V=4738700.00000000
[Agent_Features] Generated 18 features for the latest tick.
[Agent] Exploration: Random action: SELL
[Portfolio] Logged Trade: SELL 1.29729453 JNJ @ 114.65. New Cash: 7384.32, New Coins: 24.64859611
[Agent] Received reward: -0.38157658
[NeuralNetworkInterface] Received reward signal: -0.38157658
[Agent] Making decision using full OHLCV data
[Agent] Price data: O=115.10308838 H=116.05469042 L=114.65623972 C=115.68232495 V=4309300.00000000
[Agent_Features] Generated 18 features for the latest tick.
[Agent] Exploration: Random action: HOLD
[Agent] Received reward: 0.07000000
[NeuralNetworkInterface] Received reward signal: 0.07000000
[Agent] Making decision using full OHLCV data
[Agent] Price data: O=115.34303284 H=115.58299772 L=114.70586641 C=114.93756100 V=5174100.00000000
[Agent_Features] Generated 18 features for the latest tick.
[Agent] Exploration: Random action: HOLD
[Agent] Received reward: 0.07000000
[NeuralNetworkInterface] Received reward signal: 0.07000000
[Agent] Making decision using full OHLCV data
[Agent] Price data: O=115.18582153 H=115.53336345 L=114.03561877 C=114.80518579 V=4475300.00000000
[Agent_Features] Generated 18 features for the latest tick.
[Agent] Exploration: Random action: HOLD
[Agent] Received reward: 0.07000000
[NeuralNetworkInterface] Received reward signal: 0.07000000
[Agent] Making decision using full OHLCV data
[Agent] Price data: O=113.96942902 H=116.22847064 L=113.96942902 C=115.30996240 V=7265600.00000000
[Agent_Features] Generated 18 features for the latest tick.
[Agent] Exploration: Random action: HOLD
[Agent] Received reward: 0.07000000
[NeuralNetworkInterface] Received reward signal: 0.07000000
[Agent] Making decision using full OHLCV data
[Agent] Price data: O=110.75050354 H=114.73898421 L=109.95612563 C=114.11837094 V=11603200.00000000
[Agent_Features] Generated 18 features for the latest tick.
[Agent] Exploration: Random action: SELL
[Portfolio] Logged Trade: SELL 1.23242981 JNJ @ 114.12. New Cash: 7524.96, New Coins: 23.41616631
[Agent] Received reward: 0.43908000
[NeuralNetworkInterface] Received reward signal: 0.43908000
[Agent] Making decision using full OHLCV data
[Agent] Price data: O=110.77532959 H=111.22217822 L=109.41825572 C=111.21389530 V=6998000.00000000
[Agent_Features] Generated 18 features for the latest tick.
[Agent] Exploration: Random action: BUY
[Portfolio] Logged Trade: BUY 3.38310186 JNJ @ 111.21. New Cash: 7148.71, New Coins: 26.79926816
[Agent] Received reward: -0.36354042
[NeuralNetworkInterface] Received reward signal: -0.36354042
[Agent] Making decision using full OHLCV data
[Agent] Price data: O=110.84156036 H=111.95866963 L=110.47746512 C=110.78364301 V=6398700.00000000
[Agent_Features] Generated 18 features for the latest tick.
[Agent] Exploration: Random action: SELL
[Portfolio] Logged Trade: SELL 1.33996341 JNJ @ 110.78. New Cash: 7297.16, New Coins: 25.45930476
[Agent] Received reward: -0.37274369
[NeuralNetworkInterface] Received reward signal: -0.37274369
[Agent] Making decision using full OHLCV data
[Agent] Price data: O=113.00128174 H=114.18459114 L=111.50353681 C=111.50353681 V=9592800.00000000
[Agent_Features] Generated 18 features for the latest tick.
[Agent] Exploration: Random action: BUY
[Portfolio] Logged Trade: BUY 3.27216383 JNJ @ 111.50. New Cash: 6932.30, New Coins: 28.73146859
[Agent] Received reward: 0.38844071
[NeuralNetworkInterface] Received reward signal: 0.38844071
[Agent] Making decision using full OHLCV data
[Agent] Price data: O=115.40097046 H=115.84780644 L=112.71164638 C=112.72818698 V=8261100.00000000
[Agent_Features] Generated 18 features for the latest tick.
[Agent] Exploration: Random action: BUY
[Portfolio] Logged Trade: BUY 3.07478509 JNJ @ 112.73. New Cash: 6585.68, New Coins: 31.80625368
[Agent] Received reward: 0.42630465
[NeuralNetworkInterface] Received reward signal: 0.42630465
[Agent] Making decision using full OHLCV data
[Agent] Price data: O=115.43405914 H=115.69057725 L=113.95286781 C=115.18581133 V=7583900.00000000
[Agent_Features] Generated 18 features for the latest tick.
[Agent] Exploration: Random action: BUY
[Portfolio] Logged Trade: BUY 2.85872190 JNJ @ 115.19. New Cash: 6256.40, New Coins: 34.66497557
[Agent] Received reward: -0.37162296
[NeuralNetworkInterface] Received reward signal: -0.37162296
[Agent] Making decision using full OHLCV data
[Agent] Price data: O=115.06171417 H=115.84782187 L=114.11838241 C=114.47419466 V=5924800.00000000
[Agent_Features] Generated 18 features for the latest tick.
[Agent] Exploration: Random action: BUY
[Portfolio] Logged Trade: BUY 2.73266819 JNJ @ 114.47. New Cash: 5943.58, New Coins: 37.39764377
[Agent] Received reward: 0.35683072
[NeuralNetworkInterface] Received reward signal: 0.35683072
[Agent] Making decision using full OHLCV data
[Agent] Price data: O=114.75552368 H=115.23546612 L=114.30868769 C=114.69760634 V=4864300.00000000
[Agent_Features] Generated 18 features for the latest tick.
[Agent] Exploration: Random action: SELL
[Portfolio] Logged Trade: SELL 1.86988219 JNJ @ 114.70. New Cash: 6158.05, New Coins: 35.52776158
[Agent] Received reward: 0.37070553
[NeuralNetworkInterface] Received reward signal: 0.37070553
[Agent] Making decision using full OHLCV data
[Agent] Price data: O=114.96240234 H=115.42580422 L=113.73772896 C=114.01907063 V=8282700.00000000
[Agent_Features] Generated 18 features for the latest tick.
[Agent] Exploration: Random action: SELL
[Portfolio] Logged Trade: SELL 1.77638808 JNJ @ 114.02. New Cash: 6360.59, New Coins: 33.75137350
[Agent] Received reward: -0.36854269
[NeuralNetworkInterface] Received reward signal: -0.36854269
[Agent] Making decision using full OHLCV data
[Agent] Price data: O=113.75427246 H=115.93883060 L=113.50602464 C=114.62313354 V=8279200.00000000
[Agent_Features] Generated 18 features for the latest tick.
[Agent] Exploration: Random action: HOLD
[Agent] Received reward: 0.07000000
[NeuralNetworkInterface] Received reward signal: 0.07000000
[Agent] Making decision using full OHLCV data
[Agent] Price data: O=114.58177185 H=115.09480816 L=111.75177657 C=113.74601711 V=9720700.00000000
[Agent_Features] Generated 18 features for the latest tick.
[Agent] Exploration: Random action: BUY
[Portfolio] Logged Trade: BUY 2.79596293 JNJ @ 113.75. New Cash: 6042.56, New Coins: 36.54733643
[Agent] Received reward: 0.36222117
[NeuralNetworkInterface] Received reward signal: 0.36222117
[Agent] Making decision using full OHLCV data
[Agent] Price data: O=113.34053040 H=115.26857041 L=111.98345659 C=114.14319121 V=11371400.00000000
[Agent_Features] Generated 18 features for the latest tick.
[Agent] Exploration: Random action: HOLD
[Agent] Received reward: 0.07000000
[NeuralNetworkInterface] Received reward signal: 0.07000000
[Agent] Making decision using full OHLCV data
[Agent] Price data: O=113.82050323 H=115.10310682 L=112.71994726 C=113.35711390 V=6783000.00000000
[Agent_Features] Generated 18 features for the latest tick.
[Agent] Exploration: Random action: HOLD
[Agent] Received reward: 0.07000000
[NeuralNetworkInterface] Received reward signal: 0.07000000
[Agent] Making decision using full OHLCV data
[Agent] Price data: O=116.46844482 H=116.75806945 L=113.36537791 C=114.13493244 V=9646200.00000000
[Agent_Features] Generated 18 features for the latest tick.
[Agent] Exploration: Random action: SELL
[Portfolio] Logged Trade: SELL 1.82736682 JNJ @ 114.13. New Cash: 6251.13, New Coins: 34.71996961
[Agent] Received reward: -0.42790180
[NeuralNetworkInterface] Received reward signal: -0.42790180
[Agent] Making decision using full OHLCV data
[Agent] Price data: O=115.83955383 H=117.03112085 L=115.52510570 C=116.67530859 V=9968900.00000000
[Agent_Features] Generated 18 features for the latest tick.
[Agent] Exploration: Random action: BUY
[Portfolio] Logged Trade: BUY 2.67885715 JNJ @ 116.68. New Cash: 5938.57, New Coins: 37.39882676
[Agent] Received reward: -0.37308562
[NeuralNetworkInterface] Received reward signal: -0.37308562
[Agent] Making decision using full OHLCV data
[Agent] Price data: O=116.52634430 H=117.15522782 L=115.72368352 C=115.90573108 V=6913500.00000000
[Agent_Features] Generated 18 features for the latest tick.
[Agent] Exploration: Random action: BUY
[Portfolio] Logged Trade: BUY 2.56181172 JNJ @ 115.91. New Cash: 5641.64, New Coins: 39.96063848
[Agent] Received reward: 0.39747634
[NeuralNetworkInterface] Received reward signal: 0.39747634
[Agent] Making decision using full OHLCV data
[Agent] Price data: O=116.41049194 H=117.50277734 L=115.56646700 C=117.47795382 V=7673200.00000000
[Agent_Features] Generated 18 features for the latest tick.
[Agent] Exploration: Random action: BUY
[Portfolio] Logged Trade: BUY 2.40115033 JNJ @ 117.48. New Cash: 5359.56, New Coins: 42.36178881
[Agent] Received reward: -0.37391324
[NeuralNetworkInterface] Received reward signal: -0.37391324
[Agent] Making decision using full OHLCV data
[Agent] Price data: O=117.66828156 H=118.11513021 L=115.02033395 C=116.67530278 V=5601400.00000000
[Agent_Features] Generated 18 features for the latest tick.
[Agent] Exploration: Random action: HOLD
[Agent] Received reward: 0.07000000
[NeuralNetworkInterface] Received reward signal: 0.07000000
[Agent] Making decision using full OHLCV data
[Agent] Price data: O=117.97446442 H=118.18960583 L=116.72495481 C=117.11387352 V=5798900.00000000
[Agent_Features] Generated 18 features for the latest tick.
[Agent] Exploration: Random action: SELL
[Portfolio] Logged Trade: SELL 2.11808944 JNJ @ 117.11. New Cash: 5607.62, New Coins: 40.24369937
[Agent] Received reward: -0.38882495
[NeuralNetworkInterface] Received reward signal: -0.38882495
[Agent] Making decision using full OHLCV data
[Agent] Price data: O=119.77834320 H=119.87763727 L=118.30542227 C=118.41299926 V=7173600.00000000
[Agent_Features] Generated 18 features for the latest tick.
[Agent] Exploration: Random action: HOLD
[Agent] Received reward: 0.07000000
[NeuralNetworkInterface] Received reward signal: 0.07000000
[Agent] Making decision using full OHLCV data
[Agent] Price data: O=120.23349762 H=120.63895693 L=119.15776527 C=119.41428344 V=5497100.00000000
[Agent_Features] Generated 18 features for the latest tick.
[Agent] Exploration: Random action: HOLD
[Agent] Received reward: 0.07000000
[NeuralNetworkInterface] Received reward signal: 0.07000000
[Agent] Making decision using full OHLCV data
[Agent] Price data: O=120.26656342 H=120.59756471 L=119.47218557 C=120.01831560 V=5343100.00000000
[Agent_Features] Generated 18 features for the latest tick.
[Agent] Exploration: Random action: BUY
[Portfolio] Logged Trade: BUY 2.33615176 JNJ @ 120.02. New Cash: 5327.24, New Coins: 42.57985113
[Agent] Received reward: 0.00000000
[NeuralNetworkInterface] Received reward signal: 0.00000000
[Simulation] Simulation run finished. Ticks processed in this run: 81

Simulation Finished in 0.01 seconds.
--------------------
  Final Portfolio  
--------------------
Cash:      $5327.24
Asset:     42.5799 JNJ
Total Value: $10437.60
--------------------
[Simulation] Simulation destroyed.
[AutonomousTradingAgent] Agent destroyed
[NeuralNetworkInterface] Destructor called.
[Portfolio] Destroyed for asset: JNJ. Final cash: 5327.24, Final assets: 42.58
