Loading data from training_run_20250621_125703/data/ADBE_1d_20180512_to_20190318.csv...
Loaded 13 data points.
[Portfolio] Initialized for asset: ADBE with initial cash: 10000.00. Initial Portfolio Value: 10000.00
[NeuralNetworkInterface] Constructor called.
[NeuralNetworkInterface] Initializing...
Warning: NN model path is empty. Initializing in a mock state.
[NeuralNetworkInterface] Initialized successfully.
[AutonomousTradingAgent] Agent initialized for ADBE without API client (CSV mode).
[Simulation] Initialized with 13 data points.
[Simulation] API client is NULL (offline/CSV mode).

Starting Simulation for ADBE...
[Simulation] Starting simulation run...
[Agent] Making decision using full OHLCV data
[Agent] Price data: O=262.50 H=266.24 L=261.76 C=262.40 V=3810300.00
[Agent_Features] Generated 15 features for the latest tick.
[Agent] Exploration: Random action: HOLD
[Agent] Received reward: 0.00
[NeuralNetworkInterface] Received reward signal: 0.00
[Agent] Making decision using full OHLCV data
[Agent] Price data: O=264.01 H=266.24 L=261.50 C=265.75 V=2594000.00
[Agent_Features] Generated 17 features for the latest tick.
[Agent] Exploration: Random action: BUY
[Portfolio] Logged Trade: BUY 1.88146754 ADBE @ 265.75. New Cash: 9500.00, New Coins: 1.88146754
[Agent] Received reward: 0.00000000
[NeuralNetworkInterface] Received reward signal: 0.00000000
[Agent] Making decision using full OHLCV data
[Agent] Price data: O=258.16000366 H=267.00000000 L=254.08000183 C=266.70001221 V=2994900.00000000
[Agent_Features] Generated 17 features for the latest tick.
[Agent] Exploration: Random action: SELL
[Portfolio] Logged Trade: SELL 0.09407338 ADBE @ 266.70. New Cash: 9525.09, New Coins: 1.78739417
[Agent] Received reward: 0.00000000
[NeuralNetworkInterface] Received reward signal: 0.00000000
[Agent] Making decision using full OHLCV data
[Agent] Price data: O=257.38000488 H=259.86999512 L=256.36999512 C=259.00000000 V=2101800.00000000
[Agent_Features] Generated 17 features for the latest tick.
[Agent] Exploration: Random action: BUY
[Portfolio] Logged Trade: BUY 1.83882034 ADBE @ 259.00. New Cash: 9048.83, New Coins: 3.62621451
[Agent] Received reward: 0.00000000
[NeuralNetworkInterface] Received reward signal: 0.00000000
[Agent] Making decision using full OHLCV data
[Agent] Price data: O=256.39999390 H=259.48999023 L=253.83999634 C=257.39999390 V=1950500.00000000
[Agent_Features] Generated 18 features for the latest tick.
[Agent] Exploration: Random action: HOLD
[Agent] Received reward: 0.00000000
[NeuralNetworkInterface] Received reward signal: 0.00000000
[Agent] Making decision using full OHLCV data
[Agent] Price data: O=255.46000671 H=257.48999023 L=253.28999329 C=255.77000427 V=3185200.00000000
[Agent_Features] Generated 18 features for the latest tick.
[Agent] Exploration: Random action: BUY
[Portfolio] Logged Trade: BUY 1.76893982 ADBE @ 255.77. New Cash: 8596.39, New Coins: 5.39515433
[Agent] Received reward: 0.00000000
[NeuralNetworkInterface] Received reward signal: 0.00000000
[Agent] Making decision using full OHLCV data
[Agent] Price data: O=254.74000549 H=255.02000427 L=249.10000610 C=251.49000549 V=2195400.00000000
[Agent_Features] Generated 18 features for the latest tick.
[Agent] Exploration: Random action: SELL
[Portfolio] Logged Trade: SELL 0.26975772 ADBE @ 251.49. New Cash: 8664.23, New Coins: 5.12539661
[Agent] Received reward: -0.00000000
[NeuralNetworkInterface] Received reward signal: -0.00000000
[Agent] Making decision using full OHLCV data
[Agent] Price data: O=260.95999146 H=261.45999146 L=255.77000427 C=255.97999573 V=2711700.00000000
[Agent_Features] Generated 18 features for the latest tick.
[Agent] Exploration: Random action: SELL
[Portfolio] Logged Trade: SELL 0.25626983 ADBE @ 255.98. New Cash: 8729.83, New Coins: 4.86912678
[Agent] Received reward: 0.00000000
[NeuralNetworkInterface] Received reward signal: 0.00000000
[Agent] Making decision using full OHLCV data
[Agent] Price data: O=263.51000977 H=264.75000000 L=259.01000977 C=261.85998535 V=2583500.00000000
[Agent_Features] Generated 18 features for the latest tick.
[Agent] Exploration: Random action: BUY
[Portfolio] Logged Trade: BUY 1.66688974 ADBE @ 261.86. New Cash: 8293.34, New Coins: 6.53601653
[Agent] Received reward: -0.00000000
[NeuralNetworkInterface] Received reward signal: -0.00000000
[Agent] Making decision using full OHLCV data
[Agent] Price data: O=264.38000488 H=269.79998779 L=264.13000488 C=265.50000000 V=3992500.00000000
[Agent_Features] Generated 18 features for the latest tick.
[Agent] Exploration: Random action: SELL
[Portfolio] Logged Trade: SELL 0.32680083 ADBE @ 265.50. New Cash: 8380.11, New Coins: 6.20921570
[Agent] Received reward: 0.00000000
[NeuralNetworkInterface] Received reward signal: 0.00000000
[Agent] Making decision using full OHLCV data
[Agent] Price data: O=267.69000244 H=268.00000000 L=263.51998901 C=265.26000977 V=5113400.00000000
[Agent_Features] Generated 18 features for the latest tick.
[Agent] Exploration: Random action: HOLD
[Agent] Received reward: 0.00000000
[NeuralNetworkInterface] Received reward signal: 0.00000000
[Agent] Making decision using full OHLCV data
[Agent] Price data: O=257.08999634 H=260.00000000 L=252.02999878 C=258.02999878 V=12110500.00000000
[Agent_Features] Generated 18 features for the latest tick.
[Agent] Exploration: Random action: BUY
[Portfolio] Logged Trade: BUY 1.62386320 ADBE @ 258.03. New Cash: 7961.10, New Coins: 7.83307890
[Agent] Received reward: 0.00000000
[NeuralNetworkInterface] Received reward signal: 0.00000000
[Agent] Making decision using full OHLCV data
[Agent] Price data: O=257.76000977 H=259.95999146 L=253.88999939 C=257.10998535 V=4013400.00000000
[Agent_Features] Generated 18 features for the latest tick.
[Agent] Exploration: Random action: BUY
[Portfolio] Logged Trade: BUY 1.54819015 ADBE @ 257.11. New Cash: 7563.05, New Coins: 9.38126905
[Agent] Received reward: 0.00000000
[NeuralNetworkInterface] Received reward signal: 0.00000000
[Simulation] Simulation run finished. Ticks processed in this run: 13

Simulation Finished in 0.00 seconds.
--------------------
  Final Portfolio  
--------------------
Cash:      $7563.05
Asset:     9.3813 ADBE
Total Value: $9975.07
--------------------
[Simulation] Simulation destroyed.
[AutonomousTradingAgent] Agent destroyed
[NeuralNetworkInterface] Destructor called.
[Portfolio] Destroyed for asset: ADBE. Final cash: 7563.05, Final assets: 9.38
