Loading data from training_run_20250621_125703/data/MRK_1d_20190628_to_20200427.csv...
Loaded 160 data points.
[Portfolio] Initialized for asset: MRK with initial cash: 10000.00. Initial Portfolio Value: 10000.00
[NeuralNetworkInterface] Constructor called.
[NeuralNetworkInterface] Initializing...
Warning: NN model path is empty. Initializing in a mock state.
[NeuralNetworkInterface] Initialized successfully.
[AutonomousTradingAgent] Agent initialized for MRK without API client (CSV mode).
[Simulation] Initialized with 160 data points.
[Simulation] API client is NULL (offline/CSV mode).

Starting Simulation for MRK...
[Simulation] Starting simulation run...
[Agent] Making decision using full OHLCV data
[Agent] Price data: O=66.19 H=68.61 L=65.75 C=68.59 V=12040786.00
[Agent_Features] Generated 15 features for the latest tick.
[Agent] Exploration: Random action: SELL
[Agent] Received reward: 0.00
[NeuralNetworkInterface] Received reward signal: 0.00
[Agent] Making decision using full OHLCV data
[Agent] Price data: O=64.78 H=65.33 L=62.52 C=65.33 V=18087432.00
[Agent_Features] Generated 17 features for the latest tick.
[Agent] Exploration: Random action: BUY
[Portfolio] Logged Trade: BUY 7.65334501 MRK @ 65.33. New Cash: 9500.00, New Coins: 7.65334501
[Agent] Received reward: 0.00000000
[NeuralNetworkInterface] Received reward signal: 0.00000000
[Agent] Making decision using full OHLCV data
[Agent] Price data: O=65.75117493 H=65.90183454 L=64.72033934 C=64.91064989 V=10602197.00000000
[Agent_Features] Generated 17 features for the latest tick.
[Agent] Exploration: Random action: HOLD
[Agent] Received reward: 0.00000000
[NeuralNetworkInterface] Received reward signal: 0.00000000
[Agent] Making decision using full OHLCV data
[Agent] Price data: O=66.06043243 H=66.67100239 L=65.64809816 C=66.19522915 V=8416698.00000000
[Agent_Features] Generated 17 features for the latest tick.
[Agent] Exploration: Random action: HOLD
[Agent] Received reward: 0.00000000
[NeuralNetworkInterface] Received reward signal: 0.00000000
[Agent] Making decision using full OHLCV data
[Agent] Price data: O=65.94071198 H=66.70699423 L=65.54958349 C=66.22806543 V=7521496.00000000
[Agent_Features] Generated 18 features for the latest tick.
[Agent] Exploration: Random action: HOLD
[Agent] Received reward: 0.00000000
[NeuralNetworkInterface] Received reward signal: 0.00000000
[Agent] Making decision using full OHLCV data
[Agent] Price data: O=65.47770691 H=65.81295241 L=65.20630919 C=65.81295241 V=6191270.00000000
[Agent_Features] Generated 18 features for the latest tick.
[Agent] Exploration: Random action: SELL
[Portfolio] Logged Trade: SELL 0.38266725 MRK @ 65.81. New Cash: 9525.18, New Coins: 7.27067776
[Agent] Received reward: 0.00000000
[NeuralNetworkInterface] Received reward signal: 0.00000000
[Agent] Making decision using full OHLCV data
[Agent] Price data: O=65.86087799 H=66.65111261 L=65.55755625 C=65.55755625 V=7375405.00000000
[Agent_Features] Generated 18 features for the latest tick.
[Agent] Exploration: Random action: HOLD
[Agent] Received reward: 0.00000000
[NeuralNetworkInterface] Received reward signal: 0.00000000
[Agent] Making decision using full OHLCV data
[Agent] Price data: O=66.26796722 H=66.47550449 L=65.75710823 C=65.98859161 V=6943734.00000000
[Agent_Features] Generated 18 features for the latest tick.
[Agent] Exploration: Random action: BUY
[Portfolio] Logged Trade: BUY 7.21729638 MRK @ 65.99. New Cash: 9048.93, New Coins: 14.48797413
[Agent] Received reward: 0.00000000
[NeuralNetworkInterface] Received reward signal: 0.00000000
[Agent] Making decision using full OHLCV data
[Agent] Price data: O=67.02627563 H=67.28968931 L=66.15621846 C=66.26797126 V=6922774.00000000
[Agent_Features] Generated 18 features for the latest tick.
[Agent] Exploration: Random action: HOLD
[Agent] Received reward: 0.00000000
[NeuralNetworkInterface] Received reward signal: 0.00000000
[Agent] Making decision using full OHLCV data
[Agent] Price data: O=67.97614288 H=68.54287183 L=67.30563894 C=67.64089091 V=23631247.00000000
[Agent_Features] Generated 18 features for the latest tick.
[Agent] Exploration: Random action: SELL
[Portfolio] Logged Trade: SELL 0.72439871 MRK @ 67.64. New Cash: 9097.92, New Coins: 13.76357543
[Agent] Received reward: 0.00000000
[NeuralNetworkInterface] Received reward signal: 0.00000000
[Agent] Making decision using full OHLCV data
[Agent] Price data: O=67.33757782 H=68.02404380 L=67.32160949 C=67.77659209 V=8909572.00000000
[Agent_Features] Generated 18 features for the latest tick.
[Agent] Exploration: Random action: HOLD
[Agent] Received reward: 0.00000000
[NeuralNetworkInterface] Received reward signal: 0.00000000
[Agent] Making decision using full OHLCV data
[Agent] Price data: O=66.73091888 H=67.75263674 L=66.56329609 C=67.48922949 V=9377085.00000000
[Agent_Features] Generated 18 features for the latest tick.
[Agent] Exploration: Random action: HOLD
[Agent] Received reward: 0.00000000
[NeuralNetworkInterface] Received reward signal: 0.00000000
[Agent] Making decision using full OHLCV data
[Agent] Price data: O=66.33180237 H=67.07414453 L=66.21207182 C=66.62714623 V=7290936.00000000
[Agent_Features] Generated 18 features for the latest tick.
[Agent] Exploration: Random action: HOLD
[Agent] Received reward: 0.00000000
[NeuralNetworkInterface] Received reward signal: 0.00000000
[Agent] Making decision using full OHLCV data
[Agent] Price data: O=66.95443726 H=67.12206008 L=66.28393319 C=66.74689998 V=8104918.00000000
[Agent_Features] Generated 18 features for the latest tick.
[Agent] Exploration: Random action: HOLD
[Agent] Received reward: 0.00000000
[NeuralNetworkInterface] Received reward signal: 0.00000000
[Agent] Making decision using full OHLCV data
[Agent] Price data: O=66.18016052 H=67.04223348 L=65.91674686 C=66.95443318 V=7827093.00000000
[Agent_Features] Generated 18 features for the latest tick.
[Agent] Exploration: Random action: SELL
[Portfolio] Logged Trade: SELL 0.68817877 MRK @ 66.95. New Cash: 9144.00, New Coins: 13.07539666
[Agent] Received reward: 0.00000000
[NeuralNetworkInterface] Received reward signal: 0.00000000
[Agent] Making decision using full OHLCV data
[Agent] Price data: O=67.19388580 H=67.92825030 L=66.41961962 C=66.41961962 V=9806974.00000000
[Agent_Features] Generated 18 features for the latest tick.
[Agent] Exploration: Random action: SELL
[Portfolio] Logged Trade: SELL 0.65376983 MRK @ 66.42. New Cash: 9187.42, New Coins: 12.42162682
[Agent] Received reward: 0.00000000
[NeuralNetworkInterface] Received reward signal: 0.00000000
[Agent] Making decision using full OHLCV data
[Agent] Price data: O=66.73892212 H=67.52915685 L=66.68304571 C=67.19390479 V=7050001.00000000
[Agent_Features] Generated 18 features for the latest tick.
[Agent] Exploration: Random action: HOLD
[Agent] Received reward: 0.00000000
[NeuralNetworkInterface] Received reward signal: 0.00000000
[Agent] Making decision using full OHLCV data
[Agent] Price data: O=65.15045929 H=66.41962901 L=64.28838632 C=66.30787621 V=8762433.00000000
[Agent_Features] Generated 18 features for the latest tick.
[Agent] Exploration: Random action: BUY
[Portfolio] Logged Trade: BUY 6.92785269 MRK @ 66.31. New Cash: 8728.05, New Coins: 19.34947952
[Agent] Received reward: 0.00000000
[NeuralNetworkInterface] Received reward signal: 0.00000000
[Agent] Making decision using full OHLCV data
[Agent] Price data: O=66.04447174 H=66.15622456 L=65.15845253 C=65.39792011 V=5790095.00000000
[Agent_Features] Generated 18 features for the latest tick.
[Agent] Exploration: Random action: HOLD
[Agent] Received reward: 0.00000000
[NeuralNetworkInterface] Received reward signal: 0.00000000
[Agent] Making decision using full OHLCV data
[Agent] Price data: O=67.84842682 H=67.94421127 L=66.37970422 C=66.58724146 V=7504518.00000000
[Agent_Features] Generated 18 features for the latest tick.
[Agent] Exploration: Random action: BUY
[Portfolio] Logged Trade: BUY 6.55384769 MRK @ 66.59. New Cash: 8291.65, New Coins: 25.90332721
[Agent] Received reward: 0.00000000
[NeuralNetworkInterface] Received reward signal: 0.00000000
[Agent] Making decision using full OHLCV data
[Agent] Price data: O=67.36154175 H=67.93625508 L=67.01032769 C=67.87240088 V=5086154.00000000
[Agent_Features] Generated 18 features for the latest tick.
[Agent] Exploration: Random action: HOLD
[Agent] Received reward: 0.00000000
[NeuralNetworkInterface] Received reward signal: 0.00000000
[Agent] Making decision using full OHLCV data
[Agent] Price data: O=66.48348236 H=67.37748560 L=66.31585954 C=66.88259494 V=6416694.00000000
[Agent_Features] Generated 18 features for the latest tick.
[Agent] Exploration: Random action: HOLD
[Agent] Received reward: 0.00000000
[NeuralNetworkInterface] Received reward signal: 0.00000000
[Agent] Making decision using full OHLCV data
[Agent] Price data: O=67.19388580 H=67.44133749 L=66.67504909 C=67.18590802 V=4660875.00000000
[Agent_Features] Generated 18 features for the latest tick.
[Agent] Exploration: Random action: SELL
[Portfolio] Logged Trade: SELL 1.29516636 MRK @ 67.19. New Cash: 8378.67, New Coins: 24.60816085
[Agent] Received reward: 0.00000000
[NeuralNetworkInterface] Received reward signal: 0.00000000
[Agent] Making decision using full OHLCV data
[Agent] Price data: O=66.85865021 H=67.72870744 L=66.72295766 C=67.16197836 V=8580290.00000000
[Agent_Features] Generated 18 features for the latest tick.
[Agent] Exploration: Random action: SELL
[Portfolio] Logged Trade: SELL 1.23040804 MRK @ 67.16. New Cash: 8461.30, New Coins: 23.37775281
[Agent] Received reward: 0.00000000
[NeuralNetworkInterface] Received reward signal: 0.00000000
[Agent] Making decision using full OHLCV data
[Agent] Price data: O=67.32161713 H=68.19965852 L=67.25776294 C=67.28969322 V=6229626.00000000
[Agent_Features] Generated 18 features for the latest tick.
[Agent] Exploration: Random action: HOLD
[Agent] Received reward: 0.00000000
[NeuralNetworkInterface] Received reward signal: 0.00000000
[Agent] Making decision using full OHLCV data
[Agent] Price data: O=67.60098267 H=67.93623467 L=67.28169899 C=67.34555318 V=5513214.00000000
[Agent_Features] Generated 18 features for the latest tick.
[Agent] Exploration: Random action: HOLD
[Agent] Received reward: 0.00000000
[NeuralNetworkInterface] Received reward signal: 0.00000000
[Agent] Making decision using full OHLCV data
[Agent] Price data: O=67.88035583 H=67.92825445 L=67.52116411 C=67.76860943 V=5205102.00000000
[Agent_Features] Generated 18 features for the latest tick.
[Agent] Exploration: Random action: SELL
[Portfolio] Logged Trade: SELL 1.16888764 MRK @ 67.77. New Cash: 8540.52, New Coins: 22.20886517
[Agent] Received reward: 0.00000000
[NeuralNetworkInterface] Received reward signal: 0.00000000
[Agent] Making decision using full OHLCV data
[Agent] Price data: O=67.40941620 H=67.92027520 L=67.38547008 C=67.89632908 V=5686134.00000000
[Agent_Features] Generated 18 features for the latest tick.
[Agent] Exploration: Random action: SELL
[Portfolio] Logged Trade: SELL 1.11044326 MRK @ 67.90. New Cash: 8615.91, New Coins: 21.09842191
[Agent] Received reward: 0.00000000
[NeuralNetworkInterface] Received reward signal: 0.00000000
[Agent] Making decision using full OHLCV data
[Agent] Price data: O=66.89055634 H=67.56904436 L=66.84266411 C=67.38545326 V=7178486.00000000
[Agent_Features] Generated 18 features for the latest tick.
[Agent] Exploration: Random action: HOLD
[Agent] Received reward: 0.00000000
[NeuralNetworkInterface] Received reward signal: 0.00000000
[Agent] Making decision using full OHLCV data
[Agent] Price data: O=67.59299469 H=67.77657942 L=66.77881411 C=66.81872217 V=7883056.00000000
[Agent_Features] Generated 18 features for the latest tick.
[Agent] Exploration: Random action: SELL
[Portfolio] Logged Trade: SELL 1.05492110 MRK @ 66.82. New Cash: 8686.40, New Coins: 20.04350081
[Agent] Received reward: 0.00000000
[NeuralNetworkInterface] Received reward signal: 0.00000000
[Agent] Making decision using full OHLCV data
[Agent] Price data: O=67.46527863 H=67.89631502 L=67.11406473 C=67.82447668 V=5352136.00000000
[Agent_Features] Generated 18 features for the latest tick.
[Agent] Exploration: Random action: SELL
[Portfolio] Logged Trade: SELL 1.00217504 MRK @ 67.82. New Cash: 8754.37, New Coins: 19.04132577
[Agent] Received reward: 0.00000000
[NeuralNetworkInterface] Received reward signal: 0.00000000
[Agent] Making decision using full OHLCV data
[Agent] Price data: O=64.89502716 H=65.99656115 L=64.05689404 C=65.45377832 V=18629038.00000000
[Agent_Features] Generated 18 features for the latest tick.
[Agent] Exploration: Random action: BUY
[Portfolio] Logged Trade: BUY 6.68744671 MRK @ 65.45. New Cash: 8316.65, New Coins: 25.72877248
[Agent] Received reward: 0.00000000
[NeuralNetworkInterface] Received reward signal: 0.00000000
[Agent] Making decision using full OHLCV data
[Agent] Price data: O=66.14822388 H=66.14822388 L=64.78327622 C=64.88704484 V=8511961.00000000
[Agent_Features] Generated 18 features for the latest tick.
[Agent] Exploration: Random action: HOLD
[Agent] Received reward: 0.00000000
[NeuralNetworkInterface] Received reward signal: 0.00000000
[Agent] Making decision using full OHLCV data
[Agent] Price data: O=65.91673279 H=66.76284362 L=65.48569640 C=66.33979139 V=5232769.00000000
[Agent_Features] Generated 18 features for the latest tick.
[Agent] Exploration: Random action: BUY
[Portfolio] Logged Trade: BUY 6.26822474 MRK @ 66.34. New Cash: 7900.82, New Coins: 31.99699723
[Agent] Received reward: 0.00000000
[NeuralNetworkInterface] Received reward signal: 0.00000000
[Agent] Making decision using full OHLCV data
[Agent] Price data: O=65.66132355 H=66.13227452 L=65.47773876 C=65.66930771 V=7868384.00000000
[Agent_Features] Generated 18 features for the latest tick.
[Agent] Exploration: Random action: HOLD
[Agent] Received reward: 0.00000000
[NeuralNetworkInterface] Received reward signal: 0.00000000
[Agent] Making decision using full OHLCV data
[Agent] Price data: O=65.61340332 H=66.62714319 L=64.12871906 C=66.03646188 V=15557665.00000000
[Agent_Features] Generated 18 features for the latest tick.
[Agent] Exploration: Random action: SELL
[Portfolio] Logged Trade: SELL 1.59984986 MRK @ 66.04. New Cash: 8006.47, New Coins: 30.39714737
[Agent] Received reward: 0.00000000
[NeuralNetworkInterface] Received reward signal: 0.00000000
[Agent] Making decision using full OHLCV data
[Agent] Price data: O=67.92826843 H=68.46307362 L=66.01254693 C=67.09013509 V=17371019.00000000
[Agent_Features] Generated 18 features for the latest tick.
[Agent] Exploration: Random action: BUY
[Portfolio] Logged Trade: BUY 5.96695038 MRK @ 67.09. New Cash: 7606.15, New Coins: 36.36409774
[Agent] Received reward: 0.00000000
[NeuralNetworkInterface] Received reward signal: 0.00000000
[Agent] Making decision using full OHLCV data
[Agent] Price data: O=68.82225800 H=69.03777943 L=67.30564929 C=67.84843859 V=10026845.00000000
[Agent_Features] Generated 18 features for the latest tick.
[Agent] Exploration: Random action: BUY
[Portfolio] Logged Trade: BUY 5.60524810 MRK @ 67.85. New Cash: 7225.84, New Coins: 41.96934585
[Agent] Received reward: 0.00000000
[NeuralNetworkInterface] Received reward signal: 0.00000000
[Agent] Making decision using full OHLCV data
[Agent] Price data: O=69.17346191 H=69.43686914 L=68.25551274 C=68.72645719 V=12419429.00000000
[Agent_Features] Generated 18 features for the latest tick.
[Agent] Exploration: Random action: BUY
[Portfolio] Logged Trade: BUY 5.25695605 MRK @ 68.73. New Cash: 6864.55, New Coins: 47.22630190
[Agent] Received reward: 0.00000000
[NeuralNetworkInterface] Received reward signal: 0.00000000
[Agent] Making decision using full OHLCV data
[Agent] Price data: O=67.80052948 H=69.63642780 L=67.68079254 C=69.50072891 V=9281298.00000000
[Agent_Features] Generated 18 features for the latest tick.
[Agent] Exploration: Random action: HOLD
[Agent] Received reward: 0.00000000
[NeuralNetworkInterface] Received reward signal: 0.00000000
[Agent] Making decision using full OHLCV data
[Agent] Price data: O=66.97037506 H=68.40716715 L=66.95441312 C=68.31936050 V=8947195.00000000
[Agent_Features] Generated 18 features for the latest tick.
[Agent] Exploration: Random action: BUY
[Portfolio] Logged Trade: BUY 5.02386680 MRK @ 68.32. New Cash: 6521.32, New Coins: 52.25016870
[Agent] Received reward: 0.00000000
[NeuralNetworkInterface] Received reward signal: 0.00000000
[Agent] Making decision using full OHLCV data
[Agent] Price data: O=66.18815613 H=66.85067610 L=66.03649524 C=66.78681553 V=9937974.00000000
[Agent_Features] Generated 18 features for the latest tick.
[Agent] Exploration: Random action: HOLD
[Agent] Received reward: 0.00000000
[NeuralNetworkInterface] Received reward signal: 0.00000000
[Agent] Making decision using full OHLCV data
[Agent] Price data: O=66.45154572 H=67.01828106 L=66.35576126 C=66.69899741 V=9735606.00000000
[Agent_Features] Generated 18 features for the latest tick.
[Agent] Exploration: Random action: SELL
[Portfolio] Logged Trade: SELL 2.61250843 MRK @ 66.70. New Cash: 6695.57, New Coins: 49.63766026
[Agent] Received reward: 0.00000000
[NeuralNetworkInterface] Received reward signal: 0.00000000
[Agent] Making decision using full OHLCV data
[Agent] Price data: O=66.15619659 H=67.04221543 L=65.98857382 C=66.43557213 V=9251325.00000000
[Agent_Features] Generated 18 features for the latest tick.
[Agent] Exploration: Random action: SELL
[Portfolio] Logged Trade: SELL 2.48188301 MRK @ 66.44. New Cash: 6860.46, New Coins: 47.15577725
[Agent] Received reward: 0.00000000
[NeuralNetworkInterface] Received reward signal: 0.00000000
[Agent] Making decision using full OHLCV data
[Agent] Price data: O=66.72295380 H=66.81873827 L=66.02051944 C=66.18016449 V=6653123.00000000
[Agent_Features] Generated 18 features for the latest tick.
[Agent] Exploration: Random action: SELL
[Portfolio] Logged Trade: SELL 2.35778886 MRK @ 66.18. New Cash: 7016.50, New Coins: 44.79798839
[Agent] Received reward: 0.00000000
[NeuralNetworkInterface] Received reward signal: 0.00000000
[Agent] Making decision using full OHLCV data
[Agent] Price data: O=66.47549438 H=66.76284774 L=66.22005854 C=66.37970355 V=3725221.00000000
[Agent_Features] Generated 18 features for the latest tick.
[Agent] Exploration: Random action: SELL
[Portfolio] Logged Trade: SELL 2.23989942 MRK @ 66.38. New Cash: 7165.18, New Coins: 42.55808897
[Agent] Received reward: 0.00000000
[NeuralNetworkInterface] Received reward signal: 0.00000000
[Agent] Making decision using full OHLCV data
[Agent] Price data: O=67.14600372 H=67.70475497 L=66.71496723 C=66.71496723 V=8616656.00000000
[Agent_Features] Generated 18 features for the latest tick.
[Agent] Exploration: Random action: BUY
[Portfolio] Logged Trade: BUY 5.36999416 MRK @ 66.71. New Cash: 6806.92, New Coins: 47.92808313
[Agent] Received reward: 0.00000000
[NeuralNetworkInterface] Received reward signal: 0.00000000
[Agent] Making decision using full OHLCV data
[Agent] Price data: O=67.70475006 H=67.93623343 L=67.13802108 C=67.48923502 V=6516883.00000000
[Agent_Features] Generated 18 features for the latest tick.
[Agent] Exploration: Random action: HOLD
[Agent] Received reward: 0.00000000
[NeuralNetworkInterface] Received reward signal: 0.00000000
[Agent] Making decision using full OHLCV data
[Agent] Price data: O=67.48922729 H=67.99210204 L=66.81073921 C=67.78456481 V=7911247.00000000
[Agent_Features] Generated 18 features for the latest tick.
[Agent] Exploration: Random action: HOLD
[Agent] Received reward: 0.00000000
[NeuralNetworkInterface] Received reward signal: 0.00000000
[Agent] Making decision using full OHLCV data
[Agent] Price data: O=67.76860046 H=68.32735158 L=67.56106324 C=67.60097130 V=9675870.00000000
[Agent_Features] Generated 18 features for the latest tick.
[Agent] Exploration: Random action: SELL
[Portfolio] Logged Trade: SELL 2.39640416 MRK @ 67.60. New Cash: 6968.92, New Coins: 45.53167898
[Agent] Received reward: 0.00000000
[NeuralNetworkInterface] Received reward signal: 0.00000000
[Agent] Making decision using full OHLCV data
[Agent] Price data: O=67.15397644 H=67.70474342 L=66.93047726 C=67.57702869 V=10701757.00000000
[Agent_Features] Generated 18 features for the latest tick.
[Agent] Exploration: Random action: SELL
[Portfolio] Logged Trade: SELL 2.27658395 MRK @ 67.58. New Cash: 7122.76, New Coins: 43.25509503
[Agent] Received reward: 0.00000000
[NeuralNetworkInterface] Received reward signal: 0.00000000
[Agent] Making decision using full OHLCV data
[Agent] Price data: O=67.56905365 H=67.80851479 L=67.02626443 C=67.36949419 V=9691380.00000000
[Agent_Features] Generated 18 features for the latest tick.
[Agent] Exploration: Random action: HOLD
[Agent] Received reward: 0.00000000
[NeuralNetworkInterface] Received reward signal: 0.00000000
[Agent] Making decision using full OHLCV data
[Agent] Price data: O=68.06394196 H=68.23157113 L=67.40940635 C=67.47326053 V=8160147.00000000
[Agent_Features] Generated 18 features for the latest tick.
[Agent] Exploration: Random action: BUY
[Portfolio] Logged Trade: BUY 5.27821294 MRK @ 67.47. New Cash: 6766.63, New Coins: 48.53330797
[Agent] Received reward: 0.00000000
[NeuralNetworkInterface] Received reward signal: 0.00000000
[Agent] Making decision using full OHLCV data
[Agent] Price data: O=68.21562195 H=68.46307370 L=67.26574217 C=68.40719729 V=7195568.00000000
[Agent_Features] Generated 18 features for the latest tick.
[Agent] Exploration: Random action: BUY
[Portfolio] Logged Trade: BUY 4.94584398 MRK @ 68.41. New Cash: 6428.30, New Coins: 53.47915195
[Agent] Received reward: 0.00000000
[NeuralNetworkInterface] Received reward signal: 0.00000000
[Agent] Making decision using full OHLCV data
[Agent] Price data: O=68.20761871 H=68.93399259 L=68.10385011 C=68.36725733 V=7800159.00000000
[Agent_Features] Generated 18 features for the latest tick.
[Agent] Exploration: Random action: SELL
[Portfolio] Logged Trade: SELL 2.67395760 MRK @ 68.37. New Cash: 6611.11, New Coins: 50.80519435
[Agent] Received reward: 0.00000000
[NeuralNetworkInterface] Received reward signal: 0.00000000
[Agent] Making decision using full OHLCV data
[Agent] Price data: O=68.40718842 H=69.11760052 L=68.11982863 C=68.67857987 V=9021289.00000000
[Agent_Features] Generated 18 features for the latest tick.
[Agent] Exploration: Random action: SELL
[Portfolio] Logged Trade: SELL 2.54025972 MRK @ 68.68. New Cash: 6785.57, New Coins: 48.26493463
[Agent] Received reward: 0.00000000
[NeuralNetworkInterface] Received reward signal: 0.00000000
[Agent] Making decision using full OHLCV data
[Agent] Price data: O=69.71625519 H=69.79607131 L=68.57480040 C=68.64663874 V=19233420.00000000
[Agent_Features] Generated 18 features for the latest tick.
[Agent] Exploration: Random action: SELL
[Portfolio] Logged Trade: SELL 2.41324673 MRK @ 68.65. New Cash: 6951.23, New Coins: 45.85168790
[Agent] Received reward: 0.00000000
[NeuralNetworkInterface] Received reward signal: 0.00000000
[Agent] Making decision using full OHLCV data
[Agent] Price data: O=69.93178558 H=70.13932286 L=69.43688850 C=69.76416276 V=6037318.00000000
[Agent_Features] Generated 18 features for the latest tick.
[Agent] Exploration: Random action: BUY
[Portfolio] Logged Trade: BUY 4.98194829 MRK @ 69.76. New Cash: 6603.67, New Coins: 50.83363619
[Agent] Received reward: 0.00000000
[NeuralNetworkInterface] Received reward signal: 0.00000000
[Agent] Making decision using full OHLCV data
[Agent] Price data: O=69.58854675 H=70.05949770 L=69.46881617 C=69.58056897 V=4880222.00000000
[Agent_Features] Generated 18 features for the latest tick.
[Agent] Exploration: Random action: BUY
[Portfolio] Logged Trade: BUY 4.74533888 MRK @ 69.58. New Cash: 6273.48, New Coins: 55.57897507
[Agent] Received reward: -0.00000000
[NeuralNetworkInterface] Received reward signal: -0.00000000
[Agent] Making decision using full OHLCV data
[Agent] Price data: O=69.47679901 H=70.23510335 L=69.08567059 C=69.87590521 V=5597997.00000000
[Agent_Features] Generated 18 features for the latest tick.
[Agent] Exploration: Random action: BUY
[Portfolio] Logged Trade: BUY 4.48901820 MRK @ 69.88. New Cash: 5959.81, New Coins: 60.06799327
[Agent] Received reward: 0.00000000
[NeuralNetworkInterface] Received reward signal: 0.00000000
[Agent] Making decision using full OHLCV data
[Agent] Price data: O=69.74817657 H=69.82001491 L=69.04574878 C=69.18942545 V=7466162.00000000
[Agent_Features] Generated 18 features for the latest tick.
[Agent] Exploration: Random action: BUY
[Portfolio] Logged Trade: BUY 4.30687923 MRK @ 69.19. New Cash: 5661.82, New Coins: 64.37487250
[Agent] Received reward: 0.00000000
[NeuralNetworkInterface] Received reward signal: 0.00000000
[Agent] Making decision using full OHLCV data
[Agent] Price data: O=70.77788544 H=70.82577767 L=69.58853835 C=69.86791394 V=7293766.00000000
[Agent_Features] Generated 18 features for the latest tick.
[Agent] Exploration: Random action: HOLD
[Agent] Received reward: 0.00000000
[NeuralNetworkInterface] Received reward signal: 0.00000000
[Agent] Making decision using full OHLCV data
[Agent] Price data: O=70.84173584 H=70.87366612 L=70.21913051 C=70.82577389 V=8267462.00000000
[Agent_Features] Generated 18 features for the latest tick.
[Agent] Exploration: Random action: SELL
[Portfolio] Logged Trade: SELL 3.21874362 MRK @ 70.83. New Cash: 5889.79, New Coins: 61.15612887
[Agent] Received reward: 0.00000000
[NeuralNetworkInterface] Received reward signal: 0.00000000
[Agent] Making decision using full OHLCV data
[Agent] Price data: O=70.92156219 H=71.23286807 L=70.84173969 C=71.04129277 V=7245872.00000000
[Agent_Features] Generated 18 features for the latest tick.
[Agent] Exploration: Random action: BUY
[Portfolio] Logged Trade: BUY 4.14532821 MRK @ 71.04. New Cash: 5595.30, New Coins: 65.30145708
[Agent] Received reward: 0.00000000
[NeuralNetworkInterface] Received reward signal: 0.00000000
[Agent] Making decision using full OHLCV data
[Agent] Price data: O=70.81780243 H=71.04130165 L=70.40272788 C=70.96148552 V=8054823.00000000
[Agent_Features] Generated 18 features for the latest tick.
[Agent] Exploration: Random action: BUY
[Portfolio] Logged Trade: BUY 3.94249076 MRK @ 70.96. New Cash: 5315.54, New Coins: 69.24394784
[Agent] Received reward: 0.00000000
[NeuralNetworkInterface] Received reward signal: 0.00000000
[Agent] Making decision using full OHLCV data
[Agent] Price data: O=71.12111664 H=71.46435280 L=70.65017212 C=70.72201047 V=8663711.00000000
[Agent_Features] Generated 18 features for the latest tick.
[Agent] Exploration: Random action: SELL
[Portfolio] Logged Trade: SELL 3.46219739 MRK @ 70.72. New Cash: 5560.39, New Coins: 65.78175045
[Agent] Received reward: 0.00000000
[NeuralNetworkInterface] Received reward signal: 0.00000000
[Agent] Making decision using full OHLCV data
[Agent] Price data: O=71.02532959 H=71.43241991 L=70.92156097 C=71.15304433 V=6821746.00000000
[Agent_Features] Generated 18 features for the latest tick.
[Agent] Exploration: Random action: HOLD
[Agent] Received reward: 0.00000000
[NeuralNetworkInterface] Received reward signal: 0.00000000
[Agent] Making decision using full OHLCV data
[Agent] Price data: O=71.49629211 H=71.80759803 L=70.96946475 C=71.07323339 V=6863876.00000000
[Agent_Features] Generated 18 features for the latest tick.
[Agent] Exploration: Random action: BUY
[Portfolio] Logged Trade: BUY 3.91173183 MRK @ 71.07. New Cash: 5282.37, New Coins: 69.69348228
[Agent] Received reward: 0.00000000
[NeuralNetworkInterface] Received reward signal: 0.00000000
[Agent] Making decision using full OHLCV data
[Agent] Price data: O=71.68112183 H=72.00259477 L=71.07835122 C=71.68915431 V=7571800.00000000
[Agent_Features] Generated 18 features for the latest tick.
[Agent] Exploration: Random action: BUY
[Portfolio] Logged Trade: BUY 3.68421779 MRK @ 71.69. New Cash: 5018.25, New Coins: 73.37770007
[Agent] Received reward: 0.00000000
[NeuralNetworkInterface] Received reward signal: 0.00000000
[Agent] Making decision using full OHLCV data
[Agent] Price data: O=71.76149750 H=72.33211898 L=71.67309515 C=72.05082770 V=10355183.00000000
[Agent_Features] Generated 18 features for the latest tick.
[Agent] Exploration: Random action: SELL
[Portfolio] Logged Trade: SELL 3.66888500 MRK @ 72.05. New Cash: 5282.60, New Coins: 69.70881506
[Agent] Received reward: 0.00000000
[NeuralNetworkInterface] Received reward signal: 0.00000000
[Agent] Making decision using full OHLCV data
[Agent] Price data: O=71.54450226 H=71.89008556 L=71.14265942 C=71.79364431 V=11690545.00000000
[Agent_Features] Generated 18 features for the latest tick.
[Agent] Exploration: Random action: SELL
[Portfolio] Logged Trade: SELL 3.48544075 MRK @ 71.79. New Cash: 5532.83, New Coins: 66.22337431
[Agent] Received reward: 0.00000000
[NeuralNetworkInterface] Received reward signal: 0.00000000
[Agent] Making decision using full OHLCV data
[Agent] Price data: O=72.02671051 H=72.33211208 L=71.63290018 C=71.80971770 V=11578199.00000000
[Agent_Features] Generated 18 features for the latest tick.
[Agent] Exploration: Random action: HOLD
[Agent] Received reward: 0.00000000
[NeuralNetworkInterface] Received reward signal: 0.00000000
[Agent] Making decision using full OHLCV data
[Agent] Price data: O=72.32407379 H=72.40443721 L=71.92222458 C=72.24370395 V=7602716.00000000
[Agent_Features] Generated 18 features for the latest tick.
[Agent] Exploration: Random action: HOLD
[Agent] Received reward: 0.00000000
[NeuralNetworkInterface] Received reward signal: 0.00000000
[Agent] Making decision using full OHLCV data
[Agent] Price data: O=73.60193634 H=74.45384892 L=73.00720467 C=73.50548868 V=17849641.00000000
[Agent_Features] Generated 18 features for the latest tick.
[Agent] Exploration: Random action: SELL
[Portfolio] Logged Trade: SELL 3.31116872 MRK @ 73.51. New Cash: 5776.22, New Coins: 62.91220560
[Agent] Received reward: 0.00000000
[NeuralNetworkInterface] Received reward signal: 0.00000000
[Agent] Making decision using full OHLCV data
[Agent] Price data: O=73.73053741 H=73.95556914 L=73.48942786 C=73.80286835 V=7895946.00000000
[Agent_Features] Generated 18 features for the latest tick.
[Agent] Exploration: Random action: HOLD
[Agent] Received reward: 0.00000000
[NeuralNetworkInterface] Received reward signal: 0.00000000
[Agent] Making decision using full OHLCV data
[Agent] Price data: O=73.48942566 H=73.72249629 L=73.19206300 C=73.65016536 V=2343223.00000000
[Agent_Features] Generated 18 features for the latest tick.
[Agent] Exploration: Random action: BUY
[Portfolio] Logged Trade: BUY 3.92138866 MRK @ 73.65. New Cash: 5487.41, New Coins: 66.83359426
[Agent] Received reward: 0.00000000
[NeuralNetworkInterface] Received reward signal: 0.00000000
[Agent] Making decision using full OHLCV data
[Agent] Price data: O=73.40905762 H=73.71445919 L=73.19206481 C=73.61801794 V=3062675.00000000
[Agent_Features] Generated 18 features for the latest tick.
[Agent] Exploration: Random action: BUY
[Portfolio] Logged Trade: BUY 3.72694599 MRK @ 73.62. New Cash: 5213.04, New Coins: 70.56054025
[Agent] Received reward: 0.00000000
[NeuralNetworkInterface] Received reward signal: 0.00000000
[Agent] Making decision using full OHLCV data
[Agent] Price data: O=73.53765869 H=73.69839841 L=73.35281508 C=73.68232701 V=3758966.00000000
[Agent_Features] Generated 18 features for the latest tick.
[Agent] Exploration: Random action: SELL
[Portfolio] Logged Trade: SELL 3.52802701 MRK @ 73.68. New Cash: 5472.99, New Coins: 67.03251324
[Agent] Received reward: 0.00000000
[NeuralNetworkInterface] Received reward signal: 0.00000000
[Agent] Making decision using full OHLCV data
[Agent] Price data: O=73.15992737 H=73.69036075 L=72.91881778 C=73.56177026 V=3932934.00000000
[Agent_Features] Generated 18 features for the latest tick.
[Agent] Exploration: Random action: SELL
[Portfolio] Logged Trade: SELL 3.35162566 MRK @ 73.56. New Cash: 5719.54, New Coins: 63.68088758
[Agent] Received reward: 0.00000000
[NeuralNetworkInterface] Received reward signal: 0.00000000
[Agent] Making decision using full OHLCV data
[Agent] Price data: O=73.09564209 H=73.12779133 L=72.68576021 C=73.07153177 V=4710760.00000000
[Agent_Features] Generated 18 features for the latest tick.
[Agent] Exploration: Random action: BUY
[Portfolio] Logged Trade: BUY 3.91365952 MRK @ 73.07. New Cash: 5433.56, New Coins: 67.59454710
[Agent] Received reward: 0.00000000
[NeuralNetworkInterface] Received reward signal: 0.00000000
[Agent] Making decision using full OHLCV data
[Agent] Price data: O=73.97162628 H=74.05199612 L=72.62946867 C=73.20008358 V=8251428.00000000
[Agent_Features] Generated 18 features for the latest tick.
[Agent] Exploration: Random action: HOLD
[Agent] Received reward: 0.00000000
[NeuralNetworkInterface] Received reward signal: 0.00000000
[Agent] Making decision using full OHLCV data
[Agent] Price data: O=73.33672333 H=73.99574707 L=72.74199161 C=72.87862099 V=5903698.00000000
[Agent_Features] Generated 18 features for the latest tick.
[Agent] Exploration: Random action: SELL
[Portfolio] Logged Trade: SELL 3.37972735 MRK @ 72.88. New Cash: 5679.87, New Coins: 64.21481974
[Agent] Received reward: -0.00000000
[NeuralNetworkInterface] Received reward signal: -0.00000000
[Agent] Making decision using full OHLCV data
[Agent] Price data: O=73.65017700 H=73.73054686 L=73.12777612 C=73.32066507 V=7522963.00000000
[Agent_Features] Generated 18 features for the latest tick.
[Agent] Exploration: Random action: HOLD
[Agent] Received reward: 0.00000000
[NeuralNetworkInterface] Received reward signal: 0.00000000
[Agent] Making decision using full OHLCV data
[Agent] Price data: O=71.68917847 H=73.23226455 L=71.62488643 C=72.97508353 V=11132275.00000000
[Agent_Features] Generated 18 features for the latest tick.
[Agent] Exploration: Random action: HOLD
[Agent] Received reward: 0.00000000
[NeuralNetworkInterface] Received reward signal: 0.00000000
[Agent] Making decision using full OHLCV data
[Agent] Price data: O=71.20694733 H=71.93026954 L=71.05424654 C=71.60075766 V=15200506.00000000
[Agent_Features] Generated 18 features for the latest tick.
[Agent] Exploration: Random action: HOLD
[Agent] Received reward: 0.00000000
[NeuralNetworkInterface] Received reward signal: 0.00000000
[Agent] Making decision using full OHLCV data
[Agent] Price data: O=71.83382416 H=72.37229633 L=71.35160509 C=71.48823447 V=9714750.00000000
[Agent_Features] Generated 18 features for the latest tick.
[Agent] Exploration: Random action: BUY
[Portfolio] Logged Trade: BUY 3.97259405 MRK @ 71.49. New Cash: 5395.88, New Coins: 68.18741379
[Agent] Received reward: 0.00000000
[NeuralNetworkInterface] Received reward signal: 0.00000000
[Agent] Making decision using full OHLCV data
[Agent] Price data: O=71.95438385 H=72.42052515 L=71.89008540 C=72.10708464 V=5945304.00000000
[Agent_Features] Generated 18 features for the latest tick.
[Agent] Exploration: Random action: HOLD
[Agent] Received reward: 0.00000000
[NeuralNetworkInterface] Received reward signal: 0.00000000
[Agent] Making decision using full OHLCV data
[Agent] Price data: O=71.93830872 H=72.03475640 L=71.54450477 C=71.94634763 V=10261492.00000000
[Agent_Features] Generated 18 features for the latest tick.
[Agent] Exploration: Random action: HOLD
[Agent] Received reward: 0.00000000
[NeuralNetworkInterface] Received reward signal: 0.00000000
[Agent] Making decision using full OHLCV data
[Agent] Price data: O=72.27584839 H=72.27584839 L=71.42394218 C=71.74541513 V=8625669.00000000
[Agent_Features] Generated 18 features for the latest tick.
[Agent] Exploration: Random action: BUY
[Portfolio] Logged Trade: BUY 3.76043608 MRK @ 71.75. New Cash: 5126.09, New Coins: 71.94784987
[Agent] Received reward: 0.00000000
[NeuralNetworkInterface] Received reward signal: 0.00000000
[Agent] Making decision using full OHLCV data
[Agent] Price data: O=73.56979370 H=73.62605324 L=72.40444057 C=72.41247948 V=9614038.00000000
[Agent_Features] Generated 18 features for the latest tick.
[Agent] Exploration: Random action: SELL
[Portfolio] Logged Trade: SELL 3.59739249 MRK @ 72.41. New Cash: 5386.58, New Coins: 68.35045738
[Agent] Received reward: 0.00000000
[NeuralNetworkInterface] Received reward signal: 0.00000000
[Agent] Making decision using full OHLCV data
[Agent] Price data: O=73.28047180 H=73.98772267 L=73.17599163 C=73.82698296 V=7252474.00000000
[Agent_Features] Generated 18 features for the latest tick.
[Agent] Exploration: Random action: HOLD
[Agent] Received reward: 0.00000000
[NeuralNetworkInterface] Received reward signal: 0.00000000
[Agent] Making decision using full OHLCV data
[Agent] Price data: O=73.11168671 H=73.64211995 L=73.02327795 C=73.36082872 V=10131226.00000000
[Agent_Features] Generated 18 features for the latest tick.
[Agent] Exploration: Random action: SELL
[Portfolio] Logged Trade: SELL 3.41752287 MRK @ 73.36. New Cash: 5637.30, New Coins: 64.93293451
[Agent] Received reward: 0.00000000
[NeuralNetworkInterface] Received reward signal: 0.00000000
[Agent] Making decision using full OHLCV data
[Agent] Price data: O=72.30799866 H=73.11169068 L=72.09903834 C=72.91076928 V=10022129.00000000
[Agent_Features] Generated 18 features for the latest tick.
[Agent] Exploration: Random action: SELL
[Portfolio] Logged Trade: SELL 3.24664673 MRK @ 72.91. New Cash: 5874.01, New Coins: 61.68628779
[Agent] Received reward: 0.00000000
[NeuralNetworkInterface] Received reward signal: 0.00000000
[Agent] Making decision using full OHLCV data
[Agent] Price data: O=72.05081177 H=72.70180296 L=72.02670146 C=72.46873236 V=7800474.00000000
[Agent_Features] Generated 18 features for the latest tick.
[Agent] Exploration: Random action: BUY
[Portfolio] Logged Trade: BUY 4.05278984 MRK @ 72.47. New Cash: 5580.31, New Coins: 65.73907762
[Agent] Received reward: 0.00000000
[NeuralNetworkInterface] Received reward signal: 0.00000000
[Agent] Making decision using full OHLCV data
[Agent] Price data: O=71.17479706 H=72.05885896 L=70.93369394 C=72.05885896 V=13198093.00000000
[Agent_Features] Generated 18 features for the latest tick.
[Agent] Exploration: Random action: SELL
[Portfolio] Logged Trade: SELL 3.28695388 MRK @ 72.06. New Cash: 5817.16, New Coins: 62.45212374
[Agent] Received reward: 0.00000000
[NeuralNetworkInterface] Received reward signal: 0.00000000
[Agent] Making decision using full OHLCV data
[Agent] Price data: O=69.10127258 H=71.39179057 L=68.77979322 C=71.23105089 V=14954960.00000000
[Agent_Features] Generated 18 features for the latest tick.
[Agent] Exploration: Random action: SELL
[Portfolio] Logged Trade: SELL 3.12260619 MRK @ 71.23. New Cash: 6039.59, New Coins: 59.32951756
[Agent] Received reward: 0.00000000
[NeuralNetworkInterface] Received reward signal: 0.00000000
[Agent] Making decision using full OHLCV data
[Agent] Price data: O=69.19771576 H=69.52722762 L=68.08058971 C=68.39403017 V=10847534.00000000
[Agent_Features] Generated 18 features for the latest tick.
[Agent] Exploration: Random action: SELL
[Portfolio] Logged Trade: SELL 2.96647588 MRK @ 68.39. New Cash: 6242.48, New Coins: 56.36304168
[Agent] Received reward: 0.00000000
[NeuralNetworkInterface] Received reward signal: 0.00000000
[Agent] Making decision using full OHLCV data
[Agent] Price data: O=69.31828308 H=69.68797670 L=69.03699180 C=69.47098388 V=9496347.00000000
[Agent_Features] Generated 18 features for the latest tick.
[Agent] Exploration: Random action: BUY
[Portfolio] Logged Trade: BUY 4.49286872 MRK @ 69.47. New Cash: 5930.36, New Coins: 60.85591040
[Agent] Received reward: 0.00000000
[NeuralNetworkInterface] Received reward signal: 0.00000000
[Agent] Making decision using full OHLCV data
[Agent] Price data: O=70.11392975 H=70.85332335 L=69.46293849 C=69.59956787 V=8511227.00000000
[Agent_Features] Generated 18 features for the latest tick.
[Agent] Exploration: Random action: SELL
[Portfolio] Logged Trade: SELL 3.04279552 MRK @ 69.60. New Cash: 6142.13, New Coins: 57.81311488
[Agent] Received reward: 0.00000000
[NeuralNetworkInterface] Received reward signal: 0.00000000
[Agent] Making decision using full OHLCV data
[Agent] Price data: O=69.51921844 H=70.02554156 L=69.27810883 C=69.88087965 V=11016471.00000000
[Agent_Features] Generated 18 features for the latest tick.
[Agent] Exploration: Random action: BUY
[Portfolio] Logged Trade: BUY 4.39471675 MRK @ 69.88. New Cash: 5835.03, New Coins: 62.20783163
[Agent] Received reward: 0.00000000
[NeuralNetworkInterface] Received reward signal: 0.00000000
[Agent] Making decision using full OHLCV data
[Agent] Price data: O=68.66728973 H=69.65582542 L=68.31366752 C=69.42275478 V=9621583.00000000
[Agent_Features] Generated 18 features for the latest tick.
[Agent] Exploration: Random action: BUY
[Portfolio] Logged Trade: BUY 4.20253186 MRK @ 69.42. New Cash: 5543.28, New Coins: 66.41036349
[Agent] Received reward: 0.00000000
[NeuralNetworkInterface] Received reward signal: 0.00000000
[Agent] Making decision using full OHLCV data
[Agent] Price data: O=70.19429779 H=70.90154215 L=69.14949623 C=69.14949623 V=9729318.00000000
[Agent_Features] Generated 18 features for the latest tick.
[Agent] Exploration: Random action: SELL
[Portfolio] Logged Trade: SELL 3.32051817 MRK @ 69.15. New Cash: 5772.89, New Coins: 63.08984532
[Agent] Received reward: 0.00000000
[NeuralNetworkInterface] Received reward signal: 0.00000000
[Agent] Making decision using full OHLCV data
[Agent] Price data: O=71.01407623 H=71.68917151 L=70.77296665 C=71.07032935 V=15091305.00000000
[Agent_Features] Generated 18 features for the latest tick.
[Agent] Exploration: Random action: BUY
[Portfolio] Logged Trade: BUY 4.06139077 MRK @ 71.07. New Cash: 5484.24, New Coins: 67.15123609
[Agent] Received reward: 0.00000000
[NeuralNetworkInterface] Received reward signal: 0.00000000
[Agent] Making decision using full OHLCV data
[Agent] Price data: O=68.98075104 H=69.71210599 L=67.50999579 C=68.05650710 V=29290133.00000000
[Agent_Features] Generated 18 features for the latest tick.
[Agent] Exploration: Random action: SELL
[Portfolio] Logged Trade: SELL 3.35756180 MRK @ 68.06. New Cash: 5712.75, New Coins: 63.79367429
[Agent] Received reward: 0.00000000
[NeuralNetworkInterface] Received reward signal: 0.00000000
[Agent] Making decision using full OHLCV data
[Agent] Price data: O=68.86016846 H=69.30219941 L=68.52262409 C=69.13342722 V=16110170.00000000
[Agent_Features] Generated 18 features for the latest tick.
[Agent] Exploration: Random action: BUY
[Portfolio] Logged Trade: BUY 4.13168230 MRK @ 69.13. New Cash: 5427.11, New Coins: 67.92535658
[Agent] Received reward: 0.00000000
[NeuralNetworkInterface] Received reward signal: 0.00000000
[Agent] Making decision using full OHLCV data
[Agent] Price data: O=68.37796783 H=69.06914094 L=68.17704639 C=69.02895922 V=11419427.00000000
[Agent_Features] Generated 18 features for the latest tick.
[Agent] Exploration: Random action: SELL
[Portfolio] Logged Trade: SELL 3.39626783 MRK @ 69.03. New Cash: 5661.55, New Coins: 64.52908875
[Agent] Received reward: 0.00000000
[NeuralNetworkInterface] Received reward signal: 0.00000000
[Agent] Making decision using full OHLCV data
[Agent] Price data: O=68.84410858 H=69.10128957 L=68.26545458 C=68.37796724 V=10590983.00000000
[Agent_Features] Generated 18 features for the latest tick.
[Agent] Exploration: Random action: HOLD
[Agent] Received reward: 0.00000000
[NeuralNetworkInterface] Received reward signal: 0.00000000
[Agent] Making decision using full OHLCV data
[Agent] Price data: O=68.51459503 H=69.11735934 L=68.27348545 C=69.00484668 V=10252689.00000000
[Agent_Features] Generated 18 features for the latest tick.
[Agent] Exploration: Random action: BUY
[Portfolio] Logged Trade: BUY 4.10228476 MRK @ 69.00. New Cash: 5378.47, New Coins: 68.63137352
[Agent] Received reward: 0.00000000
[NeuralNetworkInterface] Received reward signal: 0.00000000
[Agent] Making decision using full OHLCV data
[Agent] Price data: O=66.90720367 H=68.49851644 L=66.62591241 C=68.34580923 V=19630926.00000000
[Agent_Features] Generated 18 features for the latest tick.
[Agent] Exploration: Random action: HOLD
[Agent] Received reward: 0.00000000
[NeuralNetworkInterface] Received reward signal: 0.00000000
[Agent] Making decision using full OHLCV data
[Agent] Price data: O=65.87849426 H=66.65003079 L=65.46057356 C=66.65003079 V=19388734.00000000
[Agent_Features] Generated 18 features for the latest tick.
[Agent] Exploration: Random action: HOLD
[Agent] Received reward: 0.00000000
[NeuralNetworkInterface] Received reward signal: 0.00000000
[Agent] Making decision using full OHLCV data
[Agent] Price data: O=66.42499542 H=66.54555342 L=65.63738111 C=66.08744460 V=8743464.00000000
[Agent_Features] Generated 18 features for the latest tick.
[Agent] Exploration: Random action: SELL
[Portfolio] Logged Trade: SELL 3.43156868 MRK @ 66.09. New Cash: 5605.26, New Coins: 65.19980484
[Agent] Received reward: 0.00000000
[NeuralNetworkInterface] Received reward signal: 0.00000000
[Agent] Making decision using full OHLCV data
[Agent] Price data: O=66.27230835 H=66.79470931 L=66.11156860 C=66.60985925 V=10017308.00000000
[Agent_Features] Generated 18 features for the latest tick.
[Agent] Exploration: Random action: BUY
[Portfolio] Logged Trade: BUY 4.20752780 MRK @ 66.61. New Cash: 5324.99, New Coins: 69.40733264
[Agent] Received reward: 0.00000000
[NeuralNetworkInterface] Received reward signal: 0.00000000
[Agent] Making decision using full OHLCV data
[Agent] Price data: O=65.90258789 H=66.79468219 L=65.55699822 C=66.77057188 V=11740220.00000000
[Agent_Features] Generated 18 features for the latest tick.
[Agent] Exploration: Random action: SELL
[Portfolio] Logged Trade: SELL 3.47036663 MRK @ 66.77. New Cash: 5556.71, New Coins: 65.93696601
[Agent] Received reward: 0.00000000
[NeuralNetworkInterface] Received reward signal: 0.00000000
[Agent] Making decision using full OHLCV data
[Agent] Price data: O=66.29639435 H=66.56965310 L=65.67755234 C=66.07940155 V=10941330.00000000
[Agent_Features] Generated 18 features for the latest tick.
[Agent] Exploration: Random action: BUY
[Portfolio] Logged Trade: BUY 4.20457215 MRK @ 66.08. New Cash: 5278.88, New Coins: 70.14153816
[Agent] Received reward: 0.00000000
[NeuralNetworkInterface] Received reward signal: 0.00000000
[Agent] Making decision using full OHLCV data
[Agent] Price data: O=66.17584991 H=66.40892056 L=65.66952691 C=66.05529835 V=9295970.00000000
[Agent_Features] Generated 18 features for the latest tick.
[Agent] Exploration: Random action: SELL
[Portfolio] Logged Trade: SELL 3.50707691 MRK @ 66.06. New Cash: 5510.54, New Coins: 66.63446125
[Agent] Received reward: 0.00000000
[NeuralNetworkInterface] Received reward signal: 0.00000000
[Agent] Making decision using full OHLCV data
[Agent] Price data: O=65.36412811 H=66.37677416 L=64.75331850 C=64.78546772 V=13734145.00000000
[Agent_Features] Generated 18 features for the latest tick.
[Agent] Exploration: Random action: HOLD
[Agent] Received reward: 0.00000000
[NeuralNetworkInterface] Received reward signal: 0.00000000
[Agent] Making decision using full OHLCV data
[Agent] Price data: O=64.51222992 H=65.85438817 L=64.17467902 C=65.52487619 V=13171683.00000000
[Agent_Features] Generated 18 features for the latest tick.
[Agent] Exploration: Random action: BUY
[Portfolio] Logged Trade: BUY 4.20492029 MRK @ 65.52. New Cash: 5235.01, New Coins: 70.83938154
[Agent] Received reward: 0.00000000
[NeuralNetworkInterface] Received reward signal: 0.00000000
[Agent] Making decision using full OHLCV data
[Agent] Price data: O=64.24700165 H=65.60523756 L=64.11037224 C=64.82566209 V=11940283.00000000
[Agent_Features] Generated 18 features for the latest tick.
[Agent] Exploration: Random action: SELL
[Portfolio] Logged Trade: SELL 3.54196908 MRK @ 64.83. New Cash: 5464.62, New Coins: 67.29741246
[Agent] Received reward: 0.00000000
[NeuralNetworkInterface] Received reward signal: 0.00000000
[Agent] Making decision using full OHLCV data
[Agent] Price data: O=62.75210953 H=65.70165076 L=62.68781752 C=64.86581611 V=15734253.00000000
[Agent_Features] Generated 18 features for the latest tick.
[Agent] Exploration: Random action: BUY
[Portfolio] Logged Trade: BUY 4.21225043 MRK @ 64.87. New Cash: 5191.39, New Coins: 71.50966289
[Agent] Received reward: 0.00000000
[NeuralNetworkInterface] Received reward signal: 0.00000000
[Agent] Making decision using full OHLCV data
[Agent] Price data: O=61.53051376 H=62.27794623 L=59.61772823 C=61.62695500 V=29246117.00000000
[Agent_Features] Generated 18 features for the latest tick.
[Agent] Exploration: Random action: HOLD
[Agent] Received reward: 0.00000000
[NeuralNetworkInterface] Received reward signal: 0.00000000
[Agent] Making decision using full OHLCV data
[Agent] Price data: O=65.39624786 H=65.54091612 L=61.94842276 C=61.98860446 V=18840525.00000000
[Agent_Features] Generated 18 features for the latest tick.
[Agent] Exploration: Random action: SELL
[Portfolio] Logged Trade: SELL 3.57548314 MRK @ 61.99. New Cash: 5413.03, New Coins: 67.93417975
[Agent] Received reward: 0.00000000
[NeuralNetworkInterface] Received reward signal: 0.00000000
[Agent] Making decision using full OHLCV data
[Agent] Price data: O=63.59601212 H=66.22408166 L=62.61551518 C=65.42038943 V=17394599.00000000
[Agent_Features] Generated 18 features for the latest tick.
[Agent] Exploration: Random action: HOLD
[Agent] Received reward: 0.00000000
[NeuralNetworkInterface] Received reward signal: 0.00000000
[Agent] Making decision using full OHLCV data
[Agent] Price data: O=66.68217468 H=66.76254454 L=64.19877382 C=65.50075003 V=20224199.00000000
[Agent_Features] Generated 18 features for the latest tick.
[Agent] Exploration: Random action: SELL
[Portfolio] Logged Trade: SELL 3.39670899 MRK @ 65.50. New Cash: 5635.52, New Coins: 64.53747076
[Agent] Received reward: 0.00000000
[NeuralNetworkInterface] Received reward signal: 0.00000000
[Agent] Making decision using full OHLCV data
[Agent] Price data: O=65.56504822 H=66.52144113 L=65.05068629 C=65.52486008 V=15017840.00000000
[Agent_Features] Generated 18 features for the latest tick.
[Agent] Exploration: Random action: HOLD
[Agent] Received reward: 0.00000000
[NeuralNetworkInterface] Received reward signal: 0.00000000
[Agent] Making decision using full OHLCV data
[Agent] Price data: O=66.06331635 H=66.40086708 L=63.83709699 C=64.27108896 V=14208574.00000000
[Agent_Features] Generated 18 features for the latest tick.
[Agent] Exploration: Random action: SELL
[Portfolio] Logged Trade: SELL 3.22687354 MRK @ 64.27. New Cash: 5842.91, New Coins: 61.31059722
[Agent] Received reward: 0.00000000
[NeuralNetworkInterface] Received reward signal: 0.00000000
[Agent] Making decision using full OHLCV data
[Agent] Price data: O=63.45938110 H=64.87387642 L=61.87610716 C=62.68783820 V=18942810.00000000
[Agent_Features] Generated 18 features for the latest tick.
[Agent] Exploration: Random action: HOLD
[Agent] Received reward: 0.00000000
[NeuralNetworkInterface] Received reward signal: 0.00000000
[Agent] Making decision using full OHLCV data
[Agent] Price data: O=65.91864777 H=66.04723820 L=62.28596632 C=64.68096401 V=17527486.00000000
[Agent_Features] Generated 18 features for the latest tick.
[Agent] Exploration: Random action: HOLD
[Agent] Received reward: 0.00000000
[NeuralNetworkInterface] Received reward signal: 0.00000000
[Agent] Making decision using full OHLCV data
[Agent] Price data: O=63.69246292 H=64.42381781 L=62.71195951 C=64.15859788 V=14274179.00000000
[Agent_Features] Generated 18 features for the latest tick.
[Agent] Exploration: Random action: HOLD
[Agent] Received reward: 0.00000000
[NeuralNetworkInterface] Received reward signal: 0.00000000
[Agent] Making decision using full OHLCV data
[Agent] Price data: O=59.83472824 H=62.73604938 L=58.87833546 C=59.79454011 V=22664782.00000000
[Agent_Features] Generated 18 features for the latest tick.
[Agent] Exploration: Random action: HOLD
[Agent] Received reward: 0.00000000
[NeuralNetworkInterface] Received reward signal: 0.00000000
[Agent] Making decision using full OHLCV data
[Agent] Price data: O=62.19279861 H=62.58175698 L=58.55441523 C=61.76332659 V=25857094.00000000
[Agent_Features] Generated 18 features for the latest tick.
[Agent] Exploration: Random action: HOLD
[Agent] Received reward: 0.00000000
[NeuralNetworkInterface] Received reward signal: 0.00000000
[Agent] Making decision using full OHLCV data
[Agent] Price data: O=56.65824890 H=61.65798332 L=54.38932187 C=57.34702650 V=20808354.00000000
[Agent_Features] Generated 18 features for the latest tick.
[Agent] Exploration: Random action: SELL
[Portfolio] Logged Trade: SELL 3.06552986 MRK @ 57.35. New Cash: 6018.71, New Coins: 58.24506736
[Agent] Received reward: 0.00000000
[NeuralNetworkInterface] Received reward signal: 0.00000000
[Agent] Making decision using full OHLCV data
[Agent] Price data: O=60.35335922 H=61.64178197 L=57.84133689 C=58.06012883 V=24745795.00000000
[Agent_Features] Generated 18 features for the latest tick.
[Agent] Exploration: Random action: HOLD
[Agent] Received reward: 0.00000000
[NeuralNetworkInterface] Received reward signal: 0.00000000
[Agent] Making decision using full OHLCV data
[Agent] Price data: O=58.04390717 H=60.49920472 L=55.77498670 C=57.89805021 V=18558508.00000000
[Agent_Features] Generated 18 features for the latest tick.
[Agent] Exploration: Random action: SELL
[Portfolio] Logged Trade: SELL 2.91225337 MRK @ 57.90. New Cash: 6187.32, New Coins: 55.33281399
[Agent] Received reward: 0.00000000
[NeuralNetworkInterface] Received reward signal: 0.00000000
[Agent] Making decision using full OHLCV data
[Agent] Price data: O=57.31461716 H=59.04062371 L=55.83981736 C=57.81702419 V=19268738.00000000
[Agent_Features] Generated 18 features for the latest tick.
[Agent] Exploration: Random action: HOLD
[Agent] Received reward: 0.00000000
[NeuralNetworkInterface] Received reward signal: 0.00000000
[Agent] Making decision using full OHLCV data
[Agent] Price data: O=57.82511520 H=58.74888875 L=55.50756954 C=56.35841462 V=23075912.00000000
[Agent_Features] Generated 18 features for the latest tick.
[Agent] Exploration: Random action: SELL
[Portfolio] Logged Trade: SELL 2.76664070 MRK @ 56.36. New Cash: 6343.25, New Coins: 52.56617329
[Agent] Received reward: 0.00000000
[NeuralNetworkInterface] Received reward signal: 0.00000000
[Agent] Making decision using full OHLCV data
[Agent] Price data: O=53.80587769 H=58.02769460 L=52.87399885 C=56.94185351 V=18375003.00000000
[Agent_Features] Generated 18 features for the latest tick.
[Agent] Exploration: Random action: SELL
[Portfolio] Logged Trade: SELL 2.62830866 MRK @ 56.94. New Cash: 6492.91, New Coins: 49.93786463
[Agent] Received reward: 0.00000000
[NeuralNetworkInterface] Received reward signal: 0.00000000
[Agent] Making decision using full OHLCV data
[Agent] Price data: O=55.95325470 H=56.52048478 L=54.44604039 C=55.90463572 V=19901939.00000000
[Agent_Features] Generated 18 features for the latest tick.
[Agent] Exploration: Random action: HOLD
[Agent] Received reward: 0.00000000
[NeuralNetworkInterface] Received reward signal: 0.00000000
[Agent] Making decision using full OHLCV data
[Agent] Price data: O=55.28068924 H=57.03099870 L=54.08950461 C=55.43465153 V=18311494.00000000
[Agent_Features] Generated 18 features for the latest tick.
[Agent] Exploration: Random action: HOLD
[Agent] Received reward: 0.00000000
[NeuralNetworkInterface] Received reward signal: 0.00000000
[Agent] Making decision using full OHLCV data
[Agent] Price data: O=59.58353424 H=60.11024420 L=55.18344510 C=55.21585344 V=18052848.00000000
[Agent_Features] Generated 18 features for the latest tick.
[Agent] Exploration: Random action: SELL
[Portfolio] Logged Trade: SELL 2.49689323 MRK @ 55.22. New Cash: 6630.78, New Coins: 47.44097140
[Agent] Received reward: 0.00000000
[NeuralNetworkInterface] Received reward signal: 0.00000000
[Agent] Making decision using full OHLCV data
[Agent] Price data: O=58.12494278 H=59.50250445 L=57.73598442 C=58.18166709 V=12467218.00000000
[Agent_Features] Generated 18 features for the latest tick.
[Agent] Exploration: Random action: SELL
[Portfolio] Logged Trade: SELL 2.37204857 MRK @ 58.18. New Cash: 6768.79, New Coins: 45.06892283
[Agent] Received reward: 0.00000000
[NeuralNetworkInterface] Received reward signal: 0.00000000
[Agent] Making decision using full OHLCV data
[Agent] Price data: O=62.35485840 H=62.87346948 L=59.05681481 C=59.65645968 V=15803316.00000000
[Agent_Features] Generated 18 features for the latest tick.
[Agent] Exploration: Random action: HOLD
[Agent] Received reward: 0.00000000
[NeuralNetworkInterface] Received reward signal: 0.00000000
[Agent] Making decision using full OHLCV data
[Agent] Price data: O=62.34675598 H=62.88157126 L=61.19608515 C=61.78763121 V=15079672.00000000
[Agent_Features] Generated 18 features for the latest tick.
[Agent] Exploration: Random action: SELL
[Portfolio] Logged Trade: SELL 2.25344614 MRK @ 61.79. New Cash: 6908.02, New Coins: 42.81547669
[Agent] Received reward: 0.00000000
[NeuralNetworkInterface] Received reward signal: 0.00000000
[Agent] Making decision using full OHLCV data
[Agent] Price data: O=59.80231094 H=61.15556283 L=59.14594830 C=60.49919372 V=11665288.00000000
[Agent_Features] Generated 18 features for the latest tick.
[Agent] Exploration: Random action: SELL
[Portfolio] Logged Trade: SELL 2.14077383 MRK @ 60.50. New Cash: 7037.54, New Coins: 40.67470285
[Agent] Received reward: 0.00000000
[NeuralNetworkInterface] Received reward signal: 0.00000000
[Agent] Making decision using full OHLCV data
[Agent] Price data: O=62.29003906 H=62.49262034 L=59.98870361 C=61.56884662 V=12843345.00000000
[Agent_Features] Generated 18 features for the latest tick.
[Agent] Exploration: Random action: HOLD
[Agent] Received reward: 0.00000000
[NeuralNetworkInterface] Received reward signal: 0.00000000
[Agent] Making decision using full OHLCV data
[Agent] Price data: O=61.78763962 H=62.75192702 L=61.03403234 C=61.81194911 V=10039211.00000000
[Agent_Features] Generated 18 features for the latest tick.
[Agent] Exploration: Random action: HOLD
[Agent] Received reward: 0.00000000
[NeuralNetworkInterface] Received reward signal: 0.00000000
[Agent] Making decision using full OHLCV data
[Agent] Price data: O=65.07756805 H=65.51515188 L=63.12467740 C=63.47311562 V=14314108.00000000
[Agent_Features] Generated 18 features for the latest tick.
[Agent] Exploration: Random action: BUY
[Portfolio] Logged Trade: BUY 5.54371411 MRK @ 63.47. New Cash: 6685.66, New Coins: 46.21841696
[Agent] Received reward: 0.00000000
[NeuralNetworkInterface] Received reward signal: 0.00000000
[Agent] Making decision using full OHLCV data
[Agent] Price data: O=63.65948868 H=66.42271718 L=63.52983590 C=66.18772111 V=10657950.00000000
[Agent_Features] Generated 18 features for the latest tick.
[Agent] Exploration: Random action: BUY
[Portfolio] Logged Trade: BUY 5.05052842 MRK @ 66.19. New Cash: 6351.38, New Coins: 51.26894538
[Agent] Received reward: 0.00000000
[NeuralNetworkInterface] Received reward signal: 0.00000000
[Agent] Making decision using full OHLCV data
[Agent] Price data: O=66.13909912 H=67.25735521 L=63.48122025 C=64.16189899 V=11481888.00000000
[Agent_Features] Generated 18 features for the latest tick.
[Agent] Exploration: Random action: BUY
[Portfolio] Logged Trade: BUY 4.94949219 MRK @ 64.16. New Cash: 6033.81, New Coins: 56.21843757
[Agent] Received reward: 0.00000000
[NeuralNetworkInterface] Received reward signal: 0.00000000
[Agent] Making decision using full OHLCV data
[Agent] Price data: O=66.84407806 H=67.49234190 L=64.97222149 C=65.77444759 V=13876568.00000000
[Agent_Features] Generated 18 features for the latest tick.
[Agent] Exploration: Random action: HOLD
[Agent] Received reward: 0.00000000
[NeuralNetworkInterface] Received reward signal: 0.00000000
[Agent] Making decision using full OHLCV data
[Agent] Price data: O=65.26393890 H=66.82787753 L=64.68860350 C=66.30116110 V=7706678.00000000
[Agent_Features] Generated 18 features for the latest tick.
[Agent] Exploration: Random action: BUY
[Portfolio] Logged Trade: BUY 4.55030307 MRK @ 66.30. New Cash: 5732.12, New Coins: 60.76874064
[Agent] Received reward: 0.00000000
[NeuralNetworkInterface] Received reward signal: 0.00000000
[Agent] Making decision using full OHLCV data
[Agent] Price data: O=67.12770844 H=67.41942885 L=65.41791257 C=66.71444055 V=12155333.00000000
[Agent_Features] Generated 18 features for the latest tick.
[Agent] Exploration: Random action: BUY
[Portfolio] Logged Trade: BUY 4.29600932 MRK @ 66.71. New Cash: 5445.51, New Coins: 65.06474996
[Agent] Received reward: 0.00000000
[NeuralNetworkInterface] Received reward signal: 0.00000000
[Agent] Making decision using full OHLCV data
[Agent] Price data: O=66.50374603 H=67.22493842 L=65.28015316 C=65.82307379 V=10809072.00000000
[Agent_Features] Generated 18 features for the latest tick.
[Agent] Exploration: Random action: HOLD
[Agent] Received reward: 0.00000000
[NeuralNetworkInterface] Received reward signal: 0.00000000
[Agent] Making decision using full OHLCV data
[Agent] Price data: O=67.25737000 H=67.52478095 L=66.65772492 C=66.97375487 V=9145058.00000000
[Agent_Features] Generated 18 features for the latest tick.
[Agent] Exploration: Random action: HOLD
[Agent] Received reward: 0.00000000
[NeuralNetworkInterface] Received reward signal: 0.00000000
[Agent] Making decision using full OHLCV data
[Agent] Price data: O=67.63010406 H=68.19733415 L=66.80356843 C=68.02716772 V=15433162.00000000
[Agent_Features] Generated 18 features for the latest tick.
[Agent] Exploration: Random action: SELL
[Portfolio] Logged Trade: SELL 3.25323750 MRK @ 68.03. New Cash: 5666.82, New Coins: 61.81151246
[Agent] Received reward: -0.00000000
[NeuralNetworkInterface] Received reward signal: -0.00000000
[Agent] Making decision using full OHLCV data
[Agent] Price data: O=67.33837128 H=68.17301208 L=65.44219897 C=67.11148058 V=11675768.00000000
[Agent_Features] Generated 18 features for the latest tick.
[Agent] Exploration: Random action: HOLD
[Agent] Received reward: 0.00000000
[NeuralNetworkInterface] Received reward signal: 0.00000000
[Agent] Making decision using full OHLCV data
[Agent] Price data: O=63.65948868 H=66.69012158 L=63.37587363 C=66.13909565 V=17876574.00000000
[Agent_Features] Generated 18 features for the latest tick.
[Agent] Exploration: Random action: SELL
[Portfolio] Logged Trade: SELL 3.09057562 MRK @ 66.14. New Cash: 5871.23, New Coins: 58.72093684
[Agent] Received reward: 0.00000000
[NeuralNetworkInterface] Received reward signal: 0.00000000
[Agent] Making decision using full OHLCV data
[Agent] Price data: O=64.81015778 H=65.35307837 L=63.87827886 C=64.17809806 V=11933890.00000000
[Agent_Features] Generated 18 features for the latest tick.
[Agent] Exploration: Random action: BUY
[Portfolio] Logged Trade: BUY 4.57416774 MRK @ 64.18. New Cash: 5577.67, New Coins: 63.29510458
[Agent] Received reward: 0.00000000
[NeuralNetworkInterface] Received reward signal: 0.00000000
[Agent] Making decision using full OHLCV data
[Agent] Price data: O=65.53947449 H=66.34979971 L=64.96413891 C=64.98034309 V=8152497.00000000
[Agent_Features] Generated 18 features for the latest tick.
[Agent] Exploration: Random action: BUY
[Portfolio] Logged Trade: BUY 4.29181047 MRK @ 64.98. New Cash: 5298.78, New Coins: 67.58691504
[Agent] Received reward: 0.00000000
[NeuralNetworkInterface] Received reward signal: 0.00000000
[Agent] Making decision using full OHLCV data
[Agent] Price data: O=65.98512268 H=66.52804968 L=65.65288870 C=66.12288076 V=7686451.00000000
[Agent_Features] Generated 18 features for the latest tick.
[Agent] Exploration: Random action: HOLD
[Agent] Received reward: 0.00000000
[NeuralNetworkInterface] Received reward signal: 0.00000000
[Agent] Making decision using full OHLCV data
[Agent] Price data: O=68.05146790 H=68.61059258 L=65.49892639 C=65.82306152 V=12786753.00000000
[Agent_Features] Generated 18 features for the latest tick.
[Agent] Exploration: Random action: HOLD
[Agent] Received reward: 0.00000000
[NeuralNetworkInterface] Received reward signal: 0.00000000
[Simulation] Simulation run finished. Ticks processed in this run: 160

Simulation Finished in 0.01 seconds.
--------------------
  Final Portfolio  
--------------------
Cash:      $5298.78
Asset:     67.5869 MRK
Total Value: $9747.56
--------------------
[Simulation] Simulation destroyed.
[AutonomousTradingAgent] Agent destroyed
[NeuralNetworkInterface] Destructor called.
[Portfolio] Destroyed for asset: MRK. Final cash: 5298.78, Final assets: 67.59
