Loading data from training_run_20250621_125703/data/JNJ_1d_20160520_to_20170303.csv...
Loaded 149 data points.
[Portfolio] Initialized for asset: JNJ with initial cash: 10000.00. Initial Portfolio Value: 10000.00
[NeuralNetworkInterface] Constructor called.
[NeuralNetworkInterface] Initializing...
Warning: NN model path is empty. Initializing in a mock state.
[NeuralNetworkInterface] Initialized successfully.
[AutonomousTradingAgent] Agent initialized for JNJ without API client (CSV mode).
[Simulation] Initialized with 149 data points.
[Simulation] API client is NULL (offline/CSV mode).

Starting Simulation for JNJ...
[Simulation] Starting simulation run...
[Agent] Making decision using full OHLCV data
[Agent] Price data: O=97.76 H=98.00 L=97.53 C=97.69 V=4615100.00
[Agent_Features] Generated 15 features for the latest tick.
[Agent] Exploration: Random action: SELL
[Agent] Received reward: 0.00
[NeuralNetworkInterface] Received reward signal: 0.00
[Agent] Making decision using full OHLCV data
[Agent] Price data: O=97.33 H=98.15 L=97.05 C=97.96 V=7158700.00
[Agent_Features] Generated 17 features for the latest tick.
[Agent] Exploration: Random action: HOLD
[Agent] Received reward: 0.00
[NeuralNetworkInterface] Received reward signal: 0.00
[Agent] Making decision using full OHLCV data
[Agent] Price data: O=96.59 H=97.45 L=96.43 C=97.45 V=5310600.00
[Agent_Features] Generated 17 features for the latest tick.
[Agent] Exploration: Random action: SELL
[Agent] Received reward: 0.00
[NeuralNetworkInterface] Received reward signal: 0.00
[Agent] Making decision using full OHLCV data
[Agent] Price data: O=96.56 H=96.98 L=96.39 C=96.86 V=4728200.00
[Agent_Features] Generated 17 features for the latest tick.
[Agent] Exploration: Random action: SELL
[Agent] Received reward: 0.00
[NeuralNetworkInterface] Received reward signal: 0.00
[Agent] Making decision using full OHLCV data
[Agent] Price data: O=96.86 H=96.97 L=96.48 C=96.97 V=5146900.00
[Agent_Features] Generated 18 features for the latest tick.
[Agent] Exploration: Random action: SELL
[Agent] Received reward: 0.00
[NeuralNetworkInterface] Received reward signal: 0.00
[Agent] Making decision using full OHLCV data
[Agent] Price data: O=96.40 H=96.79 L=96.07 C=96.67 V=5232500.00
[Agent_Features] Generated 18 features for the latest tick.
[Agent] Exploration: Random action: HOLD
[Agent] Received reward: 0.00
[NeuralNetworkInterface] Received reward signal: 0.00
[Agent] Making decision using full OHLCV data
[Agent] Price data: O=96.23 H=96.67 L=96.15 C=96.60 V=3941500.00
[Agent_Features] Generated 18 features for the latest tick.
[Agent] Exploration: Random action: BUY
[Portfolio] Logged Trade: BUY 5.17592631 JNJ @ 96.60. New Cash: 9500.00, New Coins: 5.17592631
[Agent] Received reward: 0.00000000
[NeuralNetworkInterface] Received reward signal: 0.00000000
[Agent] Making decision using full OHLCV data
[Agent] Price data: O=96.17227936 H=96.49971273 L=96.07872442 C=96.35158556 V=4333500.00000000
[Agent_Features] Generated 18 features for the latest tick.
[Agent] Exploration: Random action: BUY
[Portfolio] Logged Trade: BUY 4.92986179 JNJ @ 96.35. New Cash: 9025.00, New Coins: 10.10578810
[Agent] Received reward: 0.00000000
[NeuralNetworkInterface] Received reward signal: 0.00000000
[Agent] Making decision using full OHLCV data
[Agent] Price data: O=96.49191284 H=96.78036944 L=96.25803441 C=96.55428280 V=4052000.00000000
[Agent_Features] Generated 18 features for the latest tick.
[Agent] Exploration: Random action: SELL
[Portfolio] Logged Trade: SELL 0.50528940 JNJ @ 96.55. New Cash: 9073.79, New Coins: 9.60049869
[Agent] Received reward: 0.00000000
[NeuralNetworkInterface] Received reward signal: 0.00000000
[Agent] Making decision using full OHLCV data
[Agent] Price data: O=96.06313324 H=96.49191333 L=95.85263611 C=96.25803490 V=4234800.00000000
[Agent_Features] Generated 18 features for the latest tick.
[Agent] Exploration: Random action: SELL
[Portfolio] Logged Trade: SELL 0.48002493 JNJ @ 96.26. New Cash: 9119.99, New Coins: 9.12047376
[Agent] Received reward: 0.00000000
[NeuralNetworkInterface] Received reward signal: 0.00000000
[Agent] Making decision using full OHLCV data
[Agent] Price data: O=95.35367584 H=96.10209742 L=95.33028860 C=95.98516120 V=6469500.00000000
[Agent_Features] Generated 18 features for the latest tick.
[Agent] Exploration: Random action: HOLD
[Agent] Received reward: 0.00000000
[NeuralNetworkInterface] Received reward signal: 0.00000000
[Agent] Making decision using full OHLCV data
[Agent] Price data: O=93.81008148 H=95.36149725 L=93.59958433 C=95.19778054 V=11289100.00000000
[Agent_Features] Generated 18 features for the latest tick.
[Agent] Exploration: Random action: BUY
[Portfolio] Logged Trade: BUY 4.79002455 JNJ @ 95.20. New Cash: 8663.99, New Coins: 13.91049830
[Agent] Received reward: 0.00000000
[NeuralNetworkInterface] Received reward signal: 0.00000000
[Agent] Making decision using full OHLCV data
[Agent] Price data: O=94.57405853 H=94.58965399 L=93.43583381 C=93.94257920 V=10442800.00000000
[Agent_Features] Generated 18 features for the latest tick.
[Agent] Exploration: Random action: HOLD
[Agent] Received reward: 0.00000000
[NeuralNetworkInterface] Received reward signal: 0.00000000
[Agent] Making decision using full OHLCV data
[Agent] Price data: O=94.11412048 H=94.63645554 L=93.47484324 C=94.46494111 V=8728000.00000000
[Agent_Features] Generated 18 features for the latest tick.
[Agent] Exploration: Random action: BUY
[Portfolio] Logged Trade: BUY 4.58582534 JNJ @ 94.46. New Cash: 8230.79, New Coins: 18.49632364
[Agent] Received reward: 0.00000000
[NeuralNetworkInterface] Received reward signal: 0.00000000
[Agent] Making decision using full OHLCV data
[Agent] Price data: O=94.11412048 H=94.16905677 L=93.64323715 C=94.10627672 V=7798300.00000000
[Agent_Features] Generated 18 features for the latest tick.
[Agent] Exploration: Random action: SELL
[Portfolio] Logged Trade: SELL 0.92481618 JNJ @ 94.11. New Cash: 8317.83, New Coins: 17.57150746
[Agent] Received reward: 0.00000000
[NeuralNetworkInterface] Received reward signal: 0.00000000
[Agent] Making decision using full OHLCV data
[Agent] Price data: O=93.49411011 H=94.09841520 L=93.35284453 C=94.09841520 V=6544900.00000000
[Agent_Features] Generated 18 features for the latest tick.
[Agent] Exploration: Random action: HOLD
[Agent] Received reward: 0.00000000
[NeuralNetworkInterface] Received reward signal: 0.00000000
[Agent] Making decision using full OHLCV data
[Agent] Price data: O=93.73741150 H=94.14550877 L=93.40778779 C=93.91791387 V=5603200.00000000
[Agent_Features] Generated 18 features for the latest tick.
[Agent] Exploration: Random action: HOLD
[Agent] Received reward: 0.00000000
[NeuralNetworkInterface] Received reward signal: 0.00000000
[Agent] Making decision using full OHLCV data
[Agent] Price data: O=93.16450500 H=93.87083301 L=93.09387520 C=93.76881018 V=6303900.00000000
[Agent_Features] Generated 18 features for the latest tick.
[Agent] Exploration: Random action: HOLD
[Agent] Received reward: 0.00000000
[NeuralNetworkInterface] Received reward signal: 0.00000000
[Agent] Making decision using full OHLCV data
[Agent] Price data: O=93.05461121 H=93.55688745 L=92.86625911 C=93.28220607 V=5566000.00000000
[Agent_Features] Generated 18 features for the latest tick.
[Agent] Exploration: Random action: HOLD
[Agent] Received reward: 0.00000000
[NeuralNetworkInterface] Received reward signal: 0.00000000
[Agent] Making decision using full OHLCV data
[Agent] Price data: O=93.42349243 H=93.97285533 L=93.04678217 C=93.26652733 V=6482700.00000000
[Agent_Features] Generated 18 features for the latest tick.
[Agent] Exploration: Random action: BUY
[Portfolio] Logged Trade: BUY 4.45916983 JNJ @ 93.27. New Cash: 7901.93, New Coins: 22.03067729
[Agent] Received reward: 0.00000000
[NeuralNetworkInterface] Received reward signal: 0.00000000
[Agent] Making decision using full OHLCV data
[Agent] Price data: O=94.11412048 H=94.27892935 L=93.43918551 C=93.62754363 V=5074900.00000000
[Agent_Features] Generated 18 features for the latest tick.
[Agent] Exploration: Random action: HOLD
[Agent] Received reward: 0.00000000
[NeuralNetworkInterface] Received reward signal: 0.00000000
[Agent] Making decision using full OHLCV data
[Agent] Price data: O=93.76092529 H=94.70269162 L=93.59611649 C=94.70269162 V=3820500.00000000
[Agent_Features] Generated 18 features for the latest tick.
[Agent] Exploration: Random action: BUY
[Portfolio] Logged Trade: BUY 4.17196928 JNJ @ 94.70. New Cash: 7506.84, New Coins: 26.20264657
[Agent] Received reward: 0.00000000
[NeuralNetworkInterface] Received reward signal: 0.00000000
[Agent] Making decision using full OHLCV data
[Agent] Price data: O=93.65892792 H=93.87867906 L=93.39994598 C=93.81589302 V=5693100.00000000
[Agent_Features] Generated 18 features for the latest tick.
[Agent] Exploration: Random action: BUY
[Portfolio] Logged Trade: BUY 4.00083475 JNJ @ 93.82. New Cash: 7131.50, New Coins: 30.20348132
[Agent] Received reward: 0.00000000
[NeuralNetworkInterface] Received reward signal: 0.00000000
[Agent] Making decision using full OHLCV data
[Agent] Price data: O=93.45488739 H=93.69817582 L=93.07817712 C=93.54121670 V=4551800.00000000
[Agent_Features] Generated 18 features for the latest tick.
[Agent] Exploration: Random action: BUY
[Portfolio] Logged Trade: BUY 3.81195373 JNJ @ 93.54. New Cash: 6774.92, New Coins: 34.01543505
[Agent] Received reward: 0.00000000
[NeuralNetworkInterface] Received reward signal: 0.00000000
[Agent] Making decision using full OHLCV data
[Agent] Price data: O=93.64324188 H=94.02779593 L=93.31362413 C=93.67463490 V=5806400.00000000
[Agent_Features] Generated 18 features for the latest tick.
[Agent] Exploration: Random action: SELL
[Portfolio] Logged Trade: SELL 1.70077175 JNJ @ 93.67. New Cash: 6934.24, New Coins: 32.31466330
[Agent] Received reward: 0.00000000
[NeuralNetworkInterface] Received reward signal: 0.00000000
[Agent] Making decision using full OHLCV data
[Agent] Price data: O=93.98070526 H=94.15336388 L=93.67463079 C=94.00424853 V=5280700.00000000
[Agent_Features] Generated 18 features for the latest tick.
[Agent] Exploration: Random action: SELL
[Portfolio] Logged Trade: SELL 1.61573316 JNJ @ 94.00. New Cash: 7086.13, New Coins: 30.69893013
[Agent] Received reward: 0.00000000
[NeuralNetworkInterface] Received reward signal: 0.00000000
[Agent] Making decision using full OHLCV data
[Agent] Price data: O=93.87084198 H=94.13767370 L=93.73742612 C=94.05134438 V=4753800.00000000
[Agent_Features] Generated 18 features for the latest tick.
[Agent] Exploration: Random action: BUY
[Portfolio] Logged Trade: BUY 3.76715826 JNJ @ 94.05. New Cash: 6731.82, New Coins: 34.46608839
[Agent] Received reward: 0.00000000
[NeuralNetworkInterface] Received reward signal: 0.00000000
[Agent] Making decision using full OHLCV data
[Agent] Price data: O=93.76092529 H=94.03560664 L=93.50193746 C=93.68244576 V=4833000.00000000
[Agent_Features] Generated 18 features for the latest tick.
[Agent] Exploration: Random action: SELL
[Portfolio] Logged Trade: SELL 1.72330442 JNJ @ 93.68. New Cash: 6893.26, New Coins: 32.74278397
[Agent] Received reward: 0.00000000
[NeuralNetworkInterface] Received reward signal: 0.00000000
[Agent] Making decision using full OHLCV data
[Agent] Price data: O=92.78778839 H=93.51765957 L=92.74854562 C=93.41563076 V=7957300.00000000
[Agent_Features] Generated 18 features for the latest tick.
[Agent] Exploration: Random action: SELL
[Portfolio] Logged Trade: SELL 1.63713920 JNJ @ 93.42. New Cash: 7046.20, New Coins: 31.10564477
[Agent] Received reward: 0.00000000
[NeuralNetworkInterface] Received reward signal: 0.00000000
[Agent] Making decision using full OHLCV data
[Agent] Price data: O=93.51769257 H=93.74528154 L=92.12072977 C=92.41896054 V=7239800.00000000
[Agent_Features] Generated 18 features for the latest tick.
[Agent] Exploration: Random action: SELL
[Portfolio] Logged Trade: SELL 1.55528224 JNJ @ 92.42. New Cash: 7189.94, New Coins: 29.55036253
[Agent] Received reward: 0.00000000
[NeuralNetworkInterface] Received reward signal: 0.00000000
[Agent] Making decision using full OHLCV data
[Agent] Price data: O=92.30122375 H=93.25869000 L=92.20704469 C=92.93691600 V=7957900.00000000
[Agent_Features] Generated 18 features for the latest tick.
[Agent] Exploration: Random action: BUY
[Portfolio] Logged Trade: BUY 3.86818033 JNJ @ 92.94. New Cash: 6830.44, New Coins: 33.41854286
[Agent] Received reward: 0.00000000
[NeuralNetworkInterface] Received reward signal: 0.00000000
[Agent] Making decision using full OHLCV data
[Agent] Price data: O=92.49740601 H=92.86626646 L=92.18348183 C=92.48955625 V=6124900.00000000
[Agent_Features] Generated 18 features for the latest tick.
[Agent] Exploration: Random action: HOLD
[Agent] Received reward: 0.00000000
[NeuralNetworkInterface] Received reward signal: 0.00000000
[Agent] Making decision using full OHLCV data
[Agent] Price data: O=93.10170746 H=93.34500184 L=92.07361159 C=92.45816558 V=5812100.00000000
[Agent_Features] Generated 18 features for the latest tick.
[Agent] Exploration: Random action: HOLD
[Agent] Received reward: 0.00000000
[NeuralNetworkInterface] Received reward signal: 0.00000000
[Agent] Making decision using full OHLCV data
[Agent] Price data: O=92.80349731 H=93.50197559 L=92.70147448 C=93.00754896 V=12408800.00000000
[Agent_Features] Generated 18 features for the latest tick.
[Agent] Exploration: Random action: SELL
[Portfolio] Logged Trade: SELL 1.67092714 JNJ @ 93.01. New Cash: 6985.85, New Coins: 31.74761572
[Agent] Received reward: 0.00000000
[NeuralNetworkInterface] Received reward signal: 0.00000000
[Agent] Making decision using full OHLCV data
[Agent] Price data: O=92.34046936 H=93.12527700 L=92.32476985 C=92.88983231 V=5457600.00000000
[Agent_Features] Generated 18 features for the latest tick.
[Agent] Exploration: Random action: BUY
[Portfolio] Logged Trade: BUY 3.76028620 JNJ @ 92.89. New Cash: 6636.55, New Coins: 35.50790192
[Agent] Received reward: 0.00000000
[NeuralNetworkInterface] Received reward signal: 0.00000000
[Agent] Making decision using full OHLCV data
[Agent] Price data: O=92.56804657 H=92.79564147 L=92.36400092 C=92.74070519 V=5187700.00000000
[Agent_Features] Generated 18 features for the latest tick.
[Agent] Exploration: Random action: HOLD
[Agent] Received reward: 0.00000000
[NeuralNetworkInterface] Received reward signal: 0.00000000
[Agent] Making decision using full OHLCV data
[Agent] Price data: O=93.32146454 H=93.39209434 L=92.32475564 C=92.56804405 V=6337300.00000000
[Agent_Features] Generated 18 features for the latest tick.
[Agent] Exploration: Random action: BUY
[Portfolio] Logged Trade: BUY 3.58468995 JNJ @ 92.57. New Cash: 6304.73, New Coins: 39.09259186
[Agent] Received reward: 0.00000000
[NeuralNetworkInterface] Received reward signal: 0.00000000
[Agent] Making decision using full OHLCV data
[Agent] Price data: O=93.75311279 H=94.05133752 L=93.50197461 C=93.58830392 V=5340500.00000000
[Agent_Features] Generated 18 features for the latest tick.
[Agent] Exploration: Random action: SELL
[Portfolio] Logged Trade: SELL 1.95462959 JNJ @ 93.59. New Cash: 6487.66, New Coins: 37.13796227
[Agent] Received reward: 0.00000000
[NeuralNetworkInterface] Received reward signal: 0.00000000
[Agent] Making decision using full OHLCV data
[Agent] Price data: O=93.24298859 H=93.86298731 L=93.16450902 C=93.71387793 V=4773000.00000000
[Agent_Features] Generated 18 features for the latest tick.
[Agent] Exploration: Random action: HOLD
[Agent] Received reward: 0.00000000
[NeuralNetworkInterface] Received reward signal: 0.00000000
[Agent] Making decision using full OHLCV data
[Agent] Price data: O=92.43461609 H=93.10955094 L=92.26195750 C=93.10170119 V=5998900.00000000
[Agent_Features] Generated 18 features for the latest tick.
[Agent] Exploration: Random action: BUY
[Portfolio] Logged Trade: BUY 3.48417772 JNJ @ 93.10. New Cash: 6163.27, New Coins: 40.62213999
[Agent] Received reward: 0.00000000
[NeuralNetworkInterface] Received reward signal: 0.00000000
[Agent] Making decision using full OHLCV data
[Agent] Price data: O=93.56475830 H=93.56475830 L=92.38754696 C=92.91336659 V=5349500.00000000
[Agent_Features] Generated 18 features for the latest tick.
[Agent] Exploration: Random action: SELL
[Portfolio] Logged Trade: SELL 2.03110700 JNJ @ 92.91. New Cash: 6351.99, New Coins: 38.59103299
[Agent] Received reward: 0.00000000
[NeuralNetworkInterface] Received reward signal: 0.00000000
[Agent] Making decision using full OHLCV data
[Agent] Price data: O=93.69817352 H=93.80019635 L=93.24298370 C=93.43134183 V=5076100.00000000
[Agent_Features] Generated 18 features for the latest tick.
[Agent] Exploration: Random action: HOLD
[Agent] Received reward: 0.00000000
[NeuralNetworkInterface] Received reward signal: 0.00000000
[Agent] Making decision using full OHLCV data
[Agent] Price data: O=92.03435516 H=93.60396986 L=91.85385283 C=93.29789547 V=6190200.00000000
[Agent_Features] Generated 18 features for the latest tick.
[Agent] Exploration: Random action: BUY
[Portfolio] Logged Trade: BUY 3.40414516 JNJ @ 93.30. New Cash: 6034.39, New Coins: 41.99517815
[Agent] Received reward: 0.00000000
[NeuralNetworkInterface] Received reward signal: 0.00000000
[Agent] Making decision using full OHLCV data
[Agent] Price data: O=92.70930481 H=93.09386478 L=92.12854895 C=92.43462339 V=7941100.00000000
[Agent_Features] Generated 18 features for the latest tick.
[Agent] Exploration: Random action: BUY
[Portfolio] Logged Trade: BUY 3.26414053 JNJ @ 92.43. New Cash: 5732.67, New Coins: 45.25931868
[Agent] Received reward: 0.00000000
[NeuralNetworkInterface] Received reward signal: 0.00000000
[Agent] Making decision using full OHLCV data
[Agent] Price data: O=93.24298859 H=93.39995370 L=92.15995626 C=92.60729635 V=6098600.00000000
[Agent_Features] Generated 18 features for the latest tick.
[Agent] Exploration: Random action: BUY
[Portfolio] Logged Trade: BUY 3.09515159 JNJ @ 92.61. New Cash: 5446.04, New Coins: 48.35447026
[Agent] Received reward: 0.00000000
[NeuralNetworkInterface] Received reward signal: 0.00000000
[Agent] Making decision using full OHLCV data
[Agent] Price data: O=93.25081635 H=93.76879211 L=92.82701962 C=93.26650986 V=5733900.00000000
[Agent_Features] Generated 18 features for the latest tick.
[Agent] Exploration: Random action: BUY
[Portfolio] Logged Trade: BUY 2.91961112 JNJ @ 93.27. New Cash: 5173.74, New Coins: 51.27408138
[Agent] Received reward: 0.00000000
[NeuralNetworkInterface] Received reward signal: 0.00000000
[Agent] Making decision using full OHLCV data
[Agent] Price data: O=93.53336334 H=93.73741498 L=93.07817353 C=93.56475636 V=5778700.00000000
[Agent_Features] Generated 18 features for the latest tick.
[Agent] Exploration: Random action: SELL
[Portfolio] Logged Trade: SELL 2.56370407 JNJ @ 93.56. New Cash: 5413.61, New Coins: 48.71037731
[Agent] Received reward: 0.00000000
[NeuralNetworkInterface] Received reward signal: 0.00000000
[Agent] Making decision using full OHLCV data
[Agent] Price data: O=93.19589996 H=93.27437952 L=92.54450824 C=92.99969807 V=4448500.00000000
[Agent_Features] Generated 18 features for the latest tick.
[Agent] Exploration: Random action: SELL
[Portfolio] Logged Trade: SELL 2.43551887 JNJ @ 93.00. New Cash: 5640.11, New Coins: 46.27485845
[Agent] Received reward: 0.00000000
[NeuralNetworkInterface] Received reward signal: 0.00000000
[Agent] Making decision using full OHLCV data
[Agent] Price data: O=93.58045959 H=93.83944755 L=93.14881899 C=93.52552330 V=4799300.00000000
[Agent_Features] Generated 18 features for the latest tick.
[Agent] Exploration: Random action: HOLD
[Agent] Received reward: 0.00000000
[NeuralNetworkInterface] Received reward signal: 0.00000000
[Agent] Making decision using full OHLCV data
[Agent] Price data: O=94.01996613 H=94.33388442 L=93.66679906 C=93.79237117 V=3657000.00000000
[Agent_Features] Generated 18 features for the latest tick.
[Agent] Exploration: Random action: BUY
[Portfolio] Logged Trade: BUY 3.00670067 JNJ @ 93.79. New Cash: 5358.11, New Coins: 49.28155912
[Agent] Received reward: 0.00000000
[NeuralNetworkInterface] Received reward signal: 0.00000000
[Agent] Making decision using full OHLCV data
[Agent] Price data: O=92.32474518 H=93.88651028 L=91.86955543 C=93.71385768 V=6394200.00000000
[Agent_Features] Generated 18 features for the latest tick.
[Agent] Exploration: Random action: SELL
[Portfolio] Logged Trade: SELL 2.46407796 JNJ @ 93.71. New Cash: 5589.02, New Coins: 46.81748116
[Agent] Received reward: 0.00000000
[NeuralNetworkInterface] Received reward signal: 0.00000000
[Agent] Making decision using full OHLCV data
[Agent] Price data: O=92.58374786 H=92.94475862 L=92.21488736 C=92.57589811 V=4685200.00000000
[Agent_Features] Generated 18 features for the latest tick.
[Agent] Exploration: Random action: SELL
[Portfolio] Logged Trade: SELL 2.34087406 JNJ @ 92.58. New Cash: 5805.73, New Coins: 44.47660711
[Agent] Received reward: -0.00000000
[NeuralNetworkInterface] Received reward signal: -0.00000000
[Agent] Making decision using full OHLCV data
[Agent] Price data: O=92.81134796 H=93.54906303 L=92.04223388 C=92.24628553 V=7387400.00000000
[Agent_Features] Generated 18 features for the latest tick.
[Agent] Exploration: Random action: HOLD
[Agent] Received reward: 0.00000000
[NeuralNetworkInterface] Received reward signal: 0.00000000
[Agent] Making decision using full OHLCV data
[Agent] Price data: O=92.26194763 H=93.23511303 L=92.26194763 C=92.99966844 V=5640500.00000000
[Agent_Features] Generated 18 features for the latest tick.
[Agent] Exploration: Random action: BUY
[Portfolio] Logged Trade: BUY 3.12137290 JNJ @ 93.00. New Cash: 5515.45, New Coins: 47.59798001
[Agent] Received reward: 0.00000000
[NeuralNetworkInterface] Received reward signal: 0.00000000
[Agent] Making decision using full OHLCV data
[Agent] Price data: O=92.99185181 H=93.03894433 L=92.21489395 C=92.21489395 V=6956400.00000000
[Agent_Features] Generated 18 features for the latest tick.
[Agent] Exploration: Random action: SELL
[Portfolio] Logged Trade: SELL 2.37989900 JNJ @ 92.21. New Cash: 5734.91, New Coins: 45.21808101
[Agent] Received reward: 0.00000000
[NeuralNetworkInterface] Received reward signal: 0.00000000
[Agent] Making decision using full OHLCV data
[Agent] Price data: O=90.57463074 H=92.98398937 L=90.37842887 C=92.12069639 V=12598300.00000000
[Agent_Features] Generated 18 features for the latest tick.
[Agent] Exploration: Random action: BUY
[Portfolio] Logged Trade: BUY 3.11271441 JNJ @ 92.12. New Cash: 5448.16, New Coins: 48.33079542
[Agent] Received reward: 0.00000000
[NeuralNetworkInterface] Received reward signal: 0.00000000
[Agent] Making decision using full OHLCV data
[Agent] Price data: O=89.93110657 H=90.95135892 L=89.82908373 C=90.70022071 V=7400900.00000000
[Agent_Features] Generated 18 features for the latest tick.
[Agent] Exploration: Random action: BUY
[Portfolio] Logged Trade: BUY 3.00339014 JNJ @ 90.70. New Cash: 5175.75, New Coins: 51.33418555
[Agent] Received reward: 0.00000000
[NeuralNetworkInterface] Received reward signal: 0.00000000
[Agent] Making decision using full OHLCV data
[Agent] Price data: O=90.15084839 H=90.80223413 L=89.93109724 C=90.11945537 V=6973000.00000000
[Agent_Features] Generated 18 features for the latest tick.
[Agent] Exploration: Random action: HOLD
[Agent] Received reward: 0.00000000
[NeuralNetworkInterface] Received reward signal: 0.00000000
[Agent] Making decision using full OHLCV data
[Agent] Price data: O=89.02855682 H=89.65639918 L=88.67538989 C=89.55437637 V=8422000.00000000
[Agent_Features] Generated 18 features for the latest tick.
[Agent] Exploration: Random action: SELL
[Portfolio] Logged Trade: SELL 2.56670928 JNJ @ 89.55. New Cash: 5405.61, New Coins: 48.76747627
[Agent] Received reward: 0.00000000
[NeuralNetworkInterface] Received reward signal: 0.00000000
[Agent] Making decision using full OHLCV data
[Agent] Price data: O=89.16197205 H=89.61716179 L=89.02855622 C=89.41311018 V=6141900.00000000
[Agent_Features] Generated 18 features for the latest tick.
[Agent] Exploration: Random action: BUY
[Portfolio] Logged Trade: BUY 3.02283125 JNJ @ 89.41. New Cash: 5135.33, New Coins: 51.79030752
[Agent] Received reward: 0.00000000
[NeuralNetworkInterface] Received reward signal: 0.00000000
[Agent] Making decision using full OHLCV data
[Agent] Price data: O=89.43666077 H=89.59362586 L=88.75387610 C=89.18552261 V=5595000.00000000
[Agent_Features] Generated 18 features for the latest tick.
[Agent] Exploration: Random action: BUY
[Portfolio] Logged Trade: BUY 2.87901779 JNJ @ 89.19. New Cash: 4878.57, New Coins: 54.66932531
[Agent] Received reward: 0.00000000
[NeuralNetworkInterface] Received reward signal: 0.00000000
[Agent] Making decision using full OHLCV data
[Agent] Price data: O=89.90752411 H=90.42549981 L=89.15410980 C=89.18550282 V=6429200.00000000
[Agent_Features] Generated 18 features for the latest tick.
[Agent] Exploration: Random action: BUY
[Portfolio] Logged Trade: BUY 2.73506751 JNJ @ 89.19. New Cash: 4634.64, New Coins: 57.40439281
[Agent] Received reward: 0.00000000
[NeuralNetworkInterface] Received reward signal: 0.00000000
[Agent] Making decision using full OHLCV data
[Agent] Price data: O=90.80222321 H=91.46931435 L=90.08805151 C=90.23716685 V=7548700.00000000
[Agent_Features] Generated 18 features for the latest tick.
[Agent] Exploration: Random action: SELL
[Portfolio] Logged Trade: SELL 2.87021964 JNJ @ 90.24. New Cash: 4893.64, New Coins: 54.53417317
[Agent] Received reward: 0.00000000
[NeuralNetworkInterface] Received reward signal: 0.00000000
[Agent] Making decision using full OHLCV data
[Agent] Price data: O=90.51186371 H=90.96705356 L=89.91540824 C=90.89641776 V=8813300.00000000
[Agent_Features] Generated 18 features for the latest tick.
[Agent] Exploration: Random action: HOLD
[Agent] Received reward: 0.00000000
[NeuralNetworkInterface] Received reward signal: 0.00000000
[Agent] Making decision using full OHLCV data
[Agent] Price data: O=91.02982330 H=91.21818142 L=89.86046177 C=90.47261068 V=8552500.00000000
[Agent_Features] Generated 18 features for the latest tick.
[Agent] Exploration: Random action: SELL
[Portfolio] Logged Trade: SELL 2.72670866 JNJ @ 90.47. New Cash: 5140.33, New Coins: 51.80746452
[Agent] Received reward: 0.00000000
[NeuralNetworkInterface] Received reward signal: 0.00000000
[Agent] Making decision using full OHLCV data
[Agent] Price data: O=90.51969910 H=90.99058841 L=89.96248646 C=90.06451527 V=7591900.00000000
[Agent_Features] Generated 18 features for the latest tick.
[Agent] Exploration: Random action: HOLD
[Agent] Received reward: 0.00000000
[NeuralNetworkInterface] Received reward signal: 0.00000000
[Agent] Making decision using full OHLCV data
[Agent] Price data: O=90.14299774 H=90.84932575 L=90.11945447 C=90.66096762 V=6591300.00000000
[Agent_Features] Generated 18 features for the latest tick.
[Agent] Exploration: Random action: BUY
[Portfolio] Logged Trade: BUY 2.83492010 JNJ @ 90.66. New Cash: 4883.32, New Coins: 54.64238461
[Agent] Received reward: 0.00000000
[NeuralNetworkInterface] Received reward signal: 0.00000000
[Agent] Making decision using full OHLCV data
[Agent] Price data: O=90.27641296 H=90.59818694 L=90.05666780 C=90.15869063 V=6227100.00000000
[Agent_Features] Generated 18 features for the latest tick.
[Agent] Exploration: Random action: BUY
[Portfolio] Logged Trade: BUY 2.70817785 JNJ @ 90.16. New Cash: 4639.15, New Coins: 57.35056247
[Agent] Received reward: 0.00000000
[NeuralNetworkInterface] Received reward signal: 0.00000000
[Agent] Making decision using full OHLCV data
[Agent] Price data: O=90.33918762 H=90.99057925 L=90.28425134 C=90.28425134 V=7160600.00000000
[Agent_Features] Generated 18 features for the latest tick.
[Agent] Exploration: Random action: BUY
[Portfolio] Logged Trade: BUY 2.56919094 JNJ @ 90.28. New Cash: 4407.19, New Coins: 59.91975341
[Agent] Received reward: 0.00000000
[NeuralNetworkInterface] Received reward signal: 0.00000000
[Agent] Making decision using full OHLCV data
[Agent] Price data: O=91.55564117 H=91.60272771 L=90.91209331 C=90.95133608 V=6398200.00000000
[Agent_Features] Generated 18 features for the latest tick.
[Agent] Exploration: Random action: BUY
[Portfolio] Logged Trade: BUY 2.42282979 JNJ @ 90.95. New Cash: 4186.83, New Coins: 62.34258320
[Agent] Received reward: 0.00000000
[NeuralNetworkInterface] Received reward signal: 0.00000000
[Agent] Making decision using full OHLCV data
[Agent] Price data: O=91.86172485 H=92.26982214 L=91.40653504 C=91.41438480 V=6675300.00000000
[Agent_Features] Generated 18 features for the latest tick.
[Agent] Exploration: Random action: BUY
[Portfolio] Logged Trade: BUY 2.29002937 JNJ @ 91.41. New Cash: 3977.49, New Coins: 64.63261258
[Agent] Received reward: 0.00000000
[NeuralNetworkInterface] Received reward signal: 0.00000000
[Agent] Making decision using full OHLCV data
[Agent] Price data: O=94.42018127 H=96.13891149 L=92.68575755 C=94.17689288 V=16220000.00000000
[Agent_Features] Generated 18 features for the latest tick.
[Agent] Exploration: Random action: BUY
[Portfolio] Logged Trade: BUY 2.11171275 JNJ @ 94.18. New Cash: 3778.62, New Coins: 66.74432532
[Agent] Received reward: 0.00000000
[NeuralNetworkInterface] Received reward signal: 0.00000000
[Agent] Making decision using full OHLCV data
[Agent] Price data: O=93.81589508 H=95.04019294 L=93.40779180 C=94.78120501 V=11904500.00000000
[Agent_Features] Generated 18 features for the latest tick.
[Agent] Exploration: Random action: BUY
[Portfolio] Logged Trade: BUY 1.99333631 JNJ @ 94.78. New Cash: 3589.69, New Coins: 68.73766164
[Agent] Received reward: 0.00000000
[NeuralNetworkInterface] Received reward signal: 0.00000000
[Agent] Making decision using full OHLCV data
[Agent] Price data: O=92.97615814 H=93.77665927 L=92.70932044 C=93.77665927 V=8134800.00000000
[Agent_Features] Generated 18 features for the latest tick.
[Agent] Exploration: Random action: SELL
[Portfolio] Logged Trade: SELL 3.43688308 JNJ @ 93.78. New Cash: 3911.98, New Coins: 65.30077855
[Agent] Received reward: 0.00000000
[NeuralNetworkInterface] Received reward signal: 0.00000000
[Agent] Making decision using full OHLCV data
[Agent] Price data: O=91.50855255 H=93.38424198 L=91.43007300 C=93.06247402 V=10054900.00000000
[Agent_Features] Generated 18 features for the latest tick.
[Agent] Exploration: Random action: HOLD
[Agent] Received reward: 0.00000000
[NeuralNetworkInterface] Received reward signal: 0.00000000
[Agent] Making decision using full OHLCV data
[Agent] Price data: O=91.28881836 H=91.57919932 L=90.89641457 C=91.35160440 V=7446700.00000000
[Agent_Features] Generated 18 features for the latest tick.
[Agent] Exploration: Random action: BUY
[Portfolio] Logged Trade: BUY 2.14116926 JNJ @ 91.35. New Cash: 3716.39, New Coins: 67.44194782
[Agent] Received reward: 0.00000000
[NeuralNetworkInterface] Received reward signal: 0.00000000
[Agent] Making decision using full OHLCV data
[Agent] Price data: O=91.32018280 H=91.64980045 L=91.10043770 C=91.54777765 V=6594800.00000000
[Agent_Features] Generated 18 features for the latest tick.
[Agent] Exploration: Random action: HOLD
[Agent] Received reward: 0.00000000
[NeuralNetworkInterface] Received reward signal: 0.00000000
[Agent] Making decision using full OHLCV data
[Agent] Price data: O=91.48502350 H=91.57135282 L=91.13186247 C=91.57135282 V=5730300.00000000
[Agent_Features] Generated 18 features for the latest tick.
[Agent] Exploration: Random action: BUY
[Portfolio] Logged Trade: BUY 2.02922944 JNJ @ 91.57. New Cash: 3530.57, New Coins: 69.47117726
[Agent] Received reward: 0.00000000
[NeuralNetworkInterface] Received reward signal: 0.00000000
[Agent] Making decision using full OHLCV data
[Agent] Price data: O=91.16101837 H=91.60354566 L=90.72638905 C=91.50081783 V=7717800.00000000
[Agent_Features] Generated 18 features for the latest tick.
[Agent] Exploration: Random action: SELL
[Portfolio] Logged Trade: SELL 3.47355886 JNJ @ 91.50. New Cash: 3848.40, New Coins: 65.99761840
[Agent] Received reward: 0.00000000
[NeuralNetworkInterface] Received reward signal: 0.00000000
[Agent] Making decision using full OHLCV data
[Agent] Price data: O=90.87652588 H=91.41388297 L=90.71848216 C=91.22422930 V=5843300.00000000
[Agent_Features] Generated 18 features for the latest tick.
[Agent] Exploration: Random action: SELL
[Portfolio] Logged Trade: SELL 3.29988092 JNJ @ 91.22. New Cash: 4149.43, New Coins: 62.69773748
[Agent] Received reward: 0.00000000
[NeuralNetworkInterface] Received reward signal: 0.00000000
[Agent] Making decision using full OHLCV data
[Agent] Price data: O=89.09062195 H=90.87654531 L=88.71921249 C=90.55254778 V=11649700.00000000
[Agent_Features] Generated 18 features for the latest tick.
[Agent] Exploration: Random action: BUY
[Portfolio] Logged Trade: BUY 2.29117186 JNJ @ 90.55. New Cash: 3941.96, New Coins: 64.98890934
[Agent] Received reward: 0.00000000
[NeuralNetworkInterface] Received reward signal: 0.00000000
[Agent] Making decision using full OHLCV data
[Agent] Price data: O=89.35137939 H=89.63586291 L=88.15812942 C=88.70339050 V=7892600.00000000
[Agent_Features] Generated 18 features for the latest tick.
[Agent] Exploration: Random action: SELL
[Portfolio] Logged Trade: SELL 3.24944547 JNJ @ 88.70. New Cash: 4230.19, New Coins: 61.73946387
[Agent] Received reward: 0.00000000
[NeuralNetworkInterface] Received reward signal: 0.00000000
[Agent] Making decision using full OHLCV data
[Agent] Price data: O=90.18905640 H=90.26808431 L=89.59638318 C=89.77023496 V=3433300.00000000
[Agent_Features] Generated 18 features for the latest tick.
[Agent] Exploration: Random action: HOLD
[Agent] Received reward: 0.00000000
[NeuralNetworkInterface] Received reward signal: 0.00000000
[Agent] Making decision using full OHLCV data
[Agent] Price data: O=89.39880371 H=90.18113650 L=89.33558983 C=89.92035891 V=9065700.00000000
[Agent_Features] Generated 18 features for the latest tick.
[Agent] Exploration: Random action: SELL
[Portfolio] Logged Trade: SELL 3.08697319 JNJ @ 89.92. New Cash: 4507.78, New Coins: 58.65249068
[Agent] Received reward: -0.00000000
[NeuralNetworkInterface] Received reward signal: -0.00000000
[Agent] Making decision using full OHLCV data
[Agent] Price data: O=88.88514709 H=89.62006185 L=88.64017149 C=89.25655044 V=7799600.00000000
[Agent_Features] Generated 18 features for the latest tick.
[Agent] Exploration: Random action: BUY
[Portfolio] Logged Trade: BUY 2.52517943 JNJ @ 89.26. New Cash: 4282.39, New Coins: 61.17767011
[Agent] Received reward: 0.00000000
[NeuralNetworkInterface] Received reward signal: 0.00000000
[Agent] Making decision using full OHLCV data
[Agent] Price data: O=87.95267487 H=88.91675121 L=87.95267487 C=88.65597967 V=11178500.00000000
[Agent_Features] Generated 18 features for the latest tick.
[Agent] Exploration: Random action: BUY
[Portfolio] Logged Trade: BUY 2.41517116 JNJ @ 88.66. New Cash: 4068.27, New Coins: 63.59284127
[Agent] Received reward: 0.00000000
[NeuralNetworkInterface] Received reward signal: 0.00000000
[Agent] Making decision using full OHLCV data
[Agent] Price data: O=88.01589966 H=88.14233947 L=87.71561414 C=88.00009770 V=8143300.00000000
[Agent_Features] Generated 18 features for the latest tick.
[Agent] Exploration: Random action: SELL
[Portfolio] Logged Trade: SELL 3.17964206 JNJ @ 88.00. New Cash: 4348.08, New Coins: 60.41319921
[Agent] Received reward: -0.00000000
[NeuralNetworkInterface] Received reward signal: -0.00000000
[Agent] Making decision using full OHLCV data
[Agent] Price data: O=88.47422791 H=88.92465916 L=88.06331060 C=88.28457423 V=6167700.00000000
[Agent_Features] Generated 18 features for the latest tick.
[Agent] Exploration: Random action: HOLD
[Agent] Received reward: 0.00000000
[NeuralNetworkInterface] Received reward signal: 0.00000000
[Agent] Making decision using full OHLCV data
[Agent] Price data: O=88.45841980 H=88.83772713 L=88.29247209 C=88.82192517 V=5451600.00000000
[Agent_Features] Generated 18 features for the latest tick.
[Agent] Exploration: Random action: SELL
[Portfolio] Logged Trade: SELL 3.02065996 JNJ @ 88.82. New Cash: 4616.38, New Coins: 57.39253925
[Agent] Received reward: 0.00000000
[NeuralNetworkInterface] Received reward signal: 0.00000000
[Agent] Making decision using full OHLCV data
[Agent] Price data: O=88.55324554 H=89.45410801 L=88.38729783 C=88.69548730 V=6530400.00000000
[Agent_Features] Generated 18 features for the latest tick.
[Agent] Exploration: Random action: HOLD
[Agent] Received reward: 0.00000000
[NeuralNetworkInterface] Received reward signal: 0.00000000
[Agent] Making decision using full OHLCV data
[Agent] Price data: O=87.79463959 H=88.41892264 L=86.38802975 C=88.41892264 V=11761100.00000000
[Agent_Features] Generated 18 features for the latest tick.
[Agent] Exploration: Random action: SELL
[Portfolio] Logged Trade: SELL 2.86962696 JNJ @ 88.42. New Cash: 4870.11, New Coins: 54.52291228
[Agent] Received reward: 0.00000000
[NeuralNetworkInterface] Received reward signal: 0.00000000
[Agent] Making decision using full OHLCV data
[Agent] Price data: O=87.70771790 H=87.87366565 L=86.87007515 C=87.35211643 V=7774900.00000000
[Agent_Features] Generated 18 features for the latest tick.
[Agent] Exploration: Random action: HOLD
[Agent] Received reward: 0.00000000
[NeuralNetworkInterface] Received reward signal: 0.00000000
[Agent] Making decision using full OHLCV data
[Agent] Price data: O=88.71130371 H=88.84564149 L=87.87365503 C=88.03960879 V=7672100.00000000
[Agent_Features] Generated 18 features for the latest tick.
[Agent] Exploration: Random action: BUY
[Portfolio] Logged Trade: BUY 2.76586128 JNJ @ 88.04. New Cash: 4626.60, New Coins: 57.28877357
[Agent] Received reward: 0.00000000
[NeuralNetworkInterface] Received reward signal: 0.00000000
[Agent] Making decision using full OHLCV data
[Agent] Price data: O=91.16101837 H=91.19262832 L=88.96417789 C=89.05110375 V=9544600.00000000
[Agent_Features] Generated 18 features for the latest tick.
[Agent] Exploration: Random action: HOLD
[Agent] Received reward: 0.00000000
[NeuralNetworkInterface] Received reward signal: 0.00000000
[Agent] Making decision using full OHLCV data
[Agent] Price data: O=91.57984924 H=91.64306916 L=90.88444829 C=91.29536567 V=7051600.00000000
[Agent_Features] Generated 18 features for the latest tick.
[Agent] Exploration: Random action: BUY
[Portfolio] Logged Trade: BUY 2.53386441 JNJ @ 91.30. New Cash: 4395.27, New Coins: 59.82263798
[Agent] Received reward: 0.00000000
[NeuralNetworkInterface] Received reward signal: 0.00000000
[Agent] Making decision using full OHLCV data
[Agent] Price data: O=90.86862183 H=92.69405875 L=90.54463039 C=91.76158633 V=9378700.00000000
[Agent_Features] Generated 18 features for the latest tick.
[Agent] Exploration: Random action: SELL
[Portfolio] Logged Trade: SELL 2.99113190 JNJ @ 91.76. New Cash: 4669.74, New Coins: 56.83150608
[Agent] Received reward: 0.00000000
[NeuralNetworkInterface] Received reward signal: 0.00000000
[Agent] Making decision using full OHLCV data
[Agent] Price data: O=91.57984924 H=91.60355520 L=90.78961842 C=91.13732191 V=6738100.00000000
[Agent_Features] Generated 18 features for the latest tick.
[Agent] Exploration: Random action: HOLD
[Agent] Received reward: 0.00000000
[NeuralNetworkInterface] Received reward signal: 0.00000000
[Agent] Making decision using full OHLCV data
[Agent] Price data: O=91.57192230 H=92.03025751 L=91.24002689 C=91.99074960 V=11291100.00000000
[Agent_Features] Generated 18 features for the latest tick.
[Agent] Exploration: Random action: BUY
[Portfolio] Logged Trade: BUY 2.53815873 JNJ @ 91.99. New Cash: 4436.26, New Coins: 59.36966482
[Agent] Received reward: 0.00000000
[NeuralNetworkInterface] Received reward signal: 0.00000000
[Agent] Making decision using full OHLCV data
[Agent] Price data: O=91.68255615 H=92.18830931 L=91.61934228 C=91.72207010 V=6310800.00000000
[Agent_Features] Generated 18 features for the latest tick.
[Agent] Exploration: Random action: HOLD
[Agent] Received reward: 0.00000000
[NeuralNetworkInterface] Received reward signal: 0.00000000
[Agent] Making decision using full OHLCV data
[Agent] Price data: O=91.39810181 H=91.86433511 L=90.80542868 C=91.65097543 V=5715200.00000000
[Agent_Features] Generated 18 features for the latest tick.
[Agent] Exploration: Random action: SELL
[Portfolio] Logged Trade: SELL 2.96848324 JNJ @ 91.65. New Cash: 4708.32, New Coins: 56.40118158
[Agent] Received reward: 0.00000000
[NeuralNetworkInterface] Received reward signal: 0.00000000
[Agent] Making decision using full OHLCV data
[Agent] Price data: O=91.12150574 H=91.82481062 L=90.67107445 C=91.82481062 V=5907600.00000000
[Agent_Features] Generated 18 features for the latest tick.
[Agent] Exploration: Random action: HOLD
[Agent] Received reward: 0.00000000
[NeuralNetworkInterface] Received reward signal: 0.00000000
[Agent] Making decision using full OHLCV data
[Agent] Price data: O=91.22424316 H=91.29536104 L=89.99147905 C=90.87653969 V=4602300.00000000
[Agent_Features] Generated 18 features for the latest tick.
[Agent] Exploration: Random action: SELL
[Portfolio] Logged Trade: SELL 2.82005908 JNJ @ 90.88. New Cash: 4964.60, New Coins: 53.58112250
[Agent] Received reward: 0.00000000
[NeuralNetworkInterface] Received reward signal: 0.00000000
[Agent] Making decision using full OHLCV data
[Agent] Price data: O=91.63513184 H=91.91961531 L=91.11358282 C=91.19260467 V=2992500.00000000
[Agent_Features] Generated 18 features for the latest tick.
[Agent] Exploration: Random action: HOLD
[Agent] Received reward: 0.00000000
[NeuralNetworkInterface] Received reward signal: 0.00000000
[Agent] Making decision using full OHLCV data
[Agent] Price data: O=91.59565735 H=91.66677523 L=91.17682995 C=91.57984936 V=3232600.00000000
[Agent_Features] Generated 18 features for the latest tick.
[Agent] Exploration: Random action: SELL
[Portfolio] Logged Trade: SELL 2.67905612 JNJ @ 91.58. New Cash: 5209.94, New Coins: 50.90206637
[Agent] Received reward: 0.00000000
[NeuralNetworkInterface] Received reward signal: 0.00000000
[Agent] Making decision using full OHLCV data
[Agent] Price data: O=90.95555878 H=91.79320748 L=90.91605086 C=91.57193780 V=3278300.00000000
[Agent_Features] Generated 18 features for the latest tick.
[Agent] Exploration: Random action: SELL
[Portfolio] Logged Trade: SELL 2.54510332 JNJ @ 91.57. New Cash: 5443.00, New Coins: 48.35696305
[Agent] Received reward: 0.00000000
[NeuralNetworkInterface] Received reward signal: 0.00000000
[Agent] Making decision using full OHLCV data
[Agent] Price data: O=91.26374817 H=91.56403971 L=90.88444078 C=91.05829251 V=2993600.00000000
[Agent_Features] Generated 18 features for the latest tick.
[Agent] Exploration: Random action: BUY
[Portfolio] Logged Trade: BUY 2.98874732 JNJ @ 91.06. New Cash: 5170.85, New Coins: 51.34571038
[Agent] Received reward: 0.00000000
[NeuralNetworkInterface] Received reward signal: 0.00000000
[Agent] Making decision using full OHLCV data
[Agent] Price data: O=91.04245758 H=91.65883642 L=90.86070794 C=91.50869672 V=5506700.00000000
[Agent_Features] Generated 18 features for the latest tick.
[Agent] Exploration: Random action: SELL
[Portfolio] Logged Trade: SELL 2.56728552 JNJ @ 91.51. New Cash: 5405.78, New Coins: 48.77842486
[Agent] Received reward: 0.00000000
[NeuralNetworkInterface] Received reward signal: 0.00000000
[Agent] Making decision using full OHLCV data
[Agent] Price data: O=91.54032898 H=91.66676880 L=91.05829376 C=91.49291706 V=5953000.00000000
[Agent_Features] Generated 18 features for the latest tick.
[Agent] Exploration: Random action: SELL
[Portfolio] Logged Trade: SELL 2.43892124 JNJ @ 91.49. New Cash: 5628.93, New Coins: 46.33950362
[Agent] Received reward: 0.00000000
[NeuralNetworkInterface] Received reward signal: 0.00000000
[Agent] Making decision using full OHLCV data
[Agent] Price data: O=91.39017487 H=91.84851008 L=91.12149331 C=91.27163906 V=5828900.00000000
[Agent_Features] Generated 18 features for the latest tick.
[Agent] Exploration: Random action: SELL
[Portfolio] Logged Trade: SELL 2.31697518 JNJ @ 91.27. New Cash: 5840.40, New Coins: 44.02252843
[Agent] Received reward: 0.00000000
[NeuralNetworkInterface] Received reward signal: 0.00000000
[Agent] Making decision using full OHLCV data
[Agent] Price data: O=92.34637451 H=92.43330038 L=91.22424819 C=91.66677552 V=6217200.00000000
[Agent_Features] Generated 18 features for the latest tick.
[Agent] Exploration: Random action: HOLD
[Agent] Received reward: 0.00000000
[NeuralNetworkInterface] Received reward signal: 0.00000000
[Agent] Making decision using full OHLCV data
[Agent] Price data: O=91.90381622 H=92.45697520 L=91.47709100 C=92.19619767 V=5221400.00000000
[Agent_Features] Generated 18 features for the latest tick.
[Agent] Exploration: Random action: HOLD
[Agent] Received reward: 0.00000000
[NeuralNetworkInterface] Received reward signal: 0.00000000
[Agent] Making decision using full OHLCV data
[Agent] Price data: O=91.88803864 H=92.14881625 L=91.57984910 C=91.94335455 V=5457500.00000000
[Agent_Features] Generated 18 features for the latest tick.
[Agent] Exploration: Random action: SELL
[Portfolio] Logged Trade: SELL 2.20112642 JNJ @ 91.94. New Cash: 6042.78, New Coins: 41.82140201
[Agent] Received reward: 0.00000000
[NeuralNetworkInterface] Received reward signal: 0.00000000
[Agent] Making decision using full OHLCV data
[Agent] Price data: O=91.79321289 H=92.45700387 L=91.56404523 C=91.69047903 V=5312800.00000000
[Agent_Features] Generated 18 features for the latest tick.
[Agent] Exploration: Random action: BUY
[Portfolio] Logged Trade: BUY 3.29520602 JNJ @ 91.69. New Cash: 5740.64, New Coins: 45.11660804
[Agent] Received reward: 0.00000000
[NeuralNetworkInterface] Received reward signal: 0.00000000
[Agent] Making decision using full OHLCV data
[Agent] Price data: O=90.66317749 H=91.86432559 L=90.10210835 C=91.72998781 V=8887200.00000000
[Agent_Features] Generated 18 features for the latest tick.
[Agent] Exploration: Random action: SELL
[Portfolio] Logged Trade: SELL 2.25583040 JNJ @ 91.73. New Cash: 5947.57, New Coins: 42.86077763
[Agent] Received reward: 0.00000000
[NeuralNetworkInterface] Received reward signal: 0.00000000
[Agent] Making decision using full OHLCV data
[Agent] Price data: O=90.57625580 H=90.66318167 L=89.58846731 C=90.29967020 V=6627300.00000000
[Agent_Features] Generated 18 features for the latest tick.
[Agent] Exploration: Random action: BUY
[Portfolio] Logged Trade: BUY 3.29323941 JNJ @ 90.30. New Cash: 5650.19, New Coins: 46.15401704
[Agent] Received reward: 0.00000000
[NeuralNetworkInterface] Received reward signal: 0.00000000
[Agent] Making decision using full OHLCV data
[Agent] Price data: O=90.56044769 H=90.89234318 L=90.43401390 C=90.82912930 V=4935200.00000000
[Agent_Features] Generated 18 features for the latest tick.
[Agent] Exploration: Random action: HOLD
[Agent] Received reward: 0.00000000
[NeuralNetworkInterface] Received reward signal: 0.00000000
[Agent] Making decision using full OHLCV data
[Agent] Price data: O=90.77381134 H=90.91605312 L=89.82553079 C=90.03889648 V=6255400.00000000
[Agent_Features] Generated 18 features for the latest tick.
[Agent] Exploration: Random action: BUY
[Portfolio] Logged Trade: BUY 3.13763853 JNJ @ 90.04. New Cash: 5367.68, New Coins: 49.29165557
[Agent] Received reward: 0.00000000
[NeuralNetworkInterface] Received reward signal: 0.00000000
[Agent] Making decision using full OHLCV data
[Agent] Price data: O=90.63946533 H=90.95555884 L=90.41030372 C=90.77380914 V=5014600.00000000
[Agent_Features] Generated 18 features for the latest tick.
[Agent] Exploration: Random action: HOLD
[Agent] Received reward: 0.00000000
[NeuralNetworkInterface] Received reward signal: 0.00000000
[Agent] Making decision using full OHLCV data
[Agent] Price data: O=90.24436188 H=90.79752710 L=90.02309820 C=90.62367534 V=5540800.00000000
[Agent_Features] Generated 18 features for the latest tick.
[Agent] Exploration: Random action: SELL
[Portfolio] Logged Trade: SELL 2.46458278 JNJ @ 90.62. New Cash: 5591.03, New Coins: 46.82707280
[Agent] Received reward: 0.00000000
[NeuralNetworkInterface] Received reward signal: 0.00000000
[Agent] Making decision using full OHLCV data
[Agent] Price data: O=90.20483398 H=90.90023482 L=90.14951808 C=90.47350952 V=7502400.00000000
[Agent_Features] Generated 18 features for the latest tick.
[Agent] Exploration: Random action: HOLD
[Agent] Received reward: 0.00000000
[NeuralNetworkInterface] Received reward signal: 0.00000000
[Agent] Making decision using full OHLCV data
[Agent] Price data: O=90.01519775 H=90.69479073 L=89.92827188 C=90.48933505 V=7989800.00000000
[Agent_Features] Generated 18 features for the latest tick.
[Agent] Exploration: Random action: BUY
[Portfolio] Logged Trade: BUY 3.08933105 JNJ @ 90.49. New Cash: 5311.48, New Coins: 49.91640385
[Agent] Received reward: 0.00000000
[NeuralNetworkInterface] Received reward signal: 0.00000000
[Agent] Making decision using full OHLCV data
[Agent] Price data: O=88.31616974 H=89.53312553 L=87.83412861 C=89.22493610 V=12450300.00000000
[Agent_Features] Generated 18 features for the latest tick.
[Agent] Exploration: Random action: BUY
[Portfolio] Logged Trade: BUY 2.97645422 JNJ @ 89.22. New Cash: 5045.90, New Coins: 52.89285807
[Agent] Received reward: 0.00000000
[NeuralNetworkInterface] Received reward signal: 0.00000000
[Agent] Making decision using full OHLCV data
[Agent] Price data: O=89.13803864 H=89.13803864 L=87.52596704 C=88.45053565 V=9385500.00000000
[Agent_Features] Generated 18 features for the latest tick.
[Agent] Exploration: Random action: SELL
[Portfolio] Logged Trade: SELL 2.64464290 JNJ @ 88.45. New Cash: 5279.82, New Coins: 50.24821516
[Agent] Received reward: 0.00000000
[NeuralNetworkInterface] Received reward signal: 0.00000000
[Agent] Making decision using full OHLCV data
[Agent] Price data: O=88.37939453 H=89.16962519 L=88.18974086 C=88.50583433 V=10164300.00000000
[Agent_Features] Generated 18 features for the latest tick.
[Agent] Exploration: Random action: BUY
[Portfolio] Logged Trade: BUY 2.98275528 JNJ @ 88.51. New Cash: 5015.83, New Coins: 53.23097044
[Agent] Received reward: 0.00000000
[NeuralNetworkInterface] Received reward signal: 0.00000000
[Agent] Making decision using full OHLCV data
[Agent] Price data: O=89.59635162 H=89.72279143 L=88.42681360 C=88.50583546 V=8886100.00000000
[Agent_Features] Generated 18 features for the latest tick.
[Agent] Exploration: Random action: BUY
[Portfolio] Logged Trade: BUY 2.83361748 JNJ @ 88.51. New Cash: 4765.04, New Coins: 56.06458792
[Agent] Received reward: 0.00000000
[NeuralNetworkInterface] Received reward signal: 0.00000000
[Agent] Making decision using full OHLCV data
[Agent] Price data: O=89.39880371 H=89.77021313 L=89.17754006 C=89.61216939 V=6969400.00000000
[Agent_Features] Generated 18 features for the latest tick.
[Agent] Exploration: Random action: BUY
[Portfolio] Logged Trade: BUY 2.65870249 JNJ @ 89.61. New Cash: 4526.79, New Coins: 58.72329041
[Agent] Received reward: 0.00000000
[NeuralNetworkInterface] Received reward signal: 0.00000000
[Agent] Making decision using full OHLCV data
[Agent] Price data: O=89.49362946 H=89.61216527 L=88.84564050 C=89.13012405 V=8713400.00000000
[Agent_Features] Generated 18 features for the latest tick.
[Agent] Exploration: Random action: SELL
[Portfolio] Logged Trade: SELL 2.93616452 JNJ @ 89.13. New Cash: 4788.49, New Coins: 55.78712589
[Agent] Received reward: 0.00000000
[NeuralNetworkInterface] Received reward signal: 0.00000000
[Agent] Making decision using full OHLCV data
[Agent] Price data: O=89.47781372 H=89.54893158 L=88.87723678 C=88.88514077 V=7082300.00000000
[Agent_Features] Generated 18 features for the latest tick.
[Agent] Exploration: Random action: BUY
[Portfolio] Logged Trade: BUY 2.69363953 JNJ @ 88.89. New Cash: 4549.07, New Coins: 58.48076541
[Agent] Received reward: 0.00000000
[NeuralNetworkInterface] Received reward signal: 0.00000000
[Agent] Making decision using full OHLCV data
[Agent] Price data: O=89.74649048 H=89.78600442 L=89.11430358 C=89.15381752 V=7826300.00000000
[Agent_Features] Generated 18 features for the latest tick.
[Agent] Exploration: Random action: BUY
[Portfolio] Logged Trade: BUY 2.55124580 JNJ @ 89.15. New Cash: 4321.61, New Coins: 61.03201121
[Agent] Received reward: 0.00000000
[NeuralNetworkInterface] Received reward signal: 0.00000000
[Agent] Making decision using full OHLCV data
[Agent] Price data: O=89.80181885 H=89.81762684 L=89.02739612 C=89.69118703 V=7267600.00000000
[Agent_Features] Generated 18 features for the latest tick.
[Agent] Exploration: Random action: BUY
[Portfolio] Logged Trade: BUY 2.40916242 JNJ @ 89.69. New Cash: 4105.53, New Coins: 63.44117363
[Agent] Received reward: -0.00000000
[NeuralNetworkInterface] Received reward signal: -0.00000000
[Agent] Making decision using full OHLCV data
[Agent] Price data: O=89.61217499 H=89.76231474 L=88.99579592 C=89.65958691 V=6178400.00000000
[Agent_Features] Generated 18 features for the latest tick.
[Agent] Exploration: Random action: SELL
[Portfolio] Logged Trade: SELL 3.17205868 JNJ @ 89.66. New Cash: 4389.94, New Coins: 60.26911495
[Agent] Received reward: 0.00000000
[NeuralNetworkInterface] Received reward signal: 0.00000000
[Agent] Making decision using full OHLCV data
[Agent] Price data: O=89.67537689 H=89.78600870 L=89.33557747 C=89.77020071 V=5507900.00000000
[Agent_Features] Generated 18 features for the latest tick.
[Agent] Exploration: Random action: HOLD
[Agent] Received reward: 0.00000000
[NeuralNetworkInterface] Received reward signal: 0.00000000
[Agent] Making decision using full OHLCV data
[Agent] Price data: O=89.61217499 H=89.84134265 L=89.41461729 C=89.53315311 V=5272000.00000000
[Agent_Features] Generated 18 features for the latest tick.
[Agent] Exploration: Random action: BUY
[Portfolio] Logged Trade: BUY 2.45157097 JNJ @ 89.53. New Cash: 4170.44, New Coins: 62.72068591
[Agent] Received reward: 0.00000000
[NeuralNetworkInterface] Received reward signal: 0.00000000
[Agent] Making decision using full OHLCV data
[Agent] Price data: O=90.14952087 H=90.59995214 L=89.61216375 C=89.61216375 V=5854600.00000000
[Agent_Features] Generated 18 features for the latest tick.
[Agent] Exploration: Random action: BUY
[Portfolio] Logged Trade: BUY 2.32693896 JNJ @ 89.61. New Cash: 3961.92, New Coins: 65.04762487
[Agent] Received reward: 0.00000000
[NeuralNetworkInterface] Received reward signal: 0.00000000
[Agent] Making decision using full OHLCV data
[Agent] Price data: O=91.06618500 H=91.65885803 L=90.26805632 C=90.33917419 V=6438500.00000000
[Agent_Features] Generated 18 features for the latest tick.
[Agent] Exploration: Random action: BUY
[Portfolio] Logged Trade: BUY 2.19280212 JNJ @ 90.34. New Cash: 3763.82, New Coins: 67.24042699
[Agent] Received reward: 0.00000000
[NeuralNetworkInterface] Received reward signal: 0.00000000
[Agent] Making decision using full OHLCV data
[Agent] Price data: O=91.57192230 H=91.76158199 L=91.05037323 C=91.09778513 V=5710800.00000000
[Agent_Features] Generated 18 features for the latest tick.
[Agent] Exploration: Random action: HOLD
[Agent] Received reward: 0.00000000
[NeuralNetworkInterface] Received reward signal: 0.00000000
[Agent] Making decision using full OHLCV data
[Agent] Price data: O=91.95123291 H=91.98284286 L=91.12939236 C=91.22422221 V=5539100.00000000
[Agent_Features] Generated 18 features for the latest tick.
[Agent] Exploration: Random action: HOLD
[Agent] Received reward: 0.00000000
[NeuralNetworkInterface] Received reward signal: 0.00000000
[Agent] Making decision using full OHLCV data
[Agent] Price data: O=92.61502075 H=92.82048239 L=91.34274905 C=91.58772462 V=5979700.00000000
[Agent_Features] Generated 18 features for the latest tick.
[Agent] Exploration: Random action: HOLD
[Agent] Received reward: 0.00000000
[NeuralNetworkInterface] Received reward signal: 0.00000000
[Agent] Making decision using full OHLCV data
[Agent] Price data: O=93.31043243 H=93.46847615 L=92.45698192 C=92.45698192 V=7119300.00000000
[Agent_Features] Generated 18 features for the latest tick.
[Agent] Exploration: Random action: BUY
[Portfolio] Logged Trade: BUY 2.03544538 JNJ @ 92.46. New Cash: 3575.63, New Coins: 69.27587237
[Agent] Received reward: 0.00000000
[NeuralNetworkInterface] Received reward signal: 0.00000000
[Agent] Making decision using full OHLCV data
[Agent] Price data: O=93.92681122 H=93.95842117 L=93.28672635 C=93.39735815 V=8691400.00000000
[Agent_Features] Generated 18 features for the latest tick.
[Agent] Exploration: Random action: SELL
[Portfolio] Logged Trade: SELL 3.46379362 JNJ @ 93.40. New Cash: 3899.14, New Coins: 65.81207875
[Agent] Received reward: 0.00000000
[NeuralNetworkInterface] Received reward signal: 0.00000000
[Agent] Making decision using full OHLCV data
[Agent] Price data: O=94.55901337 H=94.74076306 L=93.50010104 C=93.56332094 V=8595100.00000000
[Agent_Features] Generated 18 features for the latest tick.
[Agent] Exploration: Random action: BUY
[Portfolio] Logged Trade: BUY 2.08369088 JNJ @ 93.56. New Cash: 3704.18, New Coins: 67.89576963
[Agent] Received reward: 0.00000000
[NeuralNetworkInterface] Received reward signal: 0.00000000
[Agent] Making decision using full OHLCV data
[Agent] Price data: O=94.44837952 H=94.64593721 L=94.23501986 C=94.25872582 V=5103900.00000000
[Agent_Features] Generated 18 features for the latest tick.
[Agent] Exploration: Random action: BUY
[Portfolio] Logged Trade: BUY 1.96490229 JNJ @ 94.26. New Cash: 3518.97, New Coins: 69.86067192
[Agent] Received reward: 0.00000000
[NeuralNetworkInterface] Received reward signal: 0.00000000
[Agent] Making decision using full OHLCV data
[Agent] Price data: O=96.17106628 H=96.32911603 L=94.41675933 C=94.44836325 V=9980900.00000000
[Agent_Features] Generated 18 features for the latest tick.
[Agent] Exploration: Random action: SELL
[Portfolio] Logged Trade: SELL 3.49303360 JNJ @ 94.45. New Cash: 3848.89, New Coins: 66.36763832
[Agent] Received reward: 0.00000000
[NeuralNetworkInterface] Received reward signal: 0.00000000
[Agent] Making decision using full OHLCV data
[Agent] Price data: O=97.62677002 H=97.63472025 L=96.17107734 C=96.64835193 V=10835000.00000000
[Agent_Features] Generated 18 features for the latest tick.
[Agent] Exploration: Random action: HOLD
[Agent] Received reward: 0.00000000
[NeuralNetworkInterface] Received reward signal: 0.00000000
[Agent] Making decision using full OHLCV data
[Agent] Price data: O=97.36427307 H=97.74609035 L=97.12563272 C=97.14949554 V=5946200.00000000
[Agent_Features] Generated 18 features for the latest tick.
[Agent] Exploration: Random action: SELL
[Portfolio] Logged Trade: SELL 3.31838192 JNJ @ 97.15. New Cash: 4171.26, New Coins: 63.04925641
[Agent] Received reward: -0.00000000
[NeuralNetworkInterface] Received reward signal: -0.00000000
[Agent] Making decision using full OHLCV data
[Agent] Price data: O=97.21311951 H=97.56312368 L=96.99834808 C=97.05403001 V=8885500.00000000
[Agent_Features] Generated 18 features for the latest tick.
[Agent] Exploration: Random action: SELL
[Portfolio] Logged Trade: SELL 3.15246282 JNJ @ 97.05. New Cash: 4477.22, New Coins: 59.89679359
[Agent] Received reward: 0.00000000
[NeuralNetworkInterface] Received reward signal: 0.00000000
[Agent] Making decision using full OHLCV data
[Agent] Price data: O=98.52565002 H=98.99496839 L=97.38018599 C=97.43586793 V=9393900.00000000
[Agent_Features] Generated 18 features for the latest tick.
[Agent] Exploration: Random action: HOLD
[Agent] Received reward: 0.00000000
[NeuralNetworkInterface] Received reward signal: 0.00000000
[Agent] Making decision using full OHLCV data
[Agent] Price data: O=98.34268951 H=98.92337782 L=97.85745857 C=98.43814687 V=6950200.00000000
[Agent_Features] Generated 18 features for the latest tick.
[Agent] Exploration: Random action: BUY
[Portfolio] Logged Trade: BUY 2.27413068 JNJ @ 98.44. New Cash: 4253.36, New Coins: 62.17092427
[Agent] Received reward: 0.00000000
[NeuralNetworkInterface] Received reward signal: 0.00000000
[Agent] Making decision using full OHLCV data
[Agent] Price data: O=98.46996307 H=98.58132695 L=98.02450756 C=98.34268660 V=5585200.00000000
[Agent_Features] Generated 18 features for the latest tick.
[Agent] Exploration: Random action: SELL
[Portfolio] Logged Trade: SELL 3.10854621 JNJ @ 98.34. New Cash: 4559.07, New Coins: 59.06237805
[Agent] Received reward: 0.00000000
[NeuralNetworkInterface] Received reward signal: 0.00000000
[Simulation] Simulation run finished. Ticks processed in this run: 149

Simulation Finished in 0.01 seconds.
--------------------
  Final Portfolio  
--------------------
Cash:      $4559.07
Asset:     59.0624 JNJ
Total Value: $10367.42
--------------------
[Simulation] Simulation destroyed.
[AutonomousTradingAgent] Agent destroyed
[NeuralNetworkInterface] Destructor called.
[Portfolio] Destroyed for asset: JNJ. Final cash: 4559.07, Final assets: 59.06
