Loading data from training_run_20250621_125703/data/XOM_1d_20151123_to_20160929.csv...
Loaded 166 data points.
[Portfolio] Initialized for asset: XOM with initial cash: 10000.00. Initial Portfolio Value: 10000.00
[NeuralNetworkInterface] Constructor called.
[NeuralNetworkInterface] Initializing...
Warning: NN model path is empty. Initializing in a mock state.
[NeuralNetworkInterface] Initialized successfully.
[AutonomousTradingAgent] Agent initialized for XOM without API client (CSV mode).
[Simulation] Initialized with 166 data points.
[Simulation] API client is NULL (offline/CSV mode).

Starting Simulation for XOM...
[Simulation] Starting simulation run...
[Agent] Making decision using full OHLCV data
[Agent] Price data: O=52.45 H=52.56 L=50.96 C=51.63 V=23658700.00
[Agent_Features] Generated 15 features for the latest tick.
[Agent] Exploration: Random action: SELL
[Agent] Received reward: 0.00
[NeuralNetworkInterface] Received reward signal: 0.00
[Agent] Making decision using full OHLCV data
[Agent] Price data: O=52.61 H=52.63 L=51.62 C=52.17 V=26719900.00
[Agent_Features] Generated 17 features for the latest tick.
[Agent] Exploration: Random action: HOLD
[Agent] Received reward: 0.00
[NeuralNetworkInterface] Received reward signal: 0.00
[Agent] Making decision using full OHLCV data
[Agent] Price data: O=53.32 H=53.73 L=51.84 C=52.10 V=26601200.00
[Agent_Features] Generated 17 features for the latest tick.
[Agent] Exploration: Random action: BUY
[Portfolio] Logged Trade: BUY 9.59681233 XOM @ 52.10. New Cash: 9500.00, New Coins: 9.59681233
[Agent] Received reward: 0.00000000
[NeuralNetworkInterface] Received reward signal: 0.00000000
[Agent] Making decision using full OHLCV data
[Agent] Price data: O=53.09062576 H=53.48177554 L=52.16909809 C=53.02432979 V=18418100.00000000
[Agent_Features] Generated 17 features for the latest tick.
[Agent] Exploration: Random action: HOLD
[Agent] Received reward: 0.00000000
[NeuralNetworkInterface] Received reward signal: 0.00000000
[Agent] Making decision using full OHLCV data
[Agent] Price data: O=52.60664749 H=53.99888292 L=52.56023981 C=52.88509357 V=16610900.00000000
[Agent_Features] Generated 18 features for the latest tick.
[Agent] Exploration: Random action: BUY
[Portfolio] Logged Trade: BUY 8.98173697 XOM @ 52.89. New Cash: 9025.00, New Coins: 18.57854930
[Agent] Received reward: 0.00000000
[NeuralNetworkInterface] Received reward signal: 0.00000000
[Agent] Making decision using full OHLCV data
[Agent] Price data: O=52.77239609 H=53.13703151 L=51.43319929 C=51.93705271 V=19331600.00000000
[Agent_Features] Generated 18 features for the latest tick.
[Agent] Exploration: Random action: HOLD
[Agent] Received reward: 0.00000000
[NeuralNetworkInterface] Received reward signal: 0.00000000
[Agent] Making decision using full OHLCV data
[Agent] Price data: O=53.72045517 H=53.74697458 L=52.91163101 C=53.09063573 V=16767200.00000000
[Agent_Features] Generated 18 features for the latest tick.
[Agent] Exploration: Random action: HOLD
[Agent] Received reward: 0.00000000
[NeuralNetworkInterface] Received reward signal: 0.00000000
[Agent] Making decision using full OHLCV data
[Agent] Price data: O=53.84640884 H=54.26407800 L=53.22321560 C=54.16463152 V=15912200.00000000
[Agent_Features] Generated 18 features for the latest tick.
[Agent] Exploration: Random action: SELL
[Portfolio] Logged Trade: SELL 0.92892746 XOM @ 54.16. New Cash: 9075.32, New Coins: 17.64962183
[Agent] Received reward: 0.00000000
[NeuralNetworkInterface] Received reward signal: 0.00000000
[Agent] Making decision using full OHLCV data
[Agent] Price data: O=54.36353302 H=54.88064874 L=53.80664072 C=54.13149456 V=17006700.00000000
[Agent_Features] Generated 18 features for the latest tick.
[Agent] Exploration: Random action: BUY
[Portfolio] Logged Trade: BUY 8.38265698 XOM @ 54.13. New Cash: 8621.55, New Coins: 26.03227881
[Agent] Received reward: 0.00000000
[NeuralNetworkInterface] Received reward signal: 0.00000000
[Agent] Making decision using full OHLCV data
[Agent] Price data: O=54.66186905 H=55.06628111 L=54.27071922 C=54.96020855 V=14873700.00000000
[Agent_Features] Generated 18 features for the latest tick.
[Agent] Exploration: Random action: HOLD
[Agent] Received reward: 0.00000000
[NeuralNetworkInterface] Received reward signal: 0.00000000
[Agent] Making decision using full OHLCV data
[Agent] Price data: O=54.69499207 H=54.72814257 L=53.64087283 C=54.48947311 V=13615900.00000000
[Agent_Features] Generated 18 features for the latest tick.
[Agent] Exploration: Random action: BUY
[Portfolio] Logged Trade: BUY 7.91120630 XOM @ 54.49. New Cash: 8190.47, New Coins: 33.94348512
[Agent] Received reward: 0.00000000
[NeuralNetworkInterface] Received reward signal: 0.00000000
[Agent] Making decision using full OHLCV data
[Agent] Price data: O=54.62207794 H=55.31819821 L=54.49611207 C=54.69500502 V=14595200.00000000
[Agent_Features] Generated 18 features for the latest tick.
[Agent] Exploration: Random action: HOLD
[Agent] Received reward: 0.00000000
[NeuralNetworkInterface] Received reward signal: 0.00000000
[Agent] Making decision using full OHLCV data
[Agent] Price data: O=53.85303879 H=54.60882395 L=53.62099531 C=54.35689219 V=11041600.00000000
[Agent_Features] Generated 18 features for the latest tick.
[Agent] Exploration: Random action: BUY
[Portfolio] Logged Trade: BUY 7.53397727 XOM @ 54.36. New Cash: 7780.95, New Coins: 41.47746238
[Agent] Received reward: 0.00000000
[NeuralNetworkInterface] Received reward signal: 0.00000000
[Agent] Making decision using full OHLCV data
[Agent] Price data: O=54.04531860 H=54.21106112 L=52.81882497 C=52.97794143 V=13777500.00000000
[Agent_Features] Generated 18 features for the latest tick.
[Agent] Exploration: Random action: HOLD
[Agent] Received reward: 0.00000000
[NeuralNetworkInterface] Received reward signal: 0.00000000
[Agent] Making decision using full OHLCV data
[Agent] Price data: O=54.37015533 H=54.40993190 L=53.05084178 C=54.07181589 V=13706400.00000000
[Agent_Features] Generated 18 features for the latest tick.
[Agent] Exploration: Random action: BUY
[Portfolio] Logged Trade: BUY 7.19501286 XOM @ 54.07. New Cash: 7391.90, New Coins: 48.67247524
[Agent] Received reward: 0.00000000
[NeuralNetworkInterface] Received reward signal: 0.00000000
[Agent] Making decision using full OHLCV data
[Agent] Price data: O=54.19778442 H=55.07953553 L=54.15800785 C=54.95356964 V=14343300.00000000
[Agent_Features] Generated 18 features for the latest tick.
[Agent] Exploration: Random action: HOLD
[Agent] Received reward: 0.00000000
[NeuralNetworkInterface] Received reward signal: 0.00000000
[Agent] Making decision using full OHLCV data
[Agent] Price data: O=53.13702393 H=54.62870579 L=53.07072797 C=54.28395871 V=18903600.00000000
[Agent_Features] Generated 18 features for the latest tick.
[Agent] Exploration: Random action: SELL
[Portfolio] Logged Trade: SELL 2.43362376 XOM @ 54.28. New Cash: 7524.01, New Coins: 46.23885148
[Agent] Received reward: 0.00000000
[NeuralNetworkInterface] Received reward signal: 0.00000000
[Agent] Making decision using full OHLCV data
[Agent] Price data: O=53.88618851 H=54.21104232 L=53.24973806 C=53.40884941 V=15730600.00000000
[Agent_Features] Generated 18 features for the latest tick.
[Agent] Exploration: Random action: BUY
[Portfolio] Logged Trade: BUY 7.04378358 XOM @ 53.41. New Cash: 7147.81, New Coins: 53.28263506
[Agent] Received reward: 0.00000000
[NeuralNetworkInterface] Received reward signal: 0.00000000
[Agent] Making decision using full OHLCV data
[Agent] Price data: O=54.82762146 H=54.84088369 L=53.24312344 C=53.66742387 V=14094400.00000000
[Agent_Features] Generated 18 features for the latest tick.
[Agent] Exploration: Random action: SELL
[Portfolio] Logged Trade: SELL 2.66413175 XOM @ 53.67. New Cash: 7290.78, New Coins: 50.61850331
[Agent] Received reward: 0.00000000
[NeuralNetworkInterface] Received reward signal: 0.00000000
[Agent] Making decision using full OHLCV data
[Agent] Price data: O=54.62873459 H=54.84088481 L=54.05857993 C=54.80110822 V=13216200.00000000
[Agent_Features] Generated 18 features for the latest tick.
[Agent] Exploration: Random action: HOLD
[Agent] Received reward: 0.00000000
[NeuralNetworkInterface] Received reward signal: 0.00000000
[Agent] Making decision using full OHLCV data
[Agent] Price data: O=54.55580139 H=55.00662119 L=54.20442810 C=54.80110211 V=18402700.00000000
[Agent_Features] Generated 18 features for the latest tick.
[Agent] Exploration: Random action: HOLD
[Agent] Received reward: 0.00000000
[NeuralNetworkInterface] Received reward signal: 0.00000000
[Agent] Making decision using full OHLCV data
[Agent] Price data: O=55.99444199 H=55.99444199 L=54.50275958 C=54.56905557 V=18945600.00000000
[Agent_Features] Generated 18 features for the latest tick.
[Agent] Exploration: Random action: SELL
[Portfolio] Logged Trade: SELL 2.53092517 XOM @ 54.57. New Cash: 7428.89, New Coins: 48.08757814
[Agent] Received reward: 0.00000000
[NeuralNetworkInterface] Received reward signal: 0.00000000
[Agent] Making decision using full OHLCV data
[Agent] Price data: O=54.78118515 H=55.82867850 L=54.68174374 C=55.68945547 V=14003900.00000000
[Agent_Features] Generated 18 features for the latest tick.
[Agent] Exploration: Random action: BUY
[Portfolio] Logged Trade: BUY 6.66992914 XOM @ 55.69. New Cash: 7057.45, New Coins: 54.75750728
[Agent] Received reward: 0.00000000
[NeuralNetworkInterface] Received reward signal: 0.00000000
[Agent] Making decision using full OHLCV data
[Agent] Price data: O=54.62873459 H=55.59003916 L=54.52265695 C=55.17236984 V=14139300.00000000
[Agent_Features] Generated 18 features for the latest tick.
[Agent] Exploration: Random action: BUY
[Portfolio] Logged Trade: BUY 6.39581890 XOM @ 55.17. New Cash: 6704.58, New Coins: 61.15332618
[Agent] Received reward: 0.00000000
[NeuralNetworkInterface] Received reward signal: 0.00000000
[Agent] Making decision using full OHLCV data
[Agent] Price data: O=54.48286057 H=54.80108831 L=53.65414828 C=54.64197191 V=15898300.00000000
[Agent_Features] Generated 18 features for the latest tick.
[Agent] Exploration: Random action: BUY
[Portfolio] Logged Trade: BUY 6.13500666 XOM @ 54.64. New Cash: 6369.35, New Coins: 67.28833284
[Agent] Received reward: 0.00000000
[NeuralNetworkInterface] Received reward signal: 0.00000000
[Agent] Making decision using full OHLCV data
[Agent] Price data: O=54.48947906 H=55.37785600 L=54.37014432 C=55.17233702 V=15370200.00000000
[Agent_Features] Generated 18 features for the latest tick.
[Agent] Exploration: Random action: HOLD
[Agent] Received reward: 0.00000000
[NeuralNetworkInterface] Received reward signal: 0.00000000
[Agent] Making decision using full OHLCV data
[Agent] Price data: O=54.63536835 H=54.78784864 L=53.71383526 C=54.01880595 V=13344600.00000000
[Agent_Features] Generated 18 features for the latest tick.
[Agent] Exploration: Random action: HOLD
[Agent] Received reward: 0.00000000
[NeuralNetworkInterface] Received reward signal: 0.00000000
[Agent] Making decision using full OHLCV data
[Agent] Price data: O=54.90715790 H=54.92704618 L=54.04529515 C=54.09833394 V=9213000.00000000
[Agent_Features] Generated 18 features for the latest tick.
[Agent] Exploration: Random action: HOLD
[Agent] Received reward: 0.00000000
[NeuralNetworkInterface] Received reward signal: 0.00000000
[Agent] Making decision using full OHLCV data
[Agent] Price data: O=54.94031906 H=55.13258094 L=54.32375683 C=55.03976050 V=11492100.00000000
[Agent_Features] Generated 18 features for the latest tick.
[Agent] Exploration: Random action: BUY
[Portfolio] Logged Trade: BUY 5.78613380 XOM @ 55.04. New Cash: 6050.88, New Coins: 73.07446664
[Agent] Received reward: 0.00000000
[NeuralNetworkInterface] Received reward signal: 0.00000000
[Agent] Making decision using full OHLCV data
[Agent] Price data: O=55.75574493 H=56.14026853 L=54.84084866 C=55.47729890 V=13673900.00000000
[Agent_Features] Generated 18 features for the latest tick.
[Agent] Exploration: Random action: HOLD
[Agent] Received reward: 0.00000000
[NeuralNetworkInterface] Received reward signal: 0.00000000
[Agent] Making decision using full OHLCV data
[Agent] Price data: O=55.82205582 H=56.08724475 L=55.19223652 C=56.08061364 V=19637000.00000000
[Agent_Features] Generated 18 features for the latest tick.
[Agent] Exploration: Random action: SELL
[Portfolio] Logged Trade: SELL 3.65372333 XOM @ 56.08. New Cash: 6255.78, New Coins: 69.42074331
[Agent] Received reward: 0.00000000
[NeuralNetworkInterface] Received reward signal: 0.00000000
[Agent] Making decision using full OHLCV data
[Agent] Price data: O=55.43753052 H=55.78227255 L=55.35797233 C=55.58337961 V=8385400.00000000
[Agent_Features] Generated 18 features for the latest tick.
[Agent] Exploration: Random action: BUY
[Portfolio] Logged Trade: BUY 5.62738722 XOM @ 55.58. New Cash: 5942.99, New Coins: 75.04813052
[Agent] Received reward: 0.00000000
[NeuralNetworkInterface] Received reward signal: 0.00000000
[Agent] Making decision using full OHLCV data
[Agent] Price data: O=55.76902008 H=56.25961630 L=55.03312322 C=55.07953090 V=13005100.00000000
[Agent_Features] Generated 18 features for the latest tick.
[Agent] Exploration: Random action: BUY
[Portfolio] Logged Trade: BUY 5.39492140 XOM @ 55.08. New Cash: 5645.85, New Coins: 80.44305192
[Agent] Received reward: 0.00000000
[NeuralNetworkInterface] Received reward signal: 0.00000000
[Agent] Making decision using full OHLCV data
[Agent] Price data: O=55.52373886 H=55.88837439 L=55.37125353 C=55.59666597 V=12748900.00000000
[Agent_Features] Generated 18 features for the latest tick.
[Agent] Exploration: Random action: BUY
[Portfolio] Logged Trade: BUY 5.07750326 XOM @ 55.60. New Cash: 5363.55, New Coins: 85.52055519
[Agent] Received reward: 0.00000000
[NeuralNetworkInterface] Received reward signal: 0.00000000
[Agent] Making decision using full OHLCV data
[Agent] Price data: O=55.67620468 H=55.70935014 L=54.98008439 C=54.98671550 V=9368300.00000000
[Agent_Features] Generated 18 features for the latest tick.
[Agent] Exploration: Random action: BUY
[Portfolio] Logged Trade: BUY 4.87713510 XOM @ 54.99. New Cash: 5095.38, New Coins: 90.39769029
[Agent] Received reward: 0.00000000
[NeuralNetworkInterface] Received reward signal: 0.00000000
[Agent] Making decision using full OHLCV data
[Agent] Price data: O=55.83530426 H=55.92811961 L=55.49055721 C=55.70933841 V=7490400.00000000
[Agent_Features] Generated 18 features for the latest tick.
[Agent] Exploration: Random action: SELL
[Portfolio] Logged Trade: SELL 4.51988451 XOM @ 55.71. New Cash: 5347.17, New Coins: 85.87780577
[Agent] Received reward: 0.00000000
[NeuralNetworkInterface] Received reward signal: 0.00000000
[Agent] Making decision using full OHLCV data
[Agent] Price data: O=56.04083633 H=56.09387513 L=55.13257095 C=55.47068190 V=9977900.00000000
[Agent_Features] Generated 18 features for the latest tick.
[Agent] Exploration: Random action: HOLD
[Agent] Received reward: 0.00000000
[NeuralNetworkInterface] Received reward signal: 0.00000000
[Agent] Making decision using full OHLCV data
[Agent] Price data: O=56.03421021 H=56.38558848 L=55.68946810 C=56.37232625 V=10807000.00000000
[Agent_Features] Generated 18 features for the latest tick.
[Agent] Exploration: Random action: SELL
[Portfolio] Logged Trade: SELL 4.29389029 XOM @ 56.37. New Cash: 5589.23, New Coins: 81.58391548
[Agent] Received reward: 0.00000000
[NeuralNetworkInterface] Received reward signal: 0.00000000
[Agent] Making decision using full OHLCV data
[Agent] Price data: O=55.41765213 H=56.41873811 L=55.41765213 C=55.73587991 V=13896900.00000000
[Agent_Features] Generated 18 features for the latest tick.
[Agent] Exploration: Random action: SELL
[Portfolio] Logged Trade: SELL 4.07919577 XOM @ 55.74. New Cash: 5816.59, New Coins: 77.50471971
[Agent] Received reward: 0.00000000
[NeuralNetworkInterface] Received reward signal: 0.00000000
[Agent] Making decision using full OHLCV data
[Agent] Price data: O=54.99998093 H=55.28505818 L=54.62208830 C=54.62871941 V=12235300.00000000
[Agent_Features] Generated 18 features for the latest tick.
[Agent] Exploration: Random action: HOLD
[Agent] Received reward: 0.00000000
[NeuralNetworkInterface] Received reward signal: 0.00000000
[Agent] Making decision using full OHLCV data
[Agent] Price data: O=55.13257980 H=55.62317612 L=54.88064800 C=55.06627877 V=8050200.00000000
[Agent_Features] Generated 18 features for the latest tick.
[Agent] Exploration: Random action: SELL
[Portfolio] Logged Trade: SELL 3.87523599 XOM @ 55.07. New Cash: 6029.98, New Coins: 73.62948372
[Agent] Received reward: 0.00000000
[NeuralNetworkInterface] Received reward signal: 0.00000000
[Agent] Making decision using full OHLCV data
[Agent] Price data: O=54.50275421 H=55.11268530 L=54.35690003 C=54.76794318 V=10446800.00000000
[Agent_Features] Generated 18 features for the latest tick.
[Agent] Exploration: Random action: SELL
[Portfolio] Logged Trade: SELL 3.68147419 XOM @ 54.77. New Cash: 6231.61, New Coins: 69.94800954
[Agent] Received reward: 0.00000000
[NeuralNetworkInterface] Received reward signal: 0.00000000
[Agent] Making decision using full OHLCV data
[Agent] Price data: O=55.23201370 H=55.33146019 L=54.56241783 C=54.82097565 V=9320200.00000000
[Agent_Features] Generated 18 features for the latest tick.
[Agent] Exploration: Random action: BUY
[Portfolio] Logged Trade: BUY 5.68360068 XOM @ 54.82. New Cash: 5920.03, New Coins: 75.63161021
[Agent] Received reward: 0.00000000
[NeuralNetworkInterface] Received reward signal: 0.00000000
[Agent] Making decision using full OHLCV data
[Agent] Price data: O=54.60884857 H=55.13922161 L=54.39669834 C=54.86740650 V=8267100.00000000
[Agent_Features] Generated 18 features for the latest tick.
[Agent] Exploration: Random action: SELL
[Portfolio] Logged Trade: SELL 3.78158051 XOM @ 54.87. New Cash: 6127.52, New Coins: 71.85002970
[Agent] Received reward: 0.00000000
[NeuralNetworkInterface] Received reward signal: 0.00000000
[Agent] Making decision using full OHLCV data
[Agent] Price data: O=55.16571045 H=55.32482177 L=54.92704094 C=55.22538035 V=9376200.00000000
[Agent_Features] Generated 18 features for the latest tick.
[Agent] Exploration: Random action: HOLD
[Agent] Received reward: 0.00000000
[NeuralNetworkInterface] Received reward signal: 0.00000000
[Agent] Making decision using full OHLCV data
[Agent] Price data: O=55.23864746 H=55.84857851 L=55.21212806 C=55.24527858 V=9925000.00000000
[Agent_Features] Generated 18 features for the latest tick.
[Agent] Exploration: Random action: BUY
[Portfolio] Logged Trade: BUY 5.54573696 XOM @ 55.25. New Cash: 5821.14, New Coins: 77.39576666
[Agent] Received reward: 0.00000000
[NeuralNetworkInterface] Received reward signal: 0.00000000
[Agent] Making decision using full OHLCV data
[Agent] Price data: O=55.92149734 H=56.10712807 L=55.27178982 C=55.48393994 V=9986100.00000000
[Agent_Features] Generated 18 features for the latest tick.
[Agent] Exploration: Random action: SELL
[Portfolio] Logged Trade: SELL 3.86978833 XOM @ 55.48. New Cash: 6035.85, New Coins: 73.52597833
[Agent] Received reward: 0.00000000
[NeuralNetworkInterface] Received reward signal: 0.00000000
[Agent] Making decision using full OHLCV data
[Agent] Price data: O=56.23973083 H=56.29276963 L=55.71598407 C=56.02094958 V=9235700.00000000
[Agent_Features] Generated 18 features for the latest tick.
[Agent] Exploration: Random action: HOLD
[Agent] Received reward: 0.00000000
[NeuralNetworkInterface] Received reward signal: 0.00000000
[Agent] Making decision using full OHLCV data
[Agent] Price data: O=56.63751602 H=56.94911267 L=56.19332742 C=56.35243878 V=10625800.00000000
[Agent_Features] Generated 18 features for the latest tick.
[Agent] Exploration: Random action: SELL
[Portfolio] Logged Trade: SELL 3.67629892 XOM @ 56.35. New Cash: 6243.02, New Coins: 69.84967941
[Agent] Received reward: 0.00000000
[NeuralNetworkInterface] Received reward signal: 0.00000000
[Agent] Making decision using full OHLCV data
[Agent] Price data: O=56.33255005 H=56.79000087 L=56.20658416 C=56.55133132 V=11280200.00000000
[Agent_Features] Generated 18 features for the latest tick.
[Agent] Exploration: Random action: BUY
[Portfolio] Logged Trade: BUY 5.51978110 XOM @ 56.55. New Cash: 5930.87, New Coins: 75.36946051
[Agent] Received reward: 0.00000000
[NeuralNetworkInterface] Received reward signal: 0.00000000
[Agent] Making decision using full OHLCV data
[Agent] Price data: O=56.86955643 H=56.92259523 L=55.59665545 C=56.33255243 V=9097000.00000000
[Agent_Features] Generated 18 features for the latest tick.
[Agent] Exploration: Random action: BUY
[Portfolio] Logged Trade: BUY 5.26415737 XOM @ 56.33. New Cash: 5634.33, New Coins: 80.63361789
[Agent] Received reward: 0.00000000
[NeuralNetworkInterface] Received reward signal: 0.00000000
[Agent] Making decision using full OHLCV data
[Agent] Price data: O=57.15461731 H=57.22091327 L=56.49827872 C=56.91594781 V=10354500.00000000
[Agent_Features] Generated 18 features for the latest tick.
[Agent] Exploration: Random action: SELL
[Portfolio] Logged Trade: SELL 4.03168089 XOM @ 56.92. New Cash: 5863.79, New Coins: 76.60193699
[Agent] Received reward: 0.00000000
[NeuralNetworkInterface] Received reward signal: 0.00000000
[Agent] Making decision using full OHLCV data
[Agent] Price data: O=57.54579163 H=57.97009197 L=56.99552537 C=57.16789897 V=15247100.00000000
[Agent_Features] Generated 18 features for the latest tick.
[Agent] Exploration: Random action: SELL
[Portfolio] Logged Trade: SELL 3.83009685 XOM @ 57.17. New Cash: 6082.75, New Coins: 72.77184014
[Agent] Received reward: 0.00000000
[NeuralNetworkInterface] Received reward signal: 0.00000000
[Agent] Making decision using full OHLCV data
[Agent] Price data: O=57.53915405 H=58.23526936 L=57.39329988 C=57.40655705 V=12075300.00000000
[Agent_Features] Generated 18 features for the latest tick.
[Agent] Exploration: Random action: HOLD
[Agent] Received reward: 0.00000000
[NeuralNetworkInterface] Received reward signal: 0.00000000
[Agent] Making decision using full OHLCV data
[Agent] Price data: O=58.02974701 H=58.10267409 L=57.55903905 C=57.83748516 V=9150800.00000000
[Agent_Features] Generated 18 features for the latest tick.
[Agent] Exploration: Random action: HOLD
[Agent] Received reward: 0.00000000
[NeuralNetworkInterface] Received reward signal: 0.00000000
[Agent] Making decision using full OHLCV data
[Agent] Price data: O=57.89716339 H=57.94357108 L=57.24745065 C=57.73804697 V=8076400.00000000
[Agent_Features] Generated 18 features for the latest tick.
[Agent] Exploration: Random action: HOLD
[Agent] Received reward: 0.00000000
[NeuralNetworkInterface] Received reward signal: 0.00000000
[Agent] Making decision using full OHLCV data
[Agent] Price data: O=58.09604645 H=58.30157054 L=57.71815383 C=58.17560465 V=9425900.00000000
[Agent_Features] Generated 18 features for the latest tick.
[Agent] Exploration: Random action: SELL
[Portfolio] Logged Trade: SELL 3.63859201 XOM @ 58.18. New Cash: 6294.43, New Coins: 69.13324814
[Agent] Received reward: 0.00000000
[NeuralNetworkInterface] Received reward signal: 0.00000000
[Agent] Making decision using full OHLCV data
[Agent] Price data: O=58.64630508 H=58.81867864 L=57.89715107 C=58.30818909 V=10463500.00000000
[Agent_Features] Generated 18 features for the latest tick.
[Agent] Exploration: Random action: HOLD
[Agent] Received reward: 0.00000000
[NeuralNetworkInterface] Received reward signal: 0.00000000
[Agent] Making decision using full OHLCV data
[Agent] Price data: O=58.36124039 H=58.85846782 L=58.00986714 C=58.24853672 V=11276200.00000000
[Agent_Features] Generated 18 features for the latest tick.
[Agent] Exploration: Random action: BUY
[Portfolio] Logged Trade: BUY 5.40307807 XOM @ 58.25. New Cash: 5979.71, New Coins: 74.53632620
[Agent] Received reward: 0.00000000
[NeuralNetworkInterface] Received reward signal: 0.00000000
[Agent] Making decision using full OHLCV data
[Agent] Price data: O=58.60652924 H=59.52142571 L=58.16896676 C=58.79215996 V=17885900.00000000
[Agent_Features] Generated 18 features for the latest tick.
[Agent] Exploration: Random action: SELL
[Portfolio] Logged Trade: SELL 3.72681631 XOM @ 58.79. New Cash: 6198.81, New Coins: 70.80950989
[Agent] Received reward: 0.00000000
[NeuralNetworkInterface] Received reward signal: 0.00000000
[Agent] Making decision using full OHLCV data
[Agent] Price data: O=59.09048080 H=59.32252422 L=58.39436573 C=58.50043824 V=10273700.00000000
[Agent_Features] Generated 18 features for the latest tick.
[Agent] Exploration: Random action: HOLD
[Agent] Received reward: 0.00000000
[NeuralNetworkInterface] Received reward signal: 0.00000000
[Agent] Making decision using full OHLCV data
[Agent] Price data: O=58.41427612 H=58.75901823 L=57.91704872 C=58.60653799 V=10137400.00000000
[Agent_Features] Generated 18 features for the latest tick.
[Agent] Exploration: Random action: BUY
[Portfolio] Logged Trade: BUY 5.28850042 XOM @ 58.61. New Cash: 5888.87, New Coins: 76.09801031
[Agent] Received reward: 0.00000000
[NeuralNetworkInterface] Received reward signal: 0.00000000
[Agent] Making decision using full OHLCV data
[Agent] Price data: O=58.30155563 H=58.83192835 L=58.07614331 C=58.54022512 V=10601100.00000000
[Agent_Features] Generated 18 features for the latest tick.
[Agent] Exploration: Random action: BUY
[Portfolio] Logged Trade: BUY 5.02976654 XOM @ 58.54. New Cash: 5594.43, New Coins: 81.12777685
[Agent] Received reward: 0.00000000
[NeuralNetworkInterface] Received reward signal: 0.00000000
[Agent] Making decision using full OHLCV data
[Agent] Price data: O=58.36788559 H=58.98444796 L=58.08943937 C=58.84522485 V=8721100.00000000
[Agent_Features] Generated 18 features for the latest tick.
[Agent] Exploration: Random action: HOLD
[Agent] Received reward: 0.00000000
[NeuralNetworkInterface] Received reward signal: 0.00000000
[Agent] Making decision using full OHLCV data
[Agent] Price data: O=58.67945099 H=58.79215463 L=57.98333076 C=57.98333076 V=7968400.00000000
[Agent_Features] Generated 18 features for the latest tick.
[Agent] Exploration: Random action: HOLD
[Agent] Received reward: 0.00000000
[NeuralNetworkInterface] Received reward signal: 0.00000000
[Agent] Making decision using full OHLCV data
[Agent] Price data: O=58.71923828 H=58.84520417 L=57.83086113 C=58.73912657 V=11159500.00000000
[Agent_Features] Generated 18 features for the latest tick.
[Agent] Exploration: Random action: BUY
[Portfolio] Logged Trade: BUY 4.76209809 XOM @ 58.74. New Cash: 5314.71, New Coins: 85.88987494
[Agent] Received reward: 0.00000000
[NeuralNetworkInterface] Received reward signal: 0.00000000
[Agent] Making decision using full OHLCV data
[Agent] Price data: O=59.66064072 H=59.66727183 L=58.88496740 C=58.93800619 V=12509100.00000000
[Agent_Features] Generated 18 features for the latest tick.
[Agent] Exploration: Random action: HOLD
[Agent] Received reward: 0.00000000
[NeuralNetworkInterface] Received reward signal: 0.00000000
[Agent] Making decision using full OHLCV data
[Agent] Price data: O=59.37317657 H=59.95480959 L=59.31301028 C=59.60717021 V=11660200.00000000
[Agent_Features] Generated 18 features for the latest tick.
[Agent] Exploration: Random action: BUY
[Portfolio] Logged Trade: BUY 4.45811145 XOM @ 59.61. New Cash: 5048.97, New Coins: 90.34798639
[Agent] Received reward: 0.00000000
[NeuralNetworkInterface] Received reward signal: 0.00000000
[Agent] Making decision using full OHLCV data
[Agent] Price data: O=59.94813919 H=60.12196148 L=59.60049972 C=60.03505288 V=10720500.00000000
[Agent_Features] Generated 18 features for the latest tick.
[Agent] Exploration: Random action: BUY
[Portfolio] Logged Trade: BUY 4.20502066 XOM @ 60.04. New Cash: 4796.52, New Coins: 94.55300705
[Agent] Received reward: 0.00000000
[NeuralNetworkInterface] Received reward signal: 0.00000000
[Agent] Making decision using full OHLCV data
[Agent] Price data: O=59.27291107 H=59.94145279 L=59.17262879 C=59.68740367 V=9721100.00000000
[Agent_Features] Generated 18 features for the latest tick.
[Agent] Exploration: Random action: SELL
[Portfolio] Logged Trade: SELL 4.72765035 XOM @ 59.69. New Cash: 5078.71, New Coins: 89.82535670
[Agent] Received reward: 0.00000000
[NeuralNetworkInterface] Received reward signal: 0.00000000
[Agent] Making decision using full OHLCV data
[Agent] Price data: O=59.88127136 H=59.94812450 L=59.50020285 C=59.63390913 V=8638700.00000000
[Agent_Features] Generated 18 features for the latest tick.
[Agent] Exploration: Random action: BUY
[Portfolio] Logged Trade: BUY 4.25823610 XOM @ 59.63. New Cash: 4824.77, New Coins: 94.08359280
[Agent] Received reward: 0.00000000
[NeuralNetworkInterface] Received reward signal: 0.00000000
[Agent] Making decision using full OHLCV data
[Agent] Price data: O=59.85454559 H=60.10859474 L=59.60718840 C=59.68072330 V=9835600.00000000
[Agent_Features] Generated 18 features for the latest tick.
[Agent] Exploration: Random action: HOLD
[Agent] Received reward: 0.00000000
[NeuralNetworkInterface] Received reward signal: 0.00000000
[Agent] Making decision using full OHLCV data
[Agent] Price data: O=59.73419189 H=60.16874496 L=59.26621481 C=60.03503868 V=9680300.00000000
[Agent_Features] Generated 18 features for the latest tick.
[Agent] Exploration: Random action: SELL
[Portfolio] Logged Trade: SELL 4.70417964 XOM @ 60.04. New Cash: 5107.19, New Coins: 89.37941316
[Agent] Received reward: 0.00000000
[NeuralNetworkInterface] Received reward signal: 0.00000000
[Agent] Making decision using full OHLCV data
[Agent] Price data: O=60.24228668 H=60.27571580 L=59.13250513 C=59.23947424 V=14397900.00000000
[Agent_Features] Generated 18 features for the latest tick.
[Agent] Exploration: Random action: SELL
[Portfolio] Logged Trade: SELL 4.46897066 XOM @ 59.24. New Cash: 5371.93, New Coins: 84.91044250
[Agent] Received reward: 0.00000000
[NeuralNetworkInterface] Received reward signal: 0.00000000
[Agent] Making decision using full OHLCV data
[Agent] Price data: O=59.99493790 H=60.43617792 L=59.75426245 C=60.42949107 V=13191900.00000000
[Agent_Features] Generated 18 features for the latest tick.
[Agent] Exploration: Random action: HOLD
[Agent] Received reward: 0.00000000
[NeuralNetworkInterface] Received reward signal: 0.00000000
[Agent] Making decision using full OHLCV data
[Agent] Price data: O=59.90133667 H=60.10190122 L=59.37987495 C=59.50021266 V=11766100.00000000
[Agent_Features] Generated 18 features for the latest tick.
[Agent] Exploration: Random action: BUY
[Portfolio] Logged Trade: BUY 4.51420665 XOM @ 59.50. New Cash: 5103.33, New Coins: 89.42464915
[Agent] Received reward: 0.00000000
[NeuralNetworkInterface] Received reward signal: 0.00000000
[Agent] Making decision using full OHLCV data
[Agent] Price data: O=59.94813919 H=60.43617693 L=59.86791744 C=60.09521920 V=10056600.00000000
[Agent_Features] Generated 18 features for the latest tick.
[Agent] Exploration: Random action: BUY
[Portfolio] Logged Trade: BUY 4.24603564 XOM @ 60.10. New Cash: 4848.16, New Coins: 93.67068479
[Agent] Received reward: 0.00000000
[NeuralNetworkInterface] Received reward signal: 0.00000000
[Agent] Making decision using full OHLCV data
[Agent] Price data: O=60.34258652 H=60.41612653 L=59.89465962 C=60.06848192 V=9578400.00000000
[Agent_Features] Generated 18 features for the latest tick.
[Agent] Exploration: Random action: BUY
[Portfolio] Logged Trade: BUY 4.03552933 XOM @ 60.07. New Cash: 4605.75, New Coins: 97.70621412
[Agent] Received reward: 0.00000000
[NeuralNetworkInterface] Received reward signal: 0.00000000
[Agent] Making decision using full OHLCV data
[Agent] Price data: O=60.03501511 H=60.47624974 L=59.68068391 C=60.33585667 V=7867900.00000000
[Agent_Features] Generated 18 features for the latest tick.
[Agent] Exploration: Random action: BUY
[Portfolio] Logged Trade: BUY 3.81676381 XOM @ 60.34. New Cash: 4375.47, New Coins: 101.52297793
[Agent] Received reward: 0.00000000
[NeuralNetworkInterface] Received reward signal: 0.00000000
[Agent] Making decision using full OHLCV data
[Agent] Price data: O=60.17543793 H=60.20218021 L=59.71414254 C=59.76762710 V=7505900.00000000
[Agent_Features] Generated 18 features for the latest tick.
[Agent] Exploration: Random action: HOLD
[Agent] Received reward: 0.00000000
[NeuralNetworkInterface] Received reward signal: 0.00000000
[Agent] Making decision using full OHLCV data
[Agent] Price data: O=59.51354980 H=60.30242882 L=59.31967730 C=60.16872258 V=13178800.00000000
[Agent_Features] Generated 18 features for the latest tick.
[Agent] Exploration: Random action: BUY
[Portfolio] Logged Trade: BUY 3.63599756 XOM @ 60.17. New Cash: 4156.69, New Coins: 105.15897550
[Agent] Received reward: 0.00000000
[NeuralNetworkInterface] Received reward signal: 0.00000000
[Agent] Making decision using full OHLCV data
[Agent] Price data: O=59.66064072 H=59.80103382 L=58.91855926 C=59.11912375 V=7994800.00000000
[Agent_Features] Generated 18 features for the latest tick.
[Agent] Exploration: Random action: BUY
[Portfolio] Logged Trade: BUY 3.51552339 XOM @ 59.12. New Cash: 3948.86, New Coins: 108.67449889
[Agent] Received reward: 0.00000000
[NeuralNetworkInterface] Received reward signal: 0.00000000
[Agent] Making decision using full OHLCV data
[Agent] Price data: O=59.18600464 H=59.18600464 L=58.57094741 C=58.97207147 V=9837500.00000000
[Agent_Features] Generated 18 features for the latest tick.
[Agent] Exploration: Random action: SELL
[Portfolio] Logged Trade: SELL 5.43372494 XOM @ 58.97. New Cash: 4269.30, New Coins: 103.24077394
[Agent] Received reward: 0.00000000
[NeuralNetworkInterface] Received reward signal: 0.00000000
[Agent] Making decision using full OHLCV data
[Agent] Price data: O=59.07904434 H=59.38657298 L=58.85173746 C=59.12584207 V=9367100.00000000
[Agent_Features] Generated 18 features for the latest tick.
[Agent] Exploration: Random action: SELL
[Portfolio] Logged Trade: SELL 5.16203870 XOM @ 59.13. New Cash: 4574.51, New Coins: 98.07873525
[Agent] Received reward: 0.00000000
[NeuralNetworkInterface] Received reward signal: 0.00000000
[Agent] Making decision using full OHLCV data
[Agent] Price data: O=59.72751236 H=59.83448148 L=59.29296434 C=59.41330205 V=8573000.00000000
[Agent_Features] Generated 18 features for the latest tick.
[Agent] Exploration: Random action: SELL
[Portfolio] Logged Trade: SELL 4.90393676 XOM @ 59.41. New Cash: 4865.87, New Coins: 93.17479848
[Agent] Received reward: 0.00000000
[NeuralNetworkInterface] Received reward signal: 0.00000000
[Agent] Making decision using full OHLCV data
[Agent] Price data: O=60.64341354 H=60.78380668 L=59.97487188 C=60.00161416 V=12889100.00000000
[Agent_Features] Generated 18 features for the latest tick.
[Agent] Exploration: Random action: HOLD
[Agent] Received reward: 0.00000000
[NeuralNetworkInterface] Received reward signal: 0.00000000
[Agent] Making decision using full OHLCV data
[Agent] Price data: O=60.69689560 H=61.03785326 L=60.52307335 C=60.85734416 V=9983000.00000000
[Agent_Features] Generated 18 features for the latest tick.
[Agent] Exploration: Random action: HOLD
[Agent] Received reward: 0.00000000
[NeuralNetworkInterface] Received reward signal: 0.00000000
[Agent] Making decision using full OHLCV data
[Agent] Price data: O=60.61666107 H=60.85733644 L=60.24227944 C=60.28907714 V=8974300.00000000
[Agent_Features] Generated 18 features for the latest tick.
[Agent] Exploration: Random action: HOLD
[Agent] Received reward: 0.00000000
[NeuralNetworkInterface] Received reward signal: 0.00000000
[Agent] Making decision using full OHLCV data
[Agent] Price data: O=60.15536880 H=60.78379437 L=60.02165744 C=60.43615502 V=10353800.00000000
[Agent_Features] Generated 18 features for the latest tick.
[Agent] Exploration: Random action: BUY
[Portfolio] Logged Trade: BUY 4.02562469 XOM @ 60.44. New Cash: 4622.57, New Coins: 97.20042318
[Agent] Received reward: 0.00000000
[NeuralNetworkInterface] Received reward signal: 0.00000000
[Agent] Making decision using full OHLCV data
[Agent] Price data: O=60.56318283 H=61.12476044 L=59.96818120 C=60.11526117 V=11370000.00000000
[Agent_Features] Generated 18 features for the latest tick.
[Agent] Exploration: Random action: BUY
[Portfolio] Logged Trade: BUY 3.84475771 XOM @ 60.12. New Cash: 4391.44, New Coins: 101.04518089
[Agent] Received reward: 0.00000000
[NeuralNetworkInterface] Received reward signal: 0.00000000
[Agent] Making decision using full OHLCV data
[Agent] Price data: O=60.45623016 H=60.75039016 L=60.06847473 C=60.46959875 V=10161000.00000000
[Agent_Features] Generated 18 features for the latest tick.
[Agent] Exploration: Random action: HOLD
[Agent] Received reward: 0.00000000
[NeuralNetworkInterface] Received reward signal: 0.00000000
[Agent] Making decision using full OHLCV data
[Agent] Price data: O=60.27570724 H=60.77042655 L=60.16873815 C=60.32250495 V=10655800.00000000
[Agent_Features] Generated 18 features for the latest tick.
[Agent] Exploration: Random action: HOLD
[Agent] Received reward: 0.00000000
[NeuralNetworkInterface] Received reward signal: 0.00000000
[Agent] Making decision using full OHLCV data
[Agent] Price data: O=60.98436356 H=61.09801440 L=59.57374042 C=59.96817750 V=12824800.00000000
[Agent_Features] Generated 18 features for the latest tick.
[Agent] Exploration: Random action: SELL
[Portfolio] Logged Trade: SELL 5.05225904 XOM @ 59.97. New Cash: 4694.42, New Coins: 95.99292185
[Agent] Received reward: 0.00000000
[NeuralNetworkInterface] Received reward signal: 0.00000000
[Agent] Making decision using full OHLCV data
[Agent] Price data: O=60.65009689 H=61.23172484 L=60.29577065 C=61.16487170 V=17483200.00000000
[Agent_Features] Generated 18 features for the latest tick.
[Agent] Exploration: Random action: BUY
[Portfolio] Logged Trade: BUY 3.83751188 XOM @ 61.16. New Cash: 4459.70, New Coins: 99.83043373
[Agent] Received reward: 0.00000000
[NeuralNetworkInterface] Received reward signal: 0.00000000
[Agent] Making decision using full OHLCV data
[Agent] Price data: O=60.91753006 H=61.23174042 L=60.88410093 C=61.03118094 V=9388500.00000000
[Agent_Features] Generated 18 features for the latest tick.
[Agent] Exploration: Random action: HOLD
[Agent] Received reward: 0.00000000
[NeuralNetworkInterface] Received reward signal: 0.00000000
[Agent] Making decision using full OHLCV data
[Agent] Price data: O=61.19161224 H=61.26515223 L=60.33587981 C=60.65009518 V=8557500.00000000
[Agent_Features] Generated 18 features for the latest tick.
[Agent] Exploration: Random action: SELL
[Portfolio] Logged Trade: SELL 4.99152169 XOM @ 60.65. New Cash: 4762.43, New Coins: 94.83891204
[Agent] Received reward: 0.00000000
[NeuralNetworkInterface] Received reward signal: 0.00000000
[Agent] Making decision using full OHLCV data
[Agent] Price data: O=60.95093155 H=61.45902455 L=60.84396755 C=61.39885316 V=8785400.00000000
[Agent_Features] Generated 18 features for the latest tick.
[Agent] Exploration: Random action: HOLD
[Agent] Received reward: 0.00000000
[NeuralNetworkInterface] Received reward signal: 0.00000000
[Agent] Making decision using full OHLCV data
[Agent] Price data: O=61.37214279 H=61.55264684 L=60.96433186 C=61.45905139 V=9464500.00000000
[Agent_Features] Generated 18 features for the latest tick.
[Agent] Exploration: Random action: SELL
[Portfolio] Logged Trade: SELL 4.74194560 XOM @ 61.46. New Cash: 5053.87, New Coins: 90.09696644
[Agent] Received reward: 0.00000000
[NeuralNetworkInterface] Received reward signal: 0.00000000
[Agent] Making decision using full OHLCV data
[Agent] Price data: O=59.76091766 H=60.70356352 L=59.60046915 C=60.08850153 V=20010500.00000000
[Agent_Features] Generated 18 features for the latest tick.
[Agent] Exploration: Random action: SELL
[Portfolio] Logged Trade: SELL 4.50484832 XOM @ 60.09. New Cash: 5324.56, New Coins: 85.59211812
[Agent] Received reward: 0.00000000
[NeuralNetworkInterface] Received reward signal: 0.00000000
[Agent] Making decision using full OHLCV data
[Agent] Price data: O=59.40662003 H=59.56706862 L=58.90521372 C=59.43336231 V=14169400.00000000
[Agent_Features] Generated 18 features for the latest tick.
[Agent] Exploration: Random action: BUY
[Portfolio] Logged Trade: BUY 4.47943599 XOM @ 59.43. New Cash: 5058.33, New Coins: 90.07155411
[Agent] Received reward: 0.00000000
[NeuralNetworkInterface] Received reward signal: 0.00000000
[Agent] Making decision using full OHLCV data
[Agent] Price data: O=60.77711105 H=60.79047964 L=59.84783366 C=59.98823187 V=13254300.00000000
[Agent_Features] Generated 18 features for the latest tick.
[Agent] Exploration: Random action: HOLD
[Agent] Received reward: 0.00000000
[NeuralNetworkInterface] Received reward signal: 0.00000000
[Agent] Making decision using full OHLCV data
[Agent] Price data: O=61.81335449 H=61.97380304 L=60.91751121 C=61.11138889 V=13920600.00000000
[Agent_Features] Generated 18 features for the latest tick.
[Agent] Exploration: Random action: BUY
[Portfolio] Logged Trade: BUY 4.13861556 XOM @ 61.11. New Cash: 4805.41, New Coins: 94.21016967
[Agent] Received reward: 0.00000000
[NeuralNetworkInterface] Received reward signal: 0.00000000
[Agent] Making decision using full OHLCV data
[Agent] Price data: O=62.66909790 H=62.72926931 L=61.70640132 C=61.72645675 V=14073700.00000000
[Agent_Features] Generated 18 features for the latest tick.
[Agent] Exploration: Random action: HOLD
[Agent] Received reward: 0.00000000
[NeuralNetworkInterface] Received reward signal: 0.00000000
[Agent] Making decision using full OHLCV data
[Agent] Price data: O=62.73595428 H=62.82955482 L=62.22117939 C=62.41505711 V=9946300.00000000
[Agent_Features] Generated 18 features for the latest tick.
[Agent] Exploration: Random action: HOLD
[Agent] Received reward: 0.00000000
[NeuralNetworkInterface] Received reward signal: 0.00000000
[Agent] Making decision using full OHLCV data
[Agent] Price data: O=62.18774796 H=62.57550337 L=61.67297308 C=62.25460621 V=10744100.00000000
[Agent_Features] Generated 18 features for the latest tick.
[Agent] Exploration: Random action: HOLD
[Agent] Received reward: 0.00000000
[NeuralNetworkInterface] Received reward signal: 0.00000000
[Agent] Making decision using full OHLCV data
[Agent] Price data: O=62.90308762 H=62.92314815 L=61.79999786 C=62.40836817 V=13144400.00000000
[Agent_Features] Generated 18 features for the latest tick.
[Agent] Exploration: Random action: BUY
[Portfolio] Logged Trade: BUY 3.84997597 XOM @ 62.41. New Cash: 4565.14, New Coins: 98.06014564
[Agent] Received reward: 0.00000000
[NeuralNetworkInterface] Received reward signal: 0.00000000
[Agent] Making decision using full OHLCV data
[Agent] Price data: O=62.14764786 H=63.17051604 L=61.73983693 C=63.07023375 V=12240700.00000000
[Agent_Features] Generated 18 features for the latest tick.
[Agent] Exploration: Random action: HOLD
[Agent] Received reward: 0.00000000
[NeuralNetworkInterface] Received reward signal: 0.00000000
[Agent] Making decision using full OHLCV data
[Agent] Price data: O=62.53538513 H=62.69583370 L=62.12088748 C=62.43510287 V=9807600.00000000
[Agent_Features] Generated 18 features for the latest tick.
[Agent] Exploration: Random action: HOLD
[Agent] Received reward: 0.00000000
[NeuralNetworkInterface] Received reward signal: 0.00000000
[Agent] Making decision using full OHLCV data
[Agent] Price data: O=62.76937485 H=63.11701936 L=62.60892628 C=62.67577942 V=8335700.00000000
[Agent_Features] Generated 18 features for the latest tick.
[Agent] Exploration: Random action: HOLD
[Agent] Received reward: 0.00000000
[NeuralNetworkInterface] Received reward signal: 0.00000000
[Agent] Making decision using full OHLCV data
[Agent] Price data: O=63.47803497 H=63.47803497 L=62.90308868 C=63.29084411 V=9870800.00000000
[Agent_Features] Generated 18 features for the latest tick.
[Agent] Exploration: Random action: HOLD
[Agent] Received reward: 0.00000000
[NeuralNetworkInterface] Received reward signal: 0.00000000
[Agent] Making decision using full OHLCV data
[Agent] Price data: O=63.43122864 H=63.45797092 L=62.91645382 C=63.27746692 V=9458200.00000000
[Agent_Features] Generated 18 features for the latest tick.
[Agent] Exploration: Random action: HOLD
[Agent] Received reward: 0.00000000
[NeuralNetworkInterface] Received reward signal: 0.00000000
[Agent] Making decision using full OHLCV data
[Agent] Price data: O=63.47803497 H=63.86579040 L=63.25742008 C=63.54489323 V=9293500.00000000
[Agent_Features] Generated 18 features for the latest tick.
[Agent] Exploration: Random action: HOLD
[Agent] Received reward: 0.00000000
[NeuralNetworkInterface] Received reward signal: 0.00000000
[Agent] Making decision using full OHLCV data
[Agent] Price data: O=63.59169388 H=63.87916704 L=63.27079159 C=63.80562704 V=10334500.00000000
[Agent_Features] Generated 18 features for the latest tick.
[Agent] Exploration: Random action: HOLD
[Agent] Received reward: 0.00000000
[NeuralNetworkInterface] Received reward signal: 0.00000000
[Agent] Making decision using full OHLCV data
[Agent] Price data: O=63.39112854 H=63.61174854 L=63.11034223 C=63.45798169 V=9865900.00000000
[Agent_Features] Generated 18 features for the latest tick.
[Agent] Exploration: Random action: BUY
[Portfolio] Logged Trade: BUY 3.59698143 XOM @ 63.46. New Cash: 4336.89, New Coins: 101.65712707
[Agent] Received reward: 0.00000000
[NeuralNetworkInterface] Received reward signal: 0.00000000
[Agent] Making decision using full OHLCV data
[Agent] Price data: O=63.15714264 H=63.47135809 L=62.97663350 C=63.35102037 V=5901800.00000000
[Agent_Features] Generated 18 features for the latest tick.
[Agent] Exploration: Random action: BUY
[Portfolio] Logged Trade: BUY 3.42290182 XOM @ 63.35. New Cash: 4120.04, New Coins: 105.08002889
[Agent] Received reward: 0.00000000
[NeuralNetworkInterface] Received reward signal: 0.00000000
[Agent] Making decision using full OHLCV data
[Agent] Price data: O=62.79610062 H=63.12368451 L=62.70919206 C=63.01003368 V=7383800.00000000
[Agent_Features] Generated 18 features for the latest tick.
[Agent] Exploration: Random action: HOLD
[Agent] Received reward: 0.00000000
[NeuralNetworkInterface] Received reward signal: 0.00000000
[Agent] Making decision using full OHLCV data
[Agent] Price data: O=62.74265671 H=63.01676134 L=62.48192577 C=62.76939900 V=6854600.00000000
[Agent_Features] Generated 18 features for the latest tick.
[Agent] Exploration: Random action: HOLD
[Agent] Received reward: 0.00000000
[NeuralNetworkInterface] Received reward signal: 0.00000000
[Agent] Making decision using full OHLCV data
[Agent] Price data: O=62.84962082 H=63.03681172 L=62.65574307 C=62.91647398 V=7139700.00000000
[Agent_Features] Generated 18 features for the latest tick.
[Agent] Exploration: Random action: BUY
[Portfolio] Logged Trade: BUY 3.27421570 XOM @ 62.92. New Cash: 3914.04, New Coins: 108.35424458
[Agent] Received reward: 0.00000000
[NeuralNetworkInterface] Received reward signal: 0.00000000
[Agent] Making decision using full OHLCV data
[Agent] Price data: O=61.63955307 H=62.58888632 L=61.34539814 C=62.48860403 V=10845900.00000000
[Agent_Features] Generated 18 features for the latest tick.
[Agent] Exploration: Random action: HOLD
[Agent] Received reward: 0.00000000
[NeuralNetworkInterface] Received reward signal: 0.00000000
[Agent] Making decision using full OHLCV data
[Agent] Price data: O=61.19161224 H=61.52588305 L=60.91082599 C=61.25846538 V=12143500.00000000
[Agent_Features] Generated 18 features for the latest tick.
[Agent] Exploration: Random action: BUY
[Portfolio] Logged Trade: BUY 3.19469318 XOM @ 61.26. New Cash: 3718.34, New Coins: 111.54893776
[Agent] Received reward: 0.00000000
[NeuralNetworkInterface] Received reward signal: 0.00000000
[Agent] Making decision using full OHLCV data
[Agent] Price data: O=60.77711105 H=61.37879433 L=60.58991515 C=61.17823494 V=10037900.00000000
[Agent_Features] Generated 18 features for the latest tick.
[Agent] Exploration: Random action: BUY
[Portfolio] Logged Trade: BUY 3.03893863 XOM @ 61.18. New Cash: 3532.42, New Coins: 114.58787638
[Agent] Received reward: 0.00000000
[NeuralNetworkInterface] Received reward signal: 0.00000000
[Agent] Making decision using full OHLCV data
[Agent] Price data: O=60.30243683 H=60.65676808 L=59.90799982 C=60.52974357 V=12439200.00000000
[Agent_Features] Generated 18 features for the latest tick.
[Agent] Exploration: Random action: SELL
[Portfolio] Logged Trade: SELL 5.72939382 XOM @ 60.53. New Cash: 3879.22, New Coins: 108.85848257
[Agent] Received reward: -0.00000000
[NeuralNetworkInterface] Received reward signal: -0.00000000
[Agent] Making decision using full OHLCV data
[Agent] Price data: O=59.46677780 H=59.50689377 L=57.57480881 C=58.57093444 V=23928100.00000000
[Agent_Features] Generated 18 features for the latest tick.
[Agent] Exploration: Random action: BUY
[Portfolio] Logged Trade: BUY 3.31155709 XOM @ 58.57. New Cash: 3685.26, New Coins: 112.17003965
[Agent] Received reward: 0.00000000
[NeuralNetworkInterface] Received reward signal: 0.00000000
[Agent] Making decision using full OHLCV data
[Agent] Price data: O=57.40100479 H=58.93196627 L=57.22049563 C=58.88516854 V=22908400.00000000
[Agent_Features] Generated 18 features for the latest tick.
[Agent] Exploration: Random action: HOLD
[Agent] Received reward: 0.00000000
[NeuralNetworkInterface] Received reward signal: 0.00000000
[Agent] Making decision using full OHLCV data
[Agent] Price data: O=58.18987656 H=58.37706744 L=57.21380618 C=57.79543426 V=18919200.00000000
[Agent_Features] Generated 18 features for the latest tick.
[Agent] Exploration: Random action: HOLD
[Agent] Received reward: 0.00000000
[NeuralNetworkInterface] Received reward signal: 0.00000000
[Agent] Making decision using full OHLCV data
[Agent] Price data: O=58.49069977 H=58.49069977 L=57.89569819 C=58.16980267 V=14632900.00000000
[Agent_Features] Generated 18 features for the latest tick.
[Agent] Exploration: Random action: HOLD
[Agent] Received reward: 0.00000000
[NeuralNetworkInterface] Received reward signal: 0.00000000
[Agent] Making decision using full OHLCV data
[Agent] Price data: O=58.48403549 H=58.59768637 L=58.18318864 C=58.49740408 V=13451400.00000000
[Agent_Features] Generated 18 features for the latest tick.
[Agent] Exploration: Random action: BUY
[Portfolio] Logged Trade: BUY 3.14993368 XOM @ 58.50. New Cash: 3501.00, New Coins: 115.31997334
[Agent] Received reward: 0.00000000
[NeuralNetworkInterface] Received reward signal: 0.00000000
[Agent] Making decision using full OHLCV data
[Agent] Price data: O=58.53751373 H=58.71802286 L=58.26341427 C=58.65116971 V=9617300.00000000
[Agent_Features] Generated 18 features for the latest tick.
[Agent] Exploration: Random action: BUY
[Portfolio] Logged Trade: BUY 2.98459173 XOM @ 58.65. New Cash: 3325.95, New Coins: 118.30456507
[Agent] Received reward: 0.00000000
[NeuralNetworkInterface] Received reward signal: 0.00000000
[Agent] Making decision using full OHLCV data
[Agent] Price data: O=59.22611618 H=59.42668076 L=58.85173440 C=58.86510809 V=10492700.00000000
[Agent_Features] Generated 18 features for the latest tick.
[Agent] Exploration: Random action: BUY
[Portfolio] Logged Trade: BUY 2.82505735 XOM @ 58.87. New Cash: 3159.65, New Coins: 121.12962242
[Agent] Received reward: -0.00000000
[NeuralNetworkInterface] Received reward signal: -0.00000000
[Agent] Making decision using full OHLCV data
[Agent] Price data: O=59.29964828 H=59.33976426 L=58.95200884 C=59.24616882 V=9654600.00000000
[Agent_Features] Generated 18 features for the latest tick.
[Agent] Exploration: Random action: BUY
[Portfolio] Logged Trade: BUY 2.66654274 XOM @ 59.25. New Cash: 3001.67, New Coins: 123.79616516
[Agent] Received reward: 0.00000000
[NeuralNetworkInterface] Received reward signal: 0.00000000
[Agent] Making decision using full OHLCV data
[Agent] Price data: O=58.26131439 H=59.27941717 L=57.99161628 C=59.18502360 V=12714800.00000000
[Agent_Features] Generated 18 features for the latest tick.
[Agent] Exploration: Random action: BUY
[Portfolio] Logged Trade: BUY 2.53583272 XOM @ 59.19. New Cash: 2851.58, New Coins: 126.33199788
[Agent] Received reward: 0.00000000
[NeuralNetworkInterface] Received reward signal: 0.00000000
[Agent] Making decision using full OHLCV data
[Agent] Price data: O=58.47032547 H=58.84115585 L=58.16017446 C=58.45009901 V=11616000.00000000
[Agent_Features] Generated 18 features for the latest tick.
[Agent] Exploration: Random action: BUY
[Portfolio] Logged Trade: BUY 2.43933125 XOM @ 58.45. New Cash: 2709.00, New Coins: 128.77132913
[Agent] Received reward: -0.00000000
[NeuralNetworkInterface] Received reward signal: -0.00000000
[Agent] Making decision using full OHLCV data
[Agent] Price data: O=59.23221207 H=59.31986690 L=58.59168365 C=58.63213656 V=9986900.00000000
[Agent_Features] Generated 18 features for the latest tick.
[Agent] Exploration: Random action: SELL
[Portfolio] Logged Trade: SELL 6.43856646 XOM @ 58.63. New Cash: 3086.51, New Coins: 122.33276267
[Agent] Received reward: 0.00000000
[NeuralNetworkInterface] Received reward signal: 0.00000000
[Agent] Making decision using full OHLCV data
[Agent] Price data: O=59.20526886 H=59.67049812 L=59.09064880 C=59.61655745 V=6432600.00000000
[Agent_Features] Generated 18 features for the latest tick.
[Agent] Exploration: Random action: BUY
[Portfolio] Logged Trade: BUY 2.58863556 XOM @ 59.62. New Cash: 2932.19, New Coins: 124.92139824
[Agent] Received reward: 0.00000000
[NeuralNetworkInterface] Received reward signal: 0.00000000
[Agent] Making decision using full OHLCV data
[Agent] Price data: O=59.27940369 H=59.45470819 L=58.90857337 C=59.21872433 V=6817900.00000000
[Agent_Features] Generated 18 features for the latest tick.
[Agent] Exploration: Random action: HOLD
[Agent] Received reward: 0.00000000
[NeuralNetworkInterface] Received reward signal: 0.00000000
[Agent] Making decision using full OHLCV data
[Agent] Price data: O=59.40753555 H=59.45473234 L=59.10412834 C=59.27942777 V=7104600.00000000
[Agent_Features] Generated 18 features for the latest tick.
[Agent] Exploration: Random action: SELL
[Portfolio] Logged Trade: SELL 6.24606991 XOM @ 59.28. New Cash: 3302.45, New Coins: 118.67532832
[Agent] Received reward: 0.00000000
[NeuralNetworkInterface] Received reward signal: 0.00000000
[Agent] Making decision using full OHLCV data
[Agent] Price data: O=59.94690704 H=59.96713350 L=59.41425482 C=59.58955417 V=10342700.00000000
[Agent_Features] Generated 18 features for the latest tick.
[Agent] Exploration: Random action: SELL
[Portfolio] Logged Trade: SELL 5.93376642 XOM @ 59.59. New Cash: 3656.04, New Coins: 112.74156191
[Agent] Received reward: 0.00000000
[NeuralNetworkInterface] Received reward signal: 0.00000000
[Agent] Making decision using full OHLCV data
[Agent] Price data: O=59.19851303 H=59.83229769 L=59.19176916 C=59.75813058 V=8615300.00000000
[Agent_Features] Generated 18 features for the latest tick.
[Agent] Exploration: Random action: SELL
[Portfolio] Logged Trade: SELL 5.63707810 XOM @ 59.76. New Cash: 3992.90, New Coins: 107.10448381
[Agent] Received reward: 0.00000000
[NeuralNetworkInterface] Received reward signal: 0.00000000
[Agent] Making decision using full OHLCV data
[Agent] Price data: O=59.32661057 H=59.40077767 L=58.55797434 C=58.86812535 V=8235400.00000000
[Agent_Features] Generated 18 features for the latest tick.
[Agent] Exploration: Random action: SELL
[Portfolio] Logged Trade: SELL 5.35522419 XOM @ 58.87. New Cash: 4308.15, New Coins: 101.74925962
[Agent] Received reward: 0.00000000
[NeuralNetworkInterface] Received reward signal: 0.00000000
[Agent] Making decision using full OHLCV data
[Agent] Price data: O=59.14456558 H=59.34683529 L=59.03668429 C=59.22547141 V=6514800.00000000
[Agent_Features] Generated 18 features for the latest tick.
[Agent] Exploration: Random action: HOLD
[Agent] Received reward: 0.00000000
[NeuralNetworkInterface] Received reward signal: 0.00000000
[Agent] Making decision using full OHLCV data
[Agent] Price data: O=59.34682846 H=59.44122715 L=58.89508718 C=58.99622459 V=7985400.00000000
[Agent_Features] Generated 18 features for the latest tick.
[Agent] Exploration: Random action: SELL
[Portfolio] Logged Trade: SELL 5.08746298 XOM @ 59.00. New Cash: 4608.29, New Coins: 96.66179664
[Agent] Received reward: 0.00000000
[NeuralNetworkInterface] Received reward signal: 0.00000000
[Agent] Making decision using full OHLCV data
[Agent] Price data: O=58.96925354 H=59.35357159 L=58.82091935 C=59.34682773 V=6935300.00000000
[Agent_Features] Generated 18 features for the latest tick.
[Agent] Exploration: Random action: SELL
[Portfolio] Logged Trade: SELL 4.83308983 XOM @ 59.35. New Cash: 4895.12, New Coins: 91.82870681
[Agent] Received reward: 0.00000000
[NeuralNetworkInterface] Received reward signal: 0.00000000
[Agent] Making decision using full OHLCV data
[Agent] Price data: O=58.84117126 H=59.40753793 L=58.65912796 C=59.08389910 V=6474400.00000000
[Agent_Features] Generated 18 features for the latest tick.
[Agent] Exploration: Random action: BUY
[Portfolio] Logged Trade: BUY 4.14251785 XOM @ 59.08. New Cash: 4650.37, New Coins: 95.97122466
[Agent] Received reward: 0.00000000
[NeuralNetworkInterface] Received reward signal: 0.00000000
[Agent] Making decision using full OHLCV data
[Agent] Price data: O=59.22547913 H=59.27941978 L=58.68608803 C=58.68608803 V=7027200.00000000
[Agent_Features] Generated 18 features for the latest tick.
[Agent] Exploration: Random action: SELL
[Portfolio] Logged Trade: SELL 4.79856123 XOM @ 58.69. New Cash: 4931.97, New Coins: 91.17266343
[Agent] Received reward: -0.00000000
[NeuralNetworkInterface] Received reward signal: -0.00000000
[Agent] Making decision using full OHLCV data
[Agent] Price data: O=59.00971603 H=59.50191544 L=58.90858375 C=59.24570508 V=6441100.00000000
[Agent_Features] Generated 18 features for the latest tick.
[Agent] Exploration: Random action: BUY
[Portfolio] Logged Trade: BUY 4.16230578 XOM @ 59.25. New Cash: 4685.38, New Coins: 95.33496921
[Agent] Received reward: 0.00000000
[NeuralNetworkInterface] Received reward signal: 0.00000000
[Agent] Making decision using full OHLCV data
[Agent] Price data: O=58.75351715 H=58.80071394 L=58.13321501 C=58.75351715 V=12491400.00000000
[Agent_Features] Generated 18 features for the latest tick.
[Agent] Exploration: Random action: HOLD
[Agent] Received reward: 0.00000000
[NeuralNetworkInterface] Received reward signal: 0.00000000
[Agent] Making decision using full OHLCV data
[Agent] Price data: O=58.55121613 H=58.55121613 L=58.04553425 C=58.47031032 V=8434700.00000000
[Agent_Features] Generated 18 features for the latest tick.
[Agent] Exploration: Random action: SELL
[Portfolio] Logged Trade: SELL 4.76674846 XOM @ 58.47. New Cash: 4964.09, New Coins: 90.56822075
[Agent] Received reward: 0.00000000
[NeuralNetworkInterface] Received reward signal: 0.00000000
[Agent] Making decision using full OHLCV data
[Agent] Price data: O=58.94230652 H=59.05018784 L=58.61192897 C=58.94230652 V=7099600.00000000
[Agent_Features] Generated 18 features for the latest tick.
[Agent] Exploration: Random action: SELL
[Portfolio] Logged Trade: SELL 4.52841104 XOM @ 58.94. New Cash: 5231.00, New Coins: 86.03980971
[Agent] Received reward: 0.00000000
[NeuralNetworkInterface] Received reward signal: 0.00000000
[Agent] Making decision using full OHLCV data
[Agent] Price data: O=59.71768188 H=59.76487867 L=59.10412364 C=59.22548240 V=9851200.00000000
[Agent_Features] Generated 18 features for the latest tick.
[Agent] Exploration: Random action: HOLD
[Agent] Received reward: 0.00000000
[NeuralNetworkInterface] Received reward signal: 0.00000000
[Agent] Making decision using full OHLCV data
[Agent] Price data: O=59.49516678 H=59.78509131 L=59.31312354 C=59.77160872 V=7470400.00000000
[Agent_Features] Generated 18 features for the latest tick.
[Agent] Exploration: Random action: SELL
[Portfolio] Logged Trade: SELL 4.30199049 XOM @ 59.77. New Cash: 5488.14, New Coins: 81.73781923
[Agent] Received reward: 0.00000000
[NeuralNetworkInterface] Received reward signal: 0.00000000
[Agent] Making decision using full OHLCV data
[Agent] Price data: O=60.04129410 H=60.25705148 L=59.36030776 C=59.70417286 V=9579500.00000000
[Agent_Features] Generated 18 features for the latest tick.
[Agent] Exploration: Random action: HOLD
[Agent] Received reward: 0.00000000
[NeuralNetworkInterface] Received reward signal: 0.00000000
[Agent] Making decision using full OHLCV data
[Agent] Price data: O=58.55121613 H=59.77834241 L=58.52425095 C=59.77834241 V=12820200.00000000
[Agent_Features] Generated 18 features for the latest tick.
[Agent] Exploration: Random action: BUY
[Portfolio] Logged Trade: BUY 4.59040934 XOM @ 59.78. New Cash: 5213.73, New Coins: 86.32822856
[Agent] Received reward: 0.00000000
[NeuralNetworkInterface] Received reward signal: 0.00000000
[Agent] Making decision using full OHLCV data
[Agent] Price data: O=58.85463333 H=59.13781397 L=58.40963078 C=58.51076819 V=10889000.00000000
[Agent_Features] Generated 18 features for the latest tick.
[Agent] Exploration: Random action: HOLD
[Agent] Received reward: 0.00000000
[NeuralNetworkInterface] Received reward signal: 0.00000000
[Agent] Making decision using full OHLCV data
[Agent] Price data: O=57.45221710 H=58.30176430 L=57.36456741 C=58.29502044 V=13214300.00000000
[Agent_Features] Generated 18 features for the latest tick.
[Agent] Exploration: Random action: HOLD
[Agent] Received reward: 0.00000000
[NeuralNetworkInterface] Received reward signal: 0.00000000
[Agent] Making decision using full OHLCV data
[Agent] Price data: O=57.04094696 H=57.87026797 L=56.81844557 C=57.33761548 V=13957000.00000000
[Agent_Features] Generated 18 features for the latest tick.
[Agent] Exploration: Random action: SELL
[Portfolio] Logged Trade: SELL 4.31641143 XOM @ 57.34. New Cash: 5461.23, New Coins: 82.01181714
[Agent] Received reward: 0.00000000
[NeuralNetworkInterface] Received reward signal: 0.00000000
[Agent] Making decision using full OHLCV data
[Agent] Price data: O=57.36457443 H=57.74889259 L=56.98699499 C=57.08813244 V=9062600.00000000
[Agent_Features] Generated 18 features for the latest tick.
[Agent] Exploration: Random action: BUY
[Portfolio] Logged Trade: BUY 4.78315428 XOM @ 57.09. New Cash: 5188.17, New Coins: 86.79497142
[Agent] Received reward: 0.00000000
[NeuralNetworkInterface] Received reward signal: 0.00000000
[Agent] Making decision using full OHLCV data
[Agent] Price data: O=56.65662003 H=57.34435054 L=56.33972510 C=56.98025882 V=21538400.00000000
[Agent_Features] Generated 18 features for the latest tick.
[Agent] Exploration: Random action: BUY
[Portfolio] Logged Trade: BUY 4.55259915 XOM @ 56.98. New Cash: 4928.76, New Coins: 91.34757056
[Agent] Received reward: 0.00000000
[NeuralNetworkInterface] Received reward signal: 0.00000000
[Agent] Making decision using full OHLCV data
[Agent] Price data: O=56.52176285 H=57.05441516 L=56.50827511 C=57.02744484 V=7929100.00000000
[Agent_Features] Generated 18 features for the latest tick.
[Agent] Exploration: Random action: BUY
[Portfolio] Logged Trade: BUY 4.32139060 XOM @ 57.03. New Cash: 4682.32, New Coins: 95.66896116
[Agent] Received reward: 0.00000000
[NeuralNetworkInterface] Received reward signal: 0.00000000
[Agent] Making decision using full OHLCV data
[Agent] Price data: O=55.65198135 H=56.60266069 L=55.65198135 C=56.45433164 V=17522000.00000000
[Agent_Features] Generated 18 features for the latest tick.
[Agent] Exploration: Random action: BUY
[Portfolio] Logged Trade: BUY 4.14699747 XOM @ 56.45. New Cash: 4448.20, New Coins: 99.81595863
[Agent] Received reward: 0.00000000
[NeuralNetworkInterface] Received reward signal: 0.00000000
[Agent] Making decision using full OHLCV data
[Agent] Price data: O=56.16442108 H=56.38017855 L=55.49691708 C=55.84078231 V=15055900.00000000
[Agent_Features] Generated 18 features for the latest tick.
[Agent] Exploration: Random action: SELL
[Portfolio] Logged Trade: SELL 4.99079793 XOM @ 55.84. New Cash: 4726.89, New Coins: 94.82516070
[Agent] Received reward: -0.00000000
[NeuralNetworkInterface] Received reward signal: -0.00000000
[Agent] Making decision using full OHLCV data
[Agent] Price data: O=56.32624054 H=57.00722716 L=56.21835923 C=56.82517874 V=10738500.00000000
[Agent_Features] Generated 18 features for the latest tick.
[Agent] Exploration: Random action: BUY
[Portfolio] Logged Trade: BUY 4.15915410 XOM @ 56.83. New Cash: 4490.55, New Coins: 98.98431480
[Agent] Received reward: 0.00000000
[NeuralNetworkInterface] Received reward signal: 0.00000000
[Agent] Making decision using full OHLCV data
[Agent] Price data: O=56.26555252 H=56.84540167 L=55.68570337 C=55.74638789 V=12667100.00000000
[Agent_Features] Generated 18 features for the latest tick.
[Agent] Exploration: Random action: SELL
[Portfolio] Logged Trade: SELL 4.94921574 XOM @ 55.75. New Cash: 4766.45, New Coins: 94.03509906
[Agent] Received reward: 0.00000000
[NeuralNetworkInterface] Received reward signal: 0.00000000
[Agent] Making decision using full OHLCV data
[Agent] Price data: O=56.00259018 H=56.97350120 L=55.91494049 C=56.31274117 V=10860300.00000000
[Agent_Features] Generated 18 features for the latest tick.
[Agent] Exploration: Random action: HOLD
[Agent] Received reward: 0.00000000
[NeuralNetworkInterface] Received reward signal: 0.00000000
[Agent] Making decision using full OHLCV data
[Agent] Price data: O=56.12397385 H=56.19139710 L=55.48344519 C=55.68571496 V=9595000.00000000
[Agent_Features] Generated 18 features for the latest tick.
[Agent] Exploration: Random action: SELL
[Portfolio] Logged Trade: SELL 4.70175495 XOM @ 55.69. New Cash: 5028.27, New Coins: 89.33334411
[Agent] Received reward: 0.00000000
[NeuralNetworkInterface] Received reward signal: 0.00000000
[Agent] Making decision using full OHLCV data
[Agent] Price data: O=58.59169006 H=58.81419138 L=56.19138262 C=56.27229359 V=28117900.00000000
[Agent_Features] Generated 18 features for the latest tick.
[Agent] Exploration: Random action: SELL
[Portfolio] Logged Trade: SELL 4.46666721 XOM @ 56.27. New Cash: 5279.62, New Coins: 84.86667690
[Agent] Received reward: 0.00000000
[NeuralNetworkInterface] Received reward signal: 0.00000000
[Agent] Making decision using full OHLCV data
[Agent] Price data: O=58.29502106 H=58.79395920 L=57.76911259 C=58.63888626 V=19082900.00000000
[Agent_Features] Generated 18 features for the latest tick.
[Agent] Exploration: Random action: BUY
[Portfolio] Logged Trade: BUY 4.50180781 XOM @ 58.64. New Cash: 5015.64, New Coins: 89.36848471
[Agent] Received reward: 0.00000000
[NeuralNetworkInterface] Received reward signal: 0.00000000
[Simulation] Simulation run finished. Ticks processed in this run: 166

Simulation Finished in 0.01 seconds.
--------------------
  Final Portfolio  
--------------------
Cash:      $5015.64
Asset:     89.3685 XOM
Total Value: $10256.11
--------------------
[Simulation] Simulation destroyed.
[AutonomousTradingAgent] Agent destroyed
[NeuralNetworkInterface] Destructor called.
[Portfolio] Destroyed for asset: XOM. Final cash: 5015.64, Final assets: 89.37
