Loading data from training_run_20250621_125703/data/PFE_1d_20151105_to_20161104.csv...
Loaded 204 data points.
[Portfolio] Initialized for asset: PFE with initial cash: 10000.00. Initial Portfolio Value: 10000.00
[NeuralNetworkInterface] Constructor called.
[NeuralNetworkInterface] Initializing...
Warning: NN model path is empty. Initializing in a mock state.
[NeuralNetworkInterface] Initialized successfully.
[AutonomousTradingAgent] Agent initialized for PFE without API client (CSV mode).
[Simulation] Initialized with 204 data points.
[Simulation] API client is NULL (offline/CSV mode).

Starting Simulation for PFE...
[Simulation] Starting simulation run...
[Agent] Making decision using full OHLCV data
[Agent] Price data: O=19.58 H=19.93 L=19.35 C=19.86 V=34508276.00
[Agent_Features] Generated 15 features for the latest tick.
[Agent] Exploration: Random action: BUY
[Portfolio] Logged Trade: BUY 25.17856509 PFE @ 19.86. New Cash: 9500.00, New Coins: 25.17856509
[Agent] Received reward: 0.00000000
[NeuralNetworkInterface] Received reward signal: 0.00000000
[Agent] Making decision using full OHLCV data
[Agent] Price data: O=19.56462479 H=19.82625213 L=19.18175563 C=19.27747292 V=52142223.00000000
[Agent_Features] Generated 17 features for the latest tick.
[Agent] Exploration: Random action: HOLD
[Agent] Received reward: 0.00000000
[NeuralNetworkInterface] Received reward signal: 0.00000000
[Agent] Making decision using full OHLCV data
[Agent] Price data: O=19.51358032 H=19.71777785 L=19.46891207 C=19.53272404 V=38528548.00000000
[Agent_Features] Generated 17 features for the latest tick.
[Agent] Exploration: Random action: HOLD
[Agent] Received reward: 0.00000000
[NeuralNetworkInterface] Received reward signal: 0.00000000
[Agent] Making decision using full OHLCV data
[Agent] Price data: O=19.59653282 H=19.94111588 L=19.57100958 C=19.78158662 V=33142398.00000000
[Agent_Features] Generated 17 features for the latest tick.
[Agent] Exploration: Random action: SELL
[Portfolio] Logged Trade: SELL 1.25892825 PFE @ 19.78. New Cash: 9524.90, New Coins: 23.91963683
[Agent] Received reward: 0.00000000
[NeuralNetworkInterface] Received reward signal: 0.00000000
[Agent] Making decision using full OHLCV data
[Agent] Price data: O=19.46252441 H=19.72415173 L=19.41147537 C=19.67310268 V=30313251.00000000
[Agent_Features] Generated 18 features for the latest tick.
[Agent] Exploration: Random action: SELL
[Portfolio] Logged Trade: SELL 1.19598184 PFE @ 19.67. New Cash: 9548.43, New Coins: 22.72365499
[Agent] Received reward: 0.00000000
[NeuralNetworkInterface] Received reward signal: 0.00000000
[Agent] Making decision using full OHLCV data
[Agent] Price data: O=19.57100677 H=19.62205582 L=19.36042848 C=19.48166901 V=27360786.00000000
[Agent_Features] Generated 18 features for the latest tick.
[Agent] Exploration: Random action: HOLD
[Agent] Received reward: 0.00000000
[NeuralNetworkInterface] Received reward signal: 0.00000000
[Agent] Making decision using full OHLCV data
[Agent] Price data: O=19.47529030 H=19.78796672 L=19.34766766 C=19.59653213 V=30059131.00000000
[Agent_Features] Generated 18 features for the latest tick.
[Agent] Exploration: Random action: BUY
[Portfolio] Logged Trade: BUY 24.36255612 PFE @ 19.60. New Cash: 9071.01, New Coins: 47.08621111
[Agent] Received reward: 0.00000000
[NeuralNetworkInterface] Received reward signal: 0.00000000
[Agent] Making decision using full OHLCV data
[Agent] Price data: O=19.27109909 H=19.59653722 L=18.88184770 C=19.59015641 V=51419917.00000000
[Agent_Features] Generated 18 features for the latest tick.
[Agent] Exploration: Random action: HOLD
[Agent] Received reward: 0.00000000
[NeuralNetworkInterface] Received reward signal: 0.00000000
[Agent] Making decision using full OHLCV data
[Agent] Price data: O=19.45615005 H=19.45615005 L=19.09242325 C=19.38595599 V=59794263.00000000
[Agent_Features] Generated 18 features for the latest tick.
[Agent] Exploration: Random action: BUY
[Portfolio] Logged Trade: BUY 23.39583011 PFE @ 19.39. New Cash: 8617.46, New Coins: 70.48204122
[Agent] Received reward: 0.00000000
[NeuralNetworkInterface] Received reward signal: 0.00000000
[Agent] Making decision using full OHLCV data
[Agent] Price data: O=19.25194740 H=19.39871374 L=19.02222541 C=19.36042759 V=50036858.00000000
[Agent_Features] Generated 18 features for the latest tick.
[Agent] Exploration: Random action: BUY
[Portfolio] Logged Trade: BUY 22.25534556 PFE @ 19.36. New Cash: 8186.59, New Coins: 92.73738678
[Agent] Received reward: 0.00000000
[NeuralNetworkInterface] Received reward signal: 0.00000000
[Agent] Making decision using full OHLCV data
[Agent] Price data: O=19.23280907 H=19.36043300 L=18.85632063 C=19.25195279 V=50815553.00000000
[Agent_Features] Generated 18 features for the latest tick.
[Agent] Exploration: Random action: BUY
[Portfolio] Logged Trade: BUY 21.26170579 PFE @ 19.25. New Cash: 7777.26, New Coins: 113.99909256
[Agent] Received reward: 0.00000000
[NeuralNetworkInterface] Received reward signal: 0.00000000
[Agent] Making decision using full OHLCV data
[Agent] Price data: O=19.12323952 H=19.38105228 L=18.78163836 C=19.27792769 V=47403334.00000000
[Agent_Features] Generated 18 features for the latest tick.
[Agent] Exploration: Random action: BUY
[Portfolio] Logged Trade: BUY 20.17140506 PFE @ 19.28. New Cash: 7388.39, New Coins: 134.17049762
[Agent] Received reward: 0.00000000
[NeuralNetworkInterface] Received reward signal: 0.00000000
[Agent] Making decision using full OHLCV data
[Agent] Price data: O=18.69140053 H=19.07167399 L=18.52382246 C=19.00722179 V=60009068.00000000
[Agent_Features] Generated 18 features for the latest tick.
[Agent] Exploration: Random action: SELL
[Portfolio] Logged Trade: SELL 6.70852488 PFE @ 19.01. New Cash: 7515.91, New Coins: 127.46197274
[Agent] Received reward: 0.00000000
[NeuralNetworkInterface] Received reward signal: 0.00000000
[Agent] Making decision using full OHLCV data
[Agent] Price data: O=18.71073914 H=18.96210563 L=18.58827837 C=18.70429417 V=41033906.00000000
[Agent_Features] Generated 18 features for the latest tick.
[Agent] Exploration: Random action: HOLD
[Agent] Received reward: 0.00000000
[NeuralNetworkInterface] Received reward signal: 0.00000000
[Agent] Making decision using full OHLCV data
[Agent] Price data: O=18.40780449 H=18.67850839 L=18.20800034 C=18.48514920 V=50082391.00000000
[Agent_Features] Generated 18 features for the latest tick.
[Agent] Exploration: Random action: SELL
[Portfolio] Logged Trade: SELL 6.37309864 PFE @ 18.49. New Cash: 7633.71, New Coins: 121.08887411
[Agent] Received reward: 0.00000000
[NeuralNetworkInterface] Received reward signal: 0.00000000
[Agent] Making decision using full OHLCV data
[Agent] Price data: O=18.75584793 H=18.82030141 L=18.26600510 C=18.34979346 V=60214809.00000000
[Agent_Features] Generated 18 features for the latest tick.
[Agent] Exploration: Random action: HOLD
[Agent] Received reward: 0.00000000
[NeuralNetworkInterface] Received reward signal: 0.00000000
[Agent] Making decision using full OHLCV data
[Agent] Price data: O=19.00722504 H=19.27148146 L=18.89120923 C=18.90409916 V=47121389.00000000
[Agent_Features] Generated 18 features for the latest tick.
[Agent] Exploration: Random action: SELL
[Portfolio] Logged Trade: SELL 6.05444371 PFE @ 18.90. New Cash: 7748.17, New Coins: 115.03443040
[Agent] Received reward: 0.00000000
[NeuralNetworkInterface] Received reward signal: 0.00000000
[Agent] Making decision using full OHLCV data
[Agent] Price data: O=18.77518845 H=18.91053911 L=18.62050031 C=18.69784503 V=41780771.00000000
[Agent_Features] Generated 18 features for the latest tick.
[Agent] Exploration: Random action: BUY
[Portfolio] Logged Trade: BUY 20.71941116 PFE @ 18.70. New Cash: 7360.76, New Coins: 135.75384156
[Agent] Received reward: 0.00000000
[NeuralNetworkInterface] Received reward signal: 0.00000000
[Agent] Making decision using full OHLCV data
[Agent] Price data: O=18.92342949 H=18.93632071 L=18.67850803 C=18.85253103 V=34300533.00000000
[Agent_Features] Generated 18 features for the latest tick.
[Agent] Exploration: Random action: BUY
[Portfolio] Logged Trade: BUY 19.52193694 PFE @ 18.85. New Cash: 6992.72, New Coins: 155.27577850
[Agent] Received reward: 0.00000000
[NeuralNetworkInterface] Received reward signal: 0.00000000
[Agent] Making decision using full OHLCV data
[Agent] Price data: O=19.21347046 H=19.23280664 L=18.98143889 C=19.04589239 V=34329307.00000000
[Agent_Features] Generated 18 features for the latest tick.
[Agent] Exploration: Random action: HOLD
[Agent] Received reward: 0.00000000
[NeuralNetworkInterface] Received reward signal: 0.00000000
[Agent] Making decision using full OHLCV data
[Agent] Price data: O=19.09745789 H=19.38105178 L=19.07167674 C=19.33593446 V=41224259.00000000
[Agent_Features] Generated 18 features for the latest tick.
[Agent] Exploration: Random action: SELL
[Portfolio] Logged Trade: SELL 7.76378892 PFE @ 19.34. New Cash: 7142.84, New Coins: 147.51198957
[Agent] Received reward: 0.00000000
[NeuralNetworkInterface] Received reward signal: 0.00000000
[Agent] Making decision using full OHLCV data
[Agent] Price data: O=19.04589462 H=19.36171591 L=18.98788737 C=19.21991767 V=50788993.00000000
[Agent_Features] Generated 18 features for the latest tick.
[Agent] Exploration: Random action: HOLD
[Agent] Received reward: 0.00000000
[NeuralNetworkInterface] Received reward signal: 0.00000000
[Agent] Making decision using full OHLCV data
[Agent] Price data: O=19.00722504 H=19.11034962 L=18.80741953 C=19.07812222 V=41870045.00000000
[Agent_Features] Generated 18 features for the latest tick.
[Agent] Exploration: Random action: HOLD
[Agent] Received reward: 0.00000000
[NeuralNetworkInterface] Received reward signal: 0.00000000
[Agent] Making decision using full OHLCV data
[Agent] Price data: O=19.36816025 H=19.38105147 L=19.11034879 C=19.17480101 V=41458458.00000000
[Agent_Features] Generated 18 features for the latest tick.
[Agent] Exploration: Random action: BUY
[Portfolio] Logged Trade: BUY 18.62559259 PFE @ 19.17. New Cash: 6785.70, New Coins: 166.13758216
[Agent] Received reward: 0.00000000
[NeuralNetworkInterface] Received reward signal: 0.00000000
[Agent] Making decision using full OHLCV data
[Agent] Price data: O=19.31015015 H=19.58085278 L=19.30370519 C=19.37460365 V=33697118.00000000
[Agent_Features] Generated 18 features for the latest tick.
[Agent] Exploration: Random action: SELL
[Portfolio] Logged Trade: SELL 8.30687911 PFE @ 19.37. New Cash: 6946.64, New Coins: 157.83070305
[Agent] Received reward: 0.00000000
[NeuralNetworkInterface] Received reward signal: 0.00000000
[Agent] Making decision using full OHLCV data
[Agent] Price data: O=19.34882355 H=19.38749461 L=19.02655732 C=19.21347158 V=33322210.00000000
[Agent_Features] Generated 18 features for the latest tick.
[Agent] Exploration: Random action: BUY
[Portfolio] Logged Trade: BUY 18.07752717 PFE @ 19.21. New Cash: 6599.31, New Coins: 175.90823023
[Agent] Received reward: 0.00000000
[NeuralNetworkInterface] Received reward signal: 0.00000000
[Agent] Making decision using full OHLCV data
[Agent] Price data: O=19.71620750 H=19.78066101 L=19.34882521 C=19.40038750 V=54850265.00000000
[Agent_Features] Generated 18 features for the latest tick.
[Agent] Exploration: Random action: SELL
[Portfolio] Logged Trade: SELL 8.79541151 PFE @ 19.40. New Cash: 6769.94, New Coins: 167.11281872
[Agent] Received reward: -0.00000000
[NeuralNetworkInterface] Received reward signal: -0.00000000
[Agent] Making decision using full OHLCV data
[Agent] Price data: O=19.48417473 H=19.91601180 L=19.34882405 C=19.83866707 V=45244004.00000000
[Agent_Features] Generated 18 features for the latest tick.
[Agent] Exploration: Random action: HOLD
[Agent] Received reward: 0.00000000
[NeuralNetworkInterface] Received reward signal: 0.00000000
[Agent] Making decision using full OHLCV data
[Agent] Price data: O=19.12323952 H=19.45195075 L=19.05878730 C=19.39394350 V=37091841.00000000
[Agent_Features] Generated 18 features for the latest tick.
[Agent] Exploration: Random action: BUY
[Portfolio] Logged Trade: BUY 17.45375670 PFE @ 19.39. New Cash: 6431.45, New Coins: 184.56657542
[Agent] Received reward: 0.00000000
[NeuralNetworkInterface] Received reward signal: 0.00000000
[Agent] Making decision using full OHLCV data
[Agent] Price data: O=19.36171532 H=19.39394142 L=19.09101137 C=19.20058220 V=33114256.00000000
[Agent_Features] Generated 18 features for the latest tick.
[Agent] Exploration: Random action: SELL
[Portfolio] Logged Trade: SELL 9.22832877 PFE @ 19.20. New Cash: 6608.64, New Coins: 175.33824665
[Agent] Received reward: 0.00000000
[NeuralNetworkInterface] Received reward signal: 0.00000000
[Agent] Making decision using full OHLCV data
[Agent] Price data: O=19.32304192 H=19.43905770 L=19.17479873 C=19.40683030 V=36139763.00000000
[Agent_Features] Generated 18 features for the latest tick.
[Agent] Exploration: Random action: BUY
[Portfolio] Logged Trade: BUY 17.02657115 PFE @ 19.41. New Cash: 6278.20, New Coins: 192.36481780
[Agent] Received reward: 0.00000000
[NeuralNetworkInterface] Received reward signal: 0.00000000
[Agent] Making decision using full OHLCV data
[Agent] Price data: O=19.26503944 H=19.33593663 L=19.06523392 C=19.25859319 V=38881955.00000000
[Agent_Features] Generated 18 features for the latest tick.
[Agent] Exploration: Random action: BUY
[Portfolio] Logged Trade: BUY 16.29974657 PFE @ 19.26. New Cash: 5964.29, New Coins: 208.66456437
[Agent] Received reward: 0.00000000
[NeuralNetworkInterface] Received reward signal: 0.00000000
[Agent] Making decision using full OHLCV data
[Agent] Price data: O=19.14901733 H=19.29725921 L=19.03300156 C=19.23925068 V=38827884.00000000
[Agent_Features] Generated 18 features for the latest tick.
[Agent] Exploration: Random action: SELL
[Portfolio] Logged Trade: SELL 10.43322822 PFE @ 19.24. New Cash: 6165.02, New Coins: 198.23133615
[Agent] Received reward: -0.00000000
[NeuralNetworkInterface] Received reward signal: -0.00000000
[Agent] Making decision using full OHLCV data
[Agent] Price data: O=19.20058441 H=19.21347434 L=18.89765432 C=19.04589624 V=33934900.00000000
[Agent_Features] Generated 18 features for the latest tick.
[Agent] Exploration: Random action: SELL
[Portfolio] Logged Trade: SELL 9.91156681 PFE @ 19.05. New Cash: 6353.80, New Coins: 188.31976935
[Agent] Received reward: 0.00000000
[NeuralNetworkInterface] Received reward signal: 0.00000000
[Agent] Making decision using full OHLCV data
[Agent] Price data: O=18.92342949 H=19.17479591 L=18.92342949 C=19.17479591 V=34566879.00000000
[Agent_Features] Generated 18 features for the latest tick.
[Agent] Exploration: Random action: BUY
[Portfolio] Logged Trade: BUY 16.56809223 PFE @ 19.17. New Cash: 6036.11, New Coins: 204.88786157
[Agent] Received reward: 0.00000000
[NeuralNetworkInterface] Received reward signal: 0.00000000
[Agent] Making decision using full OHLCV data
[Agent] Price data: O=19.16835594 H=19.23925441 L=18.96210548 C=19.15546602 V=81054603.00000000
[Agent_Features] Generated 18 features for the latest tick.
[Agent] Exploration: Random action: HOLD
[Agent] Received reward: 0.00000000
[NeuralNetworkInterface] Received reward signal: 0.00000000
[Agent] Making decision using full OHLCV data
[Agent] Price data: O=19.07167625 H=19.28437167 L=19.03300518 C=19.27148045 V=61264172.00000000
[Agent_Features] Generated 18 features for the latest tick.
[Agent] Exploration: Random action: BUY
[Portfolio] Logged Trade: BUY 15.66072199 PFE @ 19.27. New Cash: 5734.30, New Coins: 220.54858356
[Agent] Received reward: 0.00000000
[NeuralNetworkInterface] Received reward signal: 0.00000000
[Agent] Making decision using full OHLCV data
[Agent] Price data: O=19.65819740 H=19.65819740 L=19.16190816 C=19.19413427 V=63638517.00000000
[Agent_Features] Generated 18 features for the latest tick.
[Agent] Exploration: Random action: HOLD
[Agent] Received reward: 0.00000000
[NeuralNetworkInterface] Received reward signal: 0.00000000
[Agent] Making decision using full OHLCV data
[Agent] Price data: O=19.40038109 H=19.55506920 L=19.30370150 C=19.50995189 V=49289572.00000000
[Agent_Features] Generated 18 features for the latest tick.
[Agent] Exploration: Random action: HOLD
[Agent] Received reward: 0.00000000
[NeuralNetworkInterface] Received reward signal: 0.00000000
[Agent] Making decision using full OHLCV data
[Agent] Price data: O=19.03944778 H=19.29081424 L=18.88475964 C=19.25858814 V=57622391.00000000
[Agent_Features] Generated 18 features for the latest tick.
[Agent] Exploration: Random action: BUY
[Portfolio] Logged Trade: BUY 14.88764549 PFE @ 19.26. New Cash: 5447.59, New Coins: 235.43622905
[Agent] Received reward: 0.00000000
[NeuralNetworkInterface] Received reward signal: 0.00000000
[Agent] Making decision using full OHLCV data
[Agent] Price data: O=18.71718025 H=19.02655523 L=18.60761073 C=19.02655523 V=96151572.00000000
[Agent_Features] Generated 18 features for the latest tick.
[Agent] Exploration: Random action: HOLD
[Agent] Received reward: 0.00000000
[NeuralNetworkInterface] Received reward signal: 0.00000000
[Agent] Making decision using full OHLCV data
[Agent] Price data: O=18.91054153 H=19.06522969 L=18.52382310 C=18.76874460 V=70483510.00000000
[Agent_Features] Generated 18 features for the latest tick.
[Agent] Exploration: Random action: BUY
[Portfolio] Logged Trade: BUY 14.51238679 PFE @ 18.77. New Cash: 5175.21, New Coins: 249.94861584
[Agent] Received reward: 0.00000000
[NeuralNetworkInterface] Received reward signal: 0.00000000
[Agent] Making decision using full OHLCV data
[Agent] Price data: O=18.98144150 H=19.11034852 L=18.80097348 C=19.01366890 V=86327765.00000000
[Agent_Features] Generated 18 features for the latest tick.
[Agent] Exploration: Random action: HOLD
[Agent] Received reward: 0.00000000
[NeuralNetworkInterface] Received reward signal: 0.00000000
[Agent] Making decision using full OHLCV data
[Agent] Price data: O=19.38104820 H=19.41327560 L=18.97499361 C=18.98143857 V=37124304.00000000
[Agent_Features] Generated 18 features for the latest tick.
[Agent] Exploration: Random action: SELL
[Portfolio] Logged Trade: SELL 12.49743079 PFE @ 18.98. New Cash: 5412.43, New Coins: 237.45118505
[Agent] Received reward: 0.00000000
[NeuralNetworkInterface] Received reward signal: 0.00000000
[Agent] Making decision using full OHLCV data
[Agent] Price data: O=19.58085823 H=19.69687405 L=19.26503948 C=19.35527286 V=42880725.00000000
[Agent_Features] Generated 18 features for the latest tick.
[Agent] Exploration: Random action: BUY
[Portfolio] Logged Trade: BUY 13.98178573 PFE @ 19.36. New Cash: 5141.80, New Coins: 251.43297079
[Agent] Received reward: 0.00000000
[NeuralNetworkInterface] Received reward signal: 0.00000000
[Agent] Making decision using full OHLCV data
[Agent] Price data: O=19.45839691 H=19.72909960 L=19.40038836 C=19.61308379 V=42985704.00000000
[Agent_Features] Generated 18 features for the latest tick.
[Agent] Exploration: Random action: BUY
[Portfolio] Logged Trade: BUY 13.10809747 PFE @ 19.61. New Cash: 4884.71, New Coins: 264.54106826
[Agent] Received reward: 0.00000000
[NeuralNetworkInterface] Received reward signal: 0.00000000
[Agent] Making decision using full OHLCV data
[Agent] Price data: O=19.38749313 H=19.51640013 L=19.25858743 C=19.41327557 V=33669714.00000000
[Agent_Features] Generated 18 features for the latest tick.
[Agent] Exploration: Random action: SELL
[Portfolio] Logged Trade: SELL 13.22705341 PFE @ 19.41. New Cash: 5141.49, New Coins: 251.31401484
[Agent] Received reward: 0.00000000
[NeuralNetworkInterface] Received reward signal: 0.00000000
[Agent] Making decision using full OHLCV data
[Agent] Price data: O=19.19413567 H=19.47772954 L=19.16835452 C=19.39394115 V=32850545.00000000
[Agent_Features] Generated 18 features for the latest tick.
[Agent] Exploration: Random action: HOLD
[Agent] Received reward: 0.00000000
[NeuralNetworkInterface] Received reward signal: 0.00000000
[Agent] Making decision using full OHLCV data
[Agent] Price data: O=19.36816025 H=19.45839620 L=19.14902116 C=19.21991834 V=36464395.00000000
[Agent_Features] Generated 18 features for the latest tick.
[Agent] Exploration: Random action: SELL
[Portfolio] Logged Trade: SELL 12.56570074 PFE @ 19.22. New Cash: 5383.01, New Coins: 238.74831410
[Agent] Received reward: 0.00000000
[NeuralNetworkInterface] Received reward signal: 0.00000000
[Agent] Making decision using full OHLCV data
[Agent] Price data: O=19.38104820 H=19.47128284 L=19.34237714 C=19.43261048 V=33824546.00000000
[Agent_Features] Generated 18 features for the latest tick.
[Agent] Exploration: Random action: HOLD
[Agent] Received reward: 0.00000000
[NeuralNetworkInterface] Received reward signal: 0.00000000
[Agent] Making decision using full OHLCV data
[Agent] Price data: O=19.10390663 H=19.44550783 L=19.02011693 C=19.37460934 V=59861719.00000000
[Agent_Features] Generated 18 features for the latest tick.
[Agent] Exploration: Random action: HOLD
[Agent] Received reward: 0.00000000
[NeuralNetworkInterface] Received reward signal: 0.00000000
[Agent] Making decision using full OHLCV data
[Agent] Price data: O=19.36171532 H=19.44550371 L=18.95566068 C=18.97499557 V=50975340.00000000
[Agent_Features] Generated 18 features for the latest tick.
[Agent] Exploration: Random action: HOLD
[Agent] Received reward: 0.00000000
[NeuralNetworkInterface] Received reward signal: 0.00000000
[Agent] Making decision using full OHLCV data
[Agent] Price data: O=19.79999924 H=19.81933542 L=19.37460836 C=19.39394454 V=54762573.00000000
[Agent_Features] Generated 18 features for the latest tick.
[Agent] Exploration: Random action: BUY
[Portfolio] Logged Trade: BUY 13.87805928 PFE @ 19.39. New Cash: 5113.86, New Coins: 252.62637338
[Agent] Received reward: 0.00000000
[NeuralNetworkInterface] Received reward signal: 0.00000000
[Agent] Making decision using full OHLCV data
[Agent] Price data: O=20.21249580 H=20.46386358 L=19.70976156 C=20.11581619 V=299829377.00000000
[Agent_Features] Generated 18 features for the latest tick.
[Agent] Exploration: Random action: HOLD
[Agent] Received reward: 0.00000000
[NeuralNetworkInterface] Received reward signal: 0.00000000
[Agent] Making decision using full OHLCV data
[Agent] Price data: O=21.22441292 H=21.26953025 L=20.32207014 C=20.32851510 V=158517384.00000000
[Agent_Features] Generated 18 features for the latest tick.
[Agent] Exploration: Random action: BUY
[Portfolio] Logged Trade: BUY 12.57803608 PFE @ 20.33. New Cash: 4858.16, New Coins: 265.20440947
[Agent] Received reward: 0.00000000
[NeuralNetworkInterface] Received reward signal: 0.00000000
[Agent] Making decision using full OHLCV data
[Agent] Price data: O=21.11483383 H=21.32108292 L=20.94725580 C=20.97948189 V=64692412.00000000
[Agent_Features] Generated 18 features for the latest tick.
[Agent] Exploration: Random action: SELL
[Portfolio] Logged Trade: SELL 13.26022047 PFE @ 20.98. New Cash: 5136.36, New Coins: 251.94418899
[Agent] Received reward: 0.00000000
[NeuralNetworkInterface] Received reward signal: 0.00000000
[Agent] Making decision using full OHLCV data
[Agent] Price data: O=20.94725609 H=21.20506746 L=20.80545919 C=21.15995144 V=55597973.00000000
[Agent_Features] Generated 18 features for the latest tick.
[Agent] Exploration: Random action: SELL
[Portfolio] Logged Trade: SELL 12.59720945 PFE @ 21.16. New Cash: 5402.91, New Coins: 239.34697954
[Agent] Received reward: 0.00000000
[NeuralNetworkInterface] Received reward signal: 0.00000000
[Agent] Making decision using full OHLCV data
[Agent] Price data: O=20.55409813 H=20.99237890 L=20.54120820 C=20.96015279 V=87735803.00000000
[Agent_Features] Generated 18 features for the latest tick.
[Agent] Exploration: Random action: BUY
[Portfolio] Logged Trade: BUY 12.88853207 PFE @ 20.96. New Cash: 5132.77, New Coins: 252.23551161
[Agent] Received reward: 0.00000000
[NeuralNetworkInterface] Received reward signal: 0.00000000
[Agent] Making decision using full OHLCV data
[Agent] Price data: O=20.59921074 H=20.71522651 L=20.49608618 C=20.56053968 V=45178972.00000000
[Agent_Features] Generated 18 features for the latest tick.
[Agent] Exploration: Random action: SELL
[Portfolio] Logged Trade: SELL 12.61177558 PFE @ 20.56. New Cash: 5392.07, New Coins: 239.62373603
[Agent] Received reward: 0.00000000
[NeuralNetworkInterface] Received reward signal: 0.00000000
[Agent] Making decision using full OHLCV data
[Agent] Price data: O=20.97304153 H=21.01815886 L=20.59921303 C=20.59921303 V=38429156.00000000
[Agent_Features] Generated 18 features for the latest tick.
[Agent] Exploration: Random action: HOLD
[Agent] Received reward: 0.00000000
[NeuralNetworkInterface] Received reward signal: 0.00000000
[Agent] Making decision using full OHLCV data
[Agent] Price data: O=21.04393768 H=21.12772606 L=20.83768727 C=20.93436687 V=33682467.00000000
[Agent_Features] Generated 18 features for the latest tick.
[Agent] Exploration: Random action: BUY
[Portfolio] Logged Trade: BUY 12.87851544 PFE @ 20.93. New Cash: 5122.47, New Coins: 252.50225147
[Agent] Received reward: 0.00000000
[NeuralNetworkInterface] Received reward signal: 0.00000000
[Agent] Making decision using full OHLCV data
[Agent] Price data: O=20.94725609 H=21.12772405 L=20.81834911 C=21.04393568 V=37179112.00000000
[Agent_Features] Generated 18 features for the latest tick.
[Agent] Exploration: Random action: BUY
[Portfolio] Logged Trade: BUY 12.17088821 PFE @ 21.04. New Cash: 4866.34, New Coins: 264.67313968
[Agent] Received reward: 0.00000000
[NeuralNetworkInterface] Received reward signal: 0.00000000
[Agent] Making decision using full OHLCV data
[Agent] Price data: O=21.01815796 H=21.17929106 L=20.81190753 C=20.94725950 V=38997262.00000000
[Agent_Features] Generated 18 features for the latest tick.
[Agent] Exploration: Random action: SELL
[Portfolio] Logged Trade: SELL 13.23365698 PFE @ 20.95. New Cash: 5143.55, New Coins: 251.43948270
[Agent] Received reward: 0.00000000
[NeuralNetworkInterface] Received reward signal: 0.00000000
[Agent] Making decision using full OHLCV data
[Agent] Price data: O=21.19863129 H=21.39843551 L=21.10195166 C=21.14062403 V=29954996.00000000
[Agent_Features] Generated 18 features for the latest tick.
[Agent] Exploration: Random action: SELL
[Portfolio] Logged Trade: SELL 12.57197413 PFE @ 21.14. New Cash: 5409.33, New Coins: 238.86750856
[Agent] Received reward: 0.00000000
[NeuralNetworkInterface] Received reward signal: 0.00000000
[Agent] Making decision using full OHLCV data
[Agent] Price data: O=21.41776657 H=21.52733739 L=21.17284508 C=21.17284508 V=36981593.00000000
[Agent_Features] Generated 18 features for the latest tick.
[Agent] Exploration: Random action: SELL
[Portfolio] Logged Trade: SELL 11.94337543 PFE @ 21.17. New Cash: 5662.21, New Coins: 226.92413313
[Agent] Received reward: 0.00000000
[NeuralNetworkInterface] Received reward signal: 0.00000000
[Agent] Making decision using full OHLCV data
[Agent] Price data: O=21.42421532 H=21.57890218 L=21.29530830 C=21.30819952 V=36025298.00000000
[Agent_Features] Generated 18 features for the latest tick.
[Agent] Exploration: Random action: BUY
[Portfolio] Logged Trade: BUY 13.28645304 PFE @ 21.31. New Cash: 5379.10, New Coins: 240.21058618
[Agent] Received reward: 0.00000000
[NeuralNetworkInterface] Received reward signal: 0.00000000
[Agent] Making decision using full OHLCV data
[Agent] Price data: O=21.44355011 H=21.59179201 L=21.31464310 C=21.43065889 V=27548714.00000000
[Agent_Features] Generated 18 features for the latest tick.
[Agent] Exploration: Random action: SELL
[Portfolio] Logged Trade: SELL 12.01052931 PFE @ 21.43. New Cash: 5636.49, New Coins: 228.20005687
[Agent] Received reward: 0.00000000
[NeuralNetworkInterface] Received reward signal: 0.00000000
[Agent] Making decision using full OHLCV data
[Agent] Price data: O=21.40488052 H=21.44355289 L=21.26952853 C=21.35331823 V=25569513.00000000
[Agent_Features] Generated 18 features for the latest tick.
[Agent] Exploration: Random action: SELL
[Portfolio] Logged Trade: SELL 11.41000284 PFE @ 21.35. New Cash: 5880.13, New Coins: 216.79005402
[Agent] Received reward: 0.00000000
[NeuralNetworkInterface] Received reward signal: 0.00000000
[Agent] Making decision using full OHLCV data
[Agent] Price data: O=21.30175209 H=21.48222139 L=21.21796370 C=21.39843170 V=30293330.00000000
[Agent_Features] Generated 18 features for the latest tick.
[Agent] Exploration: Random action: SELL
[Portfolio] Logged Trade: SELL 10.83950270 PFE @ 21.40. New Cash: 6112.08, New Coins: 205.95055132
[Agent] Received reward: 0.00000000
[NeuralNetworkInterface] Received reward signal: 0.00000000
[Agent] Making decision using full OHLCV data
[Agent] Price data: O=21.26952744 H=21.40487942 L=21.20507393 C=21.25663751 V=27503603.00000000
[Agent_Features] Generated 18 features for the latest tick.
[Agent] Exploration: Random action: HOLD
[Agent] Received reward: 0.00000000
[NeuralNetworkInterface] Received reward signal: 0.00000000
[Agent] Making decision using full OHLCV data
[Agent] Price data: O=21.21151543 H=21.38553844 L=21.10838957 C=21.25018649 V=34818995.00000000
[Agent_Features] Generated 18 features for the latest tick.
[Agent] Exploration: Random action: HOLD
[Agent] Received reward: 0.00000000
[NeuralNetworkInterface] Received reward signal: 0.00000000
[Agent] Making decision using full OHLCV data
[Agent] Price data: O=21.08261299 H=21.23729985 L=20.90214369 C=21.18573756 V=36061134.00000000
[Agent_Features] Generated 18 features for the latest tick.
[Agent] Exploration: Random action: SELL
[Portfolio] Logged Trade: SELL 10.29752757 PFE @ 21.19. New Cash: 6330.24, New Coins: 195.65302376
[Agent] Received reward: 0.00000000
[NeuralNetworkInterface] Received reward signal: 0.00000000
[Agent] Making decision using full OHLCV data
[Agent] Price data: O=21.14061928 H=21.26952499 L=20.94726007 C=20.98593243 V=40122407.00000000
[Agent_Features] Generated 18 features for the latest tick.
[Agent] Exploration: Random action: HOLD
[Agent] Received reward: 0.00000000
[NeuralNetworkInterface] Received reward signal: 0.00000000
[Agent] Making decision using full OHLCV data
[Agent] Price data: O=21.72069740 H=21.89472173 L=21.43065858 C=21.68847130 V=75396414.00000000
[Agent_Features] Generated 18 features for the latest tick.
[Agent] Exploration: Random action: HOLD
[Agent] Received reward: 0.00000000
[NeuralNetworkInterface] Received reward signal: 0.00000000
[Agent] Making decision using full OHLCV data
[Agent] Price data: O=21.52733803 H=21.84960425 L=21.48222071 C=21.70136106 V=38021364.00000000
[Agent_Features] Generated 18 features for the latest tick.
[Agent] Exploration: Random action: SELL
[Portfolio] Logged Trade: SELL 9.78265119 PFE @ 21.70. New Cash: 6542.54, New Coins: 185.87037257
[Agent] Received reward: 0.00000000
[NeuralNetworkInterface] Received reward signal: 0.00000000
[Agent] Making decision using full OHLCV data
[Agent] Price data: O=21.63690758 H=21.74003344 L=21.46288326 C=21.50800058 V=25047467.00000000
[Agent_Features] Generated 18 features for the latest tick.
[Agent] Exploration: Random action: HOLD
[Agent] Received reward: 0.00000000
[NeuralNetworkInterface] Received reward signal: 0.00000000
[Agent] Making decision using full OHLCV data
[Agent] Price data: O=21.64335823 H=21.64980319 L=21.39843539 C=21.51445120 V=24422234.00000000
[Agent_Features] Generated 18 features for the latest tick.
[Agent] Exploration: Random action: HOLD
[Agent] Received reward: 0.00000000
[NeuralNetworkInterface] Received reward signal: 0.00000000
[Agent] Making decision using full OHLCV data
[Agent] Price data: O=21.79804230 H=21.88827694 L=21.60468178 C=21.61757300 V=33182766.00000000
[Agent_Features] Generated 18 features for the latest tick.
[Agent] Exploration: Random action: HOLD
[Agent] Received reward: 0.00000000
[NeuralNetworkInterface] Received reward signal: 0.00000000
[Agent] Making decision using full OHLCV data
[Agent] Price data: O=21.78515053 H=21.83026785 L=21.57890138 C=21.80448801 V=26125498.00000000
[Agent_Features] Generated 18 features for the latest tick.
[Agent] Exploration: Random action: HOLD
[Agent] Received reward: 0.00000000
[NeuralNetworkInterface] Received reward signal: 0.00000000
[Agent] Making decision using full OHLCV data
[Agent] Price data: O=21.56405067 H=21.82417089 L=21.55754669 C=21.75914149 V=32037384.00000000
[Agent_Features] Generated 18 features for the latest tick.
[Agent] Exploration: Random action: SELL
[Portfolio] Logged Trade: SELL 9.29351863 PFE @ 21.76. New Cash: 6744.76, New Coins: 176.57685394
[Agent] Received reward: 0.00000000
[NeuralNetworkInterface] Received reward signal: 0.00000000
[Agent] Making decision using full OHLCV data
[Agent] Price data: O=21.58356094 H=21.64208767 L=21.40797816 C=21.60306898 V=26746515.00000000
[Agent_Features] Generated 18 features for the latest tick.
[Agent] Exploration: Random action: HOLD
[Agent] Received reward: 0.00000000
[NeuralNetworkInterface] Received reward signal: 0.00000000
[Agent] Making decision using full OHLCV data
[Agent] Price data: O=21.58356094 H=21.75263844 L=21.55104494 C=21.67460237 V=21622494.00000000
[Agent_Features] Generated 18 features for the latest tick.
[Agent] Exploration: Random action: SELL
[Portfolio] Logged Trade: SELL 8.82884270 PFE @ 21.67. New Cash: 6936.12, New Coins: 167.74801124
[Agent] Received reward: -0.00000000
[NeuralNetworkInterface] Received reward signal: -0.00000000
[Agent] Making decision using full OHLCV data
[Agent] Price data: O=21.70710945 H=21.73962545 L=21.33643728 C=21.41447332 V=23239224.00000000
[Agent_Features] Generated 18 features for the latest tick.
[Agent] Exploration: Random action: HOLD
[Agent] Received reward: 0.00000000
[NeuralNetworkInterface] Received reward signal: 0.00000000
[Agent] Making decision using full OHLCV data
[Agent] Price data: O=21.47950745 H=21.68110222 L=21.40797407 C=21.63558086 V=33175177.00000000
[Agent_Features] Generated 18 features for the latest tick.
[Agent] Exploration: Random action: HOLD
[Agent] Received reward: 0.00000000
[NeuralNetworkInterface] Received reward signal: 0.00000000
[Agent] Making decision using full OHLCV data
[Agent] Price data: O=21.57054901 H=21.70711177 L=21.44048762 C=21.46650095 V=21034889.00000000
[Agent_Features] Generated 18 features for the latest tick.
[Agent] Exploration: Random action: SELL
[Portfolio] Logged Trade: SELL 8.38740056 PFE @ 21.47. New Cash: 7116.17, New Coins: 159.36061068
[Agent] Received reward: 0.00000000
[NeuralNetworkInterface] Received reward signal: 0.00000000
[Agent] Making decision using full OHLCV data
[Agent] Price data: O=21.70710945 H=21.73962545 L=21.43398266 C=21.56404403 V=28095740.00000000
[Agent_Features] Generated 18 features for the latest tick.
[Agent] Exploration: Random action: HOLD
[Agent] Received reward: 0.00000000
[NeuralNetworkInterface] Received reward signal: 0.00000000
[Agent] Making decision using full OHLCV data
[Agent] Price data: O=21.94122887 H=22.04527696 L=21.75263941 C=21.77214875 V=36437939.00000000
[Agent_Features] Generated 18 features for the latest tick.
[Agent] Exploration: Random action: BUY
[Portfolio] Logged Trade: BUY 16.34236294 PFE @ 21.77. New Cash: 6760.36, New Coins: 175.70297362
[Agent] Received reward: 0.00000000
[NeuralNetworkInterface] Received reward signal: 0.00000000
[Agent] Making decision using full OHLCV data
[Agent] Price data: O=21.89569664 H=22.05177002 L=21.88269129 C=21.99974600 V=25126833.00000000
[Agent_Features] Generated 18 features for the latest tick.
[Agent] Exploration: Random action: BUY
[Portfolio] Logged Trade: BUY 15.36462917 PFE @ 22.00. New Cash: 6422.34, New Coins: 191.06760278
[Agent] Received reward: 0.00000000
[NeuralNetworkInterface] Received reward signal: 0.00000000
[Agent] Making decision using full OHLCV data
[Agent] Price data: O=22.17533684 H=22.22736350 L=21.90871391 C=21.90871391 V=29890808.00000000
[Agent_Features] Generated 18 features for the latest tick.
[Agent] Exploration: Random action: BUY
[Portfolio] Logged Trade: BUY 14.65704666 PFE @ 21.91. New Cash: 6101.22, New Coins: 205.72464945
[Agent] Received reward: 0.00000000
[NeuralNetworkInterface] Received reward signal: 0.00000000
[Agent] Making decision using full OHLCV data
[Agent] Price data: O=22.33790779 H=22.37042118 L=22.15582236 C=22.18833836 V=22152761.00000000
[Agent_Features] Generated 18 features for the latest tick.
[Agent] Exploration: Random action: BUY
[Portfolio] Logged Trade: BUY 13.74871723 PFE @ 22.19. New Cash: 5796.16, New Coins: 219.47336667
[Agent] Received reward: -0.00000000
[NeuralNetworkInterface] Received reward signal: -0.00000000
[Agent] Making decision using full OHLCV data
[Agent] Price data: O=22.38992691 H=22.53299363 L=22.27937619 C=22.27937619 V=26656292.00000000
[Agent_Features] Generated 18 features for the latest tick.
[Agent] Exploration: Random action: HOLD
[Agent] Received reward: 0.00000000
[NeuralNetworkInterface] Received reward signal: 0.00000000
[Agent] Making decision using full OHLCV data
[Agent] Price data: O=22.50698853 H=22.59803125 L=22.35741908 C=22.35741908 V=21569056.00000000
[Agent_Features] Generated 18 features for the latest tick.
[Agent] Exploration: Random action: SELL
[Portfolio] Logged Trade: SELL 10.97366833 PFE @ 22.36. New Cash: 6041.51, New Coins: 208.49969834
[Agent] Received reward: 0.00000000
[NeuralNetworkInterface] Received reward signal: 0.00000000
[Agent] Making decision using full OHLCV data
[Agent] Price data: O=22.56551743 H=22.59803344 L=22.35742124 C=22.54600939 V=34547274.00000000
[Agent_Features] Generated 18 features for the latest tick.
[Agent] Exploration: Random action: HOLD
[Agent] Received reward: 0.00000000
[NeuralNetworkInterface] Received reward signal: 0.00000000
[Agent] Making decision using full OHLCV data
[Agent] Price data: O=22.59802818 H=22.72158690 L=22.51348815 C=22.56551218 V=24361207.00000000
[Agent_Features] Generated 18 features for the latest tick.
[Agent] Exploration: Random action: SELL
[Portfolio] Logged Trade: SELL 10.42498492 PFE @ 22.57. New Cash: 6276.75, New Coins: 198.07471342
[Agent] Received reward: 0.00000000
[NeuralNetworkInterface] Received reward signal: 0.00000000
[Agent] Making decision using full OHLCV data
[Agent] Price data: O=22.67606735 H=22.75410210 L=22.44846055 C=22.55901130 V=31807717.00000000
[Agent_Features] Generated 18 features for the latest tick.
[Agent] Exploration: Random action: HOLD
[Agent] Received reward: 0.00000000
[NeuralNetworkInterface] Received reward signal: 0.00000000
[Agent] Making decision using full OHLCV data
[Agent] Price data: O=22.55900955 H=22.68256827 L=22.40293745 C=22.67606559 V=28377580.00000000
[Agent_Features] Generated 18 features for the latest tick.
[Agent] Exploration: Random action: HOLD
[Agent] Received reward: 0.00000000
[NeuralNetworkInterface] Received reward signal: 0.00000000
[Agent] Making decision using full OHLCV data
[Agent] Price data: O=22.71507835 H=22.75409703 L=22.51348492 C=22.56550895 V=21526791.00000000
[Agent_Features] Generated 18 features for the latest tick.
[Agent] Exploration: Random action: BUY
[Portfolio] Logged Trade: BUY 13.90784194 PFE @ 22.57. New Cash: 5962.91, New Coins: 211.98255536
[Agent] Received reward: 0.00000000
[NeuralNetworkInterface] Received reward signal: 0.00000000
[Agent] Making decision using full OHLCV data
[Agent] Price data: O=22.65656090 H=22.75410632 L=22.59803417 C=22.65656090 V=24776905.00000000
[Agent_Features] Generated 18 features for the latest tick.
[Agent] Exploration: Random action: HOLD
[Agent] Received reward: 0.00000000
[NeuralNetworkInterface] Received reward signal: 0.00000000
[Agent] Making decision using full OHLCV data
[Agent] Price data: O=22.92318153 H=22.97520557 L=22.54600530 C=22.61103469 V=23703195.00000000
[Agent_Features] Generated 18 features for the latest tick.
[Agent] Exploration: Random action: SELL
[Portfolio] Logged Trade: SELL 10.59912777 PFE @ 22.61. New Cash: 6202.57, New Coins: 201.38342759
[Agent] Received reward: -0.00000000
[NeuralNetworkInterface] Received reward signal: -0.00000000
[Agent] Making decision using full OHLCV data
[Agent] Price data: O=22.96220016 H=23.08575627 L=22.78011473 C=22.79312008 V=25440187.00000000
[Agent_Features] Generated 18 features for the latest tick.
[Agent] Exploration: Random action: HOLD
[Agent] Received reward: 0.00000000
[NeuralNetworkInterface] Received reward signal: 0.00000000
[Agent] Making decision using full OHLCV data
[Agent] Price data: O=22.94919395 H=23.01422597 L=22.77361379 C=22.83214051 V=21645366.00000000
[Agent_Features] Generated 18 features for the latest tick.
[Agent] Exploration: Random action: BUY
[Portfolio] Logged Trade: BUY 13.58298041 PFE @ 22.83. New Cash: 5892.44, New Coins: 214.96640801
[Agent] Received reward: 0.00000000
[NeuralNetworkInterface] Received reward signal: 0.00000000
[Agent] Making decision using full OHLCV data
[Agent] Price data: O=22.59152603 H=22.85815151 L=22.56551271 C=22.77361147 V=31296000.00000000
[Agent_Features] Generated 18 features for the latest tick.
[Agent] Exploration: Random action: SELL
[Portfolio] Logged Trade: SELL 10.74832040 PFE @ 22.77. New Cash: 6137.22, New Coins: 204.21808761
[Agent] Received reward: -0.00000000
[NeuralNetworkInterface] Received reward signal: -0.00000000
[Agent] Making decision using full OHLCV data
[Agent] Price data: O=22.75409889 H=22.78011222 L=22.48747606 C=22.50048141 V=33410430.00000000
[Agent_Features] Generated 18 features for the latest tick.
[Agent] Exploration: Random action: BUY
[Portfolio] Logged Trade: BUY 13.63797466 PFE @ 22.50. New Cash: 5830.36, New Coins: 217.85606226
[Agent] Received reward: 0.00000000
[NeuralNetworkInterface] Received reward signal: 0.00000000
[Agent] Making decision using full OHLCV data
[Agent] Price data: O=22.62404251 H=22.88416270 L=22.53299979 C=22.76710927 V=21372696.00000000
[Agent_Features] Generated 18 features for the latest tick.
[Agent] Exploration: Random action: SELL
[Portfolio] Logged Trade: SELL 10.89280311 PFE @ 22.77. New Cash: 6078.36, New Coins: 206.96325915
[Agent] Received reward: 0.00000000
[NeuralNetworkInterface] Received reward signal: 0.00000000
[Agent] Making decision using full OHLCV data
[Agent] Price data: O=22.59802818 H=22.62404151 L=22.38342936 C=22.55250683 V=23540563.00000000
[Agent_Features] Generated 18 features for the latest tick.
[Agent] Exploration: Random action: HOLD
[Agent] Received reward: 0.00000000
[NeuralNetworkInterface] Received reward signal: 0.00000000
[Agent] Making decision using full OHLCV data
[Agent] Price data: O=22.25337029 H=22.63704922 L=22.14932220 C=22.61753857 V=35423464.00000000
[Agent_Features] Generated 18 features for the latest tick.
[Agent] Exploration: Random action: HOLD
[Agent] Received reward: 0.00000000
[NeuralNetworkInterface] Received reward signal: 0.00000000
[Agent] Making decision using full OHLCV data
[Agent] Price data: O=22.43544769 H=22.56550644 L=22.22735161 C=22.42243973 V=23814919.00000000
[Agent_Features] Generated 18 features for the latest tick.
[Agent] Exploration: Random action: HOLD
[Agent] Received reward: 0.00000000
[NeuralNetworkInterface] Received reward signal: 0.00000000
[Agent] Making decision using full OHLCV data
[Agent] Price data: O=22.59802818 H=22.68256822 L=22.44195608 C=22.44195608 V=26725962.00000000
[Agent_Features] Generated 18 features for the latest tick.
[Agent] Exploration: Random action: SELL
[Portfolio] Logged Trade: SELL 10.34816296 PFE @ 22.44. New Cash: 6310.59, New Coins: 196.61509619
[Agent] Received reward: 0.00000000
[NeuralNetworkInterface] Received reward signal: 0.00000000
[Agent] Making decision using full OHLCV data
[Agent] Price data: O=22.41594696 H=22.72809384 L=22.37693089 C=22.59152975 V=26515583.00000000
[Agent_Features] Generated 18 features for the latest tick.
[Agent] Exploration: Random action: SELL
[Portfolio] Logged Trade: SELL 9.83075481 PFE @ 22.59. New Cash: 6532.68, New Coins: 186.78434138
[Agent] Received reward: 0.00000000
[NeuralNetworkInterface] Received reward signal: 0.00000000
[Agent] Making decision using full OHLCV data
[Agent] Price data: O=22.49398232 H=22.59152772 L=22.30539419 C=22.56551439 V=25111339.00000000
[Agent_Features] Generated 18 features for the latest tick.
[Agent] Exploration: Random action: HOLD
[Agent] Received reward: 0.00000000
[NeuralNetworkInterface] Received reward signal: 0.00000000
[Agent] Making decision using full OHLCV data
[Agent] Price data: O=22.09079742 H=22.40294170 L=21.94122797 C=21.98024404 V=46376211.00000000
[Agent_Features] Generated 18 features for the latest tick.
[Agent] Exploration: Random action: HOLD
[Agent] Received reward: 0.00000000
[NeuralNetworkInterface] Received reward signal: 0.00000000
[Agent] Making decision using full OHLCV data
[Agent] Price data: O=21.98024940 H=22.09730550 L=21.80466788 C=21.98024940 V=31359662.00000000
[Agent_Features] Generated 18 features for the latest tick.
[Agent] Exploration: Random action: HOLD
[Agent] Received reward: 0.00000000
[NeuralNetworkInterface] Received reward signal: 0.00000000
[Agent] Making decision using full OHLCV data
[Agent] Price data: O=22.39643860 H=22.41594663 L=22.05828100 C=22.20785046 V=25068547.00000000
[Agent_Features] Generated 18 features for the latest tick.
[Agent] Exploration: Random action: BUY
[Portfolio] Logged Trade: BUY 14.70804518 PFE @ 22.21. New Cash: 6206.05, New Coins: 201.49238656
[Agent] Received reward: 0.00000000
[NeuralNetworkInterface] Received reward signal: 0.00000000
[Agent] Making decision using full OHLCV data
[Agent] Price data: O=22.76711273 H=22.85815546 L=22.48097918 C=22.51349257 V=26206761.00000000
[Agent_Features] Generated 18 features for the latest tick.
[Agent] Exploration: Random action: BUY
[Portfolio] Logged Trade: BUY 13.78295098 PFE @ 22.51. New Cash: 5895.74, New Coins: 215.27533753
[Agent] Received reward: 0.00000000
[NeuralNetworkInterface] Received reward signal: 0.00000000
[Agent] Making decision using full OHLCV data
[Agent] Price data: O=22.89716530 H=22.93618398 L=22.72158517 C=22.85164394 V=28451465.00000000
[Agent_Features] Generated 18 features for the latest tick.
[Agent] Exploration: Random action: SELL
[Portfolio] Logged Trade: SELL 10.76376688 PFE @ 22.85. New Cash: 6141.71, New Coins: 204.51157066
[Agent] Received reward: 0.00000000
[NeuralNetworkInterface] Received reward signal: 0.00000000
[Agent] Making decision using full OHLCV data
[Agent] Price data: O=23.13127327 H=23.18329730 L=22.83863713 C=22.85814778 V=20371290.00000000
[Agent_Features] Generated 18 features for the latest tick.
[Agent] Exploration: Random action: BUY
[Portfolio] Logged Trade: BUY 13.43441024 PFE @ 22.86. New Cash: 5834.63, New Coins: 217.94598090
[Agent] Received reward: -0.00000000
[NeuralNetworkInterface] Received reward signal: -0.00000000
[Agent] Making decision using full OHLCV data
[Agent] Price data: O=23.28735161 H=23.35888630 L=23.05324473 C=23.11177145 V=21972843.00000000
[Agent_Features] Generated 18 features for the latest tick.
[Agent] Exploration: Random action: BUY
[Portfolio] Logged Trade: BUY 12.62263468 PFE @ 23.11. New Cash: 5542.90, New Coins: 230.56861558
[Agent] Received reward: 0.00000000
[NeuralNetworkInterface] Received reward signal: 0.00000000
[Agent] Making decision using full OHLCV data
[Agent] Price data: O=23.31986427 H=23.34587760 L=23.00772007 C=23.29385356 V=27226928.00000000
[Agent_Features] Generated 18 features for the latest tick.
[Agent] Exploration: Random action: BUY
[Portfolio] Logged Trade: BUY 11.89776843 PFE @ 23.29. New Cash: 5265.75, New Coins: 242.46638401
[Agent] Received reward: 0.00000000
[NeuralNetworkInterface] Received reward signal: 0.00000000
[Agent] Making decision using full OHLCV data
[Agent] Price data: O=23.26134300 H=23.36539110 L=23.12477890 C=23.27434836 V=19081089.00000000
[Agent_Features] Generated 18 features for the latest tick.
[Agent] Exploration: Random action: SELL
[Portfolio] Logged Trade: SELL 12.12331920 PFE @ 23.27. New Cash: 5547.91, New Coins: 230.34306481
[Agent] Received reward: 0.00000000
[NeuralNetworkInterface] Received reward signal: 0.00000000
[Agent] Making decision using full OHLCV data
[Agent] Price data: O=23.48895073 H=23.53446948 L=23.21582251 C=23.33287597 V=18752873.00000000
[Agent_Features] Generated 18 features for the latest tick.
[Agent] Exploration: Random action: SELL
[Portfolio] Logged Trade: SELL 11.51715324 PFE @ 23.33. New Cash: 5816.64, New Coins: 218.82591157
[Agent] Received reward: 0.00000000
[NeuralNetworkInterface] Received reward signal: 0.00000000
[Agent] Making decision using full OHLCV data
[Agent] Price data: O=23.50845146 H=23.63851285 L=23.43041411 C=23.45642743 V=17406915.00000000
[Agent_Features] Generated 18 features for the latest tick.
[Agent] Exploration: Random action: HOLD
[Agent] Received reward: 0.00000000
[NeuralNetworkInterface] Received reward signal: 0.00000000
[Agent] Making decision using full OHLCV data
[Agent] Price data: O=23.56697655 H=23.60599522 L=23.43041249 C=23.50844984 V=17066368.00000000
[Agent_Features] Generated 18 features for the latest tick.
[Agent] Exploration: Random action: HOLD
[Agent] Received reward: 0.00000000
[NeuralNetworkInterface] Received reward signal: 0.00000000
[Agent] Making decision using full OHLCV data
[Agent] Price data: O=23.61250496 H=23.69054233 L=23.54747556 C=23.59299692 V=14611497.00000000
[Agent_Features] Generated 18 features for the latest tick.
[Agent] Exploration: Random action: BUY
[Portfolio] Logged Trade: BUY 12.32705475 PFE @ 23.59. New Cash: 5525.81, New Coins: 231.15296632
[Agent] Received reward: 0.00000000
[NeuralNetworkInterface] Received reward signal: 0.00000000
[Agent] Making decision using full OHLCV data
[Agent] Price data: O=24.00918198 H=24.03519530 L=23.57347910 C=23.72955380 V=29155116.00000000
[Agent_Features] Generated 18 features for the latest tick.
[Agent] Exploration: Random action: SELL
[Portfolio] Logged Trade: SELL 11.55764832 PFE @ 23.73. New Cash: 5800.07, New Coins: 219.59531800
[Agent] Received reward: 0.00000000
[NeuralNetworkInterface] Received reward signal: 0.00000000
[Agent] Making decision using full OHLCV data
[Agent] Price data: O=23.91164017 H=24.18476832 L=23.82060006 C=24.04170157 V=26445387.00000000
[Agent_Features] Generated 18 features for the latest tick.
[Agent] Exploration: Random action: BUY
[Portfolio] Logged Trade: BUY 12.06251761 PFE @ 24.04. New Cash: 5510.07, New Coins: 231.65783561
[Agent] Received reward: -0.00000000
[NeuralNetworkInterface] Received reward signal: -0.00000000
[Agent] Making decision using full OHLCV data
[Agent] Price data: O=23.82709885 H=24.05470299 L=23.76856953 C=23.85961223 V=17827567.00000000
[Agent_Features] Generated 18 features for the latest tick.
[Agent] Exploration: Random action: BUY
[Portfolio] Logged Trade: BUY 11.54684633 PFE @ 23.86. New Cash: 5234.56, New Coins: 243.20468195
[Agent] Received reward: 0.00000000
[NeuralNetworkInterface] Received reward signal: 0.00000000
[Agent] Making decision using full OHLCV data
[Agent] Price data: O=23.82709885 H=23.97666825 L=23.76856953 C=23.84660688 V=17614975.00000000
[Agent_Features] Generated 18 features for the latest tick.
[Agent] Exploration: Random action: HOLD
[Agent] Received reward: 0.00000000
[NeuralNetworkInterface] Received reward signal: 0.00000000
[Agent] Making decision using full OHLCV data
[Agent] Price data: O=23.85310745 H=24.01568481 L=23.85310745 C=23.99617417 V=12937112.00000000
[Agent_Features] Generated 18 features for the latest tick.
[Agent] Exploration: Random action: HOLD
[Agent] Received reward: 0.00000000
[NeuralNetworkInterface] Received reward signal: 0.00000000
[Agent] Making decision using full OHLCV data
[Agent] Price data: O=23.87262917 H=23.94416125 L=23.74907042 C=23.84661583 V=13772091.00000000
[Agent_Features] Generated 18 features for the latest tick.
[Agent] Exploration: Random action: BUY
[Portfolio] Logged Trade: BUY 10.97548239 PFE @ 23.85. New Cash: 4972.83, New Coins: 254.18016434
[Agent] Received reward: 0.00000000
[NeuralNetworkInterface] Received reward signal: 0.00000000
[Agent] Making decision using full OHLCV data
[Agent] Price data: O=23.89213943 H=23.95716885 L=23.85312074 C=23.93115813 V=14209501.00000000
[Agent_Features] Generated 18 features for the latest tick.
[Agent] Exploration: Random action: SELL
[Portfolio] Logged Trade: SELL 12.70900822 PFE @ 23.93. New Cash: 5276.98, New Coins: 241.47115612
[Agent] Received reward: 0.00000000
[NeuralNetworkInterface] Received reward signal: 0.00000000
[Agent] Making decision using full OHLCV data
[Agent] Price data: O=23.91814995 H=23.95716602 L=23.74256716 C=23.93115531 V=12833293.00000000
[Agent_Features] Generated 18 features for the latest tick.
[Agent] Exploration: Random action: BUY
[Portfolio] Logged Trade: BUY 11.02532525 PFE @ 23.93. New Cash: 5013.13, New Coins: 252.49648137
[Agent] Received reward: 0.00000000
[NeuralNetworkInterface] Received reward signal: 0.00000000
[Agent] Making decision using full OHLCV data
[Agent] Price data: O=23.95066452 H=23.97667785 L=23.83361106 C=23.95066452 V=12773953.00000000
[Agent_Features] Generated 18 features for the latest tick.
[Agent] Exploration: Random action: SELL
[Portfolio] Logged Trade: SELL 12.62482407 PFE @ 23.95. New Cash: 5315.50, New Coins: 239.87165730
[Agent] Received reward: 0.00000000
[NeuralNetworkInterface] Received reward signal: 0.00000000
[Agent] Making decision using full OHLCV data
[Agent] Price data: O=23.96366310 H=24.00918446 L=23.83360432 C=23.89863371 V=15877456.00000000
[Agent_Features] Generated 18 features for the latest tick.
[Agent] Exploration: Random action: SELL
[Portfolio] Logged Trade: SELL 11.99358287 PFE @ 23.90. New Cash: 5602.13, New Coins: 227.87807444
[Agent] Received reward: -0.00000000
[NeuralNetworkInterface] Received reward signal: -0.00000000
[Agent] Making decision using full OHLCV data
[Agent] Price data: O=23.84661865 H=24.00269081 L=23.73606787 C=23.98318277 V=17134878.00000000
[Agent_Features] Generated 18 features for the latest tick.
[Agent] Exploration: Random action: HOLD
[Agent] Received reward: 0.00000000
[NeuralNetworkInterface] Received reward signal: 0.00000000
[Agent] Making decision using full OHLCV data
[Agent] Price data: O=23.98967743 H=24.02869611 L=23.83360532 C=23.85311335 V=22675545.00000000
[Agent_Features] Generated 18 features for the latest tick.
[Agent] Exploration: Random action: BUY
[Portfolio] Logged Trade: BUY 11.74297404 PFE @ 23.85. New Cash: 5322.02, New Coins: 239.62104848
[Agent] Received reward: -0.00000000
[NeuralNetworkInterface] Received reward signal: -0.00000000
[Agent] Making decision using full OHLCV data
[Agent] Price data: O=24.26280975 H=24.31483380 L=24.04820828 C=24.07422161 V=29911044.00000000
[Agent_Features] Generated 18 features for the latest tick.
[Agent] Exploration: Random action: BUY
[Portfolio] Logged Trade: BUY 11.05336532 PFE @ 24.07. New Cash: 5055.92, New Coins: 250.67441380
[Agent] Received reward: 0.00000000
[NeuralNetworkInterface] Received reward signal: 0.00000000
[Agent] Making decision using full OHLCV data
[Agent] Price data: O=23.66453171 H=23.94416261 L=23.49545420 C=23.90514392 V=34914488.00000000
[Agent_Features] Generated 18 features for the latest tick.
[Agent] Exploration: Random action: SELL
[Portfolio] Logged Trade: SELL 12.53372069 PFE @ 23.91. New Cash: 5355.54, New Coins: 238.14069311
[Agent] Received reward: 0.00000000
[NeuralNetworkInterface] Received reward signal: 0.00000000
[Agent] Making decision using full OHLCV data
[Agent] Price data: O=23.13996315 H=23.57273126 L=22.98915038 C=23.54650433 V=44941190.00000000
[Agent_Features] Generated 18 features for the latest tick.
[Agent] Exploration: Random action: HOLD
[Agent] Received reward: 0.00000000
[NeuralNetworkInterface] Received reward signal: 0.00000000
[Agent] Making decision using full OHLCV data
[Agent] Price data: O=23.04815865 H=23.29077087 L=23.04815865 C=23.27765477 V=26482593.00000000
[Agent_Features] Generated 18 features for the latest tick.
[Agent] Exploration: Random action: SELL
[Portfolio] Logged Trade: SELL 11.90703466 PFE @ 23.28. New Cash: 5632.71, New Coins: 226.23365845
[Agent] Received reward: 0.00000000
[NeuralNetworkInterface] Received reward signal: 0.00000000
[Agent] Making decision using full OHLCV data
[Agent] Price data: O=23.23831367 H=23.29732953 L=23.09406031 C=23.18585719 V=28665006.00000000
[Agent_Features] Generated 18 features for the latest tick.
[Agent] Exploration: Random action: HOLD
[Agent] Received reward: 0.00000000
[NeuralNetworkInterface] Received reward signal: 0.00000000
[Agent] Making decision using full OHLCV data
[Agent] Price data: O=22.90390396 H=23.13340276 L=22.75965058 C=23.13340276 V=32189687.00000000
[Agent_Features] Generated 18 features for the latest tick.
[Agent] Exploration: Random action: SELL
[Portfolio] Logged Trade: SELL 11.31168292 PFE @ 23.13. New Cash: 5894.39, New Coins: 214.92197553
[Agent] Received reward: -0.00000000
[NeuralNetworkInterface] Received reward signal: -0.00000000
[Agent] Making decision using full OHLCV data
[Agent] Price data: O=23.00226212 H=23.14652078 L=22.88423566 C=22.94324889 V=18054388.00000000
[Agent_Features] Generated 18 features for the latest tick.
[Agent] Exploration: Random action: BUY
[Portfolio] Logged Trade: BUY 12.84558291 PFE @ 22.94. New Cash: 5599.67, New Coins: 227.76755844
[Agent] Received reward: 0.00000000
[NeuralNetworkInterface] Received reward signal: 0.00000000
[Agent] Making decision using full OHLCV data
[Agent] Price data: O=23.03504753 H=23.06783383 L=22.89079151 C=23.06127710 V=14887328.00000000
[Agent_Features] Generated 18 features for the latest tick.
[Agent] Exploration: Random action: BUY
[Portfolio] Logged Trade: BUY 12.14084694 PFE @ 23.06. New Cash: 5319.69, New Coins: 239.90840538
[Agent] Received reward: 0.00000000
[NeuralNetworkInterface] Received reward signal: 0.00000000
[Agent] Making decision using full OHLCV data
[Agent] Price data: O=23.04815865 H=23.13339878 L=23.01537235 C=23.03504255 V=14106841.00000000
[Agent_Features] Generated 18 features for the latest tick.
[Agent] Exploration: Random action: SELL
[Portfolio] Logged Trade: SELL 11.99542027 PFE @ 23.04. New Cash: 5596.00, New Coins: 227.91298511
[Agent] Received reward: 0.00000000
[NeuralNetworkInterface] Received reward signal: 0.00000000
[Agent] Making decision using full OHLCV data
[Agent] Price data: O=22.93668747 H=23.02193025 L=22.78587474 C=23.00225742 V=15840777.00000000
[Agent_Features] Generated 18 features for the latest tick.
[Agent] Exploration: Random action: BUY
[Portfolio] Logged Trade: BUY 12.16402414 PFE @ 23.00. New Cash: 5316.20, New Coins: 240.07700925
[Agent] Received reward: 0.00000000
[NeuralNetworkInterface] Received reward signal: 0.00000000
[Agent] Making decision using full OHLCV data
[Agent] Price data: O=23.02193069 H=23.06127372 L=22.90390162 C=22.98258767 V=13021116.00000000
[Agent_Features] Generated 18 features for the latest tick.
[Agent] Exploration: Random action: HOLD
[Agent] Received reward: 0.00000000
[NeuralNetworkInterface] Received reward signal: 0.00000000
[Agent] Making decision using full OHLCV data
[Agent] Price data: O=22.81210518 H=23.00225830 L=22.79898908 C=22.91046142 V=15944174.00000000
[Agent_Features] Generated 18 features for the latest tick.
[Agent] Exploration: Random action: SELL
[Portfolio] Logged Trade: SELL 12.00385046 PFE @ 22.91. New Cash: 5591.21, New Coins: 228.07315879
[Agent] Received reward: 0.00000000
[NeuralNetworkInterface] Received reward signal: 0.00000000
[Agent] Making decision using full OHLCV data
[Agent] Price data: O=23.04160309 H=23.04816246 L=22.78587736 C=22.78587736 V=17961109.00000000
[Agent_Features] Generated 18 features for the latest tick.
[Agent] Exploration: Random action: HOLD
[Agent] Received reward: 0.00000000
[NeuralNetworkInterface] Received reward signal: 0.00000000
[Agent] Making decision using full OHLCV data
[Agent] Price data: O=23.07438660 H=23.18585630 L=22.94324406 C=23.04160030 V=17002390.00000000
[Agent_Features] Generated 18 features for the latest tick.
[Agent] Exploration: Random action: HOLD
[Agent] Received reward: 0.00000000
[NeuralNetworkInterface] Received reward signal: 0.00000000
[Agent] Making decision using full OHLCV data
[Agent] Price data: O=22.93668747 H=23.02848698 L=22.83833123 C=22.98914396 V=20624777.00000000
[Agent_Features] Generated 18 features for the latest tick.
[Agent] Exploration: Random action: HOLD
[Agent] Received reward: 0.00000000
[NeuralNetworkInterface] Received reward signal: 0.00000000
[Agent] Making decision using full OHLCV data
[Agent] Price data: O=22.84488869 H=23.13340069 L=22.79243220 C=22.81866176 V=27448690.00000000
[Agent_Features] Generated 18 features for the latest tick.
[Agent] Exploration: Random action: HOLD
[Agent] Received reward: 0.00000000
[NeuralNetworkInterface] Received reward signal: 0.00000000
[Agent] Making decision using full OHLCV data
[Agent] Price data: O=23.00881767 H=23.12684411 L=22.89078860 C=22.94980445 V=17873627.00000000
[Agent_Features] Generated 18 features for the latest tick.
[Agent] Exploration: Random action: BUY
[Portfolio] Logged Trade: BUY 12.18139797 PFE @ 22.95. New Cash: 5311.65, New Coins: 240.25455676
[Agent] Received reward: 0.00000000
[NeuralNetworkInterface] Received reward signal: 0.00000000
[Agent] Making decision using full OHLCV data
[Agent] Price data: O=22.83177948 H=23.19897760 L=22.79243645 C=23.10062134 V=23755157.00000000
[Agent_Features] Generated 18 features for the latest tick.
[Agent] Exploration: Random action: HOLD
[Agent] Received reward: 0.00000000
[NeuralNetworkInterface] Received reward signal: 0.00000000
[Agent] Making decision using full OHLCV data
[Agent] Price data: O=22.79899025 H=23.07438880 L=22.72686356 C=22.79243352 V=19083092.00000000
[Agent_Features] Generated 18 features for the latest tick.
[Agent] Exploration: Random action: BUY
[Portfolio] Logged Trade: BUY 11.65222951 PFE @ 22.79. New Cash: 5046.07, New Coins: 251.90678627
[Agent] Received reward: 0.00000000
[NeuralNetworkInterface] Received reward signal: 0.00000000
[Agent] Making decision using full OHLCV data
[Agent] Price data: O=22.83177948 H=23.01537854 L=22.72686649 C=22.81866601 V=19785688.00000000
[Agent_Features] Generated 18 features for the latest tick.
[Agent] Exploration: Random action: SELL
[Portfolio] Logged Trade: SELL 12.59533931 PFE @ 22.82. New Cash: 5333.48, New Coins: 239.31144695
[Agent] Received reward: 0.00000000
[NeuralNetworkInterface] Received reward signal: 0.00000000
[Agent] Making decision using full OHLCV data
[Agent] Price data: O=23.02193069 H=23.06127372 L=22.83177494 C=22.91046099 V=15941645.00000000
[Agent_Features] Generated 18 features for the latest tick.
[Agent] Exploration: Random action: BUY
[Portfolio] Logged Trade: BUY 11.63983454 PFE @ 22.91. New Cash: 5066.81, New Coins: 250.95128149
[Agent] Received reward: 0.00000000
[NeuralNetworkInterface] Received reward signal: 0.00000000
[Agent] Making decision using full OHLCV data
[Agent] Price data: O=22.87111855 H=23.06783104 L=22.85144571 C=23.02193128 V=15274779.00000000
[Agent_Features] Generated 18 features for the latest tick.
[Agent] Exploration: Random action: HOLD
[Agent] Received reward: 0.00000000
[NeuralNetworkInterface] Received reward signal: 0.00000000
[Agent] Making decision using full OHLCV data
[Agent] Price data: O=22.81866455 H=22.91046407 L=22.69407873 C=22.85800758 V=21919616.00000000
[Agent_Features] Generated 18 features for the latest tick.
[Agent] Exploration: Random action: SELL
[Portfolio] Logged Trade: SELL 12.54756407 PFE @ 22.86. New Cash: 5353.62, New Coins: 238.40371742
[Agent] Received reward: 0.00000000
[NeuralNetworkInterface] Received reward signal: 0.00000000
[Agent] Making decision using full OHLCV data
[Agent] Price data: O=22.73997498 H=22.91046053 L=22.69407522 C=22.77276127 V=16780945.00000000
[Agent_Features] Generated 18 features for the latest tick.
[Agent] Exploration: Random action: SELL
[Portfolio] Logged Trade: SELL 11.92018587 PFE @ 22.77. New Cash: 5625.07, New Coins: 226.48353154
[Agent] Received reward: 0.00000000
[NeuralNetworkInterface] Received reward signal: 0.00000000
[Agent] Making decision using full OHLCV data
[Agent] Price data: O=22.79899025 H=22.84489001 L=22.69407727 C=22.80554698 V=15215333.00000000
[Agent_Features] Generated 18 features for the latest tick.
[Agent] Exploration: Random action: SELL
[Portfolio] Logged Trade: SELL 11.32417658 PFE @ 22.81. New Cash: 5883.33, New Coins: 215.15935497
[Agent] Received reward: -0.00000000
[NeuralNetworkInterface] Received reward signal: -0.00000000
[Agent] Making decision using full OHLCV data
[Agent] Price data: O=22.79899025 H=22.94324626 L=22.78587679 C=22.87111957 V=17882059.00000000
[Agent_Features] Generated 18 features for the latest tick.
[Agent] Exploration: Random action: BUY
[Portfolio] Logged Trade: BUY 12.86191393 PFE @ 22.87. New Cash: 5589.16, New Coins: 228.02126890
[Agent] Received reward: 0.00000000
[NeuralNetworkInterface] Received reward signal: 0.00000000
[Agent] Making decision using full OHLCV data
[Agent] Price data: O=22.84488869 H=22.87767498 L=22.73997571 C=22.76620527 V=15615537.00000000
[Agent_Features] Generated 18 features for the latest tick.
[Agent] Exploration: Random action: BUY
[Portfolio] Logged Trade: BUY 12.27512664 PFE @ 22.77. New Cash: 5309.70, New Coins: 240.29639554
[Agent] Received reward: 0.00000000
[NeuralNetworkInterface] Received reward signal: 0.00000000
[Agent] Making decision using full OHLCV data
[Agent] Price data: O=22.76620293 H=22.82521614 L=22.70063035 C=22.75964620 V=19216212.00000000
[Agent_Features] Generated 18 features for the latest tick.
[Agent] Exploration: Random action: BUY
[Portfolio] Logged Trade: BUY 11.66473099 PFE @ 22.76. New Cash: 5044.22, New Coins: 251.96112653
[Agent] Received reward: 0.00000000
[NeuralNetworkInterface] Received reward signal: 0.00000000
[Agent] Making decision using full OHLCV data
[Agent] Price data: O=22.35966682 H=22.68096516 L=22.35311009 C=22.65473559 V=23595055.00000000
[Agent_Features] Generated 18 features for the latest tick.
[Agent] Exploration: Random action: SELL
[Portfolio] Logged Trade: SELL 12.59805633 PFE @ 22.65. New Cash: 5329.62, New Coins: 239.36307021
[Agent] Received reward: 0.00000000
[NeuralNetworkInterface] Received reward signal: 0.00000000
[Agent] Making decision using full OHLCV data
[Agent] Price data: O=22.72030830 H=22.77276480 L=22.25475395 C=22.29409698 V=20472685.00000000
[Agent_Features] Generated 18 features for the latest tick.
[Agent] Exploration: Random action: BUY
[Portfolio] Logged Trade: BUY 11.95299252 PFE @ 22.29. New Cash: 5063.14, New Coins: 251.31606273
[Agent] Received reward: -0.00000000
[NeuralNetworkInterface] Received reward signal: -0.00000000
[Agent] Making decision using full OHLCV data
[Agent] Price data: O=22.32032776 H=22.58261024 L=22.19574193 C=22.58261024 V=21878510.00000000
[Agent_Features] Generated 18 features for the latest tick.
[Agent] Exploration: Random action: SELL
[Portfolio] Logged Trade: SELL 12.56580314 PFE @ 22.58. New Cash: 5346.91, New Coins: 238.75025959
[Agent] Received reward: 0.00000000
[NeuralNetworkInterface] Received reward signal: 0.00000000
[Agent] Making decision using full OHLCV data
[Agent] Price data: O=22.25475693 H=22.52359880 L=22.20230043 C=22.37278603 V=19924921.00000000
[Agent_Features] Generated 18 features for the latest tick.
[Agent] Exploration: Random action: SELL
[Portfolio] Logged Trade: SELL 11.93751298 PFE @ 22.37. New Cash: 5613.99, New Coins: 226.81274661
[Agent] Received reward: 0.00000000
[NeuralNetworkInterface] Received reward signal: 0.00000000
[Agent] Making decision using full OHLCV data
[Agent] Price data: O=22.38589668 H=22.51047987 L=21.99902839 C=22.22197047 V=21890104.00000000
[Agent_Features] Generated 18 features for the latest tick.
[Agent] Exploration: Random action: BUY
[Portfolio] Logged Trade: BUY 12.63161244 PFE @ 22.22. New Cash: 5333.29, New Coins: 239.44435906
[Agent] Received reward: 0.00000000
[NeuralNetworkInterface] Received reward signal: 0.00000000
[Agent] Making decision using full OHLCV data
[Agent] Price data: O=22.25475693 H=22.43835600 L=22.18263023 C=22.41868580 V=26998737.00000000
[Agent_Features] Generated 18 features for the latest tick.
[Agent] Exploration: Random action: HOLD
[Agent] Received reward: 0.00000000
[NeuralNetworkInterface] Received reward signal: 0.00000000
[Agent] Making decision using full OHLCV data
[Agent] Price data: O=22.06459618 H=22.31376646 L=22.02525315 C=22.28753690 V=18489584.00000000
[Agent_Features] Generated 18 features for the latest tick.
[Agent] Exploration: Random action: SELL
[Portfolio] Logged Trade: SELL 11.97221795 PFE @ 22.29. New Cash: 5600.12, New Coins: 227.47214110
[Agent] Received reward: 0.00000000
[NeuralNetworkInterface] Received reward signal: 0.00000000
[Agent] Making decision using full OHLCV data
[Agent] Price data: O=22.16950989 H=22.25475003 L=22.03180931 C=22.18918008 V=14875313.00000000
[Agent_Features] Generated 18 features for the latest tick.
[Agent] Exploration: Random action: BUY
[Portfolio] Logged Trade: BUY 12.61902937 PFE @ 22.19. New Cash: 5320.11, New Coins: 240.09117048
[Agent] Received reward: 0.00000000
[NeuralNetworkInterface] Received reward signal: 0.00000000
[Agent] Making decision using full OHLCV data
[Agent] Price data: O=22.47769356 H=22.51047722 L=22.12361160 C=22.22852458 V=16397500.00000000
[Agent_Features] Generated 18 features for the latest tick.
[Agent] Exploration: Random action: HOLD
[Agent] Received reward: 0.00000000
[NeuralNetworkInterface] Received reward signal: 0.00000000
[Agent] Making decision using full OHLCV data
[Agent] Price data: O=22.39245033 H=22.57604936 L=22.33999385 C=22.51047677 V=17641220.00000000
[Agent_Features] Generated 18 features for the latest tick.
[Agent] Exploration: Random action: SELL
[Portfolio] Logged Trade: SELL 12.00455852 PFE @ 22.51. New Cash: 5590.34, New Coins: 228.08661195
[Agent] Received reward: 0.00000000
[NeuralNetworkInterface] Received reward signal: 0.00000000
[Agent] Making decision using full OHLCV data
[Agent] Price data: O=22.46458244 H=22.53670913 L=22.30065359 C=22.39900985 V=13635703.00000000
[Agent_Features] Generated 18 features for the latest tick.
[Agent] Exploration: Random action: HOLD
[Agent] Received reward: 0.00000000
[NeuralNetworkInterface] Received reward signal: 0.00000000
[Agent] Making decision using full OHLCV data
[Agent] Price data: O=22.05804634 H=22.30065734 L=21.91379030 C=22.24164410 V=31119982.00000000
[Agent_Features] Generated 18 features for the latest tick.
[Agent] Exploration: Random action: BUY
[Portfolio] Logged Trade: BUY 12.56728302 PFE @ 22.24. New Cash: 5310.82, New Coins: 240.65389497
[Agent] Received reward: 0.00000000
[NeuralNetworkInterface] Received reward signal: 0.00000000
[Agent] Making decision using full OHLCV data
[Agent] Price data: O=22.18262672 H=22.21541302 L=21.95312792 C=22.14984043 V=16453572.00000000
[Agent_Features] Generated 18 features for the latest tick.
[Agent] Exploration: Random action: HOLD
[Agent] Received reward: 0.00000000
[NeuralNetworkInterface] Received reward signal: 0.00000000
[Agent] Making decision using full OHLCV data
[Agent] Price data: O=22.28753662 H=22.29409335 L=22.09082414 C=22.19573711 V=15080421.00000000
[Agent_Features] Generated 18 features for the latest tick.
[Agent] Exploration: Random action: HOLD
[Agent] Received reward: 0.00000000
[NeuralNetworkInterface] Received reward signal: 0.00000000
[Agent] Making decision using full OHLCV data
[Agent] Price data: O=21.84822083 H=22.34000223 L=21.83510604 C=22.25475941 V=26396376.00000000
[Agent_Features] Generated 18 features for the latest tick.
[Agent] Exploration: Random action: BUY
[Portfolio] Logged Trade: BUY 11.93188295 PFE @ 22.25. New Cash: 5045.28, New Coins: 252.58577793
[Agent] Received reward: -0.00000000
[NeuralNetworkInterface] Received reward signal: -0.00000000
[Agent] Making decision using full OHLCV data
[Agent] Price data: O=22.20885658 H=22.30721285 L=21.90067432 C=21.92690257 V=30138076.00000000
[Agent_Features] Generated 18 features for the latest tick.
[Agent] Exploration: Random action: HOLD
[Agent] Received reward: 0.00000000
[NeuralNetworkInterface] Received reward signal: 0.00000000
[Agent] Making decision using full OHLCV data
[Agent] Price data: O=22.08426666 H=22.11705427 L=21.88755418 C=22.11705427 V=18862384.00000000
[Agent_Features] Generated 18 features for the latest tick.
[Agent] Exploration: Random action: HOLD
[Agent] Received reward: 0.00000000
[NeuralNetworkInterface] Received reward signal: 0.00000000
[Agent] Making decision using full OHLCV data
[Agent] Price data: O=22.11050034 H=22.23508484 L=21.97280104 C=22.03837232 V=22029759.00000000
[Agent_Features] Generated 18 features for the latest tick.
[Agent] Exploration: Random action: BUY
[Portfolio] Logged Trade: BUY 11.44658605 PFE @ 22.04. New Cash: 4793.02, New Coins: 264.03236398
[Agent] Received reward: 0.00000000
[NeuralNetworkInterface] Received reward signal: 0.00000000
[Agent] Making decision using full OHLCV data
[Agent] Price data: O=22.22853279 H=22.28098930 L=22.08427542 C=22.11706304 V=14698346.00000000
[Agent_Features] Generated 18 features for the latest tick.
[Agent] Exploration: Random action: BUY
[Portfolio] Logged Trade: BUY 10.83556702 PFE @ 22.12. New Cash: 4553.37, New Coins: 274.86793100
[Agent] Received reward: 0.00000000
[NeuralNetworkInterface] Received reward signal: 0.00000000
[Agent] Making decision using full OHLCV data
[Agent] Price data: O=22.06459618 H=22.16295110 L=21.94656842 C=22.14983764 V=16809824.00000000
[Agent_Features] Generated 18 features for the latest tick.
[Agent] Exploration: Random action: HOLD
[Agent] Received reward: 0.00000000
[NeuralNetworkInterface] Received reward signal: 0.00000000
[Agent] Making decision using full OHLCV data
[Agent] Price data: O=22.00558281 H=22.29409482 L=21.91378461 C=22.09738232 V=15619964.00000000
[Agent_Features] Generated 18 features for the latest tick.
[Agent] Exploration: Random action: SELL
[Portfolio] Logged Trade: SELL 13.74339655 PFE @ 22.10. New Cash: 4857.06, New Coins: 261.12453445
[Agent] Received reward: 0.00000000
[NeuralNetworkInterface] Received reward signal: 0.00000000
[Agent] Making decision using full OHLCV data
[Agent] Price data: O=22.03836823 H=22.18918095 L=22.01213998 C=22.06459647 V=17268420.00000000
[Agent_Features] Generated 18 features for the latest tick.
[Agent] Exploration: Random action: HOLD
[Agent] Received reward: 0.00000000
[NeuralNetworkInterface] Received reward signal: 0.00000000
[Agent] Making decision using full OHLCV data
[Agent] Price data: O=21.72362900 H=22.01214101 L=21.59904451 C=22.00558296 V=18268033.00000000
[Agent_Features] Generated 18 features for the latest tick.
[Agent] Exploration: Random action: SELL
[Portfolio] Logged Trade: SELL 13.05622672 PFE @ 22.01. New Cash: 5144.37, New Coins: 248.06830773
[Agent] Received reward: 0.00000000
[NeuralNetworkInterface] Received reward signal: 0.00000000
[Agent] Making decision using full OHLCV data
[Agent] Price data: O=21.68428802 H=21.79575906 L=21.59904655 C=21.73018779 V=15956295.00000000
[Agent_Features] Generated 18 features for the latest tick.
[Agent] Exploration: Random action: SELL
[Portfolio] Logged Trade: SELL 12.40341539 PFE @ 21.73. New Cash: 5413.90, New Coins: 235.66489234
[Agent] Received reward: 0.00000000
[NeuralNetworkInterface] Received reward signal: 0.00000000
[Agent] Making decision using full OHLCV data
[Agent] Price data: O=21.48101997 H=21.57281818 L=21.32364916 C=21.35643415 V=25488144.00000000
[Agent_Features] Generated 18 features for the latest tick.
[Agent] Exploration: Random action: BUY
[Portfolio] Logged Trade: BUY 12.67510048 PFE @ 21.36. New Cash: 5143.20, New Coins: 248.33999282
[Agent] Received reward: 0.00000000
[NeuralNetworkInterface] Received reward signal: 0.00000000
[Agent] Making decision using full OHLCV data
[Agent] Price data: O=21.41544724 H=21.57281672 L=21.41544724 C=21.46134700 V=16410042.00000000
[Agent_Features] Generated 18 features for the latest tick.
[Agent] Exploration: Random action: SELL
[Portfolio] Logged Trade: SELL 12.41699964 PFE @ 21.46. New Cash: 5409.69, New Coins: 235.92299318
[Agent] Received reward: 0.00000000
[NeuralNetworkInterface] Received reward signal: 0.00000000
[Agent] Making decision using full OHLCV data
[Agent] Price data: O=21.31053162 H=21.44823088 L=21.29741684 C=21.36298810 V=17837369.00000000
[Agent_Features] Generated 18 features for the latest tick.
[Agent] Exploration: Random action: HOLD
[Agent] Received reward: 0.00000000
[NeuralNetworkInterface] Received reward signal: 0.00000000
[Agent] Making decision using full OHLCV data
[Agent] Price data: O=21.43511581 H=21.55314357 L=21.38265933 C=21.46790079 V=15624074.00000000
[Agent_Features] Generated 18 features for the latest tick.
[Agent] Exploration: Random action: SELL
[Portfolio] Logged Trade: SELL 11.79614966 PFE @ 21.47. New Cash: 5662.93, New Coins: 224.12684352
[Agent] Received reward: 0.00000000
[NeuralNetworkInterface] Received reward signal: 0.00000000
[Agent] Making decision using full OHLCV data
[Agent] Price data: O=21.37610626 H=21.54003381 L=21.30397825 C=21.47446253 V=17247445.00000000
[Agent_Features] Generated 18 features for the latest tick.
[Agent] Exploration: Random action: HOLD
[Agent] Received reward: 0.00000000
[NeuralNetworkInterface] Received reward signal: 0.00000000
[Agent] Making decision using full OHLCV data
[Agent] Price data: O=21.33675957 H=21.46790078 L=21.30397327 C=21.30397327 V=20334190.00000000
[Agent_Features] Generated 18 features for the latest tick.
[Agent] Exploration: Random action: BUY
[Portfolio] Logged Trade: BUY 13.29077929 PFE @ 21.30. New Cash: 5379.78, New Coins: 237.41762281
[Agent] Received reward: 0.00000000
[NeuralNetworkInterface] Received reward signal: 0.00000000
[Agent] Making decision using full OHLCV data
[Agent] Price data: O=21.10070801 H=21.27774901 L=21.10070801 C=21.25807750 V=19852090.00000000
[Agent_Features] Generated 18 features for the latest tick.
[Agent] Exploration: Random action: SELL
[Portfolio] Logged Trade: SELL 11.87088114 PFE @ 21.26. New Cash: 5632.13, New Coins: 225.54674167
[Agent] Received reward: 0.00000000
[NeuralNetworkInterface] Received reward signal: 0.00000000
[Agent] Making decision using full OHLCV data
[Agent] Price data: O=21.06792450 H=21.21873727 L=21.01546800 C=21.17939423 V=20644066.00000000
[Agent_Features] Generated 18 features for the latest tick.
[Agent] Exploration: Random action: HOLD
[Agent] Received reward: 0.00000000
[NeuralNetworkInterface] Received reward signal: 0.00000000
[Agent] Making decision using full OHLCV data
[Agent] Price data: O=21.16628075 H=21.22529398 L=20.97612495 C=20.99579646 V=20380249.00000000
[Agent_Features] Generated 18 features for the latest tick.
[Agent] Exploration: Random action: HOLD
[Agent] Received reward: 0.00000000
[NeuralNetworkInterface] Received reward signal: 0.00000000
[Agent] Making decision using full OHLCV data
[Agent] Price data: O=21.24495697 H=21.37609817 L=21.08102949 C=21.16627225 V=18026246.00000000
[Agent_Features] Generated 18 features for the latest tick.
[Agent] Exploration: Random action: HOLD
[Agent] Received reward: 0.00000000
[NeuralNetworkInterface] Received reward signal: 0.00000000
[Agent] Making decision using full OHLCV data
[Agent] Price data: O=21.29742050 H=21.51380454 L=21.22529249 C=21.36299178 V=19238662.00000000
[Agent_Features] Generated 18 features for the latest tick.
[Agent] Exploration: Random action: BUY
[Portfolio] Logged Trade: BUY 13.18198756 PFE @ 21.36. New Cash: 5350.53, New Coins: 238.72872923
[Agent] Received reward: 0.00000000
[NeuralNetworkInterface] Received reward signal: 0.00000000
[Agent] Making decision using full OHLCV data
[Agent] Price data: O=20.93677902 H=21.34987552 L=20.90399273 C=21.32364596 V=30048170.00000000
[Agent_Features] Generated 18 features for the latest tick.
[Agent] Exploration: Random action: SELL
[Portfolio] Logged Trade: SELL 11.93643646 PFE @ 21.32. New Cash: 5605.06, New Coins: 226.79229277
[Agent] Received reward: 0.00000000
[NeuralNetworkInterface] Received reward signal: 0.00000000
[Agent] Making decision using full OHLCV data
[Agent] Price data: O=20.79252434 H=21.00890837 L=20.72695438 C=21.00890837 V=37890668.00000000
[Agent_Features] Generated 18 features for the latest tick.
[Agent] Exploration: Random action: BUY
[Portfolio] Logged Trade: BUY 13.33971140 PFE @ 21.01. New Cash: 5324.80, New Coins: 240.13200417
[Agent] Received reward: 0.00000000
[NeuralNetworkInterface] Received reward signal: 0.00000000
[Agent] Making decision using full OHLCV data
[Agent] Price data: O=20.37287140 H=20.79908274 L=20.16304541 C=20.28762992 V=57285005.00000000
[Agent_Features] Generated 18 features for the latest tick.
[Agent] Exploration: Random action: BUY
[Portfolio] Logged Trade: BUY 13.12327447 PFE @ 20.29. New Cash: 5058.56, New Coins: 253.25527864
[Agent] Received reward: 0.00000000
[NeuralNetworkInterface] Received reward signal: 0.00000000
[Agent] Making decision using full OHLCV data
[Agent] Price data: O=20.08435440 H=20.35319487 L=19.90731344 C=20.32040990 V=38033063.00000000
[Agent_Features] Generated 18 features for the latest tick.
[Agent] Exploration: Random action: HOLD
[Agent] Received reward: 0.00000000
[NeuralNetworkInterface] Received reward signal: 0.00000000
[Agent] Making decision using full OHLCV data
[Agent] Price data: O=19.59913826 H=20.13026134 L=19.55979522 C=20.13026134 V=38290977.00000000
[Agent_Features] Generated 18 features for the latest tick.
[Agent] Exploration: Random action: BUY
[Portfolio] Logged Trade: BUY 12.56457255 PFE @ 20.13. New Cash: 4805.63, New Coins: 265.81985119
[Agent] Received reward: 0.00000000
[NeuralNetworkInterface] Received reward signal: 0.00000000
[Agent] Making decision using full OHLCV data
[Agent] Price data: O=19.67126465 H=19.91387696 L=19.60569336 C=19.61225141 V=36919723.00000000
[Agent_Features] Generated 18 features for the latest tick.
[Agent] Exploration: Random action: HOLD
[Agent] Received reward: 0.00000000
[NeuralNetworkInterface] Received reward signal: 0.00000000
[Simulation] Simulation run finished. Ticks processed in this run: 204

Simulation Finished in 0.02 seconds.
--------------------
  Final Portfolio  
--------------------
Cash:      $4805.63
Asset:     265.8199 PFE
Total Value: $10018.96
--------------------
[Simulation] Simulation destroyed.
[AutonomousTradingAgent] Agent destroyed
[NeuralNetworkInterface] Destructor called.
[Portfolio] Destroyed for asset: PFE. Final cash: 4805.63, Final assets: 265.82
