Loading data from training_run_20250621_125703/data/BAC_1d_20160229_to_20170420.csv...
Loaded 240 data points.
[Portfolio] Initialized for asset: BAC with initial cash: 10000.00. Initial Portfolio Value: 10000.00
[NeuralNetworkInterface] Constructor called.
[NeuralNetworkInterface] Initializing...
Warning: NN model path is empty. Initializing in a mock state.
[NeuralNetworkInterface] Initialized successfully.
[AutonomousTradingAgent] Agent initialized for BAC without API client (CSV mode).
[Simulation] Initialized with 240 data points.
[Simulation] API client is NULL (offline/CSV mode).

Starting Simulation for BAC...
[Simulation] Starting simulation run...
[Agent] Making decision using full OHLCV data
[Agent] Price data: O=11.40 H=11.56 L=11.34 C=11.47 V=55399600.00
[Agent_Features] Generated 15 features for the latest tick.
[Agent] Exploration: Random action: BUY
[Portfolio] Logged Trade: BUY 43.57502130 BAC @ 11.47. New Cash: 9500.00, New Coins: 43.57502130
[Agent] Received reward: 0.00000000
[NeuralNetworkInterface] Received reward signal: 0.00000000
[Agent] Making decision using full OHLCV data
[Agent] Price data: O=11.65375328 H=11.67820150 L=11.45001634 C=11.47446455 V=59870500.00000000
[Agent_Features] Generated 17 features for the latest tick.
[Agent] Exploration: Random action: SELL
[Portfolio] Logged Trade: SELL 2.17875107 BAC @ 11.47. New Cash: 9525.00, New Coins: 41.39627024
[Agent] Received reward: 0.00000000
[NeuralNetworkInterface] Received reward signal: 0.00000000
[Agent] Making decision using full OHLCV data
[Agent] Price data: O=11.57225513 H=11.81673956 L=11.56410547 C=11.61300267 V=68088900.00000000
[Agent_Features] Generated 17 features for the latest tick.
[Agent] Exploration: Random action: HOLD
[Agent] Received reward: 0.00000000
[NeuralNetworkInterface] Received reward signal: 0.00000000
[Agent] Making decision using full OHLCV data
[Agent] Price data: O=11.52335930 H=11.79229194 L=11.45001389 C=11.65375079 V=72567100.00000000
[Agent_Features] Generated 17 features for the latest tick.
[Agent] Exploration: Random action: HOLD
[Agent] Received reward: 0.00000000
[NeuralNetworkInterface] Received reward signal: 0.00000000
[Agent] Making decision using full OHLCV data
[Agent] Price data: O=11.31147385 H=11.71079802 L=11.30332418 C=11.53150932 V=86193900.00000000
[Agent_Features] Generated 18 features for the latest tick.
[Agent] Exploration: Random action: HOLD
[Agent] Received reward: 0.00000000
[NeuralNetworkInterface] Received reward signal: 0.00000000
[Agent] Making decision using full OHLCV data
[Agent] Price data: O=11.35222244 H=11.42556786 L=11.24627914 C=11.26257769 V=57848600.00000000
[Agent_Features] Generated 18 features for the latest tick.
[Agent] Exploration: Random action: BUY
[Portfolio] Logged Trade: BUY 42.28605681 BAC @ 11.26. New Cash: 9048.75, New Coins: 83.68232704
[Agent] Received reward: 0.00000000
[NeuralNetworkInterface] Received reward signal: 0.00000000
[Agent] Making decision using full OHLCV data
[Agent] Price data: O=11.41741562 H=11.51520923 L=11.26257515 C=11.31962200 V=76273800.00000000
[Agent_Features] Generated 18 features for the latest tick.
[Agent] Exploration: Random action: BUY
[Portfolio] Logged Trade: BUY 39.96931169 BAC @ 11.32. New Cash: 8596.31, New Coins: 123.65163873
[Agent] Received reward: 0.00000000
[NeuralNetworkInterface] Received reward signal: 0.00000000
[Agent] Making decision using full OHLCV data
[Agent] Price data: O=11.97158051 H=12.02047771 L=11.41741664 C=11.42556630 V=150748500.00000000
[Agent_Features] Generated 18 features for the latest tick.
[Agent] Exploration: Random action: BUY
[Portfolio] Logged Trade: BUY 37.61875900 BAC @ 11.43. New Cash: 8166.50, New Coins: 161.27039773
[Agent] Received reward: 0.00000000
[NeuralNetworkInterface] Received reward signal: 0.00000000
[Agent] Making decision using full OHLCV data
[Agent] Price data: O=11.84119034 H=12.11827269 L=11.75969603 C=11.89823721 V=106156900.00000000
[Agent_Features] Generated 18 features for the latest tick.
[Agent] Exploration: Random action: SELL
[Portfolio] Logged Trade: SELL 8.06351989 BAC @ 11.90. New Cash: 8262.44, New Coins: 153.20687784
[Agent] Received reward: 0.00000000
[NeuralNetworkInterface] Received reward signal: 0.00000000
[Agent] Making decision using full OHLCV data
[Agent] Price data: O=11.83303928 H=11.97972932 L=11.75969388 C=11.93083290 V=81214000.00000000
[Agent_Features] Generated 18 features for the latest tick.
[Agent] Exploration: Random action: SELL
[Portfolio] Logged Trade: SELL 7.66034389 BAC @ 11.93. New Cash: 8353.83, New Coins: 145.54653395
[Agent] Received reward: 0.00000000
[NeuralNetworkInterface] Received reward signal: 0.00000000
[Agent] Making decision using full OHLCV data
[Agent] Price data: O=11.79229164 H=11.89823492 L=11.73524478 C=11.84933772 V=66303200.00000000
[Agent_Features] Generated 18 features for the latest tick.
[Agent] Exploration: Random action: HOLD
[Agent] Received reward: 0.00000000
[NeuralNetworkInterface] Received reward signal: 0.00000000
[Agent] Making decision using full OHLCV data
[Agent] Price data: O=11.96343136 H=12.02047744 L=11.84118875 C=11.89823561 V=96183700.00000000
[Agent_Features] Generated 18 features for the latest tick.
[Agent] Exploration: Random action: HOLD
[Agent] Received reward: 0.00000000
[NeuralNetworkInterface] Received reward signal: 0.00000000
[Agent] Making decision using full OHLCV data
[Agent] Price data: O=12.15902042 H=12.34645803 L=12.08567500 C=12.08567500 V=123498700.00000000
[Agent_Features] Generated 18 features for the latest tick.
[Agent] Exploration: Random action: SELL
[Portfolio] Logged Trade: SELL 7.27732670 BAC @ 12.09. New Cash: 8441.78, New Coins: 138.26920725
[Agent] Received reward: 0.00000000
[NeuralNetworkInterface] Received reward signal: 0.00000000
[Agent] Making decision using full OHLCV data
[Agent] Price data: O=11.97973061 H=12.21606540 L=11.97158094 C=12.20791574 V=65356600.00000000
[Agent_Features] Generated 18 features for the latest tick.
[Agent] Exploration: Random action: HOLD
[Agent] Received reward: 0.00000000
[NeuralNetworkInterface] Received reward signal: 0.00000000
[Agent] Making decision using full OHLCV data
[Agent] Price data: O=12.12642384 H=12.12642384 L=11.97158331 C=12.02863019 V=62411300.00000000
[Agent_Features] Generated 18 features for the latest tick.
[Agent] Exploration: Random action: HOLD
[Agent] Received reward: 0.00000000
[NeuralNetworkInterface] Received reward signal: 0.00000000
[Agent] Making decision using full OHLCV data
[Agent] Price data: O=12.05307579 H=12.26496237 L=12.00417859 C=12.24866304 V=85635900.00000000
[Agent_Features] Generated 18 features for the latest tick.
[Agent] Exploration: Random action: HOLD
[Agent] Received reward: 0.00000000
[NeuralNetworkInterface] Received reward signal: 0.00000000
[Agent] Making decision using full OHLCV data
[Agent] Price data: O=12.15120125 H=12.18390970 L=11.81593942 C=11.93859670 V=62612100.00000000
[Agent_Features] Generated 18 features for the latest tick.
[Agent] Exploration: Random action: SELL
[Portfolio] Logged Trade: SELL 6.91346036 BAC @ 11.94. New Cash: 8524.32, New Coins: 131.35574689
[Agent] Received reward: 0.00000000
[NeuralNetworkInterface] Received reward signal: 0.00000000
[Agent] Making decision using full OHLCV data
[Agent] Price data: O=12.21662045 H=12.24932890 L=12.07761008 C=12.22479775 V=64327300.00000000
[Agent_Features] Generated 18 features for the latest tick.
[Agent] Exploration: Random action: SELL
[Portfolio] Logged Trade: SELL 6.56778734 BAC @ 12.22. New Cash: 8604.61, New Coins: 124.78795955
[Agent] Received reward: 0.00000000
[NeuralNetworkInterface] Received reward signal: 0.00000000
[Agent] Making decision using full OHLCV data
[Agent] Price data: O=11.79140663 H=11.85682353 L=11.60333247 C=11.82411508 V=148600900.00000000
[Agent_Features] Generated 18 features for the latest tick.
[Agent] Exploration: Random action: BUY
[Portfolio] Logged Trade: BUY 36.38585664 BAC @ 11.82. New Cash: 8174.38, New Coins: 161.17381619
[Agent] Received reward: 0.00000000
[NeuralNetworkInterface] Received reward signal: 0.00000000
[Agent] Making decision using full OHLCV data
[Agent] Price data: O=11.87317944 H=12.02036708 L=11.75052216 C=11.80776175 V=80949300.00000000
[Agent_Features] Generated 18 features for the latest tick.
[Agent] Exploration: Random action: SELL
[Portfolio] Logged Trade: SELL 8.05869081 BAC @ 11.81. New Cash: 8269.54, New Coins: 153.11512538
[Agent] Received reward: 0.00000000
[NeuralNetworkInterface] Received reward signal: 0.00000000
[Agent] Making decision using full OHLCV data
[Agent] Price data: O=11.73416805 H=11.93859606 L=11.72599075 C=11.88953300 V=67447100.00000000
[Agent_Features] Generated 18 features for the latest tick.
[Agent] Exploration: Random action: SELL
[Portfolio] Logged Trade: SELL 7.65575627 BAC @ 11.89. New Cash: 8360.56, New Coins: 145.45936911
[Agent] Received reward: 0.00000000
[NeuralNetworkInterface] Received reward signal: 0.00000000
[Agent] Making decision using full OHLCV data
[Agent] Price data: O=11.79958916 H=11.82412031 L=11.69328646 C=11.73417223 V=58292900.00000000
[Agent_Features] Generated 18 features for the latest tick.
[Agent] Exploration: Random action: HOLD
[Agent] Received reward: 0.00000000
[NeuralNetworkInterface] Received reward signal: 0.00000000
[Agent] Making decision using full OHLCV data
[Agent] Price data: O=11.60333347 H=11.70963613 L=11.51338543 C=11.70963613 V=74814900.00000000
[Agent_Features] Generated 18 features for the latest tick.
[Agent] Exploration: Random action: SELL
[Portfolio] Logged Trade: SELL 7.27296846 BAC @ 11.71. New Cash: 8445.72, New Coins: 138.18640066
[Agent] Received reward: 0.00000000
[NeuralNetworkInterface] Received reward signal: 0.00000000
[Agent] Making decision using full OHLCV data
[Agent] Price data: O=11.30895615 H=11.44796724 L=11.24353925 C=11.43161263 V=90725700.00000000
[Agent_Features] Generated 18 features for the latest tick.
[Agent] Exploration: Random action: HOLD
[Agent] Received reward: 0.00000000
[NeuralNetworkInterface] Received reward signal: 0.00000000
[Agent] Making decision using full OHLCV data
[Agent] Price data: O=11.12088776 H=11.37437814 L=11.10453314 C=11.15359622 V=71925000.00000000
[Agent_Features] Generated 18 features for the latest tick.
[Agent] Exploration: Random action: SELL
[Portfolio] Logged Trade: SELL 6.90932003 BAC @ 11.15. New Cash: 8522.79, New Coins: 131.27708062
[Agent] Received reward: 0.00000000
[NeuralNetworkInterface] Received reward signal: 0.00000000
[Agent] Making decision using full OHLCV data
[Agent] Price data: O=10.84286213 H=11.22718624 L=10.76926792 C=11.08817590 V=85377800.00000000
[Agent_Features] Generated 18 features for the latest tick.
[Agent] Exploration: Random action: SELL
[Portfolio] Logged Trade: SELL 6.56385403 BAC @ 11.09. New Cash: 8595.57, New Coins: 124.71322659
[Agent] Received reward: 0.00000000
[NeuralNetworkInterface] Received reward signal: 0.00000000
[Agent] Making decision using full OHLCV data
[Agent] Price data: O=10.90827656 H=11.16994411 L=10.85921350 C=10.94098500 V=100659100.00000000
[Agent_Features] Generated 18 features for the latest tick.
[Agent] Exploration: Random action: SELL
[Portfolio] Logged Trade: SELL 6.23566133 BAC @ 10.94. New Cash: 8663.79, New Coins: 118.47756526
[Agent] Received reward: 0.00000000
[NeuralNetworkInterface] Received reward signal: 0.00000000
[Agent] Making decision using full OHLCV data
[Agent] Price data: O=10.88374805 H=10.90010189 L=10.64661158 C=10.81833037 V=90152000.00000000
[Agent_Features] Generated 18 features for the latest tick.
[Agent] Exploration: Random action: BUY
[Portfolio] Logged Trade: BUY 40.04218657 BAC @ 10.82. New Cash: 8230.60, New Coins: 158.51975183
[Agent] Received reward: 0.00000000
[NeuralNetworkInterface] Received reward signal: 0.00000000
[Agent] Making decision using full OHLCV data
[Agent] Price data: O=10.95734119 H=11.06364385 L=10.85921584 C=10.94098736 V=89022300.00000000
[Agent_Features] Generated 18 features for the latest tick.
[Agent] Exploration: Random action: SELL
[Portfolio] Logged Trade: SELL 7.92598759 BAC @ 10.94. New Cash: 8317.32, New Coins: 150.59376424
[Agent] Received reward: 0.00000000
[NeuralNetworkInterface] Received reward signal: 0.00000000
[Agent] Making decision using full OHLCV data
[Agent] Price data: O=11.07182121 H=11.32531229 L=11.04729007 C=11.23536347 V=89874000.00000000
[Agent_Features] Generated 18 features for the latest tick.
[Agent] Exploration: Random action: BUY
[Portfolio] Logged Trade: BUY 37.01402546 BAC @ 11.24. New Cash: 7901.45, New Coins: 187.60778969
[Agent] Received reward: 0.00000000
[NeuralNetworkInterface] Received reward signal: 0.00000000
[Agent] Making decision using full OHLCV data
[Agent] Price data: O=11.13723850 H=11.16176965 L=10.99822739 C=11.13723850 V=73810800.00000000
[Agent_Features] Generated 18 features for the latest tick.
[Agent] Exploration: Random action: BUY
[Portfolio] Logged Trade: BUY 35.47313168 BAC @ 11.14. New Cash: 7506.38, New Coins: 223.08092137
[Agent] Received reward: 0.00000000
[NeuralNetworkInterface] Received reward signal: 0.00000000
[Agent] Making decision using full OHLCV data
[Agent] Price data: O=11.12906075 H=11.26807186 L=11.11270691 C=11.12088422 V=77980500.00000000
[Agent_Features] Generated 18 features for the latest tick.
[Agent] Exploration: Random action: SELL
[Portfolio] Logged Trade: SELL 11.15404607 BAC @ 11.12. New Cash: 7630.42, New Coins: 211.92687530
[Agent] Received reward: 0.00000000
[NeuralNetworkInterface] Received reward signal: 0.00000000
[Agent] Making decision using full OHLCV data
[Agent] Price data: O=11.48067856 H=11.48885587 L=11.30078167 C=11.31713628 V=82494600.00000000
[Agent_Features] Generated 18 features for the latest tick.
[Agent] Exploration: Random action: SELL
[Portfolio] Logged Trade: SELL 10.59634377 BAC @ 11.32. New Cash: 7750.34, New Coins: 201.33053154
[Agent] Received reward: 0.00000000
[NeuralNetworkInterface] Received reward signal: 0.00000000
[Agent] Making decision using full OHLCV data
[Agent] Price data: O=10.63025570 H=10.99004863 L=10.60572456 C=10.67114145 V=231499200.00000000
[Agent_Features] Generated 18 features for the latest tick.
[Agent] Exploration: Random action: HOLD
[Agent] Received reward: 0.00000000
[NeuralNetworkInterface] Received reward signal: 0.00000000
[Agent] Making decision using full OHLCV data
[Agent] Price data: O=9.95973206 H=10.44218224 L=9.85342941 C=10.44218224 V=250847700.00000000
[Agent_Features] Generated 18 features for the latest tick.
[Agent] Exploration: Random action: SELL
[Portfolio] Logged Trade: SELL 10.06652658 BAC @ 10.44. New Cash: 7855.46, New Coins: 191.26400496
[Agent] Received reward: 0.00000000
[NeuralNetworkInterface] Received reward signal: 0.00000000
[Agent] Making decision using full OHLCV data
[Agent] Price data: O=10.38494301 H=10.40129762 L=10.09874426 C=10.27864035 V=150136300.00000000
[Agent_Features] Generated 18 features for the latest tick.
[Agent] Exploration: Random action: SELL
[Portfolio] Logged Trade: SELL 9.56320025 BAC @ 10.28. New Cash: 7953.76, New Coins: 181.70080471
[Agent] Received reward: 0.00000000
[NeuralNetworkInterface] Received reward signal: 0.00000000
[Agent] Making decision using full OHLCV data
[Agent] Price data: O=10.78562069 H=10.81015261 L=10.56483886 C=10.68749535 V=118484000.00000000
[Agent_Features] Generated 18 features for the latest tick.
[Agent] Exploration: Random action: BUY
[Portfolio] Logged Trade: BUY 37.21058067 BAC @ 10.69. New Cash: 7556.07, New Coins: 218.91138538
[Agent] Received reward: 0.00000000
[NeuralNetworkInterface] Received reward signal: 0.00000000
[Agent] Making decision using full OHLCV data
[Agent] Price data: O=10.85103893 H=10.94098697 L=10.68749590 C=10.93280967 V=125773900.00000000
[Agent_Features] Generated 18 features for the latest tick.
[Agent] Exploration: Random action: HOLD
[Agent] Received reward: 0.00000000
[NeuralNetworkInterface] Received reward signal: 0.00000000
[Agent] Making decision using full OHLCV data
[Agent] Price data: O=10.71202850 H=10.85103962 L=10.64661160 C=10.78562194 V=88888100.00000000
[Agent_Features] Generated 18 features for the latest tick.
[Agent] Exploration: Random action: SELL
[Portfolio] Logged Trade: SELL 10.94556927 BAC @ 10.79. New Cash: 7674.13, New Coins: 207.96581611
[Agent] Received reward: 0.00000000
[NeuralNetworkInterface] Received reward signal: 0.00000000
[Agent] Making decision using full OHLCV data
[Agent] Price data: O=10.41765213 H=10.58119440 L=10.32770408 C=10.57301787 V=98246500.00000000
[Agent_Features] Generated 18 features for the latest tick.
[Agent] Exploration: Random action: BUY
[Portfolio] Logged Trade: BUY 36.29108128 BAC @ 10.57. New Cash: 7290.42, New Coins: 244.25689739
[Agent] Received reward: 0.00000000
[NeuralNetworkInterface] Received reward signal: 0.00000000
[Agent] Making decision using full OHLCV data
[Agent] Price data: O=10.51577568 H=10.56483874 L=10.18051390 C=10.23775427 V=94983300.00000000
[Agent_Features] Generated 18 features for the latest tick.
[Agent] Exploration: Random action: HOLD
[Agent] Received reward: 0.00000000
[NeuralNetworkInterface] Received reward signal: 0.00000000
[Agent] Making decision using full OHLCV data
[Agent] Price data: O=10.63843822 H=10.72020899 L=10.49942706 C=10.52395821 V=101100300.00000000
[Agent_Features] Generated 18 features for the latest tick.
[Agent] Exploration: Random action: HOLD
[Agent] Received reward: 0.00000000
[NeuralNetworkInterface] Received reward signal: 0.00000000
[Agent] Making decision using full OHLCV data
[Agent] Price data: O=10.76926899 H=10.89192550 L=10.72020592 C=10.85921704 V=92698900.00000000
[Agent_Features] Generated 18 features for the latest tick.
[Agent] Exploration: Random action: HOLD
[Agent] Received reward: 0.00000000
[NeuralNetworkInterface] Received reward signal: 0.00000000
[Agent] Making decision using full OHLCV data
[Agent] Price data: O=10.80197525 H=10.95734018 L=10.79379794 C=10.86739215 V=67267300.00000000
[Agent_Features] Generated 18 features for the latest tick.
[Agent] Exploration: Random action: SELL
[Portfolio] Logged Trade: SELL 12.21284487 BAC @ 10.87. New Cash: 7423.14, New Coins: 232.04405252
[Agent] Received reward: -0.00000000
[NeuralNetworkInterface] Received reward signal: -0.00000000
[Agent] Making decision using full OHLCV data
[Agent] Price data: O=11.07182121 H=11.12088428 L=10.95734124 C=10.96551855 V=89070600.00000000
[Agent_Features] Generated 18 features for the latest tick.
[Agent] Exploration: Random action: BUY
[Portfolio] Logged Trade: BUY 33.84764937 BAC @ 10.97. New Cash: 7051.98, New Coins: 265.89170189
[Agent] Received reward: 0.00000000
[NeuralNetworkInterface] Received reward signal: 0.00000000
[Agent] Making decision using full OHLCV data
[Agent] Price data: O=10.99004841 H=11.10452836 L=10.89192307 C=11.03911147 V=74595600.00000000
[Agent_Features] Generated 18 features for the latest tick.
[Agent] Exploration: Random action: SELL
[Portfolio] Logged Trade: SELL 13.29458509 BAC @ 11.04. New Cash: 7198.74, New Coins: 252.59711680
[Agent] Received reward: 0.00000000
[NeuralNetworkInterface] Received reward signal: 0.00000000
[Agent] Making decision using full OHLCV data
[Agent] Price data: O=11.16176987 H=11.26807253 L=11.15359334 C=11.22718677 V=97852100.00000000
[Agent_Features] Generated 18 features for the latest tick.
[Agent] Exploration: Random action: HOLD
[Agent] Received reward: 0.00000000
[NeuralNetworkInterface] Received reward signal: 0.00000000
[Agent] Making decision using full OHLCV data
[Agent] Price data: O=11.16994476 H=11.27624741 L=11.05546559 C=11.26807010 V=78652500.00000000
[Agent_Features] Generated 18 features for the latest tick.
[Agent] Exploration: Random action: HOLD
[Agent] Received reward: 0.00000000
[NeuralNetworkInterface] Received reward signal: 0.00000000
[Agent] Making decision using full OHLCV data
[Agent] Price data: O=11.53791714 H=11.63604249 L=11.30078067 C=11.31713528 V=187187100.00000000
[Agent_Features] Generated 18 features for the latest tick.
[Agent] Exploration: Random action: HOLD
[Agent] Received reward: 0.00000000
[NeuralNetworkInterface] Received reward signal: 0.00000000
[Agent] Making decision using full OHLCV data
[Agent] Price data: O=11.66057491 H=11.75052296 L=11.47250072 C=11.49703265 V=96940100.00000000
[Agent_Features] Generated 18 features for the latest tick.
[Agent] Exploration: Random action: BUY
[Portfolio] Logged Trade: BUY 31.30696477 BAC @ 11.50. New Cash: 6838.81, New Coins: 283.90408157
[Agent] Received reward: 0.00000000
[NeuralNetworkInterface] Received reward signal: 0.00000000
[Agent] Making decision using full OHLCV data
[Agent] Price data: O=11.77505207 H=11.79958399 L=11.66057289 C=11.73416710 V=79277900.00000000
[Agent_Features] Generated 18 features for the latest tick.
[Agent] Exploration: Random action: SELL
[Portfolio] Logged Trade: SELL 14.19520408 BAC @ 11.73. New Cash: 7005.38, New Coins: 269.70887749
[Agent] Received reward: 0.00000000
[NeuralNetworkInterface] Received reward signal: 0.00000000
[Agent] Making decision using full OHLCV data
[Agent] Price data: O=11.66875172 H=11.83229398 L=11.66057441 C=11.79958552 V=65376300.00000000
[Agent_Features] Generated 18 features for the latest tick.
[Agent] Exploration: Random action: BUY
[Portfolio] Logged Trade: BUY 29.68483769 BAC @ 11.80. New Cash: 6655.11, New Coins: 299.39371518
[Agent] Received reward: 0.00000000
[NeuralNetworkInterface] Received reward signal: 0.00000000
[Agent] Making decision using full OHLCV data
[Agent] Price data: O=11.75870132 H=11.77505516 L=11.59515904 C=11.66057596 V=46604800.00000000
[Agent_Features] Generated 18 features for the latest tick.
[Agent] Exploration: Random action: SELL
[Portfolio] Logged Trade: SELL 14.96968576 BAC @ 11.66. New Cash: 6829.66, New Coins: 284.42402942
[Agent] Received reward: 0.00000000
[NeuralNetworkInterface] Received reward signal: 0.00000000
[Agent] Making decision using full OHLCV data
[Agent] Price data: O=11.75052357 H=11.76687818 L=11.67692935 C=11.70146127 V=46420800.00000000
[Agent_Features] Generated 18 features for the latest tick.
[Agent] Exploration: Random action: SELL
[Portfolio] Logged Trade: SELL 14.22120147 BAC @ 11.70. New Cash: 6996.07, New Coins: 270.20282795
[Agent] Received reward: 0.00000000
[NeuralNetworkInterface] Received reward signal: 0.00000000
[Agent] Making decision using full OHLCV data
[Agent] Price data: O=11.88135719 H=11.89771181 L=11.70146108 C=11.70963761 V=60205600.00000000
[Agent_Features] Generated 18 features for the latest tick.
[Agent] Exploration: Random action: SELL
[Portfolio] Logged Trade: SELL 13.51014140 BAC @ 11.71. New Cash: 7154.27, New Coins: 256.69268655
[Agent] Received reward: 0.00000000
[NeuralNetworkInterface] Received reward signal: 0.00000000
[Agent] Making decision using full OHLCV data
[Agent] Price data: O=11.96312809 H=12.02036769 L=11.81593966 C=11.91406502 V=100986000.00000000
[Agent_Features] Generated 18 features for the latest tick.
[Agent] Exploration: Random action: BUY
[Portfolio] Logged Trade: BUY 30.02446975 BAC @ 11.91. New Cash: 6796.56, New Coins: 286.71715630
[Agent] Received reward: 0.00000000
[NeuralNetworkInterface] Received reward signal: 0.00000000
[Agent] Making decision using full OHLCV data
[Agent] Price data: O=12.00401306 H=12.01218959 L=11.82411619 C=11.91406424 V=72049500.00000000
[Agent_Features] Generated 18 features for the latest tick.
[Agent] Exploration: Random action: SELL
[Portfolio] Logged Trade: SELL 14.33585781 BAC @ 11.91. New Cash: 6967.35, New Coins: 272.38129848
[Agent] Received reward: 0.00000000
[NeuralNetworkInterface] Received reward signal: 0.00000000
[Agent] Making decision using full OHLCV data
[Agent] Price data: O=11.84864807 H=12.02036764 L=11.84047076 C=11.90588845 V=63276500.00000000
[Agent_Features] Generated 18 features for the latest tick.
[Agent] Exploration: Random action: BUY
[Portfolio] Logged Trade: BUY 29.26012020 BAC @ 11.91. New Cash: 6618.99, New Coins: 301.64141869
[Agent] Received reward: 0.00000000
[NeuralNetworkInterface] Received reward signal: 0.00000000
[Agent] Making decision using full OHLCV data
[Agent] Price data: O=11.71781349 H=11.93859612 L=11.66057390 C=11.87317922 V=61460900.00000000
[Agent_Features] Generated 18 features for the latest tick.
[Agent] Exploration: Random action: BUY
[Portfolio] Logged Trade: BUY 27.87369202 BAC @ 11.87. New Cash: 6288.04, New Coins: 329.51511071
[Agent] Received reward: 0.00000000
[NeuralNetworkInterface] Received reward signal: 0.00000000
[Agent] Making decision using full OHLCV data
[Agent] Price data: O=11.55427265 H=11.81594029 L=11.52156420 C=11.67692916 V=83776300.00000000
[Agent_Features] Generated 18 features for the latest tick.
[Agent] Exploration: Random action: BUY
[Portfolio] Logged Trade: BUY 26.92504762 BAC @ 11.68. New Cash: 5973.64, New Coins: 356.44015833
[Agent] Received reward: 0.00000000
[NeuralNetworkInterface] Received reward signal: 0.00000000
[Agent] Making decision using full OHLCV data
[Agent] Price data: O=11.84046745 H=11.84046745 L=11.52973763 C=11.53791416 V=65305400.00000000
[Agent_Features] Generated 18 features for the latest tick.
[Agent] Exploration: Random action: HOLD
[Agent] Received reward: 0.00000000
[NeuralNetworkInterface] Received reward signal: 0.00000000
[Agent] Making decision using full OHLCV data
[Agent] Price data: O=11.84046745 H=11.88953051 L=11.74234212 C=11.84046745 V=46176600.00000000
[Agent_Features] Generated 18 features for the latest tick.
[Agent] Exploration: Random action: HOLD
[Agent] Received reward: 0.00000000
[NeuralNetworkInterface] Received reward signal: 0.00000000
[Agent] Making decision using full OHLCV data
[Agent] Price data: O=12.30656815 H=12.31474545 L=12.06125434 C=12.06125434 V=120947800.00000000
[Agent_Features] Generated 18 features for the latest tick.
[Agent] Exploration: Random action: SELL
[Portfolio] Logged Trade: SELL 17.82200792 BAC @ 12.06. New Cash: 6188.59, New Coins: 338.61815041
[Agent] Received reward: 0.00000000
[NeuralNetworkInterface] Received reward signal: 0.00000000
[Agent] Making decision using full OHLCV data
[Agent] Price data: O=12.37198448 H=12.40469294 L=12.20026491 C=12.33109872 V=71960300.00000000
[Agent_Features] Generated 18 features for the latest tick.
[Agent] Exploration: Random action: HOLD
[Agent] Received reward: 0.00000000
[NeuralNetworkInterface] Received reward signal: 0.00000000
[Agent] Making decision using full OHLCV data
[Agent] Price data: O=12.42104626 H=12.42104626 L=12.32292090 C=12.35562935 V=49973300.00000000
[Agent_Features] Generated 18 features for the latest tick.
[Agent] Exploration: Random action: BUY
[Portfolio] Logged Trade: BUY 25.04361047 BAC @ 12.36. New Cash: 5879.16, New Coins: 363.66176088
[Agent] Received reward: 0.00000000
[NeuralNetworkInterface] Received reward signal: 0.00000000
[Agent] Making decision using full OHLCV data
[Agent] Price data: O=12.11031437 H=12.41286770 L=12.08578245 C=12.39651308 V=79080700.00000000
[Agent_Features] Generated 18 features for the latest tick.
[Agent] Exploration: Random action: SELL
[Portfolio] Logged Trade: SELL 18.18308804 BAC @ 12.40. New Cash: 6104.57, New Coins: 345.47867283
[Agent] Received reward: 0.00000000
[NeuralNetworkInterface] Received reward signal: 0.00000000
[Agent] Making decision using full OHLCV data
[Agent] Price data: O=12.16755676 H=12.24115098 L=12.06125409 C=12.12667100 V=68945400.00000000
[Agent_Features] Generated 18 features for the latest tick.
[Agent] Exploration: Random action: HOLD
[Agent] Received reward: 0.00000000
[NeuralNetworkInterface] Received reward signal: 0.00000000
[Agent] Making decision using full OHLCV data
[Agent] Price data: O=12.19209003 H=12.19209003 L=12.02037042 C=12.07761081 V=63031300.00000000
[Agent_Features] Generated 18 features for the latest tick.
[Agent] Exploration: Random action: HOLD
[Agent] Received reward: 0.00000000
[NeuralNetworkInterface] Received reward signal: 0.00000000
[Agent] Making decision using full OHLCV data
[Agent] Price data: O=12.28203678 H=12.29021331 L=12.22479640 C=12.24115102 V=48592100.00000000
[Agent_Features] Generated 18 features for the latest tick.
[Agent] Exploration: Random action: BUY
[Portfolio] Logged Trade: BUY 24.93461882 BAC @ 12.24. New Cash: 5799.34, New Coins: 370.41329165
[Agent] Received reward: 0.00000000
[NeuralNetworkInterface] Received reward signal: 0.00000000
[Agent] Making decision using full OHLCV data
[Agent] Price data: O=12.40469170 H=12.42104553 L=12.20844099 C=12.24114944 V=80307500.00000000
[Agent_Features] Generated 18 features for the latest tick.
[Agent] Exploration: Random action: SELL
[Portfolio] Logged Trade: SELL 18.52066458 BAC @ 12.24. New Cash: 6026.05, New Coins: 351.89262707
[Agent] Received reward: 0.00000000
[NeuralNetworkInterface] Received reward signal: 0.00000000
[Agent] Making decision using full OHLCV data
[Agent] Price data: O=12.38833714 H=12.46193134 L=12.33109754 C=12.39651444 V=93407300.00000000
[Agent_Features] Generated 18 features for the latest tick.
[Agent] Exploration: Random action: HOLD
[Agent] Received reward: 0.00000000
[NeuralNetworkInterface] Received reward signal: 0.00000000
[Agent] Making decision using full OHLCV data
[Agent] Price data: O=12.39651680 H=12.46193371 L=12.31474605 C=12.35563103 V=62804300.00000000
[Agent_Features] Generated 18 features for the latest tick.
[Agent] Exploration: Random action: HOLD
[Agent] Received reward: 0.00000000
[NeuralNetworkInterface] Received reward signal: 0.00000000
[Agent] Making decision using full OHLCV data
[Agent] Price data: O=12.44557667 H=12.47010781 L=12.30656557 C=12.37198246 V=59834800.00000000
[Agent_Features] Generated 18 features for the latest tick.
[Agent] Exploration: Random action: BUY
[Portfolio] Logged Trade: BUY 24.35363329 BAC @ 12.37. New Cash: 5724.75, New Coins: 376.24626036
[Agent] Received reward: 0.00000000
[NeuralNetworkInterface] Received reward signal: 0.00000000
[Agent] Making decision using full OHLCV data
[Agent] Price data: O=12.41287041 H=12.47011001 L=12.36380734 C=12.42922424 V=60877100.00000000
[Agent_Features] Generated 18 features for the latest tick.
[Agent] Exploration: Random action: SELL
[Portfolio] Logged Trade: SELL 18.81231302 BAC @ 12.43. New Cash: 5958.57, New Coins: 357.43394734
[Agent] Received reward: 0.00000000
[NeuralNetworkInterface] Received reward signal: 0.00000000
[Agent] Making decision using full OHLCV data
[Agent] Price data: O=12.55187988 H=12.60094217 L=12.47828568 C=12.47828568 V=67817900.00000000
[Agent_Features] Generated 18 features for the latest tick.
[Agent] Exploration: Random action: HOLD
[Agent] Received reward: 0.00000000
[NeuralNetworkInterface] Received reward signal: 0.00000000
[Agent] Making decision using full OHLCV data
[Agent] Price data: O=12.59276772 H=12.67453925 L=12.56005926 C=12.56823657 V=65484900.00000000
[Agent_Features] Generated 18 features for the latest tick.
[Agent] Exploration: Random action: BUY
[Portfolio] Logged Trade: BUY 23.70489361 BAC @ 12.57. New Cash: 5660.65, New Coins: 381.13884095
[Agent] Received reward: -0.00000000
[NeuralNetworkInterface] Received reward signal: -0.00000000
[Agent] Making decision using full OHLCV data
[Agent] Price data: O=12.69906807 H=12.70724538 L=12.59276541 C=12.60912002 V=67714400.00000000
[Agent_Features] Generated 18 features for the latest tick.
[Agent] Exploration: Random action: SELL
[Portfolio] Logged Trade: SELL 19.05694205 BAC @ 12.61. New Cash: 5900.94, New Coins: 362.08189890
[Agent] Received reward: 0.00000000
[NeuralNetworkInterface] Received reward signal: 0.00000000
[Agent] Making decision using full OHLCV data
[Agent] Price data: O=12.91167355 H=13.00162159 L=12.73995398 C=12.76448512 V=126886300.00000000
[Agent_Features] Generated 18 features for the latest tick.
[Agent] Exploration: Random action: SELL
[Portfolio] Logged Trade: SELL 18.10409495 BAC @ 12.76. New Cash: 6132.03, New Coins: 343.97780396
[Agent] Received reward: 0.00000000
[NeuralNetworkInterface] Received reward signal: 0.00000000
[Agent] Making decision using full OHLCV data
[Agent] Price data: O=12.95256329 H=13.09157444 L=12.90350020 C=12.92803213 V=120144900.00000000
[Agent_Features] Generated 18 features for the latest tick.
[Agent] Exploration: Random action: BUY
[Portfolio] Logged Trade: BUY 23.71600781 BAC @ 12.93. New Cash: 5825.42, New Coins: 367.69381177
[Agent] Received reward: 0.00000000
[NeuralNetworkInterface] Received reward signal: 0.00000000
[Agent] Making decision using full OHLCV data
[Agent] Price data: O=13.23875904 H=13.27146671 L=12.91985105 C=12.95255950 V=121280600.00000000
[Agent_Features] Generated 18 features for the latest tick.
[Agent] Exploration: Random action: SELL
[Portfolio] Logged Trade: SELL 18.38469059 BAC @ 12.95. New Cash: 6063.55, New Coins: 349.30912118
[Agent] Received reward: 0.00000000
[NeuralNetworkInterface] Received reward signal: 0.00000000
[Agent] Making decision using full OHLCV data
[Agent] Price data: O=13.25929546 H=13.34144755 L=13.04570145 C=13.31680145 V=127664300.00000000
[Agent_Features] Generated 18 features for the latest tick.
[Agent] Exploration: Random action: SELL
[Portfolio] Logged Trade: SELL 17.46545606 BAC @ 13.32. New Cash: 6296.14, New Coins: 331.84366512
[Agent] Received reward: 0.00000000
[NeuralNetworkInterface] Received reward signal: 0.00000000
[Agent] Making decision using full OHLCV data
[Agent] Price data: O=13.12785339 H=13.26751148 L=12.93890469 C=13.26751148 V=128812600.00000000
[Agent_Features] Generated 18 features for the latest tick.
[Agent] Exploration: Random action: SELL
[Portfolio] Logged Trade: SELL 16.59218326 BAC @ 13.27. New Cash: 6516.27, New Coins: 315.25148187
[Agent] Received reward: 0.00000000
[NeuralNetworkInterface] Received reward signal: 0.00000000
[Agent] Making decision using full OHLCV data
[Agent] Price data: O=13.14428520 H=13.19357583 L=12.99641174 C=13.09499379 V=100997300.00000000
[Agent_Features] Generated 18 features for the latest tick.
[Agent] Exploration: Random action: HOLD
[Agent] Received reward: 0.00000000
[NeuralNetworkInterface] Received reward signal: 0.00000000
[Agent] Making decision using full OHLCV data
[Agent] Price data: O=12.96354961 H=13.19357436 L=12.89782826 C=13.18535899 V=96542200.00000000
[Agent_Features] Generated 18 features for the latest tick.
[Agent] Exploration: Random action: BUY
[Portfolio] Logged Trade: BUY 24.71026654 BAC @ 13.19. New Cash: 6190.46, New Coins: 339.96174840
[Agent] Received reward: 0.00000000
[NeuralNetworkInterface] Received reward signal: 0.00000000
[Agent] Making decision using full OHLCV data
[Agent] Price data: O=12.89782810 H=13.02105623 L=12.85675206 C=12.91425883 V=63310300.00000000
[Agent_Features] Generated 18 features for the latest tick.
[Agent] Exploration: Random action: BUY
[Portfolio] Logged Trade: BUY 23.96754257 BAC @ 12.91. New Cash: 5880.94, New Coins: 363.92929097
[Agent] Received reward: 0.00000000
[NeuralNetworkInterface] Received reward signal: 0.00000000
[Agent] Making decision using full OHLCV data
[Agent] Price data: O=13.02926922 H=13.09499057 L=12.88139658 C=12.95533329 V=69292700.00000000
[Agent_Features] Generated 18 features for the latest tick.
[Agent] Exploration: Random action: HOLD
[Agent] Received reward: 0.00000000
[NeuralNetworkInterface] Received reward signal: 0.00000000
[Agent] Making decision using full OHLCV data
[Agent] Price data: O=12.93068886 H=13.26751100 L=12.93068886 C=13.07034693 V=135182500.00000000
[Agent_Features] Generated 18 features for the latest tick.
[Agent] Exploration: Random action: HOLD
[Agent] Received reward: 0.00000000
[NeuralNetworkInterface] Received reward signal: 0.00000000
[Agent] Making decision using full OHLCV data
[Agent] Price data: O=13.06213284 H=13.09499352 L=12.71709529 C=12.85675338 V=109724000.00000000
[Agent_Features] Generated 18 features for the latest tick.
[Agent] Exploration: Random action: SELL
[Portfolio] Logged Trade: SELL 18.19646455 BAC @ 12.86. New Cash: 6114.89, New Coins: 345.73282642
[Agent] Received reward: 0.00000000
[NeuralNetworkInterface] Received reward signal: 0.00000000
[Agent] Making decision using full OHLCV data
[Agent] Price data: O=12.91425991 H=13.02927190 L=12.77460182 C=12.87318386 V=89317600.00000000
[Agent_Features] Generated 18 features for the latest tick.
[Agent] Exploration: Random action: BUY
[Portfolio] Logged Trade: BUY 23.75047789 BAC @ 12.87. New Cash: 5809.14, New Coins: 369.48330432
[Agent] Received reward: 0.00000000
[NeuralNetworkInterface] Received reward signal: 0.00000000
[Agent] Making decision using full OHLCV data
[Agent] Price data: O=12.84032154 H=13.01284029 L=12.78281555 C=12.87318222 V=75528100.00000000
[Agent_Features] Generated 18 features for the latest tick.
[Agent] Exploration: Random action: BUY
[Portfolio] Logged Trade: BUY 22.56295689 BAC @ 12.87. New Cash: 5518.68, New Coins: 392.04626121
[Agent] Received reward: 0.00000000
[NeuralNetworkInterface] Received reward signal: 0.00000000
[Agent] Making decision using full OHLCV data
[Agent] Price data: O=12.87318325 H=12.93890461 L=12.79924653 C=12.84853794 V=67322600.00000000
[Agent_Features] Generated 18 features for the latest tick.
[Agent] Exploration: Random action: SELL
[Portfolio] Logged Trade: SELL 19.60231306 BAC @ 12.85. New Cash: 5770.55, New Coins: 372.44394815
[Agent] Received reward: 0.00000000
[NeuralNetworkInterface] Received reward signal: 0.00000000
[Agent] Making decision using full OHLCV data
[Agent] Price data: O=12.72530937 H=12.88139818 L=12.71709401 C=12.86496745 V=90926200.00000000
[Agent_Features] Generated 18 features for the latest tick.
[Agent] Exploration: Random action: BUY
[Portfolio] Logged Trade: BUY 22.42735995 BAC @ 12.86. New Cash: 5482.02, New Coins: 394.87130810
[Agent] Received reward: 0.00000000
[NeuralNetworkInterface] Received reward signal: 0.00000000
[Agent] Making decision using full OHLCV data
[Agent] Price data: O=12.80746174 H=12.96354977 L=12.77460106 C=12.77460106 V=66186400.00000000
[Agent_Features] Generated 18 features for the latest tick.
[Agent] Exploration: Random action: SELL
[Portfolio] Logged Trade: SELL 19.74356541 BAC @ 12.77. New Cash: 5734.23, New Coins: 375.12774270
[Agent] Received reward: 0.00000000
[NeuralNetworkInterface] Received reward signal: 0.00000000
[Agent] Making decision using full OHLCV data
[Agent] Price data: O=12.81567764 H=12.94712036 L=12.74174092 C=12.93068963 V=68210400.00000000
[Agent_Features] Generated 18 features for the latest tick.
[Agent] Exploration: Random action: BUY
[Portfolio] Logged Trade: BUY 22.17296291 BAC @ 12.93. New Cash: 5447.52, New Coins: 397.30070560
[Agent] Received reward: -0.00000000
[NeuralNetworkInterface] Received reward signal: -0.00000000
[Agent] Making decision using full OHLCV data
[Agent] Price data: O=12.85675430 H=13.00462777 L=12.64316025 C=12.90604572 V=95464600.00000000
[Agent_Features] Generated 18 features for the latest tick.
[Agent] Exploration: Random action: SELL
[Portfolio] Logged Trade: SELL 19.86503528 BAC @ 12.91. New Cash: 5703.90, New Coins: 377.43567032
[Agent] Received reward: 0.00000000
[NeuralNetworkInterface] Received reward signal: 0.00000000
[Agent] Making decision using full OHLCV data
[Agent] Price data: O=12.81567764 H=12.90604432 L=12.73352555 C=12.88961358 V=75611300.00000000
[Agent_Features] Generated 18 features for the latest tick.
[Agent] Exploration: Random action: BUY
[Portfolio] Logged Trade: BUY 22.12595958 BAC @ 12.89. New Cash: 5418.71, New Coins: 399.56162990
[Agent] Received reward: 0.00000000
[NeuralNetworkInterface] Received reward signal: 0.00000000
[Agent] Making decision using full OHLCV data
[Agent] Price data: O=12.74995708 H=12.87318445 L=12.73352635 C=12.75817167 V=51604400.00000000
[Agent_Features] Generated 18 features for the latest tick.
[Agent] Exploration: Random action: SELL
[Portfolio] Logged Trade: SELL 19.97808149 BAC @ 12.76. New Cash: 5673.59, New Coins: 379.58354840
[Agent] Received reward: -0.00000000
[NeuralNetworkInterface] Received reward signal: -0.00000000
[Agent] Making decision using full OHLCV data
[Agent] Price data: O=12.39670086 H=12.68423155 L=12.33919488 C=12.65137088 V=94972100.00000000
[Agent_Features] Generated 18 features for the latest tick.
[Agent] Exploration: Random action: SELL
[Portfolio] Logged Trade: SELL 18.97917742 BAC @ 12.65. New Cash: 5913.70, New Coins: 360.60437098
[Agent] Received reward: 0.00000000
[NeuralNetworkInterface] Received reward signal: 0.00000000
[Agent] Making decision using full OHLCV data
[Agent] Price data: O=12.56100655 H=12.60208259 L=12.16667840 C=12.33098179 V=81992600.00000000
[Agent_Features] Generated 18 features for the latest tick.
[Agent] Exploration: Random action: HOLD
[Agent] Received reward: 0.00000000
[NeuralNetworkInterface] Received reward signal: 0.00000000
[Agent] Making decision using full OHLCV data
[Agent] Price data: O=12.63494110 H=12.64315647 L=12.44599164 C=12.61851037 V=66076400.00000000
[Agent_Features] Generated 18 features for the latest tick.
[Agent] Exploration: Random action: BUY
[Portfolio] Logged Trade: BUY 23.43264991 BAC @ 12.62. New Cash: 5618.02, New Coins: 384.03702090
[Agent] Received reward: -0.00000000
[NeuralNetworkInterface] Received reward signal: -0.00000000
[Agent] Making decision using full OHLCV data
[Agent] Price data: O=12.45420837 H=12.73352452 L=12.37205707 C=12.63494249 V=78997700.00000000
[Agent_Features] Generated 18 features for the latest tick.
[Agent] Exploration: Random action: BUY
[Portfolio] Logged Trade: BUY 22.23206630 BAC @ 12.63. New Cash: 5337.12, New Coins: 406.26908720
[Agent] Received reward: 0.00000000
[NeuralNetworkInterface] Received reward signal: 0.00000000
[Agent] Making decision using full OHLCV data
[Agent] Price data: O=12.85675430 H=12.92247567 L=12.46242610 C=12.53636284 V=119428700.00000000
[Agent_Features] Generated 18 features for the latest tick.
[Agent] Exploration: Random action: HOLD
[Agent] Received reward: 0.00000000
[NeuralNetworkInterface] Received reward signal: 0.00000000
[Agent] Making decision using full OHLCV data
[Agent] Price data: O=12.84032154 H=12.92247284 L=12.73352415 C=12.80746086 V=69873100.00000000
[Agent_Features] Generated 18 features for the latest tick.
[Agent] Exploration: Random action: HOLD
[Agent] Received reward: 0.00000000
[NeuralNetworkInterface] Received reward signal: 0.00000000
[Agent] Making decision using full OHLCV data
[Agent] Price data: O=12.97997952 H=13.18535815 L=12.87318212 C=12.89782743 V=98501500.00000000
[Agent_Features] Generated 18 features for the latest tick.
[Agent] Exploration: Random action: HOLD
[Agent] Received reward: 0.00000000
[NeuralNetworkInterface] Received reward signal: 0.00000000
[Agent] Making decision using full OHLCV data
[Agent] Price data: O=13.23465061 H=13.33323186 L=13.11142249 C=13.11142249 V=86056900.00000000
[Agent_Features] Generated 18 features for the latest tick.
[Agent] Exploration: Random action: SELL
[Portfolio] Logged Trade: SELL 20.31345436 BAC @ 13.11. New Cash: 5603.45, New Coins: 385.95563284
[Agent] Received reward: 0.00000000
[NeuralNetworkInterface] Received reward signal: 0.00000000
[Agent] Making decision using full OHLCV data
[Agent] Price data: O=13.32501507 H=13.33323043 L=13.17714321 C=13.28393981 V=75886700.00000000
[Agent_Features] Generated 18 features for the latest tick.
[Agent] Exploration: Random action: BUY
[Portfolio] Logged Trade: BUY 21.09108843 BAC @ 13.28. New Cash: 5323.28, New Coins: 407.04672127
[Agent] Received reward: 0.00000000
[NeuralNetworkInterface] Received reward signal: 0.00000000
[Agent] Making decision using full OHLCV data
[Agent] Price data: O=13.25108147 H=13.34966429 L=13.12785411 C=13.30037366 V=99605400.00000000
[Agent_Features] Generated 18 features for the latest tick.
[Agent] Exploration: Random action: SELL
[Portfolio] Logged Trade: SELL 20.35233606 BAC @ 13.30. New Cash: 5593.98, New Coins: 386.69438521
[Agent] Received reward: 0.00000000
[NeuralNetworkInterface] Received reward signal: 0.00000000
[Agent] Making decision using full OHLCV data
[Agent] Price data: O=13.39073849 H=13.47289057 L=13.29215724 C=13.32501713 V=64158500.00000000
[Agent_Features] Generated 18 features for the latest tick.
[Agent] Exploration: Random action: HOLD
[Agent] Received reward: 0.00000000
[NeuralNetworkInterface] Received reward signal: 0.00000000
[Agent] Making decision using full OHLCV data
[Agent] Price data: O=13.23465061 H=13.41538394 L=13.16071389 C=13.35787795 V=77374000.00000000
[Agent_Features] Generated 18 features for the latest tick.
[Agent] Exploration: Random action: BUY
[Portfolio] Logged Trade: BUY 20.93886443 BAC @ 13.36. New Cash: 5314.28, New Coins: 407.63324964
[Agent] Received reward: 0.00000000
[NeuralNetworkInterface] Received reward signal: 0.00000000
[Agent] Making decision using full OHLCV data
[Agent] Price data: O=13.16893005 H=13.34144803 L=13.15249932 C=13.21822068 V=67165800.00000000
[Agent_Features] Generated 18 features for the latest tick.
[Agent] Exploration: Random action: SELL
[Portfolio] Logged Trade: SELL 20.38166248 BAC @ 13.22. New Cash: 5583.69, New Coins: 387.25158716
[Agent] Received reward: 0.00000000
[NeuralNetworkInterface] Received reward signal: 0.00000000
[Agent] Making decision using full OHLCV data
[Agent] Price data: O=13.00462627 H=13.21822108 L=12.81567756 C=13.21822108 V=78637000.00000000
[Agent_Features] Generated 18 features for the latest tick.
[Agent] Exploration: Random action: SELL
[Portfolio] Logged Trade: SELL 19.36257936 BAC @ 13.22. New Cash: 5839.63, New Coins: 367.88900780
[Agent] Received reward: 0.00000000
[NeuralNetworkInterface] Received reward signal: 0.00000000
[Agent] Making decision using full OHLCV data
[Agent] Price data: O=13.14428520 H=13.33323393 L=13.09499379 C=13.26751256 V=108865700.00000000
[Agent_Features] Generated 18 features for the latest tick.
[Agent] Exploration: Random action: SELL
[Portfolio] Logged Trade: SELL 18.39445039 BAC @ 13.27. New Cash: 6083.67, New Coins: 349.49455741
[Agent] Received reward: 0.00000000
[NeuralNetworkInterface] Received reward signal: 0.00000000
[Agent] Making decision using full OHLCV data
[Agent] Price data: O=13.18535900 H=13.30858791 L=13.06213165 C=13.28394182 V=101795500.00000000
[Agent_Features] Generated 18 features for the latest tick.
[Agent] Exploration: Random action: SELL
[Portfolio] Logged Trade: SELL 17.47472787 BAC @ 13.28. New Cash: 6315.81, New Coins: 332.01982954
[Agent] Received reward: 0.00000000
[NeuralNetworkInterface] Received reward signal: 0.00000000
[Agent] Making decision using full OHLCV data
[Agent] Price data: O=13.35787773 H=13.36609310 L=13.23465039 C=13.30037174 V=71433100.00000000
[Agent_Features] Generated 18 features for the latest tick.
[Agent] Exploration: Random action: SELL
[Portfolio] Logged Trade: SELL 16.60099148 BAC @ 13.30. New Cash: 6536.61, New Coins: 315.41883806
[Agent] Received reward: 0.00000000
[NeuralNetworkInterface] Received reward signal: 0.00000000
[Agent] Making decision using full OHLCV data
[Agent] Price data: O=13.53039742 H=13.57968961 L=13.37431016 C=13.39073933 V=97969000.00000000
[Agent_Features] Generated 18 features for the latest tick.
[Agent] Exploration: Random action: HOLD
[Agent] Received reward: 0.00000000
[NeuralNetworkInterface] Received reward signal: 0.00000000
[Agent] Making decision using full OHLCV data
[Agent] Price data: O=13.60433388 H=13.66183987 L=13.48110653 C=13.51396799 V=88081200.00000000
[Agent_Features] Generated 18 features for the latest tick.
[Agent] Exploration: Random action: BUY
[Portfolio] Logged Trade: BUY 24.18463074 BAC @ 13.51. New Cash: 6209.78, New Coins: 339.60346880
[Agent] Received reward: 0.00000000
[NeuralNetworkInterface] Received reward signal: 0.00000000
[Agent] Making decision using full OHLCV data
[Agent] Price data: O=13.69470310 H=13.69470310 L=13.47289290 C=13.52218353 V=77954900.00000000
[Agent_Features] Generated 18 features for the latest tick.
[Agent] Exploration: Random action: SELL
[Portfolio] Logged Trade: SELL 16.98017344 BAC @ 13.52. New Cash: 6439.39, New Coins: 322.62329536
[Agent] Received reward: 0.00000000
[NeuralNetworkInterface] Received reward signal: 0.00000000
[Agent] Making decision using full OHLCV data
[Agent] Price data: O=13.77685165 H=13.80149618 L=13.64540895 C=13.76042092 V=68244800.00000000
[Agent_Features] Generated 18 features for the latest tick.
[Agent] Exploration: Random action: SELL
[Portfolio] Logged Trade: SELL 16.13116477 BAC @ 13.76. New Cash: 6661.36, New Coins: 306.49213059
[Agent] Received reward: 0.00000000
[NeuralNetworkInterface] Received reward signal: 0.00000000
[Agent] Making decision using full OHLCV data
[Agent] Price data: O=13.73577595 H=13.81792803 L=13.70291605 C=13.72756058 V=49350300.00000000
[Agent_Features] Generated 18 features for the latest tick.
[Agent] Exploration: Random action: HOLD
[Agent] Received reward: 0.00000000
[NeuralNetworkInterface] Received reward signal: 0.00000000
[Agent] Making decision using full OHLCV data
[Agent] Price data: O=13.85900497 H=13.85900497 L=13.65362554 C=13.67005470 V=58730400.00000000
[Agent_Features] Generated 18 features for the latest tick.
[Agent] Exploration: Random action: HOLD
[Agent] Received reward: 0.00000000
[NeuralNetworkInterface] Received reward signal: 0.00000000
[Agent] Making decision using full OHLCV data
[Agent] Price data: O=13.89186764 H=14.04795648 L=13.85079237 C=13.92472911 V=97937300.00000000
[Agent_Features] Generated 18 features for the latest tick.
[Agent] Exploration: Random action: BUY
[Portfolio] Logged Trade: BUY 23.91916128 BAC @ 13.92. New Cash: 6328.29, New Coins: 330.41129187
[Agent] Received reward: -0.00000000
[NeuralNetworkInterface] Received reward signal: -0.00000000
[Agent] Making decision using full OHLCV data
[Agent] Price data: O=13.70291615 H=13.94937084 L=13.55504270 C=13.92472631 V=115123600.00000000
[Agent_Features] Generated 18 features for the latest tick.
[Agent] Exploration: Random action: SELL
[Portfolio] Logged Trade: SELL 16.52056459 BAC @ 13.92. New Cash: 6558.33, New Coins: 313.89072728
[Agent] Received reward: 0.00000000
[NeuralNetworkInterface] Received reward signal: 0.00000000
[Agent] Making decision using full OHLCV data
[Agent] Price data: O=13.55504513 H=13.74399387 L=13.55504513 C=13.70291860 V=70387600.00000000
[Agent_Features] Generated 18 features for the latest tick.
[Agent] Exploration: Random action: BUY
[Portfolio] Logged Trade: BUY 23.93042503 BAC @ 13.70. New Cash: 6230.42, New Coins: 337.82115230
[Agent] Received reward: 0.00000000
[NeuralNetworkInterface] Received reward signal: 0.00000000
[Agent] Making decision using full OHLCV data
[Agent] Price data: O=13.64540958 H=13.76042156 L=13.41538406 C=13.60433276 V=88587100.00000000
[Agent_Features] Generated 18 features for the latest tick.
[Agent] Exploration: Random action: HOLD
[Agent] Received reward: 0.00000000
[NeuralNetworkInterface] Received reward signal: 0.00000000
[Agent] Making decision using full OHLCV data
[Agent] Price data: O=13.53861237 H=13.60433372 L=13.37430975 C=13.52218163 V=119202000.00000000
[Agent_Features] Generated 18 features for the latest tick.
[Agent] Exploration: Random action: HOLD
[Agent] Received reward: 0.00000000
[NeuralNetworkInterface] Received reward signal: 0.00000000
[Agent] Making decision using full OHLCV data
[Agent] Price data: O=13.53861237 H=13.69470118 L=13.51396784 C=13.53861237 V=69690400.00000000
[Agent_Features] Generated 18 features for the latest tick.
[Agent] Exploration: Random action: HOLD
[Agent] Received reward: 0.00000000
[NeuralNetworkInterface] Received reward signal: 0.00000000
[Agent] Making decision using full OHLCV data
[Agent] Price data: O=13.59611893 H=13.72756165 L=13.43181631 C=13.57968976 V=82437400.00000000
[Agent_Features] Generated 18 features for the latest tick.
[Agent] Exploration: Random action: HOLD
[Agent] Received reward: 0.00000000
[NeuralNetworkInterface] Received reward signal: 0.00000000
[Agent] Making decision using full OHLCV data
[Agent] Price data: O=13.97401619 H=13.99866228 L=13.84257348 C=13.85078885 V=91581900.00000000
[Agent_Features] Generated 18 features for the latest tick.
[Agent] Exploration: Random action: HOLD
[Agent] Received reward: 0.00000000
[NeuralNetworkInterface] Received reward signal: 0.00000000
[Agent] Making decision using full OHLCV data
[Agent] Price data: O=13.96580410 H=14.05617157 L=13.72756316 C=13.81793063 V=95842800.00000000
[Agent_Features] Generated 18 features for the latest tick.
[Agent] Exploration: Random action: SELL
[Portfolio] Logged Trade: SELL 16.89105762 BAC @ 13.82. New Cash: 6463.82, New Coins: 320.93009469
[Agent] Received reward: 0.00000000
[NeuralNetworkInterface] Received reward signal: 0.00000000
[Agent] Making decision using full OHLCV data
[Agent] Price data: O=14.76267433 H=14.82839569 L=14.29440944 C=14.50800425 V=319516900.00000000
[Agent_Features] Generated 18 features for the latest tick.
[Agent] Exploration: Random action: HOLD
[Agent] Received reward: 0.00000000
[NeuralNetworkInterface] Received reward signal: 0.00000000
[Agent] Making decision using full OHLCV data
[Agent] Price data: O=15.41167355 H=15.60062226 L=14.99269930 C=15.00091466 V=304986400.00000000
[Agent_Features] Generated 18 features for the latest tick.
[Agent] Exploration: Random action: HOLD
[Agent] Received reward: 0.00000000
[NeuralNetworkInterface] Received reward signal: 0.00000000
[Agent] Making decision using full OHLCV data
[Agent] Price data: O=15.62526894 H=15.63348430 L=15.30487593 C=15.31309129 V=212952500.00000000
[Agent_Features] Generated 18 features for the latest tick.
[Agent] Exploration: Random action: BUY
[Portfolio] Logged Trade: BUY 21.10552336 BAC @ 15.31. New Cash: 6140.63, New Coins: 342.03561805
[Agent] Received reward: 0.00000000
[NeuralNetworkInterface] Received reward signal: 0.00000000
[Agent] Making decision using full OHLCV data
[Agent] Price data: O=16.49607277 H=16.59465557 L=15.93744057 C=15.94565593 V=320959900.00000000
[Agent_Features] Generated 18 features for the latest tick.
[Agent] Exploration: Random action: SELL
[Portfolio] Logged Trade: SELL 17.10178090 BAC @ 15.95. New Cash: 6413.32, New Coins: 324.93383714
[Agent] Received reward: 0.00000000
[NeuralNetworkInterface] Received reward signal: 0.00000000
[Agent] Making decision using full OHLCV data
[Agent] Price data: O=16.56179619 H=16.57822692 L=16.10174673 C=16.25783553 V=190293100.00000000
[Agent_Features] Generated 18 features for the latest tick.
[Agent] Exploration: Random action: BUY
[Portfolio] Logged Trade: BUY 19.72379539 BAC @ 16.26. New Cash: 6092.66, New Coins: 344.65763254
[Agent] Received reward: 0.00000000
[NeuralNetworkInterface] Received reward signal: 0.00000000
[Agent] Making decision using full OHLCV data
[Agent] Price data: O=16.22498131 H=16.39749934 L=16.16747530 C=16.24962741 V=126734500.00000000
[Agent_Features] Generated 18 features for the latest tick.
[Agent] Exploration: Random action: SELL
[Portfolio] Logged Trade: SELL 17.23288163 BAC @ 16.25. New Cash: 6372.69, New Coins: 327.42475091
[Agent] Received reward: 0.00000000
[NeuralNetworkInterface] Received reward signal: 0.00000000
[Agent] Making decision using full OHLCV data
[Agent] Price data: O=16.49607277 H=16.61108473 L=16.18389678 C=16.23318740 V=167979200.00000000
[Agent_Features] Generated 18 features for the latest tick.
[Agent] Exploration: Random action: BUY
[Portfolio] Logged Trade: BUY 19.62857311 BAC @ 16.23. New Cash: 6054.05, New Coins: 347.05332402
[Agent] Received reward: 0.00000000
[NeuralNetworkInterface] Received reward signal: 0.00000000
[Agent] Making decision using full OHLCV data
[Agent] Price data: O=16.43035698 H=16.54536898 L=16.32356035 C=16.47964761 V=120620200.00000000
[Agent_Features] Generated 18 features for the latest tick.
[Agent] Exploration: Random action: BUY
[Portfolio] Logged Trade: BUY 18.36826839 BAC @ 16.48. New Cash: 5751.35, New Coins: 365.42159241
[Agent] Received reward: 0.00000000
[NeuralNetworkInterface] Received reward signal: 0.00000000
[Agent] Making decision using full OHLCV data
[Agent] Price data: O=16.70145988 H=16.71789062 L=16.43857439 C=16.51251113 V=117479100.00000000
[Agent_Features] Generated 18 features for the latest tick.
[Agent] Exploration: Random action: HOLD
[Agent] Received reward: 0.00000000
[NeuralNetworkInterface] Received reward signal: 0.00000000
[Agent] Making decision using full OHLCV data
[Agent] Price data: O=16.67681122 H=16.81646931 L=16.52893933 C=16.70145732 V=104771800.00000000
[Agent_Features] Generated 18 features for the latest tick.
[Agent] Exploration: Random action: BUY
[Portfolio] Logged Trade: BUY 17.21810590 BAC @ 16.70. New Cash: 5463.78, New Coins: 382.63969831
[Agent] Received reward: 0.00000000
[NeuralNetworkInterface] Received reward signal: 0.00000000
[Agent] Making decision using full OHLCV data
[Agent] Price data: O=16.89040565 H=16.97255775 L=16.59466031 C=16.77539366 V=110801300.00000000
[Agent_Features] Generated 18 features for the latest tick.
[Agent] Exploration: Random action: SELL
[Portfolio] Logged Trade: SELL 19.13198492 BAC @ 16.78. New Cash: 5784.73, New Coins: 363.50771340
[Agent] Received reward: 0.00000000
[NeuralNetworkInterface] Received reward signal: 0.00000000
[Agent] Making decision using full OHLCV data
[Agent] Price data: O=17.13685799 H=17.15328715 L=16.84111114 C=16.93969395 V=62610400.00000000
[Agent_Features] Generated 18 features for the latest tick.
[Agent] Exploration: Random action: BUY
[Portfolio] Logged Trade: BUY 17.07447712 BAC @ 16.94. New Cash: 5495.49, New Coins: 380.58219052
[Agent] Received reward: 0.00000000
[NeuralNetworkInterface] Received reward signal: 0.00000000
[Agent] Making decision using full OHLCV data
[Agent] Price data: O=16.67681122 H=17.12864696 L=16.63573595 C=16.98077350 V=108651200.00000000
[Agent_Features] Generated 18 features for the latest tick.
[Agent] Exploration: Random action: HOLD
[Agent] Received reward: 0.00000000
[NeuralNetworkInterface] Received reward signal: 0.00000000
[Agent] Making decision using full OHLCV data
[Agent] Price data: O=16.66860008 H=16.87397957 L=16.63573861 C=16.74253526 V=114216800.00000000
[Agent_Features] Generated 18 features for the latest tick.
[Agent] Exploration: Random action: HOLD
[Agent] Received reward: 0.00000000
[NeuralNetworkInterface] Received reward signal: 0.00000000
[Agent] Making decision using full OHLCV data
[Agent] Price data: O=17.41482925 H=17.47254860 L=17.08500170 C=17.12623093 V=191699600.00000000
[Agent_Features] Generated 18 features for the latest tick.
[Agent] Exploration: Random action: HOLD
[Agent] Received reward: 0.00000000
[NeuralNetworkInterface] Received reward signal: 0.00000000
[Agent] Making decision using full OHLCV data
[Agent] Price data: O=17.72815895 H=18.09096823 L=17.59622859 C=17.66219377 V=199233900.00000000
[Agent_Features] Generated 18 features for the latest tick.
[Agent] Exploration: Random action: BUY
[Portfolio] Logged Trade: BUY 15.55721783 BAC @ 17.66. New Cash: 5220.72, New Coins: 396.13940835
[Agent] Received reward: 0.00000000
[NeuralNetworkInterface] Received reward signal: 0.00000000
[Agent] Making decision using full OHLCV data
[Agent] Price data: O=17.50552750 H=17.72816059 L=17.33236947 C=17.71991474 V=128468700.00000000
[Agent_Features] Generated 18 features for the latest tick.
[Agent] Exploration: Random action: HOLD
[Agent] Received reward: 0.00000000
[NeuralNetworkInterface] Received reward signal: 0.00000000
[Agent] Making decision using full OHLCV data
[Agent] Price data: O=18.00851440 H=18.03325194 L=17.69517857 C=17.70342441 V=130377300.00000000
[Agent_Features] Generated 18 features for the latest tick.
[Agent] Exploration: Random action: HOLD
[Agent] Received reward: 0.00000000
[NeuralNetworkInterface] Received reward signal: 0.00000000
[Agent] Making decision using full OHLCV data
[Agent] Price data: O=18.27237320 H=18.27237320 L=17.90956390 C=18.21465386 V=120789200.00000000
[Agent_Features] Generated 18 features for the latest tick.
[Agent] Exploration: Random action: BUY
[Portfolio] Logged Trade: BUY 14.33109122 BAC @ 18.21. New Cash: 4959.68, New Coins: 410.47049957
[Agent] Received reward: -0.00000000
[NeuralNetworkInterface] Received reward signal: -0.00000000
[Agent] Making decision using full OHLCV data
[Agent] Price data: O=18.61044312 H=18.61044312 L=18.09921339 C=18.29710892 V=168005200.00000000
[Agent_Features] Generated 18 features for the latest tick.
[Agent] Exploration: Random action: HOLD
[Agent] Received reward: 0.00000000
[NeuralNetworkInterface] Received reward signal: 0.00000000
[Agent] Making decision using full OHLCV data
[Agent] Price data: O=18.92378998 H=19.16291330 L=18.70940263 C=18.79185955 V=182693900.00000000
[Agent_Features] Generated 18 features for the latest tick.
[Agent] Exploration: Random action: BUY
[Portfolio] Logged Trade: BUY 13.19635623 BAC @ 18.79. New Cash: 4711.70, New Coins: 423.66685580
[Agent] Received reward: 0.00000000
[NeuralNetworkInterface] Received reward signal: 0.00000000
[Agent] Making decision using full OHLCV data
[Agent] Price data: O=19.03921890 H=19.10518408 L=18.78360402 C=18.92378023 V=130590400.00000000
[Agent_Features] Generated 18 features for the latest tick.
[Agent] Exploration: Random action: BUY
[Portfolio] Logged Trade: BUY 12.44914421 BAC @ 18.92. New Cash: 4476.11, New Coins: 436.11600002
[Agent] Received reward: 0.00000000
[NeuralNetworkInterface] Received reward signal: 0.00000000
[Agent] Making decision using full OHLCV data
[Agent] Price data: O=18.64342880 H=19.17115029 L=18.58570946 C=18.96500888 V=136986000.00000000
[Agent_Features] Generated 18 features for the latest tick.
[Agent] Exploration: Random action: BUY
[Portfolio] Logged Trade: BUY 11.80097658 BAC @ 18.97. New Cash: 4252.31, New Coins: 447.91697660
[Agent] Received reward: 0.00000000
[NeuralNetworkInterface] Received reward signal: 0.00000000
[Agent] Making decision using full OHLCV data
[Agent] Price data: O=18.64342880 H=18.86606032 L=18.37956806 C=18.80009513 V=118204100.00000000
[Agent_Features] Generated 18 features for the latest tick.
[Agent] Exploration: Random action: SELL
[Portfolio] Logged Trade: SELL 22.39584883 BAC @ 18.80. New Cash: 4673.35, New Coins: 425.52112777
[Agent] Received reward: -0.00000000
[NeuralNetworkInterface] Received reward signal: -0.00000000
[Agent] Making decision using full OHLCV data
[Agent] Price data: O=18.69290161 H=19.21237723 L=18.31360063 C=18.39605750 V=225340900.00000000
[Agent_Features] Generated 18 features for the latest tick.
[Agent] Exploration: Random action: SELL
[Portfolio] Logged Trade: SELL 21.27605639 BAC @ 18.40. New Cash: 5064.75, New Coins: 404.24507138
[Agent] Received reward: 0.00000000
[NeuralNetworkInterface] Received reward signal: 0.00000000
[Agent] Making decision using full OHLCV data
[Agent] Price data: O=19.09693336 H=19.28658302 L=18.80008934 C=18.88254619 V=162025800.00000000
[Agent_Features] Generated 18 features for the latest tick.
[Agent] Exploration: Random action: SELL
[Portfolio] Logged Trade: SELL 20.21225357 BAC @ 18.88. New Cash: 5446.41, New Coins: 384.03281781
[Agent] Received reward: 0.00000000
[NeuralNetworkInterface] Received reward signal: 0.00000000
[Agent] Making decision using full OHLCV data
[Agent] Price data: O=18.68465424 H=19.22886734 L=18.67640839 C=19.09693699 V=147497700.00000000
[Agent_Features] Generated 18 features for the latest tick.
[Agent] Exploration: Random action: SELL
[Portfolio] Logged Trade: SELL 19.20164089 BAC @ 19.10. New Cash: 5813.10, New Coins: 364.83117692
[Agent] Received reward: 0.00000000
[NeuralNetworkInterface] Received reward signal: 0.00000000
[Agent] Making decision using full OHLCV data
[Agent] Price data: O=18.53623581 H=18.73413138 L=18.41255127 C=18.63518438 V=97508900.00000000
[Agent_Features] Generated 18 features for the latest tick.
[Agent] Exploration: Random action: HOLD
[Agent] Received reward: 0.00000000
[NeuralNetworkInterface] Received reward signal: 0.00000000
[Agent] Making decision using full OHLCV data
[Agent] Price data: O=18.72588158 H=18.82483013 L=18.64342629 C=18.65991640 V=83879500.00000000
[Agent_Features] Generated 18 features for the latest tick.
[Agent] Exploration: Random action: SELL
[Portfolio] Logged Trade: SELL 18.24155885 BAC @ 18.66. New Cash: 6153.48, New Coins: 346.58961807
[Agent] Received reward: 0.00000000
[NeuralNetworkInterface] Received reward signal: 0.00000000
[Agent] Making decision using full OHLCV data
[Agent] Price data: O=18.65992165 H=18.73413269 L=18.52799126 C=18.73413269 V=61079100.00000000
[Agent_Features] Generated 18 features for the latest tick.
[Agent] Exploration: Random action: BUY
[Portfolio] Logged Trade: BUY 16.42318846 BAC @ 18.73. New Cash: 5845.81, New Coins: 363.01280653
[Agent] Received reward: 0.00000000
[NeuralNetworkInterface] Received reward signal: 0.00000000
[Agent] Making decision using full OHLCV data
[Agent] Price data: O=18.58571053 H=18.74237687 L=18.52798961 C=18.63518402 V=67123500.00000000
[Agent_Features] Generated 18 features for the latest tick.
[Agent] Exploration: Random action: SELL
[Portfolio] Logged Trade: SELL 18.15064033 BAC @ 18.64. New Cash: 6184.05, New Coins: 344.86216620
[Agent] Received reward: 0.00000000
[NeuralNetworkInterface] Received reward signal: 0.00000000
[Agent] Making decision using full OHLCV data
[Agent] Price data: O=18.63518524 H=18.67641290 L=18.49500901 C=18.56097420 V=38187800.00000000
[Agent_Features] Generated 18 features for the latest tick.
[Agent] Exploration: Random action: HOLD
[Agent] Received reward: 0.00000000
[NeuralNetworkInterface] Received reward signal: 0.00000000
[Agent] Making decision using full OHLCV data
[Agent] Price data: O=18.64342880 H=18.75062164 L=18.58570946 C=18.72588410 V=39988600.00000000
[Agent_Features] Generated 18 features for the latest tick.
[Agent] Exploration: Random action: SELL
[Portfolio] Logged Trade: SELL 17.24310831 BAC @ 18.73. New Cash: 6506.94, New Coins: 327.61905789
[Agent] Received reward: 0.00000000
[NeuralNetworkInterface] Received reward signal: 0.00000000
[Agent] Making decision using full OHLCV data
[Agent] Price data: O=18.41255188 H=18.69290434 L=18.35483253 C=18.65167669 V=52652900.00000000
[Agent_Features] Generated 18 features for the latest tick.
[Agent] Exploration: Random action: SELL
[Portfolio] Logged Trade: SELL 16.38095289 BAC @ 18.65. New Cash: 6812.47, New Coins: 311.23810500
[Agent] Received reward: 0.00000000
[NeuralNetworkInterface] Received reward signal: 0.00000000
[Agent] Making decision using full OHLCV data
[Agent] Price data: O=18.14044189 H=18.46202195 L=17.95079220 C=18.41254846 V=79188400.00000000
[Agent_Features] Generated 18 features for the latest tick.
[Agent] Exploration: Random action: SELL
[Portfolio] Logged Trade: SELL 15.56190525 BAC @ 18.41. New Cash: 7099.01, New Coins: 295.67619975
[Agent] Received reward: 0.00000000
[NeuralNetworkInterface] Received reward signal: 0.00000000
[Agent] Making decision using full OHLCV data
[Agent] Price data: O=18.22290039 H=18.35483076 L=18.09921586 C=18.15693520 V=72605900.00000000
[Agent_Features] Generated 18 features for the latest tick.
[Agent] Exploration: Random action: BUY
[Portfolio] Logged Trade: BUY 19.54902935 BAC @ 18.16. New Cash: 6744.06, New Coins: 315.22522910
[Agent] Received reward: 0.00000000
[NeuralNetworkInterface] Received reward signal: 0.00000000
[Agent] Making decision using full OHLCV data
[Agent] Price data: O=18.57746696 H=18.70115151 L=18.30536033 C=18.63518632 V=99298100.00000000
[Agent_Features] Generated 18 features for the latest tick.
[Agent] Exploration: Random action: HOLD
[Agent] Received reward: 0.00000000
[NeuralNetworkInterface] Received reward signal: 0.00000000
[Agent] Making decision using full OHLCV data
[Agent] Price data: O=18.92378998 H=18.93203425 L=18.63519157 C=18.73413861 V=76875100.00000000
[Agent_Features] Generated 18 features for the latest tick.
[Agent] Exploration: Random action: BUY
[Portfolio] Logged Trade: BUY 17.99938302 BAC @ 18.73. New Cash: 6406.86, New Coins: 333.22461212
[Agent] Received reward: 0.00000000
[NeuralNetworkInterface] Received reward signal: 0.00000000
[Agent] Making decision using full OHLCV data
[Agent] Price data: O=18.70115280 H=18.90729425 L=18.42904615 C=18.81659151 V=86826400.00000000
[Agent_Features] Generated 18 features for the latest tick.
[Agent] Exploration: Random action: HOLD
[Agent] Received reward: 0.00000000
[NeuralNetworkInterface] Received reward signal: 0.00000000
[Agent] Making decision using full OHLCV data
[Agent] Price data: O=18.70115280 H=18.84132905 L=18.60220421 C=18.78360970 V=66281500.00000000
[Agent_Features] Generated 18 features for the latest tick.
[Agent] Exploration: Random action: BUY
[Portfolio] Logged Trade: BUY 17.05437850 BAC @ 18.78. New Cash: 6086.51, New Coins: 350.27899062
[Agent] Received reward: 0.00000000
[NeuralNetworkInterface] Received reward signal: 0.00000000
[Agent] Making decision using full OHLCV data
[Agent] Price data: O=18.59395218 H=18.72588254 L=18.47026766 C=18.56097038 V=75901500.00000000
[Agent_Features] Generated 18 features for the latest tick.
[Agent] Exploration: Random action: BUY
[Portfolio] Logged Trade: BUY 16.39599891 BAC @ 18.56. New Cash: 5782.19, New Coins: 366.67498953
[Agent] Received reward: 0.00000000
[NeuralNetworkInterface] Received reward signal: 0.00000000
[Agent] Making decision using full OHLCV data
[Agent] Price data: O=18.91553688 H=19.08044907 L=18.58571093 C=18.62693858 V=100977700.00000000
[Agent_Features] Generated 18 features for the latest tick.
[Agent] Exploration: Random action: BUY
[Portfolio] Logged Trade: BUY 15.52103510 BAC @ 18.63. New Cash: 5493.08, New Coins: 382.19602462
[Agent] Received reward: 0.00000000
[NeuralNetworkInterface] Received reward signal: 0.00000000
[Agent] Making decision using full OHLCV data
[Agent] Price data: O=19.02272224 H=19.02272224 L=18.73412406 C=18.91552944 V=92385600.00000000
[Agent_Features] Generated 18 features for the latest tick.
[Agent] Exploration: Random action: SELL
[Portfolio] Logged Trade: SELL 19.10980123 BAC @ 18.92. New Cash: 5854.55, New Coins: 363.08622339
[Agent] Received reward: 0.00000000
[NeuralNetworkInterface] Received reward signal: 0.00000000
[Agent] Making decision using full OHLCV data
[Agent] Price data: O=18.89904404 H=19.06395779 L=18.64342914 C=18.97325507 V=120474200.00000000
[Agent_Features] Generated 18 features for the latest tick.
[Agent] Exploration: Random action: SELL
[Portfolio] Logged Trade: SELL 18.15431117 BAC @ 18.97. New Cash: 6199.00, New Coins: 344.93191222
[Agent] Received reward: 0.00000000
[NeuralNetworkInterface] Received reward signal: 0.00000000
[Agent] Making decision using full OHLCV data
[Agent] Price data: O=18.97325325 H=19.30307915 L=18.80009367 C=19.13816541 V=161930900.00000000
[Agent_Features] Generated 18 features for the latest tick.
[Agent] Exploration: Random action: BUY
[Portfolio] Logged Trade: BUY 16.19537775 BAC @ 19.14. New Cash: 5889.05, New Coins: 361.12728997
[Agent] Received reward: 0.00000000
[NeuralNetworkInterface] Received reward signal: 0.00000000
[Agent] Making decision using full OHLCV data
[Agent] Price data: O=18.18167496 H=18.79185502 L=18.14869314 C=18.70115228 V=152495900.00000000
[Agent_Features] Generated 18 features for the latest tick.
[Agent] Exploration: Random action: BUY
[Portfolio] Logged Trade: BUY 15.74514356 BAC @ 18.70. New Cash: 5594.59, New Coins: 376.87243353
[Agent] Received reward: 0.00000000
[NeuralNetworkInterface] Received reward signal: 0.00000000
[Agent] Making decision using full OHLCV data
[Agent] Price data: O=18.65992165 H=18.67641334 L=18.22290282 C=18.38781502 V=124366000.00000000
[Agent_Features] Generated 18 features for the latest tick.
[Agent] Exploration: Random action: HOLD
[Agent] Received reward: 0.00000000
[NeuralNetworkInterface] Received reward signal: 0.00000000
[Agent] Making decision using full OHLCV data
[Agent] Price data: O=18.57746696 H=18.80834437 L=18.47851838 C=18.74237917 V=75990800.00000000
[Agent_Features] Generated 18 features for the latest tick.
[Agent] Exploration: Random action: SELL
[Portfolio] Logged Trade: SELL 18.84362168 BAC @ 18.74. New Cash: 5947.77, New Coins: 358.02881186
[Agent] Received reward: 0.00000000
[NeuralNetworkInterface] Received reward signal: 0.00000000
[Agent] Making decision using full OHLCV data
[Agent] Price data: O=18.66816521 H=18.90728999 L=18.56921821 C=18.68465690 V=102564900.00000000
[Agent_Features] Generated 18 features for the latest tick.
[Agent] Exploration: Random action: SELL
[Portfolio] Logged Trade: SELL 17.90144059 BAC @ 18.68. New Cash: 6282.25, New Coins: 340.12737126
[Agent] Received reward: 0.00000000
[NeuralNetworkInterface] Received reward signal: 0.00000000
[Agent] Making decision using full OHLCV data
[Agent] Price data: O=18.60220528 H=18.76711908 L=18.48676656 C=18.65168036 V=61385600.00000000
[Agent_Features] Generated 18 features for the latest tick.
[Agent] Exploration: Random action: SELL
[Portfolio] Logged Trade: SELL 17.00636856 BAC @ 18.65. New Cash: 6599.45, New Coins: 323.12100270
[Agent] Received reward: 0.00000000
[NeuralNetworkInterface] Received reward signal: 0.00000000
[Agent] Making decision using full OHLCV data
[Agent] Price data: O=18.92378998 H=19.04747456 L=18.53624296 C=18.64343742 V=98508700.00000000
[Agent_Features] Generated 18 features for the latest tick.
[Agent] Exploration: Random action: HOLD
[Agent] Received reward: 0.00000000
[NeuralNetworkInterface] Received reward signal: 0.00000000
[Agent] Making decision using full OHLCV data
[Agent] Price data: O=19.27009964 H=19.31132729 L=19.04746654 C=19.22887041 V=99753300.00000000
[Agent_Features] Generated 18 features for the latest tick.
[Agent] Exploration: Random action: HOLD
[Agent] Received reward: 0.00000000
[NeuralNetworkInterface] Received reward signal: 0.00000000
[Agent] Making decision using full OHLCV data
[Agent] Price data: O=19.32782173 H=19.41852290 L=19.19589134 C=19.30308419 V=84146400.00000000
[Agent_Features] Generated 18 features for the latest tick.
[Agent] Exploration: Random action: SELL
[Portfolio] Logged Trade: SELL 16.15605013 BAC @ 19.30. New Cash: 6911.31, New Coins: 306.96495256
[Agent] Received reward: -0.00000000
[NeuralNetworkInterface] Received reward signal: -0.00000000
[Agent] Making decision using full OHLCV data
[Agent] Price data: O=19.26185417 H=19.33606521 L=19.19588898 C=19.31957352 V=54590200.00000000
[Agent_Features] Generated 18 features for the latest tick.
[Agent] Exploration: Random action: BUY
[Portfolio] Logged Trade: BUY 17.88680723 BAC @ 19.32. New Cash: 6565.74, New Coins: 324.85175979
[Agent] Received reward: 0.00000000
[NeuralNetworkInterface] Received reward signal: 0.00000000
[Agent] Making decision using full OHLCV data
[Agent] Price data: O=18.92378998 H=19.12993147 L=18.72589276 C=19.12993147 V=91561200.00000000
[Agent_Features] Generated 18 features for the latest tick.
[Agent] Exploration: Random action: BUY
[Portfolio] Logged Trade: BUY 17.16091944 BAC @ 19.13. New Cash: 6237.46, New Coins: 342.01267923
[Agent] Received reward: 0.00000000
[NeuralNetworkInterface] Received reward signal: 0.00000000
[Agent] Making decision using full OHLCV data
[Agent] Price data: O=18.66816521 H=18.98974687 L=18.55272652 C=18.77535962 V=91044300.00000000
[Agent_Features] Generated 18 features for the latest tick.
[Agent] Exploration: Random action: BUY
[Portfolio] Logged Trade: BUY 16.61075253 BAC @ 18.78. New Cash: 5925.58, New Coins: 358.62343176
[Agent] Received reward: 0.00000000
[NeuralNetworkInterface] Received reward signal: 0.00000000
[Agent] Making decision using full OHLCV data
[Agent] Price data: O=18.87430763 H=19.14641424 L=18.81658829 C=18.94027282 V=103630900.00000000
[Agent_Features] Generated 18 features for the latest tick.
[Agent] Exploration: Random action: SELL
[Portfolio] Logged Trade: SELL 17.93117159 BAC @ 18.94. New Cash: 6265.21, New Coins: 340.69226017
[Agent] Received reward: 0.00000000
[NeuralNetworkInterface] Received reward signal: 0.00000000
[Agent] Making decision using full OHLCV data
[Agent] Price data: O=18.73411942 H=18.79184030 L=18.56096149 C=18.75061110 V=88679100.00000000
[Agent_Features] Generated 18 features for the latest tick.
[Agent] Exploration: Random action: SELL
[Portfolio] Logged Trade: SELL 17.03461301 BAC @ 18.75. New Cash: 6584.61, New Coins: 323.65764716
[Agent] Received reward: 0.00000000
[NeuralNetworkInterface] Received reward signal: 0.00000000
[Agent] Making decision using full OHLCV data
[Agent] Price data: O=19.20412827 H=19.25360175 L=18.92377591 C=19.08868804 V=116035100.00000000
[Agent_Features] Generated 18 features for the latest tick.
[Agent] Exploration: Random action: HOLD
[Agent] Received reward: 0.00000000
[NeuralNetworkInterface] Received reward signal: 0.00000000
[Agent] Making decision using full OHLCV data
[Agent] Price data: O=19.06395912 H=19.27834481 L=19.02272989 C=19.08869509 V=92228400.00000000
[Agent_Features] Generated 18 features for the latest tick.
[Agent] Exploration: Random action: SELL
[Portfolio] Logged Trade: SELL 16.18288236 BAC @ 19.09. New Cash: 6893.52, New Coins: 307.47476481
[Agent] Received reward: 0.00000000
[NeuralNetworkInterface] Received reward signal: 0.00000000
[Agent] Making decision using full OHLCV data
[Agent] Price data: O=18.88254929 H=19.20413089 L=18.84956748 C=19.19588505 V=87982900.00000000
[Agent_Features] Generated 18 features for the latest tick.
[Agent] Exploration: Random action: BUY
[Portfolio] Logged Trade: BUY 17.95573626 BAC @ 19.20. New Cash: 6548.85, New Coins: 325.43050107
[Agent] Received reward: -0.00000000
[NeuralNetworkInterface] Received reward signal: -0.00000000
[Agent] Making decision using full OHLCV data
[Agent] Price data: O=18.69290161 H=18.74237511 L=18.51149775 C=18.74237511 V=102264500.00000000
[Agent_Features] Generated 18 features for the latest tick.
[Agent] Exploration: Random action: SELL
[Portfolio] Logged Trade: SELL 16.27152505 BAC @ 18.74. New Cash: 6853.82, New Coins: 309.15897601
[Agent] Received reward: 0.00000000
[NeuralNetworkInterface] Received reward signal: 0.00000000
[Agent] Making decision using full OHLCV data
[Agent] Price data: O=19.06395912 H=19.08869509 L=18.66816640 C=18.76711498 V=102634200.00000000
[Agent_Features] Generated 18 features for the latest tick.
[Agent] Exploration: Random action: SELL
[Portfolio] Logged Trade: SELL 15.45794880 BAC @ 18.77. New Cash: 7143.92, New Coins: 293.70102721
[Agent] Received reward: 0.00000000
[NeuralNetworkInterface] Received reward signal: 0.00000000
[Agent] Making decision using full OHLCV data
[Agent] Price data: O=19.03097343 H=19.16290380 L=18.93202487 C=19.12167615 V=90548300.00000000
[Agent_Features] Generated 18 features for the latest tick.
[Agent] Exploration: Random action: SELL
[Portfolio] Logged Trade: SELL 14.68505136 BAC @ 19.12. New Cash: 7424.72, New Coins: 279.01597585
[Agent] Received reward: 0.00000000
[NeuralNetworkInterface] Received reward signal: 0.00000000
[Agent] Making decision using full OHLCV data
[Agent] Price data: O=19.29484177 H=19.41028206 L=19.10519199 C=19.10519199 V=105342500.00000000
[Agent_Features] Generated 18 features for the latest tick.
[Agent] Exploration: Random action: HOLD
[Agent] Received reward: 0.00000000
[NeuralNetworkInterface] Received reward signal: 0.00000000
[Agent] Making decision using full OHLCV data
[Agent] Price data: O=19.83904839 H=19.92975111 L=19.23711586 C=19.29483520 V=139711400.00000000
[Agent_Features] Generated 18 features for the latest tick.
[Agent] Exploration: Random action: SELL
[Portfolio] Logged Trade: SELL 13.95079879 BAC @ 19.29. New Cash: 7693.90, New Coins: 265.06517706
[Agent] Received reward: 0.00000000
[NeuralNetworkInterface] Received reward signal: 0.00000000
[Agent] Making decision using full OHLCV data
[Agent] Price data: O=20.26782227 H=20.42449017 L=19.88027700 C=20.06992671 V=151233300.00000000
[Agent_Features] Generated 18 features for the latest tick.
[Agent] Exploration: Random action: SELL
[Portfolio] Logged Trade: SELL 13.25325885 BAC @ 20.07. New Cash: 7959.89, New Coins: 251.81191821
[Agent] Received reward: 0.00000000
[NeuralNetworkInterface] Received reward signal: 0.00000000
[Agent] Making decision using full OHLCV data
[Agent] Price data: O=20.26782227 H=20.30080564 L=20.03694333 C=20.23484046 V=98144500.00000000
[Agent_Features] Generated 18 features for the latest tick.
[Agent] Exploration: Random action: BUY
[Portfolio] Logged Trade: BUY 19.66877370 BAC @ 20.23. New Cash: 7561.90, New Coins: 271.48069191
[Agent] Received reward: -0.00000000
[NeuralNetworkInterface] Received reward signal: -0.00000000
[Agent] Making decision using full OHLCV data
[Agent] Price data: O=20.21835136 H=20.26782487 L=19.95449059 C=20.02045578 V=85789200.00000000
[Agent_Features] Generated 18 features for the latest tick.
[Agent] Exploration: Random action: SELL
[Portfolio] Logged Trade: SELL 13.57403460 BAC @ 20.02. New Cash: 7833.65, New Coins: 257.90665731
[Agent] Received reward: 0.00000000
[NeuralNetworkInterface] Received reward signal: 0.00000000
[Agent] Making decision using full OHLCV data
[Agent] Price data: O=20.43273735 H=20.44922747 L=20.26782359 C=20.27606944 V=78571500.00000000
[Agent_Features] Generated 18 features for the latest tick.
[Agent] Exploration: Random action: SELL
[Portfolio] Logged Trade: SELL 12.89533287 BAC @ 20.28. New Cash: 8095.12, New Coins: 245.01132445
[Agent] Received reward: 0.00000000
[NeuralNetworkInterface] Received reward signal: 0.00000000
[Agent] Making decision using full OHLCV data
[Agent] Price data: O=20.44098473 H=20.57291511 L=20.23484330 C=20.29256265 V=81531900.00000000
[Agent_Features] Generated 18 features for the latest tick.
[Agent] Exploration: Random action: SELL
[Portfolio] Logged Trade: SELL 12.25056622 BAC @ 20.29. New Cash: 8343.72, New Coins: 232.76075823
[Agent] Received reward: 0.00000000
[NeuralNetworkInterface] Received reward signal: 0.00000000
[Agent] Making decision using full OHLCV data
[Agent] Price data: O=20.26782227 H=20.52343716 L=20.21010293 C=20.44098186 V=85846000.00000000
[Agent_Features] Generated 18 features for the latest tick.
[Agent] Exploration: Random action: BUY
[Portfolio] Logged Trade: BUY 20.40928348 BAC @ 20.44. New Cash: 7926.53, New Coins: 253.17004170
[Agent] Received reward: 0.00000000
[NeuralNetworkInterface] Received reward signal: 0.00000000
[Agent] Making decision using full OHLCV data
[Agent] Price data: O=19.97923088 H=20.07817948 L=19.80607280 C=19.88852970 V=97074400.00000000
[Agent_Features] Generated 18 features for the latest tick.
[Agent] Exploration: Random action: SELL
[Portfolio] Logged Trade: SELL 12.65850209 BAC @ 19.89. New Cash: 8178.29, New Coins: 240.51153962
[Agent] Received reward: 0.00000000
[NeuralNetworkInterface] Received reward signal: 0.00000000
[Agent] Making decision using full OHLCV data
[Agent] Price data: O=20.25958252 H=20.33379357 L=19.94624819 C=19.95449404 V=69129100.00000000
[Agent_Features] Generated 18 features for the latest tick.
[Agent] Exploration: Random action: BUY
[Portfolio] Logged Trade: BUY 20.49234887 BAC @ 19.95. New Cash: 7769.37, New Coins: 261.00388849
[Agent] Received reward: 0.00000000
[NeuralNetworkInterface] Received reward signal: 0.00000000
[Agent] Making decision using full OHLCV data
[Agent] Price data: O=20.35028076 H=20.36677245 L=20.13589350 C=20.18536700 V=90242000.00000000
[Agent_Features] Generated 18 features for the latest tick.
[Agent] Exploration: Random action: SELL
[Portfolio] Logged Trade: SELL 13.05019442 BAC @ 20.19. New Cash: 8032.80, New Coins: 247.95369407
[Agent] Received reward: 0.00000000
[NeuralNetworkInterface] Received reward signal: 0.00000000
[Agent] Making decision using full OHLCV data
[Agent] Price data: O=21.09052086 H=21.18150008 L=20.85893810 C=20.98300125 V=143947500.00000000
[Agent_Features] Generated 18 features for the latest tick.
[Agent] Exploration: Random action: SELL
[Portfolio] Logged Trade: SELL 12.39768470 BAC @ 20.98. New Cash: 8292.94, New Coins: 235.55600936
[Agent] Received reward: 0.00000000
[NeuralNetworkInterface] Received reward signal: 0.00000000
[Agent] Making decision using full OHLCV data
[Agent] Price data: O=20.86720085 H=21.33863559 L=20.84238949 C=21.23938700 V=99824600.00000000
[Agent_Features] Generated 18 features for the latest tick.
[Agent] Exploration: Random action: BUY
[Portfolio] Logged Trade: BUY 19.52254604 BAC @ 21.24. New Cash: 7878.29, New Coins: 255.07855541
[Agent] Received reward: 0.00000000
[NeuralNetworkInterface] Received reward signal: 0.00000000
[Agent] Making decision using full OHLCV data
[Agent] Price data: O=21.04089165 H=21.21457749 L=20.92509951 C=20.92509951 V=92456100.00000000
[Agent_Features] Generated 18 features for the latest tick.
[Agent] Exploration: Random action: BUY
[Portfolio] Logged Trade: BUY 18.82497930 BAC @ 20.93. New Cash: 7484.38, New Coins: 273.90353471
[Agent] Received reward: 0.00000000
[NeuralNetworkInterface] Received reward signal: 0.00000000
[Agent] Making decision using full OHLCV data
[Agent] Price data: O=20.88374519 H=20.96645341 L=20.74314170 C=20.94991145 V=75660400.00000000
[Agent_Features] Generated 18 features for the latest tick.
[Agent] Exploration: Random action: BUY
[Portfolio] Logged Trade: BUY 17.86254981 BAC @ 20.95. New Cash: 7110.16, New Coins: 291.76608452
[Agent] Received reward: 0.00000000
[NeuralNetworkInterface] Received reward signal: 0.00000000
[Agent] Making decision using full OHLCV data
[Agent] Price data: O=20.85066605 H=20.97472919 L=20.75968841 C=20.85893703 V=64053700.00000000
[Agent_Features] Generated 18 features for the latest tick.
[Agent] Exploration: Random action: BUY
[Portfolio] Logged Trade: BUY 17.04343297 BAC @ 20.86. New Cash: 6754.65, New Coins: 308.80951749
[Agent] Received reward: 0.00000000
[NeuralNetworkInterface] Received reward signal: 0.00000000
[Agent] Making decision using full OHLCV data
[Agent] Price data: O=20.89201927 H=21.31382982 L=20.85893535 C=21.17322631 V=105314600.00000000
[Agent_Features] Generated 18 features for the latest tick.
[Agent] Exploration: Random action: HOLD
[Agent] Received reward: 0.00000000
[NeuralNetworkInterface] Received reward signal: 0.00000000
[Agent] Making decision using full OHLCV data
[Agent] Price data: O=20.96645546 H=21.11532995 L=20.86720527 C=20.96645546 V=78984600.00000000
[Agent_Features] Generated 18 features for the latest tick.
[Agent] Exploration: Random action: BUY
[Portfolio] Logged Trade: BUY 16.10823064 BAC @ 20.97. New Cash: 6416.92, New Coins: 324.91774813
[Agent] Received reward: 0.00000000
[NeuralNetworkInterface] Received reward signal: 0.00000000
[Agent] Making decision using full OHLCV data
[Agent] Price data: O=20.93337250 H=21.18976817 L=20.75141566 C=21.18976817 V=86998800.00000000
[Agent_Features] Generated 18 features for the latest tick.
[Agent] Exploration: Random action: HOLD
[Agent] Received reward: 0.00000000
[NeuralNetworkInterface] Received reward signal: 0.00000000
[Agent] Making decision using full OHLCV data
[Agent] Price data: O=20.92510414 H=21.01608336 L=20.78450061 C=20.92510414 V=56886200.00000000
[Agent_Features] Generated 18 features for the latest tick.
[Agent] Exploration: Random action: SELL
[Portfolio] Logged Trade: SELL 16.24588741 BAC @ 20.93. New Cash: 6756.86, New Coins: 308.67186072
[Agent] Received reward: 0.00000000
[NeuralNetworkInterface] Received reward signal: 0.00000000
[Agent] Making decision using full OHLCV data
[Agent] Price data: O=20.94164276 H=20.95818472 L=20.71833102 C=20.83412317 V=63182700.00000000
[Agent_Features] Generated 18 features for the latest tick.
[Agent] Exploration: Random action: HOLD
[Agent] Received reward: 0.00000000
[NeuralNetworkInterface] Received reward signal: 0.00000000
[Agent] Making decision using full OHLCV data
[Agent] Price data: O=20.82585335 H=21.13187175 L=20.64389492 C=20.99953921 V=114662700.00000000
[Agent_Features] Generated 18 features for the latest tick.
[Agent] Exploration: Random action: HOLD
[Agent] Received reward: 0.00000000
[NeuralNetworkInterface] Received reward signal: 0.00000000
[Agent] Making decision using full OHLCV data
[Agent] Price data: O=20.85893250 H=21.08224421 L=20.83412113 C=20.87547445 V=70306200.00000000
[Agent_Features] Generated 18 features for the latest tick.
[Agent] Exploration: Random action: HOLD
[Agent] Received reward: 0.00000000
[NeuralNetworkInterface] Received reward signal: 0.00000000
[Agent] Making decision using full OHLCV data
[Agent] Price data: O=20.56118011 H=20.90028231 L=20.53636718 C=20.85892742 V=105222400.00000000
[Agent_Features] Generated 18 features for the latest tick.
[Agent] Exploration: Random action: BUY
[Portfolio] Logged Trade: BUY 16.19657678 BAC @ 20.86. New Cash: 6419.02, New Coins: 324.86843750
[Agent] Received reward: 0.00000000
[NeuralNetworkInterface] Received reward signal: 0.00000000
[Agent] Making decision using full OHLCV data
[Agent] Price data: O=20.21380997 H=20.47847498 L=20.19726801 C=20.32960052 V=87287500.00000000
[Agent_Features] Generated 18 features for the latest tick.
[Agent] Exploration: Random action: SELL
[Portfolio] Logged Trade: SELL 16.24342188 BAC @ 20.33. New Cash: 6749.24, New Coins: 308.62501563
[Agent] Received reward: 0.00000000
[NeuralNetworkInterface] Received reward signal: 0.00000000
[Agent] Making decision using full OHLCV data
[Agent] Price data: O=19.03936386 H=20.31306503 L=18.98146857 C=20.26344072 V=259545800.00000000
[Agent_Features] Generated 18 features for the latest tick.
[Agent] Exploration: Random action: BUY
[Portfolio] Logged Trade: BUY 16.65374490 BAC @ 20.26. New Cash: 6411.78, New Coins: 325.27876052
[Agent] Received reward: 0.00000000
[NeuralNetworkInterface] Received reward signal: 0.00000000
[Agent] Making decision using full OHLCV data
[Agent] Price data: O=18.97319031 H=19.17168905 L=18.56792184 C=18.73333667 V=167984400.00000000
[Agent_Features] Generated 18 features for the latest tick.
[Agent] Exploration: Random action: BUY
[Portfolio] Logged Trade: BUY 17.11329217 BAC @ 18.73. New Cash: 6091.19, New Coins: 342.39205270
[Agent] Received reward: 0.00000000
[NeuralNetworkInterface] Received reward signal: 0.00000000
[Agent] Making decision using full OHLCV data
[Agent] Price data: O=19.08071709 H=19.42809042 L=18.94838454 C=19.05590572 V=111666800.00000000
[Agent_Features] Generated 18 features for the latest tick.
[Agent] Exploration: Random action: BUY
[Portfolio] Logged Trade: BUY 15.98242640 BAC @ 19.06. New Cash: 5786.63, New Coins: 358.37447910
[Agent] Received reward: 0.00000000
[NeuralNetworkInterface] Received reward signal: 0.00000000
[Agent] Making decision using full OHLCV data
[Agent] Price data: O=19.12206841 H=19.31229621 L=18.82431944 C=19.18823467 V=113499100.00000000
[Agent_Features] Generated 18 features for the latest tick.
[Agent] Exploration: Random action: HOLD
[Agent] Received reward: 0.00000000
[NeuralNetworkInterface] Received reward signal: 0.00000000
[Agent] Making decision using full OHLCV data
[Agent] Price data: O=19.04762840 H=19.06416878 L=18.32806904 C=18.42731920 V=119513500.00000000
[Agent_Features] Generated 18 features for the latest tick.
[Agent] Exploration: Random action: BUY
[Portfolio] Logged Trade: BUY 15.70123288 BAC @ 18.43. New Cash: 5497.30, New Coins: 374.07571197
[Agent] Received reward: 0.00000000
[NeuralNetworkInterface] Received reward signal: 0.00000000
[Agent] Making decision using full OHLCV data
[Agent] Price data: O=19.41981316 H=19.57695860 L=19.02281564 C=19.03108662 V=95761700.00000000
[Agent_Features] Generated 18 features for the latest tick.
[Agent] Exploration: Random action: SELL
[Portfolio] Logged Trade: SELL 18.70378560 BAC @ 19.03. New Cash: 5853.25, New Coins: 355.37192637
[Agent] Received reward: 0.00000000
[NeuralNetworkInterface] Received reward signal: 0.00000000
[Agent] Making decision using full OHLCV data
[Agent] Price data: O=19.31229973 H=19.56042286 L=19.27921580 C=19.44463227 V=67204500.00000000
[Agent_Features] Generated 18 features for the latest tick.
[Agent] Exploration: Random action: BUY
[Portfolio] Logged Trade: BUY 15.05108004 BAC @ 19.44. New Cash: 5560.59, New Coins: 370.42300642
[Agent] Received reward: 0.00000000
[NeuralNetworkInterface] Received reward signal: 0.00000000
[Agent] Making decision using full OHLCV data
[Agent] Price data: O=19.74237442 H=19.83335203 L=19.29575105 C=19.33710436 V=79189200.00000000
[Agent_Features] Generated 18 features for the latest tick.
[Agent] Exploration: Random action: HOLD
[Agent] Received reward: 0.00000000
[NeuralNetworkInterface] Received reward signal: 0.00000000
[Agent] Making decision using full OHLCV data
[Agent] Price data: O=19.51079750 H=19.82508689 L=19.51079750 C=19.70929631 V=77158300.00000000
[Agent_Features] Generated 18 features for the latest tick.
[Agent] Exploration: Random action: BUY
[Portfolio] Logged Trade: BUY 14.10651992 BAC @ 19.71. New Cash: 5282.56, New Coins: 384.52952633
[Agent] Received reward: 0.00000000
[NeuralNetworkInterface] Received reward signal: 0.00000000
[Agent] Making decision using full OHLCV data
[Agent] Price data: O=19.51079750 H=19.64313004 L=19.08898694 C=19.56042181 V=88076600.00000000
[Agent_Features] Generated 18 features for the latest tick.
[Agent] Exploration: Random action: BUY
[Portfolio] Logged Trade: BUY 13.50319050 BAC @ 19.56. New Cash: 5018.43, New Coins: 398.03271683
[Agent] Received reward: 0.00000000
[NeuralNetworkInterface] Received reward signal: 0.00000000
[Agent] Making decision using full OHLCV data
[Agent] Price data: O=19.38673210 H=19.44462738 L=19.18823333 C=19.18823333 V=75244400.00000000
[Agent_Features] Generated 18 features for the latest tick.
[Agent] Exploration: Random action: SELL
[Portfolio] Logged Trade: SELL 19.90163584 BAC @ 19.19. New Cash: 5400.31, New Coins: 378.13108099
[Agent] Received reward: 0.00000000
[NeuralNetworkInterface] Received reward signal: 0.00000000
[Agent] Making decision using full OHLCV data
[Agent] Price data: O=19.16341972 H=19.75064503 L=19.14687777 C=19.65966742 V=97453300.00000000
[Agent_Features] Generated 18 features for the latest tick.
[Agent] Exploration: Random action: SELL
[Portfolio] Logged Trade: SELL 18.90655405 BAC @ 19.66. New Cash: 5772.01, New Coins: 359.22452694
[Agent] Received reward: 0.00000000
[NeuralNetworkInterface] Received reward signal: 0.00000000
[Agent] Making decision using full OHLCV data
[Agent] Price data: O=19.23786354 H=19.40327844 L=18.98973882 C=19.16342628 V=82975200.00000000
[Agent_Features] Generated 18 features for the latest tick.
[Agent] Exploration: Random action: BUY
[Portfolio] Logged Trade: BUY 15.05995757 BAC @ 19.16. New Cash: 5483.41, New Coins: 374.28448451
[Agent] Received reward: 0.00000000
[NeuralNetworkInterface] Received reward signal: 0.00000000
[Agent] Making decision using full OHLCV data
[Agent] Price data: O=19.15515327 H=19.30402778 L=18.96492545 C=19.04763368 V=79519400.00000000
[Agent_Features] Generated 18 features for the latest tick.
[Agent] Exploration: Random action: SELL
[Portfolio] Logged Trade: SELL 18.71422423 BAC @ 19.05. New Cash: 5839.87, New Coins: 355.57026028
[Agent] Received reward: 0.00000000
[NeuralNetworkInterface] Received reward signal: 0.00000000
[Agent] Making decision using full OHLCV data
[Agent] Price data: O=19.03936386 H=19.25440465 L=18.94838464 C=19.13034150 V=63254700.00000000
[Agent_Features] Generated 18 features for the latest tick.
[Agent] Exploration: Random action: HOLD
[Agent] Received reward: 0.00000000
[NeuralNetworkInterface] Received reward signal: 0.00000000
[Agent] Making decision using full OHLCV data
[Agent] Price data: O=18.95665550 H=18.98146845 L=18.67544845 C=18.88221825 V=94206700.00000000
[Agent_Features] Generated 18 features for the latest tick.
[Agent] Exploration: Random action: HOLD
[Agent] Received reward: 0.00000000
[NeuralNetworkInterface] Received reward signal: 0.00000000
[Agent] Making decision using full OHLCV data
[Agent] Price data: O=18.73334122 H=18.97319491 L=18.70025887 C=18.92356903 V=76556300.00000000
[Agent_Features] Generated 18 features for the latest tick.
[Agent] Exploration: Random action: HOLD
[Agent] Received reward: 0.00000000
[NeuralNetworkInterface] Received reward signal: 0.00000000
[Agent] Making decision using full OHLCV data
[Agent] Price data: O=18.47694588 H=18.98973400 L=18.47694588 C=18.65890270 V=88061800.00000000
[Agent_Features] Generated 18 features for the latest tick.
[Agent] Exploration: Random action: BUY
[Portfolio] Logged Trade: BUY 15.64901519 BAC @ 18.66. New Cash: 5547.88, New Coins: 371.21927547
[Agent] Received reward: 0.00000000
[NeuralNetworkInterface] Received reward signal: 0.00000000
[Agent] Making decision using full OHLCV data
[Agent] Price data: O=18.86567116 H=18.88221312 L=18.41077835 C=18.49348656 V=85053200.00000000
[Agent_Features] Generated 18 features for the latest tick.
[Agent] Exploration: Random action: HOLD
[Agent] Received reward: 0.00000000
[NeuralNetworkInterface] Received reward signal: 0.00000000
[Agent] Making decision using full OHLCV data
[Agent] Price data: O=18.78296852 H=19.14688382 L=18.51003244 C=19.11380147 V=146488400.00000000
[Agent_Features] Generated 18 features for the latest tick.
[Agent] Exploration: Random action: HOLD
[Agent] Received reward: 0.00000000
[NeuralNetworkInterface] Received reward signal: 0.00000000
[Agent] Making decision using full OHLCV data
[Agent] Price data: O=18.80777550 H=19.14687775 L=18.75815120 C=18.95664996 V=101771800.00000000
[Agent_Features] Generated 18 features for the latest tick.
[Agent] Exploration: Random action: HOLD
[Agent] Received reward: 0.00000000
[NeuralNetworkInterface] Received reward signal: 0.00000000
[Agent] Making decision using full OHLCV data
[Agent] Price data: O=19.08071709 H=19.16342532 L=18.87394728 C=18.98973787 V=103802600.00000000
[Agent_Features] Generated 18 features for the latest tick.
[Agent] Exploration: Random action: BUY
[Portfolio] Logged Trade: BUY 14.60756231 BAC @ 18.99. New Cash: 5270.48, New Coins: 385.82683777
[Agent] Received reward: 0.00000000
[NeuralNetworkInterface] Received reward signal: 0.00000000
[Simulation] Simulation run finished. Ticks processed in this run: 240

Simulation Finished in 0.03 seconds.
--------------------
  Final Portfolio  
--------------------
Cash:      $5270.48
Asset:     385.8268 BAC
Total Value: $12597.23
--------------------
[Simulation] Simulation destroyed.
[AutonomousTradingAgent] Agent destroyed
[NeuralNetworkInterface] Destructor called.
[Portfolio] Destroyed for asset: BAC. Final cash: 5270.48, Final assets: 385.83
