Loading data from training_run_20250621_125703/data/GOOGL_1d_20200309_to_20210209.csv...
Loaded 185 data points.
[Portfolio] Initialized for asset: GOOGL with initial cash: 10000.00. Initial Portfolio Value: 10000.00
[NeuralNetworkInterface] Constructor called.
[NeuralNetworkInterface] Initializing...
Warning: NN model path is empty. Initializing in a mock state.
[NeuralNetworkInterface] Initialized successfully.
[AutonomousTradingAgent] Agent initialized for GOOGL without API client (CSV mode).
[Simulation] Initialized with 185 data points.
[Simulation] API client is NULL (offline/CSV mode).

Starting Simulation for GOOGL...
[Simulation] Starting simulation run...
[Agent] Making decision using full OHLCV data
[Agent] Price data: O=68.85 H=69.22 L=67.31 C=67.67 V=47094000.00
[Agent_Features] Generated 15 features for the latest tick.
[Agent] Exploration: Random action: HOLD
[Agent] Received reward: 0.00
[NeuralNetworkInterface] Received reward signal: 0.00
[Agent] Making decision using full OHLCV data
[Agent] Price data: O=68.31 H=69.21 L=68.28 C=68.86 V=31586000.00
[Agent_Features] Generated 17 features for the latest tick.
[Agent] Exploration: Random action: BUY
[Portfolio] Logged Trade: BUY 7.26100154 GOOGL @ 68.86. New Cash: 9500.00, New Coins: 7.26100154
[Agent] Received reward: 0.00000000
[NeuralNetworkInterface] Received reward signal: 0.00000000
[Agent] Making decision using full OHLCV data
[Agent] Price data: O=70.03796387 H=70.18060966 L=68.95744603 C=69.04392538 V=38262000.00000000
[Agent_Features] Generated 17 features for the latest tick.
[Agent] Exploration: Random action: SELL
[Portfolio] Logged Trade: SELL 0.36305008 GOOGL @ 69.04. New Cash: 9525.07, New Coins: 6.89795147
[Agent] Received reward: 0.00000000
[NeuralNetworkInterface] Received reward signal: 0.00000000
[Agent] Making decision using full OHLCV data
[Agent] Price data: O=69.91818237 H=70.40078459 L=69.30386278 C=70.12891653 V=30894000.00000000
[Agent_Features] Generated 17 features for the latest tick.
[Agent] Exploration: Random action: HOLD
[Agent] Received reward: 0.00000000
[NeuralNetworkInterface] Received reward signal: 0.00000000
[Agent] Making decision using full OHLCV data
[Agent] Price data: O=70.24073792 H=70.42761305 L=69.38138985 C=69.77651917 V=28544000.00000000
[Agent_Features] Generated 18 features for the latest tick.
[Agent] Exploration: Random action: SELL
[Portfolio] Logged Trade: SELL 0.34489757 GOOGL @ 69.78. New Cash: 9549.13, New Coins: 6.55305389
[Agent] Received reward: 0.00000000
[NeuralNetworkInterface] Received reward signal: 0.00000000
[Agent] Making decision using full OHLCV data
[Agent] Price data: O=70.64482117 H=71.82474892 L=70.54691287 C=71.66818664 V=44590000.00000000
[Agent_Features] Generated 18 features for the latest tick.
[Agent] Exploration: Random action: HOLD
[Agent] Received reward: 0.00000000
[NeuralNetworkInterface] Received reward signal: 0.00000000
[Agent] Making decision using full OHLCV data
[Agent] Price data: O=70.59064484 H=70.84263546 L=69.31430289 C=70.57672836 V=31684000.00000000
[Agent_Features] Generated 18 features for the latest tick.
[Agent] Exploration: Random action: BUY
[Portfolio] Logged Trade: BUY 6.76507142 GOOGL @ 70.58. New Cash: 9071.68, New Coins: 13.31812531
[Agent] Received reward: 0.00000000
[NeuralNetworkInterface] Received reward signal: 0.00000000
[Agent] Making decision using full OHLCV data
[Agent] Price data: O=70.48925018 H=71.79243149 L=69.53696126 C=69.58268466 V=35170000.00000000
[Agent_Features] Generated 18 features for the latest tick.
[Agent] Exploration: Random action: HOLD
[Agent] Received reward: 0.00000000
[NeuralNetworkInterface] Received reward signal: 0.00000000
[Agent] Making decision using full OHLCV data
[Agent] Price data: O=71.24870300 H=71.40824575 L=70.37693237 C=70.59810198 V=37044000.00000000
[Agent_Features] Generated 18 features for the latest tick.
[Agent] Exploration: Random action: HOLD
[Agent] Received reward: 0.00000000
[NeuralNetworkInterface] Received reward signal: 0.00000000
[Agent] Making decision using full OHLCV data
[Agent] Price data: O=71.31578827 H=71.64929074 L=70.69003981 C=70.86002558 V=25162000.00000000
[Agent_Features] Generated 18 features for the latest tick.
[Agent] Exploration: Random action: SELL
[Portfolio] Logged Trade: SELL 0.66590627 GOOGL @ 70.86. New Cash: 9118.86, New Coins: 12.65221904
[Agent] Received reward: 0.00000000
[NeuralNetworkInterface] Received reward signal: 0.00000000
[Agent] Making decision using full OHLCV data
[Agent] Price data: O=71.68558502 H=71.71987947 L=70.65675153 C=71.32226255 V=23442000.00000000
[Agent_Features] Generated 18 features for the latest tick.
[Agent] Exploration: Random action: HOLD
[Agent] Received reward: 0.00000000
[NeuralNetworkInterface] Received reward signal: 0.00000000
[Agent] Making decision using full OHLCV data
[Agent] Price data: O=71.53349304 H=72.01858277 L=71.15426713 C=71.70496528 V=27732000.00000000
[Agent_Features] Generated 18 features for the latest tick.
[Agent] Exploration: Random action: SELL
[Portfolio] Logged Trade: SELL 0.63261095 GOOGL @ 71.70. New Cash: 9164.22, New Coins: 12.01960809
[Agent] Received reward: 0.00000000
[NeuralNetworkInterface] Received reward signal: 0.00000000
[Agent] Making decision using full OHLCV data
[Agent] Price data: O=70.29341888 H=71.63637023 L=69.88139259 C=71.41071855 V=26982000.00000000
[Agent_Features] Generated 18 features for the latest tick.
[Agent] Exploration: Random action: BUY
[Portfolio] Logged Trade: BUY 6.41655988 GOOGL @ 71.41. New Cash: 8706.01, New Coins: 18.43616797
[Agent] Received reward: 0.00000000
[NeuralNetworkInterface] Received reward signal: 0.00000000
[Agent] Making decision using full OHLCV data
[Agent] Price data: O=71.57176208 H=71.88389313 L=69.96141706 C=70.36002745 V=42642000.00000000
[Agent_Features] Generated 18 features for the latest tick.
[Agent] Exploration: Random action: HOLD
[Agent] Received reward: 0.00000000
[NeuralNetworkInterface] Received reward signal: 0.00000000
[Agent] Making decision using full OHLCV data
[Agent] Price data: O=71.97037506 H=72.01808545 L=70.79939633 C=70.88886373 V=33878000.00000000
[Agent_Features] Generated 18 features for the latest tick.
[Agent] Exploration: Random action: HOLD
[Agent] Received reward: 0.00000000
[NeuralNetworkInterface] Received reward signal: 0.00000000
[Agent] Making decision using full OHLCV data
[Agent] Price data: O=72.17115784 H=72.95247509 L=71.68805513 C=71.83120145 V=33624000.00000000
[Agent_Features] Generated 18 features for the latest tick.
[Agent] Exploration: Random action: BUY
[Portfolio] Logged Trade: BUY 6.06004891 GOOGL @ 71.83. New Cash: 8270.71, New Coins: 24.49621688
[Agent] Received reward: 0.00000000
[NeuralNetworkInterface] Received reward signal: 0.00000000
[Agent] Making decision using full OHLCV data
[Agent] Price data: O=72.79840088 H=73.19949118 L=72.28448474 C=72.63985164 V=31762000.00000000
[Agent_Features] Generated 18 features for the latest tick.
[Agent] Exploration: Random action: BUY
[Portfolio] Logged Trade: BUY 5.69295717 GOOGL @ 72.64. New Cash: 7857.18, New Coins: 30.18917405
[Agent] Received reward: 0.00000000
[NeuralNetworkInterface] Received reward signal: 0.00000000
[Agent] Making decision using full OHLCV data
[Agent] Price data: O=69.67712402 H=72.14731010 L=69.50366481 C=71.62195739 V=47144000.00000000
[Agent_Features] Generated 18 features for the latest tick.
[Agent] Exploration: Random action: SELL
[Portfolio] Logged Trade: SELL 1.50945870 GOOGL @ 71.62. New Cash: 7965.29, New Coins: 28.67971534
[Agent] Received reward: 0.00000000
[NeuralNetworkInterface] Received reward signal: 0.00000000
[Agent] Making decision using full OHLCV data
[Agent] Price data: O=70.22483826 H=71.29790098 L=68.87691944 C=70.86797665 V=36676000.00000000
[Agent_Features] Generated 18 features for the latest tick.
[Agent] Exploration: Random action: HOLD
[Agent] Received reward: 0.00000000
[NeuralNetworkInterface] Received reward signal: 0.00000000
[Agent] Making decision using full OHLCV data
[Agent] Price data: O=70.61350250 H=70.82523012 L=68.94649830 C=69.06031763 V=30468000.00000000
[Agent_Features] Generated 18 features for the latest tick.
[Agent] Exploration: Random action: HOLD
[Agent] Received reward: 0.00000000
[NeuralNetworkInterface] Received reward signal: 0.00000000
[Agent] Making decision using full OHLCV data
[Agent] Price data: O=71.89233398 H=72.42414056 L=71.02354392 C=72.01807522 V=30648000.00000000
[Agent_Features] Generated 18 features for the latest tick.
[Agent] Exploration: Random action: BUY
[Portfolio] Logged Trade: BUY 5.53006039 GOOGL @ 72.02. New Cash: 7567.02, New Coins: 34.20977573
[Agent] Received reward: 0.00000000
[NeuralNetworkInterface] Received reward signal: 0.00000000
[Agent] Making decision using full OHLCV data
[Agent] Price data: O=72.19403076 H=72.67415304 L=71.32872161 C=72.21391578 V=30610000.00000000
[Agent_Features] Generated 18 features for the latest tick.
[Agent] Exploration: Random action: BUY
[Portfolio] Logged Trade: BUY 5.23930999 GOOGL @ 72.21. New Cash: 7188.67, New Coins: 39.44908572
[Agent] Received reward: 0.00000000
[NeuralNetworkInterface] Received reward signal: 0.00000000
[Agent] Making decision using full OHLCV data
[Agent] Price data: O=71.27851868 H=72.21539714 L=70.88686275 C=72.06032891 V=34862000.00000000
[Agent_Features] Generated 18 features for the latest tick.
[Agent] Exploration: Random action: HOLD
[Agent] Received reward: 0.00000000
[NeuralNetworkInterface] Received reward signal: 0.00000000
[Agent] Making decision using full OHLCV data
[Agent] Price data: O=70.80734253 H=71.79441886 L=70.52701843 C=71.57076174 V=52784000.00000000
[Agent_Features] Generated 18 features for the latest tick.
[Agent] Exploration: Random action: BUY
[Portfolio] Logged Trade: BUY 5.02207224 GOOGL @ 71.57. New Cash: 6829.24, New Coins: 44.47115796
[Agent] Received reward: 0.00000000
[NeuralNetworkInterface] Received reward signal: 0.00000000
[Agent] Making decision using full OHLCV data
[Agent] Price data: O=72.10057831 H=72.11499532 L=70.53646502 C=70.82573054 V=29442000.00000000
[Agent_Features] Generated 18 features for the latest tick.
[Agent] Exploration: Random action: SELL
[Portfolio] Logged Trade: SELL 2.22355790 GOOGL @ 70.83. New Cash: 6986.72, New Coins: 42.24760006
[Agent] Received reward: 0.00000000
[NeuralNetworkInterface] Received reward signal: 0.00000000
[Agent] Making decision using full OHLCV data
[Agent] Price data: O=72.76261139 H=73.32027152 L=71.81927147 C=72.16718338 V=37752000.00000000
[Agent_Features] Generated 18 features for the latest tick.
[Agent] Exploration: Random action: BUY
[Portfolio] Logged Trade: BUY 4.84065053 GOOGL @ 72.17. New Cash: 6637.39, New Coins: 47.08825059
[Agent] Received reward: 0.00000000
[NeuralNetworkInterface] Received reward signal: 0.00000000
[Agent] Making decision using full OHLCV data
[Agent] Price data: O=71.20794678 H=73.34959789 L=71.07374946 C=72.72783091 V=31592000.00000000
[Agent_Features] Generated 18 features for the latest tick.
[Agent] Exploration: Random action: SELL
[Portfolio] Logged Trade: SELL 2.35441253 GOOGL @ 72.73. New Cash: 6808.62, New Coins: 44.73383806
[Agent] Received reward: 0.00000000
[NeuralNetworkInterface] Received reward signal: 0.00000000
[Agent] Making decision using full OHLCV data
[Agent] Price data: O=71.62544250 H=71.68607588 L=70.55386612 C=71.13438422 V=23958000.00000000
[Agent_Features] Generated 18 features for the latest tick.
[Agent] Exploration: Random action: SELL
[Portfolio] Logged Trade: SELL 2.23669190 GOOGL @ 71.13. New Cash: 6967.72, New Coins: 42.49714616
[Agent] Received reward: 0.00000000
[NeuralNetworkInterface] Received reward signal: 0.00000000
[Agent] Making decision using full OHLCV data
[Agent] Price data: O=67.72085571 H=71.42265389 L=67.34610431 C=71.20446476 V=97640000.00000000
[Agent_Features] Generated 18 features for the latest tick.
[Agent] Exploration: Random action: SELL
[Portfolio] Logged Trade: SELL 2.12485731 GOOGL @ 71.20. New Cash: 7119.02, New Coins: 40.37228885
[Agent] Received reward: 0.00000000
[NeuralNetworkInterface] Received reward signal: 0.00000000
[Agent] Making decision using full OHLCV data
[Agent] Price data: O=69.44203186 H=69.48328834 L=67.17959940 C=67.61151074 V=45074000.00000000
[Agent_Features] Generated 18 features for the latest tick.
[Agent] Exploration: Random action: HOLD
[Agent] Received reward: 0.00000000
[NeuralNetworkInterface] Received reward signal: 0.00000000
[Agent] Making decision using full OHLCV data
[Agent] Price data: O=70.47981262 H=70.77553969 L=68.93308893 C=69.42762825 V=40286000.00000000
[Agent_Features] Generated 18 features for the latest tick.
[Agent] Exploration: Random action: HOLD
[Agent] Received reward: 0.00000000
[NeuralNetworkInterface] Received reward signal: 0.00000000
[Agent] Making decision using full OHLCV data
[Agent] Price data: O=71.67017365 H=71.99224721 L=70.28746726 C=70.53548393 V=42182000.00000000
[Agent_Features] Generated 18 features for the latest tick.
[Agent] Exploration: Random action: SELL
[Portfolio] Logged Trade: SELL 2.01861444 GOOGL @ 70.54. New Cash: 7261.41, New Coins: 38.35367441
[Agent] Received reward: 0.00000000
[NeuralNetworkInterface] Received reward signal: 0.00000000
[Agent] Making decision using full OHLCV data
[Agent] Price data: O=73.05834198 H=73.98230505 L=72.12096297 C=72.15923897 V=57218000.00000000
[Agent_Features] Generated 18 features for the latest tick.
[Agent] Exploration: Random action: BUY
[Portfolio] Logged Trade: BUY 5.03151541 GOOGL @ 72.16. New Cash: 6898.34, New Coins: 43.38518982
[Agent] Received reward: 0.00000000
[NeuralNetworkInterface] Received reward signal: 0.00000000
[Agent] Making decision using full OHLCV data
[Agent] Price data: O=74.53548431 H=75.04990102 L=73.40874261 C=73.96391525 V=44712000.00000000
[Agent_Features] Generated 18 features for the latest tick.
[Agent] Exploration: Random action: SELL
[Portfolio] Logged Trade: SELL 2.16925949 GOOGL @ 73.96. New Cash: 7058.78, New Coins: 41.21593033
[Agent] Received reward: 0.00000000
[NeuralNetworkInterface] Received reward signal: 0.00000000
[Agent] Making decision using full OHLCV data
[Agent] Price data: O=74.05188751 H=75.61252751 L=74.04095151 C=74.36053753 V=42364000.00000000
[Agent_Features] Generated 18 features for the latest tick.
[Agent] Exploration: Random action: HOLD
[Agent] Received reward: 0.00000000
[NeuralNetworkInterface] Received reward signal: 0.00000000
[Agent] Making decision using full OHLCV data
[Agent] Price data: O=74.73181152 H=75.10805696 L=74.17017737 C=74.59264675 V=31766000.00000000
[Agent_Features] Generated 18 features for the latest tick.
[Agent] Exploration: Random action: HOLD
[Agent] Received reward: 0.00000000
[NeuralNetworkInterface] Received reward signal: 0.00000000
[Agent] Making decision using full OHLCV data
[Agent] Price data: O=75.48032379 H=76.00120203 L=74.33370457 C=75.04642544 V=41836000.00000000
[Agent_Features] Generated 18 features for the latest tick.
[Agent] Exploration: Random action: HOLD
[Agent] Received reward: 0.00000000
[NeuralNetworkInterface] Received reward signal: 0.00000000
[Agent] Making decision using full OHLCV data
[Agent] Price data: O=76.49175262 H=76.60755895 L=74.58866871 C=75.21142916 V=35918000.00000000
[Agent_Features] Generated 18 features for the latest tick.
[Agent] Exploration: Random action: SELL
[Portfolio] Logged Trade: SELL 2.06079652 GOOGL @ 75.21. New Cash: 7213.78, New Coins: 39.15513381
[Agent] Received reward: 0.00000000
[NeuralNetworkInterface] Received reward signal: 0.00000000
[Agent] Making decision using full OHLCV data
[Agent] Price data: O=75.16074371 H=78.34812529 L=74.87893314 C=77.03500132 V=42954000.00000000
[Agent_Features] Generated 18 features for the latest tick.
[Agent] Exploration: Random action: SELL
[Portfolio] Logged Trade: SELL 1.95775669 GOOGL @ 77.04. New Cash: 7364.59, New Coins: 37.19737712
[Agent] Received reward: 0.00000000
[NeuralNetworkInterface] Received reward signal: 0.00000000
[Agent] Making decision using full OHLCV data
[Agent] Price data: O=75.58966827 H=75.68609013 L=73.85358193 C=74.19453944 V=38108000.00000000
[Agent_Features] Generated 18 features for the latest tick.
[Agent] Exploration: Random action: SELL
[Portfolio] Logged Trade: SELL 1.85986886 GOOGL @ 74.19. New Cash: 7502.59, New Coins: 35.33750827
[Agent] Received reward: 0.00000000
[NeuralNetworkInterface] Received reward signal: 0.00000000
[Agent] Making decision using full OHLCV data
[Agent] Price data: O=75.39184570 H=76.35854405 L=74.44502479 C=75.70745015 V=31026000.00000000
[Agent_Features] Generated 18 features for the latest tick.
[Agent] Exploration: Random action: SELL
[Portfolio] Logged Trade: SELL 1.76687541 GOOGL @ 75.71. New Cash: 7636.35, New Coins: 33.57063285
[Agent] Received reward: 0.00000000
[NeuralNetworkInterface] Received reward signal: 0.00000000
[Agent] Making decision using full OHLCV data
[Agent] Price data: O=75.29444122 H=75.34364564 L=73.96988070 C=74.62743618 V=26484000.00000000
[Agent_Features] Generated 18 features for the latest tick.
[Agent] Exploration: Random action: BUY
[Portfolio] Logged Trade: BUY 5.11631676 GOOGL @ 74.63. New Cash: 7254.53, New Coins: 38.68694961
[Agent] Received reward: 0.00000000
[NeuralNetworkInterface] Received reward signal: 0.00000000
[Agent] Making decision using full OHLCV data
[Agent] Price data: O=75.39035797 H=75.71739898 L=74.45844695 C=75.39333845 V=34264000.00000000
[Agent_Features] Generated 18 features for the latest tick.
[Agent] Exploration: Random action: HOLD
[Agent] Received reward: 0.00000000
[NeuralNetworkInterface] Received reward signal: 0.00000000
[Agent] Making decision using full OHLCV data
[Agent] Price data: O=77.72585297 H=77.98281105 L=74.68707832 C=75.29840983 V=30166000.00000000
[Agent_Features] Generated 18 features for the latest tick.
[Agent] Exploration: Random action: BUY
[Portfolio] Logged Trade: BUY 4.81718968 GOOGL @ 75.30. New Cash: 6891.81, New Coins: 43.50413929
[Agent] Received reward: 0.00000000
[NeuralNetworkInterface] Received reward signal: 0.00000000
[Agent] Making decision using full OHLCV data
[Agent] Price data: O=77.33219910 H=78.87942294 L=77.16818187 C=78.77902714 V=27486000.00000000
[Agent_Features] Generated 18 features for the latest tick.
[Agent] Exploration: Random action: HOLD
[Agent] Received reward: 0.00000000
[NeuralNetworkInterface] Received reward signal: 0.00000000
[Agent] Making decision using full OHLCV data
[Agent] Price data: O=77.77605438 H=77.88191820 L=76.70149753 C=77.32177808 V=24482000.00000000
[Agent_Features] Generated 18 features for the latest tick.
[Agent] Exploration: Random action: HOLD
[Agent] Received reward: 0.00000000
[NeuralNetworkInterface] Received reward signal: 0.00000000
[Agent] Making decision using full OHLCV data
[Agent] Price data: O=75.38538361 H=78.04940664 L=74.97981123 C=77.82972350 V=33910000.00000000
[Agent_Features] Generated 18 features for the latest tick.
[Agent] Exploration: Random action: SELL
[Portfolio] Logged Trade: SELL 2.17520696 GOOGL @ 77.83. New Cash: 7061.10, New Coins: 41.32893233
[Agent] Received reward: 0.00000000
[NeuralNetworkInterface] Received reward signal: 0.00000000
[Agent] Making decision using full OHLCV data
[Agent] Price data: O=74.96093750 H=75.31978545 L=73.93608560 C=74.51262973 V=29902000.00000000
[Agent_Features] Generated 18 features for the latest tick.
[Agent] Exploration: Random action: HOLD
[Agent] Received reward: 0.00000000
[NeuralNetworkInterface] Received reward signal: 0.00000000
[Agent] Making decision using full OHLCV data
[Agent] Price data: O=76.01560211 H=76.41968047 L=75.16570355 C=75.21192749 V=27124000.00000000
[Agent_Features] Generated 18 features for the latest tick.
[Agent] Exploration: Random action: BUY
[Portfolio] Logged Trade: BUY 4.69413810 GOOGL @ 75.21. New Cash: 6708.05, New Coins: 46.02307042
[Agent] Received reward: -0.00000000
[NeuralNetworkInterface] Received reward signal: -0.00000000
[Agent] Making decision using full OHLCV data
[Agent] Price data: O=74.73429108 H=75.84562219 L=74.57872232 C=75.79542429 V=30910000.00000000
[Agent_Features] Generated 18 features for the latest tick.
[Agent] Exploration: Random action: SELL
[Portfolio] Logged Trade: SELL 2.30115352 GOOGL @ 75.80. New Cash: 6882.47, New Coins: 43.72191690
[Agent] Received reward: 0.00000000
[NeuralNetworkInterface] Received reward signal: 0.00000000
[Agent] Making decision using full OHLCV data
[Agent] Price data: O=75.72137451 H=76.20944472 L=74.70248359 C=74.80139296 V=22676000.00000000
[Agent_Features] Generated 18 features for the latest tick.
[Agent] Exploration: Random action: BUY
[Portfolio] Logged Trade: BUY 4.60049268 GOOGL @ 74.80. New Cash: 6538.34, New Coins: 48.32240958
[Agent] Received reward: 0.00000000
[NeuralNetworkInterface] Received reward signal: 0.00000000
[Agent] Making decision using full OHLCV data
[Agent] Price data: O=76.45995331 H=76.58520161 L=74.31282650 C=74.45199129 V=36042000.00000000
[Agent_Features] Generated 18 features for the latest tick.
[Agent] Exploration: Random action: SELL
[Portfolio] Logged Trade: SELL 2.41612048 GOOGL @ 74.45. New Cash: 6718.23, New Coins: 45.90628910
[Agent] Received reward: 0.00000000
[NeuralNetworkInterface] Received reward signal: 0.00000000
[Agent] Making decision using full OHLCV data
[Agent] Price data: O=73.95397949 H=74.80239173 L=72.26659699 C=74.40626884 V=91468000.00000000
[Agent_Features] Generated 18 features for the latest tick.
[Agent] Exploration: Random action: HOLD
[Agent] Received reward: 0.00000000
[NeuralNetworkInterface] Received reward signal: 0.00000000
[Agent] Making decision using full OHLCV data
[Agent] Price data: O=73.69602966 H=74.44006454 L=73.14731845 C=74.10557609 V=45482000.00000000
[Agent_Features] Generated 18 features for the latest tick.
[Agent] Exploration: Random action: HOLD
[Agent] Received reward: 0.00000000
[NeuralNetworkInterface] Received reward signal: 0.00000000
[Agent] Making decision using full OHLCV data
[Agent] Price data: O=73.22584534 H=74.21044184 L=72.76510753 C=73.89234983 V=37212000.00000000
[Agent_Features] Generated 18 features for the latest tick.
[Agent] Exploration: Random action: SELL
[Portfolio] Logged Trade: SELL 2.29531446 GOOGL @ 73.89. New Cash: 6887.83, New Coins: 43.61097465
[Agent] Received reward: 0.00000000
[NeuralNetworkInterface] Received reward signal: 0.00000000
[Agent] Making decision using full OHLCV data
[Agent] Price data: O=73.51360321 H=74.05585280 L=73.12244787 C=73.40078496 V=29134000.00000000
[Agent_Features] Generated 18 features for the latest tick.
[Agent] Exploration: Random action: HOLD
[Agent] Received reward: 0.00000000
[NeuralNetworkInterface] Received reward signal: 0.00000000
[Agent] Making decision using full OHLCV data
[Agent] Price data: O=74.79889679 H=74.86450520 L=73.15625209 C=73.36748675 V=33306000.00000000
[Agent_Features] Generated 18 features for the latest tick.
[Agent] Exploration: Random action: BUY
[Portfolio] Logged Trade: BUY 4.69406369 GOOGL @ 73.37. New Cash: 6543.44, New Coins: 48.30503834
[Agent] Received reward: 0.00000000
[NeuralNetworkInterface] Received reward signal: 0.00000000
[Agent] Making decision using full OHLCV data
[Agent] Price data: O=74.47187042 H=75.55139469 L=73.87047384 C=75.00219059 V=27718000.00000000
[Agent_Features] Generated 18 features for the latest tick.
[Agent] Exploration: Random action: BUY
[Portfolio] Logged Trade: BUY 4.36216690 GOOGL @ 75.00. New Cash: 6216.27, New Coins: 52.66720524
[Agent] Received reward: 0.00000000
[NeuralNetworkInterface] Received reward signal: 0.00000000
[Agent] Making decision using full OHLCV data
[Agent] Price data: O=74.39482117 H=74.90823671 L=73.43407627 C=74.09561316 V=20546000.00000000
[Agent_Features] Generated 18 features for the latest tick.
[Agent] Exploration: Random action: HOLD
[Agent] Received reward: 0.00000000
[NeuralNetworkInterface] Received reward signal: 0.00000000
[Agent] Making decision using full OHLCV data
[Agent] Price data: O=73.58567810 H=75.07176818 L=73.46887829 C=74.25466246 V=31098000.00000000
[Agent_Features] Generated 18 features for the latest tick.
[Agent] Exploration: Random action: HOLD
[Agent] Received reward: 0.00000000
[NeuralNetworkInterface] Received reward signal: 0.00000000
[Agent] Making decision using full OHLCV data
[Agent] Price data: O=74.91271973 H=75.13290341 L=73.80734954 C=73.91272039 V=22512000.00000000
[Agent_Features] Generated 18 features for the latest tick.
[Agent] Exploration: Random action: SELL
[Portfolio] Logged Trade: SELL 2.63336026 GOOGL @ 73.91. New Cash: 6410.91, New Coins: 50.03384498
[Agent] Received reward: 0.00000000
[NeuralNetworkInterface] Received reward signal: 0.00000000
[Agent] Making decision using full OHLCV data
[Agent] Price data: O=75.38041687 H=76.39036636 L=74.96093556 C=74.96093556 V=22388000.00000000
[Agent_Features] Generated 18 features for the latest tick.
[Agent] Exploration: Random action: HOLD
[Agent] Received reward: 0.00000000
[NeuralNetworkInterface] Received reward signal: 0.00000000
[Agent] Making decision using full OHLCV data
[Agent] Price data: O=74.78300476 H=75.53648915 L=74.50318117 C=75.22932555 V=21942000.00000000
[Agent_Features] Generated 18 features for the latest tick.
[Agent] Exploration: Random action: HOLD
[Agent] Received reward: 0.00000000
[NeuralNetworkInterface] Received reward signal: 0.00000000
[Agent] Making decision using full OHLCV data
[Agent] Price data: O=75.36003876 H=75.73479774 L=74.80139267 C=75.34662282 V=19990000.00000000
[Agent_Features] Generated 18 features for the latest tick.
[Agent] Exploration: Random action: BUY
[Portfolio] Logged Trade: BUY 4.25427708 GOOGL @ 75.35. New Cash: 6090.36, New Coins: 54.28812206
[Agent] Received reward: 0.00000000
[NeuralNetworkInterface] Received reward signal: 0.00000000
[Agent] Making decision using full OHLCV data
[Agent] Price data: O=77.32524109 H=77.40426543 L=75.62991114 C=75.85108070 V=28378000.00000000
[Agent_Features] Generated 18 features for the latest tick.
[Agent] Exploration: Random action: BUY
[Portfolio] Logged Trade: BUY 4.01468426 GOOGL @ 75.85. New Cash: 5785.84, New Coins: 58.30280632
[Agent] Received reward: 0.00000000
[NeuralNetworkInterface] Received reward signal: 0.00000000
[Agent] Making decision using full OHLCV data
[Agent] Price data: O=76.77007294 H=77.97534587 L=76.54094784 C=77.16172123 V=30472000.00000000
[Agent_Features] Generated 18 features for the latest tick.
[Agent] Exploration: Random action: HOLD
[Agent] Received reward: 0.00000000
[NeuralNetworkInterface] Received reward signal: 0.00000000
[Agent] Making decision using full OHLCV data
[Agent] Price data: O=78.34265137 H=78.53748204 L=76.26560771 C=76.53946274 V=26382000.00000000
[Agent_Features] Generated 18 features for the latest tick.
[Agent] Exploration: Random action: SELL
[Portfolio] Logged Trade: SELL 2.91514032 GOOGL @ 76.54. New Cash: 6008.97, New Coins: 55.38766600
[Agent] Received reward: 0.00000000
[NeuralNetworkInterface] Received reward signal: 0.00000000
[Agent] Making decision using full OHLCV data
[Agent] Price data: O=78.30886078 H=79.11949749 L=77.64981129 C=78.12147749 V=34838000.00000000
[Agent_Features] Generated 18 features for the latest tick.
[Agent] Exploration: Random action: SELL
[Portfolio] Logged Trade: SELL 2.76938330 GOOGL @ 78.12. New Cash: 6225.32, New Coins: 52.61828270
[Agent] Received reward: 0.00000000
[NeuralNetworkInterface] Received reward signal: 0.00000000
[Agent] Making decision using full OHLCV data
[Agent] Price data: O=78.78499603 H=79.95945565 L=78.28250885 C=79.14881141 V=25638000.00000000
[Agent_Features] Generated 18 features for the latest tick.
[Agent] Exploration: Random action: SELL
[Portfolio] Logged Trade: SELL 2.63091414 GOOGL @ 79.15. New Cash: 6433.55, New Coins: 49.98736857
[Agent] Received reward: -0.00000000
[NeuralNetworkInterface] Received reward signal: -0.00000000
[Agent] Making decision using full OHLCV data
[Agent] Price data: O=79.81382751 H=79.96442123 L=78.42365876 C=78.53399707 V=25150000.00000000
[Agent_Features] Generated 18 features for the latest tick.
[Agent] Exploration: Random action: HOLD
[Agent] Received reward: 0.00000000
[NeuralNetworkInterface] Received reward signal: 0.00000000
[Agent] Making decision using full OHLCV data
[Agent] Price data: O=81.71642303 H=82.14684795 L=79.57179134 C=79.83620443 V=52188000.00000000
[Agent_Features] Generated 18 features for the latest tick.
[Agent] Exploration: Random action: SELL
[Portfolio] Logged Trade: SELL 2.49936843 GOOGL @ 79.84. New Cash: 6633.09, New Coins: 47.48800014
[Agent] Received reward: 0.00000000
[NeuralNetworkInterface] Received reward signal: 0.00000000
[Agent] Making decision using full OHLCV data
[Agent] Price data: O=80.94057465 H=81.90826656 L=80.45796487 C=81.83967766 V=31350000.00000000
[Agent_Features] Generated 18 features for the latest tick.
[Agent] Exploration: Random action: SELL
[Portfolio] Logged Trade: SELL 2.37440001 GOOGL @ 81.84. New Cash: 6827.41, New Coins: 45.11360013
[Agent] Received reward: 0.00000000
[NeuralNetworkInterface] Received reward signal: 0.00000000
[Agent] Making decision using full OHLCV data
[Agent] Price data: O=81.48282623 H=81.57825460 L=80.79595131 C=80.98780154 V=22418000.00000000
[Agent_Features] Generated 18 features for the latest tick.
[Agent] Exploration: Random action: SELL
[Portfolio] Logged Trade: SELL 2.25568001 GOOGL @ 80.99. New Cash: 7010.09, New Coins: 42.85792012
[Agent] Received reward: 0.00000000
[NeuralNetworkInterface] Received reward signal: 0.00000000
[Agent] Making decision using full OHLCV data
[Agent] Price data: O=80.99077606 H=81.73481088 L=80.78202890 C=81.68858694 V=26422000.00000000
[Agent_Features] Generated 18 features for the latest tick.
[Agent] Exploration: Random action: BUY
[Portfolio] Logged Trade: BUY 4.29074184 GOOGL @ 81.69. New Cash: 6659.59, New Coins: 47.14866196
[Agent] Received reward: 0.00000000
[NeuralNetworkInterface] Received reward signal: 0.00000000
[Agent] Making decision using full OHLCV data
[Agent] Price data: O=82.26064301 H=82.46640966 L=80.99076272 C=81.12147900 V=22652000.00000000
[Agent_Features] Generated 18 features for the latest tick.
[Agent] Exploration: Random action: BUY
[Portfolio] Logged Trade: BUY 4.10470088 GOOGL @ 81.12. New Cash: 6326.61, New Coins: 51.25336284
[Agent] Received reward: -0.00000000
[NeuralNetworkInterface] Received reward signal: -0.00000000
[Agent] Making decision using full OHLCV data
[Agent] Price data: O=85.35758209 H=85.79048692 L=82.51463158 C=82.90329945 V=49522000.00000000
[Agent_Features] Generated 18 features for the latest tick.
[Agent] Exploration: Random action: SELL
[Portfolio] Logged Trade: SELL 2.56266814 GOOGL @ 82.90. New Cash: 6539.06, New Coins: 48.69069470
[Agent] Received reward: 0.00000000
[NeuralNetworkInterface] Received reward signal: 0.00000000
[Agent] Making decision using full OHLCV data
[Agent] Price data: O=80.98977661 H=84.49326290 L=79.90627083 C=84.46940392 V=63726000.00000000
[Agent_Features] Generated 18 features for the latest tick.
[Agent] Exploration: Random action: SELL
[Portfolio] Logged Trade: SELL 2.43453473 GOOGL @ 84.47. New Cash: 6744.71, New Coins: 46.25615996
[Agent] Received reward: 0.00000000
[NeuralNetworkInterface] Received reward signal: 0.00000000
[Agent] Making decision using full OHLCV data
[Agent] Price data: O=78.58917999 H=81.26214484 L=76.44006626 C=79.97039233 V=55850000.00000000
[Agent_Features] Generated 18 features for the latest tick.
[Agent] Exploration: Random action: BUY
[Portfolio] Logged Trade: BUY 4.21700198 GOOGL @ 79.97. New Cash: 6407.47, New Coins: 50.47316194
[Agent] Received reward: 0.00000000
[NeuralNetworkInterface] Received reward signal: 0.00000000
[Agent] Making decision using full OHLCV data
[Agent] Price data: O=75.72585297 H=77.31382552 L=75.37296596 C=75.79543536 V=54032000.00000000
[Agent_Features] Generated 18 features for the latest tick.
[Agent] Exploration: Random action: BUY
[Portfolio] Logged Trade: BUY 4.22681836 GOOGL @ 75.80. New Cash: 6087.10, New Coins: 54.69998030
[Agent] Received reward: 0.00000000
[NeuralNetworkInterface] Received reward signal: 0.00000000
[Agent] Making decision using full OHLCV data
[Agent] Price data: O=76.90031433 H=77.47138291 L=75.80388542 C=76.98331266 V=39242000.00000000
[Agent_Features] Generated 18 features for the latest tick.
[Agent] Exploration: Random action: SELL
[Portfolio] Logged Trade: SELL 2.73499902 GOOGL @ 76.98. New Cash: 6297.65, New Coins: 51.96498129
[Agent] Received reward: 0.00000000
[NeuralNetworkInterface] Received reward signal: 0.00000000
[Agent] Making decision using full OHLCV data
[Agent] Price data: O=75.84761810 H=78.21392747 L=75.54692359 C=77.04693031 V=33024000.00000000
[Agent_Features] Generated 18 features for the latest tick.
[Agent] Exploration: Random action: BUY
[Portfolio] Logged Trade: BUY 4.08688995 GOOGL @ 77.05. New Cash: 5982.76, New Coins: 56.05187124
[Agent] Received reward: 0.00000000
[NeuralNetworkInterface] Received reward signal: 0.00000000
[Agent] Making decision using full OHLCV data
[Agent] Price data: O=75.33618164 H=76.47633922 L=74.20595899 C=75.95198762 V=30706000.00000000
[Agent_Features] Generated 18 features for the latest tick.
[Agent] Exploration: Random action: BUY
[Portfolio] Logged Trade: BUY 3.93851719 GOOGL @ 75.95. New Cash: 5683.63, New Coins: 59.99038842
[Agent] Received reward: 0.00000000
[NeuralNetworkInterface] Received reward signal: 0.00000000
[Agent] Making decision using full OHLCV data
[Agent] Price data: O=74.99174500 H=77.38588712 L=74.80685683 C=76.12594165 V=42660000.00000000
[Agent_Features] Generated 18 features for the latest tick.
[Agent] Exploration: Random action: SELL
[Portfolio] Logged Trade: SELL 2.99951942 GOOGL @ 76.13. New Cash: 5911.97, New Coins: 56.99086900
[Agent] Received reward: 0.00000000
[NeuralNetworkInterface] Received reward signal: 0.00000000
[Agent] Making decision using full OHLCV data
[Agent] Price data: O=76.29840088 H=77.08717306 L=75.65128856 C=75.93906004 V=23042000.00000000
[Agent_Features] Generated 18 features for the latest tick.
[Agent] Exploration: Random action: BUY
[Portfolio] Logged Trade: BUY 3.89257334 GOOGL @ 75.94. New Cash: 5616.37, New Coins: 60.88344234
[Agent] Received reward: 0.00000000
[NeuralNetworkInterface] Received reward signal: 0.00000000
[Agent] Making decision using full OHLCV data
[Agent] Price data: O=75.15377808 H=77.25517373 L=75.12892560 C=76.66422019 V=22128000.00000000
[Agent_Features] Generated 18 features for the latest tick.
[Agent] Exploration: Random action: SELL
[Portfolio] Logged Trade: SELL 3.04417212 GOOGL @ 76.66. New Cash: 5849.75, New Coins: 57.83927022
[Agent] Received reward: 0.00000000
[NeuralNetworkInterface] Received reward signal: 0.00000000
[Agent] Making decision using full OHLCV data
[Agent] Price data: O=73.90873718 H=74.48627474 L=72.68706774 C=73.84760328 V=40008000.00000000
[Agent_Features] Generated 18 features for the latest tick.
[Agent] Exploration: Random action: BUY
[Portfolio] Logged Trade: BUY 3.96068909 GOOGL @ 73.85. New Cash: 5557.26, New Coins: 61.79995931
[Agent] Received reward: 0.00000000
[NeuralNetworkInterface] Received reward signal: 0.00000000
[Agent] Making decision using full OHLCV data
[Agent] Price data: O=72.12196350 H=74.31432076 L=71.15427151 C=73.97137627 V=63056000.00000000
[Agent_Features] Generated 18 features for the latest tick.
[Agent] Exploration: Random action: SELL
[Portfolio] Logged Trade: SELL 3.08999797 GOOGL @ 73.97. New Cash: 5785.83, New Coins: 58.70996134
[Agent] Received reward: 0.00000000
[NeuralNetworkInterface] Received reward signal: 0.00000000
[Agent] Making decision using full OHLCV data
[Agent] Price data: O=71.08071136 H=71.57374904 L=69.71589548 C=71.15426772 V=56908000.00000000
[Agent_Features] Generated 18 features for the latest tick.
[Agent] Exploration: Random action: SELL
[Portfolio] Logged Trade: SELL 2.93549807 GOOGL @ 71.15. New Cash: 5994.71, New Coins: 55.77446328
[Agent] Received reward: -0.00000000
[NeuralNetworkInterface] Received reward signal: -0.00000000
[Agent] Making decision using full OHLCV data
[Agent] Price data: O=72.55585480 H=72.76212201 L=71.04889372 C=72.08368807 V=33950000.00000000
[Agent_Features] Generated 18 features for the latest tick.
[Agent] Exploration: Random action: BUY
[Portfolio] Logged Trade: BUY 4.15815652 GOOGL @ 72.08. New Cash: 5694.97, New Coins: 59.93261980
[Agent] Received reward: 0.00000000
[NeuralNetworkInterface] Received reward signal: 0.00000000
[Agent] Making decision using full OHLCV data
[Agent] Price data: O=70.04939270 H=72.22087141 L=69.71589776 C=72.17166699 V=37726000.00000000
[Agent_Features] Generated 18 features for the latest tick.
[Agent] Exploration: Random action: BUY
[Portfolio] Logged Trade: BUY 3.94543325 GOOGL @ 72.17. New Cash: 5410.22, New Coins: 63.87805304
[Agent] Received reward: 0.00000000
[NeuralNetworkInterface] Received reward signal: 0.00000000
[Agent] Making decision using full OHLCV data
[Agent] Price data: O=70.71887970 H=71.47087008 L=69.68955324 C=69.71589975 V=34552000.00000000
[Agent_Features] Generated 18 features for the latest tick.
[Agent] Exploration: Random action: HOLD
[Agent] Received reward: 0.00000000
[NeuralNetworkInterface] Received reward signal: 0.00000000
[Agent] Making decision using full OHLCV data
[Agent] Price data: O=71.52404785 H=71.86599124 L=69.96440136 C=70.82772347 V=30326000.00000000
[Agent_Features] Generated 18 features for the latest tick.
[Agent] Exploration: Random action: HOLD
[Agent] Received reward: 0.00000000
[NeuralNetworkInterface] Received reward signal: 0.00000000
[Agent] Making decision using full OHLCV data
[Agent] Price data: O=72.49819946 H=73.21042729 L=71.88289402 C=73.16072992 V=30784000.00000000
[Agent_Features] Generated 18 features for the latest tick.
[Agent] Exploration: Random action: BUY
[Portfolio] Logged Trade: BUY 3.69749003 GOOGL @ 73.16. New Cash: 5139.71, New Coins: 67.57554308
[Agent] Received reward: 0.00000000
[NeuralNetworkInterface] Received reward signal: 0.00000000
[Agent] Making decision using full OHLCV data
[Agent] Price data: O=72.86401367 H=73.16122716 L=72.26659105 C=72.75914335 V=31816000.00000000
[Agent_Features] Generated 18 features for the latest tick.
[Agent] Exploration: Random action: SELL
[Portfolio] Logged Trade: SELL 3.37877715 GOOGL @ 72.76. New Cash: 5385.55, New Coins: 64.19676593
[Agent] Received reward: 0.00000000
[NeuralNetworkInterface] Received reward signal: 0.00000000
[Agent] Making decision using full OHLCV data
[Agent] Price data: O=72.84313965 H=73.86699808 L=72.35407592 C=72.61152698 V=40924000.00000000
[Agent_Features] Generated 18 features for the latest tick.
[Agent] Exploration: Random action: HOLD
[Agent] Received reward: 0.00000000
[NeuralNetworkInterface] Received reward signal: 0.00000000
[Agent] Making decision using full OHLCV data
[Agent] Price data: O=73.95148468 H=74.30785267 L=73.39979306 C=73.74075054 V=32884000.00000000
[Agent_Features] Generated 18 features for the latest tick.
[Agent] Exploration: Random action: BUY
[Portfolio] Logged Trade: BUY 3.65167646 GOOGL @ 73.74. New Cash: 5116.27, New Coins: 67.84844239
[Agent] Received reward: 0.00000000
[NeuralNetworkInterface] Received reward signal: 0.00000000
[Agent] Making decision using full OHLCV data
[Agent] Price data: O=72.34610748 H=73.51062452 L=71.93606819 C=72.54640614 V=31222000.00000000
[Agent_Features] Generated 18 features for the latest tick.
[Agent] Exploration: Random action: HOLD
[Agent] Received reward: 0.00000000
[NeuralNetworkInterface] Received reward signal: 0.00000000
[Agent] Making decision using full OHLCV data
[Agent] Price data: O=73.69950104 H=73.79244187 L=72.56927834 C=72.69651361 V=21602000.00000000
[Agent_Features] Generated 18 features for the latest tick.
[Agent] Exploration: Random action: HOLD
[Agent] Received reward: 0.00000000
[NeuralNetworkInterface] Received reward signal: 0.00000000
[Agent] Making decision using full OHLCV data
[Agent] Price data: O=72.11848450 H=73.78349431 L=71.81977698 C=73.33518656 V=26096000.00000000
[Agent_Features] Generated 18 features for the latest tick.
[Agent] Exploration: Random action: SELL
[Portfolio] Logged Trade: SELL 3.39242212 GOOGL @ 73.34. New Cash: 5365.05, New Coins: 64.45602027
[Agent] Received reward: 0.00000000
[NeuralNetworkInterface] Received reward signal: 0.00000000
[Agent] Making decision using full OHLCV data
[Agent] Price data: O=72.52206421 H=73.01063496 L=71.23428569 C=72.53051269 V=36108000.00000000
[Agent_Features] Generated 18 features for the latest tick.
[Agent] Exploration: Random action: SELL
[Portfolio] Logged Trade: SELL 3.22280101 GOOGL @ 72.53. New Cash: 5598.81, New Coins: 61.23321925
[Agent] Received reward: -0.00000000
[NeuralNetworkInterface] Received reward signal: -0.00000000
[Agent] Making decision using full OHLCV data
[Agent] Price data: O=73.72933197 H=73.95795659 L=72.83568924 C=72.83568924 V=26076000.00000000
[Agent_Features] Generated 18 features for the latest tick.
[Agent] Exploration: Random action: BUY
[Portfolio] Logged Trade: BUY 3.84344905 GOOGL @ 72.84. New Cash: 5318.86, New Coins: 65.07666830
[Agent] Received reward: 0.00000000
[NeuralNetworkInterface] Received reward signal: 0.00000000
[Agent] Making decision using full OHLCV data
[Agent] Price data: O=75.07226562 H=75.14184801 L=73.90675497 C=74.19800750 V=32966000.00000000
[Agent_Features] Generated 18 features for the latest tick.
[Agent] Exploration: Random action: HOLD
[Agent] Received reward: 0.00000000
[NeuralNetworkInterface] Received reward signal: 0.00000000
[Agent] Making decision using full OHLCV data
[Agent] Price data: O=77.76312256 H=78.94751706 L=76.00913844 C=76.44155028 V=55344000.00000000
[Agent_Features] Generated 18 features for the latest tick.
[Agent] Exploration: Random action: SELL
[Portfolio] Logged Trade: SELL 3.25383342 GOOGL @ 76.44. New Cash: 5567.59, New Coins: 61.82283489
[Agent] Received reward: 0.00000000
[NeuralNetworkInterface] Received reward signal: 0.00000000
[Agent] Making decision using full OHLCV data
[Agent] Price data: O=77.88638306 H=78.78549358 L=77.46690179 C=78.38042175 V=39072000.00000000
[Agent_Features] Generated 18 features for the latest tick.
[Agent] Exploration: Random action: BUY
[Portfolio] Logged Trade: BUY 3.55164778 GOOGL @ 78.38. New Cash: 5289.21, New Coins: 65.37448267
[Agent] Received reward: 0.00000000
[NeuralNetworkInterface] Received reward signal: 0.00000000
[Agent] Making decision using full OHLCV data
[Agent] Price data: O=77.70597076 H=78.72038718 L=76.83420014 C=78.26065047 V=33174000.00000000
[Agent_Features] Generated 18 features for the latest tick.
[Agent] Exploration: Random action: BUY
[Portfolio] Logged Trade: BUY 3.37922912 GOOGL @ 78.26. New Cash: 5024.75, New Coins: 68.75371179
[Agent] Received reward: 0.00000000
[NeuralNetworkInterface] Received reward signal: 0.00000000
[Agent] Making decision using full OHLCV data
[Agent] Price data: O=77.30985260 H=78.10160543 L=76.59713172 C=76.76462242 V=31210000.00000000
[Agent_Features] Generated 18 features for the latest tick.
[Agent] Exploration: Random action: HOLD
[Agent] Received reward: 0.00000000
[NeuralNetworkInterface] Received reward signal: 0.00000000
[Agent] Making decision using full OHLCV data
[Agent] Price data: O=77.91770172 H=78.41521387 L=77.41869554 C=77.62594866 V=34194000.00000000
[Agent_Features] Generated 18 features for the latest tick.
[Agent] Exploration: Random action: SELL
[Portfolio] Logged Trade: SELL 3.43768559 GOOGL @ 77.63. New Cash: 5291.61, New Coins: 65.31602620
[Agent] Received reward: -0.00000000
[NeuralNetworkInterface] Received reward signal: -0.00000000
[Agent] Making decision using full OHLCV data
[Agent] Price data: O=76.04145050 H=78.72436525 L=75.69205213 C=78.32674837 V=29734000.00000000
[Agent_Features] Generated 18 features for the latest tick.
[Agent] Exploration: Random action: BUY
[Portfolio] Logged Trade: BUY 3.37790501 GOOGL @ 78.33. New Cash: 5027.03, New Coins: 68.69393121
[Agent] Received reward: -0.00000000
[NeuralNetworkInterface] Received reward signal: -0.00000000
[Agent] Making decision using full OHLCV data
[Agent] Price data: O=77.09165955 H=78.22287580 L=75.57177541 C=75.70149822 V=41670000.00000000
[Agent_Features] Generated 18 features for the latest tick.
[Agent] Exploration: Random action: SELL
[Portfolio] Logged Trade: SELL 3.43469656 GOOGL @ 75.70. New Cash: 5287.04, New Coins: 65.25923465
[Agent] Received reward: 0.00000000
[NeuralNetworkInterface] Received reward signal: 0.00000000
[Agent] Making decision using full OHLCV data
[Agent] Price data: O=78.82674408 H=80.27555923 L=77.88986566 C=78.02455592 V=60322000.00000000
[Agent_Features] Generated 18 features for the latest tick.
[Agent] Exploration: Random action: SELL
[Portfolio] Logged Trade: SELL 3.26296173 GOOGL @ 78.02. New Cash: 5541.63, New Coins: 61.99627291
[Agent] Received reward: 0.00000000
[NeuralNetworkInterface] Received reward signal: 0.00000000
[Agent] Making decision using full OHLCV data
[Agent] Price data: O=79.85408783 H=80.19007026 L=78.40378615 C=78.77754405 V=30512000.00000000
[Agent_Features] Generated 18 features for the latest tick.
[Agent] Exploration: Random action: SELL
[Portfolio] Logged Trade: SELL 3.09981365 GOOGL @ 78.78. New Cash: 5785.82, New Coins: 58.89645927
[Agent] Received reward: 0.00000000
[NeuralNetworkInterface] Received reward signal: 0.00000000
[Agent] Making decision using full OHLCV data
[Agent] Price data: O=81.16223907 H=81.21889847 L=80.11501476 C=80.27108406 V=30548000.00000000
[Agent_Features] Generated 18 features for the latest tick.
[Agent] Exploration: Random action: HOLD
[Agent] Received reward: 0.00000000
[NeuralNetworkInterface] Received reward signal: 0.00000000
[Agent] Making decision using full OHLCV data
[Agent] Price data: O=78.74225616 H=80.99325202 L=77.92167697 C=80.26860172 V=35826000.00000000
[Agent_Features] Generated 18 features for the latest tick.
[Agent] Exploration: Random action: HOLD
[Agent] Received reward: 0.00000000
[NeuralNetworkInterface] Received reward signal: 0.00000000
[Agent] Making decision using full OHLCV data
[Agent] Price data: O=79.46739960 H=79.62246782 L=78.37942696 C=78.97286796 V=25902000.00000000
[Agent_Features] Generated 18 features for the latest tick.
[Agent] Exploration: Random action: BUY
[Portfolio] Logged Trade: BUY 3.66317234 GOOGL @ 78.97. New Cash: 5496.53, New Coins: 62.55963161
[Agent] Received reward: 0.00000000
[NeuralNetworkInterface] Received reward signal: 0.00000000
[Agent] Making decision using full OHLCV data
[Agent] Price data: O=75.08966064 H=77.22733765 L=74.97435486 C=77.03847551 V=45174000.00000000
[Agent_Features] Generated 18 features for the latest tick.
[Agent] Exploration: Random action: HOLD
[Agent] Received reward: 0.00000000
[NeuralNetworkInterface] Received reward signal: 0.00000000
[Agent] Making decision using full OHLCV data
[Agent] Price data: O=77.37992859 H=78.96342651 L=75.37544775 C=75.39880619 V=55406000.00000000
[Agent_Features] Generated 18 features for the latest tick.
[Agent] Exploration: Random action: BUY
[Portfolio] Logged Trade: BUY 3.64497369 GOOGL @ 75.40. New Cash: 5221.71, New Coins: 66.20460530
[Agent] Received reward: 0.00000000
[NeuralNetworkInterface] Received reward signal: 0.00000000
[Agent] Making decision using full OHLCV data
[Agent] Price data: O=80.32376099 H=83.56482862 L=79.60109773 C=82.87496578 V=99878000.00000000
[Agent_Features] Generated 18 features for the latest tick.
[Agent] Exploration: Random action: HOLD
[Agent] Received reward: 0.00000000
[NeuralNetworkInterface] Received reward signal: 0.00000000
[Agent] Making decision using full OHLCV data
[Agent] Price data: O=80.73182678 H=82.41771507 L=80.23082602 C=80.69305783 V=44228000.00000000
[Agent_Features] Generated 18 features for the latest tick.
[Agent] Exploration: Random action: HOLD
[Agent] Received reward: 0.00000000
[NeuralNetworkInterface] Received reward signal: 0.00000000
[Agent] Making decision using full OHLCV data
[Agent] Price data: O=81.79245758 H=82.45548100 L=80.12496031 C=81.05190384 V=31432000.00000000
[Agent_Features] Generated 18 features for the latest tick.
[Agent] Exploration: Random action: BUY
[Portfolio] Logged Trade: BUY 3.22121158 GOOGL @ 81.05. New Cash: 4960.62, New Coins: 69.42581688
[Agent] Received reward: 0.00000000
[NeuralNetworkInterface] Received reward signal: 0.00000000
[Agent] Making decision using full OHLCV data
[Agent] Price data: O=86.77209473 H=87.97388671 L=84.64236577 C=84.77059453 V=71342000.00000000
[Agent_Features] Generated 18 features for the latest tick.
[Agent] Exploration: Random action: HOLD
[Agent] Received reward: 0.00000000
[NeuralNetworkInterface] Received reward signal: 0.00000000
[Agent] Making decision using full OHLCV data
[Agent] Price data: O=87.59963226 H=89.05689593 L=86.53253048 C=87.99476161 V=39758000.00000000
[Agent_Features] Generated 18 features for the latest tick.
[Agent] Exploration: Random action: SELL
[Portfolio] Logged Trade: SELL 3.47129084 GOOGL @ 87.99. New Cash: 5266.08, New Coins: 65.95452603
[Agent] Received reward: 0.00000000
[NeuralNetworkInterface] Received reward signal: 0.00000000
[Agent] Making decision using full OHLCV data
[Agent] Price data: O=87.46195984 H=87.89784511 L=86.31632668 C=87.04495850 V=28622000.00000000
[Agent_Features] Generated 18 features for the latest tick.
[Agent] Exploration: Random action: SELL
[Portfolio] Logged Trade: SELL 3.29772630 GOOGL @ 87.04. New Cash: 5553.13, New Coins: 62.65679973
[Agent] Received reward: 0.00000000
[NeuralNetworkInterface] Received reward signal: 0.00000000
[Agent] Making decision using full OHLCV data
[Agent] Price data: O=87.54595947 H=90.30292366 L=87.35361631 C=89.26366234 V=53440000.00000000
[Agent_Features] Generated 18 features for the latest tick.
[Agent] Exploration: Random action: BUY
[Portfolio] Logged Trade: BUY 3.11051945 GOOGL @ 89.26. New Cash: 5275.47, New Coins: 65.76731918
[Agent] Received reward: 0.00000000
[NeuralNetworkInterface] Received reward signal: 0.00000000
[Agent] Making decision using full OHLCV data
[Agent] Price data: O=86.36801910 H=87.44456284 L=85.29445585 C=85.97288976 V=43022000.00000000
[Agent_Features] Generated 18 features for the latest tick.
[Agent] Exploration: Random action: BUY
[Portfolio] Logged Trade: BUY 3.06810136 GOOGL @ 85.97. New Cash: 5011.70, New Coins: 68.83542054
[Agent] Received reward: -0.00000000
[NeuralNetworkInterface] Received reward signal: -0.00000000
[Agent] Making decision using full OHLCV data
[Agent] Price data: O=86.84069061 H=87.61951279 L=86.63342990 C=86.89883646 V=31838000.00000000
[Agent_Features] Generated 18 features for the latest tick.
[Agent] Exploration: Random action: SELL
[Portfolio] Logged Trade: SELL 3.44177103 GOOGL @ 86.90. New Cash: 5310.78, New Coins: 65.39364951
[Agent] Received reward: 0.00000000
[NeuralNetworkInterface] Received reward signal: 0.00000000
[Agent] Making decision using full OHLCV data
[Agent] Price data: O=86.62149811 H=87.72289434 L=86.38044350 C=86.58074217 V=26474000.00000000
[Agent_Features] Generated 18 features for the latest tick.
[Agent] Exploration: Random action: SELL
[Portfolio] Logged Trade: SELL 3.26968248 GOOGL @ 86.58. New Cash: 5593.87, New Coins: 62.12396703
[Agent] Received reward: 0.00000000
[NeuralNetworkInterface] Received reward signal: 0.00000000
[Agent] Making decision using full OHLCV data
[Agent] Price data: O=88.08472443 H=88.32677254 L=86.28154336 C=86.87895839 V=29744000.00000000
[Agent_Features] Generated 18 features for the latest tick.
[Agent] Exploration: Random action: HOLD
[Agent] Received reward: 0.00000000
[NeuralNetworkInterface] Received reward signal: 0.00000000
[Agent] Making decision using full OHLCV data
[Agent] Price data: O=88.17269897 H=89.18214790 L=87.54148245 C=87.68114776 V=25468000.00000000
[Agent_Features] Generated 18 features for the latest tick.
[Agent] Exploration: Random action: HOLD
[Agent] Received reward: 0.00000000
[NeuralNetworkInterface] Received reward signal: 0.00000000
[Agent] Making decision using full OHLCV data
[Agent] Price data: O=87.55789185 H=88.32727969 L=87.45004104 C=87.86604135 V=21314000.00000000
[Agent_Features] Generated 18 features for the latest tick.
[Agent] Exploration: Random action: SELL
[Portfolio] Logged Trade: SELL 3.10619835 GOOGL @ 87.87. New Cash: 5866.80, New Coins: 59.01776868
[Agent] Received reward: 0.00000000
[NeuralNetworkInterface] Received reward signal: 0.00000000
[Agent] Making decision using full OHLCV data
[Agent] Price data: O=86.51314545 H=87.72388649 L=86.41026211 C=87.30837918 V=20108000.00000000
[Agent_Features] Generated 18 features for the latest tick.
[Agent] Exploration: Random action: SELL
[Portfolio] Logged Trade: SELL 2.95088843 GOOGL @ 87.31. New Cash: 6124.44, New Coins: 56.06688025
[Agent] Received reward: 0.00000000
[NeuralNetworkInterface] Received reward signal: 0.00000000
[Agent] Making decision using full OHLCV data
[Agent] Price data: O=87.40430450 H=87.64884014 L=85.98531678 C=86.14485953 V=20106000.00000000
[Agent_Features] Generated 18 features for the latest tick.
[Agent] Exploration: Random action: SELL
[Portfolio] Logged Trade: SELL 2.80334401 GOOGL @ 86.14. New Cash: 6365.94, New Coins: 53.26353624
[Agent] Received reward: 0.00000000
[NeuralNetworkInterface] Received reward signal: 0.00000000
[Agent] Making decision using full OHLCV data
[Agent] Price data: O=86.30142212 H=87.89088859 L=86.23283323 C=87.57478358 V=27694000.00000000
[Agent_Features] Generated 18 features for the latest tick.
[Agent] Exploration: Random action: SELL
[Portfolio] Logged Trade: SELL 2.66317681 GOOGL @ 87.57. New Cash: 6599.16, New Coins: 50.60035942
[Agent] Received reward: 0.00000000
[NeuralNetworkInterface] Received reward signal: 0.00000000
[Agent] Making decision using full OHLCV data
[Agent] Price data: O=85.86305237 H=86.77905996 L=84.99923726 C=86.49228193 V=22530000.00000000
[Agent_Features] Generated 18 features for the latest tick.
[Agent] Exploration: Random action: BUY
[Portfolio] Logged Trade: BUY 3.81488498 GOOGL @ 86.49. New Cash: 6269.20, New Coins: 54.41524440
[Agent] Received reward: 0.00000000
[NeuralNetworkInterface] Received reward signal: 0.00000000
[Agent] Making decision using full OHLCV data
[Agent] Price data: O=87.66921997 H=87.79744875 L=85.52358733 C=85.86007031 V=27984000.00000000
[Agent_Features] Generated 18 features for the latest tick.
[Agent] Exploration: Random action: SELL
[Portfolio] Logged Trade: SELL 2.72076222 GOOGL @ 85.86. New Cash: 6502.81, New Coins: 51.69448218
[Agent] Received reward: 0.00000000
[NeuralNetworkInterface] Received reward signal: 0.00000000
[Agent] Making decision using full OHLCV data
[Agent] Price data: O=87.68064117 H=87.99127816 L=86.89684400 C=87.86354993 V=19600000.00000000
[Agent_Features] Generated 18 features for the latest tick.
[Agent] Exploration: Random action: SELL
[Portfolio] Logged Trade: SELL 2.58472411 GOOGL @ 87.86. New Cash: 6729.91, New Coins: 49.10975807
[Agent] Received reward: 0.00000000
[NeuralNetworkInterface] Received reward signal: 0.00000000
[Agent] Making decision using full OHLCV data
[Agent] Price data: O=88.81832123 H=89.31484746 L=87.70102154 C=87.70102154 V=14790000.00000000
[Agent_Features] Generated 18 features for the latest tick.
[Agent] Exploration: Random action: SELL
[Portfolio] Logged Trade: SELL 2.45548790 GOOGL @ 87.70. New Cash: 6945.26, New Coins: 46.65427017
[Agent] Received reward: 0.00000000
[NeuralNetworkInterface] Received reward signal: 0.00000000
[Agent] Making decision using full OHLCV data
[Agent] Price data: O=87.19704437 H=88.48630919 L=86.87099688 C=88.25321011 V=32418000.00000000
[Agent_Features] Generated 18 features for the latest tick.
[Agent] Exploration: Random action: HOLD
[Agent] Received reward: 0.00000000
[NeuralNetworkInterface] Received reward signal: 0.00000000
[Agent] Making decision using full OHLCV data
[Agent] Price data: O=89.23284149 H=90.54298496 L=87.62597749 C=87.80639874 V=37350000.00000000
[Agent_Features] Generated 18 features for the latest tick.
[Agent] Exploration: Random action: SELL
[Portfolio] Logged Trade: SELL 2.33271351 GOOGL @ 87.81. New Cash: 7150.09, New Coins: 44.32155666
[Agent] Received reward: 0.00000000
[NeuralNetworkInterface] Received reward signal: 0.00000000
[Agent] Making decision using full OHLCV data
[Agent] Price data: O=90.70451355 H=91.09070149 L=88.72637918 C=89.23284037 V=29424000.00000000
[Agent_Features] Generated 18 features for the latest tick.
[Agent] Exploration: Random action: SELL
[Portfolio] Logged Trade: SELL 2.21607783 GOOGL @ 89.23. New Cash: 7347.83, New Coins: 42.10547883
[Agent] Received reward: 0.00000000
[NeuralNetworkInterface] Received reward signal: 0.00000000
[Agent] Making decision using full OHLCV data
[Agent] Price data: O=90.54895782 H=91.64189812 L=90.30839614 C=90.48434290 V=24728000.00000000
[Agent_Features] Generated 18 features for the latest tick.
[Agent] Exploration: Random action: HOLD
[Agent] Received reward: 0.00000000
[NeuralNetworkInterface] Received reward signal: 0.00000000
[Agent] Making decision using full OHLCV data
[Agent] Price data: O=90.64437866 H=90.92966265 L=90.13890339 C=90.46843192 V=20544000.00000000
[Agent_Features] Generated 18 features for the latest tick.
[Agent] Exploration: Random action: HOLD
[Agent] Received reward: 0.00000000
[NeuralNetworkInterface] Received reward signal: 0.00000000
[Agent] Making decision using full OHLCV data
[Agent] Price data: O=90.30989075 H=90.91923532 L=89.61455978 C=90.23632680 V=22288000.00000000
[Agent_Features] Generated 18 features for the latest tick.
[Agent] Exploration: Random action: SELL
[Portfolio] Logged Trade: SELL 2.10527394 GOOGL @ 90.24. New Cash: 7537.81, New Coins: 40.00020488
[Agent] Received reward: 0.00000000
[NeuralNetworkInterface] Received reward signal: 0.00000000
[Agent] Making decision using full OHLCV data
[Agent] Price data: O=90.02658081 H=90.25719998 L=89.03006242 C=89.88692308 V=19936000.00000000
[Agent_Features] Generated 18 features for the latest tick.
[Agent] Exploration: Random action: SELL
[Portfolio] Logged Trade: SELL 2.00001024 GOOGL @ 89.89. New Cash: 7717.58, New Coins: 38.00019464
[Agent] Received reward: 0.00000000
[NeuralNetworkInterface] Received reward signal: 0.00000000
[Agent] Making decision using full OHLCV data
[Agent] Price data: O=88.36306000 H=90.87350920 L=87.57478821 C=89.97837252 V=31728000.00000000
[Agent_Features] Generated 18 features for the latest tick.
[Agent] Exploration: Random action: SELL
[Portfolio] Logged Trade: SELL 1.90000973 GOOGL @ 89.98. New Cash: 7888.54, New Coins: 36.10018491
[Agent] Received reward: 0.00000000
[NeuralNetworkInterface] Received reward signal: 0.00000000
[Agent] Making decision using full OHLCV data
[Agent] Price data: O=87.85559845 H=88.22040733 L=86.15976767 C=87.60460133 V=28688000.00000000
[Agent_Features] Generated 18 features for the latest tick.
[Agent] Exploration: Random action: HOLD
[Agent] Received reward: 0.00000000
[NeuralNetworkInterface] Received reward signal: 0.00000000
[Agent] Making decision using full OHLCV data
[Agent] Price data: O=88.21096039 H=88.33571572 L=87.11453925 C=87.47537414 V=18628000.00000000
[Agent_Features] Generated 18 features for the latest tick.
[Agent] Exploration: Random action: SELL
[Portfolio] Logged Trade: SELL 1.80500925 GOOGL @ 87.48. New Cash: 8046.44, New Coins: 34.29517566
[Agent] Received reward: 0.00000000
[NeuralNetworkInterface] Received reward signal: 0.00000000
[Agent] Making decision using full OHLCV data
[Agent] Price data: O=87.09068298 H=88.95649192 L=86.93511422 C=88.00818453 V=33050000.00000000
[Agent_Features] Generated 18 features for the latest tick.
[Agent] Exploration: Random action: BUY
[Portfolio] Logged Trade: BUY 4.57141312 GOOGL @ 88.01. New Cash: 7644.11, New Coins: 38.86658878
[Agent] Received reward: 0.00000000
[NeuralNetworkInterface] Received reward signal: 0.00000000
[Agent] Making decision using full OHLCV data
[Agent] Price data: O=87.52905273 H=87.67417845 L=86.56434138 C=87.46841178 V=21352000.00000000
[Agent_Features] Generated 18 features for the latest tick.
[Agent] Exploration: Random action: SELL
[Portfolio] Logged Trade: SELL 1.94332944 GOOGL @ 87.47. New Cash: 7814.09, New Coins: 36.92325934
[Agent] Received reward: 0.00000000
[NeuralNetworkInterface] Received reward signal: 0.00000000
[Agent] Making decision using full OHLCV data
[Agent] Price data: O=87.33570862 H=87.92815614 L=86.93163786 C=87.92815614 V=24676000.00000000
[Agent_Features] Generated 18 features for the latest tick.
[Agent] Exploration: Random action: SELL
[Portfolio] Logged Trade: SELL 1.84616297 GOOGL @ 87.93. New Cash: 7976.42, New Coins: 35.07709638
[Agent] Received reward: 0.00000000
[NeuralNetworkInterface] Received reward signal: 0.00000000
[Agent] Making decision using full OHLCV data
[Agent] Price data: O=86.50668335 H=87.80887877 L=86.04147867 C=87.67070749 V=34880000.00000000
[Agent_Features] Generated 18 features for the latest tick.
[Agent] Exploration: Random action: HOLD
[Agent] Received reward: 0.00000000
[NeuralNetworkInterface] Received reward signal: 0.00000000
[Agent] Making decision using full OHLCV data
[Agent] Price data: O=85.79644012 H=86.89684281 L=85.23878759 C=86.78799852 V=85256000.00000000
[Agent_Features] Generated 18 features for the latest tick.
[Agent] Exploration: Random action: BUY
[Portfolio] Logged Trade: BUY 4.59534924 GOOGL @ 86.79. New Cash: 7577.60, New Coins: 39.67244562
[Agent] Received reward: 0.00000000
[NeuralNetworkInterface] Received reward signal: 0.00000000
[Agent] Making decision using full OHLCV data
[Agent] Price data: O=86.21096039 H=86.33223471 L=84.19505061 C=84.94704091 V=33974000.00000000
[Agent_Features] Generated 18 features for the latest tick.
[Agent] Exploration: Random action: HOLD
[Agent] Received reward: 0.00000000
[NeuralNetworkInterface] Received reward signal: 0.00000000
[Agent] Making decision using full OHLCV data
[Agent] Price data: O=85.49822998 H=86.11403592 L=84.78053421 C=85.95101218 V=20370000.00000000
[Agent_Features] Generated 18 features for the latest tick.
[Agent] Exploration: Random action: BUY
[Portfolio] Logged Trade: BUY 4.40809358 GOOGL @ 85.95. New Cash: 7198.72, New Coins: 44.08053920
[Agent] Received reward: 0.00000000
[NeuralNetworkInterface] Received reward signal: 0.00000000
[Agent] Making decision using full OHLCV data
[Agent] Price data: O=85.89634705 H=86.68561225 L=85.54694110 C=85.68263243 V=22974000.00000000
[Agent_Features] Generated 18 features for the latest tick.
[Agent] Exploration: Random action: BUY
[Portfolio] Logged Trade: BUY 4.20080581 GOOGL @ 85.68. New Cash: 6838.79, New Coins: 48.28134500
[Agent] Received reward: 0.00000000
[NeuralNetworkInterface] Received reward signal: 0.00000000
[Agent] Making decision using full OHLCV data
[Agent] Price data: O=86.19108582 H=86.60112516 L=85.70350856 C=85.93462068 V=9312000.00000000
[Agent_Features] Generated 18 features for the latest tick.
[Agent] Exploration: Random action: SELL
[Portfolio] Logged Trade: SELL 2.41406725 GOOGL @ 85.93. New Cash: 7046.24, New Coins: 45.86727775
[Agent] Received reward: 0.00000000
[NeuralNetworkInterface] Received reward signal: 0.00000000
[Agent] Making decision using full OHLCV data
[Agent] Price data: O=88.16921997 H=88.81733346 L=86.57180553 C=86.72537974 V=27650000.00000000
[Agent_Features] Generated 18 features for the latest tick.
[Agent] Exploration: Random action: HOLD
[Agent] Received reward: 0.00000000
[NeuralNetworkInterface] Received reward signal: 0.00000000
[Agent] Making decision using full OHLCV data
[Agent] Price data: O=87.36404419 H=88.89038967 L=87.23233441 C=88.82876281 V=19726000.00000000
[Agent_Features] Generated 18 features for the latest tick.
[Agent] Exploration: Random action: SELL
[Portfolio] Logged Trade: SELL 2.29336389 GOOGL @ 88.83. New Cash: 7249.95, New Coins: 43.57391387
[Agent] Received reward: 0.00000000
[NeuralNetworkInterface] Received reward signal: 0.00000000
[Agent] Making decision using full OHLCV data
[Agent] Price data: O=86.29496002 H=87.86106803 L=85.88492069 C=87.72389025 V=21026000.00000000
[Agent_Features] Generated 18 features for the latest tick.
[Agent] Exploration: Random action: SELL
[Portfolio] Logged Trade: SELL 2.17869569 GOOGL @ 87.72. New Cash: 7441.08, New Coins: 41.39521817
[Agent] Received reward: 0.00000000
[NeuralNetworkInterface] Received reward signal: 0.00000000
[Agent] Making decision using full OHLCV data
[Agent] Price data: O=87.10958099 H=87.35112857 L=86.28700720 C=86.34566117 V=21070000.00000000
[Agent_Features] Generated 18 features for the latest tick.
[Agent] Exploration: Random action: HOLD
[Agent] Received reward: 0.00000000
[NeuralNetworkInterface] Received reward signal: 0.00000000
[Agent] Making decision using full OHLCV data
[Agent] Price data: O=85.79198456 H=87.59913970 L=84.84814400 C=87.47538543 V=37324000.00000000
[Agent_Features] Generated 18 features for the latest tick.
[Agent] Exploration: Random action: HOLD
[Agent] Received reward: 0.00000000
[NeuralNetworkInterface] Received reward signal: 0.00000000
[Agent] Making decision using full OHLCV data
[Agent] Price data: O=86.48382568 H=86.82080160 L=85.33322506 C=85.74028389 V=20360000.00000000
[Agent_Features] Generated 18 features for the latest tick.
[Agent] Exploration: Random action: BUY
[Portfolio] Logged Trade: BUY 4.33931278 GOOGL @ 85.74. New Cash: 7069.02, New Coins: 45.73453095
[Agent] Received reward: 0.00000000
[NeuralNetworkInterface] Received reward signal: 0.00000000
[Agent] Making decision using full OHLCV data
[Agent] Price data: O=85.63043213 H=86.67864988 L=84.29941795 C=84.50617809 V=46588000.00000000
[Agent_Features] Generated 18 features for the latest tick.
[Agent] Exploration: Random action: SELL
[Portfolio] Logged Trade: SELL 2.28672655 GOOGL @ 84.51. New Cash: 7262.27, New Coins: 43.44780440
[Agent] Received reward: 0.00000000
[NeuralNetworkInterface] Received reward signal: 0.00000000
[Agent] Making decision using full OHLCV data
[Agent] Price data: O=88.18810272 H=88.36106139 L=85.82328010 C=85.82328010 V=41936000.00000000
[Agent_Features] Generated 18 features for the latest tick.
[Agent] Exploration: Random action: BUY
[Portfolio] Logged Trade: BUY 4.23094223 GOOGL @ 85.82. New Cash: 6899.15, New Coins: 47.67874663
[Agent] Received reward: 0.00000000
[NeuralNetworkInterface] Received reward signal: 0.00000000
[Agent] Making decision using full OHLCV data
[Agent] Price data: O=89.35559845 H=89.43164232 L=87.53600596 C=88.32825917 V=35484000.00000000
[Agent_Features] Generated 18 features for the latest tick.
[Agent] Exploration: Random action: HOLD
[Agent] Received reward: 0.00000000
[NeuralNetworkInterface] Received reward signal: 0.00000000
[Agent] Making decision using full OHLCV data
[Agent] Price data: O=87.29098511 H=88.68711491 L=87.08472547 C=88.32130495 V=34796000.00000000
[Agent_Features] Generated 18 features for the latest tick.
[Agent] Exploration: Random action: BUY
[Portfolio] Logged Trade: BUY 3.90571305 GOOGL @ 88.32. New Cash: 6554.20, New Coins: 51.58445968
[Agent] Received reward: 0.00000000
[NeuralNetworkInterface] Received reward signal: 0.00000000
[Agent] Making decision using full OHLCV data
[Agent] Price data: O=86.35360718 H=87.86802326 L=85.30738386 C=86.74774305 V=29528000.00000000
[Agent_Features] Generated 18 features for the latest tick.
[Agent] Exploration: Random action: HOLD
[Agent] Received reward: 0.00000000
[NeuralNetworkInterface] Received reward signal: 0.00000000
[Agent] Making decision using full OHLCV data
[Agent] Price data: O=86.84169006 H=87.29596638 L=85.85112501 C=85.85112501 V=23432000.00000000
[Agent_Features] Generated 18 features for the latest tick.
[Agent] Exploration: Random action: SELL
[Portfolio] Logged Trade: SELL 2.57922298 GOOGL @ 85.85. New Cash: 6775.62, New Coins: 49.00523669
[Agent] Received reward: 0.00000000
[NeuralNetworkInterface] Received reward signal: 0.00000000
[Agent] Making decision using full OHLCV data
[Agent] Price data: O=86.03004456 H=87.85063067 L=85.78898994 C=86.92219310 V=29212000.00000000
[Agent_Features] Generated 18 features for the latest tick.
[Agent] Exploration: Random action: SELL
[Portfolio] Logged Trade: SELL 2.45026183 GOOGL @ 86.92. New Cash: 6988.61, New Coins: 46.55497486
[Agent] Received reward: 0.00000000
[NeuralNetworkInterface] Received reward signal: 0.00000000
[Agent] Making decision using full OHLCV data
[Agent] Price data: O=85.86602783 H=86.86006623 L=85.07527617 C=85.93561022 V=31444000.00000000
[Agent_Features] Generated 18 features for the latest tick.
[Agent] Exploration: Random action: BUY
[Portfolio] Logged Trade: BUY 4.06618810 GOOGL @ 85.94. New Cash: 6639.18, New Coins: 50.62116296
[Agent] Received reward: 0.00000000
[NeuralNetworkInterface] Received reward signal: 0.00000000
[Agent] Making decision using full OHLCV data
[Agent] Price data: O=88.69158936 H=89.65431380 L=86.12498145 C=86.63044913 V=41660000.00000000
[Agent_Features] Generated 18 features for the latest tick.
[Agent] Exploration: Random action: SELL
[Portfolio] Logged Trade: SELL 2.53105815 GOOGL @ 86.63. New Cash: 6858.44, New Coins: 48.09010481
[Agent] Received reward: 0.00000000
[NeuralNetworkInterface] Received reward signal: 0.00000000
[Agent] Making decision using full OHLCV data
[Agent] Price data: O=93.44309235 H=94.41973327 L=90.43314414 C=90.77409404 V=64152000.00000000
[Agent_Features] Generated 18 features for the latest tick.
[Agent] Exploration: Random action: BUY
[Portfolio] Logged Trade: BUY 3.77775374 GOOGL @ 90.77. New Cash: 6515.52, New Coins: 51.86785855
[Agent] Received reward: 0.00000000
[NeuralNetworkInterface] Received reward signal: 0.00000000
[Agent] Making decision using full OHLCV data
[Agent] Price data: O=93.64588165 H=96.02809463 L=93.41029501 C=94.11805602 V=58634000.00000000
[Agent_Features] Generated 18 features for the latest tick.
[Agent] Exploration: Random action: BUY
[Portfolio] Logged Trade: BUY 3.46135564 GOOGL @ 94.12. New Cash: 6189.75, New Coins: 55.32921419
[Agent] Received reward: 0.00000000
[NeuralNetworkInterface] Received reward signal: 0.00000000
[Agent] Making decision using full OHLCV data
[Agent] Price data: O=94.06386566 H=94.65183872 L=93.26565142 C=94.00919325 V=32744000.00000000
[Agent_Features] Generated 18 features for the latest tick.
[Agent] Exploration: Random action: BUY
[Portfolio] Logged Trade: BUY 3.29209570 GOOGL @ 94.01. New Cash: 5880.26, New Coins: 58.62130990
[Agent] Received reward: 0.00000000
[NeuralNetworkInterface] Received reward signal: 0.00000000
[Agent] Making decision using full OHLCV data
[Agent] Price data: O=94.14935303 H=95.51815044 L=92.40382482 C=95.06685463 V=50586000.00000000
[Agent_Features] Generated 18 features for the latest tick.
[Agent] Exploration: Random action: HOLD
[Agent] Received reward: 0.00000000
[NeuralNetworkInterface] Received reward signal: 0.00000000
[Agent] Making decision using full OHLCV data
[Agent] Price data: O=94.82878113 H=95.21645551 L=93.24727016 C=93.73732735 V=31462000.00000000
[Agent_Features] Generated 18 features for the latest tick.
[Agent] Exploration: Random action: SELL
[Portfolio] Logged Trade: SELL 2.93106549 GOOGL @ 93.74. New Cash: 6155.01, New Coins: 55.69024440
[Agent] Received reward: 0.00000000
[NeuralNetworkInterface] Received reward signal: 0.00000000
[Agent] Making decision using full OHLCV data
[Agent] Price data: O=90.40480804 H=93.46296709 L=89.32826429 C=93.18662454 V=82512000.00000000
[Agent_Features] Generated 18 features for the latest tick.
[Agent] Exploration: Random action: SELL
[Portfolio] Logged Trade: SELL 2.78451222 GOOGL @ 93.19. New Cash: 6414.49, New Coins: 52.90573218
[Agent] Received reward: -0.00000000
[NeuralNetworkInterface] Received reward signal: -0.00000000
[Agent] Making decision using full OHLCV data
[Agent] Price data: O=92.10759735 H=93.83672142 L=91.00421417 C=91.00421417 V=55278000.00000000
[Agent_Features] Generated 18 features for the latest tick.
[Agent] Exploration: Random action: SELL
[Portfolio] Logged Trade: SELL 2.64528661 GOOGL @ 91.00. New Cash: 6655.22, New Coins: 50.26044557
[Agent] Received reward: 0.00000000
[NeuralNetworkInterface] Received reward signal: 0.00000000
[Agent] Making decision using full OHLCV data
[Agent] Price data: O=90.82330322 H=91.82629071 L=89.54100027 C=91.15431822 V=44530000.00000000
[Agent_Features] Generated 18 features for the latest tick.
[Agent] Exploration: Random action: BUY
[Portfolio] Logged Trade: BUY 3.65052356 GOOGL @ 91.15. New Cash: 6322.46, New Coins: 53.91096914
[Agent] Received reward: 0.00000000
[NeuralNetworkInterface] Received reward signal: 0.00000000
[Agent] Making decision using full OHLCV data
[Agent] Price data: O=94.08921814 H=95.20601732 L=91.67966545 C=91.67966545 V=40252000.00000000
[Agent_Features] Generated 18 features for the latest tick.
[Agent] Exploration: Random action: BUY
[Portfolio] Logged Trade: BUY 3.44812490 GOOGL @ 91.68. New Cash: 6006.34, New Coins: 57.35909404
[Agent] Received reward: 0.00000000
[NeuralNetworkInterface] Received reward signal: 0.00000000
[Agent] Making decision using full OHLCV data
[Agent] Price data: O=95.38394928 H=96.88742932 L=94.75024525 C=95.08623527 V=66332000.00000000
[Agent_Features] Generated 18 features for the latest tick.
[Agent] Exploration: Random action: BUY
[Portfolio] Logged Trade: BUY 3.15836240 GOOGL @ 95.09. New Cash: 5706.02, New Coins: 60.51745644
[Agent] Received reward: 0.00000000
[NeuralNetworkInterface] Received reward signal: 0.00000000
[Agent] Making decision using full OHLCV data
[Agent] Price data: O=102.33029175 H=104.70306250 L=100.07730129 C=102.66478774 V=97882000.00000000
[Agent_Features] Generated 18 features for the latest tick.
[Agent] Exploration: Random action: HOLD
[Agent] Received reward: 0.00000000
[NeuralNetworkInterface] Received reward signal: 0.00000000
[Agent] Making decision using full OHLCV data
[Agent] Price data: O=102.06935120 H=102.84817332 L=101.14836867 C=102.41676256 V=48596000.00000000
[Agent_Features] Generated 18 features for the latest tick.
[Agent] Exploration: Random action: BUY
[Portfolio] Logged Trade: BUY 2.78568609 GOOGL @ 102.42. New Cash: 5420.72, New Coins: 63.30314253
[Agent] Received reward: 0.00000000
[NeuralNetworkInterface] Received reward signal: 0.00000000
[Agent] Making decision using full OHLCV data
[Agent] Price data: O=103.81886292 H=104.17224285 L=101.88893948 C=102.36408670 V=29866000.00000000
[Agent_Features] Generated 18 features for the latest tick.
[Agent] Exploration: Random action: HOLD
[Agent] Received reward: 0.00000000
[NeuralNetworkInterface] Received reward signal: 0.00000000
[Agent] Making decision using full OHLCV data
[Agent] Price data: O=103.60463715 H=105.11955363 L=102.55245297 C=104.37402488 V=28828000.00000000
[Agent_Features] Generated 18 features for the latest tick.
[Agent] Exploration: Random action: SELL
[Portfolio] Logged Trade: SELL 3.16515713 GOOGL @ 104.37. New Cash: 5751.08, New Coins: 60.13798540
[Agent] Received reward: 0.00000000
[NeuralNetworkInterface] Received reward signal: 0.00000000
[Agent] Making decision using full OHLCV data
[Agent] Price data: O=103.15086365 H=104.29997022 L=102.88296958 C=103.12153666 V=21892000.00000000
[Agent_Features] Generated 18 features for the latest tick.
[Agent] Exploration: Random action: HOLD
[Agent] Received reward: 0.00000000
[NeuralNetworkInterface] Received reward signal: 0.00000000
[Simulation] Simulation run finished. Ticks processed in this run: 185

Simulation Finished in 0.02 seconds.
--------------------
  Final Portfolio  
--------------------
Cash:      $5751.08
Asset:     60.1380 GOOGL
Total Value: $11952.60
--------------------
[Simulation] Simulation destroyed.
[AutonomousTradingAgent] Agent destroyed
[NeuralNetworkInterface] Destructor called.
[Portfolio] Destroyed for asset: GOOGL. Final cash: 5751.08, Final assets: 60.14
