Loading data from training_run_20250621_125703/data/AAPL_1d_20170320_to_20171006.csv...
Loaded 92 data points.
[Portfolio] Initialized for asset: AAPL with initial cash: 10000.00. Initial Portfolio Value: 10000.00
[NeuralNetworkInterface] Constructor called.
[NeuralNetworkInterface] Initializing...
Warning: NN model path is empty. Initializing in a mock state.
[NeuralNetworkInterface] Initialized successfully.
[AutonomousTradingAgent] Agent initialized for AAPL without API client (CSV mode).
[Simulation] Initialized with 92 data points.
[Simulation] API client is NULL (offline/CSV mode).

Starting Simulation for AAPL...
[Simulation] Starting simulation run...
[Agent] Making decision using full OHLCV data
[Agent] Price data: O=35.79 H=35.97 L=35.72 C=35.74 V=80507600.00
[Agent_Features] Generated 15 features for the latest tick.
[Agent] Exploration: Random action: BUY
[Portfolio] Logged Trade: BUY 13.99147264 AAPL @ 35.74. New Cash: 9500.00, New Coins: 13.99147264
[Agent] Received reward: 0.00000000
[NeuralNetworkInterface] Received reward signal: 0.00000000
[Agent] Making decision using full OHLCV data
[Agent] Price data: O=35.58232117 H=35.91075273 L=35.49381034 C=35.86416752 V=97804800.00000000
[Agent_Features] Generated 17 features for the latest tick.
[Agent] Exploration: Random action: BUY
[Portfolio] Logged Trade: BUY 13.24441728 AAPL @ 35.86. New Cash: 9025.00, New Coins: 27.23588992
[Agent] Received reward: 0.00000000
[NeuralNetworkInterface] Received reward signal: 0.00000000
[Agent] Making decision using full OHLCV data
[Agent] Price data: O=35.68014908 H=35.71509065 L=35.45653869 C=35.67782106 V=65616400.00000000
[Agent_Features] Generated 17 features for the latest tick.
[Agent] Exploration: Random action: SELL
[Portfolio] Logged Trade: SELL 1.36179450 AAPL @ 35.68. New Cash: 9073.59, New Coins: 25.87409543
[Agent] Received reward: -0.00000000
[NeuralNetworkInterface] Received reward signal: -0.00000000
[Agent] Making decision using full OHLCV data
[Agent] Price data: O=36.20890808 H=36.20890808 L=35.61260883 C=35.77333084 V=111082800.00000000
[Agent_Features] Generated 17 features for the latest tick.
[Agent] Exploration: Random action: SELL
[Portfolio] Logged Trade: SELL 1.29370477 AAPL @ 35.77. New Cash: 9119.87, New Coins: 24.58039066
[Agent] Received reward: 0.00000000
[NeuralNetworkInterface] Received reward signal: 0.00000000
[Agent] Making decision using full OHLCV data
[Agent] Price data: O=35.85484314 H=35.97596750 L=35.74536952 C=35.95034511 V=101326800.00000000
[Agent_Features] Generated 18 features for the latest tick.
[Agent] Exploration: Random action: BUY
[Portfolio] Logged Trade: BUY 12.68397558 AAPL @ 35.95. New Cash: 8663.87, New Coins: 37.26436624
[Agent] Received reward: 0.00000000
[NeuralNetworkInterface] Received reward signal: 0.00000000
[Agent] Making decision using full OHLCV data
[Agent] Price data: O=35.97597122 H=36.29275558 L=35.81990884 C=35.84785925 V=106499600.00000000
[Agent_Features] Generated 18 features for the latest tick.
[Agent] Exploration: Random action: SELL
[Portfolio] Logged Trade: SELL 1.86321831 AAPL @ 35.85. New Cash: 8730.67, New Coins: 35.40114792
[Agent] Received reward: -0.00000000
[NeuralNetworkInterface] Received reward signal: -0.00000000
[Agent] Making decision using full OHLCV data
[Agent] Price data: O=36.19027328 H=36.33236049 L=35.98296607 C=36.10875005 V=84278400.00000000
[Agent_Features] Generated 18 features for the latest tick.
[Agent] Exploration: Random action: BUY
[Portfolio] Logged Trade: BUY 12.08940363 AAPL @ 36.11. New Cash: 8294.13, New Coins: 47.49055155
[Agent] Received reward: 0.00000000
[NeuralNetworkInterface] Received reward signal: 0.00000000
[Agent] Making decision using full OHLCV data
[Agent] Price data: O=36.10176086 H=36.22986930 L=35.96432970 C=36.16232128 V=85003200.00000000
[Agent_Features] Generated 18 features for the latest tick.
[Agent] Exploration: Random action: SELL
[Portfolio] Logged Trade: SELL 2.37452758 AAPL @ 36.16. New Cash: 8380.00, New Coins: 45.11602397
[Agent] Received reward: 0.00000000
[NeuralNetworkInterface] Received reward signal: 0.00000000
[Agent] Making decision using full OHLCV data
[Agent] Price data: O=34.70184708 H=36.14834130 L=34.01237753 C=36.14834130 V=259530800.00000000
[Agent_Features] Generated 18 features for the latest tick.
[Agent] Exploration: Random action: HOLD
[Agent] Received reward: 0.00000000
[NeuralNetworkInterface] Received reward signal: 0.00000000
[Agent] Making decision using full OHLCV data
[Agent] Price data: O=33.87261200 H=34.02867436 L=33.19478621 C=33.94715116 V=289229200.00000000
[Agent_Features] Generated 18 features for the latest tick.
[Agent] Exploration: Random action: BUY
[Portfolio] Logged Trade: BUY 12.34271503 AAPL @ 33.95. New Cash: 7961.00, New Coins: 57.45873900
[Agent] Received reward: 0.00000000
[NeuralNetworkInterface] Received reward signal: 0.00000000
[Agent] Making decision using full OHLCV data
[Agent] Price data: O=34.14514160 H=34.34546116 L=33.80972248 C=34.27791315 V=136661600.00000000
[Agent_Features] Generated 18 features for the latest tick.
[Agent] Exploration: Random action: BUY
[Portfolio] Logged Trade: BUY 11.61243423 AAPL @ 34.28. New Cash: 7562.95, New Coins: 69.07117323
[Agent] Received reward: 0.00000000
[NeuralNetworkInterface] Received reward signal: 0.00000000
[Agent] Making decision using full OHLCV data
[Agent] Price data: O=33.81206131 H=34.35711572 L=33.50459253 C=34.35711572 V=126124800.00000000
[Agent_Features] Generated 18 features for the latest tick.
[Agent] Exploration: Random action: SELL
[Portfolio] Logged Trade: SELL 3.45355866 AAPL @ 34.36. New Cash: 7681.60, New Coins: 65.61761457
[Agent] Received reward: 0.00000000
[NeuralNetworkInterface] Received reward signal: 0.00000000
[Agent] Making decision using full OHLCV data
[Agent] Price data: O=33.60940933 H=33.65366652 L=33.12491891 C=33.38347090 V=128661600.00000000
[Agent_Features] Generated 18 features for the latest tick.
[Agent] Exploration: Random action: SELL
[Portfolio] Logged Trade: SELL 3.28088073 AAPL @ 33.38. New Cash: 7791.13, New Coins: 62.33673384
[Agent] Received reward: 0.00000000
[NeuralNetworkInterface] Received reward signal: 0.00000000
[Agent] Making decision using full OHLCV data
[Agent] Price data: O=33.13888168 H=33.65831348 L=33.12257491 C=33.49060396 V=201444400.00000000
[Agent_Features] Generated 18 features for the latest tick.
[Agent] Exploration: Random action: BUY
[Portfolio] Logged Trade: BUY 11.63181730 AAPL @ 33.49. New Cash: 7401.58, New Coins: 73.96855114
[Agent] Received reward: 0.00000000
[NeuralNetworkInterface] Received reward signal: 0.00000000
[Agent] Making decision using full OHLCV data
[Agent] Price data: O=34.08691025 H=34.18008420 L=33.46266075 C=33.46266075 V=130165600.00000000
[Agent_Features] Generated 18 features for the latest tick.
[Agent] Exploration: Random action: BUY
[Portfolio] Logged Trade: BUY 11.05945400 AAPL @ 33.46. New Cash: 7031.50, New Coins: 85.02800514
[Agent] Received reward: 0.00000000
[NeuralNetworkInterface] Received reward signal: 0.00000000
[Agent] Making decision using full OHLCV data
[Agent] Price data: O=33.77710342 H=34.21035241 L=33.76080021 C=34.21035241 V=99600400.00000000
[Agent_Features] Generated 18 features for the latest tick.
[Agent] Exploration: Random action: SELL
[Portfolio] Logged Trade: SELL 4.25140026 AAPL @ 34.21. New Cash: 7176.94, New Coins: 80.77660488
[Agent] Received reward: 0.00000000
[NeuralNetworkInterface] Received reward signal: 0.00000000
[Agent] Making decision using full OHLCV data
[Agent] Price data: O=33.97743988 H=34.02402864 L=33.68394986 C=33.89591665 V=85063200.00000000
[Agent_Features] Generated 18 features for the latest tick.
[Agent] Exploration: Random action: HOLD
[Agent] Received reward: 0.00000000
[NeuralNetworkInterface] Received reward signal: 0.00000000
[Agent] Making decision using full OHLCV data
[Agent] Price data: O=33.92153931 H=34.17077213 L=33.80274293 C=33.95414931 V=76425200.00000000
[Agent_Features] Generated 18 features for the latest tick.
[Agent] Exploration: Random action: BUY
[Portfolio] Logged Trade: BUY 10.56857326 AAPL @ 33.95. New Cash: 6818.09, New Coins: 91.34517814
[Agent] Received reward: 0.00000000
[NeuralNetworkInterface] Received reward signal: 0.00000000
[Agent] Making decision using full OHLCV data
[Agent] Price data: O=34.07293701 H=34.27791617 L=33.80040984 C=33.80506943 V=141757600.00000000
[Agent_Features] Generated 18 features for the latest tick.
[Agent] Exploration: Random action: HOLD
[Agent] Received reward: 0.00000000
[NeuralNetworkInterface] Received reward signal: 0.00000000
[Agent] Making decision using full OHLCV data
[Agent] Price data: O=33.96579361 H=34.53879840 L=33.86330402 C=34.28024642 V=102769600.00000000
[Agent_Features] Generated 18 features for the latest tick.
[Agent] Exploration: Random action: SELL
[Portfolio] Logged Trade: SELL 4.56725891 AAPL @ 34.28. New Cash: 6974.66, New Coins: 86.77791923
[Agent] Received reward: 0.00000000
[NeuralNetworkInterface] Received reward signal: 0.00000000
[Agent] Making decision using full OHLCV data
[Agent] Price data: O=33.47897720 H=34.04499809 L=33.45335480 C=33.77712687 V=99047600.00000000
[Agent_Features] Generated 18 features for the latest tick.
[Agent] Exploration: Random action: SELL
[Portfolio] Logged Trade: SELL 4.33889596 AAPL @ 33.78. New Cash: 7121.21, New Coins: 82.43902327
[Agent] Received reward: 0.00000000
[NeuralNetworkInterface] Received reward signal: 0.00000000
[Agent] Making decision using full OHLCV data
[Agent] Price data: O=33.96811676 H=34.03333675 L=33.34619529 C=33.65599202 V=88329600.00000000
[Agent_Features] Generated 18 features for the latest tick.
[Agent] Exploration: Random action: SELL
[Portfolio] Logged Trade: SELL 4.12195116 AAPL @ 33.66. New Cash: 7259.94, New Coins: 78.31707210
[Agent] Received reward: 0.00000000
[NeuralNetworkInterface] Received reward signal: 0.00000000
[Agent] Making decision using full OHLCV data
[Agent] Price data: O=33.46730804 H=33.80505865 L=33.14120817 C=33.70722869 V=125997600.00000000
[Agent_Features] Generated 18 features for the latest tick.
[Agent] Exploration: Random action: HOLD
[Agent] Received reward: 0.00000000
[NeuralNetworkInterface] Received reward signal: 0.00000000
[Agent] Making decision using full OHLCV data
[Agent] Price data: O=33.54650879 H=33.76546310 L=33.49060443 C=33.64666677 V=92096400.00000000
[Agent_Features] Generated 18 features for the latest tick.
[Agent] Exploration: Random action: BUY
[Portfolio] Logged Trade: BUY 10.78850095 AAPL @ 33.65. New Cash: 6896.94, New Coins: 89.10557305
[Agent] Received reward: -0.00000000
[NeuralNetworkInterface] Received reward signal: -0.00000000
[Agent] Making decision using full OHLCV data
[Agent] Price data: O=33.42538071 H=33.84465449 L=33.33221034 C=33.74682453 V=57111200.00000000
[Agent_Features] Generated 18 features for the latest tick.
[Agent] Exploration: Random action: HOLD
[Agent] Received reward: 0.00000000
[NeuralNetworkInterface] Received reward signal: 0.00000000
[Agent] Making decision using full OHLCV data
[Agent] Price data: O=33.56282425 H=33.72587425 L=33.24371184 C=33.46965383 V=86278400.00000000
[Agent_Features] Generated 18 features for the latest tick.
[Agent] Exploration: Random action: HOLD
[Agent] Received reward: 0.00000000
[NeuralNetworkInterface] Received reward signal: 0.00000000
[Agent] Making decision using full OHLCV data
[Agent] Price data: O=33.24604034 H=33.42539713 L=33.17150472 C=33.31359192 V=96515200.00000000
[Agent_Features] Generated 18 features for the latest tick.
[Agent] Exploration: Random action: BUY
[Portfolio] Logged Trade: BUY 10.35154787 AAPL @ 33.31. New Cash: 6552.10, New Coins: 99.45712093
[Agent] Received reward: -0.00000000
[NeuralNetworkInterface] Received reward signal: -0.00000000
[Agent] Making decision using full OHLCV data
[Agent] Price data: O=33.58377838 H=33.71654992 L=33.28562886 C=33.28562886 V=76806800.00000000
[Agent_Features] Generated 18 features for the latest tick.
[Agent] Exploration: Random action: SELL
[Portfolio] Logged Trade: SELL 4.97285605 AAPL @ 33.29. New Cash: 6717.62, New Coins: 94.48426488
[Agent] Received reward: 0.00000000
[NeuralNetworkInterface] Received reward signal: 0.00000000
[Agent] Making decision using full OHLCV data
[Agent] Price data: O=33.78876495 H=33.99607214 L=33.39511339 C=33.56748256 V=84362400.00000000
[Agent_Features] Generated 18 features for the latest tick.
[Agent] Exploration: Random action: BUY
[Portfolio] Logged Trade: BUY 10.00614541 AAPL @ 33.57. New Cash: 6381.74, New Coins: 104.49041029
[Agent] Received reward: 0.00000000
[NeuralNetworkInterface] Received reward signal: 0.00000000
[Agent] Making decision using full OHLCV data
[Agent] Price data: O=33.89823914 H=33.97277830 L=33.63037156 C=33.71189477 V=79127200.00000000
[Agent_Features] Generated 18 features for the latest tick.
[Agent] Exploration: Random action: HOLD
[Agent] Received reward: 0.00000000
[NeuralNetworkInterface] Received reward signal: 0.00000000
[Agent] Making decision using full OHLCV data
[Agent] Price data: O=33.94715881 H=34.04964484 L=33.73286402 C=33.97743724 V=99538000.00000000
[Agent_Features] Generated 18 features for the latest tick.
[Agent] Exploration: Random action: BUY
[Portfolio] Logged Trade: BUY 9.39114547 AAPL @ 33.98. New Cash: 6062.65, New Coins: 113.88155576
[Agent] Received reward: -0.00000000
[NeuralNetworkInterface] Received reward signal: -0.00000000
[Agent] Making decision using full OHLCV data
[Agent] Price data: O=34.42000580 H=34.58771538 L=33.87727944 C=33.89125464 V=100797600.00000000
[Agent_Features] Generated 18 features for the latest tick.
[Agent] Exploration: Random action: HOLD
[Agent] Received reward: 0.00000000
[NeuralNetworkInterface] Received reward signal: 0.00000000
[Agent] Making decision using full OHLCV data
[Agent] Price data: O=34.71582031 H=34.78337188 L=34.31751275 C=34.46658753 V=80528400.00000000
[Agent_Features] Generated 18 features for the latest tick.
[Agent] Exploration: Random action: HOLD
[Agent] Received reward: 0.00000000
[NeuralNetworkInterface] Received reward signal: 0.00000000
[Agent] Making decision using full OHLCV data
[Agent] Price data: O=34.83694077 H=35.14906549 L=34.60634280 C=34.66457518 V=95174000.00000000
[Agent_Features] Generated 18 features for the latest tick.
[Agent] Exploration: Random action: BUY
[Portfolio] Logged Trade: BUY 8.74474017 AAPL @ 34.66. New Cash: 5759.52, New Coins: 122.62629593
[Agent] Received reward: 0.00000000
[NeuralNetworkInterface] Received reward signal: 0.00000000
[Agent] Making decision using full OHLCV data
[Agent] Price data: O=34.95806885 H=34.96971604 L=34.62963731 C=34.75308970 V=71475200.00000000
[Agent_Features] Generated 18 features for the latest tick.
[Agent] Exploration: Random action: BUY
[Portfolio] Logged Trade: BUY 8.28634434 AAPL @ 34.75. New Cash: 5471.55, New Coins: 130.91264027
[Agent] Received reward: 0.00000000
[NeuralNetworkInterface] Received reward signal: 0.00000000
[Agent] Making decision using full OHLCV data
[Agent] Price data: O=35.17702103 H=35.27019142 L=34.92778471 C=35.05123708 V=83692000.00000000
[Agent_Features] Generated 18 features for the latest tick.
[Agent] Exploration: Random action: SELL
[Portfolio] Logged Trade: SELL 6.54563201 AAPL @ 35.05. New Cash: 5700.98, New Coins: 124.36700826
[Agent] Received reward: 0.00000000
[NeuralNetworkInterface] Received reward signal: 0.00000000
[Agent] Making decision using full OHLCV data
[Agent] Price data: O=35.01863098 H=35.34473451 L=34.98369297 C=35.28883014 V=68974800.00000000
[Agent_Features] Generated 18 features for the latest tick.
[Agent] Exploration: Random action: SELL
[Portfolio] Logged Trade: SELL 6.21835041 AAPL @ 35.29. New Cash: 5920.42, New Coins: 118.14865784
[Agent] Received reward: 0.00000000
[NeuralNetworkInterface] Received reward signal: 0.00000000
[Agent] Making decision using full OHLCV data
[Agent] Price data: O=35.00232697 H=35.04192457 L=34.67855501 C=34.93710697 V=105010400.00000000
[Agent_Features] Generated 18 features for the latest tick.
[Agent] Exploration: Random action: BUY
[Portfolio] Logged Trade: BUY 8.47296273 AAPL @ 34.94. New Cash: 5624.40, New Coins: 126.62162057
[Agent] Received reward: 0.00000000
[NeuralNetworkInterface] Received reward signal: 0.00000000
[Agent] Making decision using full OHLCV data
[Agent] Price data: O=35.42626953 H=35.50779633 L=34.91615303 C=35.07454704 V=85972800.00000000
[Agent_Features] Generated 18 features for the latest tick.
[Agent] Exploration: Random action: BUY
[Portfolio] Logged Trade: BUY 8.01777325 AAPL @ 35.07. New Cash: 5343.18, New Coins: 134.63939382
[Agent] Received reward: 0.00000000
[NeuralNetworkInterface] Received reward signal: 0.00000000
[Agent] Making decision using full OHLCV data
[Agent] Price data: O=35.57766342 H=35.83388381 L=35.35870906 C=35.35870906 V=75415600.00000000
[Agent_Features] Generated 18 features for the latest tick.
[Agent] Exploration: Random action: BUY
[Portfolio] Logged Trade: BUY 7.55567111 AAPL @ 35.36. New Cash: 5076.02, New Coins: 142.19506493
[Agent] Received reward: 0.00000000
[NeuralNetworkInterface] Received reward signal: 0.00000000
[Agent] Making decision using full OHLCV data
[Agent] Price data: O=35.74537277 H=35.85484640 L=35.65219881 C=35.71975038 V=63124000.00000000
[Agent_Features] Generated 18 features for the latest tick.
[Agent] Exploration: Random action: SELL
[Portfolio] Logged Trade: SELL 7.10975325 AAPL @ 35.72. New Cash: 5329.98, New Coins: 135.08531168
[Agent] Received reward: -0.00000000
[NeuralNetworkInterface] Received reward signal: -0.00000000
[Agent] Making decision using full OHLCV data
[Agent] Price data: O=35.06987381 H=35.86882404 L=34.31052473 C=35.81291967 V=129905200.00000000
[Agent_Features] Generated 18 features for the latest tick.
[Agent] Exploration: Random action: SELL
[Portfolio] Logged Trade: SELL 6.75426558 AAPL @ 35.81. New Cash: 5571.87, New Coins: 128.33104610
[Agent] Received reward: 0.00000000
[NeuralNetworkInterface] Received reward signal: 0.00000000
[Agent] Making decision using full OHLCV data
[Agent] Price data: O=34.82296753 H=34.99300510 L=34.75075994 C=34.91380991 V=68854800.00000000
[Agent_Features] Generated 18 features for the latest tick.
[Agent] Exploration: Random action: SELL
[Portfolio] Logged Trade: SELL 6.41655230 AAPL @ 34.91. New Cash: 5795.89, New Coins: 121.91449379
[Agent] Received reward: 0.00000000
[NeuralNetworkInterface] Received reward signal: 0.00000000
[Agent] Making decision using full OHLCV data
[Agent] Price data: O=34.64360428 H=35.01629291 L=34.50384871 C=34.91613137 V=79383600.00000000
[Agent_Features] Generated 18 features for the latest tick.
[Agent] Exploration: Random action: SELL
[Portfolio] Logged Trade: SELL 6.09572469 AAPL @ 34.92. New Cash: 6008.73, New Coins: 115.81876911
[Agent] Received reward: 0.00000000
[NeuralNetworkInterface] Received reward signal: 0.00000000
[Agent] Making decision using full OHLCV data
[Agent] Price data: O=34.95108032 H=34.99067792 L=34.56907600 C=34.72979796 V=141474400.00000000
[Agent_Features] Generated 18 features for the latest tick.
[Agent] Exploration: Random action: HOLD
[Agent] Received reward: 0.00000000
[NeuralNetworkInterface] Received reward signal: 0.00000000
[Agent] Making decision using full OHLCV data
[Agent] Price data: O=36.60255051 H=37.21049679 L=36.37428054 C=37.10101962 V=279747200.00000000
[Agent_Features] Generated 18 features for the latest tick.
[Agent] Exploration: Random action: BUY
[Portfolio] Logged Trade: BUY 8.09779733 AAPL @ 37.10. New Cash: 5708.29, New Coins: 123.91656643
[Agent] Received reward: 0.00000000
[NeuralNetworkInterface] Received reward signal: 0.00000000
[Agent] Making decision using full OHLCV data
[Agent] Price data: O=36.23685837 H=36.61886276 L=36.10874638 C=36.58159317 V=108389200.00000000
[Agent_Features] Generated 18 features for the latest tick.
[Agent] Exploration: Random action: SELL
[Portfolio] Logged Trade: SELL 6.19582832 AAPL @ 36.58. New Cash: 5934.95, New Coins: 117.72073811
[Agent] Received reward: 0.00000000
[NeuralNetworkInterface] Received reward signal: 0.00000000
[Agent] Making decision using full OHLCV data
[Agent] Price data: O=36.42785645 H=36.66311404 L=36.26480645 C=36.35332083 V=82239600.00000000
[Agent_Features] Generated 18 features for the latest tick.
[Agent] Exploration: Random action: HOLD
[Agent] Received reward: 0.00000000
[NeuralNetworkInterface] Received reward signal: 0.00000000
[Agent] Making decision using full OHLCV data
[Agent] Price data: O=36.99155426 H=37.01717666 L=36.49308499 C=36.58392740 V=87481200.00000000
[Agent_Features] Generated 18 features for the latest tick.
[Agent] Exploration: Random action: SELL
[Portfolio] Logged Trade: SELL 5.88603691 AAPL @ 36.58. New Cash: 6150.28, New Coins: 111.83470121
[Agent] Received reward: 0.00000000
[NeuralNetworkInterface] Received reward signal: 0.00000000
[Agent] Making decision using full OHLCV data
[Agent] Price data: O=37.28736496 H=37.69499170 L=36.86576302 C=36.94263020 V=144823600.00000000
[Agent_Features] Generated 18 features for the latest tick.
[Agent] Exploration: Random action: HOLD
[Agent] Received reward: 0.00000000
[NeuralNetworkInterface] Received reward signal: 0.00000000
[Agent] Making decision using full OHLCV data
[Agent] Price data: O=37.51564026 H=37.56455704 L=37.06142826 C=37.09636627 V=104526000.00000000
[Agent_Features] Generated 18 features for the latest tick.
[Agent] Exploration: Random action: HOLD
[Agent] Received reward: 0.00000000
[NeuralNetworkInterface] Received reward signal: 0.00000000
[Agent] Making decision using full OHLCV data
[Agent] Price data: O=36.32069397 H=37.41508345 L=36.15934085 C=37.39169759 V=163217200.00000000
[Agent_Features] Generated 18 features for the latest tick.
[Agent] Exploration: Random action: HOLD
[Agent] Received reward: 0.00000000
[NeuralNetworkInterface] Received reward signal: 0.00000000
[Agent] Making decision using full OHLCV data
[Agent] Price data: O=36.82579422 H=37.08068718 L=36.49607651 C=36.62001369 V=105028400.00000000
[Agent_Features] Generated 18 features for the latest tick.
[Agent] Exploration: Random action: SELL
[Portfolio] Logged Trade: SELL 5.59173506 AAPL @ 36.62. New Cash: 6355.05, New Coins: 106.24296614
[Agent] Received reward: 0.00000000
[NeuralNetworkInterface] Received reward signal: 0.00000000
[Agent] Making decision using full OHLCV data
[Agent] Price data: O=37.38000870 H=37.46419278 L=37.12277857 C=37.25607152 V=88490800.00000000
[Agent_Features] Generated 18 features for the latest tick.
[Agent] Exploration: Random action: HOLD
[Agent] Received reward: 0.00000000
[NeuralNetworkInterface] Received reward signal: 0.00000000
[Agent] Making decision using full OHLCV data
[Agent] Price data: O=37.78923416 H=37.92953858 L=37.44781997 C=37.56941998 V=117862000.00000000
[Agent_Features] Generated 18 features for the latest tick.
[Agent] Exploration: Random action: SELL
[Portfolio] Logged Trade: SELL 5.31214831 AAPL @ 37.57. New Cash: 6554.63, New Coins: 100.93081784
[Agent] Received reward: 0.00000000
[NeuralNetworkInterface] Received reward signal: 0.00000000
[Agent] Making decision using full OHLCV data
[Agent] Price data: O=37.63722992 H=38.00202636 L=37.45015381 C=37.86873700 V=110686400.00000000
[Agent_Features] Generated 18 features for the latest tick.
[Agent] Exploration: Random action: HOLD
[Agent] Received reward: 0.00000000
[NeuralNetworkInterface] Received reward signal: 0.00000000
[Agent] Making decision using full OHLCV data
[Agent] Price data: O=36.91465378 H=37.58111132 L=36.90997589 C=37.53668035 V=111762400.00000000
[Agent_Features] Generated 18 features for the latest tick.
[Agent] Exploration: Random action: SELL
[Portfolio] Logged Trade: SELL 5.04654089 AAPL @ 37.54. New Cash: 6744.06, New Coins: 95.88427695
[Agent] Received reward: 0.00000000
[NeuralNetworkInterface] Received reward signal: 0.00000000
[Agent] Making decision using full OHLCV data
[Agent] Price data: O=36.83046722 H=37.29815570 L=36.64806901 C=36.91465129 V=109712400.00000000
[Agent_Features] Generated 18 features for the latest tick.
[Agent] Exploration: Random action: HOLD
[Agent] Received reward: 0.00000000
[NeuralNetworkInterface] Received reward signal: 0.00000000
[Agent] Making decision using full OHLCV data
[Agent] Price data: O=36.76266861 H=36.92168104 L=36.27159409 C=36.83048190 V=105474000.00000000
[Agent_Features] Generated 18 features for the latest tick.
[Agent] Exploration: Random action: SELL
[Portfolio] Logged Trade: SELL 4.79421385 AAPL @ 36.83. New Cash: 6920.63, New Coins: 91.09006310
[Agent] Received reward: 0.00000000
[NeuralNetworkInterface] Received reward signal: 0.00000000
[Agent] Making decision using full OHLCV data
[Agent] Price data: O=37.36363602 H=37.41508204 L=36.95207140 C=37.00117670 V=86418400.00000000
[Agent_Features] Generated 18 features for the latest tick.
[Agent] Exploration: Random action: SELL
[Portfolio] Logged Trade: SELL 4.55450315 AAPL @ 37.00. New Cash: 7089.15, New Coins: 86.53555994
[Agent] Received reward: -0.00000000
[NeuralNetworkInterface] Received reward signal: -0.00000000
[Agent] Making decision using full OHLCV data
[Agent] Price data: O=37.41041946 H=37.52500448 L=37.15319281 C=37.19762381 V=77596400.00000000
[Agent_Features] Generated 18 features for the latest tick.
[Agent] Exploration: Random action: BUY
[Portfolio] Logged Trade: BUY 9.52903764 AAPL @ 37.20. New Cash: 6734.69, New Coins: 96.06459759
[Agent] Received reward: 0.00000000
[NeuralNetworkInterface] Received reward signal: 0.00000000
[Agent] Making decision using full OHLCV data
[Agent] Price data: O=37.24438095 H=37.58813234 L=37.07601278 C=37.51563761 V=79275600.00000000
[Agent_Features] Generated 18 features for the latest tick.
[Agent] Exploration: Random action: HOLD
[Agent] Received reward: 0.00000000
[NeuralNetworkInterface] Received reward signal: 0.00000000
[Agent] Making decision using full OHLCV data
[Agent] Price data: O=37.38235474 H=37.54604505 L=37.24438744 C=37.33324586 V=101920400.00000000
[Agent_Features] Generated 18 features for the latest tick.
[Agent] Exploration: Random action: HOLD
[Agent] Received reward: 0.00000000
[NeuralNetworkInterface] Received reward signal: 0.00000000
[Agent] Making decision using full OHLCV data
[Agent] Price data: O=37.75883484 H=37.88277202 L=37.39871266 C=37.44782153 V=103864000.00000000
[Agent_Features] Generated 18 features for the latest tick.
[Agent] Exploration: Random action: BUY
[Portfolio] Logged Trade: BUY 8.99210330 AAPL @ 37.45. New Cash: 6397.96, New Coins: 105.05670089
[Agent] Received reward: 0.00000000
[NeuralNetworkInterface] Received reward signal: 0.00000000
[Agent] Making decision using full OHLCV data
[Agent] Price data: O=38.09556961 H=38.14467491 L=37.41508195 C=37.43846780 V=118067600.00000000
[Agent_Features] Generated 18 features for the latest tick.
[Agent] Exploration: Random action: BUY
[Portfolio] Logged Trade: BUY 8.54463242 AAPL @ 37.44. New Cash: 6078.06, New Coins: 113.60133330
[Agent] Received reward: 0.00000000
[NeuralNetworkInterface] Received reward signal: 0.00000000
[Agent] Making decision using full OHLCV data
[Agent] Price data: O=38.19847107 H=38.32474543 L=38.02542499 C=38.30370030 V=109078400.00000000
[Agent_Features] Generated 18 features for the latest tick.
[Agent] Exploration: Random action: SELL
[Portfolio] Logged Trade: SELL 5.68006667 AAPL @ 38.30. New Cash: 6295.63, New Coins: 107.92126664
[Agent] Received reward: 0.00000000
[NeuralNetworkInterface] Received reward signal: 0.00000000
[Agent] Making decision using full OHLCV data
[Agent] Price data: O=38.35045624 H=38.47205624 L=38.22885623 C=38.26627217 V=107140400.00000000
[Agent_Features] Generated 18 features for the latest tick.
[Agent] Exploration: Random action: BUY
[Portfolio] Logged Trade: BUY 8.22608028 AAPL @ 38.27. New Cash: 5980.85, New Coins: 116.14734692
[Agent] Received reward: 0.00000000
[NeuralNetworkInterface] Received reward signal: 0.00000000
[Agent] Making decision using full OHLCV data
[Agent] Price data: O=38.36215973 H=38.57028102 L=38.26394555 C=38.53754296 V=66364400.00000000
[Agent_Features] Generated 18 features for the latest tick.
[Agent] Exploration: Random action: BUY
[Portfolio] Logged Trade: BUY 7.75976704 AAPL @ 38.54. New Cash: 5681.80, New Coins: 123.90711396
[Agent] Received reward: 0.00000000
[NeuralNetworkInterface] Received reward signal: 0.00000000
[Agent] Making decision using full OHLCV data
[Agent] Price data: O=37.90148544 H=38.40892716 L=37.54604110 C=38.29200500 V=117874000.00000000
[Agent_Features] Generated 18 features for the latest tick.
[Agent] Exploration: Random action: BUY
[Portfolio] Logged Trade: BUY 7.41904838 AAPL @ 38.29. New Cash: 5397.71, New Coins: 131.32616234
[Agent] Received reward: 0.00000000
[NeuralNetworkInterface] Received reward signal: 0.00000000
[Agent] Making decision using full OHLCV data
[Agent] Price data: O=37.86172104 H=38.11427324 L=37.53667769 C=38.04879714 V=86606800.00000000
[Agent_Features] Generated 18 features for the latest tick.
[Agent] Exploration: Random action: BUY
[Portfolio] Logged Trade: BUY 7.09314738 AAPL @ 38.05. New Cash: 5127.83, New Coins: 138.41930973
[Agent] Received reward: 0.00000000
[NeuralNetworkInterface] Received reward signal: 0.00000000
[Agent] Making decision using full OHLCV data
[Agent] Price data: O=37.70972824 H=37.93889821 L=37.49926981 C=37.90381943 V=87714000.00000000
[Agent_Features] Generated 18 features for the latest tick.
[Agent] Exploration: Random action: BUY
[Portfolio] Logged Trade: BUY 6.76426396 AAPL @ 37.90. New Cash: 4871.44, New Coins: 145.18357368
[Agent] Received reward: 0.00000000
[NeuralNetworkInterface] Received reward signal: 0.00000000
[Agent] Making decision using full OHLCV data
[Agent] Price data: O=37.09471893 H=37.68400394 L=37.07133308 C=37.61619067 V=114446000.00000000
[Agent_Features] Generated 18 features for the latest tick.
[Agent] Exploration: Random action: HOLD
[Agent] Received reward: 0.00000000
[NeuralNetworkInterface] Received reward signal: 0.00000000
[Agent] Making decision using full OHLCV data
[Agent] Price data: O=37.76585770 H=37.89447279 L=37.38936820 C=37.53201338 V=126323200.00000000
[Agent_Features] Generated 18 features for the latest tick.
[Agent] Exploration: Random action: SELL
[Portfolio] Logged Trade: SELL 7.25917868 AAPL @ 37.53. New Cash: 5143.89, New Coins: 137.92439500
[Agent] Received reward: 0.00000000
[NeuralNetworkInterface] Received reward signal: 0.00000000
[Agent] Making decision using full OHLCV data
[Agent] Price data: O=37.61619186 H=38.34111058 L=37.12745816 C=38.02541936 V=286856000.00000000
[Agent_Features] Generated 18 features for the latest tick.
[Agent] Exploration: Random action: HOLD
[Agent] Received reward: 0.00000000
[NeuralNetworkInterface] Received reward signal: 0.00000000
[Agent] Making decision using full OHLCV data
[Agent] Price data: O=37.33323288 H=37.40572759 L=36.92634617 C=37.38467890 V=179629600.00000000
[Agent_Features] Generated 18 features for the latest tick.
[Agent] Exploration: Random action: HOLD
[Agent] Received reward: 0.00000000
[NeuralNetworkInterface] Received reward signal: 0.00000000
[Agent] Making decision using full OHLCV data
[Agent] Price data: O=37.01286316 H=37.27476755 L=36.96843219 C=37.17889413 V=95042800.00000000
[Agent_Features] Generated 18 features for the latest tick.
[Agent] Exploration: Random action: SELL
[Portfolio] Logged Trade: SELL 6.89621975 AAPL @ 37.18. New Cash: 5400.28, New Coins: 131.02817525
[Agent] Received reward: 0.00000000
[NeuralNetworkInterface] Received reward signal: 0.00000000
[Agent] Making decision using full OHLCV data
[Agent] Price data: O=37.38702774 H=37.64191717 L=36.94739932 C=37.05730642 V=196458400.00000000
[Agent_Features] Generated 18 features for the latest tick.
[Agent] Exploration: Random action: SELL
[Portfolio] Logged Trade: SELL 6.55140876 AAPL @ 37.06. New Cash: 5643.06, New Coins: 124.47676649
[Agent] Received reward: 0.00000000
[NeuralNetworkInterface] Received reward signal: 0.00000000
[Agent] Making decision using full OHLCV data
[Agent] Price data: O=37.10406876 H=37.53200419 L=36.94739353 C=37.44080507 V=113077600.00000000
[Agent_Features] Generated 18 features for the latest tick.
[Agent] Exploration: Random action: HOLD
[Agent] Received reward: 0.00000000
[NeuralNetworkInterface] Received reward signal: 0.00000000
[Agent] Making decision using full OHLCV data
[Agent] Price data: O=37.11811447 H=37.36131461 L=37.05030118 C=37.30051279 V=83242400.00000000
[Agent_Features] Generated 18 features for the latest tick.
[Agent] Exploration: Random action: BUY
[Portfolio] Logged Trade: BUY 7.56432004 AAPL @ 37.30. New Cash: 5360.91, New Coins: 132.04108653
[Agent] Received reward: 0.00000000
[NeuralNetworkInterface] Received reward signal: 0.00000000
[Agent] Making decision using full OHLCV data
[Agent] Price data: O=36.49607468 H=37.00819060 L=35.97226226 C=36.92400652 V=211805600.00000000
[Agent_Features] Generated 18 features for the latest tick.
[Agent] Exploration: Random action: HOLD
[Agent] Received reward: 0.00000000
[NeuralNetworkInterface] Received reward signal: 0.00000000
[Agent] Making decision using full OHLCV data
[Agent] Price data: O=35.86937332 H=36.43293888 L=35.71971313 C=36.43293888 V=150046800.00000000
[Agent_Features] Generated 18 features for the latest tick.
[Agent] Exploration: Random action: BUY
[Portfolio] Logged Trade: BUY 7.35722601 AAPL @ 36.43. New Cash: 5092.86, New Coins: 139.39831254
[Agent] Received reward: 0.00000000
[NeuralNetworkInterface] Received reward signal: 0.00000000
[Agent] Making decision using full OHLCV data
[Agent] Price data: O=35.51860046 H=35.60746241 L=35.20758721 C=35.43675355 V=186581600.00000000
[Agent_Features] Generated 18 features for the latest tick.
[Agent] Exploration: Random action: BUY
[Portfolio] Logged Trade: BUY 7.18584723 AAPL @ 35.44. New Cash: 4838.22, New Coins: 146.58415977
[Agent] Received reward: 0.00000000
[NeuralNetworkInterface] Received reward signal: 0.00000000
[Agent] Making decision using full OHLCV data
[Agent] Price data: O=35.20526123 H=35.50458166 L=34.88021779 C=35.07430899 V=177549200.00000000
[Agent_Features] Generated 18 features for the latest tick.
[Agent] Exploration: Random action: BUY
[Portfolio] Logged Trade: BUY 6.89709789 AAPL @ 35.07. New Cash: 4596.31, New Coins: 153.48125766
[Agent] Received reward: 0.00000000
[NeuralNetworkInterface] Received reward signal: 0.00000000
[Agent] Making decision using full OHLCV data
[Agent] Price data: O=35.81090927 H=35.99330751 L=35.47183581 C=35.49288094 V=146640000.00000000
[Agent_Features] Generated 18 features for the latest tick.
[Agent] Exploration: Random action: BUY
[Portfolio] Logged Trade: BUY 6.47497158 AAPL @ 35.49. New Cash: 4366.49, New Coins: 159.95622924
[Agent] Received reward: 0.00000000
[NeuralNetworkInterface] Received reward signal: 0.00000000
[Agent] Making decision using full OHLCV data
[Agent] Price data: O=36.06580353 H=36.18038851 L=35.90445040 C=35.96525220 V=102016800.00000000
[Agent_Features] Generated 18 features for the latest tick.
[Agent] Exploration: Random action: HOLD
[Agent] Received reward: 0.00000000
[NeuralNetworkInterface] Received reward signal: 0.00000000
[Agent] Making decision using full OHLCV data
[Agent] Price data: O=35.84364700 H=36.07749126 L=35.70801691 C=35.98629214 V=88022000.00000000
[Agent_Features] Generated 18 features for the latest tick.
[Agent] Exploration: Random action: BUY
[Portfolio] Logged Trade: BUY 6.06688304 AAPL @ 35.99. New Cash: 4148.17, New Coins: 166.02311229
[Agent] Received reward: 0.00000000
[NeuralNetworkInterface] Received reward signal: 0.00000000
[Agent] Making decision using full OHLCV data
[Agent] Price data: O=36.04007721 H=36.04241794 L=35.54432851 C=35.82728164 V=105199200.00000000
[Agent_Features] Generated 18 features for the latest tick.
[Agent] Exploration: Random action: SELL
[Portfolio] Logged Trade: SELL 8.30115561 AAPL @ 35.83. New Cash: 4445.58, New Coins: 157.72195667
[Agent] Received reward: 0.00000000
[NeuralNetworkInterface] Received reward signal: 0.00000000
[Agent] Making decision using full OHLCV data
[Agent] Price data: O=35.96760178 H=36.11726203 L=35.71271227 C=36.07283103 V=74795200.00000000
[Agent_Features] Generated 18 features for the latest tick.
[Agent] Exploration: Random action: BUY
[Portfolio] Logged Trade: BUY 6.16194460 AAPL @ 36.07. New Cash: 4223.30, New Coins: 163.88390127
[Agent] Received reward: 0.00000000
[NeuralNetworkInterface] Received reward signal: 0.00000000
[Agent] Making decision using full OHLCV data
[Agent] Price data: O=36.12426758 H=36.26691275 L=35.99097818 C=36.01436047 V=64921200.00000000
[Agent_Features] Generated 18 features for the latest tick.
[Agent] Exploration: Random action: SELL
[Portfolio] Logged Trade: SELL 8.19419506 AAPL @ 36.01. New Cash: 4518.41, New Coins: 155.68970621
[Agent] Received reward: 0.00000000
[NeuralNetworkInterface] Received reward signal: 0.00000000
[Agent] Making decision using full OHLCV data
[Agent] Price data: O=35.89042664 H=35.97928862 L=35.65190799 C=35.92550543 V=80655200.00000000
[Agent_Features] Generated 18 features for the latest tick.
[Agent] Exploration: Random action: SELL
[Portfolio] Logged Trade: SELL 7.78448531 AAPL @ 35.93. New Cash: 4798.07, New Coins: 147.90522090
[Agent] Received reward: 0.00000000
[NeuralNetworkInterface] Received reward signal: 0.00000000
[Agent] Making decision using full OHLCV data
[Agent] Price data: O=36.33705902 H=36.34875195 L=36.02370857 C=36.05410590 V=85135200.00000000
[Agent_Features] Generated 18 features for the latest tick.
[Agent] Exploration: Random action: BUY
[Portfolio] Logged Trade: BUY 6.65398168 AAPL @ 36.05. New Cash: 4558.16, New Coins: 154.55920258
[Agent] Received reward: 0.00000000
[NeuralNetworkInterface] Received reward signal: 0.00000000
[Agent] Making decision using full OHLCV data
[Agent] Price data: O=36.31601715 H=36.36044813 L=36.14297110 C=36.23884811 V=69630400.00000000
[Agent_Features] Generated 18 features for the latest tick.
[Agent] Exploration: Random action: HOLD
[Agent] Received reward: 0.00000000
[NeuralNetworkInterface] Received reward signal: 0.00000000
[Simulation] Simulation run finished. Ticks processed in this run: 92

Simulation Finished in 0.01 seconds.
--------------------
  Final Portfolio  
--------------------
Cash:      $4558.16
Asset:     154.5592 AAPL
Total Value: $10159.21
--------------------
[Simulation] Simulation destroyed.
[AutonomousTradingAgent] Agent destroyed
[NeuralNetworkInterface] Destructor called.
[Portfolio] Destroyed for asset: AAPL. Final cash: 4558.16, Final assets: 154.56
