Loading data from training_run_20250621_125703/data/AMZN_1d_20201125_to_20210823.csv...
Loaded 137 data points.
[Portfolio] Initialized for asset: AMZN with initial cash: 10000.00. Initial Portfolio Value: 10000.00
[NeuralNetworkInterface] Constructor called.
[NeuralNetworkInterface] Initializing...
Warning: NN model path is empty. Initializing in a mock state.
[NeuralNetworkInterface] Initialized successfully.
[AutonomousTradingAgent] Agent initialized for AMZN without API client (CSV mode).
[Simulation] Initialized with 137 data points.
[Simulation] API client is NULL (offline/CSV mode).

Starting Simulation for AMZN...
[Simulation] Starting simulation run...
[Agent] Making decision using full OHLCV data
[Agent] Price data: O=166.15 H=168.25 L=165.20 C=167.93 V=65148000.00
[Agent_Features] Generated 15 features for the latest tick.
[Agent] Exploration: Random action: HOLD
[Agent] Received reward: 0.00
[NeuralNetworkInterface] Received reward signal: 0.00
[Agent] Making decision using full OHLCV data
[Agent] Price data: O=165.25 H=166.90 L=164.89 C=165.62 V=44070000.00
[Agent_Features] Generated 17 features for the latest tick.
[Agent] Exploration: Random action: BUY
[Portfolio] Logged Trade: BUY 3.01887710 AMZN @ 165.62. New Cash: 9500.00, New Coins: 3.01887710
[Agent] Received reward: 0.00000000
[NeuralNetworkInterface] Received reward signal: 0.00000000
[Agent] Making decision using full OHLCV data
[Agent] Price data: O=164.32899475 H=165.89750671 L=162.69999695 C=165.69999695 V=63032000.00000000
[Agent_Features] Generated 17 features for the latest tick.
[Agent] Exploration: Random action: BUY
[Portfolio] Logged Trade: BUY 2.86662649 AMZN @ 165.70. New Cash: 9025.00, New Coins: 5.88550359
[Agent] Received reward: 0.00000000
[NeuralNetworkInterface] Received reward signal: 0.00000000
[Agent] Making decision using full OHLCV data
[Agent] Price data: O=163.10650635 H=164.60000610 L=162.40299988 C=164.60000610 V=46028000.00000000
[Agent_Features] Generated 17 features for the latest tick.
[Agent] Exploration: Random action: SELL
[Portfolio] Logged Trade: SELL 0.29427518 AMZN @ 164.60. New Cash: 9073.44, New Coins: 5.59122841
[Agent] Received reward: 0.00000000
[NeuralNetworkInterface] Received reward signal: 0.00000000
[Agent] Making decision using full OHLCV data
[Agent] Price data: O=163.88549805 H=164.01249695 L=161.66549683 C=162.50000000 V=46706000.00000000
[Agent_Features] Generated 18 features for the latest tick.
[Agent] Exploration: Random action: SELL
[Portfolio] Logged Trade: SELL 0.27956142 AMZN @ 162.50. New Cash: 9118.87, New Coins: 5.31166699
[Agent] Received reward: 0.00000000
[NeuralNetworkInterface] Received reward signal: 0.00000000
[Agent] Making decision using full OHLCV data
[Agent] Price data: O=163.44749451 H=165.41499329 L=162.67950439 C=162.70249939 V=51494000.00000000
[Agent_Features] Generated 18 features for the latest tick.
[Agent] Exploration: Random action: HOLD
[Agent] Received reward: 0.00000000
[NeuralNetworkInterface] Received reward signal: 0.00000000
[Agent] Making decision using full OHLCV data
[Agent] Price data: O=165.43200684 H=166.04550171 L=162.97500610 C=163.17999268 V=65950000.00000000
[Agent_Features] Generated 18 features for the latest tick.
[Agent] Exploration: Random action: SELL
[Portfolio] Logged Trade: SELL 0.26558335 AMZN @ 163.18. New Cash: 9162.20, New Coins: 5.04608364
[Agent] Received reward: 0.00000000
[NeuralNetworkInterface] Received reward signal: 0.00000000
[Agent] Making decision using full OHLCV data
[Agent] Price data: O=166.41149902 H=166.89999390 L=163.69700623 C=164.12100220 V=60548000.00000000
[Agent_Features] Generated 18 features for the latest tick.
[Agent] Exploration: Random action: BUY
[Portfolio] Logged Trade: BUY 2.79129551 AMZN @ 164.12. New Cash: 8704.09, New Coins: 7.83737915
[Agent] Received reward: 0.00000000
[NeuralNetworkInterface] Received reward signal: 0.00000000
[Agent] Making decision using full OHLCV data
[Agent] Price data: O=162.49499512 H=166.67500305 L=162.28750610 C=166.41149902 V=86104000.00000000
[Agent_Features] Generated 18 features for the latest tick.
[Agent] Exploration: Random action: BUY
[Portfolio] Logged Trade: BUY 2.61523217 AMZN @ 166.41. New Cash: 8268.89, New Coins: 10.45261131
[Agent] Received reward: 0.00000000
[NeuralNetworkInterface] Received reward signal: 0.00000000
[Agent] Making decision using full OHLCV data
[Agent] Price data: O=159.03700256 H=161.61599731 L=158.61300659 C=160.40649414 V=70314000.00000000
[Agent_Features] Generated 18 features for the latest tick.
[Agent] Exploration: Random action: BUY
[Portfolio] Logged Trade: BUY 2.57747962 AMZN @ 160.41. New Cash: 7855.44, New Coins: 13.03009093
[Agent] Received reward: 0.00000000
[NeuralNetworkInterface] Received reward signal: 0.00000000
[Agent] Making decision using full OHLCV data
[Agent] Price data: O=159.72500610 H=160.23649597 L=154.67999268 C=156.35150146 V=93544000.00000000
[Agent_Features] Generated 18 features for the latest tick.
[Agent] Exploration: Random action: HOLD
[Agent] Received reward: 0.00000000
[NeuralNetworkInterface] Received reward signal: 0.00000000
[Agent] Making decision using full OHLCV data
[Agent] Price data: O=157.97650146 H=158.56149292 L=156.26899719 C=158.33749390 V=60226000.00000000
[Agent_Features] Generated 18 features for the latest tick.
[Agent] Exploration: Random action: HOLD
[Agent] Received reward: 0.00000000
[NeuralNetworkInterface] Received reward signal: 0.00000000
[Agent] Making decision using full OHLCV data
[Agent] Price data: O=152.85800171 H=158.91299438 L=152.38800049 C=156.83700562 V=90676000.00000000
[Agent_Features] Generated 18 features for the latest tick.
[Agent] Exploration: Random action: BUY
[Portfolio] Logged Trade: BUY 2.50433400 AMZN @ 156.84. New Cash: 7462.67, New Coins: 15.53442494
[Agent] Received reward: 0.00000000
[NeuralNetworkInterface] Received reward signal: 0.00000000
[Agent] Making decision using full OHLCV data
[Agent] Price data: O=154.64649963 H=156.12199402 L=151.83500671 C=154.75999451 V=85518000.00000000
[Agent_Features] Generated 18 features for the latest tick.
[Agent] Exploration: Random action: SELL
[Portfolio] Logged Trade: SELL 0.77672125 AMZN @ 154.76. New Cash: 7582.88, New Coins: 14.75770369
[Agent] Received reward: 0.00000000
[NeuralNetworkInterface] Received reward signal: 0.00000000
[Agent] Making decision using full OHLCV data
[Agent] Price data: O=157.30700684 H=157.47799683 L=154.89950562 C=156.39450073 V=54582000.00000000
[Agent_Features] Generated 18 features for the latest tick.
[Agent] Exploration: Random action: HOLD
[Agent] Received reward: 0.00000000
[NeuralNetworkInterface] Received reward signal: 0.00000000
[Agent] Making decision using full OHLCV data
[Agent] Price data: O=154.72650146 H=158.17599487 L=154.35600281 C=157.17349243 V=51916000.00000000
[Agent_Features] Generated 18 features for the latest tick.
[Agent] Exploration: Random action: HOLD
[Agent] Received reward: 0.00000000
[NeuralNetworkInterface] Received reward signal: 0.00000000
[Agent] Making decision using full OHLCV data
[Agent] Price data: O=150.25000000 H=155.38900757 L=149.75000000 C=154.05900574 V=79774000.00000000
[Agent_Features] Generated 18 features for the latest tick.
[Agent] Exploration: Random action: HOLD
[Agent] Received reward: 0.00000000
[NeuralNetworkInterface] Received reward signal: 0.00000000
[Agent] Making decision using full OHLCV data
[Agent] Price data: O=148.87849426 H=152.90649414 L=147.27149963 C=150.60000610 V=109632000.00000000
[Agent_Features] Generated 18 features for the latest tick.
[Agent] Exploration: Random action: HOLD
[Agent] Received reward: 0.00000000
[NeuralNetworkInterface] Received reward signal: 0.00000000
[Agent] Making decision using full OHLCV data
[Agent] Price data: O=150.02299500 H=150.44999695 L=144.05000305 C=150.25000000 V=107772000.00000000
[Agent_Features] Generated 18 features for the latest tick.
[Agent] Exploration: Random action: SELL
[Portfolio] Logged Trade: SELL 0.73788518 AMZN @ 150.25. New Cash: 7693.75, New Coins: 14.01981851
[Agent] Received reward: 0.00000000
[NeuralNetworkInterface] Received reward signal: 0.00000000
[Agent] Making decision using full OHLCV data
[Agent] Price data: O=147.59750366 H=153.22950745 L=147.56550598 C=150.75000000 V=83700000.00000000
[Agent_Features] Generated 18 features for the latest tick.
[Agent] Exploration: Random action: SELL
[Portfolio] Logged Trade: SELL 0.70099093 AMZN @ 150.75. New Cash: 7799.42, New Coins: 13.31882758
[Agent] Received reward: 0.00000000
[NeuralNetworkInterface] Received reward signal: 0.00000000
[Agent] Making decision using full OHLCV data
[Agent] Price data: O=153.14250183 H=154.54800415 L=150.25750732 C=150.89950562 V=80600000.00000000
[Agent_Features] Generated 18 features for the latest tick.
[Agent] Exploration: Random action: SELL
[Portfolio] Logged Trade: SELL 0.66594138 AMZN @ 150.90. New Cash: 7899.91, New Coins: 12.65288620
[Agent] Received reward: 0.00000000
[NeuralNetworkInterface] Received reward signal: 0.00000000
[Agent] Making decision using full OHLCV data
[Agent] Price data: O=152.88200378 H=155.82299805 L=151.50250244 C=154.92250061 V=60250000.00000000
[Agent_Features] Generated 18 features for the latest tick.
[Agent] Exploration: Random action: HOLD
[Agent] Received reward: 0.00000000
[NeuralNetworkInterface] Received reward signal: 0.00000000
[Agent] Making decision using full OHLCV data
[Agent] Price data: O=155.67950439 H=156.58900452 L=154.14649963 C=155.20050049 V=55528000.00000000
[Agent_Features] Generated 18 features for the latest tick.
[Agent] Exploration: Random action: BUY
[Portfolio] Logged Trade: BUY 2.54506586 AMZN @ 155.20. New Cash: 7504.91, New Coins: 15.19795206
[Agent] Received reward: 0.00000000
[NeuralNetworkInterface] Received reward signal: 0.00000000
[Agent] Making decision using full OHLCV data
[Agent] Price data: O=154.47450256 H=154.94900513 L=152.27499390 C=153.75000000 V=48438000.00000000
[Agent_Features] Generated 18 features for the latest tick.
[Agent] Exploration: Random action: HOLD
[Agent] Received reward: 0.00000000
[NeuralNetworkInterface] Received reward signal: 0.00000000
[Agent] Making decision using full OHLCV data
[Agent] Price data: O=154.08399963 H=154.11199951 L=151.60450745 C=153.72850037 V=58272000.00000000
[Agent_Features] Generated 18 features for the latest tick.
[Agent] Exploration: Random action: BUY
[Portfolio] Logged Trade: BUY 2.44096391 AMZN @ 153.73. New Cash: 7129.67, New Coins: 17.63891597
[Agent] Received reward: 0.00000000
[NeuralNetworkInterface] Received reward signal: 0.00000000
[Agent] Making decision using full OHLCV data
[Agent] Price data: O=154.59300232 H=156.44549561 L=153.79299927 C=155.24850464 V=50776000.00000000
[Agent_Features] Generated 18 features for the latest tick.
[Agent] Exploration: Random action: SELL
[Portfolio] Logged Trade: SELL 0.88194580 AMZN @ 155.25. New Cash: 7266.59, New Coins: 16.75697017
[Agent] Received reward: -0.00000000
[NeuralNetworkInterface] Received reward signal: -0.00000000
[Agent] Making decision using full OHLCV data
[Agent] Price data: O=156.78649902 H=158.65249634 L=153.51100159 C=153.66099548 V=62372000.00000000
[Agent_Features] Generated 18 features for the latest tick.
[Agent] Exploration: Random action: BUY
[Portfolio] Logged Trade: BUY 2.36448730 AMZN @ 153.66. New Cash: 6903.26, New Coins: 19.12145748
[Agent] Received reward: 0.00000000
[NeuralNetworkInterface] Received reward signal: 0.00000000
[Agent] Making decision using full OHLCV data
[Agent] Price data: O=151.39950562 H=155.83149719 L=151.25000000 C=155.05000305 V=72992000.00000000
[Agent_Features] Generated 18 features for the latest tick.
[Agent] Exploration: Random action: HOLD
[Agent] Received reward: 0.00000000
[NeuralNetworkInterface] Received reward signal: 0.00000000
[Agent] Making decision using full OHLCV data
[Agent] Price data: O=153.74800110 H=153.86450195 L=150.83149719 C=151.46150208 V=92508000.00000000
[Agent_Features] Generated 18 features for the latest tick.
[Agent] Exploration: Random action: HOLD
[Agent] Received reward: 0.00000000
[NeuralNetworkInterface] Received reward signal: 0.00000000
[Agent] Making decision using full OHLCV data
[Agent] Price data: O=155.54350281 H=156.32899475 L=153.00250244 C=153.39250183 V=58044000.00000000
[Agent_Features] Generated 18 features for the latest tick.
[Agent] Exploration: Random action: HOLD
[Agent] Received reward: 0.00000000
[NeuralNetworkInterface] Received reward signal: 0.00000000
[Agent] Making decision using full OHLCV data
[Agent] Price data: O=156.87500000 H=159.10000610 L=156.04249573 C=156.35000610 V=76346000.00000000
[Agent_Features] Generated 18 features for the latest tick.
[Agent] Exploration: Random action: HOLD
[Agent] Received reward: 0.00000000
[NeuralNetworkInterface] Received reward signal: 0.00000000
[Agent] Making decision using full OHLCV data
[Agent] Price data: O=154.35350037 H=158.01550293 L=154.25750732 C=157.55200195 V=59180000.00000000
[Agent_Features] Generated 18 features for the latest tick.
[Agent] Exploration: Random action: SELL
[Portfolio] Logged Trade: SELL 0.95607287 AMZN @ 157.55. New Cash: 7053.89, New Coins: 18.16538460
[Agent] Received reward: 0.00000000
[NeuralNetworkInterface] Received reward signal: 0.00000000
[Agent] Making decision using full OHLCV data
[Agent] Price data: O=152.31300354 H=155.48899841 L=151.85699463 C=153.64950562 V=71270000.00000000
[Agent_Features] Generated 18 features for the latest tick.
[Agent] Exploration: Random action: BUY
[Portfolio] Logged Trade: BUY 2.29544871 AMZN @ 153.65. New Cash: 6701.20, New Coins: 20.46083331
[Agent] Received reward: 0.00000000
[NeuralNetworkInterface] Received reward signal: 0.00000000
[Agent] Making decision using full OHLCV data
[Agent] Price data: O=152.60150146 H=152.83299255 L=149.80000305 C=152.20300293 V=66258000.00000000
[Agent_Features] Generated 18 features for the latest tick.
[Agent] Exploration: Random action: HOLD
[Agent] Received reward: 0.00000000
[NeuralNetworkInterface] Received reward signal: 0.00000000
[Agent] Making decision using full OHLCV data
[Agent] Price data: O=153.78649902 H=154.56250000 L=151.42250061 C=152.77200317 V=54920000.00000000
[Agent_Features] Generated 18 features for the latest tick.
[Agent] Exploration: Random action: BUY
[Portfolio] Logged Trade: BUY 2.19320179 AMZN @ 152.77. New Cash: 6366.14, New Coins: 22.65403510
[Agent] Received reward: 0.00000000
[NeuralNetworkInterface] Received reward signal: 0.00000000
[Agent] Making decision using full OHLCV data
[Agent] Price data: O=152.76449585 H=153.64999390 L=151.69999695 C=153.50050354 V=46752000.00000000
[Agent_Features] Generated 18 features for the latest tick.
[Agent] Exploration: Random action: SELL
[Portfolio] Logged Trade: SELL 1.13270176 AMZN @ 153.50. New Cash: 6540.01, New Coins: 21.52133335
[Agent] Received reward: 0.00000000
[NeuralNetworkInterface] Received reward signal: 0.00000000
[Agent] Making decision using full OHLCV data
[Agent] Price data: O=154.70399475 H=155.96650696 L=153.12500000 C=153.20300293 V=61878000.00000000
[Agent_Features] Generated 18 features for the latest tick.
[Agent] Exploration: Random action: SELL
[Portfolio] Logged Trade: SELL 1.07606667 AMZN @ 153.20. New Cash: 6704.86, New Coins: 20.44526668
[Agent] Received reward: 0.00000000
[NeuralNetworkInterface] Received reward signal: 0.00000000
[Agent] Making decision using full OHLCV data
[Agent] Price data: O=158.05000305 H=158.12199402 L=155.77749634 C=155.89700317 V=58806000.00000000
[Agent_Features] Generated 18 features for the latest tick.
[Agent] Exploration: Random action: BUY
[Portfolio] Logged Trade: BUY 2.15041457 AMZN @ 155.90. New Cash: 6369.62, New Coins: 22.59568125
[Agent] Received reward: 0.00000000
[NeuralNetworkInterface] Received reward signal: 0.00000000
[Agent] Making decision using full OHLCV data
[Agent] Price data: O=161.33650208 H=161.79800415 L=158.06199646 C=158.64999390 V=66698000.00000000
[Agent_Features] Generated 18 features for the latest tick.
[Agent] Exploration: Random action: SELL
[Portfolio] Logged Trade: SELL 1.12978406 AMZN @ 158.65. New Cash: 6548.86, New Coins: 21.46589718
[Agent] Received reward: 0.00000000
[NeuralNetworkInterface] Received reward signal: 0.00000000
[Agent] Making decision using full OHLCV data
[Agent] Price data: O=161.19099426 H=162.36549377 L=160.85200500 C=161.18750000 V=50756000.00000000
[Agent_Features] Generated 18 features for the latest tick.
[Agent] Exploration: Random action: HOLD
[Agent] Received reward: 0.00000000
[NeuralNetworkInterface] Received reward signal: 0.00000000
[Agent] Making decision using full OHLCV data
[Agent] Price data: O=163.96949768 H=165.18049622 L=161.18249512 C=161.69000244 V=66924000.00000000
[Agent_Features] Generated 18 features for the latest tick.
[Agent] Exploration: Random action: SELL
[Portfolio] Logged Trade: SELL 1.07329486 AMZN @ 161.69. New Cash: 6722.40, New Coins: 20.39260232
[Agent] Received reward: 0.00000000
[NeuralNetworkInterface] Received reward signal: 0.00000000
[Agent] Making decision using full OHLCV data
[Agent] Price data: O=164.96499634 H=166.22500610 L=164.60000610 C=165.54499817 V=56242000.00000000
[Agent_Features] Generated 18 features for the latest tick.
[Agent] Exploration: Random action: SELL
[Portfolio] Logged Trade: SELL 1.01963012 AMZN @ 165.54. New Cash: 6891.20, New Coins: 19.37297221
[Agent] Received reward: 0.00000000
[NeuralNetworkInterface] Received reward signal: 0.00000000
[Agent] Making decision using full OHLCV data
[Agent] Price data: O=168.61000061 H=168.61000061 L=164.44500732 C=165.23500061 V=86830000.00000000
[Agent_Features] Generated 18 features for the latest tick.
[Agent] Exploration: Random action: HOLD
[Agent] Received reward: 0.00000000
[NeuralNetworkInterface] Received reward signal: 0.00000000
[Agent] Making decision using full OHLCV data
[Agent] Price data: O=168.96949768 H=169.75199890 L=167.55749512 C=167.76049805 V=65636000.00000000
[Agent_Features] Generated 18 features for the latest tick.
[Agent] Exploration: Random action: HOLD
[Agent] Received reward: 0.00000000
[NeuralNetworkInterface] Received reward signal: 0.00000000
[Agent] Making decision using full OHLCV data
[Agent] Price data: O=170.00000000 H=171.60000610 L=169.78149414 C=170.04249573 V=66316000.00000000
[Agent_Features] Generated 18 features for the latest tick.
[Agent] Exploration: Random action: SELL
[Portfolio] Logged Trade: SELL 0.96864861 AMZN @ 170.04. New Cash: 7055.91, New Coins: 18.40432360
[Agent] Received reward: 0.00000000
[NeuralNetworkInterface] Received reward signal: 0.00000000
[Agent] Making decision using full OHLCV data
[Agent] Price data: O=166.64999390 H=170.20649719 L=166.30000305 C=170.20199585 V=62904000.00000000
[Agent_Features] Generated 18 features for the latest tick.
[Agent] Exploration: Random action: BUY
[Portfolio] Logged Trade: BUY 2.07280411 AMZN @ 170.20. New Cash: 6703.11, New Coins: 20.47712770
[Agent] Received reward: 0.00000000
[NeuralNetworkInterface] Received reward signal: 0.00000000
[Agent] Making decision using full OHLCV data
[Agent] Price data: O=168.95449829 H=169.85000610 L=167.60000610 C=168.55000305 V=64672000.00000000
[Agent_Features] Generated 18 features for the latest tick.
[Agent] Exploration: Random action: BUY
[Portfolio] Logged Trade: BUY 1.98846408 AMZN @ 168.55. New Cash: 6367.96, New Coins: 22.46559178
[Agent] Received reward: -0.00000000
[NeuralNetworkInterface] Received reward signal: -0.00000000
[Agent] Making decision using full OHLCV data
[Agent] Price data: O=169.97200012 H=170.33999634 L=167.77949524 C=169.00000000 V=63720000.00000000
[Agent_Features] Generated 18 features for the latest tick.
[Agent] Exploration: Random action: BUY
[Portfolio] Logged Trade: BUY 1.88401092 AMZN @ 169.00. New Cash: 6049.56, New Coins: 24.34960270
[Agent] Received reward: -0.00000000
[NeuralNetworkInterface] Received reward signal: -0.00000000
[Agent] Making decision using full OHLCV data
[Agent] Price data: O=168.60049438 H=171.79649353 L=168.00799561 C=169.51649475 V=54508000.00000000
[Agent_Features] Generated 18 features for the latest tick.
[Agent] Exploration: Random action: BUY
[Portfolio] Logged Trade: BUY 1.78435705 AMZN @ 169.52. New Cash: 5747.08, New Coins: 26.13395975
[Agent] Received reward: 0.00000000
[NeuralNetworkInterface] Received reward signal: 0.00000000
[Agent] Making decision using full OHLCV data
[Agent] Price data: O=166.73449707 H=169.14950562 L=165.80000305 C=168.67999268 V=52460000.00000000
[Agent_Features] Generated 18 features for the latest tick.
[Agent] Exploration: Random action: HOLD
[Agent] Received reward: 0.00000000
[NeuralNetworkInterface] Received reward signal: 0.00000000
[Agent] Making decision using full OHLCV data
[Agent] Price data: O=168.10099792 H=168.14300537 L=165.19050598 C=165.80000305 V=44224000.00000000
[Agent_Features] Generated 18 features for the latest tick.
[Agent] Exploration: Random action: SELL
[Portfolio] Logged Trade: SELL 1.30669799 AMZN @ 165.80. New Cash: 5963.73, New Coins: 24.82726176
[Agent] Received reward: 0.00000000
[NeuralNetworkInterface] Received reward signal: 0.00000000
[Agent] Making decision using full OHLCV data
[Agent] Price data: O=165.45199585 H=168.64349365 L=165.07249451 C=168.58399963 V=51612000.00000000
[Agent_Features] Generated 18 features for the latest tick.
[Agent] Exploration: Random action: HOLD
[Agent] Received reward: 0.00000000
[NeuralNetworkInterface] Received reward signal: 0.00000000
[Agent] Making decision using full OHLCV data
[Agent] Price data: O=167.04400635 H=168.75000000 L=165.42500305 C=165.95500183 V=63856000.00000000
[Agent_Features] Generated 18 features for the latest tick.
[Agent] Exploration: Random action: SELL
[Portfolio] Logged Trade: SELL 1.24136309 AMZN @ 165.96. New Cash: 6169.74, New Coins: 23.58589867
[Agent] Received reward: 0.00000000
[NeuralNetworkInterface] Received reward signal: 0.00000000
[Agent] Making decision using full OHLCV data
[Agent] Price data: O=170.44999695 H=171.42250061 L=166.54699707 C=167.39999390 V=97614000.00000000
[Agent_Features] Generated 18 features for the latest tick.
[Agent] Exploration: Random action: BUY
[Portfolio] Logged Trade: BUY 1.84281430 AMZN @ 167.40. New Cash: 5861.25, New Coins: 25.42871297
[Agent] Received reward: 0.00000000
[NeuralNetworkInterface] Received reward signal: 0.00000000
[Agent] Making decision using full OHLCV data
[Agent] Price data: O=170.87150574 H=173.00000000 L=169.90049744 C=172.17349243 V=76542000.00000000
[Agent_Features] Generated 18 features for the latest tick.
[Agent] Exploration: Random action: SELL
[Portfolio] Logged Trade: SELL 1.27143565 AMZN @ 172.17. New Cash: 6080.16, New Coins: 24.15727732
[Agent] Received reward: 0.00000000
[NeuralNetworkInterface] Received reward signal: 0.00000000
[Agent] Making decision using full OHLCV data
[Agent] Price data: O=172.92500305 H=174.49400330 L=171.25000000 C=171.74000549 V=92638000.00000000
[Agent_Features] Generated 18 features for the latest tick.
[Agent] Exploration: Random action: BUY
[Portfolio] Logged Trade: BUY 1.77016486 AMZN @ 171.74. New Cash: 5776.15, New Coins: 25.92744218
[Agent] Received reward: 0.00000000
[NeuralNetworkInterface] Received reward signal: 0.00000000
[Agent] Making decision using full OHLCV data
[Agent] Price data: O=173.56550598 H=175.72250366 L=171.75000000 C=175.25500488 V=153648000.00000000
[Agent_Features] Generated 18 features for the latest tick.
[Agent] Exploration: Random action: SELL
[Portfolio] Logged Trade: SELL 1.29637211 AMZN @ 175.26. New Cash: 6003.35, New Coins: 24.63107007
[Agent] Received reward: 0.00000000
[NeuralNetworkInterface] Received reward signal: 0.00000000
[Agent] Making decision using full OHLCV data
[Agent] Price data: O=173.37100220 H=177.69999695 L=173.12500000 C=176.25599670 V=140186000.00000000
[Agent_Features] Generated 18 features for the latest tick.
[Agent] Exploration: Random action: HOLD
[Agent] Received reward: 0.00000000
[NeuralNetworkInterface] Received reward signal: 0.00000000
[Agent] Making decision using full OHLCV data
[Agent] Price data: O=169.32449341 H=174.33250427 L=168.63499451 C=174.23649597 V=117510000.00000000
[Agent_Features] Generated 18 features for the latest tick.
[Agent] Exploration: Random action: SELL
[Portfolio] Logged Trade: SELL 1.23155350 AMZN @ 174.24. New Cash: 6217.93, New Coins: 23.39951657
[Agent] Received reward: 0.00000000
[NeuralNetworkInterface] Received reward signal: 0.00000000
[Agent] Making decision using full OHLCV data
[Agent] Price data: O=165.59350586 H=168.39900208 L=163.60650635 C=167.80949402 V=108788000.00000000
[Agent_Features] Generated 18 features for the latest tick.
[Agent] Exploration: Random action: BUY
[Portfolio] Logged Trade: BUY 1.85267575 AMZN @ 167.81. New Cash: 5907.04, New Coins: 25.25219232
[Agent] Received reward: 0.00000000
[NeuralNetworkInterface] Received reward signal: 0.00000000
[Agent] Making decision using full OHLCV data
[Agent] Price data: O=163.52699280 H=167.73500061 L=163.21800232 C=166.94299316 V=74226000.00000000
[Agent_Features] Generated 18 features for the latest tick.
[Agent] Exploration: Random action: SELL
[Portfolio] Logged Trade: SELL 1.26260962 AMZN @ 166.94. New Cash: 6117.82, New Coins: 23.98958270
[Agent] Received reward: 0.00000000
[NeuralNetworkInterface] Received reward signal: 0.00000000
[Agent] Making decision using full OHLCV data
[Agent] Price data: O=165.31849670 H=165.72000122 L=162.36000061 C=163.50000000 V=88954000.00000000
[Agent_Features] Generated 18 features for the latest tick.
[Agent] Exploration: Random action: BUY
[Portfolio] Logged Trade: BUY 1.87089261 AMZN @ 163.50. New Cash: 5811.93, New Coins: 25.86047531
[Agent] Received reward: 0.00000000
[NeuralNetworkInterface] Received reward signal: 0.00000000
[Agent] Making decision using full OHLCV data
[Agent] Price data: O=164.58050537 H=166.54449463 L=164.45350647 C=165.95449829 V=94206000.00000000
[Agent_Features] Generated 18 features for the latest tick.
[Agent] Exploration: Random action: HOLD
[Agent] Received reward: 0.00000000
[NeuralNetworkInterface] Received reward signal: 0.00000000
[Agent] Making decision using full OHLCV data
[Agent] Price data: O=159.52450562 H=164.14999390 L=159.50000000 C=164.11599731 V=116772000.00000000
[Agent_Features] Generated 18 features for the latest tick.
[Agent] Exploration: Random action: SELL
[Portfolio] Logged Trade: SELL 1.29302377 AMZN @ 164.12. New Cash: 6024.13, New Coins: 24.56745155
[Agent] Received reward: 0.00000000
[NeuralNetworkInterface] Received reward signal: 0.00000000
[Agent] Making decision using full OHLCV data
[Agent] Price data: O=161.19549561 H=161.89999390 L=156.36849976 C=156.81399536 V=92396000.00000000
[Agent_Features] Generated 18 features for the latest tick.
[Agent] Exploration: Random action: BUY
[Portfolio] Logged Trade: BUY 1.92078959 AMZN @ 156.81. New Cash: 5722.93, New Coins: 26.48824114
[Agent] Received reward: 0.00000000
[NeuralNetworkInterface] Received reward signal: 0.00000000
[Agent] Making decision using full OHLCV data
[Agent] Price data: O=157.59700012 H=160.39700317 L=156.65499878 C=159.25000000 V=98728000.00000000
[Agent_Features] Generated 18 features for the latest tick.
[Agent] Exploration: Random action: SELL
[Portfolio] Logged Trade: SELL 1.32441206 AMZN @ 159.25. New Cash: 5933.84, New Coins: 25.16382908
[Agent] Received reward: 0.00000000
[NeuralNetworkInterface] Received reward signal: 0.00000000
[Agent] Making decision using full OHLCV data
[Agent] Price data: O=158.07350159 H=160.19200134 L=156.64999390 C=159.27349854 V=67018000.00000000
[Agent_Features] Generated 18 features for the latest tick.
[Agent] Exploration: Random action: BUY
[Portfolio] Logged Trade: BUY 1.86278313 AMZN @ 159.27. New Cash: 5637.15, New Coins: 27.02661221
[Agent] Received reward: 0.00000000
[NeuralNetworkInterface] Received reward signal: 0.00000000
[Agent] Making decision using full OHLCV data
[Agent] Price data: O=161.14500427 H=161.44299316 L=159.14999390 C=159.27799988 V=66500000.00000000
[Agent_Features] Generated 18 features for the latest tick.
[Agent] Exploration: Random action: HOLD
[Agent] Received reward: 0.00000000
[NeuralNetworkInterface] Received reward signal: 0.00000000
[Agent] Making decision using full OHLCV data
[Agent] Price data: O=163.51950073 H=164.63749695 L=161.72950745 C=162.29649353 V=74478000.00000000
[Agent_Features] Generated 18 features for the latest tick.
[Agent] Exploration: Random action: BUY
[Portfolio] Logged Trade: BUY 1.73668192 AMZN @ 162.30. New Cash: 5355.29, New Coins: 28.76329413
[Agent] Received reward: -0.00000000
[NeuralNetworkInterface] Received reward signal: -0.00000000
[Agent] Making decision using full OHLCV data
[Agent] Price data: O=161.61399841 H=165.60000610 L=161.51849365 C=164.62899780 V=56568000.00000000
[Agent_Features] Generated 18 features for the latest tick.
[Agent] Exploration: Random action: SELL
[Portfolio] Logged Trade: SELL 1.43816471 AMZN @ 164.63. New Cash: 5592.05, New Coins: 27.32512943
[Agent] Received reward: 0.00000000
[NeuralNetworkInterface] Received reward signal: 0.00000000
[Agent] Making decision using full OHLCV data
[Agent] Price data: O=161.58999634 H=161.73750305 L=159.19999695 C=159.75000000 V=53594000.00000000
[Agent_Features] Generated 18 features for the latest tick.
[Agent] Exploration: Random action: HOLD
[Agent] Received reward: 0.00000000
[NeuralNetworkInterface] Received reward signal: 0.00000000
[Agent] Making decision using full OHLCV data
[Agent] Price data: O=162.38400269 H=162.98399353 L=161.80900574 C=162.22000122 V=52664000.00000000
[Agent_Features] Generated 18 features for the latest tick.
[Agent] Exploration: Random action: BUY
[Portfolio] Logged Trade: BUY 1.72360187 AMZN @ 162.22. New Cash: 5312.45, New Coins: 29.04873130
[Agent] Received reward: 0.00000000
[NeuralNetworkInterface] Received reward signal: 0.00000000
[Agent] Making decision using full OHLCV data
[Agent] Price data: O=160.15400696 H=162.83450317 L=159.85049438 C=162.50000000 V=82098000.00000000
[Agent_Features] Generated 18 features for the latest tick.
[Agent] Exploration: Random action: BUY
[Portfolio] Logged Trade: BUY 1.63460039 AMZN @ 162.50. New Cash: 5046.83, New Coins: 30.68333169
[Agent] Received reward: 0.00000000
[NeuralNetworkInterface] Received reward signal: 0.00000000
[Agent] Making decision using full OHLCV data
[Agent] Price data: O=162.24949646 H=162.89750671 L=160.52499390 C=160.77499390 V=48456000.00000000
[Agent_Features] Generated 18 features for the latest tick.
[Agent] Exploration: Random action: BUY
[Portfolio] Logged Trade: BUY 1.56953161 AMZN @ 160.77. New Cash: 4794.49, New Coins: 32.25286330
[Agent] Received reward: 0.00000000
[NeuralNetworkInterface] Received reward signal: 0.00000000
[Agent] Making decision using full OHLCV data
[Agent] Price data: O=162.95249939 H=163.99099731 L=160.68800354 C=163.33349609 V=65222000.00000000
[Agent_Features] Generated 18 features for the latest tick.
[Agent] Exploration: Random action: SELL
[Portfolio] Logged Trade: SELL 1.61264317 AMZN @ 163.33. New Cash: 5057.89, New Coins: 30.64022014
[Agent] Received reward: 0.00000000
[NeuralNetworkInterface] Received reward signal: 0.00000000
[Agent] Making decision using full OHLCV data
[Agent] Price data: O=163.25799561 H=164.78649902 L=162.92550659 C=163.72950745 V=47680000.00000000
[Agent_Features] Generated 18 features for the latest tick.
[Agent] Exploration: Random action: SELL
[Portfolio] Logged Trade: SELL 1.53201101 AMZN @ 163.73. New Cash: 5308.72, New Coins: 29.10820913
[Agent] Received reward: 0.00000000
[NeuralNetworkInterface] Received reward signal: 0.00000000
[Agent] Making decision using full OHLCV data
[Agent] Price data: O=161.50549316 H=163.01800537 L=161.50199890 C=162.80000305 V=51224000.00000000
[Agent_Features] Generated 18 features for the latest tick.
[Agent] Exploration: Random action: SELL
[Portfolio] Logged Trade: SELL 1.45541046 AMZN @ 162.80. New Cash: 5545.66, New Coins: 27.65279867
[Agent] Received reward: 0.00000000
[NeuralNetworkInterface] Received reward signal: 0.00000000
[Agent] Making decision using full OHLCV data
[Agent] Price data: O=161.15350342 H=162.39950562 L=160.98500061 C=162.10000610 V=46596000.00000000
[Agent_Features] Generated 18 features for the latest tick.
[Agent] Exploration: Random action: HOLD
[Agent] Received reward: 0.00000000
[NeuralNetworkInterface] Received reward signal: 0.00000000
[Agent] Making decision using full OHLCV data
[Agent] Price data: O=160.93249512 H=162.54899597 L=160.45300293 C=162.17500305 V=48600000.00000000
[Agent_Features] Generated 18 features for the latest tick.
[Agent] Exploration: Random action: HOLD
[Agent] Received reward: 0.00000000
[NeuralNetworkInterface] Received reward signal: 0.00000000
[Agent] Making decision using full OHLCV data
[Agent] Price data: O=161.69949341 H=161.75000000 L=160.39999390 C=161.15499878 V=40290000.00000000
[Agent_Features] Generated 18 features for the latest tick.
[Agent] Exploration: Random action: BUY
[Portfolio] Logged Trade: BUY 1.72059886 AMZN @ 161.15. New Cash: 5268.38, New Coins: 29.37339753
[Agent] Received reward: -0.00000000
[NeuralNetworkInterface] Received reward signal: -0.00000000
[Agent] Making decision using full OHLCV data
[Agent] Price data: O=159.35049438 H=160.72200012 L=159.20150757 C=160.21150208 V=47966000.00000000
[Agent_Features] Generated 18 features for the latest tick.
[Agent] Exploration: Random action: BUY
[Portfolio] Logged Trade: BUY 1.64419501 AMZN @ 160.21. New Cash: 5004.96, New Coins: 31.01759254
[Agent] Received reward: -0.00000000
[NeuralNetworkInterface] Received reward signal: -0.00000000
[Agent] Making decision using full OHLCV data
[Agent] Price data: O=160.31100464 H=161.05000305 L=159.94050598 C=160.60000610 V=44994000.00000000
[Agent_Features] Generated 18 features for the latest tick.
[Agent] Exploration: Random action: BUY
[Portfolio] Logged Trade: BUY 1.55820669 AMZN @ 160.60. New Cash: 4754.71, New Coins: 32.57579923
[Agent] Received reward: 0.00000000
[NeuralNetworkInterface] Received reward signal: 0.00000000
[Agent] Making decision using full OHLCV data
[Agent] Price data: O=159.90049744 H=160.39999390 L=158.61000061 C=159.86650085 V=44316000.00000000
[Agent_Features] Generated 18 features for the latest tick.
[Agent] Exploration: Random action: BUY
[Portfolio] Logged Trade: BUY 1.48708831 AMZN @ 159.87. New Cash: 4516.98, New Coins: 34.06288754
[Agent] Received reward: 0.00000000
[NeuralNetworkInterface] Received reward signal: 0.00000000
[Agent] Making decision using full OHLCV data
[Agent] Price data: O=163.20550537 H=163.97650146 L=160.90049744 C=161.13049316 V=68334000.00000000
[Agent_Features] Generated 18 features for the latest tick.
[Agent] Exploration: Random action: HOLD
[Agent] Received reward: 0.00000000
[NeuralNetworkInterface] Received reward signal: 0.00000000
[Agent] Making decision using full OHLCV data
[Agent] Price data: O=164.05749512 H=164.87899780 L=163.53500366 C=163.64349365 V=49110000.00000000
[Agent_Features] Generated 18 features for the latest tick.
[Agent] Exploration: Random action: HOLD
[Agent] Received reward: 0.00000000
[NeuralNetworkInterface] Received reward signal: 0.00000000
[Agent] Making decision using full OHLCV data
[Agent] Price data: O=167.48249817 H=167.55000305 L=164.05749512 C=164.10049438 V=69530000.00000000
[Agent_Features] Generated 18 features for the latest tick.
[Agent] Exploration: Random action: SELL
[Portfolio] Logged Trade: SELL 1.70314438 AMZN @ 164.10. New Cash: 4796.46, New Coins: 32.35974316
[Agent] Received reward: 0.00000000
[NeuralNetworkInterface] Received reward signal: 0.00000000
[Agent] Making decision using full OHLCV data
[Agent] Price data: O=167.34150696 H=168.32899475 L=166.67250061 C=167.48249817 V=56348000.00000000
[Agent_Features] Generated 18 features for the latest tick.
[Agent] Exploration: Random action: SELL
[Portfolio] Logged Trade: SELL 1.61798716 AMZN @ 167.48. New Cash: 5067.45, New Coins: 30.74175601
[Agent] Received reward: 0.00000000
[NeuralNetworkInterface] Received reward signal: 0.00000000
[Agent] Making decision using full OHLCV data
[Agent] Price data: O=169.19349670 H=169.25000000 L=166.77499390 C=167.34150696 V=51394000.00000000
[Agent_Features] Generated 18 features for the latest tick.
[Agent] Exploration: Random action: BUY
[Portfolio] Logged Trade: BUY 1.51410368 AMZN @ 167.34. New Cash: 4814.08, New Coins: 32.25585969
[Agent] Received reward: 0.00000000
[NeuralNetworkInterface] Received reward signal: 0.00000000
[Agent] Making decision using full OHLCV data
[Agent] Price data: O=169.15649414 H=169.84950256 L=168.15550232 C=169.19999695 V=48524000.00000000
[Agent_Features] Generated 18 features for the latest tick.
[Agent] Exploration: Random action: SELL
[Portfolio] Logged Trade: SELL 1.61279298 AMZN @ 169.20. New Cash: 5086.96, New Coins: 30.64306671
[Agent] Received reward: 0.00000000
[NeuralNetworkInterface] Received reward signal: 0.00000000
[Agent] Making decision using full OHLCV data
[Agent] Price data: O=170.76249695 H=171.31750488 L=168.02650452 C=169.60000610 V=84056000.00000000
[Agent_Features] Generated 18 features for the latest tick.
[Agent] Exploration: Random action: BUY
[Portfolio] Logged Trade: BUY 1.49969335 AMZN @ 169.60. New Cash: 4832.61, New Coins: 32.14276005
[Agent] Received reward: -0.00000000
[NeuralNetworkInterface] Received reward signal: -0.00000000
[Agent] Making decision using full OHLCV data
[Agent] Price data: O=174.46200562 H=174.86000061 L=170.05000305 C=170.15899658 V=102730000.00000000
[Agent_Features] Generated 18 features for the latest tick.
[Agent] Exploration: Random action: HOLD
[Agent] Received reward: 0.00000000
[NeuralNetworkInterface] Received reward signal: 0.00000000
[Agent] Making decision using full OHLCV data
[Agent] Price data: O=174.34500122 H=175.35000610 L=173.68550110 C=173.99949646 V=104954000.00000000
[Agent_Features] Generated 18 features for the latest tick.
[Agent] Exploration: Random action: SELL
[Portfolio] Logged Trade: SELL 1.60713800 AMZN @ 174.00. New Cash: 5112.25, New Coins: 30.53562205
[Agent] Received reward: 0.00000000
[NeuralNetworkInterface] Received reward signal: 0.00000000
[Agent] Making decision using full OHLCV data
[Agent] Price data: O=172.69799805 H=174.10000610 L=171.69999695 C=173.82099915 V=65542000.00000000
[Agent_Features] Generated 18 features for the latest tick.
[Agent] Exploration: Random action: HOLD
[Agent] Received reward: 0.00000000
[NeuralNetworkInterface] Received reward signal: 0.00000000
[Agent] Making decision using full OHLCV data
[Agent] Price data: O=175.27200317 H=176.18899536 L=172.80450439 C=172.90299988 V=66902000.00000000
[Agent_Features] Generated 18 features for the latest tick.
[Agent] Exploration: Random action: SELL
[Portfolio] Logged Trade: SELL 1.52678110 AMZN @ 172.90. New Cash: 5376.24, New Coins: 29.00884095
[Agent] Received reward: 0.00000000
[NeuralNetworkInterface] Received reward signal: 0.00000000
[Agent] Making decision using full OHLCV data
[Agent] Price data: O=175.19099426 H=176.05000305 L=174.16000366 C=175.25000000 V=56266000.00000000
[Agent_Features] Generated 18 features for the latest tick.
[Agent] Exploration: Random action: HOLD
[Agent] Received reward: 0.00000000
[NeuralNetworkInterface] Received reward signal: 0.00000000
[Agent] Making decision using full OHLCV data
[Agent] Price data: O=172.45399475 H=176.24299622 L=171.54249573 C=175.38200378 V=76640000.00000000
[Agent_Features] Generated 18 features for the latest tick.
[Agent] Exploration: Random action: BUY
[Portfolio] Logged Trade: BUY 1.53272233 AMZN @ 175.38. New Cash: 5107.43, New Coins: 30.54156328
[Agent] Received reward: 0.00000000
[NeuralNetworkInterface] Received reward signal: 0.00000000
[Agent] Making decision using full OHLCV data
[Agent] Price data: O=170.07299805 H=173.24099731 L=169.70899963 C=173.19999695 V=78820000.00000000
[Agent_Features] Generated 18 features for the latest tick.
[Agent] Exploration: Random action: HOLD
[Agent] Received reward: 0.00000000
[NeuralNetworkInterface] Received reward signal: 0.00000000
[Agent] Making decision using full OHLCV data
[Agent] Price data: O=172.19450378 H=172.39999390 L=170.67550659 C=170.80000305 V=44856000.00000000
[Agent_Features] Generated 18 features for the latest tick.
[Agent] Exploration: Random action: SELL
[Portfolio] Logged Trade: SELL 1.52707816 AMZN @ 170.80. New Cash: 5368.25, New Coins: 29.01448511
[Agent] Received reward: 0.00000000
[NeuralNetworkInterface] Received reward signal: 0.00000000
[Agent] Making decision using full OHLCV data
[Agent] Price data: O=172.40699768 H=172.80149841 L=171.15150452 C=171.94099426 V=41968000.00000000
[Agent_Features] Generated 18 features for the latest tick.
[Agent] Exploration: Random action: BUY
[Portfolio] Logged Trade: BUY 1.56107370 AMZN @ 171.94. New Cash: 5099.84, New Coins: 30.57555882
[Agent] Received reward: 0.00000000
[NeuralNetworkInterface] Received reward signal: 0.00000000
[Agent] Making decision using full OHLCV data
[Agent] Price data: O=172.00799561 H=173.58000183 L=171.75000000 C=172.05299377 V=48080000.00000000
[Agent_Features] Generated 18 features for the latest tick.
[Agent] Exploration: Random action: HOLD
[Agent] Received reward: 0.00000000
[NeuralNetworkInterface] Received reward signal: 0.00000000
[Agent] Making decision using full OHLCV data
[Agent] Price data: O=171.64849854 H=172.85000610 L=170.47099304 C=171.73049927 V=40742000.00000000
[Agent_Features] Generated 18 features for the latest tick.
[Agent] Exploration: Random action: BUY
[Portfolio] Logged Trade: BUY 1.48483780 AMZN @ 171.73. New Cash: 4844.85, New Coins: 32.06039662
[Agent] Received reward: 0.00000000
[NeuralNetworkInterface] Received reward signal: 0.00000000
[Agent] Making decision using full OHLCV data
[Agent] Price data: O=175.54899597 H=175.58599854 L=171.84599304 C=172.58200073 V=63388000.00000000
[Agent_Features] Generated 18 features for the latest tick.
[Agent] Exploration: Random action: BUY
[Portfolio] Logged Trade: BUY 1.40363618 AMZN @ 172.58. New Cash: 4602.60, New Coins: 33.46403279
[Agent] Received reward: 0.00000000
[NeuralNetworkInterface] Received reward signal: 0.00000000
[Agent] Making decision using full OHLCV data
[Agent] Price data: O=183.78700256 H=184.27400208 L=176.44999695 C=176.50549316 V=134896000.00000000
[Agent_Features] Generated 18 features for the latest tick.
[Agent] Exploration: Random action: HOLD
[Agent] Received reward: 0.00000000
[NeuralNetworkInterface] Received reward signal: 0.00000000
[Agent] Making decision using full OHLCV data
[Agent] Price data: O=184.82899475 H=186.71000671 L=183.94549561 C=185.86900330 V=106562000.00000000
[Agent_Features] Generated 18 features for the latest tick.
[Agent] Exploration: Random action: HOLD
[Agent] Received reward: 0.00000000
[NeuralNetworkInterface] Received reward signal: 0.00000000
[Agent] Making decision using full OHLCV data
[Agent] Price data: O=186.57049561 H=187.99949646 L=181.05599976 C=182.17799377 V=103612000.00000000
[Agent_Features] Generated 18 features for the latest tick.
[Agent] Exploration: Random action: HOLD
[Agent] Received reward: 0.00000000
[NeuralNetworkInterface] Received reward signal: 0.00000000
[Agent] Making decision using full OHLCV data
[Agent] Price data: O=185.96699524 H=187.39999390 L=184.66999817 C=186.12600708 V=74964000.00000000
[Agent_Features] Generated 18 features for the latest tick.
[Agent] Exploration: Random action: BUY
[Portfolio] Logged Trade: BUY 1.23642164 AMZN @ 186.13. New Cash: 4372.47, New Coins: 34.70045443
[Agent] Received reward: 0.00000000
[NeuralNetworkInterface] Received reward signal: 0.00000000
[Agent] Making decision using full OHLCV data
[Agent] Price data: O=185.92750549 H=187.86450195 L=184.83949280 C=187.19999695 V=51432000.00000000
[Agent_Features] Generated 18 features for the latest tick.
[Agent] Exploration: Random action: SELL
[Portfolio] Logged Trade: SELL 1.73502272 AMZN @ 187.20. New Cash: 4697.27, New Coins: 32.96543171
[Agent] Received reward: 0.00000000
[NeuralNetworkInterface] Received reward signal: 0.00000000
[Agent] Making decision using full OHLCV data
[Agent] Price data: O=183.86799622 H=188.65400696 L=183.56599426 C=185.10499573 V=76918000.00000000
[Agent_Features] Generated 18 features for the latest tick.
[Agent] Exploration: Random action: SELL
[Portfolio] Logged Trade: SELL 1.64827159 AMZN @ 185.10. New Cash: 5002.37, New Coins: 31.31716013
[Agent] Received reward: 0.00000000
[NeuralNetworkInterface] Received reward signal: 0.00000000
[Agent] Making decision using full OHLCV data
[Agent] Price data: O=184.08399963 H=185.88299561 L=183.04150391 C=185.44250488 V=65932000.00000000
[Agent_Features] Generated 18 features for the latest tick.
[Agent] Exploration: Random action: SELL
[Portfolio] Logged Trade: SELL 1.56585801 AMZN @ 185.44. New Cash: 5292.75, New Coins: 29.75130212
[Agent] Received reward: 0.00000000
[NeuralNetworkInterface] Received reward signal: 0.00000000
[Agent] Making decision using full OHLCV data
[Agent] Price data: O=181.55999756 H=184.77000427 L=181.04600525 C=184.71000671 V=63706000.00000000
[Agent_Features] Generated 18 features for the latest tick.
[Agent] Exploration: Random action: HOLD
[Agent] Received reward: 0.00000000
[NeuralNetworkInterface] Received reward signal: 0.00000000
[Agent] Making decision using full OHLCV data
[Agent] Price data: O=178.68150330 H=182.30299377 L=178.52299500 C=181.66549683 V=80874000.00000000
[Agent_Features] Generated 18 features for the latest tick.
[Agent] Exploration: Random action: SELL
[Portfolio] Logged Trade: SELL 1.48756511 AMZN @ 181.67. New Cash: 5562.99, New Coins: 28.26373701
[Agent] Received reward: 0.00000000
[NeuralNetworkInterface] Received reward signal: 0.00000000
[Agent] Making decision using full OHLCV data
[Agent] Price data: O=177.47950745 H=177.51049805 L=174.95799255 C=176.62899780 V=75692000.00000000
[Agent_Features] Generated 18 features for the latest tick.
[Agent] Exploration: Random action: SELL
[Portfolio] Logged Trade: SELL 1.41318685 AMZN @ 176.63. New Cash: 5812.60, New Coins: 26.85055016
[Agent] Received reward: 0.00000000
[NeuralNetworkInterface] Received reward signal: 0.00000000
[Agent] Making decision using full OHLCV data
[Agent] Price data: O=178.65950012 H=179.60000610 L=175.89999390 C=178.36599731 V=65114000.00000000
[Agent_Features] Generated 18 features for the latest tick.
[Agent] Exploration: Random action: HOLD
[Agent] Received reward: 0.00000000
[NeuralNetworkInterface] Received reward signal: 0.00000000
[Agent] Making decision using full OHLCV data
[Agent] Price data: O=179.25999451 H=179.32249451 L=177.18200684 C=178.81900024 V=46380000.00000000
[Agent_Features] Generated 18 features for the latest tick.
[Agent] Exploration: Random action: HOLD
[Agent] Received reward: 0.00000000
[NeuralNetworkInterface] Received reward signal: 0.00000000
[Agent] Making decision using full OHLCV data
[Agent] Price data: O=181.90150452 H=182.00100708 L=179.11349487 C=179.36149597 V=65308000.00000000
[Agent_Features] Generated 18 features for the latest tick.
[Agent] Exploration: Random action: BUY
[Portfolio] Logged Trade: BUY 1.62035877 AMZN @ 179.36. New Cash: 5521.97, New Coins: 28.47090893
[Agent] Received reward: 0.00000000
[NeuralNetworkInterface] Received reward signal: 0.00000000
[Agent] Making decision using full OHLCV data
[Agent] Price data: O=182.83200073 H=183.30549622 L=181.10200500 C=182.00000000 V=48726000.00000000
[Agent_Features] Generated 18 features for the latest tick.
[Agent] Exploration: Random action: BUY
[Portfolio] Logged Trade: BUY 1.51702458 AMZN @ 182.00. New Cash: 5245.87, New Coins: 29.98793351
[Agent] Received reward: 0.00000000
[NeuralNetworkInterface] Received reward signal: 0.00000000
[Agent] Making decision using full OHLCV data
[Agent] Price data: O=184.99099731 H=185.60400391 L=182.36250305 C=183.65849304 V=58002000.00000000
[Agent_Features] Generated 18 features for the latest tick.
[Agent] Exploration: Random action: BUY
[Portfolio] Logged Trade: BUY 1.42815911 AMZN @ 183.66. New Cash: 4983.58, New Coins: 31.41609262
[Agent] Received reward: 0.00000000
[NeuralNetworkInterface] Received reward signal: 0.00000000
[Agent] Making decision using full OHLCV data
[Agent] Price data: O=181.31950378 H=184.92500305 L=179.30749512 C=184.92500305 V=82638000.00000000
[Agent_Features] Generated 18 features for the latest tick.
[Agent] Exploration: Random action: SELL
[Portfolio] Logged Trade: SELL 1.57080463 AMZN @ 184.93. New Cash: 5274.06, New Coins: 29.84528799
[Agent] Received reward: 0.00000000
[NeuralNetworkInterface] Received reward signal: 0.00000000
[Agent] Making decision using full OHLCV data
[Agent] Price data: O=181.51600647 H=182.92100525 L=180.05000305 C=181.68899536 V=59988000.00000000
[Agent_Features] Generated 18 features for the latest tick.
[Agent] Exploration: Random action: SELL
[Portfolio] Logged Trade: SELL 1.49226440 AMZN @ 181.69. New Cash: 5545.19, New Coins: 28.35302359
[Agent] Received reward: 0.00000000
[NeuralNetworkInterface] Received reward signal: 0.00000000
[Agent] Making decision using full OHLCV data
[Agent] Price data: O=179.99600220 H=181.89750671 L=179.00050354 C=181.38749695 V=110400000.00000000
[Agent_Features] Generated 18 features for the latest tick.
[Agent] Exploration: Random action: SELL
[Portfolio] Logged Trade: SELL 1.41765118 AMZN @ 181.39. New Cash: 5802.33, New Coins: 26.93537241
[Agent] Received reward: 0.00000000
[NeuralNetworkInterface] Received reward signal: 0.00000000
[Agent] Making decision using full OHLCV data
[Agent] Price data: O=166.37950134 H=168.40699768 L=165.34899902 C=167.39750671 V=199312000.00000000
[Agent_Features] Generated 18 features for the latest tick.
[Agent] Exploration: Random action: BUY
[Portfolio] Logged Trade: BUY 1.73309951 AMZN @ 167.40. New Cash: 5512.21, New Coins: 28.66847192
[Agent] Received reward: 0.00000000
[NeuralNetworkInterface] Received reward signal: 0.00000000
[Agent] Making decision using full OHLCV data
[Agent] Price data: O=166.57400513 H=167.94599915 L=165.85000610 C=167.65499878 V=67078000.00000000
[Agent_Features] Generated 18 features for the latest tick.
[Agent] Exploration: Random action: SELL
[Portfolio] Logged Trade: SELL 1.43342360 AMZN @ 167.65. New Cash: 5752.53, New Coins: 27.23504832
[Agent] Received reward: 0.00000000
[NeuralNetworkInterface] Received reward signal: 0.00000000
[Agent] Making decision using full OHLCV data
[Agent] Price data: O=168.31199646 H=169.55000305 L=164.98849487 C=167.03599548 V=83146000.00000000
[Agent_Features] Generated 18 features for the latest tick.
[Agent] Exploration: Random action: SELL
[Portfolio] Logged Trade: SELL 1.36175242 AMZN @ 167.04. New Cash: 5980.00, New Coins: 25.87329590
[Agent] Received reward: 0.00000000
[NeuralNetworkInterface] Received reward signal: 0.00000000
[Agent] Making decision using full OHLCV data
[Agent] Price data: O=167.73599243 H=169.44400024 L=167.27799988 C=168.96749878 V=43678000.00000000
[Agent_Features] Generated 18 features for the latest tick.
[Agent] Exploration: Random action: BUY
[Portfolio] Logged Trade: BUY 1.76957004 AMZN @ 168.97. New Cash: 5681.00, New Coins: 27.64286595
[Agent] Received reward: 0.00000000
[NeuralNetworkInterface] Received reward signal: 0.00000000
[Agent] Making decision using full OHLCV data
[Agent] Price data: O=168.79949951 H=169.44999695 L=167.04600525 C=167.81100464 V=48670000.00000000
[Agent_Features] Generated 18 features for the latest tick.
[Agent] Exploration: Random action: SELL
[Portfolio] Logged Trade: SELL 1.38214330 AMZN @ 167.81. New Cash: 5912.94, New Coins: 26.26072265
[Agent] Received reward: 0.00000000
[NeuralNetworkInterface] Received reward signal: 0.00000000
[Agent] Making decision using full OHLCV data
[Agent] Price data: O=167.24699402 H=168.75000000 L=166.45199585 C=168.75000000 V=52752000.00000000
[Agent_Features] Generated 18 features for the latest tick.
[Agent] Exploration: Random action: BUY
[Portfolio] Logged Trade: BUY 1.75198089 AMZN @ 168.75. New Cash: 5617.29, New Coins: 28.01270355
[Agent] Received reward: 0.00000000
[NeuralNetworkInterface] Received reward signal: 0.00000000
[Agent] Making decision using full OHLCV data
[Agent] Price data: O=167.09350586 H=167.74400330 L=166.42599487 C=167.18049622 V=42964000.00000000
[Agent_Features] Generated 18 features for the latest tick.
[Agent] Exploration: Random action: HOLD
[Agent] Received reward: 0.00000000
[NeuralNetworkInterface] Received reward signal: 0.00000000
[Agent] Making decision using full OHLCV data
[Agent] Price data: O=166.03399658 H=167.89999390 L=165.75000000 C=167.25050354 V=48252000.00000000
[Agent_Features] Generated 18 features for the latest tick.
[Agent] Exploration: Random action: BUY
[Portfolio] Logged Trade: BUY 1.67930399 AMZN @ 167.25. New Cash: 5336.42, New Coins: 29.69200753
[Agent] Received reward: 0.00000000
[NeuralNetworkInterface] Received reward signal: 0.00000000
[Agent] Making decision using full OHLCV data
[Agent] Price data: O=164.60549927 H=166.88499451 L=163.88949585 C=166.57249451 V=58944000.00000000
[Agent_Features] Generated 18 features for the latest tick.
[Agent] Exploration: Random action: BUY
[Portfolio] Logged Trade: BUY 1.60183238 AMZN @ 166.57. New Cash: 5069.60, New Coins: 31.29383991
[Agent] Received reward: 0.00000000
[NeuralNetworkInterface] Received reward signal: 0.00000000
[Agent] Making decision using full OHLCV data
[Agent] Price data: O=165.17500305 H=165.72549438 L=163.48350525 C=164.50000000 V=46282000.00000000
[Agent_Features] Generated 18 features for the latest tick.
[Agent] Exploration: Random action: HOLD
[Agent] Received reward: 0.00000000
[NeuralNetworkInterface] Received reward signal: 0.00000000
[Agent] Making decision using full OHLCV data
[Agent] Price data: O=164.69850159 H=165.30349731 L=164.14999390 C=165.28349304 V=41134000.00000000
[Agent_Features] Generated 18 features for the latest tick.
[Agent] Exploration: Random action: HOLD
[Agent] Received reward: 0.00000000
[NeuralNetworkInterface] Received reward signal: 0.00000000
[Agent] Making decision using full OHLCV data
[Agent] Price data: O=164.94949341 H=165.00000000 L=160.55650330 C=164.14999390 V=66394000.00000000
[Agent_Features] Generated 18 features for the latest tick.
[Agent] Exploration: Random action: BUY
[Portfolio] Logged Trade: BUY 1.54419838 AMZN @ 164.15. New Cash: 4816.12, New Coins: 32.83803829
[Agent] Received reward: -0.00000000
[NeuralNetworkInterface] Received reward signal: -0.00000000
[Agent] Making decision using full OHLCV data
[Agent] Price data: O=162.09800720 H=164.02450562 L=161.28399658 C=163.87500000 V=67758000.00000000
[Agent_Features] Generated 18 features for the latest tick.
[Agent] Exploration: Random action: HOLD
[Agent] Received reward: 0.00000000
[NeuralNetworkInterface] Received reward signal: 0.00000000
[Agent] Making decision using full OHLCV data
[Agent] Price data: O=160.06100464 H=162.70500183 L=160.00000000 C=162.09950256 V=56086000.00000000
[Agent_Features] Generated 18 features for the latest tick.
[Agent] Exploration: Random action: SELL
[Portfolio] Logged Trade: SELL 1.64190191 AMZN @ 162.10. New Cash: 5082.27, New Coins: 31.19613638
[Agent] Received reward: 0.00000000
[NeuralNetworkInterface] Received reward signal: 0.00000000
[Agent] Making decision using full OHLCV data
[Agent] Price data: O=159.38749695 H=161.64999390 L=159.12300110 C=159.70100403 V=75658000.00000000
[Agent_Features] Generated 18 features for the latest tick.
[Agent] Exploration: Random action: HOLD
[Agent] Received reward: 0.00000000
[NeuralNetworkInterface] Received reward signal: 0.00000000
[Agent] Making decision using full OHLCV data
[Agent] Price data: O=159.99749756 H=160.39050293 L=158.78799438 C=160.19349670 V=67168000.00000000
[Agent_Features] Generated 18 features for the latest tick.
[Agent] Exploration: Random action: SELL
[Portfolio] Logged Trade: SELL 1.55980682 AMZN @ 160.19. New Cash: 5332.15, New Coins: 29.63632956
[Agent] Received reward: -0.00000000
[NeuralNetworkInterface] Received reward signal: -0.00000000
[Agent] Making decision using full OHLCV data
[Agent] Price data: O=163.29350281 H=164.04499817 L=160.50050354 C=160.59500122 V=65362000.00000000
[Agent_Features] Generated 18 features for the latest tick.
[Agent] Exploration: Random action: BUY
[Portfolio] Logged Trade: BUY 1.66012182 AMZN @ 160.60. New Cash: 5065.54, New Coins: 31.29645138
[Agent] Received reward: 0.00000000
[NeuralNetworkInterface] Received reward signal: 0.00000000
[Simulation] Simulation run finished. Ticks processed in this run: 137

Simulation Finished in 0.01 seconds.
--------------------
  Final Portfolio  
--------------------
Cash:      $5065.54
Asset:     31.2965 AMZN
Total Value: $10091.59
--------------------
[Simulation] Simulation destroyed.
[AutonomousTradingAgent] Agent destroyed
[NeuralNetworkInterface] Destructor called.
[Portfolio] Destroyed for asset: AMZN. Final cash: 5065.54, Final assets: 31.30
