Loading data from training_run_20250621_125703/data/TSLA_1d_20210726_to_20220612.csv...
Loaded 24 data points.
[Portfolio] Initialized for asset: TSLA with initial cash: 10000.00. Initial Portfolio Value: 10000.00
[NeuralNetworkInterface] Constructor called.
[NeuralNetworkInterface] Initializing...
Warning: NN model path is empty. Initializing in a mock state.
[NeuralNetworkInterface] Initialized successfully.
[AutonomousTradingAgent] Agent initialized for TSLA without API client (CSV mode).
[Simulation] Initialized with 24 data points.
[Simulation] API client is NULL (offline/CSV mode).

Starting Simulation for TSLA...
[Simulation] Starting simulation run...
[Agent] Making decision using full OHLCV data
[Agent] Price data: O=262.37 H=281.88 L=260.38 C=278.82 V=90810300.00
[Agent_Features] Generated 15 features for the latest tick.
[Agent] Exploration: Random action: BUY
[Portfolio] Logged Trade: BUY 1.79329299 TSLA @ 278.82. New Cash: 9500.00, New Coins: 1.79329299
[Agent] Received reward: 0.00000000
[NeuralNetworkInterface] Received reward signal: 0.00000000
[Agent] Making decision using full OHLCV data
[Agent] Price data: O=266.67999268 H=275.11999512 L=258.08334351 C=273.10333252 V=84401700.00000000
[Agent_Features] Generated 17 features for the latest tick.
[Agent] Exploration: Random action: HOLD
[Agent] Received reward: 0.00000000
[NeuralNetworkInterface] Received reward signal: 0.00000000
[Agent] Making decision using full OHLCV data
[Agent] Price data: O=244.66667175 H=269.92333984 L=242.39999390 C=265.00000000 V=97224600.00000000
[Agent_Features] Generated 17 features for the latest tick.
[Agent] Exploration: Random action: BUY
[Portfolio] Logged Trade: BUY 1.79245283 TSLA @ 265.00. New Cash: 9025.00, New Coins: 3.58574582
[Agent] Received reward: 0.00000000
[NeuralNetworkInterface] Received reward signal: 0.00000000
[Agent] Making decision using full OHLCV data
[Agent] Price data: O=242.66667175 H=253.22000122 L=226.66667175 C=233.66667175 V=140313000.00000000
[Agent_Features] Generated 17 features for the latest tick.
[Agent] Exploration: Random action: SELL
[Portfolio] Logged Trade: SELL 0.17928729 TSLA @ 233.67. New Cash: 9066.89, New Coins: 3.40645853
[Agent] Received reward: 0.00000000
[NeuralNetworkInterface] Received reward signal: 0.00000000
[Agent] Making decision using full OHLCV data
[Agent] Price data: O=256.52999878 H=262.45001221 L=250.52333069 C=257.82666016 V=92150700.00000000
[Agent_Features] Generated 18 features for the latest tick.
[Agent] Exploration: Random action: SELL
[Portfolio] Logged Trade: SELL 0.17032293 TSLA @ 257.83. New Cash: 9110.81, New Coins: 3.23613560
[Agent] Received reward: -0.00000000
[NeuralNetworkInterface] Received reward signal: -0.00000000
[Agent] Making decision using full OHLCV data
[Agent] Price data: O=241.45666504 H=256.58666992 L=239.69667053 C=255.72000122 V=86098500.00000000
[Agent_Features] Generated 18 features for the latest tick.
[Agent] Exploration: Random action: BUY
[Portfolio] Logged Trade: BUY 1.78140294 TSLA @ 255.72. New Cash: 8655.27, New Coins: 5.01753855
[Agent] Received reward: 0.00000000
[NeuralNetworkInterface] Received reward signal: 0.00000000
[Agent] Making decision using full OHLCV data
[Agent] Price data: O=253.86999512 H=254.82666016 L=242.94999695 C=249.11999512 V=80236200.00000000
[Agent_Features] Generated 18 features for the latest tick.
[Agent] Exploration: Random action: SELL
[Portfolio] Logged Trade: SELL 0.25087693 TSLA @ 249.12. New Cash: 8717.77, New Coins: 4.76666162
[Agent] Received reward: 0.00000000
[NeuralNetworkInterface] Received reward signal: 0.00000000
[Agent] Making decision using full OHLCV data
[Agent] Price data: O=236.60333252 H=253.50000000 L=233.60333252 C=248.17333984 V=87811800.00000000
[Agent_Features] Generated 18 features for the latest tick.
[Agent] Exploration: Random action: HOLD
[Agent] Received reward: 0.00000000
[NeuralNetworkInterface] Received reward signal: 0.00000000
[Agent] Making decision using full OHLCV data
[Agent] Price data: O=236.47332764 H=244.66667175 L=231.36999512 C=235.66667175 V=90296700.00000000
[Agent_Features] Generated 18 features for the latest tick.
[Agent] Exploration: Random action: SELL
[Portfolio] Logged Trade: SELL 0.23833308 TSLA @ 235.67. New Cash: 8773.93, New Coins: 4.52832854
[Agent] Received reward: 0.00000000
[NeuralNetworkInterface] Received reward signal: 0.00000000
[Agent] Making decision using full OHLCV data
[Agent] Price data: O=221.30000305 H=240.52667236 L=211.00000000 C=237.99667358 V=144973200.00000000
[Agent_Features] Generated 18 features for the latest tick.
[Agent] Exploration: Random action: BUY
[Portfolio] Logged Trade: BUY 1.84328890 TSLA @ 238.00. New Cash: 8335.24, New Coins: 6.37161744
[Agent] Received reward: 0.00000000
[NeuralNetworkInterface] Received reward signal: 0.00000000
[Agent] Making decision using full OHLCV data
[Agent] Price data: O=224.96665955 H=226.65333557 L=212.68666077 C=218.33999634 V=88903500.00000000
[Agent_Features] Generated 18 features for the latest tick.
[Agent] Exploration: Random action: SELL
[Portfolio] Logged Trade: SELL 0.31858087 TSLA @ 218.34. New Cash: 8404.79, New Coins: 6.05303656
[Agent] Received reward: -0.00000000
[NeuralNetworkInterface] Received reward signal: -0.00000000
[Agent] Making decision using full OHLCV data
[Agent] Price data: O=209.38667297 H=217.97332764 L=206.85667419 C=217.84333801 V=89092500.00000000
[Agent_Features] Generated 18 features for the latest tick.
[Agent] Exploration: Random action: BUY
[Portfolio] Logged Trade: BUY 1.92909155 TSLA @ 217.84. New Cash: 7984.56, New Coins: 7.98212811
[Agent] Received reward: 0.00000000
[NeuralNetworkInterface] Received reward signal: 0.00000000
[Agent] Making decision using full OHLCV data
[Agent] Price data: O=219.60000610 H=223.10667419 L=207.66999817 C=207.94999695 V=92139300.00000000
[Agent_Features] Generated 18 features for the latest tick.
[Agent] Exploration: Random action: SELL
[Portfolio] Logged Trade: SELL 0.39910641 TSLA @ 207.95. New Cash: 8067.55, New Coins: 7.58302171
[Agent] Received reward: 0.00000000
[NeuralNetworkInterface] Received reward signal: 0.00000000
[Agent] Making decision using full OHLCV data
[Agent] Price data: O=235.91000366 H=239.55667114 L=217.88667297 C=220.47332764 V=106003200.00000000
[Agent_Features] Generated 18 features for the latest tick.
[Agent] Exploration: Random action: HOLD
[Agent] Received reward: 0.00000000
[NeuralNetworkInterface] Received reward signal: 0.00000000
[Agent] Making decision using full OHLCV data
[Agent] Price data: O=253.21000671 H=253.26666260 L=240.17666626 C=241.08332825 V=89295000.00000000
[Agent_Features] Generated 18 features for the latest tick.
[Agent] Exploration: Random action: BUY
[Portfolio] Logged Trade: BUY 1.67318689 TSLA @ 241.08. New Cash: 7664.17, New Coins: 9.25620859
[Agent] Received reward: -0.00000000
[NeuralNetworkInterface] Received reward signal: -0.00000000
[Agent] Making decision using full OHLCV data
[Agent] Price data: O=252.75332642 H=259.60000610 L=244.74333191 C=257.94665527 V=101914500.00000000
[Agent_Features] Generated 18 features for the latest tick.
[Agent] Exploration: Random action: BUY
[Portfolio] Logged Trade: BUY 1.48561178 TSLA @ 257.95. New Cash: 7280.96, New Coins: 10.74182037
[Agent] Received reward: 0.00000000
[NeuralNetworkInterface] Received reward signal: 0.00000000
[Agent] Making decision using full OHLCV data
[Agent] Price data: O=246.78999329 H=257.32666016 L=243.63999939 C=251.72000122 V=77247900.00000000
[Agent_Features] Generated 18 features for the latest tick.
[Agent] Exploration: Random action: SELL
[Portfolio] Logged Trade: SELL 0.53709102 TSLA @ 251.72. New Cash: 7416.16, New Coins: 10.20472936
[Agent] Received reward: 0.00000000
[NeuralNetworkInterface] Received reward signal: 0.00000000
[Agent] Making decision using full OHLCV data
[Agent] Price data: O=258.33334351 H=264.20999146 L=242.06666565 C=244.15666199 V=93473100.00000000
[Agent_Features] Generated 18 features for the latest tick.
[Agent] Exploration: Random action: BUY
[Portfolio] Logged Trade: BUY 1.51872976 TSLA @ 244.16. New Cash: 7045.35, New Coins: 11.72345912
[Agent] Received reward: -0.00000000
[NeuralNetworkInterface] Received reward signal: -0.00000000
[Agent] Making decision using full OHLCV data
[Agent] Price data: O=234.51666260 H=247.79666138 L=233.41667175 C=243.22666931 V=112393800.00000000
[Agent_Features] Generated 18 features for the latest tick.
[Agent] Exploration: Random action: BUY
[Portfolio] Logged Trade: BUY 1.44830988 TSLA @ 243.23. New Cash: 6693.08, New Coins: 13.17176900
[Agent] Received reward: 0.00000000
[NeuralNetworkInterface] Received reward signal: 0.00000000
[Agent] Making decision using full OHLCV data
[Agent] Price data: O=238.27999878 H=244.86666870 L=234.35000610 C=244.35333252 V=84204600.00000000
[Agent_Features] Generated 18 features for the latest tick.
[Agent] Exploration: Random action: BUY
[Portfolio] Logged Trade: BUY 1.36955042 TSLA @ 244.35. New Cash: 6358.43, New Coins: 14.54131942
[Agent] Received reward: 0.00000000
[NeuralNetworkInterface] Received reward signal: 0.00000000
[Agent] Making decision using full OHLCV data
[Agent] Price data: O=238.88667297 H=239.99667358 L=230.09333801 C=234.00000000 V=72808500.00000000
[Agent_Features] Generated 18 features for the latest tick.
[Agent] Exploration: Random action: HOLD
[Agent] Received reward: 0.00000000
[NeuralNetworkInterface] Received reward signal: 0.00000000
[Agent] Making decision using full OHLCV data
[Agent] Price data: O=241.86666870 H=249.96333313 L=239.17666626 C=240.08666992 V=76210500.00000000
[Agent_Features] Generated 18 features for the latest tick.
[Agent] Exploration: Random action: SELL
[Portfolio] Logged Trade: SELL 0.72706597 TSLA @ 240.09. New Cash: 6532.99, New Coins: 13.81425345
[Agent] Received reward: 0.00000000
[NeuralNetworkInterface] Received reward signal: 0.00000000
[Agent] Making decision using full OHLCV data
[Agent] Price data: O=239.70666504 H=255.54666138 L=239.32666016 C=249.33999634 V=96491400.00000000
[Agent_Features] Generated 18 features for the latest tick.
[Agent] Exploration: Random action: HOLD
[Agent] Received reward: 0.00000000
[NeuralNetworkInterface] Received reward signal: 0.00000000
[Agent] Making decision using full OHLCV data
[Agent] Price data: O=232.22999573 H=239.50000000 L=227.91333008 C=235.15666199 V=97536600.00000000
[Agent_Features] Generated 18 features for the latest tick.
[Agent] Exploration: Random action: HOLD
[Agent] Received reward: 0.00000000
[NeuralNetworkInterface] Received reward signal: 0.00000000
[Simulation] Simulation run finished. Ticks processed in this run: 24

Simulation Finished in 0.00 seconds.
--------------------
  Final Portfolio  
--------------------
Cash:      $6532.99
Asset:     13.8143 TSLA
Total Value: $9781.50
--------------------
[Simulation] Simulation destroyed.
[AutonomousTradingAgent] Agent destroyed
[NeuralNetworkInterface] Destructor called.
[Portfolio] Destroyed for asset: TSLA. Final cash: 6532.99, Final assets: 13.81
