Loading data from training_run_20250621_125703/data/TSLA_1d_20190528_to_20200514.csv...
Loaded 196 data points.
[Portfolio] Initialized for asset: TSLA with initial cash: 10000.00. Initial Portfolio Value: 10000.00
[NeuralNetworkInterface] Constructor called.
[NeuralNetworkInterface] Initializing...
Warning: NN model path is empty. Initializing in a mock state.
[NeuralNetworkInterface] Initialized successfully.
[AutonomousTradingAgent] Agent initialized for TSLA without API client (CSV mode).
[Simulation] Initialized with 196 data points.
[Simulation] API client is NULL (offline/CSV mode).

Starting Simulation for TSLA...
[Simulation] Starting simulation run...
[Agent] Making decision using full OHLCV data
[Agent] Price data: O=15.38 H=15.50 L=15.05 C=15.46 V=83463000.00
[Agent_Features] Generated 15 features for the latest tick.
[Agent] Exploration: Random action: HOLD
[Agent] Received reward: 0.00
[NeuralNetworkInterface] Received reward signal: 0.00
[Agent] Making decision using full OHLCV data
[Agent] Price data: O=15.56 H=15.57 L=15.05 C=15.10 V=71647500.00
[Agent_Features] Generated 17 features for the latest tick.
[Agent] Exploration: Random action: SELL
[Agent] Received reward: 0.00
[NeuralNetworkInterface] Received reward signal: 0.00
[Agent] Making decision using full OHLCV data
[Agent] Price data: O=15.89 H=15.99 L=15.51 C=15.63 V=79114500.00
[Agent_Features] Generated 17 features for the latest tick.
[Agent] Exploration: Random action: SELL
[Agent] Received reward: 0.00
[NeuralNetworkInterface] Received reward signal: 0.00
[Agent] Making decision using full OHLCV data
[Agent] Price data: O=15.67 H=15.93 L=15.59 C=15.74 V=58473000.00
[Agent_Features] Generated 17 features for the latest tick.
[Agent] Exploration: Random action: HOLD
[Agent] Received reward: 0.00
[NeuralNetworkInterface] Received reward signal: 0.00
[Agent] Making decision using full OHLCV data
[Agent] Price data: O=15.27 H=15.72 L=15.25 C=15.53 V=69958500.00
[Agent_Features] Generated 18 features for the latest tick.
[Agent] Exploration: Random action: HOLD
[Agent] Received reward: 0.00
[NeuralNetworkInterface] Received reward signal: 0.00
[Agent] Making decision using full OHLCV data
[Agent] Price data: O=15.67 H=15.73 L=15.17 C=15.25 V=72721500.00
[Agent_Features] Generated 18 features for the latest tick.
[Agent] Exploration: Random action: HOLD
[Agent] Received reward: 0.00
[NeuralNetworkInterface] Received reward signal: 0.00
[Agent] Making decision using full OHLCV data
[Agent] Price data: O=14.64 H=15.43 L=14.45 C=15.41 V=143439000.00
[Agent_Features] Generated 18 features for the latest tick.
[Agent] Exploration: Random action: BUY
[Portfolio] Logged Trade: BUY 32.43804427 TSLA @ 15.41. New Cash: 9500.00, New Coins: 32.43804427
[Agent] Received reward: 0.00000000
[NeuralNetworkInterface] Received reward signal: 0.00000000
[Agent] Making decision using full OHLCV data
[Agent] Price data: O=14.37600040 H=14.77066708 L=14.10333347 C=14.72399998 V=122394000.00000000
[Agent_Features] Generated 18 features for the latest tick.
[Agent] Exploration: Random action: SELL
[Portfolio] Logged Trade: SELL 1.62190221 TSLA @ 14.72. New Cash: 9523.88, New Coins: 30.81614206
[Agent] Received reward: 0.00000000
[NeuralNetworkInterface] Received reward signal: 0.00000000
[Agent] Making decision using full OHLCV data
[Agent] Price data: O=14.66266727 H=14.81599998 L=14.40133286 C=14.44400024 V=76477500.00000000
[Agent_Features] Generated 18 features for the latest tick.
[Agent] Exploration: Random action: BUY
[Portfolio] Logged Trade: BUY 32.96829385 TSLA @ 14.44. New Cash: 9047.69, New Coins: 63.78443590
[Agent] Received reward: 0.00000000
[NeuralNetworkInterface] Received reward signal: 0.00000000
[Agent] Making decision using full OHLCV data
[Agent] Price data: O=15.12199974 H=15.18866730 L=14.77999973 C=14.94733334 V=79644000.00000000
[Agent_Features] Generated 18 features for the latest tick.
[Agent] Exploration: Random action: BUY
[Portfolio] Logged Trade: BUY 30.26522069 TSLA @ 14.95. New Cash: 8595.30, New Coins: 94.04965660
[Agent] Received reward: 0.00000000
[NeuralNetworkInterface] Received reward signal: 0.00000000
[Agent] Making decision using full OHLCV data
[Agent] Price data: O=15.05733299 H=15.27266693 L=14.96933270 C=15.17466736 V=61878000.00000000
[Agent_Features] Generated 18 features for the latest tick.
[Agent] Exploration: Random action: SELL
[Portfolio] Logged Trade: SELL 4.70248283 TSLA @ 15.17. New Cash: 8666.66, New Coins: 89.34717377
[Agent] Received reward: 0.00000000
[NeuralNetworkInterface] Received reward signal: 0.00000000
[Agent] Making decision using full OHLCV data
[Agent] Price data: O=14.72200012 H=14.88133335 L=14.50666714 C=14.80066681 V=116914500.00000000
[Agent_Features] Generated 18 features for the latest tick.
[Agent] Exploration: Random action: SELL
[Portfolio] Logged Trade: SELL 4.46735869 TSLA @ 14.80. New Cash: 8732.78, New Coins: 84.87981508
[Agent] Received reward: 0.00000000
[NeuralNetworkInterface] Received reward signal: 0.00000000
[Agent] Making decision using full OHLCV data
[Agent] Price data: O=14.81000042 H=15.02666664 L=14.54800034 C=14.85333347 V=98385000.00000000
[Agent_Features] Generated 18 features for the latest tick.
[Agent] Exploration: Random action: HOLD
[Agent] Received reward: 0.00000000
[NeuralNetworkInterface] Received reward signal: 0.00000000
[Agent] Making decision using full OHLCV data
[Agent] Price data: O=14.09333324 H=14.74466705 L=14.06666660 C=14.66466713 V=128079000.00000000
[Agent_Features] Generated 18 features for the latest tick.
[Agent] Exploration: Random action: SELL
[Portfolio] Logged Trade: SELL 4.24399075 TSLA @ 14.66. New Cash: 8795.02, New Coins: 80.63582433
[Agent] Received reward: 0.00000000
[NeuralNetworkInterface] Received reward signal: 0.00000000
[Agent] Making decision using full OHLCV data
[Agent] Price data: O=14.33333302 H=14.33466721 L=14.10266685 C=14.23999977 V=75778500.00000000
[Agent_Features] Generated 18 features for the latest tick.
[Agent] Exploration: Random action: BUY
[Portfolio] Logged Trade: BUY 30.88138292 TSLA @ 14.24. New Cash: 8355.27, New Coins: 111.51720724
[Agent] Received reward: 0.00000000
[NeuralNetworkInterface] Received reward signal: 0.00000000
[Agent] Making decision using full OHLCV data
[Agent] Price data: O=14.27200031 H=14.58666706 L=14.13533306 C=14.38266659 V=81243000.00000000
[Agent_Features] Generated 18 features for the latest tick.
[Agent] Exploration: Random action: HOLD
[Agent] Received reward: 0.00000000
[NeuralNetworkInterface] Received reward signal: 0.00000000
[Agent] Making decision using full OHLCV data
[Agent] Price data: O=14.37266731 H=14.48333263 L=14.15400028 C=14.24600029 V=48382500.00000000
[Agent_Features] Generated 18 features for the latest tick.
[Agent] Exploration: Random action: BUY
[Portfolio] Logged Trade: BUY 29.32495668 TSLA @ 14.25. New Cash: 7937.50, New Coins: 140.84216392
[Agent] Received reward: 0.00000000
[NeuralNetworkInterface] Received reward signal: 0.00000000
[Agent] Making decision using full OHLCV data
[Agent] Price data: O=14.78066730 H=14.89333344 L=14.53333282 C=14.60000038 V=77692500.00000000
[Agent_Features] Generated 18 features for the latest tick.
[Agent] Exploration: Random action: SELL
[Portfolio] Logged Trade: SELL 7.04210820 TSLA @ 14.60. New Cash: 8040.32, New Coins: 133.80005573
[Agent] Received reward: 0.00000000
[NeuralNetworkInterface] Received reward signal: 0.00000000
[Agent] Making decision using full OHLCV data
[Agent] Price data: O=15.04066658 H=15.49600029 L=14.94733334 C=15.27666664 V=139809000.00000000
[Agent_Features] Generated 18 features for the latest tick.
[Agent] Exploration: Random action: BUY
[Portfolio] Logged Trade: BUY 26.31568279 TSLA @ 15.28. New Cash: 7638.30, New Coins: 160.11573852
[Agent] Received reward: 0.00000000
[NeuralNetworkInterface] Received reward signal: 0.00000000
[Agent] Making decision using full OHLCV data
[Agent] Price data: O=15.00066662 H=15.26333332 L=14.87733269 C=14.93866730 V=80311500.00000000
[Agent_Features] Generated 18 features for the latest tick.
[Agent] Exploration: Random action: SELL
[Portfolio] Logged Trade: SELL 8.00578693 TSLA @ 14.94. New Cash: 7757.90, New Coins: 152.10995159
[Agent] Received reward: 0.00000000
[NeuralNetworkInterface] Received reward signal: 0.00000000
[Agent] Making decision using full OHLCV data
[Agent] Price data: O=14.71199989 H=15.23066711 L=14.61400032 C=15.12600040 V=86415000.00000000
[Agent_Features] Generated 18 features for the latest tick.
[Agent] Exploration: Random action: HOLD
[Agent] Received reward: 0.00000000
[NeuralNetworkInterface] Received reward signal: 0.00000000
[Agent] Making decision using full OHLCV data
[Agent] Price data: O=15.30533314 H=15.31999969 L=14.72333336 C=14.83333302 V=110929500.00000000
[Agent_Features] Generated 18 features for the latest tick.
[Agent] Exploration: Random action: BUY
[Portfolio] Logged Trade: BUY 26.15021902 TSLA @ 14.83. New Cash: 7370.00, New Coins: 178.26017061
[Agent] Received reward: 0.00000000
[NeuralNetworkInterface] Received reward signal: 0.00000000
[Agent] Making decision using full OHLCV data
[Agent] Price data: O=15.16333294 H=15.30933285 L=15.01133347 C=15.14666653 V=62841000.00000000
[Agent_Features] Generated 18 features for the latest tick.
[Agent] Exploration: Random action: BUY
[Portfolio] Logged Trade: BUY 24.32879612 TSLA @ 15.15. New Cash: 7001.50, New Coins: 202.58896673
[Agent] Received reward: 0.00000000
[NeuralNetworkInterface] Received reward signal: 0.00000000
[Agent] Making decision using full OHLCV data
[Agent] Price data: O=15.45266724 H=15.58399963 L=15.28199959 C=15.33333302 V=72040500.00000000
[Agent_Features] Generated 18 features for the latest tick.
[Agent] Exploration: Random action: BUY
[Portfolio] Logged Trade: BUY 22.83098876 TSLA @ 15.33. New Cash: 6651.43, New Coins: 225.41995549
[Agent] Received reward: -0.00000000
[NeuralNetworkInterface] Received reward signal: -0.00000000
[Agent] Making decision using full OHLCV data
[Agent] Price data: O=15.70266724 H=15.70266724 L=15.26266670 C=15.38666725 V=73255500.00000000
[Agent_Features] Generated 18 features for the latest tick.
[Agent] Exploration: Random action: SELL
[Portfolio] Logged Trade: SELL 11.27099777 TSLA @ 15.39. New Cash: 6824.85, New Coins: 214.14895771
[Agent] Received reward: 0.00000000
[NeuralNetworkInterface] Received reward signal: 0.00000000
[Agent] Making decision using full OHLCV data
[Agent] Price data: O=16.47333336 H=16.54466629 L=15.73333263 C=15.82533264 V=150642000.00000000
[Agent_Features] Generated 18 features for the latest tick.
[Agent] Exploration: Random action: BUY
[Portfolio] Logged Trade: BUY 21.56305705 TSLA @ 15.83. New Cash: 6483.61, New Coins: 235.71201476
[Agent] Received reward: 0.00000000
[NeuralNetworkInterface] Received reward signal: 0.00000000
[Agent] Making decision using full OHLCV data
[Agent] Price data: O=16.39133263 H=16.89999962 L=16.29333305 C=16.51333237 V=128718000.00000000
[Agent_Features] Generated 18 features for the latest tick.
[Agent] Exploration: Random action: HOLD
[Agent] Received reward: 0.00000000
[NeuralNetworkInterface] Received reward signal: 0.00000000
[Agent] Making decision using full OHLCV data
[Agent] Price data: O=16.34666634 H=16.56333351 L=16.32466698 C=16.46400070 V=79696500.00000000
[Agent_Features] Generated 18 features for the latest tick.
[Agent] Exploration: Random action: BUY
[Portfolio] Logged Trade: BUY 19.69025809 TSLA @ 16.46. New Cash: 6159.43, New Coins: 255.40227286
[Agent] Received reward: 0.00000000
[NeuralNetworkInterface] Received reward signal: 0.00000000
[Agent] Making decision using full OHLCV data
[Agent] Price data: O=16.18733215 H=16.49533272 L=16.07799911 C=16.39999962 V=70921500.00000000
[Agent_Features] Generated 18 features for the latest tick.
[Agent] Exploration: Random action: SELL
[Portfolio] Logged Trade: SELL 12.77011364 TSLA @ 16.40. New Cash: 6368.86, New Coins: 242.63215921
[Agent] Received reward: 0.00000000
[NeuralNetworkInterface] Received reward signal: 0.00000000
[Agent] Making decision using full OHLCV data
[Agent] Price data: O=16.31933212 H=16.37333298 L=16.02466774 C=16.16466713 V=57981000.00000000
[Agent_Features] Generated 18 features for the latest tick.
[Agent] Exploration: Random action: HOLD
[Agent] Received reward: 0.00000000
[NeuralNetworkInterface] Received reward signal: 0.00000000
[Agent] Making decision using full OHLCV data
[Agent] Price data: O=16.23266792 H=16.54466629 L=16.15800095 C=16.33333206 V=62553000.00000000
[Agent_Features] Generated 18 features for the latest tick.
[Agent] Exploration: Random action: HOLD
[Agent] Received reward: 0.00000000
[NeuralNetworkInterface] Received reward signal: 0.00000000
[Agent] Making decision using full OHLCV data
[Agent] Price data: O=16.44000053 H=16.52933311 L=16.32266617 C=16.39999962 V=71937000.00000000
[Agent_Features] Generated 18 features for the latest tick.
[Agent] Exploration: Random action: BUY
[Portfolio] Logged Trade: BUY 19.41725014 TSLA @ 16.40. New Cash: 6050.42, New Coins: 262.04940935
[Agent] Received reward: 0.00000000
[NeuralNetworkInterface] Received reward signal: 0.00000000
[Agent] Making decision using full OHLCV data
[Agent] Price data: O=16.04133224 H=16.46333313 L=15.87733269 C=16.43266678 V=95295000.00000000
[Agent_Features] Generated 18 features for the latest tick.
[Agent] Exploration: Random action: BUY
[Portfolio] Logged Trade: BUY 18.40971732 TSLA @ 16.43. New Cash: 5747.89, New Coins: 280.45912667
[Agent] Received reward: 0.00000000
[NeuralNetworkInterface] Received reward signal: 0.00000000
[Agent] Making decision using full OHLCV data
[Agent] Price data: O=16.08200073 H=16.34533310 L=15.94799995 C=16.00000000 V=65103000.00000000
[Agent_Features] Generated 18 features for the latest tick.
[Agent] Exploration: Random action: BUY
[Portfolio] Logged Trade: BUY 17.96216954 TSLA @ 16.00. New Cash: 5460.50, New Coins: 298.42129621
[Agent] Received reward: 0.00000000
[NeuralNetworkInterface] Received reward signal: 0.00000000
[Agent] Making decision using full OHLCV data
[Agent] Price data: O=14.88066673 H=16.13266754 L=14.84066677 C=16.10133362 V=193372500.00000000
[Agent_Features] Generated 18 features for the latest tick.
[Agent] Exploration: Random action: BUY
[Portfolio] Logged Trade: BUY 16.95666853 TSLA @ 16.10. New Cash: 5187.47, New Coins: 315.37796474
[Agent] Received reward: 0.00000000
[NeuralNetworkInterface] Received reward signal: 0.00000000
[Agent] Making decision using full OHLCV data
[Agent] Price data: O=15.24666691 H=15.26533318 L=14.55733299 C=14.97066689 V=141406500.00000000
[Agent_Features] Generated 18 features for the latest tick.
[Agent] Exploration: Random action: HOLD
[Agent] Received reward: 0.00000000
[NeuralNetworkInterface] Received reward signal: 0.00000000
[Agent] Making decision using full OHLCV data
[Agent] Price data: O=16.17066765 H=16.22066689 L=15.15999985 C=15.37733269 V=178267500.00000000
[Agent_Features] Generated 18 features for the latest tick.
[Agent] Exploration: Random action: HOLD
[Agent] Received reward: 0.00000000
[NeuralNetworkInterface] Received reward signal: 0.00000000
[Agent] Making decision using full OHLCV data
[Agent] Price data: O=16.14200020 H=16.58066750 L=15.91533279 C=16.14666748 V=166746000.00000000
[Agent_Features] Generated 18 features for the latest tick.
[Agent] Exploration: Random action: SELL
[Portfolio] Logged Trade: SELL 15.76889824 TSLA @ 16.15. New Cash: 5442.09, New Coins: 299.60906650
[Agent] Received reward: 0.00000000
[NeuralNetworkInterface] Received reward signal: 0.00000000
[Agent] Making decision using full OHLCV data
[Agent] Price data: O=16.05800056 H=16.26533318 L=15.74066734 C=16.20000076 V=88197000.00000000
[Agent_Features] Generated 18 features for the latest tick.
[Agent] Exploration: Random action: SELL
[Portfolio] Logged Trade: SELL 14.98045332 TSLA @ 16.20. New Cash: 5684.77, New Coins: 284.62861317
[Agent] Received reward: 0.00000000
[NeuralNetworkInterface] Received reward signal: 0.00000000
[Agent] Making decision using full OHLCV data
[Agent] Price data: O=16.31266785 H=16.39666748 L=15.94200039 C=16.10000038 V=92439000.00000000
[Agent_Features] Generated 18 features for the latest tick.
[Agent] Exploration: Random action: BUY
[Portfolio] Logged Trade: BUY 17.65457435 TSLA @ 16.10. New Cash: 5400.53, New Coins: 302.28318752
[Agent] Received reward: 0.00000000
[NeuralNetworkInterface] Received reward signal: 0.00000000
[Agent] Making decision using full OHLCV data
[Agent] Price data: O=16.20866776 H=16.30999947 L=15.96199989 C=16.21933365 V=84471000.00000000
[Agent_Features] Generated 18 features for the latest tick.
[Agent] Exploration: Random action: SELL
[Portfolio] Logged Trade: SELL 15.11415938 TSLA @ 16.22. New Cash: 5645.68, New Coins: 287.16902814
[Agent] Received reward: 0.00000000
[NeuralNetworkInterface] Received reward signal: 0.00000000
[Agent] Making decision using full OHLCV data
[Agent] Price data: O=15.53533268 H=15.63199997 L=14.95199966 C=15.45733261 V=226267500.00000000
[Agent_Features] Generated 18 features for the latest tick.
[Agent] Exploration: Random action: HOLD
[Agent] Received reward: 0.00000000
[NeuralNetworkInterface] Received reward signal: 0.00000000
[Agent] Making decision using full OHLCV data
[Agent] Price data: O=15.42866707 H=15.65200043 L=15.20466709 C=15.44066715 V=119925000.00000000
[Agent_Features] Generated 18 features for the latest tick.
[Agent] Exploration: Random action: HOLD
[Agent] Received reward: 0.00000000
[NeuralNetworkInterface] Received reward signal: 0.00000000
[Agent] Making decision using full OHLCV data
[Agent] Price data: O=15.84799957 H=15.90400028 L=15.23666668 C=15.31999969 V=120963000.00000000
[Agent_Features] Generated 18 features for the latest tick.
[Agent] Exploration: Random action: SELL
[Portfolio] Logged Trade: SELL 14.35845141 TSLA @ 15.32. New Cash: 5865.65, New Coins: 272.81057674
[Agent] Received reward: 0.00000000
[NeuralNetworkInterface] Received reward signal: 0.00000000
[Agent] Making decision using full OHLCV data
[Agent] Price data: O=16.00333214 H=16.26266670 L=15.63333321 C=15.72466660 V=130173000.00000000
[Agent_Features] Generated 18 features for the latest tick.
[Agent] Exploration: Random action: SELL
[Portfolio] Logged Trade: SELL 13.64052884 TSLA @ 15.72. New Cash: 6080.14, New Coins: 259.17004790
[Agent] Received reward: 0.00000000
[NeuralNetworkInterface] Received reward signal: 0.00000000
[Agent] Making decision using full OHLCV data
[Agent] Price data: O=16.30200005 H=16.48666763 L=16.04333305 C=16.08799934 V=103416000.00000000
[Agent_Features] Generated 18 features for the latest tick.
[Agent] Exploration: Random action: HOLD
[Agent] Received reward: 0.00000000
[NeuralNetworkInterface] Received reward signal: 0.00000000
[Agent] Making decision using full OHLCV data
[Agent] Price data: O=16.31599998 H=16.61866760 L=16.10533333 C=16.35199928 V=94249500.00000000
[Agent_Features] Generated 18 features for the latest tick.
[Agent] Exploration: Random action: SELL
[Portfolio] Logged Trade: SELL 12.95850240 TSLA @ 16.35. New Cash: 6292.04, New Coins: 246.21154551
[Agent] Received reward: 0.00000000
[NeuralNetworkInterface] Received reward signal: 0.00000000
[Agent] Making decision using full OHLCV data
[Agent] Price data: O=16.52599907 H=16.73866653 L=16.45400047 C=16.47666740 V=127131000.00000000
[Agent_Features] Generated 18 features for the latest tick.
[Agent] Exploration: Random action: SELL
[Portfolio] Logged Trade: SELL 12.31057728 TSLA @ 16.48. New Cash: 6494.87, New Coins: 233.90096823
[Agent] Received reward: 0.00000000
[NeuralNetworkInterface] Received reward signal: 0.00000000
[Agent] Making decision using full OHLCV data
[Agent] Price data: O=17.13066673 H=17.23666763 L=16.47533226 C=16.52666664 V=153075000.00000000
[Agent_Features] Generated 18 features for the latest tick.
[Agent] Exploration: Random action: BUY
[Portfolio] Logged Trade: BUY 19.64968225 TSLA @ 16.53. New Cash: 6170.13, New Coins: 253.55065048
[Agent] Received reward: 0.00000000
[NeuralNetworkInterface] Received reward signal: 0.00000000
[Agent] Making decision using full OHLCV data
[Agent] Price data: O=17.19266701 H=17.33333206 L=16.94133377 C=17.18000031 V=96492000.00000000
[Agent_Features] Generated 18 features for the latest tick.
[Agent] Exploration: Random action: SELL
[Portfolio] Logged Trade: SELL 12.67753252 TSLA @ 17.18. New Cash: 6387.93, New Coins: 240.87311796
[Agent] Received reward: 0.00000000
[NeuralNetworkInterface] Received reward signal: 0.00000000
[Agent] Making decision using full OHLCV data
[Agent] Price data: O=17.31666756 H=17.47333336 L=17.12800026 C=17.15933228 V=100261500.00000000
[Agent_Features] Generated 18 features for the latest tick.
[Agent] Exploration: Random action: SELL
[Portfolio] Logged Trade: SELL 12.04365590 TSLA @ 17.16. New Cash: 6594.59, New Coins: 228.82946206
[Agent] Received reward: 0.00000000
[NeuralNetworkInterface] Received reward signal: 0.00000000
[Agent] Making decision using full OHLCV data
[Agent] Price data: O=17.46466637 H=17.65200043 L=17.34466743 C=17.50000000 V=71539500.00000000
[Agent_Features] Generated 18 features for the latest tick.
[Agent] Exploration: Random action: SELL
[Portfolio] Logged Trade: SELL 11.44147310 TSLA @ 17.50. New Cash: 6794.82, New Coins: 217.38798896
[Agent] Received reward: 0.00000000
[NeuralNetworkInterface] Received reward signal: 0.00000000
[Agent] Making decision using full OHLCV data
[Agent] Price data: O=17.12999916 H=17.52000046 L=17.00666618 C=17.37999916 V=86247000.00000000
[Agent_Features] Generated 18 features for the latest tick.
[Agent] Exploration: Random action: SELL
[Portfolio] Logged Trade: SELL 10.86939945 TSLA @ 17.38. New Cash: 6983.73, New Coins: 206.51858951
[Agent] Received reward: 0.00000000
[NeuralNetworkInterface] Received reward signal: 0.00000000
[Agent] Making decision using full OHLCV data
[Agent] Price data: O=16.89999962 H=17.29999924 L=16.67866707 C=17.22200012 V=75304500.00000000
[Agent_Features] Generated 18 features for the latest tick.
[Agent] Exploration: Random action: HOLD
[Agent] Received reward: 0.00000000
[NeuralNetworkInterface] Received reward signal: 0.00000000
[Agent] Making decision using full OHLCV data
[Agent] Price data: O=17.03866768 H=17.22200012 L=16.72333336 C=16.95466614 V=69012000.00000000
[Agent_Features] Generated 18 features for the latest tick.
[Agent] Exploration: Random action: HOLD
[Agent] Received reward: 0.00000000
[NeuralNetworkInterface] Received reward signal: 0.00000000
[Agent] Making decision using full OHLCV data
[Agent] Price data: O=16.97866631 H=17.07600021 L=16.75666618 C=16.96666718 V=78916500.00000000
[Agent_Features] Generated 18 features for the latest tick.
[Agent] Exploration: Random action: BUY
[Portfolio] Logged Trade: BUY 20.58073097 TSLA @ 16.97. New Cash: 6634.54, New Coins: 227.09932048
[Agent] Received reward: 0.00000000
[NeuralNetworkInterface] Received reward signal: 0.00000000
[Agent] Making decision using full OHLCV data
[Agent] Price data: O=19.97866631 H=20.32866669 L=19.28000069 C=19.89133263 V=445813500.00000000
[Agent_Features] Generated 18 features for the latest tick.
[Agent] Exploration: Random action: BUY
[Portfolio] Logged Trade: BUY 16.67696671 TSLA @ 19.89. New Cash: 6302.81, New Coins: 243.77628719
[Agent] Received reward: 0.00000000
[NeuralNetworkInterface] Received reward signal: 0.00000000
[Agent] Making decision using full OHLCV data
[Agent] Price data: O=21.87533379 H=22.00000000 L=19.74066734 C=19.84799957 V=450091500.00000000
[Agent_Features] Generated 18 features for the latest tick.
[Agent] Exploration: Random action: BUY
[Portfolio] Logged Trade: BUY 15.87770779 TSLA @ 19.85. New Cash: 5987.67, New Coins: 259.65399498
[Agent] Received reward: 0.00000000
[NeuralNetworkInterface] Received reward signal: 0.00000000
[Agent] Making decision using full OHLCV data
[Agent] Price data: O=21.84733391 H=22.72266769 L=21.50666618 C=21.83600044 V=283054500.00000000
[Agent_Features] Generated 18 features for the latest tick.
[Agent] Exploration: Random action: SELL
[Portfolio] Logged Trade: SELL 12.98269975 TSLA @ 21.84. New Cash: 6271.16, New Coins: 246.67129523
[Agent] Received reward: 0.00000000
[NeuralNetworkInterface] Received reward signal: 0.00000000
[Agent] Making decision using full OHLCV data
[Agent] Price data: O=21.08133316 H=21.62000084 L=20.98333359 C=21.33266640 V=190264500.00000000
[Agent_Features] Generated 18 features for the latest tick.
[Agent] Exploration: Random action: HOLD
[Agent] Received reward: 0.00000000
[NeuralNetworkInterface] Received reward signal: 0.00000000
[Agent] Making decision using full OHLCV data
[Agent] Price data: O=21.00066757 H=21.25266647 L=20.66466713 C=20.86666679 V=144627000.00000000
[Agent_Features] Generated 18 features for the latest tick.
[Agent] Exploration: Random action: SELL
[Portfolio] Logged Trade: SELL 12.33356476 TSLA @ 20.87. New Cash: 6528.52, New Coins: 234.33773047
[Agent] Received reward: -0.00000000
[NeuralNetworkInterface] Received reward signal: -0.00000000
[Agent] Making decision using full OHLCV data
[Agent] Price data: O=20.99466705 H=21.26666641 L=20.86666679 C=20.87333298 V=76005000.00000000
[Agent_Features] Generated 18 features for the latest tick.
[Agent] Exploration: Random action: BUY
[Portfolio] Logged Trade: BUY 15.63843360 TSLA @ 20.87. New Cash: 6202.10, New Coins: 249.97616407
[Agent] Received reward: 0.00000000
[NeuralNetworkInterface] Received reward signal: 0.00000000
[Agent] Making decision using full OHLCV data
[Agent] Price data: O=20.88733292 H=21.09866714 L=20.65333366 C=21.08799934 V=95758500.00000000
[Agent_Features] Generated 18 features for the latest tick.
[Agent] Exploration: Random action: SELL
[Portfolio] Logged Trade: SELL 12.49880820 TSLA @ 21.09. New Cash: 6465.67, New Coins: 237.47735587
[Agent] Received reward: 0.00000000
[NeuralNetworkInterface] Received reward signal: 0.00000000
[Agent] Making decision using full OHLCV data
[Agent] Price data: O=21.16466713 H=21.46266747 L=20.61733246 C=20.98666763 V=131805000.00000000
[Agent_Features] Generated 18 features for the latest tick.
[Agent] Exploration: Random action: HOLD
[Agent] Received reward: 0.00000000
[NeuralNetworkInterface] Received reward signal: 0.00000000
[Agent] Making decision using full OHLCV data
[Agent] Price data: O=21.14800072 H=21.56733322 L=21.07466698 C=21.30800056 V=104151000.00000000
[Agent_Features] Generated 18 features for the latest tick.
[Agent] Exploration: Random action: BUY
[Portfolio] Logged Trade: BUY 15.17193798 TSLA @ 21.31. New Cash: 6142.39, New Coins: 252.64929385
[Agent] Received reward: 0.00000000
[NeuralNetworkInterface] Received reward signal: 0.00000000
[Agent] Making decision using full OHLCV data
[Agent] Price data: O=21.77199936 H=21.78133392 L=20.96666718 C=21.20000076 V=119113500.00000000
[Agent_Features] Generated 18 features for the latest tick.
[Agent] Exploration: Random action: HOLD
[Agent] Received reward: 0.00000000
[NeuralNetworkInterface] Received reward signal: 0.00000000
[Agent] Making decision using full OHLCV data
[Agent] Price data: O=22.36933327 H=22.76666641 L=21.86800003 C=21.94266701 V=217009500.00000000
[Agent_Features] Generated 18 features for the latest tick.
[Agent] Exploration: Random action: SELL
[Portfolio] Logged Trade: SELL 12.63246469 TSLA @ 21.94. New Cash: 6419.58, New Coins: 240.01682916
[Agent] Received reward: 0.00000000
[NeuralNetworkInterface] Received reward signal: 0.00000000
[Agent] Making decision using full OHLCV data
[Agent] Price data: O=22.47599983 H=22.49733353 L=22.16666794 C=22.29999924 V=91038000.00000000
[Agent_Features] Generated 18 features for the latest tick.
[Agent] Exploration: Random action: HOLD
[Agent] Received reward: 0.00000000
[NeuralNetworkInterface] Received reward signal: 0.00000000
[Agent] Making decision using full OHLCV data
[Agent] Price data: O=23.00600052 H=23.27933311 L=22.79999924 C=22.93000031 V=149800500.00000000
[Agent_Features] Generated 18 features for the latest tick.
[Agent] Exploration: Random action: HOLD
[Agent] Received reward: 0.00000000
[NeuralNetworkInterface] Received reward signal: 0.00000000
[Agent] Making decision using full OHLCV data
[Agent] Price data: O=23.32866669 H=23.35799980 L=22.93600082 C=23.12666702 V=110391000.00000000
[Agent_Features] Generated 18 features for the latest tick.
[Agent] Exploration: Random action: SELL
[Portfolio] Logged Trade: SELL 12.00084146 TSLA @ 23.13. New Cash: 6697.12, New Coins: 228.01598770
[Agent] Received reward: 0.00000000
[NeuralNetworkInterface] Received reward signal: 0.00000000
[Agent] Making decision using full OHLCV data
[Agent] Price data: O=23.07399940 H=23.75533295 L=23.01199913 C=23.66666794 V=126301500.00000000
[Agent_Features] Generated 18 features for the latest tick.
[Agent] Exploration: Random action: BUY
[Portfolio] Logged Trade: BUY 14.14884226 TSLA @ 23.67. New Cash: 6362.26, New Coins: 242.16482996
[Agent] Received reward: 0.00000000
[NeuralNetworkInterface] Received reward signal: 0.00000000
[Agent] Making decision using full OHLCV data
[Agent] Price data: O=23.29000092 H=23.58933258 L=22.86066628 C=23.07399940 V=96973500.00000000
[Agent_Features] Generated 18 features for the latest tick.
[Agent] Exploration: Random action: BUY
[Portfolio] Logged Trade: BUY 13.78665000 TSLA @ 23.07. New Cash: 6044.15, New Coins: 255.95147996
[Agent] Received reward: 0.00000000
[NeuralNetworkInterface] Received reward signal: 0.00000000
[Agent] Making decision using full OHLCV data
[Agent] Price data: O=23.47800064 H=23.52000046 L=23.22400093 C=23.37599945 V=72135000.00000000
[Agent_Features] Generated 18 features for the latest tick.
[Agent] Exploration: Random action: SELL
[Portfolio] Logged Trade: SELL 12.79757400 TSLA @ 23.38. New Cash: 6343.31, New Coins: 243.15390597
[Agent] Received reward: 0.00000000
[NeuralNetworkInterface] Received reward signal: 0.00000000
[Agent] Making decision using full OHLCV data
[Agent] Price data: O=23.33266640 H=23.54333305 L=23.07333374 C=23.52799988 V=66006000.00000000
[Agent_Features] Generated 18 features for the latest tick.
[Agent] Exploration: Random action: BUY
[Portfolio] Logged Trade: BUY 13.48033416 TSLA @ 23.53. New Cash: 6026.14, New Coins: 256.63424012
[Agent] Received reward: -0.00000000
[NeuralNetworkInterface] Received reward signal: -0.00000000
[Agent] Making decision using full OHLCV data
[Agent] Price data: O=23.96800041 H=23.99933243 L=23.18666649 C=23.45000076 V=115872000.00000000
[Agent_Features] Generated 18 features for the latest tick.
[Agent] Exploration: Random action: HOLD
[Agent] Received reward: 0.00000000
[NeuralNetworkInterface] Received reward signal: 0.00000000
[Agent] Making decision using full OHLCV data
[Agent] Price data: O=23.48133278 H=24.07999992 L=23.30466652 C=24.00000000 V=100876500.00000000
[Agent_Features] Generated 18 features for the latest tick.
[Agent] Exploration: Random action: SELL
[Portfolio] Logged Trade: SELL 12.83171201 TSLA @ 24.00. New Cash: 6334.10, New Coins: 243.80252812
[Agent] Received reward: 0.00000000
[NeuralNetworkInterface] Received reward signal: 0.00000000
[Agent] Making decision using full OHLCV data
[Agent] Price data: O=23.65533257 H=24.05599976 L=23.60000038 C=23.63400078 V=91650000.00000000
[Agent_Features] Generated 18 features for the latest tick.
[Agent] Exploration: Random action: BUY
[Portfolio] Logged Trade: BUY 13.40040109 TSLA @ 23.63. New Cash: 6017.40, New Coins: 257.20292920
[Agent] Received reward: 0.00000000
[NeuralNetworkInterface] Received reward signal: 0.00000000
[Agent] Making decision using full OHLCV data
[Agent] Price data: O=22.20266724 H=22.73333359 L=22.00000000 C=22.67733383 V=253059000.00000000
[Agent_Features] Generated 18 features for the latest tick.
[Agent] Exploration: Random action: HOLD
[Agent] Received reward: 0.00000000
[NeuralNetworkInterface] Received reward signal: 0.00000000
[Agent] Making decision using full OHLCV data
[Agent] Price data: O=22.42266655 H=22.97133255 L=22.29733276 C=22.95466614 V=185092500.00000000
[Agent_Features] Generated 18 features for the latest tick.
[Agent] Exploration: Random action: SELL
[Portfolio] Logged Trade: SELL 12.86014646 TSLA @ 22.95. New Cash: 6312.60, New Coins: 244.34278274
[Agent] Received reward: 0.00000000
[NeuralNetworkInterface] Received reward signal: 0.00000000
[Agent] Making decision using full OHLCV data
[Agent] Price data: O=21.92799950 H=22.36666679 L=21.80666733 C=22.35133362 V=119211000.00000000
[Agent_Features] Generated 18 features for the latest tick.
[Agent] Exploration: Random action: BUY
[Portfolio] Logged Trade: BUY 14.12129849 TSLA @ 22.35. New Cash: 5996.97, New Coins: 258.46408123
[Agent] Received reward: -0.00000000
[NeuralNetworkInterface] Received reward signal: -0.00000000
[Agent] Making decision using full OHLCV data
[Agent] Price data: O=22.08600044 H=22.26199913 L=21.90466690 C=22.07466698 V=83334000.00000000
[Agent_Features] Generated 18 features for the latest tick.
[Agent] Exploration: Random action: HOLD
[Agent] Received reward: 0.00000000
[NeuralNetworkInterface] Received reward signal: 0.00000000
[Agent] Making decision using full OHLCV data
[Agent] Price data: O=21.99600029 H=22.08399963 L=21.83333206 C=22.07399940 V=36984000.00000000
[Agent_Features] Generated 18 features for the latest tick.
[Agent] Exploration: Random action: SELL
[Portfolio] Logged Trade: SELL 12.92320406 TSLA @ 22.07. New Cash: 6282.23, New Coins: 245.54087717
[Agent] Received reward: -0.00000000
[NeuralNetworkInterface] Received reward signal: -0.00000000
[Agent] Making decision using full OHLCV data
[Agent] Price data: O=22.32466698 H=22.42533302 L=21.91266632 C=21.95999908 V=91117500.00000000
[Agent_Features] Generated 18 features for the latest tick.
[Agent] Exploration: Random action: BUY
[Portfolio] Logged Trade: BUY 14.30381211 TSLA @ 21.96. New Cash: 5968.12, New Coins: 259.84468929
[Agent] Received reward: 0.00000000
[NeuralNetworkInterface] Received reward signal: 0.00000000
[Agent] Making decision using full OHLCV data
[Agent] Price data: O=22.41333389 H=22.52733231 L=22.14599991 C=22.17466736 V=98605500.00000000
[Agent_Features] Generated 18 features for the latest tick.
[Agent] Exploration: Random action: BUY
[Portfolio] Logged Trade: BUY 13.45707293 TSLA @ 22.17. New Cash: 5669.72, New Coins: 273.30176222
[Agent] Received reward: 0.00000000
[NeuralNetworkInterface] Received reward signal: 0.00000000
[Agent] Making decision using full OHLCV data
[Agent] Price data: O=22.20199966 H=22.52400017 L=22.19000053 C=22.51666641 V=82995000.00000000
[Agent_Features] Generated 18 features for the latest tick.
[Agent] Exploration: Random action: SELL
[Portfolio] Logged Trade: SELL 13.66508811 TSLA @ 22.52. New Cash: 5977.41, New Coins: 259.63667411
[Agent] Received reward: -0.00000000
[NeuralNetworkInterface] Received reward signal: -0.00000000
[Agent] Making decision using full OHLCV data
[Agent] Price data: O=22.02466774 H=22.29466629 L=21.81666756 C=22.18866730 V=55869000.00000000
[Agent_Features] Generated 18 features for the latest tick.
[Agent] Exploration: Random action: SELL
[Portfolio] Logged Trade: SELL 12.98183371 TSLA @ 22.19. New Cash: 6265.46, New Coins: 246.65484040
[Agent] Received reward: -0.00000000
[NeuralNetworkInterface] Received reward signal: -0.00000000
[Agent] Making decision using full OHLCV data
[Agent] Price data: O=22.39266777 H=22.59066772 L=22.31800079 C=22.33333206 V=114186000.00000000
[Agent_Features] Generated 18 features for the latest tick.
[Agent] Exploration: Random action: HOLD
[Agent] Received reward: 0.00000000
[NeuralNetworkInterface] Received reward signal: 0.00000000
[Agent] Making decision using full OHLCV data
[Agent] Price data: O=22.63533211 H=22.96333313 L=22.33866692 C=22.43933296 V=135346500.00000000
[Agent_Features] Generated 18 features for the latest tick.
[Agent] Exploration: Random action: BUY
[Portfolio] Logged Trade: BUY 13.96088296 TSLA @ 22.44. New Cash: 5952.19, New Coins: 260.61572336
[Agent] Received reward: 0.00000000
[NeuralNetworkInterface] Received reward signal: 0.00000000
[Agent] Making decision using full OHLCV data
[Agent] Price data: O=23.25600052 H=23.38199997 L=22.62066650 C=22.66399956 V=132424500.00000000
[Agent_Features] Generated 18 features for the latest tick.
[Agent] Exploration: Random action: BUY
[Portfolio] Logged Trade: BUY 13.13136524 TSLA @ 22.66. New Cash: 5654.58, New Coins: 273.74708860
[Agent] Received reward: 0.00000000
[NeuralNetworkInterface] Received reward signal: 0.00000000
[Agent] Making decision using full OHLCV data
[Agent] Price data: O=23.51333237 H=23.81266785 L=23.40600014 C=23.45866776 V=103467000.00000000
[Agent_Features] Generated 18 features for the latest tick.
[Agent] Exploration: Random action: BUY
[Portfolio] Logged Trade: BUY 12.05221013 TSLA @ 23.46. New Cash: 5371.85, New Coins: 285.79929873
[Agent] Received reward: 0.00000000
[NeuralNetworkInterface] Received reward signal: 0.00000000
[Agent] Making decision using full OHLCV data
[Agent] Price data: O=23.97866631 H=24.18266678 L=23.54866791 C=23.66133308 V=116458500.00000000
[Agent_Features] Generated 18 features for the latest tick.
[Agent] Exploration: Random action: BUY
[Portfolio] Logged Trade: BUY 11.35153090 TSLA @ 23.66. New Cash: 5103.25, New Coins: 297.15082963
[Agent] Received reward: 0.00000000
[NeuralNetworkInterface] Received reward signal: 0.00000000
[Agent] Making decision using full OHLCV data
[Agent] Price data: O=23.89266777 H=24.34733391 L=23.64266777 C=24.06999969 V=98563500.00000000
[Agent_Features] Generated 18 features for the latest tick.
[Agent] Exploration: Random action: BUY
[Portfolio] Logged Trade: BUY 10.60086162 TSLA @ 24.07. New Cash: 4848.09, New Coins: 307.75169125
[Agent] Received reward: 0.00000000
[NeuralNetworkInterface] Received reward signal: 0.00000000
[Agent] Making decision using full OHLCV data
[Agent] Price data: O=25.43333244 H=25.57399940 L=24.16666794 C=24.17000008 V=272613000.00000000
[Agent_Features] Generated 18 features for the latest tick.
[Agent] Exploration: Random action: HOLD
[Agent] Received reward: 0.00000000
[NeuralNetworkInterface] Received reward signal: 0.00000000
[Agent] Making decision using full OHLCV data
[Agent] Price data: O=25.26600075 H=25.70000076 L=25.05999947 C=25.26600075 V=127452000.00000000
[Agent_Features] Generated 18 features for the latest tick.
[Agent] Exploration: Random action: HOLD
[Agent] Received reward: 0.00000000
[NeuralNetworkInterface] Received reward signal: 0.00000000
[Agent] Making decision using full OHLCV data
[Agent] Price data: O=26.20999908 H=26.34799957 L=25.37199974 C=25.37533379 V=211815000.00000000
[Agent_Features] Generated 18 features for the latest tick.
[Agent] Exploration: Random action: BUY
[Portfolio] Logged Trade: BUY 9.55276495 TSLA @ 25.38. New Cash: 4605.69, New Coins: 317.30445619
[Agent] Received reward: 0.00000000
[NeuralNetworkInterface] Received reward signal: 0.00000000
[Agent] Making decision using full OHLCV data
[Agent] Price data: O=26.93600082 H=27.12333298 L=26.43333244 C=26.48800087 V=271606500.00000000
[Agent_Features] Generated 18 features for the latest tick.
[Agent] Exploration: Random action: HOLD
[Agent] Received reward: 0.00000000
[NeuralNetworkInterface] Received reward signal: 0.00000000
[Agent] Making decision using full OHLCV data
[Agent] Price data: O=27.03933334 H=27.53333282 L=26.67933273 C=27.35266685 V=221290500.00000000
[Agent_Features] Generated 18 features for the latest tick.
[Agent] Exploration: Random action: HOLD
[Agent] Received reward: 0.00000000
[NeuralNetworkInterface] Received reward signal: 0.00000000
[Agent] Making decision using full OHLCV data
[Agent] Price data: O=27.94799995 H=28.13400078 L=27.33333206 C=27.45199966 V=199794000.00000000
[Agent_Features] Generated 18 features for the latest tick.
[Agent] Exploration: Random action: SELL
[Portfolio] Logged Trade: SELL 15.86522281 TSLA @ 27.45. New Cash: 5041.22, New Coins: 301.43923338
[Agent] Received reward: 0.00000000
[NeuralNetworkInterface] Received reward signal: 0.00000000
[Agent] Making decision using full OHLCV data
[Agent] Price data: O=28.35000038 H=28.36466789 L=27.51266670 C=27.89066696 V=120820500.00000000
[Agent_Features] Generated 18 features for the latest tick.
[Agent] Exploration: Random action: BUY
[Portfolio] Logged Trade: BUY 9.03746669 TSLA @ 27.89. New Cash: 4789.16, New Coins: 310.47670008
[Agent] Received reward: 0.00000000
[NeuralNetworkInterface] Received reward signal: 0.00000000
[Agent] Making decision using full OHLCV data
[Agent] Price data: O=28.72933388 H=28.89866638 L=28.42333221 C=28.52733231 V=159508500.00000000
[Agent_Features] Generated 18 features for the latest tick.
[Agent] Exploration: Random action: BUY
[Portfolio] Logged Trade: BUY 8.39398239 TSLA @ 28.53. New Cash: 4549.70, New Coins: 318.87068247
[Agent] Received reward: 0.00000000
[NeuralNetworkInterface] Received reward signal: 0.00000000
[Agent] Making decision using full OHLCV data
[Agent] Price data: O=28.69199944 H=29.02066612 L=28.40733337 C=29.00000000 V=149185500.00000000
[Agent_Features] Generated 18 features for the latest tick.
[Agent] Exploration: Random action: HOLD
[Agent] Received reward: 0.00000000
[NeuralNetworkInterface] Received reward signal: 0.00000000
[Agent] Making decision using full OHLCV data
[Agent] Price data: O=27.64666748 H=28.60000038 L=27.28400040 C=28.58600044 V=188796000.00000000
[Agent_Features] Generated 18 features for the latest tick.
[Agent] Exploration: Random action: BUY
[Portfolio] Logged Trade: BUY 7.95791735 TSLA @ 28.59. New Cash: 4322.22, New Coins: 326.82859981
[Agent] Received reward: -0.00000000
[NeuralNetworkInterface] Received reward signal: -0.00000000
[Agent] Making decision using full OHLCV data
[Agent] Price data: O=27.88866615 H=28.08600044 L=26.80533218 C=27.00000000 V=154285500.00000000
[Agent_Features] Generated 18 features for the latest tick.
[Agent] Exploration: Random action: HOLD
[Agent] Received reward: 0.00000000
[NeuralNetworkInterface] Received reward signal: 0.00000000
[Agent] Making decision using full OHLCV data
[Agent] Price data: O=28.68400002 H=28.71333313 L=28.11400032 C=28.29999924 V=142981500.00000000
[Agent_Features] Generated 18 features for the latest tick.
[Agent] Exploration: Random action: BUY
[Portfolio] Logged Trade: BUY 7.63642343 TSLA @ 28.30. New Cash: 4106.10, New Coins: 334.46502325
[Agent] Received reward: 0.00000000
[NeuralNetworkInterface] Received reward signal: 0.00000000
[Agent] Making decision using full OHLCV data
[Agent] Price data: O=29.53400040 H=30.26666641 L=29.12800026 C=29.36666679 V=266677500.00000000
[Agent_Features] Generated 18 features for the latest tick.
[Agent] Exploration: Random action: SELL
[Portfolio] Logged Trade: SELL 16.72325116 TSLA @ 29.37. New Cash: 4597.21, New Coins: 317.74177208
[Agent] Received reward: 0.00000000
[NeuralNetworkInterface] Received reward signal: 0.00000000
[Agent] Making decision using full OHLCV data
[Agent] Price data: O=30.10266685 H=30.10400009 L=29.33333206 C=29.36466789 V=151995000.00000000
[Agent_Features] Generated 18 features for the latest tick.
[Agent] Exploration: Random action: BUY
[Portfolio] Logged Trade: BUY 7.82779313 TSLA @ 29.36. New Cash: 4367.35, New Coins: 325.56956522
[Agent] Received reward: 0.00000000
[NeuralNetworkInterface] Received reward signal: 0.00000000
[Agent] Making decision using full OHLCV data
[Agent] Price data: O=31.27066612 H=31.44199944 L=30.22400093 C=30.76000023 V=268231500.00000000
[Agent_Features] Generated 18 features for the latest tick.
[Agent] Exploration: Random action: BUY
[Portfolio] Logged Trade: BUY 7.09907402 TSLA @ 30.76. New Cash: 4148.98, New Coins: 332.66863923
[Agent] Received reward: -0.00000000
[NeuralNetworkInterface] Received reward signal: -0.00000000
[Agent] Making decision using full OHLCV data
[Agent] Price data: O=32.80933380 H=33.23266602 L=31.21533394 C=31.57999992 V=467164500.00000000
[Agent_Features] Generated 18 features for the latest tick.
[Agent] Exploration: Random action: HOLD
[Agent] Received reward: 0.00000000
[NeuralNetworkInterface] Received reward signal: 0.00000000
[Agent] Making decision using full OHLCV data
[Agent] Price data: O=32.08933258 H=33.25333405 L=31.52466774 C=33.13999939 V=426606000.00000000
[Agent_Features] Generated 18 features for the latest tick.
[Agent] Exploration: Random action: BUY
[Portfolio] Logged Trade: BUY 6.25978112 TSLA @ 33.14. New Cash: 3941.53, New Coins: 338.92842035
[Agent] Received reward: 0.00000000
[NeuralNetworkInterface] Received reward signal: 0.00000000
[Agent] Making decision using full OHLCV data
[Agent] Price data: O=31.87666702 H=32.32933426 L=31.57999992 C=32.11933136 V=194392500.00000000
[Agent_Features] Generated 18 features for the latest tick.
[Agent] Exploration: Random action: SELL
[Portfolio] Logged Trade: SELL 16.94642102 TSLA @ 32.12. New Cash: 4485.84, New Coins: 321.98199934
[Agent] Received reward: 0.00000000
[NeuralNetworkInterface] Received reward signal: 0.00000000
[Agent] Making decision using full OHLCV data
[Agent] Price data: O=34.99066544 H=35.04199982 L=32.79999924 C=32.90000153 V=397764000.00000000
[Agent_Features] Generated 18 features for the latest tick.
[Agent] Exploration: Random action: SELL
[Portfolio] Logged Trade: SELL 16.09909997 TSLA @ 32.90. New Cash: 5015.50, New Coins: 305.88289937
[Agent] Received reward: 0.00000000
[NeuralNetworkInterface] Received reward signal: 0.00000000
[Agent] Making decision using full OHLCV data
[Agent] Price data: O=35.86133194 H=36.49399948 L=34.99333191 C=36.28400040 V=434943000.00000000
[Agent_Features] Generated 18 features for the latest tick.
[Agent] Exploration: Random action: BUY
[Portfolio] Logged Trade: BUY 6.91145102 TSLA @ 36.28. New Cash: 4764.73, New Coins: 312.79435039
[Agent] Received reward: 0.00000000
[NeuralNetworkInterface] Received reward signal: 0.00000000
[Agent] Making decision using full OHLCV data
[Agent] Price data: O=34.56666565 H=35.85599899 L=34.45266724 C=35.31733322 V=260532000.00000000
[Agent_Features] Generated 18 features for the latest tick.
[Agent] Exploration: Random action: BUY
[Portfolio] Logged Trade: BUY 6.74559247 TSLA @ 35.32. New Cash: 4526.49, New Coins: 319.53994286
[Agent] Received reward: 0.00000000
[NeuralNetworkInterface] Received reward signal: 0.00000000
[Agent] Making decision using full OHLCV data
[Agent] Price data: O=34.23266602 H=34.29733276 L=32.81133270 C=32.91666794 V=326050500.00000000
[Agent_Features] Generated 18 features for the latest tick.
[Agent] Exploration: Random action: HOLD
[Agent] Received reward: 0.00000000
[NeuralNetworkInterface] Received reward signal: 0.00000000
[Agent] Making decision using full OHLCV data
[Agent] Price data: O=34.03333282 H=34.37799835 L=33.54399872 C=33.84066772 V=204436500.00000000
[Agent_Features] Generated 18 features for the latest tick.
[Agent] Exploration: Random action: HOLD
[Agent] Received reward: 0.00000000
[NeuralNetworkInterface] Received reward signal: 0.00000000
[Agent] Making decision using full OHLCV data
[Agent] Price data: O=36.47999954 H=36.57199860 L=35.22733307 C=35.34999847 V=267052500.00000000
[Agent_Features] Generated 18 features for the latest tick.
[Agent] Exploration: Random action: BUY
[Portfolio] Logged Trade: BUY 6.40239123 TSLA @ 35.35. New Cash: 4300.17, New Coins: 325.94233409
[Agent] Received reward: 0.00000000
[NeuralNetworkInterface] Received reward signal: 0.00000000
[Agent] Making decision using full OHLCV data
[Agent] Price data: O=37.97066879 H=39.63333130 L=37.27333450 C=38.12599945 V=470535000.00000000
[Agent_Features] Generated 18 features for the latest tick.
[Agent] Exploration: Random action: BUY
[Portfolio] Logged Trade: BUY 5.63941398 TSLA @ 38.13. New Cash: 4085.16, New Coins: 331.58174807
[Agent] Received reward: 0.00000000
[NeuralNetworkInterface] Received reward signal: 0.00000000
[Agent] Making decision using full OHLCV data
[Agent] Price data: O=38.14666748 H=38.79999924 L=37.04000092 C=37.61666870 V=294765000.00000000
[Agent_Features] Generated 18 features for the latest tick.
[Agent] Exploration: Random action: BUY
[Portfolio] Logged Trade: BUY 5.42998321 TSLA @ 37.62. New Cash: 3880.90, New Coins: 337.01173128
[Agent] Received reward: 0.00000000
[NeuralNetworkInterface] Received reward signal: 0.00000000
[Agent] Making decision using full OHLCV data
[Agent] Price data: O=37.65466690 H=38.25733185 L=36.95066833 C=38.04199982 V=215304000.00000000
[Agent_Features] Generated 18 features for the latest tick.
[Agent] Exploration: Random action: BUY
[Portfolio] Logged Trade: BUY 5.10080928 TSLA @ 38.04. New Cash: 3686.85, New Coins: 342.11254055
[Agent] Received reward: 0.00000000
[NeuralNetworkInterface] Received reward signal: 0.00000000
[Agent] Making decision using full OHLCV data
[Agent] Price data: O=37.20133209 H=37.62933350 L=35.95199966 C=36.13266754 V=204121500.00000000
[Agent_Features] Generated 18 features for the latest tick.
[Agent] Exploration: Random action: BUY
[Portfolio] Logged Trade: BUY 5.10183025 TSLA @ 36.13. New Cash: 3502.51, New Coins: 347.21437080
[Agent] Received reward: 0.00000000
[NeuralNetworkInterface] Received reward signal: 0.00000000
[Agent] Making decision using full OHLCV data
[Agent] Price data: O=37.79333115 H=38.45399857 L=37.20533371 C=37.89933395 V=176827500.00000000
[Agent_Features] Generated 18 features for the latest tick.
[Agent] Exploration: Random action: BUY
[Portfolio] Logged Trade: BUY 4.62080942 TSLA @ 37.90. New Cash: 3327.39, New Coins: 351.83518022
[Agent] Received reward: 0.00000000
[NeuralNetworkInterface] Received reward signal: 0.00000000
[Agent] Making decision using full OHLCV data
[Agent] Price data: O=38.73266602 H=39.31999969 L=37.82866669 C=38.37933350 V=267022500.00000000
[Agent_Features] Generated 18 features for the latest tick.
[Agent] Exploration: Random action: SELL
[Portfolio] Logged Trade: SELL 17.59175901 TSLA @ 38.38. New Cash: 4002.55, New Coins: 334.24342121
[Agent] Received reward: 0.00000000
[NeuralNetworkInterface] Received reward signal: 0.00000000
[Agent] Making decision using full OHLCV data
[Agent] Price data: O=42.72066879 H=43.39199829 L=41.20000076 C=42.16133118 V=435085500.00000000
[Agent_Features] Generated 18 features for the latest tick.
[Agent] Exploration: Random action: BUY
[Portfolio] Logged Trade: BUY 4.74670304 TSLA @ 42.16. New Cash: 3802.42, New Coins: 338.99012425
[Agent] Received reward: 0.00000000
[NeuralNetworkInterface] Received reward signal: 0.00000000
[Agent] Making decision using full OHLCV data
[Agent] Price data: O=43.37133408 H=43.53333282 L=42.16799927 C=42.66666794 V=235789500.00000000
[Agent_Features] Generated 18 features for the latest tick.
[Agent] Exploration: Random action: BUY
[Portfolio] Logged Trade: BUY 4.45595970 TSLA @ 42.67. New Cash: 3612.30, New Coins: 343.44608395
[Agent] Received reward: 0.00000000
[NeuralNetworkInterface] Received reward signal: 0.00000000
[Agent] Making decision using full OHLCV data
[Agent] Price data: O=52.00000000 H=52.40933228 L=44.90133286 C=44.91266632 V=705975000.00000000
[Agent_Features] Generated 18 features for the latest tick.
[Agent] Exploration: Random action: BUY
[Portfolio] Logged Trade: BUY 4.02146922 TSLA @ 44.91. New Cash: 3431.68, New Coins: 347.46755317
[Agent] Received reward: 0.00000000
[NeuralNetworkInterface] Received reward signal: 0.00000000
[Agent] Making decision using full OHLCV data
[Agent] Price data: O=59.13733292 H=64.59933472 L=55.59199905 C=58.86399841 V=914082000.00000000
[Agent_Features] Generated 18 features for the latest tick.
[Agent] Exploration: Random action: HOLD
[Agent] Received reward: 0.00000000
[NeuralNetworkInterface] Received reward signal: 0.00000000
[Agent] Making decision using full OHLCV data
[Agent] Price data: O=48.97999954 H=56.39866638 L=46.94066620 C=54.88399887 V=726357000.00000000
[Agent_Features] Generated 18 features for the latest tick.
[Agent] Exploration: Random action: SELL
[Portfolio] Logged Trade: SELL 17.37337766 TSLA @ 54.88. New Cash: 4385.20, New Coins: 330.09417551
[Agent] Received reward: -0.00000000
[NeuralNetworkInterface] Received reward signal: -0.00000000
[Agent] Making decision using full OHLCV data
[Agent] Price data: O=49.93066788 H=53.05533218 L=45.79999924 C=46.66133118 V=598212000.00000000
[Agent_Features] Generated 18 features for the latest tick.
[Agent] Exploration: Random action: HOLD
[Agent] Received reward: 0.00000000
[NeuralNetworkInterface] Received reward signal: 0.00000000
[Agent] Making decision using full OHLCV data
[Agent] Price data: O=49.87133408 H=51.31666565 L=48.66666794 C=48.70333481 V=255952500.00000000
[Agent_Features] Generated 18 features for the latest tick.
[Agent] Exploration: Random action: SELL
[Portfolio] Logged Trade: SELL 16.50470878 TSLA @ 48.70. New Cash: 5189.04, New Coins: 313.58946673
[Agent] Received reward: 0.00000000
[NeuralNetworkInterface] Received reward signal: 0.00000000
[Agent] Making decision using full OHLCV data
[Agent] Price data: O=51.41866684 H=54.66600037 L=50.15999985 C=53.33333206 V=370338000.00000000
[Agent_Features] Generated 18 features for the latest tick.
[Agent] Exploration: Random action: BUY
[Portfolio] Logged Trade: BUY 4.86472324 TSLA @ 53.33. New Cash: 4929.59, New Coins: 318.45418997
[Agent] Received reward: 0.00000000
[NeuralNetworkInterface] Received reward signal: 0.00000000
[Agent] Making decision using full OHLCV data
[Agent] Price data: O=51.62533188 H=52.23400116 L=50.53333282 C=51.25266647 V=175462500.00000000
[Agent_Features] Generated 18 features for the latest tick.
[Agent] Exploration: Random action: BUY
[Portfolio] Logged Trade: BUY 4.80910208 TSLA @ 51.25. New Cash: 4683.11, New Coins: 323.26329205
[Agent] Received reward: 0.00000000
[NeuralNetworkInterface] Received reward signal: 0.00000000
[Agent] Making decision using full OHLCV data
[Agent] Price data: O=51.15266800 H=52.65000153 L=50.89133453 C=51.85800171 V=180337500.00000000
[Agent_Features] Generated 18 features for the latest tick.
[Agent] Exploration: Random action: SELL
[Portfolio] Logged Trade: SELL 16.16316460 TSLA @ 51.86. New Cash: 5521.30, New Coins: 307.10012744
[Agent] Received reward: 0.00000000
[NeuralNetworkInterface] Received reward signal: 0.00000000
[Agent] Making decision using full OHLCV data
[Agent] Price data: O=53.59999847 H=54.53333282 L=49.00000000 C=49.45600128 V=394339500.00000000
[Agent_Features] Generated 18 features for the latest tick.
[Agent] Exploration: Random action: HOLD
[Agent] Received reward: 0.00000000
[NeuralNetworkInterface] Received reward signal: 0.00000000
[Agent] Making decision using full OHLCV data
[Agent] Price data: O=53.33533478 H=54.19800186 L=52.36666870 C=52.48133469 V=235405500.00000000
[Agent_Features] Generated 18 features for the latest tick.
[Agent] Exploration: Random action: HOLD
[Agent] Received reward: 0.00000000
[NeuralNetworkInterface] Received reward signal: 0.00000000
[Agent] Making decision using full OHLCV data
[Agent] Price data: O=57.22666550 H=57.33333206 L=55.49066544 C=56.10666656 V=245725500.00000000
[Agent_Features] Generated 18 features for the latest tick.
[Agent] Exploration: Random action: BUY
[Portfolio] Logged Trade: BUY 4.92035666 TSLA @ 56.11. New Cash: 5245.23, New Coins: 312.02048410
[Agent] Received reward: 0.00000000
[NeuralNetworkInterface] Received reward signal: 0.00000000
[Agent] Making decision using full OHLCV data
[Agent] Price data: O=61.16133118 H=62.98533249 L=60.06800079 C=61.56666565 V=381345000.00000000
[Agent_Features] Generated 18 features for the latest tick.
[Agent] Exploration: Random action: HOLD
[Agent] Received reward: 0.00000000
[NeuralNetworkInterface] Received reward signal: 0.00000000
[Agent] Making decision using full OHLCV data
[Agent] Price data: O=59.96066666 H=60.79999924 L=57.32933426 C=60.79666519 V=264523500.00000000
[Agent_Features] Generated 18 features for the latest tick.
[Agent] Exploration: Random action: HOLD
[Agent] Received reward: 0.00000000
[NeuralNetworkInterface] Received reward signal: 0.00000000
[Agent] Making decision using full OHLCV data
[Agent] Price data: O=60.06666565 H=60.87066650 L=58.69666672 C=60.46533203 V=214722000.00000000
[Agent_Features] Generated 18 features for the latest tick.
[Agent] Exploration: Random action: HOLD
[Agent] Received reward: 0.00000000
[NeuralNetworkInterface] Received reward signal: 0.00000000
[Agent] Making decision using full OHLCV data
[Agent] Price data: O=55.58599854 H=57.56666565 L=54.81333160 C=55.93333435 V=227883000.00000000
[Agent_Features] Generated 18 features for the latest tick.
[Agent] Exploration: Random action: BUY
[Portfolio] Logged Trade: BUY 4.68882417 TSLA @ 55.93. New Cash: 4982.97, New Coins: 316.70930827
[Agent] Received reward: 0.00000000
[NeuralNetworkInterface] Received reward signal: 0.00000000
[Agent] Making decision using full OHLCV data
[Agent] Price data: O=53.32733154 H=57.10666656 L=52.46666718 C=56.59999847 V=259357500.00000000
[Agent_Features] Generated 18 features for the latest tick.
[Agent] Exploration: Random action: HOLD
[Agent] Received reward: 0.00000000
[NeuralNetworkInterface] Received reward signal: 0.00000000
[Agent] Making decision using full OHLCV data
[Agent] Price data: O=51.91999817 H=54.22066879 L=51.74066544 C=52.16666794 V=211282500.00000000
[Agent_Features] Generated 18 features for the latest tick.
[Agent] Exploration: Random action: HOLD
[Agent] Received reward: 0.00000000
[NeuralNetworkInterface] Received reward signal: 0.00000000
[Agent] Making decision using full OHLCV data
[Agent] Price data: O=45.26666641 H=49.31800079 L=44.59999847 C=48.66666794 V=364158000.00000000
[Agent_Features] Generated 18 features for the latest tick.
[Agent] Exploration: Random action: SELL
[Portfolio] Logged Trade: SELL 15.83546541 TSLA @ 48.67. New Cash: 5753.63, New Coins: 300.87384286
[Agent] Received reward: 0.00000000
[NeuralNetworkInterface] Received reward signal: 0.00000000
[Agent] Making decision using full OHLCV data
[Agent] Price data: O=44.53266525 H=46.03466797 L=40.76800156 C=41.97999954 V=363343500.00000000
[Agent_Features] Generated 18 features for the latest tick.
[Agent] Exploration: Random action: HOLD
[Agent] Received reward: 0.00000000
[NeuralNetworkInterface] Received reward signal: 0.00000000
[Agent] Making decision using full OHLCV data
[Agent] Price data: O=49.57466888 H=49.57933426 L=45.77799988 C=47.41733170 V=302925000.00000000
[Agent_Features] Generated 18 features for the latest tick.
[Agent] Exploration: Random action: SELL
[Portfolio] Logged Trade: SELL 15.04369214 TSLA @ 47.42. New Cash: 6466.96, New Coins: 285.83015071
[Agent] Received reward: 0.00000000
[NeuralNetworkInterface] Received reward signal: 0.00000000
[Agent] Making decision using full OHLCV data
[Agent] Price data: O=49.70066833 H=53.79866791 L=47.74066544 C=53.66666794 V=386760000.00000000
[Agent_Features] Generated 18 features for the latest tick.
[Agent] Exploration: Random action: HOLD
[Agent] Received reward: 0.00000000
[NeuralNetworkInterface] Received reward signal: 0.00000000
[Agent] Making decision using full OHLCV data
[Agent] Price data: O=49.96666718 H=51.10133362 L=48.31533432 C=50.93066788 V=225735000.00000000
[Agent_Features] Generated 18 features for the latest tick.
[Agent] Exploration: Random action: HOLD
[Agent] Received reward: 0.00000000
[NeuralNetworkInterface] Received reward signal: 0.00000000
[Agent] Making decision using full OHLCV data
[Agent] Price data: O=48.30266571 H=49.71666718 L=47.87133408 C=48.25133133 V=162790500.00000000
[Agent_Features] Generated 18 features for the latest tick.
[Agent] Exploration: Random action: BUY
[Portfolio] Logged Trade: BUY 6.70132899 TSLA @ 48.25. New Cash: 6143.61, New Coins: 292.53147970
[Agent] Received reward: 0.00000000
[NeuralNetworkInterface] Received reward signal: 0.00000000
[Agent] Making decision using full OHLCV data
[Agent] Price data: O=46.89866638 H=47.13333130 L=45.61800003 C=46.00000000 V=189943500.00000000
[Agent_Features] Generated 18 features for the latest tick.
[Agent] Exploration: Random action: SELL
[Portfolio] Logged Trade: SELL 14.62657399 TSLA @ 46.00. New Cash: 6816.44, New Coins: 277.90490572
[Agent] Received reward: 0.00000000
[NeuralNetworkInterface] Received reward signal: 0.00000000
[Agent] Making decision using full OHLCV data
[Agent] Price data: O=40.53333282 H=44.20000076 L=40.33333206 C=40.35933304 V=256105500.00000000
[Agent_Features] Generated 18 features for the latest tick.
[Agent] Exploration: Random action: BUY
[Portfolio] Logged Trade: BUY 8.44468274 TSLA @ 40.36. New Cash: 6475.61, New Coins: 286.34958846
[Agent] Received reward: -0.00000000
[NeuralNetworkInterface] Received reward signal: -0.00000000
[Agent] Making decision using full OHLCV data
[Agent] Price data: O=43.02199936 H=44.53333282 L=40.53333282 C=43.96200180 V=233916000.00000000
[Agent_Features] Generated 18 features for the latest tick.
[Agent] Exploration: Random action: SELL
[Portfolio] Logged Trade: SELL 14.31747942 TSLA @ 43.96. New Cash: 7105.04, New Coins: 272.03210903
[Agent] Received reward: 0.00000000
[NeuralNetworkInterface] Received reward signal: 0.00000000
[Agent] Making decision using full OHLCV data
[Agent] Price data: O=42.28200150 H=43.57199860 L=40.86666870 C=42.68000031 V=199837500.00000000
[Agent_Features] Generated 18 features for the latest tick.
[Agent] Exploration: Random action: SELL
[Portfolio] Logged Trade: SELL 13.60160545 TSLA @ 42.68. New Cash: 7685.56, New Coins: 258.43050358
[Agent] Received reward: 0.00000000
[NeuralNetworkInterface] Received reward signal: 0.00000000
[Agent] Making decision using full OHLCV data
[Agent] Price data: O=37.36999893 H=39.63333130 L=36.41666794 C=38.72600174 V=283636500.00000000
[Agent_Features] Generated 18 features for the latest tick.
[Agent] Exploration: Random action: BUY
[Portfolio] Logged Trade: BUY 9.92299067 TSLA @ 38.73. New Cash: 7301.28, New Coins: 268.35349426
[Agent] Received reward: -0.00000000
[NeuralNetworkInterface] Received reward signal: -0.00000000
[Agent] Making decision using full OHLCV data
[Agent] Price data: O=36.44133377 H=40.50466537 L=33.46666718 C=39.66666794 V=339604500.00000000
[Agent_Features] Generated 18 features for the latest tick.
[Agent] Exploration: Random action: BUY
[Portfolio] Logged Trade: BUY 9.20329045 TSLA @ 39.67. New Cash: 6936.21, New Coins: 277.55678471
[Agent] Received reward: 0.00000000
[NeuralNetworkInterface] Received reward signal: 0.00000000
[Agent] Making decision using full OHLCV data
[Agent] Price data: O=29.67133331 H=32.99133301 L=29.47800064 C=31.29999924 V=307342500.00000000
[Agent_Features] Generated 18 features for the latest tick.
[Agent] Exploration: Random action: SELL
[Portfolio] Logged Trade: SELL 13.87783924 TSLA @ 31.30. New Cash: 7370.59, New Coins: 263.67894547
[Agent] Received reward: 0.00000000
[NeuralNetworkInterface] Received reward signal: 0.00000000
[Agent] Making decision using full OHLCV data
[Agent] Price data: O=28.68000031 H=31.45666695 L=26.39999962 C=29.33399963 V=359919000.00000000
[Agent_Features] Generated 18 features for the latest tick.
[Agent] Exploration: Random action: HOLD
[Agent] Received reward: 0.00000000
[NeuralNetworkInterface] Received reward signal: 0.00000000
[Agent] Making decision using full OHLCV data
[Agent] Price data: O=24.08133316 H=26.99066734 L=23.36733246 C=25.93333244 V=356793000.00000000
[Agent_Features] Generated 18 features for the latest tick.
[Agent] Exploration: Random action: BUY
[Portfolio] Logged Trade: BUY 14.21064924 TSLA @ 25.93. New Cash: 7002.06, New Coins: 277.88959471
[Agent] Received reward: 0.00000000
[NeuralNetworkInterface] Received reward signal: 0.00000000
[Agent] Making decision using full OHLCV data
[Agent] Price data: O=28.50933266 H=30.13333321 L=23.89733315 C=24.97999954 V=452932500.00000000
[Agent_Features] Generated 18 features for the latest tick.
[Agent] Exploration: Random action: HOLD
[Agent] Received reward: 0.00000000
[NeuralNetworkInterface] Received reward signal: 0.00000000
[Agent] Making decision using full OHLCV data
[Agent] Price data: O=28.50200081 H=31.79999924 L=28.38599968 C=29.21333313 V=424282500.00000000
[Agent_Features] Generated 18 features for the latest tick.
[Agent] Exploration: Random action: BUY
[Portfolio] Logged Trade: BUY 11.98435710 TSLA @ 29.21. New Cash: 6651.96, New Coins: 289.87395181
[Agent] Received reward: 0.00000000
[NeuralNetworkInterface] Received reward signal: 0.00000000
[Agent] Making decision using full OHLCV data
[Agent] Price data: O=28.95266724 H=29.46666718 L=27.36666679 C=28.90666771 V=246817500.00000000
[Agent_Features] Generated 18 features for the latest tick.
[Agent] Exploration: Random action: BUY
[Portfolio] Logged Trade: BUY 11.50592206 TSLA @ 28.91. New Cash: 6319.36, New Coins: 301.37987387
[Agent] Received reward: 0.00000000
[NeuralNetworkInterface] Received reward signal: 0.00000000
[Agent] Making decision using full OHLCV data
[Agent] Price data: O=33.66666794 H=34.24599838 L=31.60000038 C=31.81999969 V=343428000.00000000
[Agent_Features] Generated 18 features for the latest tick.
[Agent] Exploration: Random action: BUY
[Portfolio] Logged Trade: BUY 9.92985466 TSLA @ 31.82. New Cash: 6003.39, New Coins: 311.30972853
[Agent] Received reward: 0.00000000
[NeuralNetworkInterface] Received reward signal: 0.00000000
[Agent] Making decision using full OHLCV data
[Agent] Price data: O=35.95000076 H=37.13333130 L=34.07400131 C=36.34999847 V=318340500.00000000
[Agent_Features] Generated 18 features for the latest tick.
[Agent] Exploration: Random action: HOLD
[Agent] Received reward: 0.00000000
[NeuralNetworkInterface] Received reward signal: 0.00000000
[Agent] Making decision using full OHLCV data
[Agent] Price data: O=35.21066666 H=37.33333206 L=34.15000153 C=36.49266815 V=260710500.00000000
[Agent_Features] Generated 18 features for the latest tick.
[Agent] Exploration: Random action: BUY
[Portfolio] Logged Trade: BUY 8.22547621 TSLA @ 36.49. New Cash: 5703.22, New Coins: 319.53520474
[Agent] Received reward: 0.00000000
[NeuralNetworkInterface] Received reward signal: 0.00000000
[Agent] Making decision using full OHLCV data
[Agent] Price data: O=34.29066849 H=35.05333328 L=32.93533325 C=33.66666794 V=215661000.00000000
[Agent_Features] Generated 18 features for the latest tick.
[Agent] Exploration: Random action: HOLD
[Agent] Received reward: 0.00000000
[NeuralNetworkInterface] Received reward signal: 0.00000000
[Agent] Making decision using full OHLCV data
[Agent] Price data: O=33.47533417 H=34.44333267 L=32.74866867 C=34.01733398 V=179971500.00000000
[Agent_Features] Generated 18 features for the latest tick.
[Agent] Exploration: Random action: SELL
[Portfolio] Logged Trade: SELL 15.97676024 TSLA @ 34.02. New Cash: 6246.71, New Coins: 303.55844450
[Agent] Received reward: 0.00000000
[NeuralNetworkInterface] Received reward signal: 0.00000000
[Agent] Making decision using full OHLCV data
[Agent] Price data: O=34.93333435 H=36.19733429 L=33.13333130 C=33.41666794 V=266572500.00000000
[Agent_Features] Generated 18 features for the latest tick.
[Agent] Exploration: Random action: SELL
[Portfolio] Logged Trade: SELL 15.17792223 TSLA @ 33.42. New Cash: 6753.90, New Coins: 288.38052228
[Agent] Received reward: 0.00000000
[NeuralNetworkInterface] Received reward signal: 0.00000000
[Agent] Making decision using full OHLCV data
[Agent] Price data: O=32.10400009 H=34.26333237 L=31.67333221 C=33.59999847 V=200298000.00000000
[Agent_Features] Generated 18 features for the latest tick.
[Agent] Exploration: Random action: SELL
[Portfolio] Logged Trade: SELL 14.41902611 TSLA @ 33.60. New Cash: 7238.38, New Coins: 273.96149616
[Agent] Received reward: 0.00000000
[NeuralNetworkInterface] Received reward signal: 0.00000000
[Agent] Making decision using full OHLCV data
[Agent] Price data: O=30.29800034 H=32.95066833 L=29.76000023 C=32.06866837 V=297876000.00000000
[Agent_Features] Generated 18 features for the latest tick.
[Agent] Exploration: Random action: HOLD
[Agent] Received reward: 0.00000000
[NeuralNetworkInterface] Received reward signal: 0.00000000
[Agent] Making decision using full OHLCV data
[Agent] Price data: O=32.00066757 H=34.36600113 L=31.22599983 C=33.96666718 V=338431500.00000000
[Agent_Features] Generated 18 features for the latest tick.
[Agent] Exploration: Random action: BUY
[Portfolio] Logged Trade: BUY 10.65512771 TSLA @ 33.97. New Cash: 6876.46, New Coins: 284.61662387
[Agent] Received reward: 0.00000000
[NeuralNetworkInterface] Received reward signal: 0.00000000
[Agent] Making decision using full OHLCV data
[Agent] Price data: O=34.41600037 H=34.73333359 L=33.19733429 C=34.08000183 V=223527000.00000000
[Agent_Features] Generated 18 features for the latest tick.
[Agent] Exploration: Random action: SELL
[Portfolio] Logged Trade: SELL 14.23083119 TSLA @ 34.08. New Cash: 7361.45, New Coins: 270.38579268
[Agent] Received reward: 0.00000000
[NeuralNetworkInterface] Received reward signal: 0.00000000
[Agent] Making decision using full OHLCV data
[Agent] Price data: O=36.36333466 H=37.66666794 L=35.48933411 C=36.33333206 V=268797000.00000000
[Agent_Features] Generated 18 features for the latest tick.
[Agent] Exploration: Random action: HOLD
[Agent] Received reward: 0.00000000
[NeuralNetworkInterface] Received reward signal: 0.00000000
[Agent] Making decision using full OHLCV data
[Agent] Price data: O=36.58933258 H=37.14733124 L=35.55533218 C=36.94666672 V=189840000.00000000
[Agent_Features] Generated 18 features for the latest tick.
[Agent] Exploration: Random action: SELL
[Portfolio] Logged Trade: SELL 13.51928963 TSLA @ 36.95. New Cash: 7860.94, New Coins: 256.86650304
[Agent] Received reward: 0.00000000
[NeuralNetworkInterface] Received reward signal: 0.00000000
[Agent] Making decision using full OHLCV data
[Agent] Price data: O=38.20000076 H=38.34533310 L=37.14066696 C=37.47266769 V=204750000.00000000
[Agent_Features] Generated 18 features for the latest tick.
[Agent] Exploration: Random action: BUY
[Portfolio] Logged Trade: BUY 10.48890335 TSLA @ 37.47. New Cash: 7467.90, New Coins: 267.35540639
[Agent] Received reward: 0.00000000
[NeuralNetworkInterface] Received reward signal: 0.00000000
[Agent] Making decision using full OHLCV data
[Agent] Price data: O=43.39666748 H=43.46666718 L=38.70199966 C=39.34400177 V=337131000.00000000
[Agent_Features] Generated 18 features for the latest tick.
[Agent] Exploration: Random action: HOLD
[Agent] Received reward: 0.00000000
[NeuralNetworkInterface] Received reward signal: 0.00000000
[Agent] Making decision using full OHLCV data
[Agent] Price data: O=47.32600021 H=49.45866776 L=46.16199875 C=46.59799957 V=458647500.00000000
[Agent_Features] Generated 18 features for the latest tick.
[Agent] Exploration: Random action: HOLD
[Agent] Received reward: 0.00000000
[NeuralNetworkInterface] Received reward signal: 0.00000000
[Agent] Making decision using full OHLCV data
[Agent] Price data: O=48.65533447 H=50.20866776 L=47.33333206 C=49.46666718 V=353655000.00000000
[Agent_Features] Generated 18 features for the latest tick.
[Agent] Exploration: Random action: HOLD
[Agent] Received reward: 0.00000000
[NeuralNetworkInterface] Received reward signal: 0.00000000
[Agent] Making decision using full OHLCV data
[Agent] Price data: O=49.68066788 H=50.63000107 L=47.11466599 C=47.79600143 V=309868500.00000000
[Agent_Features] Generated 18 features for the latest tick.
[Agent] Exploration: Random action: BUY
[Portfolio] Logged Trade: BUY 7.81226084 TSLA @ 47.80. New Cash: 7094.50, New Coins: 275.16766723
[Agent] Received reward: 0.00000000
[NeuralNetworkInterface] Received reward signal: 0.00000000
[Agent] Making decision using full OHLCV data
[Agent] Price data: O=50.25933456 H=51.66333389 L=49.84400177 C=51.48533249 V=196923000.00000000
[Agent_Features] Generated 18 features for the latest tick.
[Agent] Exploration: Random action: BUY
[Portfolio] Logged Trade: BUY 6.88982807 TSLA @ 51.49. New Cash: 6739.78, New Coins: 282.05749530
[Agent] Received reward: 0.00000000
[NeuralNetworkInterface] Received reward signal: 0.00000000
[Agent] Making decision using full OHLCV data
[Agent] Price data: O=49.75733185 H=51.03799820 L=47.48066711 C=48.84666824 V=221199000.00000000
[Agent_Features] Generated 18 features for the latest tick.
[Agent] Exploration: Random action: HOLD
[Agent] Received reward: 0.00000000
[NeuralNetworkInterface] Received reward signal: 0.00000000
[Agent] Making decision using full OHLCV data
[Agent] Price data: O=45.78133392 H=50.22200012 L=44.91933441 C=48.67466736 V=303136500.00000000
[Agent_Features] Generated 18 features for the latest tick.
[Agent] Exploration: Random action: BUY
[Portfolio] Logged Trade: BUY 6.92328993 TSLA @ 48.67. New Cash: 6402.79, New Coins: 288.98078523
[Agent] Received reward: -0.00000000
[NeuralNetworkInterface] Received reward signal: -0.00000000
[Agent] Making decision using full OHLCV data
[Agent] Price data: O=48.80733490 H=48.93333435 L=45.91400146 C=46.93199921 V=212482500.00000000
[Agent_Features] Generated 18 features for the latest tick.
[Agent] Exploration: Random action: SELL
[Portfolio] Logged Trade: SELL 14.44903926 TSLA @ 46.93. New Cash: 7080.91, New Coins: 274.53174597
[Agent] Received reward: 0.00000000
[NeuralNetworkInterface] Received reward signal: 0.00000000
[Agent] Making decision using full OHLCV data
[Agent] Price data: O=47.04199982 H=48.93333435 L=46.87533188 C=48.50666809 V=198550500.00000000
[Agent_Features] Generated 18 features for the latest tick.
[Agent] Exploration: Random action: HOLD
[Agent] Received reward: 0.00000000
[NeuralNetworkInterface] Received reward signal: 0.00000000
[Agent] Making decision using full OHLCV data
[Agent] Price data: O=48.34333420 H=48.71533203 L=46.54533386 C=47.38733292 V=198180000.00000000
[Agent_Features] Generated 18 features for the latest tick.
[Agent] Exploration: Random action: BUY
[Portfolio] Logged Trade: BUY 7.47131112 TSLA @ 47.39. New Cash: 6726.86, New Coins: 282.00305709
[Agent] Received reward: 0.00000000
[NeuralNetworkInterface] Received reward signal: 0.00000000
[Agent] Making decision using full OHLCV data
[Agent] Price data: O=53.25000000 H=53.29933167 L=49.00000000 C=49.17399979 V=310221000.00000000
[Agent_Features] Generated 18 features for the latest tick.
[Agent] Exploration: Random action: SELL
[Portfolio] Logged Trade: SELL 14.10015285 TSLA @ 49.17. New Cash: 7420.23, New Coins: 267.90290424
[Agent] Received reward: 0.00000000
[NeuralNetworkInterface] Received reward signal: 0.00000000
[Agent] Making decision using full OHLCV data
[Agent] Price data: O=51.27466583 H=53.66666794 L=50.44599915 C=53.04266739 V=228330000.00000000
[Agent_Features] Generated 18 features for the latest tick.
[Agent] Exploration: Random action: HOLD
[Agent] Received reward: 0.00000000
[NeuralNetworkInterface] Received reward signal: 0.00000000
[Agent] Making decision using full OHLCV data
[Agent] Price data: O=53.36733246 H=53.54666519 L=52.21066666 C=52.67800140 V=243240000.00000000
[Agent_Features] Generated 18 features for the latest tick.
[Agent] Exploration: Random action: HOLD
[Agent] Received reward: 0.00000000
[NeuralNetworkInterface] Received reward signal: 0.00000000
[Agent] Making decision using full OHLCV data
[Agent] Price data: O=52.12533188 H=57.98799896 L=50.90000153 C=57.01266861 V=427078500.00000000
[Agent_Features] Generated 18 features for the latest tick.
[Agent] Exploration: Random action: SELL
[Portfolio] Logged Trade: SELL 13.39514521 TSLA @ 57.01. New Cash: 8183.92, New Coins: 254.50775903
[Agent] Received reward: 0.00000000
[NeuralNetworkInterface] Received reward signal: 0.00000000
[Agent] Making decision using full OHLCV data
[Agent] Price data: O=46.75466537 H=51.51800156 L=45.53599930 C=50.33333206 V=487977000.00000000
[Agent_Features] Generated 18 features for the latest tick.
[Agent] Exploration: Random action: HOLD
[Agent] Received reward: 0.00000000
[NeuralNetworkInterface] Received reward signal: 0.00000000
[Agent] Making decision using full OHLCV data
[Agent] Price data: O=50.74599838 H=50.79999924 L=46.53333282 C=46.73333359 V=288556500.00000000
[Agent_Features] Generated 18 features for the latest tick.
[Agent] Exploration: Random action: BUY
[Portfolio] Logged Trade: BUY 8.75597556 TSLA @ 46.73. New Cash: 7774.72, New Coins: 263.26373458
[Agent] Received reward: 0.00000000
[NeuralNetworkInterface] Received reward signal: 0.00000000
[Agent] Making decision using full OHLCV data
[Agent] Price data: O=51.21400070 H=53.26133347 L=50.81200027 C=52.65266800 V=254875500.00000000
[Agent_Features] Generated 18 features for the latest tick.
[Agent] Exploration: Random action: BUY
[Portfolio] Logged Trade: BUY 7.38302816 TSLA @ 52.65. New Cash: 7385.99, New Coins: 270.64676274
[Agent] Received reward: -0.00000000
[NeuralNetworkInterface] Received reward signal: -0.00000000
[Agent] Making decision using full OHLCV data
[Agent] Price data: O=52.17200089 H=52.65333176 L=50.74066544 C=51.76666641 V=166848000.00000000
[Agent_Features] Generated 18 features for the latest tick.
[Agent] Exploration: Random action: HOLD
[Agent] Received reward: 0.00000000
[NeuralNetworkInterface] Received reward signal: 0.00000000
[Agent] Making decision using full OHLCV data
[Agent] Price data: O=52.00266647 H=53.09333420 L=51.49000168 C=51.81399918 V=172915500.00000000
[Agent_Features] Generated 18 features for the latest tick.
[Agent] Exploration: Random action: BUY
[Portfolio] Logged Trade: BUY 7.12740436 TSLA @ 51.81. New Cash: 7016.69, New Coins: 277.77416710
[Agent] Received reward: 0.00000000
[NeuralNetworkInterface] Received reward signal: 0.00000000
[Agent] Making decision using full OHLCV data
[Agent] Price data: O=54.62799835 H=54.93333435 L=52.46733475 C=52.91799927 V=241297500.00000000
[Agent_Features] Generated 18 features for the latest tick.
[Agent] Exploration: Random action: HOLD
[Agent] Received reward: 0.00000000
[NeuralNetworkInterface] Received reward signal: 0.00000000
[Agent] Making decision using full OHLCV data
[Agent] Price data: O=54.08599854 H=54.93333435 L=52.33333206 C=52.70066833 V=247794000.00000000
[Agent_Features] Generated 18 features for the latest tick.
[Agent] Exploration: Random action: BUY
[Portfolio] Logged Trade: BUY 6.65711401 TSLA @ 52.70. New Cash: 6665.85, New Coins: 284.43128111
[Agent] Received reward: 0.00000000
[NeuralNetworkInterface] Received reward signal: 0.00000000
[Agent] Making decision using full OHLCV data
[Agent] Price data: O=53.96066666 H=56.21933365 L=53.86666870 C=55.13333130 V=238603500.00000000
[Agent_Features] Generated 18 features for the latest tick.
[Agent] Exploration: Random action: SELL
[Portfolio] Logged Trade: SELL 14.22156406 TSLA @ 55.13. New Cash: 7449.93, New Coins: 270.20971706
[Agent] Received reward: 0.00000000
[NeuralNetworkInterface] Received reward signal: 0.00000000
[Agent] Making decision using full OHLCV data
[Agent] Price data: O=52.73066711 H=55.06666565 L=50.88666534 C=54.72200012 V=285982500.00000000
[Agent_Features] Generated 18 features for the latest tick.
[Agent] Exploration: Random action: BUY
[Portfolio] Logged Trade: BUY 6.80707483 TSLA @ 54.72. New Cash: 7077.44, New Coins: 277.01679189
[Agent] Received reward: 0.00000000
[NeuralNetworkInterface] Received reward signal: 0.00000000
[Agent] Making decision using full OHLCV data
[Agent] Price data: O=53.55533218 H=53.55733490 L=50.93333435 C=52.00000000 V=205233000.00000000
[Agent_Features] Generated 18 features for the latest tick.
[Agent] Exploration: Random action: BUY
[Portfolio] Logged Trade: BUY 6.80522908 TSLA @ 52.00. New Cash: 6723.57, New Coins: 283.82202097
[Agent] Received reward: 0.00000000
[NeuralNetworkInterface] Received reward signal: 0.00000000
[Simulation] Simulation run finished. Ticks processed in this run: 196

Simulation Finished in 0.02 seconds.
--------------------
  Final Portfolio  
--------------------
Cash:      $6723.57
Asset:     283.8220 TSLA
Total Value: $21482.31
--------------------
[Simulation] Simulation destroyed.
[AutonomousTradingAgent] Agent destroyed
[NeuralNetworkInterface] Destructor called.
[Portfolio] Destroyed for asset: TSLA. Final cash: 6723.57, Final assets: 283.82
