Loading data from training_run_20250621_150556/data/AAPL_1d_20180522_to_20190114.csv...
Loaded 114 data points.
[Portfolio] Initialized for asset: AAPL with initial cash: 10000.00. Initial Portfolio Value: 10000.00
[NeuralNetworkInterface] Constructor called.
[NeuralNetworkInterface] Initializing...
Warning: NN model path is empty. Initializing in a mock state.
[NeuralNetworkInterface] Initialized successfully.
[AutonomousTradingAgent] Agent initialized for AAPL without API client (CSV mode).
[Simulation] Initialized with 114 data points.
[Simulation] API client is NULL (offline/CSV mode).

Starting Simulation for AAPL...
[Simulation] Starting simulation run...
[Agent] Making decision using full OHLCV data
[Agent] Price data: O=47.66 H=47.73 L=46.67 C=47.10 V=271742800.00
[Agent_Features] Generated 15 features for the latest tick.
[Agent] Exploration: Random action: HOLD
[Agent] Received reward: 0.00
[NeuralNetworkInterface] Received reward signal: 0.00
[Agent] Making decision using full OHLCV data
[Agent] Price data: O=49.06 H=49.29 L=47.39 C=47.45 V=249616000.00
[Agent_Features] Generated 17 features for the latest tick.
[Agent] Exploration: Random action: BUY
[Portfolio] Logged Trade: BUY 10.53801150 AAPL @ 47.45. New Cash: 9500.00, New Coins: 10.53801150
[Agent] Received reward: 0.00000000
[NeuralNetworkInterface] Received reward signal: 0.00000000
[Agent] Making decision using full OHLCV data
[Agent] Price data: O=49.20012283 H=49.37753565 L=48.60637897 C=48.97303284 V=133789600.00000000
[Agent_Features] Generated 17 features for the latest tick.
[Agent] Exploration: Random action: SELL
[Portfolio] Logged Trade: SELL 0.52690058 AAPL @ 48.97. New Cash: 9525.80, New Coins: 10.01111093
[Agent] Received reward: 0.00000000
[NeuralNetworkInterface] Received reward signal: 0.00000000
[Agent] Making decision using full OHLCV data
[Agent] Price data: O=49.45560074 H=49.49817808 L=48.98249987 C=49.20249004 V=101701600.00000000
[Agent_Features] Generated 17 features for the latest tick.
[Agent] Exploration: Random action: SELL
[Portfolio] Logged Trade: SELL 0.50055555 AAPL @ 49.20. New Cash: 9550.43, New Coins: 9.51055538
[Agent] Received reward: 0.00000000
[NeuralNetworkInterface] Received reward signal: 0.00000000
[Agent] Making decision using full OHLCV data
[Agent] Price data: O=48.99195480 H=49.55731013 L=48.90916072 C=49.51473279 V=102349600.00000000
[Agent_Features] Generated 18 features for the latest tick.
[Agent] Exploration: Random action: BUY
[Portfolio] Logged Trade: BUY 9.64403114 AAPL @ 49.51. New Cash: 9072.91, New Coins: 19.15458652
[Agent] Received reward: 0.00000000
[NeuralNetworkInterface] Received reward signal: 0.00000000
[Agent] Making decision using full OHLCV data
[Agent] Price data: O=49.02507019 H=49.15753784 L=48.37928861 C=48.74121043 V=90102000.00000000
[Agent_Features] Generated 18 features for the latest tick.
[Agent] Exploration: Random action: BUY
[Portfolio] Logged Trade: BUY 9.30722770 AAPL @ 48.74. New Cash: 8619.27, New Coins: 28.46181422
[Agent] Received reward: 0.00000000
[NeuralNetworkInterface] Received reward signal: 0.00000000
[Agent] Making decision using full OHLCV data
[Agent] Price data: O=49.41065598 H=49.62354992 L=49.01324937 C=49.56441231 V=93970400.00000000
[Agent_Features] Generated 18 features for the latest tick.
[Agent] Exploration: Random action: BUY
[Portfolio] Logged Trade: BUY 8.69501415 AAPL @ 49.56. New Cash: 8188.30, New Coins: 37.15682837
[Agent] Received reward: 0.00000000
[NeuralNetworkInterface] Received reward signal: 0.00000000
[Agent] Making decision using full OHLCV data
[Agent] Price data: O=49.26347733 H=49.63616571 L=49.05933035 C=49.22312316 V=98444800.00000000
[Agent_Features] Generated 18 features for the latest tick.
[Agent] Exploration: Random action: BUY
[Portfolio] Logged Trade: BUY 8.31753609 AAPL @ 49.22. New Cash: 7778.89, New Coins: 45.47436445
[Agent] Received reward: 0.00000000
[NeuralNetworkInterface] Received reward signal: 0.00000000
[Agent] Making decision using full OHLCV data
[Agent] Price data: O=49.58156586 H=50.07531676 L=49.30383166 C=49.68601365 V=103563600.00000000
[Agent_Features] Generated 18 features for the latest tick.
[Agent] Exploration: Random action: BUY
[Portfolio] Logged Trade: BUY 7.82804495 AAPL @ 49.69. New Cash: 7389.94, New Coins: 53.30240940
[Agent] Received reward: 0.00000000
[NeuralNetworkInterface] Received reward signal: 0.00000000
[Agent] Making decision using full OHLCV data
[Agent] Price data: O=49.79047012 H=49.98274740 L=49.43677251 C=49.88779682 V=82992000.00000000
[Agent_Features] Generated 18 features for the latest tick.
[Agent] Exploration: Random action: SELL
[Portfolio] Logged Trade: SELL 2.66512047 AAPL @ 49.89. New Cash: 7522.90, New Coins: 50.63728893
[Agent] Received reward: 0.00000000
[NeuralNetworkInterface] Received reward signal: 0.00000000
[Agent] Making decision using full OHLCV data
[Agent] Price data: O=49.90678787 H=50.02547791 L=49.45339106 C=49.66465918 V=115230400.00000000
[Agent_Features] Generated 18 features for the latest tick.
[Agent] Exploration: Random action: BUY
[Portfolio] Logged Trade: BUY 7.57369498 AAPL @ 49.66. New Cash: 7146.75, New Coins: 58.21098391
[Agent] Received reward: 0.00000000
[NeuralNetworkInterface] Received reward signal: 0.00000000
[Agent] Making decision using full OHLCV data
[Agent] Price data: O=50.63789749 H=50.75421136 L=50.19874309 C=50.26520920 V=114001600.00000000
[Agent_Features] Generated 18 features for the latest tick.
[Agent] Exploration: Random action: HOLD
[Agent] Received reward: 0.00000000
[NeuralNetworkInterface] Received reward signal: 0.00000000
[Agent] Making decision using full OHLCV data
[Agent] Price data: O=51.64914703 H=51.73697649 L=50.59992774 C=50.66639386 V=141708000.00000000
[Agent_Features] Generated 18 features for the latest tick.
[Agent] Exploration: Random action: BUY
[Portfolio] Logged Trade: BUY 7.05275635 AAPL @ 50.67. New Cash: 6789.42, New Coins: 65.26374026
[Agent] Received reward: 0.00000000
[NeuralNetworkInterface] Received reward signal: 0.00000000
[Agent] Making decision using full OHLCV data
[Agent] Price data: O=51.14590073 H=52.02895107 L=51.06281627 C=51.77258383 V=121150800.00000000
[Agent_Features] Generated 18 features for the latest tick.
[Agent] Exploration: Random action: HOLD
[Agent] Received reward: 0.00000000
[NeuralNetworkInterface] Received reward signal: 0.00000000
[Agent] Making decision using full OHLCV data
[Agent] Price data: O=51.04619980 H=51.55656903 L=50.80644727 C=51.46399097 V=104639200.00000000
[Agent_Features] Generated 18 features for the latest tick.
[Agent] Exploration: Random action: BUY
[Portfolio] Logged Trade: BUY 6.59627903 AAPL @ 51.46. New Cash: 6449.95, New Coins: 71.86001929
[Agent] Received reward: 0.00000000
[NeuralNetworkInterface] Received reward signal: 0.00000000
[Agent] Making decision using full OHLCV data
[Agent] Price data: O=51.04857635 H=51.35954362 L=50.76134492 C=50.82306605 V=76072400.00000000
[Agent_Features] Generated 18 features for the latest tick.
[Agent] Exploration: Random action: SELL
[Portfolio] Logged Trade: SELL 3.59300096 AAPL @ 50.82. New Cash: 6632.55, New Coins: 68.26701833
[Agent] Received reward: 0.00000000
[NeuralNetworkInterface] Received reward signal: 0.00000000
[Agent] Making decision using full OHLCV data
[Agent] Price data: O=51.15301895 H=51.52333118 L=50.94175089 C=50.95361699 V=75532800.00000000
[Agent_Features] Generated 18 features for the latest tick.
[Agent] Exploration: Random action: HOLD
[Agent] Received reward: 0.00000000
[NeuralNetworkInterface] Received reward signal: 0.00000000
[Agent] Making decision using full OHLCV data
[Agent] Price data: O=51.31208038 H=51.48773933 L=51.06283057 C=51.41652820 V=73905600.00000000
[Agent_Features] Generated 18 features for the latest tick.
[Agent] Exploration: Random action: HOLD
[Agent] Received reward: 0.00000000
[NeuralNetworkInterface] Received reward signal: 0.00000000
[Agent] Making decision using full OHLCV data
[Agent] Price data: O=51.73460007 H=51.92450480 L=51.35241811 C=51.54706783 V=82100400.00000000
[Agent_Features] Generated 18 features for the latest tick.
[Agent] Exploration: Random action: SELL
[Portfolio] Logged Trade: SELL 3.41335092 AAPL @ 51.55. New Cash: 6808.50, New Coins: 64.85366741
[Agent] Received reward: 0.00000000
[NeuralNetworkInterface] Received reward signal: 0.00000000
[Agent] Making decision using full OHLCV data
[Agent] Price data: O=52.15238571 H=52.35178404 L=51.96722960 C=51.98859293 V=91107200.00000000
[Agent_Features] Generated 18 features for the latest tick.
[Agent] Exploration: Random action: SELL
[Portfolio] Logged Trade: SELL 3.24268337 AAPL @ 51.99. New Cash: 6977.08, New Coins: 61.61098404
[Agent] Received reward: 0.00000000
[NeuralNetworkInterface] Received reward signal: 0.00000000
[Agent] Making decision using full OHLCV data
[Agent] Price data: O=52.93100357 H=53.05206972 L=52.08355866 C=52.25921758 V=109019200.00000000
[Agent_Features] Generated 18 features for the latest tick.
[Agent] Exploration: Random action: BUY
[Portfolio] Logged Trade: BUY 6.67545791 AAPL @ 52.26. New Cash: 6628.23, New Coins: 68.28644195
[Agent] Received reward: 0.00000000
[NeuralNetworkInterface] Received reward signal: 0.00000000
[Agent] Making decision using full OHLCV data
[Agent] Price data: O=53.41762161 H=54.18435801 L=52.79331105 C=52.99508550 V=195175200.00000000
[Agent_Features] Generated 18 features for the latest tick.
[Agent] Exploration: Random action: BUY
[Portfolio] Logged Trade: BUY 6.25362699 AAPL @ 53.00. New Cash: 6296.82, New Coins: 74.54006894
[Agent] Received reward: 0.00000000
[NeuralNetworkInterface] Received reward signal: 0.00000000
[Agent] Making decision using full OHLCV data
[Agent] Price data: O=54.03482437 H=54.32917333 L=53.64789371 C=53.76895624 V=173360400.00000000
[Agent_Features] Generated 18 features for the latest tick.
[Agent] Exploration: Random action: SELL
[Portfolio] Logged Trade: SELL 3.72700345 AAPL @ 53.77. New Cash: 6497.22, New Coins: 70.81306549
[Agent] Received reward: 0.00000000
[NeuralNetworkInterface] Received reward signal: 0.00000000
[Agent] Making decision using full OHLCV data
[Agent] Price data: O=54.20811081 H=54.40276058 L=53.79744432 C=54.21998054 V=109560400.00000000
[Agent_Features] Generated 18 features for the latest tick.
[Agent] Exploration: Random action: BUY
[Portfolio] Logged Trade: BUY 5.99153252 AAPL @ 54.22. New Cash: 6172.35, New Coins: 76.80459801
[Agent] Received reward: 0.00000000
[NeuralNetworkInterface] Received reward signal: 0.00000000
[Agent] Making decision using full OHLCV data
[Agent] Price data: O=53.85441208 H=54.51907696 L=53.43425199 C=54.35766026 V=133332000.00000000
[Agent_Features] Generated 18 features for the latest tick.
[Agent] Exploration: Random action: HOLD
[Agent] Received reward: 0.00000000
[NeuralNetworkInterface] Received reward signal: 0.00000000
[Agent] Making decision using full OHLCV data
[Agent] Price data: O=52.95949173 H=53.96835696 L=52.53220691 C=53.70248884 V=137160000.00000000
[Agent_Features] Generated 18 features for the latest tick.
[Agent] Exploration: Random action: HOLD
[Agent] Received reward: 0.00000000
[NeuralNetworkInterface] Received reward signal: 0.00000000
[Agent] Making decision using full OHLCV data
[Agent] Price data: O=52.53220367 H=53.49833856 L=52.39215032 C=52.66276342 V=150479200.00000000
[Agent_Features] Generated 18 features for the latest tick.
[Agent] Exploration: Random action: BUY
[Portfolio] Logged Trade: BUY 5.86026478 AAPL @ 52.66. New Cash: 5863.74, New Coins: 82.66486279
[Agent] Received reward: 0.00000000
[NeuralNetworkInterface] Received reward signal: 0.00000000
[Agent] Making decision using full OHLCV data
[Agent] Price data: O=51.82719040 H=52.66276925 L=51.38566333 C=52.44912501 V=158066000.00000000
[Agent_Features] Generated 18 features for the latest tick.
[Agent] Exploration: Random action: HOLD
[Agent] Received reward: 0.00000000
[NeuralNetworkInterface] Received reward signal: 0.00000000
[Agent] Making decision using full OHLCV data
[Agent] Price data: O=53.13752747 H=53.24434777 L=51.40702481 C=51.75122517 V=142996000.00000000
[Agent_Features] Generated 18 features for the latest tick.
[Agent] Exploration: Random action: SELL
[Portfolio] Logged Trade: SELL 4.13324314 AAPL @ 51.75. New Cash: 6077.64, New Coins: 78.53161965
[Agent] Received reward: 0.00000000
[NeuralNetworkInterface] Received reward signal: 0.00000000
[Agent] Making decision using full OHLCV data
[Agent] Price data: O=52.47760773 H=53.41050956 L=52.18562767 C=53.39626733 V=197114800.00000000
[Agent_Features] Generated 18 features for the latest tick.
[Agent] Exploration: Random action: SELL
[Portfolio] Logged Trade: SELL 3.92658098 AAPL @ 53.40. New Cash: 6287.30, New Coins: 74.60503867
[Agent] Received reward: 0.00000000
[NeuralNetworkInterface] Received reward signal: 0.00000000
[Agent] Making decision using full OHLCV data
[Agent] Price data: O=53.74521255 H=54.20573038 L=52.83367412 C=53.05918442 V=166825600.00000000
[Agent_Features] Generated 18 features for the latest tick.
[Agent] Exploration: Random action: SELL
[Portfolio] Logged Trade: SELL 3.73025193 AAPL @ 53.06. New Cash: 6485.23, New Coins: 70.87478673
[Agent] Received reward: 0.00000000
[NeuralNetworkInterface] Received reward signal: 0.00000000
[Agent] Making decision using full OHLCV data
[Agent] Price data: O=53.13514328 H=53.84728335 L=52.82180353 C=53.58853999 V=127997200.00000000
[Agent_Features] Generated 18 features for the latest tick.
[Agent] Exploration: Random action: HOLD
[Agent] Received reward: 0.00000000
[NeuralNetworkInterface] Received reward signal: 0.00000000
[Agent] Making decision using full OHLCV data
[Agent] Price data: O=51.72036743 H=52.92388242 L=51.57556545 C=52.73397766 V=148780400.00000000
[Agent_Features] Generated 18 features for the latest tick.
[Agent] Exploration: Random action: SELL
[Portfolio] Logged Trade: SELL 3.54373934 AAPL @ 52.73. New Cash: 6672.10, New Coins: 67.33104740
[Agent] Received reward: 0.00000000
[NeuralNetworkInterface] Received reward signal: 0.00000000
[Agent] Making decision using full OHLCV data
[Agent] Price data: O=51.80581284 H=52.66275479 L=51.53994477 C=51.69898894 V=126286800.00000000
[Agent_Features] Generated 18 features for the latest tick.
[Agent] Exploration: Random action: BUY
[Portfolio] Logged Trade: BUY 6.45283584 AAPL @ 51.70. New Cash: 6338.50, New Coins: 73.78388324
[Agent] Received reward: 0.00000000
[NeuralNetworkInterface] Received reward signal: 0.00000000
[Agent] Making decision using full OHLCV data
[Agent] Price data: O=51.83667755 H=52.13340260 L=51.10792272 C=51.86753812 V=108495200.00000000
[Agent_Features] Generated 18 features for the latest tick.
[Agent] Exploration: Random action: SELL
[Portfolio] Logged Trade: SELL 3.68919416 AAPL @ 51.87. New Cash: 6529.85, New Coins: 70.09468908
[Agent] Received reward: 0.00000000
[NeuralNetworkInterface] Received reward signal: 0.00000000
[Agent] Making decision using full OHLCV data
[Agent] Price data: O=52.23072433 H=52.76482937 L=52.02182876 C=52.28057573 V=106435200.00000000
[Agent_Features] Generated 18 features for the latest tick.
[Agent] Exploration: Random action: SELL
[Portfolio] Logged Trade: SELL 3.50473445 AAPL @ 52.28. New Cash: 6713.08, New Coins: 66.58995462
[Agent] Received reward: 0.00000000
[NeuralNetworkInterface] Received reward signal: 0.00000000
[Agent] Making decision using full OHLCV data
[Agent] Price data: O=51.66814041 H=52.54644584 L=51.58030733 C=52.40876498 V=384986800.00000000
[Agent_Features] Generated 18 features for the latest tick.
[Agent] Exploration: Random action: SELL
[Portfolio] Logged Trade: SELL 3.32949773 AAPL @ 52.41. New Cash: 6887.57, New Coins: 63.26045689
[Agent] Received reward: 0.00000000
[NeuralNetworkInterface] Received reward signal: 0.00000000
[Agent] Making decision using full OHLCV data
[Agent] Price data: O=52.41113663 H=52.52270553 L=51.42363843 C=51.46874122 V=110773600.00000000
[Agent_Features] Generated 18 features for the latest tick.
[Agent] Exploration: Random action: BUY
[Portfolio] Logged Trade: BUY 6.69102288 AAPL @ 51.47. New Cash: 6543.19, New Coins: 69.95147977
[Agent] Received reward: 0.00000000
[NeuralNetworkInterface] Received reward signal: 0.00000000
[Agent] Making decision using full OHLCV data
[Agent] Price data: O=52.74346161 H=52.89301216 L=52.15238412 C=52.16425384 V=98217600.00000000
[Agent_Features] Generated 18 features for the latest tick.
[Agent] Exploration: Random action: SELL
[Portfolio] Logged Trade: SELL 3.49757399 AAPL @ 52.16. New Cash: 6725.64, New Coins: 66.45390578
[Agent] Received reward: -0.00000000
[NeuralNetworkInterface] Received reward signal: -0.00000000
[Agent] Making decision using full OHLCV data
[Agent] Price data: O=52.32330322 H=53.11377912 L=52.16663154 C=52.46098407 V=95938800.00000000
[Agent_Features] Generated 18 features for the latest tick.
[Agent] Exploration: Random action: BUY
[Portfolio] Logged Trade: BUY 6.41013549 AAPL @ 52.46. New Cash: 6389.36, New Coins: 72.86404127
[Agent] Received reward: 0.00000000
[NeuralNetworkInterface] Received reward signal: 0.00000000
[Agent] Making decision using full OHLCV data
[Agent] Price data: O=53.39863586 H=53.75233341 L=53.06392916 C=53.13039890 V=120724800.00000000
[Agent_Features] Generated 18 features for the latest tick.
[Agent] Exploration: Random action: SELL
[Portfolio] Logged Trade: SELL 3.64320206 AAPL @ 53.13. New Cash: 6582.92, New Coins: 69.22083921
[Agent] Received reward: 0.00000000
[NeuralNetworkInterface] Received reward signal: 0.00000000
[Agent] Making decision using full OHLCV data
[Agent] Price data: O=53.58617020 H=53.60990603 L=53.17787625 C=53.36065627 V=91717600.00000000
[Agent_Features] Generated 18 features for the latest tick.
[Agent] Exploration: Random action: HOLD
[Agent] Received reward: 0.00000000
[NeuralNetworkInterface] Received reward signal: 0.00000000
[Agent] Making decision using full OHLCV data
[Agent] Price data: O=53.94699097 H=54.45973276 L=53.73097787 C=54.11078379 V=94403200.00000000
[Agent_Features] Generated 18 features for the latest tick.
[Agent] Exploration: Random action: HOLD
[Agent] Received reward: 0.00000000
[NeuralNetworkInterface] Received reward signal: 0.00000000
[Agent] Making decision using full OHLCV data
[Agent] Price data: O=54.42649460 H=54.59740851 L=53.79743895 C=53.94461341 V=99152800.00000000
[Agent_Features] Generated 18 features for the latest tick.
[Agent] Exploration: Random action: BUY
[Portfolio] Logged Trade: BUY 6.10155738 AAPL @ 53.94. New Cash: 6253.78, New Coins: 75.32239659
[Agent] Received reward: 0.00000000
[NeuralNetworkInterface] Received reward signal: 0.00000000
[Agent] Making decision using full OHLCV data
[Agent] Price data: O=55.08878326 H=55.42111385 L=54.54518099 C=54.60927461 V=114619200.00000000
[Agent_Features] Generated 18 features for the latest tick.
[Agent] Exploration: Random action: SELL
[Portfolio] Logged Trade: SELL 3.76611983 AAPL @ 54.61. New Cash: 6459.44, New Coins: 71.55627676
[Agent] Received reward: -0.00000000
[NeuralNetworkInterface] Received reward signal: -0.00000000
[Agent] Making decision using full OHLCV data
[Agent] Price data: O=54.12026978 H=55.15524676 L=53.82116864 C=54.78255841 V=128168000.00000000
[Agent_Features] Generated 18 features for the latest tick.
[Agent] Exploration: Random action: HOLD
[Agent] Received reward: 0.00000000
[NeuralNetworkInterface] Received reward signal: 0.00000000
[Agent] Making decision using full OHLCV data
[Agent] Price data: O=53.24196243 H=54.21997057 L=52.36128460 C=54.11315028 V=134322000.00000000
[Agent_Features] Generated 18 features for the latest tick.
[Agent] Exploration: Random action: HOLD
[Agent] Received reward: 0.00000000
[NeuralNetworkInterface] Received reward signal: 0.00000000
[Agent] Making decision using full OHLCV data
[Agent] Price data: O=53.11853409 H=53.36303525 L=52.27108558 C=52.74822179 V=118655600.00000000
[Agent_Features] Generated 18 features for the latest tick.
[Agent] Exploration: Random action: SELL
[Portfolio] Logged Trade: SELL 3.57781384 AAPL @ 52.75. New Cash: 6648.17, New Coins: 67.97846292
[Agent] Received reward: 0.00000000
[NeuralNetworkInterface] Received reward signal: 0.00000000
[Agent] Making decision using full OHLCV data
[Agent] Price data: O=53.85441208 H=53.94936627 L=52.75771738 C=53.08767551 V=107564000.00000000
[Agent_Features] Generated 18 features for the latest tick.
[Agent] Exploration: Random action: SELL
[Portfolio] Logged Trade: SELL 3.39892315 AAPL @ 53.09. New Cash: 6828.61, New Coins: 64.57953978
[Agent] Received reward: -0.00000000
[NeuralNetworkInterface] Received reward signal: -0.00000000
[Agent] Making decision using full OHLCV data
[Agent] Price data: O=51.35954285 H=53.73097062 L=51.28595562 C=53.51970254 V=167962400.00000000
[Agent_Features] Generated 18 features for the latest tick.
[Agent] Exploration: Random action: SELL
[Portfolio] Logged Trade: SELL 3.22897699 AAPL @ 53.52. New Cash: 7001.42, New Coins: 61.35056279
[Agent] Received reward: 0.00000000
[NeuralNetworkInterface] Received reward signal: 0.00000000
[Agent] Making decision using full OHLCV data
[Agent] Price data: O=50.90614700 H=52.10491689 L=50.40053000 C=50.92276534 V=212497600.00000000
[Agent_Features] Generated 18 features for the latest tick.
[Agent] Exploration: Random action: HOLD
[Agent] Received reward: 0.00000000
[NeuralNetworkInterface] Received reward signal: 0.00000000
[Agent] Making decision using full OHLCV data
[Agent] Price data: O=52.72447205 H=52.90725566 L=51.47347843 C=52.32329927 V=161351600.00000000
[Agent_Features] Generated 18 features for the latest tick.
[Agent] Exploration: Random action: HOLD
[Agent] Received reward: 0.00000000
[NeuralNetworkInterface] Received reward signal: 0.00000000
[Agent] Making decision using full OHLCV data
[Agent] Price data: O=51.59693146 H=52.65802065 L=51.57556812 C=52.49897644 V=123164000.00000000
[Agent_Features] Generated 18 features for the latest tick.
[Agent] Exploration: Random action: SELL
[Portfolio] Logged Trade: SELL 3.06752814 AAPL @ 52.50. New Cash: 7162.46, New Coins: 58.28303465
[Agent] Received reward: 0.00000000
[NeuralNetworkInterface] Received reward signal: 0.00000000
[Agent] Making decision using full OHLCV data
[Agent] Price data: O=52.73396683 H=52.93336879 L=51.45448874 C=51.96960292 V=116736000.00000000
[Agent_Features] Generated 18 features for the latest tick.
[Agent] Exploration: Random action: SELL
[Portfolio] Logged Trade: SELL 2.91415173 AAPL @ 51.97. New Cash: 7313.91, New Coins: 55.36888291
[Agent] Received reward: 0.00000000
[NeuralNetworkInterface] Received reward signal: 0.00000000
[Agent] Making decision using full OHLCV data
[Agent] Price data: O=52.50608444 H=52.85028473 L=52.06692998 C=52.76957640 V=91541600.00000000
[Agent_Features] Generated 18 features for the latest tick.
[Agent] Exploration: Random action: BUY
[Portfolio] Logged Trade: BUY 6.93004381 AAPL @ 52.77. New Cash: 6948.21, New Coins: 62.29892673
[Agent] Received reward: 0.00000000
[NeuralNetworkInterface] Received reward signal: 0.00000000
[Agent] Making decision using full OHLCV data
[Agent] Price data: O=51.27883530 H=52.16188930 L=50.56194659 C=51.71561368 V=130325200.00000000
[Agent_Features] Generated 18 features for the latest tick.
[Agent] Exploration: Random action: SELL
[Portfolio] Logged Trade: SELL 3.11494634 AAPL @ 51.72. New Cash: 7109.31, New Coins: 59.18398039
[Agent] Received reward: 0.00000000
[NeuralNetworkInterface] Received reward signal: 0.00000000
[Agent] Making decision using full OHLCV data
[Agent] Price data: O=52.05981827 H=52.52270864 L=51.61354261 C=51.76309320 V=132314800.00000000
[Agent_Features] Generated 18 features for the latest tick.
[Agent] Exploration: Random action: HOLD
[Agent] Received reward: 0.00000000
[NeuralNetworkInterface] Received reward signal: 0.00000000
[Agent] Making decision using full OHLCV data
[Agent] Price data: O=52.37789917 H=53.02120061 L=51.97198137 C=52.17375221 V=115168400.00000000
[Agent_Features] Generated 18 features for the latest tick.
[Agent] Exploration: Random action: HOLD
[Agent] Received reward: 0.00000000
[NeuralNetworkInterface] Received reward signal: 0.00000000
[Agent] Making decision using full OHLCV data
[Agent] Price data: O=52.87165833 H=52.99509697 L=50.96549678 C=51.23373740 V=155071200.00000000
[Agent_Features] Generated 18 features for the latest tick.
[Agent] Exploration: Random action: SELL
[Portfolio] Logged Trade: SELL 2.95919902 AAPL @ 51.23. New Cash: 7260.92, New Coins: 56.22478137
[Agent] Received reward: 0.00000000
[NeuralNetworkInterface] Received reward signal: 0.00000000
[Agent] Making decision using full OHLCV data
[Agent] Price data: O=51.05806351 H=53.22771657 L=50.92750378 C=52.84078963 V=163702000.00000000
[Agent_Features] Generated 18 features for the latest tick.
[Agent] Exploration: Random action: SELL
[Portfolio] Logged Trade: SELL 2.81123907 AAPL @ 52.84. New Cash: 7409.46, New Coins: 53.41354230
[Agent] Received reward: 0.00000000
[NeuralNetworkInterface] Received reward signal: 0.00000000
[Agent] Making decision using full OHLCV data
[Agent] Price data: O=52.17613602 H=52.55119693 L=51.45212614 C=51.68001258 V=119423200.00000000
[Agent_Features] Generated 18 features for the latest tick.
[Agent] Exploration: Random action: HOLD
[Agent] Received reward: 0.00000000
[NeuralNetworkInterface] Received reward signal: 0.00000000
[Agent] Making decision using full OHLCV data
[Agent] Price data: O=51.34529877 H=52.26870689 L=50.48360814 C=51.25034459 V=189033600.00000000
[Agent_Features] Generated 18 features for the latest tick.
[Agent] Exploration: Random action: BUY
[Portfolio] Logged Trade: BUY 7.22869709 AAPL @ 51.25. New Cash: 7038.99, New Coins: 60.64223939
[Agent] Received reward: 0.00000000
[NeuralNetworkInterface] Received reward signal: 0.00000000
[Agent] Making decision using full OHLCV data
[Agent] Price data: O=50.38154221 H=52.15002282 L=48.92165275 C=52.03133280 V=183742000.00000000
[Agent_Features] Generated 18 features for the latest tick.
[Agent] Exploration: Random action: SELL
[Portfolio] Logged Trade: SELL 3.03211197 AAPL @ 52.03. New Cash: 7196.76, New Coins: 57.61012742
[Agent] Received reward: 0.00000000
[NeuralNetworkInterface] Received reward signal: 0.00000000
[Agent] Making decision using full OHLCV data
[Agent] Price data: O=50.63315964 H=51.07943162 L=49.67651843 C=50.12279041 V=146640000.00000000
[Agent_Features] Generated 18 features for the latest tick.
[Agent] Exploration: Random action: HOLD
[Agent] Received reward: 0.00000000
[NeuralNetworkInterface] Received reward signal: 0.00000000
[Agent] Making decision using full OHLCV data
[Agent] Price data: O=51.95298767 H=52.33042101 L=51.42125516 C=51.48297628 V=153435600.00000000
[Agent_Features] Generated 18 features for the latest tick.
[Agent] Exploration: Random action: SELL
[Portfolio] Logged Trade: SELL 2.88050637 AAPL @ 51.48. New Cash: 7345.05, New Coins: 54.72962105
[Agent] Received reward: -0.00000000
[NeuralNetworkInterface] Received reward signal: -0.00000000
[Agent] Making decision using full OHLCV data
[Agent] Price data: O=52.75059128 H=52.78382434 L=51.46636443 C=51.99809701 V=233292800.00000000
[Agent_Features] Generated 18 features for the latest tick.
[Agent] Exploration: Random action: BUY
[Portfolio] Logged Trade: BUY 7.06280942 AAPL @ 52.00. New Cash: 6977.80, New Coins: 61.79243046
[Agent] Received reward: 0.00000000
[NeuralNetworkInterface] Received reward signal: 0.00000000
[Agent] Making decision using full OHLCV data
[Agent] Price data: O=49.25161743 H=50.71625207 L=48.76498755 C=49.74299593 V=365314800.00000000
[Agent_Features] Generated 18 features for the latest tick.
[Agent] Exploration: Random action: SELL
[Portfolio] Logged Trade: SELL 3.08962152 AAPL @ 49.74. New Cash: 7131.49, New Coins: 58.70280894
[Agent] Received reward: 0.00000000
[NeuralNetworkInterface] Received reward signal: 0.00000000
[Agent] Making decision using full OHLCV data
[Agent] Price data: O=47.85343552 H=48.51810027 L=47.04159631 C=48.49673694 V=264654800.00000000
[Agent_Features] Generated 18 features for the latest tick.
[Agent] Exploration: Random action: BUY
[Portfolio] Logged Trade: BUY 7.35254351 AAPL @ 48.50. New Cash: 6774.91, New Coins: 66.05535245
[Agent] Received reward: 0.00000000
[NeuralNetworkInterface] Received reward signal: 0.00000000
[Agent] Making decision using full OHLCV data
[Agent] Price data: O=48.37092972 H=48.59644002 L=47.87717882 C=47.93177521 V=127531600.00000000
[Agent_Features] Generated 18 features for the latest tick.
[Agent] Exploration: Random action: SELL
[Portfolio] Logged Trade: SELL 3.30276762 AAPL @ 47.93. New Cash: 6933.22, New Coins: 62.75258482
[Agent] Received reward: 0.00000000
[NeuralNetworkInterface] Received reward signal: 0.00000000
[Agent] Making decision using full OHLCV data
[Agent] Price data: O=49.83793640 H=49.86404835 L=48.45638652 C=48.89316490 V=133697600.00000000
[Agent_Features] Generated 18 features for the latest tick.
[Agent] Exploration: Random action: HOLD
[Agent] Received reward: 0.00000000
[NeuralNetworkInterface] Received reward signal: 0.00000000
[Agent] Making decision using full OHLCV data
[Agent] Price data: O=49.66404343 H=50.05232043 L=49.24955973 C=50.01897142 V=101450400.00000000
[Agent_Features] Generated 18 features for the latest tick.
[Agent] Exploration: Random action: SELL
[Portfolio] Logged Trade: SELL 3.13762924 AAPL @ 50.02. New Cash: 7090.16, New Coins: 59.61495558
[Agent] Received reward: 0.00000000
[NeuralNetworkInterface] Received reward signal: 0.00000000
[Agent] Making decision using full OHLCV data
[Agent] Price data: O=48.70644760 H=49.07328676 L=48.17762493 C=48.96371298 V=137463200.00000000
[Agent_Features] Generated 18 features for the latest tick.
[Agent] Exploration: Random action: SELL
[Portfolio] Logged Trade: SELL 2.98074778 AAPL @ 48.96. New Cash: 7236.11, New Coins: 56.63420780
[Agent] Received reward: 0.00000000
[NeuralNetworkInterface] Received reward signal: 0.00000000
[Agent] Making decision using full OHLCV data
[Agent] Price data: O=46.25291443 H=47.60593973 L=46.16239409 C=47.40346118 V=204542000.00000000
[Agent_Features] Generated 18 features for the latest tick.
[Agent] Exploration: Random action: BUY
[Portfolio] Logged Trade: BUY 7.63247007 AAPL @ 47.40. New Cash: 6874.30, New Coins: 64.26667788
[Agent] Received reward: 0.00000000
[NeuralNetworkInterface] Received reward signal: 0.00000000
[Agent] Making decision using full OHLCV data
[Agent] Price data: O=45.79077530 H=46.96990552 L=45.60497314 C=45.64785252 V=187531600.00000000
[Agent_Features] Generated 18 features for the latest tick.
[Agent] Exploration: Random action: SELL
[Portfolio] Logged Trade: SELL 3.21333389 AAPL @ 45.65. New Cash: 7020.99, New Coins: 61.05334398
[Agent] Received reward: 0.00000000
[NeuralNetworkInterface] Received reward signal: 0.00000000
[Agent] Making decision using full OHLCV data
[Agent] Price data: O=44.49729919 H=46.32673670 L=44.29005556 C=46.18857549 V=243204000.00000000
[Agent_Features] Generated 18 features for the latest tick.
[Agent] Exploration: Random action: SELL
[Portfolio] Logged Trade: SELL 3.05266720 AAPL @ 46.19. New Cash: 7161.98, New Coins: 58.00067678
[Agent] Received reward: 0.00000000
[NeuralNetworkInterface] Received reward signal: 0.00000000
[Agent] Making decision using full OHLCV data
[Agent] Price data: O=45.59544754 H=45.72884359 L=44.52112588 C=44.87605752 V=185915200.00000000
[Agent_Features] Generated 18 features for the latest tick.
[Agent] Exploration: Random action: HOLD
[Agent] Received reward: 0.00000000
[NeuralNetworkInterface] Received reward signal: 0.00000000
[Agent] Making decision using full OHLCV data
[Agent] Price data: O=46.10044861 H=46.44346912 L=45.13094279 C=45.37867780 V=147713200.00000000
[Agent_Features] Generated 18 features for the latest tick.
[Agent] Exploration: Random action: SELL
[Portfolio] Logged Trade: SELL 2.90003384 AAPL @ 45.38. New Cash: 7293.58, New Coins: 55.10064294
[Agent] Received reward: 0.00000000
[NeuralNetworkInterface] Received reward signal: 0.00000000
[Agent] Making decision using full OHLCV data
[Agent] Price data: O=44.27339172 H=45.42631894 L=44.06615168 C=45.25957387 V=167701200.00000000
[Agent_Features] Generated 18 features for the latest tick.
[Agent] Exploration: Random action: BUY
[Portfolio] Logged Trade: BUY 8.05750441 AAPL @ 45.26. New Cash: 6928.91, New Coins: 63.15814735
[Agent] Received reward: 0.00000000
[NeuralNetworkInterface] Received reward signal: 0.00000000
[Agent] Making decision using full OHLCV data
[Agent] Price data: O=42.15809631 H=43.22765270 L=41.80792988 C=42.48920565 V=271300800.00000000
[Agent_Features] Generated 18 features for the latest tick.
[Agent] Exploration: Random action: HOLD
[Agent] Received reward: 0.00000000
[NeuralNetworkInterface] Received reward signal: 0.00000000
[Agent] Making decision using full OHLCV data
[Agent] Price data: O=42.11046219 H=42.94181045 L=42.05567530 C=42.81317593 V=124496800.00000000
[Agent_Features] Generated 18 features for the latest tick.
[Agent] Exploration: Random action: SELL
[Portfolio] Logged Trade: SELL 3.15790737 AAPL @ 42.81. New Cash: 7064.11, New Coins: 60.00023999
[Agent] Received reward: 0.00000000
[NeuralNetworkInterface] Received reward signal: 0.00000000
[Agent] Making decision using full OHLCV data
[Agent] Price data: O=41.04090881 H=42.06758970 L=40.99565229 C=41.67216303 V=94496000.00000000
[Agent_Features] Generated 18 features for the latest tick.
[Agent] Exploration: Random action: HOLD
[Agent] Received reward: 0.00000000
[NeuralNetworkInterface] Received reward signal: 0.00000000
[Agent] Making decision using full OHLCV data
[Agent] Price data: O=41.59592438 H=41.67453354 L=40.55733624 C=41.50540771 V=179994000.00000000
[Agent_Features] Generated 18 features for the latest tick.
[Agent] Exploration: Random action: BUY
[Portfolio] Logged Trade: BUY 8.50986117 AAPL @ 41.51. New Cash: 6710.90, New Coins: 68.51010116
[Agent] Received reward: 0.00000000
[NeuralNetworkInterface] Received reward signal: 0.00000000
[Agent] Making decision using full OHLCV data
[Agent] Price data: O=41.50540924 H=41.63165933 L=40.70502933 C=40.85509806 V=165549600.00000000
[Agent_Features] Generated 18 features for the latest tick.
[Agent] Exploration: Random action: HOLD
[Agent] Received reward: 0.00000000
[NeuralNetworkInterface] Received reward signal: 0.00000000
[Agent] Making decision using full OHLCV data
[Agent] Price data: O=43.10140991 H=43.18478064 L=41.66977572 C=42.09855138 V=184250000.00000000
[Agent_Features] Generated 18 features for the latest tick.
[Agent] Exploration: Random action: BUY
[Portfolio] Logged Trade: BUY 7.97046415 AAPL @ 42.10. New Cash: 6375.35, New Coins: 76.48056530
[Agent] Received reward: 0.00000000
[NeuralNetworkInterface] Received reward signal: 0.00000000
[Agent] Making decision using full OHLCV data
[Agent] Price data: O=42.77030182 H=43.54447881 L=42.32961500 C=43.51112979 V=167080000.00000000
[Agent_Features] Generated 18 features for the latest tick.
[Agent] Exploration: Random action: BUY
[Portfolio] Logged Trade: BUY 7.32611969 AAPL @ 43.51. New Cash: 6056.59, New Coins: 83.80668500
[Agent] Received reward: 0.00000000
[NeuralNetworkInterface] Received reward signal: 0.00000000
[Agent] Making decision using full OHLCV data
[Agent] Price data: O=42.53923798 H=42.95610249 L=42.17001439 C=42.94657213 V=158126000.00000000
[Agent_Features] Generated 18 features for the latest tick.
[Agent] Exploration: Random action: BUY
[Portfolio] Logged Trade: BUY 7.05130451 AAPL @ 42.95. New Cash: 5753.76, New Coins: 90.85798950
[Agent] Received reward: 0.00000000
[NeuralNetworkInterface] Received reward signal: 0.00000000
[Agent] Making decision using full OHLCV data
[Agent] Price data: O=44.02566147 H=44.05424530 L=43.16572933 C=43.93990633 V=163210000.00000000
[Agent_Features] Generated 18 features for the latest tick.
[Agent] Exploration: Random action: BUY
[Portfolio] Logged Trade: BUY 6.54730321 AAPL @ 43.94. New Cash: 5466.07, New Coins: 97.40529271
[Agent] Received reward: 0.00000000
[NeuralNetworkInterface] Received reward signal: 0.00000000
[Agent] Making decision using full OHLCV data
[Agent] Price data: O=42.08901978 H=43.44680619 L=41.98897274 C=43.10378570 V=165377200.00000000
[Agent_Features] Generated 18 features for the latest tick.
[Agent] Exploration: Random action: SELL
[Portfolio] Logged Trade: SELL 4.87026464 AAPL @ 43.10. New Cash: 5676.00, New Coins: 92.53502808
[Agent] Received reward: 0.00000000
[NeuralNetworkInterface] Received reward signal: 0.00000000
[Agent] Making decision using full OHLCV data
[Agent] Price data: O=41.61975861 H=41.63405052 L=40.59546209 C=40.91466037 V=172393600.00000000
[Agent_Features] Generated 18 features for the latest tick.
[Agent] Exploration: Random action: BUY
[Portfolio] Logged Trade: BUY 6.93638502 AAPL @ 40.91. New Cash: 5392.20, New Coins: 99.47141310
[Agent] Received reward: 0.00000000
[NeuralNetworkInterface] Received reward signal: 0.00000000
[Agent] Making decision using full OHLCV data
[Agent] Price data: O=40.13571167 H=41.56496125 L=40.09045152 C=41.32675299 V=169126400.00000000
[Agent_Features] Generated 18 features for the latest tick.
[Agent] Exploration: Random action: HOLD
[Agent] Received reward: 0.00000000
[NeuralNetworkInterface] Received reward signal: 0.00000000
[Agent] Making decision using full OHLCV data
[Agent] Price data: O=40.40013123 H=40.51685097 L=38.90656409 C=39.30437153 V=248104000.00000000
[Agent_Features] Generated 18 features for the latest tick.
[Agent] Exploration: Random action: BUY
[Portfolio] Logged Trade: BUY 6.85953839 AAPL @ 39.30. New Cash: 5122.59, New Coins: 106.33095149
[Agent] Received reward: 0.00000000
[NeuralNetworkInterface] Received reward signal: 0.00000000
[Agent] Making decision using full OHLCV data
[Agent] Price data: O=40.16906357 H=40.92179897 L=39.78078291 C=40.89083437 V=189126800.00000000
[Agent_Features] Generated 18 features for the latest tick.
[Agent] Exploration: Random action: SELL
[Portfolio] Logged Trade: SELL 5.31654757 AAPL @ 40.89. New Cash: 5339.99, New Coins: 101.01440392
[Agent] Received reward: 0.00000000
[NeuralNetworkInterface] Received reward signal: 0.00000000
[Agent] Making decision using full OHLCV data
[Agent] Price data: O=40.28102875 H=40.95277433 L=40.26197165 C=40.59069666 V=142510800.00000000
[Agent_Features] Generated 18 features for the latest tick.
[Agent] Exploration: Random action: HOLD
[Agent] Received reward: 0.00000000
[NeuralNetworkInterface] Received reward signal: 0.00000000
[Agent] Making decision using full OHLCV data
[Agent] Price data: O=40.72170258 H=41.10760244 L=40.38821246 C=40.61212881 V=127594400.00000000
[Agent_Features] Generated 18 features for the latest tick.
[Agent] Exploration: Random action: BUY
[Portfolio] Logged Trade: BUY 6.57437235 AAPL @ 40.61. New Cash: 5072.99, New Coins: 107.58877626
[Agent] Received reward: 0.00000000
[NeuralNetworkInterface] Received reward signal: 0.00000000
[Agent] Making decision using full OHLCV data
[Agent] Price data: O=39.41871262 H=40.27626404 L=39.37107168 C=40.25720694 V=162814800.00000000
[Agent_Features] Generated 18 features for the latest tick.
[Agent] Exploration: Random action: HOLD
[Agent] Received reward: 0.00000000
[NeuralNetworkInterface] Received reward signal: 0.00000000
[Agent] Making decision using full OHLCV data
[Agent] Price data: O=39.05186462 H=40.10236397 L=38.76363102 C=39.41155781 V=177151600.00000000
[Agent_Features] Generated 18 features for the latest tick.
[Agent] Exploration: Random action: BUY
[Portfolio] Logged Trade: BUY 6.43591139 AAPL @ 39.41. New Cash: 4819.34, New Coins: 114.02468765
[Agent] Received reward: 0.00000000
[NeuralNetworkInterface] Received reward signal: 0.00000000
[Agent] Making decision using full OHLCV data
[Agent] Price data: O=39.55924606 H=39.90702807 L=39.15905431 C=39.39488179 V=135366000.00000000
[Agent_Features] Generated 18 features for the latest tick.
[Agent] Exploration: Random action: HOLD
[Agent] Received reward: 0.00000000
[NeuralNetworkInterface] Received reward signal: 0.00000000
[Agent] Making decision using full OHLCV data
[Agent] Price data: O=38.32533264 H=39.88797848 L=37.89655698 C=39.54257718 V=196189200.00000000
[Agent_Features] Generated 18 features for the latest tick.
[Agent] Exploration: Random action: HOLD
[Agent] Received reward: 0.00000000
[NeuralNetworkInterface] Received reward signal: 0.00000000
[Agent] Making decision using full OHLCV data
[Agent] Price data: O=37.35821152 H=38.61595116 L=36.99375308 C=38.20861334 V=259092000.00000000
[Agent_Features] Generated 18 features for the latest tick.
[Agent] Exploration: Random action: HOLD
[Agent] Received reward: 0.00000000
[NeuralNetworkInterface] Received reward signal: 0.00000000
[Agent] Making decision using full OHLCV data
[Agent] Price data: O=35.90512848 H=37.67501767 L=35.64310159 C=37.36534621 V=382978400.00000000
[Agent_Features] Generated 18 features for the latest tick.
[Agent] Exploration: Random action: SELL
[Portfolio] Logged Trade: SELL 5.70123438 AAPL @ 37.37. New Cash: 5032.37, New Coins: 108.32345327
[Agent] Received reward: 0.00000000
[NeuralNetworkInterface] Received reward signal: 0.00000000
[Agent] Making decision using full OHLCV data
[Agent] Price data: O=34.97612000 H=36.10046330 L=34.91894870 C=35.29055301 V=148676800.00000000
[Agent_Features] Generated 18 features for the latest tick.
[Agent] Exploration: Random action: HOLD
[Agent] Received reward: 0.00000000
[NeuralNetworkInterface] Received reward signal: 0.00000000
[Agent] Making decision using full OHLCV data
[Agent] Price data: O=37.43919754 H=37.45348946 L=34.94992157 C=35.32629111 V=234330000.00000000
[Agent_Features] Generated 18 features for the latest tick.
[Agent] Exploration: Random action: HOLD
[Agent] Received reward: 0.00000000
[NeuralNetworkInterface] Received reward signal: 0.00000000
[Agent] Making decision using full OHLCV data
[Agent] Price data: O=37.19622040 H=37.34391200 L=35.74791730 C=37.12237641 V=212468400.00000000
[Agent_Features] Generated 18 features for the latest tick.
[Agent] Exploration: Random action: BUY
[Portfolio] Logged Trade: BUY 6.77807520 AAPL @ 37.12. New Cash: 4780.75, New Coins: 115.10152847
[Agent] Received reward: 0.00000000
[NeuralNetworkInterface] Received reward signal: 0.00000000
[Agent] Making decision using full OHLCV data
[Agent] Price data: O=37.21527481 H=37.76077375 L=36.81508669 C=37.51780031 V=169165600.00000000
[Agent_Features] Generated 18 features for the latest tick.
[Agent] Exploration: Random action: SELL
[Portfolio] Logged Trade: SELL 5.75507642 AAPL @ 37.52. New Cash: 4996.66, New Coins: 109.34645204
[Agent] Received reward: 0.00000000
[NeuralNetworkInterface] Received reward signal: 0.00000000
[Agent] Making decision using full OHLCV data
[Agent] Price data: O=37.57497406 H=37.96087030 L=37.27482931 C=37.76315700 V=140014000.00000000
[Agent_Features] Generated 18 features for the latest tick.
[Agent] Exploration: Random action: HOLD
[Agent] Received reward: 0.00000000
[NeuralNetworkInterface] Received reward signal: 0.00000000
[Agent] Making decision using full OHLCV data
[Agent] Price data: O=37.61784363 H=37.83937917 L=36.73885467 C=36.89607297 V=148158800.00000000
[Agent_Features] Generated 18 features for the latest tick.
[Agent] Exploration: Random action: BUY
[Portfolio] Logged Trade: BUY 6.77126903 AAPL @ 36.90. New Cash: 4746.83, New Coins: 116.11772107
[Agent] Received reward: 0.00000000
[NeuralNetworkInterface] Received reward signal: 0.00000000
[Agent] Making decision using full OHLCV data
[Agent] Price data: O=33.87083435 H=34.71170925 L=33.82557420 C=34.29722555 V=365248800.00000000
[Agent_Features] Generated 18 features for the latest tick.
[Agent] Exploration: Random action: SELL
[Portfolio] Logged Trade: SELL 5.80588605 AAPL @ 34.30. New Cash: 4945.96, New Coins: 110.31183502
[Agent] Received reward: 0.00000000
[NeuralNetworkInterface] Received reward signal: 0.00000000
[Agent] Making decision using full OHLCV data
[Agent] Price data: O=35.31676865 H=35.38585110 L=34.25436144 C=34.42825252 V=234428400.00000000
[Agent_Features] Generated 18 features for the latest tick.
[Agent] Exploration: Random action: SELL
[Portfolio] Logged Trade: SELL 5.51559175 AAPL @ 34.43. New Cash: 5135.85, New Coins: 104.79624327
[Agent] Received reward: 0.00000000
[NeuralNetworkInterface] Received reward signal: 0.00000000
[Agent] Making decision using full OHLCV data
[Agent] Price data: O=35.23815155 H=35.45254120 L=34.75458900 C=35.42157296 V=219111200.00000000
[Agent_Features] Generated 18 features for the latest tick.
[Agent] Exploration: Random action: SELL
[Portfolio] Logged Trade: SELL 5.23981216 AAPL @ 35.42. New Cash: 5321.45, New Coins: 99.55643111
[Agent] Received reward: -0.00000000
[NeuralNetworkInterface] Received reward signal: -0.00000000
[Agent] Making decision using full OHLCV data
[Agent] Price data: O=35.90989685 H=36.16478145 L=35.37869342 C=35.62642843 V=164101200.00000000
[Agent_Features] Generated 18 features for the latest tick.
[Agent] Exploration: Random action: HOLD
[Agent] Received reward: 0.00000000
[NeuralNetworkInterface] Received reward signal: 0.00000000
[Agent] Making decision using full OHLCV data
[Agent] Price data: O=36.51971054 H=36.81032493 L=35.64310582 C=36.03852880 V=180396400.00000000
[Agent_Features] Generated 18 features for the latest tick.
[Agent] Exploration: Random action: SELL
[Portfolio] Logged Trade: SELL 4.97782156 AAPL @ 36.04. New Cash: 5500.85, New Coins: 94.57860955
[Agent] Received reward: 0.00000000
[NeuralNetworkInterface] Received reward signal: 0.00000000
[Agent] Making decision using full OHLCV data
[Agent] Price data: O=36.63644028 H=36.67693526 L=35.93610724 C=36.32676873 V=143122800.00000000
[Agent_Features] Generated 18 features for the latest tick.
[Agent] Exploration: Random action: SELL
[Portfolio] Logged Trade: SELL 4.72893048 AAPL @ 36.33. New Cash: 5672.63, New Coins: 89.84967907
[Agent] Received reward: -0.00000000
[NeuralNetworkInterface] Received reward signal: -0.00000000
[Agent] Making decision using full OHLCV data
[Agent] Price data: O=36.27672958 H=36.61260406 L=36.09092746 C=36.41727520 V=108092800.00000000
[Agent_Features] Generated 18 features for the latest tick.
[Agent] Exploration: Random action: SELL
[Portfolio] Logged Trade: SELL 4.49248395 AAPL @ 36.42. New Cash: 5836.24, New Coins: 85.35719512
[Agent] Received reward: 0.00000000
[NeuralNetworkInterface] Received reward signal: 0.00000000
[Agent] Making decision using full OHLCV data
[Agent] Price data: O=35.73123550 H=36.03376098 L=35.54543337 C=35.93371396 V=129756800.00000000
[Agent_Features] Generated 18 features for the latest tick.
[Agent] Exploration: Random action: SELL
[Portfolio] Logged Trade: SELL 4.26785976 AAPL @ 35.93. New Cash: 5989.60, New Coins: 81.08933536
[Agent] Received reward: 0.00000000
[NeuralNetworkInterface] Received reward signal: 0.00000000
[Simulation] Simulation run finished. Ticks processed in this run: 114

Simulation Finished in 0.03 seconds.
--------------------
  Final Portfolio  
--------------------
Cash:      $5989.60
Asset:     81.0893 AAPL
Total Value: $8903.44
--------------------
[Simulation] Simulation destroyed.
[AutonomousTradingAgent] Agent destroyed
[NeuralNetworkInterface] Destructor called.
[Portfolio] Destroyed for asset: AAPL. Final cash: 5989.60, Final assets: 81.09
