Loading data from training_run_20250621_150556/data/HD_1d_20170119_to_20170809.csv...
Loaded 92 data points.
[Portfolio] Initialized for asset: HD with initial cash: 10000.00. Initial Portfolio Value: 10000.00
[NeuralNetworkInterface] Constructor called.
[NeuralNetworkInterface] Initializing...
Warning: NN model path is empty. Initializing in a mock state.
[NeuralNetworkInterface] Initialized successfully.
[AutonomousTradingAgent] Agent initialized for HD without API client (CSV mode).
[Simulation] Initialized with 92 data points.
[Simulation] API client is NULL (offline/CSV mode).

Starting Simulation for HD...
[Simulation] Starting simulation run...
[Agent] Making decision using full OHLCV data
[Agent] Price data: O=120.44 H=120.79 L=120.01 C=120.25 V=2450800.00
[Agent_Features] Generated 15 features for the latest tick.
[Agent] Exploration: Random action: BUY
[Portfolio] Logged Trade: BUY 4.15794445 HD @ 120.25. New Cash: 9500.00, New Coins: 4.15794445
[Agent] Received reward: 0.00000000
[NeuralNetworkInterface] Received reward signal: 0.00000000
[Agent] Making decision using full OHLCV data
[Agent] Price data: O=120.34187317 H=120.62872567 L=120.19433866 C=120.37465167 V=3248700.00000000
[Agent_Features] Generated 17 features for the latest tick.
[Agent] Exploration: Random action: BUY
[Portfolio] Logged Trade: BUY 3.94601350 HD @ 120.37. New Cash: 9025.00, New Coins: 8.10395795
[Agent] Received reward: 0.00000000
[NeuralNetworkInterface] Received reward signal: 0.00000000
[Agent] Making decision using full OHLCV data
[Agent] Price data: O=120.16979218 H=120.64516185 L=119.73540502 C=120.43207027 V=3775300.00000000
[Agent_Features] Generated 17 features for the latest tick.
[Agent] Exploration: Random action: SELL
[Portfolio] Logged Trade: SELL 0.40519790 HD @ 120.43. New Cash: 9073.80, New Coins: 7.69876005
[Agent] Received reward: 0.00000000
[NeuralNetworkInterface] Received reward signal: 0.00000000
[Agent] Making decision using full OHLCV data
[Agent] Price data: O=119.94029236 H=120.39926648 L=119.70261380 C=120.07143139 V=3124200.00000000
[Agent_Features] Generated 17 features for the latest tick.
[Agent] Exploration: Random action: HOLD
[Agent] Received reward: 0.00000000
[NeuralNetworkInterface] Received reward signal: 0.00000000
[Agent] Making decision using full OHLCV data
[Agent] Price data: O=120.18615723 H=121.66143990 L=120.13698322 C=120.17796573 V=3390400.00000000
[Agent_Features] Generated 18 features for the latest tick.
[Agent] Exploration: Random action: BUY
[Portfolio] Logged Trade: BUY 3.77515078 HD @ 120.18. New Cash: 8620.11, New Coins: 11.47391083
[Agent] Received reward: 0.00000000
[NeuralNetworkInterface] Received reward signal: 0.00000000
[Agent] Making decision using full OHLCV data
[Agent] Price data: O=120.67796326 H=121.26807653 L=120.48125467 C=120.51403318 V=2699100.00000000
[Agent_Features] Generated 18 features for the latest tick.
[Agent] Exploration: Random action: BUY
[Portfolio] Logged Trade: BUY 3.57639216 HD @ 120.51. New Cash: 8189.10, New Coins: 15.05030299
[Agent] Received reward: 0.00000000
[NeuralNetworkInterface] Received reward signal: 0.00000000
[Agent] Making decision using full OHLCV data
[Agent] Price data: O=120.58776855 H=121.13689913 L=120.39925152 C=120.56318155 V=2869100.00000000
[Agent_Features] Generated 18 features for the latest tick.
[Agent] Exploration: Random action: HOLD
[Agent] Received reward: 0.00000000
[NeuralNetworkInterface] Received reward signal: 0.00000000
[Agent] Making decision using full OHLCV data
[Agent] Price data: O=121.47293854 H=122.12041713 L=120.27631687 C=120.44843839 V=5044500.00000000
[Agent_Features] Generated 18 features for the latest tick.
[Agent] Exploration: Random action: BUY
[Portfolio] Logged Trade: BUY 3.39942283 HD @ 120.45. New Cash: 7779.65, New Coins: 18.44972583
[Agent] Received reward: 0.00000000
[NeuralNetworkInterface] Received reward signal: 0.00000000
[Agent] Making decision using full OHLCV data
[Agent] Price data: O=121.46475220 H=121.83356980 L=120.56319944 C=121.22707363 V=2844800.00000000
[Agent_Features] Generated 18 features for the latest tick.
[Agent] Exploration: Random action: HOLD
[Agent] Received reward: 0.00000000
[NeuralNetworkInterface] Received reward signal: 0.00000000
[Agent] Making decision using full OHLCV data
[Agent] Price data: O=120.10417175 H=120.94837121 L=119.96484126 C=120.82542371 V=4445600.00000000
[Agent_Features] Generated 18 features for the latest tick.
[Agent] Exploration: Random action: HOLD
[Agent] Received reward: 0.00000000
[NeuralNetworkInterface] Received reward signal: 0.00000000
[Agent] Making decision using full OHLCV data
[Agent] Price data: O=119.58786011 H=120.48941276 L=119.55506910 C=120.00585168 V=2346900.00000000
[Agent_Features] Generated 18 features for the latest tick.
[Agent] Exploration: Random action: SELL
[Portfolio] Logged Trade: SELL 0.92248629 HD @ 120.01. New Cash: 7890.35, New Coins: 17.52723954
[Agent] Received reward: 0.00000000
[NeuralNetworkInterface] Received reward signal: 0.00000000
[Agent] Making decision using full OHLCV data
[Agent] Price data: O=120.73529816 H=120.73529816 L=119.46491540 C=119.57965892 V=3467700.00000000
[Agent_Features] Generated 18 features for the latest tick.
[Agent] Exploration: Random action: HOLD
[Agent] Received reward: 0.00000000
[NeuralNetworkInterface] Received reward signal: 0.00000000
[Agent] Making decision using full OHLCV data
[Agent] Price data: O=121.10408020 H=121.44831067 L=120.29268428 C=120.53036275 V=2969400.00000000
[Agent_Features] Generated 18 features for the latest tick.
[Agent] Exploration: Random action: HOLD
[Agent] Received reward: 0.00000000
[NeuralNetworkInterface] Received reward signal: 0.00000000
[Agent] Making decision using full OHLCV data
[Agent] Price data: O=120.66152191 H=121.62864398 L=120.49760440 C=121.24343095 V=3461000.00000000
[Agent_Features] Generated 18 features for the latest tick.
[Agent] Exploration: Random action: SELL
[Portfolio] Logged Trade: SELL 0.87636198 HD @ 121.24. New Cash: 7996.61, New Coins: 16.65087756
[Agent] Received reward: 0.00000000
[NeuralNetworkInterface] Received reward signal: 0.00000000
[Agent] Making decision using full OHLCV data
[Agent] Price data: O=121.89091492 H=122.16138442 L=120.84182790 C=121.02214090 V=3700500.00000000
[Agent_Features] Generated 18 features for the latest tick.
[Agent] Exploration: Random action: SELL
[Portfolio] Logged Trade: SELL 0.83254388 HD @ 121.02. New Cash: 8097.36, New Coins: 15.81833368
[Agent] Received reward: 0.00000000
[NeuralNetworkInterface] Received reward signal: 0.00000000
[Agent] Making decision using full OHLCV data
[Agent] Price data: O=122.94001007 H=123.06294508 L=121.62864496 C=121.70241847 V=5019900.00000000
[Agent_Features] Generated 18 features for the latest tick.
[Agent] Exploration: Random action: BUY
[Portfolio] Logged Trade: BUY 3.32670521 HD @ 121.70. New Cash: 7692.49, New Coins: 19.14503889
[Agent] Received reward: 0.00000000
[NeuralNetworkInterface] Received reward signal: 0.00000000
[Agent] Making decision using full OHLCV data
[Agent] Price data: O=124.48908234 H=124.62841288 L=123.63670357 C=123.82520813 V=5077200.00000000
[Agent_Features] Generated 18 features for the latest tick.
[Agent] Exploration: Random action: SELL
[Portfolio] Logged Trade: SELL 0.95725194 HD @ 123.83. New Cash: 7811.03, New Coins: 18.18778695
[Agent] Received reward: 0.00000000
[NeuralNetworkInterface] Received reward signal: 0.00000000
[Agent] Making decision using full OHLCV data
[Agent] Price data: O=125.42342377 H=126.75117215 L=125.22671521 C=125.22671521 V=5496500.00000000
[Agent_Features] Generated 18 features for the latest tick.
[Agent] Exploration: Random action: SELL
[Portfolio] Logged Trade: SELL 0.90938935 HD @ 125.23. New Cash: 7924.91, New Coins: 17.27839760
[Agent] Received reward: 0.00000000
[NeuralNetworkInterface] Received reward signal: 0.00000000
[Agent] Making decision using full OHLCV data
[Agent] Price data: O=126.39873505 H=126.88229613 L=124.90705678 C=125.48897839 V=5120200.00000000
[Agent_Features] Generated 18 features for the latest tick.
[Agent] Exploration: Random action: SELL
[Portfolio] Logged Trade: SELL 0.86391988 HD @ 125.49. New Cash: 8033.32, New Coins: 16.41447772
[Agent] Received reward: 0.00000000
[NeuralNetworkInterface] Received reward signal: 0.00000000
[Agent] Making decision using full OHLCV data
[Agent] Price data: O=127.95596313 H=128.07891065 L=126.12825842 C=126.78394100 V=5881400.00000000
[Agent_Features] Generated 18 features for the latest tick.
[Agent] Exploration: Random action: BUY
[Portfolio] Logged Trade: BUY 3.16811319 HD @ 126.78. New Cash: 7631.65, New Coins: 19.58259091
[Agent] Received reward: 0.00000000
[NeuralNetworkInterface] Received reward signal: 0.00000000
[Agent] Making decision using full OHLCV data
[Agent] Price data: O=127.93958282 H=128.06251784 L=126.30038260 C=127.86580931 V=4983000.00000000
[Agent_Features] Generated 18 features for the latest tick.
[Agent] Exploration: Random action: BUY
[Portfolio] Logged Trade: BUY 2.98424249 HD @ 127.87. New Cash: 7250.07, New Coins: 22.56683340
[Agent] Received reward: 0.00000000
[NeuralNetworkInterface] Received reward signal: 0.00000000
[Agent] Making decision using full OHLCV data
[Agent] Price data: O=126.39056396 H=128.07893853 L=126.39056396 C=128.03795602 V=3152900.00000000
[Agent_Features] Generated 18 features for the latest tick.
[Agent] Exploration: Random action: SELL
[Portfolio] Logged Trade: SELL 1.12834167 HD @ 128.04. New Cash: 7394.54, New Coins: 21.43849173
[Agent] Received reward: 0.00000000
[NeuralNetworkInterface] Received reward signal: 0.00000000
[Agent] Making decision using full OHLCV data
[Agent] Price data: O=126.99703979 H=127.16916133 L=126.02171362 C=126.62003073 V=3295100.00000000
[Agent_Features] Generated 18 features for the latest tick.
[Agent] Exploration: Random action: HOLD
[Agent] Received reward: 0.00000000
[NeuralNetworkInterface] Received reward signal: 0.00000000
[Agent] Making decision using full OHLCV data
[Agent] Price data: O=127.03800964 H=127.35765317 L=126.70197062 C=127.16914865 V=2445500.00000000
[Agent_Features] Generated 18 features for the latest tick.
[Agent] Exploration: Random action: BUY
[Portfolio] Logged Trade: BUY 2.90736381 HD @ 127.17. New Cash: 7024.81, New Coins: 24.34585554
[Agent] Received reward: 0.00000000
[NeuralNetworkInterface] Received reward signal: 0.00000000
[Agent] Making decision using full OHLCV data
[Agent] Price data: O=126.92324829 H=127.56253525 L=126.43148332 C=127.41501326 V=3793100.00000000
[Agent_Features] Generated 18 features for the latest tick.
[Agent] Exploration: Random action: HOLD
[Agent] Received reward: 0.00000000
[NeuralNetworkInterface] Received reward signal: 0.00000000
[Agent] Making decision using full OHLCV data
[Agent] Price data: O=127.63635254 H=127.65274805 L=126.29220853 C=127.31670892 V=2500600.00000000
[Agent_Features] Generated 18 features for the latest tick.
[Agent] Exploration: Random action: HOLD
[Agent] Received reward: 0.00000000
[NeuralNetworkInterface] Received reward signal: 0.00000000
[Agent] Making decision using full OHLCV data
[Agent] Price data: O=128.58708191 H=128.80837748 L=127.43964657 C=127.73470316 V=3184600.00000000
[Agent_Features] Generated 18 features for the latest tick.
[Agent] Exploration: Random action: BUY
[Portfolio] Logged Trade: BUY 2.74976669 HD @ 127.73. New Cash: 6673.57, New Coins: 27.09562223
[Agent] Received reward: 0.00000000
[NeuralNetworkInterface] Received reward signal: 0.00000000
[Agent] Making decision using full OHLCV data
[Agent] Price data: O=129.23454285 H=129.28372936 L=128.09529916 C=128.70999926 V=3004400.00000000
[Agent_Features] Generated 18 features for the latest tick.
[Agent] Exploration: Random action: HOLD
[Agent] Received reward: 0.00000000
[NeuralNetworkInterface] Received reward signal: 0.00000000
[Agent] Making decision using full OHLCV data
[Agent] Price data: O=129.60334778 H=129.61973077 L=128.92307830 C=129.10339129 V=2617600.00000000
[Agent_Features] Generated 18 features for the latest tick.
[Agent] Exploration: Random action: BUY
[Portfolio] Logged Trade: BUY 2.58458431 HD @ 129.10. New Cash: 6339.89, New Coins: 29.68020654
[Agent] Received reward: -0.00000000
[NeuralNetworkInterface] Received reward signal: -0.00000000
[Agent] Making decision using full OHLCV data
[Agent] Price data: O=128.02151489 H=129.25091487 L=127.30846691 C=128.96406238 V=3929100.00000000
[Agent_Features] Generated 18 features for the latest tick.
[Agent] Exploration: Random action: SELL
[Portfolio] Logged Trade: SELL 1.48401033 HD @ 128.96. New Cash: 6531.28, New Coins: 28.19619622
[Agent] Received reward: 0.00000000
[NeuralNetworkInterface] Received reward signal: 0.00000000
[Agent] Making decision using full OHLCV data
[Agent] Price data: O=128.61163330 H=128.84112031 L=127.65270278 C=128.17724629 V=2926400.00000000
[Agent_Features] Generated 18 features for the latest tick.
[Agent] Exploration: Random action: HOLD
[Agent] Received reward: 0.00000000
[NeuralNetworkInterface] Received reward signal: 0.00000000
[Agent] Making decision using full OHLCV data
[Agent] Price data: O=128.94773865 H=129.36573037 L=128.39860785 C=128.90675612 V=6068900.00000000
[Agent_Features] Generated 18 features for the latest tick.
[Agent] Exploration: Random action: BUY
[Portfolio] Logged Trade: BUY 2.53333401 HD @ 128.91. New Cash: 6204.71, New Coins: 30.72953023
[Agent] Received reward: 0.00000000
[NeuralNetworkInterface] Received reward signal: 0.00000000
[Agent] Making decision using full OHLCV data
[Agent] Price data: O=129.70989990 H=131.84086504 L=129.53779089 C=131.22616500 V=10120900.00000000
[Agent_Features] Generated 18 features for the latest tick.
[Agent] Exploration: Random action: SELL
[Portfolio] Logged Trade: SELL 1.53647651 HD @ 131.23. New Cash: 6406.34, New Coins: 29.19305372
[Agent] Received reward: 0.00000000
[NeuralNetworkInterface] Received reward signal: 0.00000000
[Agent] Making decision using full OHLCV data
[Agent] Price data: O=127.93143463 H=129.70996615 L=127.76751704 C=129.70996615 V=5937000.00000000
[Agent_Features] Generated 18 features for the latest tick.
[Agent] Exploration: Random action: SELL
[Portfolio] Logged Trade: SELL 1.45965269 HD @ 129.71. New Cash: 6595.67, New Coins: 27.73340103
[Agent] Received reward: 0.00000000
[NeuralNetworkInterface] Received reward signal: 0.00000000
[Agent] Making decision using full OHLCV data
[Agent] Price data: O=127.61173248 H=128.40674558 L=127.23472344 C=127.43141946 V=4858600.00000000
[Agent_Features] Generated 18 features for the latest tick.
[Agent] Exploration: Random action: SELL
[Portfolio] Logged Trade: SELL 1.38667005 HD @ 127.43. New Cash: 6772.38, New Coins: 26.34673098
[Agent] Received reward: 0.00000000
[NeuralNetworkInterface] Received reward signal: 0.00000000
[Agent] Making decision using full OHLCV data
[Agent] Price data: O=128.10351562 H=128.46414172 L=127.30031092 C=127.89041157 V=4781800.00000000
[Agent_Features] Generated 18 features for the latest tick.
[Agent] Exploration: Random action: BUY
[Portfolio] Logged Trade: BUY 2.64772636 HD @ 127.89. New Cash: 6433.76, New Coins: 28.99445734
[Agent] Received reward: 0.00000000
[NeuralNetworkInterface] Received reward signal: 0.00000000
[Agent] Making decision using full OHLCV data
[Agent] Price data: O=127.82482910 H=128.67720765 L=127.69369009 C=128.25921613 V=3802100.00000000
[Agent_Features] Generated 18 features for the latest tick.
[Agent] Exploration: Random action: HOLD
[Agent] Received reward: 0.00000000
[NeuralNetworkInterface] Received reward signal: 0.00000000
[Agent] Making decision using full OHLCV data
[Agent] Price data: O=126.89872742 H=128.21008051 L=126.77577986 C=127.78389732 V=4640900.00000000
[Agent_Features] Generated 18 features for the latest tick.
[Agent] Exploration: Random action: HOLD
[Agent] Received reward: 0.00000000
[NeuralNetworkInterface] Received reward signal: 0.00000000
[Agent] Making decision using full OHLCV data
[Agent] Price data: O=127.03800964 H=127.39043167 L=125.63648803 C=126.79212712 V=4558700.00000000
[Agent_Features] Generated 18 features for the latest tick.
[Agent] Exploration: Random action: BUY
[Portfolio] Logged Trade: BUY 2.53712814 HD @ 126.79. New Cash: 6112.07, New Coins: 31.53158548
[Agent] Received reward: 0.00000000
[NeuralNetworkInterface] Received reward signal: 0.00000000
[Agent] Making decision using full OHLCV data
[Agent] Price data: O=128.23466492 H=128.42316948 L=127.32490811 C=128.02156084 V=3110800.00000000
[Agent_Features] Generated 18 features for the latest tick.
[Agent] Exploration: Random action: BUY
[Portfolio] Logged Trade: BUY 2.38712509 HD @ 128.02. New Cash: 5806.47, New Coins: 33.91871057
[Agent] Received reward: 0.00000000
[NeuralNetworkInterface] Received reward signal: 0.00000000
[Agent] Making decision using full OHLCV data
[Agent] Price data: O=126.95604706 H=128.20184268 L=126.74295554 C=127.93957716 V=4284700.00000000
[Agent_Features] Generated 18 features for the latest tick.
[Agent] Exploration: Random action: SELL
[Portfolio] Logged Trade: SELL 1.69593553 HD @ 127.94. New Cash: 6023.44, New Coins: 32.22277504
[Agent] Received reward: 0.00000000
[NeuralNetworkInterface] Received reward signal: 0.00000000
[Agent] Making decision using full OHLCV data
[Agent] Price data: O=126.84890747 H=127.40945027 L=126.55214582 C=126.94782383 V=3504300.00000000
[Agent_Features] Generated 18 features for the latest tick.
[Agent] Exploration: Random action: BUY
[Portfolio] Logged Trade: BUY 2.37240908 HD @ 126.95. New Cash: 5722.27, New Coins: 34.59518412
[Agent] Received reward: -0.00000000
[NeuralNetworkInterface] Received reward signal: -0.00000000
[Agent] Making decision using full OHLCV data
[Agent] Price data: O=126.54392242 H=127.26110391 L=126.35432851 C=127.24461365 V=7158400.00000000
[Agent_Features] Generated 18 features for the latest tick.
[Agent] Exploration: Random action: HOLD
[Agent] Received reward: 0.00000000
[NeuralNetworkInterface] Received reward signal: 0.00000000
[Agent] Making decision using full OHLCV data
[Agent] Price data: O=127.89579010 H=127.90404151 L=125.90914889 C=126.55213029 V=3385100.00000000
[Agent_Features] Generated 18 features for the latest tick.
[Agent] Exploration: Random action: BUY
[Portfolio] Logged Trade: BUY 2.26083560 HD @ 126.55. New Cash: 5436.16, New Coins: 36.85601972
[Agent] Received reward: 0.00000000
[NeuralNetworkInterface] Received reward signal: 0.00000000
[Agent] Making decision using full OHLCV data
[Agent] Price data: O=128.06066895 H=128.48107599 L=127.29402953 C=127.59902998 V=3485600.00000000
[Agent_Features] Generated 18 features for the latest tick.
[Agent] Exploration: Random action: HOLD
[Agent] Received reward: 0.00000000
[NeuralNetworkInterface] Received reward signal: 0.00000000
[Agent] Making decision using full OHLCV data
[Agent] Price data: O=127.59903717 H=128.28323795 L=127.13741076 C=128.20905069 V=2651800.00000000
[Agent_Features] Generated 18 features for the latest tick.
[Agent] Exploration: Random action: SELL
[Portfolio] Logged Trade: SELL 1.84280099 HD @ 128.21. New Cash: 5672.42, New Coins: 35.01321873
[Agent] Received reward: 0.00000000
[NeuralNetworkInterface] Received reward signal: 0.00000000
[Agent] Making decision using full OHLCV data
[Agent] Price data: O=127.11268616 H=127.49188648 L=126.65929857 C=127.31053145 V=3260300.00000000
[Agent_Features] Generated 18 features for the latest tick.
[Agent] Exploration: Random action: SELL
[Portfolio] Logged Trade: SELL 1.75066094 HD @ 127.31. New Cash: 5895.30, New Coins: 33.26255780
[Agent] Received reward: 0.00000000
[NeuralNetworkInterface] Received reward signal: 0.00000000
[Agent] Making decision using full OHLCV data
[Agent] Price data: O=127.73918152 H=128.01945289 L=127.23633578 C=127.51660716 V=3159000.00000000
[Agent_Features] Generated 18 features for the latest tick.
[Agent] Exploration: Random action: SELL
[Portfolio] Logged Trade: SELL 1.66312789 HD @ 127.52. New Cash: 6107.38, New Coins: 31.59942991
[Agent] Received reward: 0.00000000
[NeuralNetworkInterface] Received reward signal: 0.00000000
[Agent] Making decision using full OHLCV data
[Agent] Price data: O=126.53561401 H=127.96171220 L=126.43669769 C=127.73915047 V=4041600.00000000
[Agent_Features] Generated 18 features for the latest tick.
[Agent] Exploration: Random action: HOLD
[Agent] Received reward: 0.00000000
[NeuralNetworkInterface] Received reward signal: 0.00000000
[Agent] Making decision using full OHLCV data
[Agent] Price data: O=126.09049988 H=126.94780419 L=125.94211279 C=126.94780419 V=4705300.00000000
[Agent_Features] Generated 18 features for the latest tick.
[Agent] Exploration: Random action: SELL
[Portfolio] Logged Trade: SELL 1.57997150 HD @ 126.95. New Cash: 6307.95, New Coins: 30.01945841
[Agent] Received reward: 0.00000000
[NeuralNetworkInterface] Received reward signal: 0.00000000
[Agent] Making decision using full OHLCV data
[Agent] Price data: O=125.44750214 H=126.37076742 L=125.07655329 C=125.95859924 V=4473900.00000000
[Agent_Features] Generated 18 features for the latest tick.
[Agent] Exploration: Random action: HOLD
[Agent] Received reward: 0.00000000
[NeuralNetworkInterface] Received reward signal: 0.00000000
[Agent] Making decision using full OHLCV data
[Agent] Price data: O=126.93962860 H=126.98083538 L=125.34865203 C=125.55473623 V=3753800.00000000
[Agent_Features] Generated 18 features for the latest tick.
[Agent] Exploration: Random action: HOLD
[Agent] Received reward: 0.00000000
[NeuralNetworkInterface] Received reward signal: 0.00000000
[Agent] Making decision using full OHLCV data
[Agent] Price data: O=129.22296143 H=129.65161985 L=126.91482971 C=127.35996581 V=5999400.00000000
[Agent_Features] Generated 18 features for the latest tick.
[Agent] Exploration: Random action: HOLD
[Agent] Received reward: 0.00000000
[NeuralNetworkInterface] Received reward signal: 0.00000000
[Agent] Making decision using full OHLCV data
[Agent] Price data: O=129.23124695 H=129.64341523 L=127.70621927 C=128.70367205 V=3972300.00000000
[Agent_Features] Generated 18 features for the latest tick.
[Agent] Exploration: Random action: SELL
[Portfolio] Logged Trade: SELL 1.50097292 HD @ 128.70. New Cash: 6501.13, New Coins: 28.51848549
[Agent] Received reward: 0.00000000
[NeuralNetworkInterface] Received reward signal: 0.00000000
[Agent] Making decision using full OHLCV data
[Agent] Price data: O=129.12403870 H=129.16525803 L=128.11010856 C=128.80254804 V=9105400.00000000
[Agent_Features] Generated 18 features for the latest tick.
[Agent] Exploration: Random action: SELL
[Portfolio] Logged Trade: SELL 1.42592427 HD @ 128.80. New Cash: 6684.79, New Coins: 27.09256122
[Agent] Received reward: 0.00000000
[NeuralNetworkInterface] Received reward signal: 0.00000000
[Agent] Making decision using full OHLCV data
[Agent] Price data: O=130.91288757 H=131.09424262 L=128.91799460 C=129.34665313 V=5196100.00000000
[Agent_Features] Generated 18 features for the latest tick.
[Agent] Exploration: Random action: BUY
[Portfolio] Logged Trade: BUY 2.58406096 HD @ 129.35. New Cash: 6350.55, New Coins: 29.67662218
[Agent] Received reward: 0.00000000
[NeuralNetworkInterface] Received reward signal: 0.00000000
[Agent] Making decision using full OHLCV data
[Agent] Price data: O=129.97312927 H=131.25085331 L=129.91543226 C=130.84692392 V=4201200.00000000
[Agent_Features] Generated 18 features for the latest tick.
[Agent] Exploration: Random action: SELL
[Portfolio] Logged Trade: SELL 1.48383111 HD @ 130.85. New Cash: 6544.71, New Coins: 28.19279107
[Agent] Received reward: 0.00000000
[NeuralNetworkInterface] Received reward signal: 0.00000000
[Agent] Making decision using full OHLCV data
[Agent] Price data: O=129.08287048 H=130.68208557 L=128.95097360 C=130.17100088 V=4071300.00000000
[Agent_Features] Generated 18 features for the latest tick.
[Agent] Exploration: Random action: BUY
[Portfolio] Logged Trade: BUY 2.51388858 HD @ 130.17. New Cash: 6217.47, New Coins: 30.70667965
[Agent] Received reward: 0.00000000
[NeuralNetworkInterface] Received reward signal: 0.00000000
[Agent] Making decision using full OHLCV data
[Agent] Price data: O=128.16783142 H=129.47853597 L=128.15959258 C=128.95919997 V=3347400.00000000
[Agent_Features] Generated 18 features for the latest tick.
[Agent] Exploration: Random action: HOLD
[Agent] Received reward: 0.00000000
[NeuralNetworkInterface] Received reward signal: 0.00000000
[Agent] Making decision using full OHLCV data
[Agent] Price data: O=124.73038483 H=127.96178320 L=124.40065518 C=127.90408617 V=11422200.00000000
[Agent_Features] Generated 18 features for the latest tick.
[Agent] Exploration: Random action: SELL
[Portfolio] Logged Trade: SELL 1.53533398 HD @ 127.90. New Cash: 6413.85, New Coins: 29.17134567
[Agent] Received reward: 0.00000000
[NeuralNetworkInterface] Received reward signal: 0.00000000
[Agent] Making decision using full OHLCV data
[Agent] Price data: O=124.82104492 H=125.27443256 L=124.58199285 C=125.02712907 V=4128500.00000000
[Agent_Features] Generated 18 features for the latest tick.
[Agent] Exploration: Random action: SELL
[Portfolio] Logged Trade: SELL 1.45856728 HD @ 125.03. New Cash: 6596.21, New Coins: 27.71277838
[Agent] Received reward: 0.00000000
[NeuralNetworkInterface] Received reward signal: 0.00000000
[Agent] Making decision using full OHLCV data
[Agent] Price data: O=125.49700928 H=126.32958472 L=124.26874321 C=124.52428554 V=4567100.00000000
[Agent_Features] Generated 18 features for the latest tick.
[Agent] Exploration: Random action: BUY
[Portfolio] Logged Trade: BUY 2.64856305 HD @ 124.52. New Cash: 6266.40, New Coins: 30.36134143
[Agent] Received reward: 0.00000000
[NeuralNetworkInterface] Received reward signal: 0.00000000
[Agent] Making decision using full OHLCV data
[Agent] Price data: O=126.31306458 H=126.49441959 L=125.59589592 C=125.91738662 V=5087000.00000000
[Agent_Features] Generated 18 features for the latest tick.
[Agent] Exploration: Random action: BUY
[Portfolio] Logged Trade: BUY 2.48829735 HD @ 125.92. New Cash: 5953.08, New Coins: 32.84963878
[Agent] Received reward: 0.00000000
[NeuralNetworkInterface] Received reward signal: 0.00000000
[Agent] Making decision using full OHLCV data
[Agent] Price data: O=125.43109131 H=126.12353121 L=124.90351626 C=125.93393726 V=2855400.00000000
[Agent_Features] Generated 18 features for the latest tick.
[Agent] Exploration: Random action: HOLD
[Agent] Received reward: 0.00000000
[NeuralNetworkInterface] Received reward signal: 0.00000000
[Agent] Making decision using full OHLCV data
[Agent] Price data: O=126.45322418 H=126.94783115 L=125.52173242 C=125.71956514 V=3640900.00000000
[Agent_Features] Generated 18 features for the latest tick.
[Agent] Exploration: Random action: SELL
[Portfolio] Logged Trade: SELL 1.64248194 HD @ 125.72. New Cash: 6159.57, New Coins: 31.20715684
[Agent] Received reward: 0.00000000
[NeuralNetworkInterface] Received reward signal: 0.00000000
[Agent] Making decision using full OHLCV data
[Agent] Price data: O=126.95603180 H=127.59901312 L=126.70874097 C=127.26928363 V=1658500.00000000
[Agent_Features] Generated 18 features for the latest tick.
[Agent] Exploration: Random action: BUY
[Portfolio] Logged Trade: BUY 2.41989663 HD @ 127.27. New Cash: 5851.59, New Coins: 33.62705348
[Agent] Received reward: -0.00000000
[NeuralNetworkInterface] Received reward signal: -0.00000000
[Agent] Making decision using full OHLCV data
[Agent] Price data: O=125.86791992 H=127.18685054 L=124.85398973 C=126.95603737 V=4432500.00000000
[Agent_Features] Generated 18 features for the latest tick.
[Agent] Exploration: Random action: HOLD
[Agent] Received reward: 0.00000000
[NeuralNetworkInterface] Received reward signal: 0.00000000
[Agent] Making decision using full OHLCV data
[Agent] Price data: O=125.34033203 H=125.69479059 L=124.65613142 C=125.10951888 V=3408500.00000000
[Agent_Features] Generated 18 features for the latest tick.
[Agent] Exploration: Random action: HOLD
[Agent] Received reward: 0.00000000
[NeuralNetworkInterface] Received reward signal: 0.00000000
[Agent] Making decision using full OHLCV data
[Agent] Price data: O=125.48873901 H=126.01631386 L=125.21670647 C=125.33211307 V=3775400.00000000
[Agent_Features] Generated 18 features for the latest tick.
[Agent] Exploration: Random action: HOLD
[Agent] Received reward: 0.00000000
[NeuralNetworkInterface] Received reward signal: 0.00000000
[Agent] Making decision using full OHLCV data
[Agent] Price data: O=124.62319946 H=125.51348449 L=124.47482491 C=125.48051656 V=5081100.00000000
[Agent_Features] Generated 18 features for the latest tick.
[Agent] Exploration: Random action: BUY
[Portfolio] Logged Trade: BUY 2.33167342 HD @ 125.48. New Cash: 5559.01, New Coins: 35.95872690
[Agent] Received reward: 0.00000000
[NeuralNetworkInterface] Received reward signal: 0.00000000
[Agent] Making decision using full OHLCV data
[Agent] Price data: O=124.14509583 H=125.14253606 L=124.06265713 C=124.84577438 V=5642000.00000000
[Agent_Features] Generated 18 features for the latest tick.
[Agent] Exploration: Random action: SELL
[Portfolio] Logged Trade: SELL 1.79793634 HD @ 124.85. New Cash: 5783.48, New Coins: 34.16079055
[Agent] Received reward: 0.00000000
[NeuralNetworkInterface] Received reward signal: 0.00000000
[Agent] Making decision using full OHLCV data
[Agent] Price data: O=125.78553009 H=126.23891778 L=124.54902508 C=124.85403820 V=4275900.00000000
[Agent_Features] Generated 18 features for the latest tick.
[Agent] Exploration: Random action: HOLD
[Agent] Received reward: 0.00000000
[NeuralNetworkInterface] Received reward signal: 0.00000000
[Agent] Making decision using full OHLCV data
[Agent] Price data: O=126.36256409 H=127.05501646 L=125.79378234 C=125.97513742 V=3288000.00000000
[Agent_Features] Generated 18 features for the latest tick.
[Agent] Exploration: Random action: HOLD
[Agent] Received reward: 0.00000000
[NeuralNetworkInterface] Received reward signal: 0.00000000
[Agent] Making decision using full OHLCV data
[Agent] Price data: O=126.02459717 H=126.67581762 L=125.15080229 C=126.30486862 V=3588400.00000000
[Agent_Features] Generated 18 features for the latest tick.
[Agent] Exploration: Random action: HOLD
[Agent] Received reward: 0.00000000
[NeuralNetworkInterface] Received reward signal: 0.00000000
[Agent] Making decision using full OHLCV data
[Agent] Price data: O=126.85713196 H=127.35997768 L=125.89265985 C=126.04103437 V=4166600.00000000
[Agent_Features] Generated 18 features for the latest tick.
[Agent] Exploration: Random action: BUY
[Portfolio] Logged Trade: BUY 2.29428333 HD @ 126.04. New Cash: 5494.30, New Coins: 36.45507388
[Agent] Received reward: 0.00000000
[NeuralNetworkInterface] Received reward signal: 0.00000000
[Agent] Making decision using full OHLCV data
[Agent] Price data: O=125.43929291 H=126.83242371 L=125.28266695 C=126.74174618 V=3783600.00000000
[Agent_Features] Generated 18 features for the latest tick.
[Agent] Exploration: Random action: SELL
[Portfolio] Logged Trade: SELL 1.82275369 HD @ 126.74. New Cash: 5725.32, New Coins: 34.63232018
[Agent] Received reward: 0.00000000
[NeuralNetworkInterface] Received reward signal: 0.00000000
[Agent] Making decision using full OHLCV data
[Agent] Price data: O=126.37075043 H=126.94778329 L=125.75249824 C=125.75249824 V=2808400.00000000
[Agent_Features] Generated 18 features for the latest tick.
[Agent] Exploration: Random action: BUY
[Portfolio] Logged Trade: BUY 2.27642476 HD @ 125.75. New Cash: 5439.06, New Coins: 36.90874495
[Agent] Received reward: 0.00000000
[NeuralNetworkInterface] Received reward signal: 0.00000000
[Agent] Making decision using full OHLCV data
[Agent] Price data: O=121.20220947 H=125.76904129 L=120.03165301 C=125.76078987 V=18264100.00000000
[Agent_Features] Generated 18 features for the latest tick.
[Agent] Exploration: Random action: BUY
[Portfolio] Logged Trade: BUY 2.16246094 HD @ 125.76. New Cash: 5167.10, New Coins: 39.07120589
[Agent] Received reward: 0.00000000
[NeuralNetworkInterface] Received reward signal: 0.00000000
[Agent] Making decision using full OHLCV data
[Agent] Price data: O=120.88891602 H=121.55663900 L=120.46027019 C=121.20216784 V=9120200.00000000
[Agent_Features] Generated 18 features for the latest tick.
[Agent] Exploration: Random action: SELL
[Portfolio] Logged Trade: SELL 1.95356029 HD @ 121.20. New Cash: 5403.88, New Coins: 37.11764559
[Agent] Received reward: 0.00000000
[NeuralNetworkInterface] Received reward signal: 0.00000000
[Agent] Making decision using full OHLCV data
[Agent] Price data: O=119.18258667 H=120.92193739 L=118.91055408 C=120.85598896 V=7295900.00000000
[Agent_Features] Generated 18 features for the latest tick.
[Agent] Exploration: Random action: HOLD
[Agent] Received reward: 0.00000000
[NeuralNetworkInterface] Received reward signal: 0.00000000
[Agent] Making decision using full OHLCV data
[Agent] Price data: O=121.15277863 H=121.50723741 L=119.75964744 C=120.13884790 V=5002400.00000000
[Agent_Features] Generated 18 features for the latest tick.
[Agent] Exploration: Random action: BUY
[Portfolio] Logged Trade: BUY 2.24901394 HD @ 120.14. New Cash: 5133.68, New Coins: 39.36665953
[Agent] Received reward: 0.00000000
[NeuralNetworkInterface] Received reward signal: 0.00000000
[Agent] Making decision using full OHLCV data
[Agent] Price data: O=120.92192841 H=121.38355485 L=120.32016626 C=121.06206411 V=2836000.00000000
[Agent_Features] Generated 18 features for the latest tick.
[Agent] Exploration: Random action: BUY
[Portfolio] Logged Trade: BUY 2.12026986 HD @ 121.06. New Cash: 4877.00, New Coins: 41.48692939
[Agent] Received reward: 0.00000000
[NeuralNetworkInterface] Received reward signal: 0.00000000
[Agent] Making decision using full OHLCV data
[Agent] Price data: O=121.77923584 H=121.88640362 L=120.26245960 C=120.50151166 V=5399000.00000000
[Agent_Features] Generated 18 features for the latest tick.
[Agent] Exploration: Random action: HOLD
[Agent] Received reward: 0.00000000
[NeuralNetworkInterface] Received reward signal: 0.00000000
[Agent] Making decision using full OHLCV data
[Agent] Price data: O=122.06771851 H=122.22434441 L=121.44122746 C=121.91933143 V=3421100.00000000
[Agent_Features] Generated 18 features for the latest tick.
[Agent] Exploration: Random action: HOLD
[Agent] Received reward: 0.00000000
[NeuralNetworkInterface] Received reward signal: 0.00000000
[Agent] Making decision using full OHLCV data
[Agent] Price data: O=123.32077789 H=123.63401729 L=121.62263369 C=122.00183411 V=5253300.00000000
[Agent_Features] Generated 18 features for the latest tick.
[Agent] Exploration: Random action: SELL
[Portfolio] Logged Trade: SELL 2.07434647 HD @ 122.00. New Cash: 5130.07, New Coins: 39.41258292
[Agent] Received reward: 0.00000000
[NeuralNetworkInterface] Received reward signal: 0.00000000
[Agent] Making decision using full OHLCV data
[Agent] Price data: O=123.52679443 H=123.97193048 L=122.78488425 C=123.84828507 V=4110600.00000000
[Agent_Features] Generated 18 features for the latest tick.
[Agent] Exploration: Random action: SELL
[Portfolio] Logged Trade: SELL 1.97062915 HD @ 123.85. New Cash: 5374.13, New Coins: 37.44195377
[Agent] Received reward: 0.00000000
[NeuralNetworkInterface] Received reward signal: 0.00000000
[Agent] Making decision using full OHLCV data
[Agent] Price data: O=124.06259918 H=124.35936072 L=123.58448267 C=123.60097292 V=3754200.00000000
[Agent_Features] Generated 18 features for the latest tick.
[Agent] Exploration: Random action: SELL
[Portfolio] Logged Trade: SELL 1.87209769 HD @ 123.60. New Cash: 5605.53, New Coins: 35.56985608
[Agent] Received reward: 0.00000000
[NeuralNetworkInterface] Received reward signal: 0.00000000
[Agent] Making decision using full OHLCV data
[Agent] Price data: O=124.30167389 H=125.32385550 L=124.06262188 C=124.22748664 V=5146600.00000000
[Agent_Features] Generated 18 features for the latest tick.
[Agent] Exploration: Random action: HOLD
[Agent] Received reward: 0.00000000
[NeuralNetworkInterface] Received reward signal: 0.00000000
[Agent] Making decision using full OHLCV data
[Agent] Price data: O=125.91743469 H=125.91743469 L=124.30998059 C=124.48308426 V=3258600.00000000
[Agent_Features] Generated 18 features for the latest tick.
[Agent] Exploration: Random action: BUY
[Portfolio] Logged Trade: BUY 2.25152153 HD @ 124.48. New Cash: 5325.25, New Coins: 37.82137761
[Agent] Received reward: 0.00000000
[NeuralNetworkInterface] Received reward signal: 0.00000000
[Agent] Making decision using full OHLCV data
[Agent] Price data: O=126.41201019 H=127.33526307 L=125.68659003 C=125.98335168 V=3833600.00000000
[Agent_Features] Generated 18 features for the latest tick.
[Agent] Exploration: Random action: SELL
[Portfolio] Logged Trade: SELL 1.89106888 HD @ 125.98. New Cash: 5563.49, New Coins: 35.93030873
[Agent] Received reward: 0.00000000
[NeuralNetworkInterface] Received reward signal: 0.00000000
[Agent] Making decision using full OHLCV data
[Agent] Price data: O=126.41201019 H=127.11268869 L=126.18943581 C=126.38728110 V=3218900.00000000
[Agent_Features] Generated 18 features for the latest tick.
[Agent] Exploration: Random action: SELL
[Portfolio] Logged Trade: SELL 1.79651544 HD @ 126.39. New Cash: 5790.55, New Coins: 34.13379330
[Agent] Received reward: 0.00000000
[NeuralNetworkInterface] Received reward signal: 0.00000000
[Agent] Making decision using full OHLCV data
[Agent] Price data: O=127.98649597 H=128.24205088 L=126.38729353 C=126.41202263 V=3844900.00000000
[Agent_Features] Generated 18 features for the latest tick.
[Agent] Exploration: Random action: BUY
[Portfolio] Logged Trade: BUY 2.29034799 HD @ 126.41. New Cash: 5501.02, New Coins: 36.42414129
[Agent] Received reward: 0.00000000
[NeuralNetworkInterface] Received reward signal: 0.00000000
[Simulation] Simulation run finished. Ticks processed in this run: 92

Simulation Finished in 0.03 seconds.
--------------------
  Final Portfolio  
--------------------
Cash:      $5501.02
Asset:     36.4241 HD
Total Value: $10105.47
--------------------
[Simulation] Simulation destroyed.
[AutonomousTradingAgent] Agent destroyed
[NeuralNetworkInterface] Destructor called.
[Portfolio] Destroyed for asset: HD. Final cash: 5501.02, Final assets: 36.42
