Loading data from training_run_20250621_150556/data/JPM_1d_20160221_to_20160913.csv...
Loaded 94 data points.
[Portfolio] Initialized for asset: JPM with initial cash: 10000.00. Initial Portfolio Value: 10000.00
[NeuralNetworkInterface] Constructor called.
[NeuralNetworkInterface] Initializing...
Warning: NN model path is empty. Initializing in a mock state.
[NeuralNetworkInterface] Initialized successfully.
[AutonomousTradingAgent] Agent initialized for JPM without API client (CSV mode).
[Simulation] Initialized with 94 data points.
[Simulation] API client is NULL (offline/CSV mode).

Starting Simulation for JPM...
[Simulation] Starting simulation run...
[Agent] Making decision using full OHLCV data
[Agent] Price data: O=49.84 H=50.00 L=49.33 C=49.76 V=10247300.00
[Agent_Features] Generated 15 features for the latest tick.
[Agent] Exploration: Random action: SELL
[Agent] Received reward: 0.00
[NeuralNetworkInterface] Received reward signal: 0.00
[Agent] Making decision using full OHLCV data
[Agent] Price data: O=48.88 H=49.15 L=48.29 C=49.15 V=19120300.00
[Agent_Features] Generated 17 features for the latest tick.
[Agent] Exploration: Random action: SELL
[Agent] Received reward: 0.00
[NeuralNetworkInterface] Received reward signal: 0.00
[Agent] Making decision using full OHLCV data
[Agent] Price data: O=48.11 H=48.65 L=47.87 C=48.25 V=17030200.00
[Agent_Features] Generated 17 features for the latest tick.
[Agent] Exploration: Random action: HOLD
[Agent] Received reward: 0.00
[NeuralNetworkInterface] Received reward signal: 0.00
[Agent] Making decision using full OHLCV data
[Agent] Price data: O=47.85 H=48.44 L=47.71 C=48.13 V=14033900.00
[Agent_Features] Generated 17 features for the latest tick.
[Agent] Exploration: Random action: SELL
[Agent] Received reward: 0.00
[NeuralNetworkInterface] Received reward signal: 0.00
[Agent] Making decision using full OHLCV data
[Agent] Price data: O=48.13 H=48.19 L=47.34 C=47.43 V=11057900.00
[Agent_Features] Generated 18 features for the latest tick.
[Agent] Exploration: Random action: BUY
[Portfolio] Logged Trade: BUY 10.54267501 JPM @ 47.43. New Cash: 9500.00, New Coins: 10.54267501
[Agent] Received reward: 0.00000000
[NeuralNetworkInterface] Received reward signal: 0.00000000
[Agent] Making decision using full OHLCV data
[Agent] Price data: O=47.82476807 H=48.35606781 L=47.69975654 C=47.94977960 V=11197100.00000000
[Agent_Features] Generated 18 features for the latest tick.
[Agent] Exploration: Random action: BUY
[Portfolio] Logged Trade: BUY 9.90619778 JPM @ 47.95. New Cash: 9025.00, New Coins: 20.44887279
[Agent] Received reward: 0.00000000
[NeuralNetworkInterface] Received reward signal: 0.00000000
[Agent] Making decision using full OHLCV data
[Agent] Price data: O=48.47325897 H=48.64514793 L=47.93414442 C=48.09040955 V=11897200.00000000
[Agent_Features] Generated 18 features for the latest tick.
[Agent] Exploration: Random action: HOLD
[Agent] Received reward: 0.00000000
[NeuralNetworkInterface] Received reward signal: 0.00000000
[Agent] Making decision using full OHLCV data
[Agent] Price data: O=48.29356384 H=48.91080660 L=48.29356384 C=48.41857537 V=11254000.00000000
[Agent_Features] Generated 18 features for the latest tick.
[Agent] Exploration: Random action: HOLD
[Agent] Received reward: 0.00000000
[NeuralNetworkInterface] Received reward signal: 0.00000000
[Agent] Making decision using full OHLCV data
[Agent] Price data: O=48.26232147 H=48.87956735 L=47.94979108 C=48.65298297 V=11071700.00000000
[Agent_Features] Generated 18 features for the latest tick.
[Agent] Exploration: Random action: BUY
[Portfolio] Logged Trade: BUY 9.27486811 JPM @ 48.65. New Cash: 8573.75, New Coins: 29.72374090
[Agent] Received reward: 0.00000000
[NeuralNetworkInterface] Received reward signal: 0.00000000
[Agent] Making decision using full OHLCV data
[Agent] Price data: O=47.81694412 H=48.75453185 L=47.67630581 C=48.20760543 V=15122300.00000000
[Agent_Features] Generated 18 features for the latest tick.
[Agent] Exploration: Random action: BUY
[Portfolio] Logged Trade: BUY 8.89252839 JPM @ 48.21. New Cash: 8145.06, New Coins: 38.61626929
[Agent] Received reward: 0.00000000
[NeuralNetworkInterface] Received reward signal: 0.00000000
[Agent] Making decision using full OHLCV data
[Agent] Price data: O=48.17636108 H=48.43419902 L=47.66068818 C=47.82476525 V=10951300.00000000
[Agent_Features] Generated 18 features for the latest tick.
[Agent] Exploration: Random action: BUY
[Portfolio] Logged Trade: BUY 8.51552795 JPM @ 47.82. New Cash: 7737.81, New Coins: 47.13179724
[Agent] Received reward: 0.00000000
[NeuralNetworkInterface] Received reward signal: 0.00000000
[Agent] Making decision using full OHLCV data
[Agent] Price data: O=48.17636108 H=48.56702246 L=47.77788779 C=47.99665721 V=12180900.00000000
[Agent_Features] Generated 18 features for the latest tick.
[Agent] Exploration: Random action: BUY
[Portfolio] Logged Trade: BUY 8.06077946 JPM @ 48.00. New Cash: 7350.92, New Coins: 55.19257670
[Agent] Received reward: 0.00000000
[NeuralNetworkInterface] Received reward signal: 0.00000000
[Agent] Making decision using full OHLCV data
[Agent] Price data: O=50.03591156 H=50.13748138 L=48.19980124 C=48.20761614 V=24007100.00000000
[Agent_Features] Generated 18 features for the latest tick.
[Agent] Exploration: Random action: BUY
[Portfolio] Logged Trade: BUY 7.62422984 JPM @ 48.21. New Cash: 6983.37, New Coins: 62.81680654
[Agent] Received reward: 0.00000000
[NeuralNetworkInterface] Received reward signal: 0.00000000
[Agent] Making decision using full OHLCV data
[Agent] Price data: O=49.52804184 H=50.17654106 L=49.14519541 C=49.63742653 V=16076200.00000000
[Agent_Features] Generated 18 features for the latest tick.
[Agent] Exploration: Random action: BUY
[Portfolio] Logged Trade: BUY 7.03438257 JPM @ 49.64. New Cash: 6634.20, New Coins: 69.85118911
[Agent] Received reward: 0.00000000
[NeuralNetworkInterface] Received reward signal: 0.00000000
[Agent] Making decision using full OHLCV data
[Agent] Price data: O=49.62180710 H=50.15310979 L=49.51242239 C=49.89527185 V=11862000.00000000
[Agent_Features] Generated 18 features for the latest tick.
[Agent] Exploration: Random action: HOLD
[Agent] Received reward: 0.00000000
[NeuralNetworkInterface] Received reward signal: 0.00000000
[Agent] Making decision using full OHLCV data
[Agent] Price data: O=49.58274078 H=49.90308299 L=49.34834456 C=49.57492887 V=9347500.00000000
[Agent_Features] Generated 18 features for the latest tick.
[Agent] Exploration: Random action: BUY
[Portfolio] Logged Trade: BUY 6.69108808 JPM @ 49.57. New Cash: 6302.49, New Coins: 76.54227719
[Agent] Received reward: 0.00000000
[NeuralNetworkInterface] Received reward signal: 0.00000000
[Agent] Making decision using full OHLCV data
[Agent] Price data: O=50.42658234 H=50.60628327 L=49.85621696 C=49.95778679 V=13839400.00000000
[Agent_Features] Generated 18 features for the latest tick.
[Agent] Exploration: Random action: SELL
[Portfolio] Logged Trade: SELL 3.82711386 JPM @ 49.96. New Cash: 6493.69, New Coins: 72.71516333
[Agent] Received reward: -0.00000000
[NeuralNetworkInterface] Received reward signal: -0.00000000
[Agent] Making decision using full OHLCV data
[Agent] Price data: O=51.19226456 H=51.72356427 L=50.72347209 C=50.73910189 V=18935200.00000000
[Agent_Features] Generated 18 features for the latest tick.
[Agent] Exploration: Random action: BUY
[Portfolio] Logged Trade: BUY 6.39909655 JPM @ 50.74. New Cash: 6169.00, New Coins: 79.11425988
[Agent] Received reward: 0.00000000
[NeuralNetworkInterface] Received reward signal: 0.00000000
[Agent] Making decision using full OHLCV data
[Agent] Price data: O=50.80941391 H=51.23914378 L=50.71565900 C=51.23132888 V=9428400.00000000
[Agent_Features] Generated 18 features for the latest tick.
[Agent] Exploration: Random action: HOLD
[Agent] Received reward: 0.00000000
[NeuralNetworkInterface] Received reward signal: 0.00000000
[Agent] Making decision using full OHLCV data
[Agent] Price data: O=51.12195969 H=51.14539842 L=50.82505912 C=50.95006769 V=10116000.00000000
[Agent_Features] Generated 18 features for the latest tick.
[Agent] Exploration: Random action: BUY
[Portfolio] Logged Trade: BUY 6.05397019 JPM @ 50.95. New Cash: 5860.55, New Coins: 85.16823007
[Agent] Received reward: 0.00000000
[NeuralNetworkInterface] Received reward signal: 0.00000000
[Agent] Making decision using full OHLCV data
[Agent] Price data: O=50.99693298 H=51.42666288 L=50.75472484 C=51.35634669 V=15139400.00000000
[Agent_Features] Generated 18 features for the latest tick.
[Agent] Exploration: Random action: HOLD
[Agent] Received reward: 0.00000000
[NeuralNetworkInterface] Received reward signal: 0.00000000
[Agent] Making decision using full OHLCV data
[Agent] Price data: O=51.32508850 H=51.50478938 L=50.20779684 C=50.59845817 V=14031000.00000000
[Agent_Features] Generated 18 features for the latest tick.
[Agent] Exploration: Random action: BUY
[Portfolio] Logged Trade: BUY 5.79123737 JPM @ 50.60. New Cash: 5567.53, New Coins: 90.95946744
[Agent] Received reward: 0.00000000
[NeuralNetworkInterface] Received reward signal: 0.00000000
[Agent] Making decision using full OHLCV data
[Agent] Price data: O=51.41885376 H=51.41885376 L=50.91099869 C=51.19226942 V=10637600.00000000
[Agent_Features] Generated 18 features for the latest tick.
[Agent] Exploration: Random action: SELL
[Portfolio] Logged Trade: SELL 4.54797337 JPM @ 51.19. New Cash: 5800.35, New Coins: 86.41149406
[Agent] Received reward: 0.00000000
[NeuralNetworkInterface] Received reward signal: 0.00000000
[Agent] Making decision using full OHLCV data
[Agent] Price data: O=50.50471497 H=50.67660697 L=49.65307283 C=50.19999949 V=20261700.00000000
[Agent_Features] Generated 18 features for the latest tick.
[Agent] Exploration: Random action: SELL
[Portfolio] Logged Trade: SELL 4.32057470 JPM @ 50.20. New Cash: 6017.24, New Coins: 82.09091936
[Agent] Received reward: 0.00000000
[NeuralNetworkInterface] Received reward signal: 0.00000000
[Agent] Making decision using full OHLCV data
[Agent] Price data: O=51.00474930 H=51.37978685 L=50.47344958 C=50.50470320 V=13193500.00000000
[Agent_Features] Generated 18 features for the latest tick.
[Agent] Exploration: Random action: SELL
[Portfolio] Logged Trade: SELL 4.10454597 JPM @ 50.50. New Cash: 6224.54, New Coins: 77.98637339
[Agent] Received reward: 0.00000000
[NeuralNetworkInterface] Received reward signal: 0.00000000
[Agent] Making decision using full OHLCV data
[Agent] Price data: O=50.83285904 H=51.36415878 L=50.81723521 C=51.13757445 V=9924100.00000000
[Agent_Features] Generated 18 features for the latest tick.
[Agent] Exploration: Random action: SELL
[Portfolio] Logged Trade: SELL 3.89931867 JPM @ 51.14. New Cash: 6423.94, New Coins: 74.08705472
[Agent] Received reward: 0.00000000
[NeuralNetworkInterface] Received reward signal: 0.00000000
[Agent] Making decision using full OHLCV data
[Agent] Price data: O=50.98131561 H=51.16102249 L=50.72347764 C=50.73129254 V=9428000.00000000
[Agent_Features] Generated 18 features for the latest tick.
[Agent] Exploration: Random action: SELL
[Portfolio] Logged Trade: SELL 3.70435274 JPM @ 50.73. New Cash: 6611.87, New Coins: 70.38270199
[Agent] Received reward: 0.00000000
[NeuralNetworkInterface] Received reward signal: 0.00000000
[Agent] Making decision using full OHLCV data
[Agent] Price data: O=50.59064865 H=50.70784826 L=50.21561110 C=50.62190228 V=10817800.00000000
[Agent_Features] Generated 18 features for the latest tick.
[Agent] Exploration: Random action: HOLD
[Agent] Received reward: 0.00000000
[NeuralNetworkInterface] Received reward signal: 0.00000000
[Agent] Making decision using full OHLCV data
[Agent] Price data: O=49.87963486 H=50.05933870 L=49.67649229 C=49.94995401 V=16678400.00000000
[Agent_Features] Generated 18 features for the latest tick.
[Agent] Exploration: Random action: HOLD
[Agent] Received reward: 0.00000000
[NeuralNetworkInterface] Received reward signal: 0.00000000
[Agent] Making decision using full OHLCV data
[Agent] Price data: O=49.43428421 H=50.27029622 L=49.42646931 C=49.59836125 V=14314900.00000000
[Agent_Features] Generated 18 features for the latest tick.
[Agent] Exploration: Random action: BUY
[Portfolio] Logged Trade: BUY 6.66540878 JPM @ 49.60. New Cash: 6281.27, New Coins: 77.04811077
[Agent] Received reward: 0.00000000
[NeuralNetworkInterface] Received reward signal: 0.00000000
[Agent] Making decision using full OHLCV data
[Agent] Price data: O=48.50451279 H=49.59055082 L=48.19198253 C=48.97330520 V=19509300.00000000
[Agent_Features] Generated 18 features for the latest tick.
[Agent] Exploration: Random action: SELL
[Portfolio] Logged Trade: SELL 3.85240554 JPM @ 48.97. New Cash: 6469.94, New Coins: 73.19570523
[Agent] Received reward: 0.00000000
[NeuralNetworkInterface] Received reward signal: 0.00000000
[Agent] Making decision using full OHLCV data
[Agent] Price data: O=48.41857529 H=49.20771001 L=48.37169485 C=48.76235625 V=16982100.00000000
[Agent_Features] Generated 18 features for the latest tick.
[Agent] Exploration: Random action: SELL
[Portfolio] Logged Trade: SELL 3.65978526 JPM @ 48.76. New Cash: 6648.40, New Coins: 69.53591997
[Agent] Received reward: 0.00000000
[NeuralNetworkInterface] Received reward signal: 0.00000000
[Agent] Making decision using full OHLCV data
[Agent] Price data: O=48.61389923 H=48.67640350 L=47.58255351 C=48.01228040 V=16791200.00000000
[Agent_Features] Generated 18 features for the latest tick.
[Agent] Exploration: Random action: SELL
[Portfolio] Logged Trade: SELL 3.47679600 JPM @ 48.01. New Cash: 6815.33, New Coins: 66.05912397
[Agent] Received reward: 0.00000000
[NeuralNetworkInterface] Received reward signal: 0.00000000
[Agent] Making decision using full OHLCV data
[Agent] Price data: O=48.66077042 H=48.99673937 L=48.38730870 C=48.67639723 V=15751500.00000000
[Agent_Features] Generated 18 features for the latest tick.
[Agent] Exploration: Random action: BUY
[Portfolio] Logged Trade: BUY 7.00064896 JPM @ 48.68. New Cash: 6474.56, New Coins: 73.05977293
[Agent] Received reward: 0.00000000
[NeuralNetworkInterface] Received reward signal: 0.00000000
[Agent] Making decision using full OHLCV data
[Agent] Price data: O=48.73108673 H=49.88744375 L=48.70764801 C=49.57491652 V=12213200.00000000
[Agent_Features] Generated 18 features for the latest tick.
[Agent] Exploration: Random action: HOLD
[Agent] Received reward: 0.00000000
[NeuralNetworkInterface] Received reward signal: 0.00000000
[Agent] Making decision using full OHLCV data
[Agent] Price data: O=49.18426132 H=49.22332686 L=48.55138890 C=49.01236939 V=11611600.00000000
[Agent_Features] Generated 18 features for the latest tick.
[Agent] Exploration: Random action: BUY
[Portfolio] Logged Trade: BUY 6.60502757 JPM @ 49.01. New Cash: 6150.83, New Coins: 79.66480050
[Agent] Received reward: 0.00000000
[NeuralNetworkInterface] Received reward signal: 0.00000000
[Agent] Making decision using full OHLCV data
[Agent] Price data: O=48.99674988 H=49.77807264 L=48.97331115 C=49.18426865 V=12643500.00000000
[Agent_Features] Generated 18 features for the latest tick.
[Agent] Exploration: Random action: HOLD
[Agent] Received reward: 0.00000000
[NeuralNetworkInterface] Received reward signal: 0.00000000
[Agent] Making decision using full OHLCV data
[Agent] Price data: O=50.04373169 H=50.12186278 L=49.63744046 C=49.77026690 V=16583600.00000000
[Agent_Features] Generated 18 features for the latest tick.
[Agent] Exploration: Random action: SELL
[Portfolio] Logged Trade: SELL 3.98324002 JPM @ 49.77. New Cash: 6349.08, New Coins: 75.68156047
[Agent] Received reward: 0.00000000
[NeuralNetworkInterface] Received reward signal: 0.00000000
[Agent] Making decision using full OHLCV data
[Agent] Price data: O=46.56683731 H=48.20761697 L=46.36369470 C=47.25440220 V=44108700.00000000
[Agent_Features] Generated 18 features for the latest tick.
[Agent] Exploration: Random action: SELL
[Portfolio] Logged Trade: SELL 3.78407802 JPM @ 47.25. New Cash: 6527.89, New Coins: 71.89748245
[Agent] Received reward: 0.00000000
[NeuralNetworkInterface] Received reward signal: 0.00000000
[Agent] Making decision using full OHLCV data
[Agent] Price data: O=45.01200867 H=45.90271622 L=44.57446681 C=45.87146259 V=37300700.00000000
[Agent_Features] Generated 18 features for the latest tick.
[Agent] Exploration: Random action: HOLD
[Agent] Received reward: 0.00000000
[NeuralNetworkInterface] Received reward signal: 0.00000000
[Agent] Making decision using full OHLCV data
[Agent] Price data: O=46.50433350 H=46.52777223 L=45.51986510 C=46.24649554 V=29088700.00000000
[Agent_Features] Generated 18 features for the latest tick.
[Agent] Exploration: Random action: SELL
[Portfolio] Logged Trade: SELL 3.59487412 JPM @ 46.25. New Cash: 6694.14, New Coins: 68.30260833
[Agent] Received reward: 0.00000000
[NeuralNetworkInterface] Received reward signal: 0.00000000
[Agent] Making decision using full OHLCV data
[Agent] Price data: O=47.81694412 H=47.82475604 L=46.87935640 C=47.16063301 V=21483000.00000000
[Agent_Features] Generated 18 features for the latest tick.
[Agent] Exploration: Random action: BUY
[Portfolio] Logged Trade: BUY 7.09717421 JPM @ 47.16. New Cash: 6359.44, New Coins: 75.39978254
[Agent] Received reward: 0.00000000
[NeuralNetworkInterface] Received reward signal: 0.00000000
[Agent] Making decision using full OHLCV data
[Agent] Price data: O=48.55138779 H=48.59045332 L=47.67630728 C=48.15291456 V=21343600.00000000
[Agent_Features] Generated 18 features for the latest tick.
[Agent] Exploration: Random action: SELL
[Portfolio] Logged Trade: SELL 3.76998913 JPM @ 48.15. New Cash: 6540.97, New Coins: 71.62979341
[Agent] Received reward: -0.00000000
[NeuralNetworkInterface] Received reward signal: -0.00000000
[Agent] Making decision using full OHLCV data
[Agent] Price data: O=48.23643875 H=48.82699262 L=48.15769944 C=48.55140202 V=14217800.00000000
[Agent_Features] Generated 18 features for the latest tick.
[Agent] Exploration: Random action: BUY
[Portfolio] Logged Trade: BUY 6.73613225 JPM @ 48.55. New Cash: 6213.92, New Coins: 78.36592566
[Agent] Received reward: 0.00000000
[NeuralNetworkInterface] Received reward signal: 0.00000000
[Agent] Making decision using full OHLCV data
[Agent] Price data: O=46.88997269 H=47.71674743 L=46.53563979 C=47.59863847 V=23357700.00000000
[Agent_Features] Generated 18 features for the latest tick.
[Agent] Exploration: Random action: SELL
[Portfolio] Logged Trade: SELL 3.91829628 JPM @ 47.60. New Cash: 6400.43, New Coins: 74.44762938
[Agent] Received reward: 0.00000000
[NeuralNetworkInterface] Received reward signal: 0.00000000
[Agent] Making decision using full OHLCV data
[Agent] Price data: O=47.39391327 H=47.47265558 L=46.26792370 C=46.46477498 V=20429800.00000000
[Agent_Features] Generated 18 features for the latest tick.
[Agent] Exploration: Random action: HOLD
[Agent] Received reward: 0.00000000
[NeuralNetworkInterface] Received reward signal: 0.00000000
[Agent] Making decision using full OHLCV data
[Agent] Price data: O=47.70101547 H=48.14196053 L=47.37030368 C=47.65377007 V=13771400.00000000
[Agent_Features] Generated 18 features for the latest tick.
[Agent] Exploration: Random action: HOLD
[Agent] Received reward: 0.00000000
[NeuralNetworkInterface] Received reward signal: 0.00000000
[Agent] Making decision using full OHLCV data
[Agent] Price data: O=48.68525696 H=48.95297180 L=48.29155442 C=48.29155442 V=16998800.00000000
[Agent_Features] Generated 18 features for the latest tick.
[Agent] Exploration: Random action: HOLD
[Agent] Received reward: 0.00000000
[NeuralNetworkInterface] Received reward signal: 0.00000000
[Agent] Making decision using full OHLCV data
[Agent] Price data: O=49.03171158 H=49.56714724 L=48.92934808 C=49.14982053 V=13151400.00000000
[Agent_Features] Generated 18 features for the latest tick.
[Agent] Exploration: Random action: HOLD
[Agent] Received reward: 0.00000000
[NeuralNetworkInterface] Received reward signal: 0.00000000
[Agent] Making decision using full OHLCV data
[Agent] Price data: O=49.76400757 H=50.04747391 L=49.51991088 C=49.63014713 V=16588100.00000000
[Agent_Features] Generated 18 features for the latest tick.
[Agent] Exploration: Random action: SELL
[Portfolio] Logged Trade: SELL 3.72238147 JPM @ 49.63. New Cash: 6585.17, New Coins: 70.72524791
[Agent] Received reward: 0.00000000
[NeuralNetworkInterface] Received reward signal: 0.00000000
[Agent] Making decision using full OHLCV data
[Agent] Price data: O=49.73249817 H=49.94509787 L=49.32304722 C=49.66950733 V=18526900.00000000
[Agent_Features] Generated 18 features for the latest tick.
[Agent] Exploration: Random action: SELL
[Portfolio] Logged Trade: SELL 3.53626240 JPM @ 49.67. New Cash: 6760.82, New Coins: 67.18898551
[Agent] Received reward: 0.00000000
[NeuralNetworkInterface] Received reward signal: 0.00000000
[Agent] Making decision using full OHLCV data
[Agent] Price data: O=50.48842239 H=51.16559133 L=50.43330427 C=50.97660976 V=28985900.00000000
[Agent_Features] Generated 18 features for the latest tick.
[Agent] Exploration: Random action: SELL
[Portfolio] Logged Trade: SELL 3.35944928 JPM @ 50.98. New Cash: 6932.07, New Coins: 63.82953624
[Agent] Received reward: 0.00000000
[NeuralNetworkInterface] Received reward signal: 0.00000000
[Agent] Making decision using full OHLCV data
[Agent] Price data: O=50.53565598 H=51.02384927 L=50.08683534 C=50.98447661 V=17607100.00000000
[Agent_Features] Generated 18 features for the latest tick.
[Agent] Exploration: Random action: BUY
[Portfolio] Logged Trade: BUY 6.79821658 JPM @ 50.98. New Cash: 6585.47, New Coins: 70.62775282
[Agent] Received reward: 0.00000000
[NeuralNetworkInterface] Received reward signal: 0.00000000
[Agent] Making decision using full OHLCV data
[Agent] Price data: O=50.36242294 H=50.70888306 L=50.31518057 C=50.49628035 V=10824400.00000000
[Agent_Features] Generated 18 features for the latest tick.
[Agent] Exploration: Random action: HOLD
[Agent] Received reward: 0.00000000
[NeuralNetworkInterface] Received reward signal: 0.00000000
[Agent] Making decision using full OHLCV data
[Agent] Price data: O=50.28368378 H=50.47265929 L=49.96872058 C=50.08683253 V=9737400.00000000
[Agent_Features] Generated 18 features for the latest tick.
[Agent] Exploration: Random action: HOLD
[Agent] Received reward: 0.00000000
[NeuralNetworkInterface] Received reward signal: 0.00000000
[Agent] Making decision using full OHLCV data
[Agent] Price data: O=50.33880615 H=50.57503008 L=50.16557608 C=50.48053930 V=10411100.00000000
[Agent_Features] Generated 18 features for the latest tick.
[Agent] Exploration: Random action: BUY
[Portfolio] Logged Trade: BUY 6.52277775 JPM @ 50.48. New Cash: 6256.19, New Coins: 77.15053058
[Agent] Received reward: 0.00000000
[NeuralNetworkInterface] Received reward signal: 0.00000000
[Agent] Making decision using full OHLCV data
[Agent] Price data: O=50.14982224 H=50.53565200 L=50.10257986 C=50.39391886 V=9808700.00000000
[Agent_Features] Generated 18 features for the latest tick.
[Agent] Exploration: Random action: BUY
[Portfolio] Logged Trade: BUY 6.20729006 JPM @ 50.39. New Cash: 5943.38, New Coins: 83.35782064
[Agent] Received reward: 0.00000000
[NeuralNetworkInterface] Received reward signal: 0.00000000
[Agent] Making decision using full OHLCV data
[Agent] Price data: O=50.42542648 H=50.46479314 L=50.07896630 C=50.31519024 V=8195700.00000000
[Agent_Features] Generated 18 features for the latest tick.
[Agent] Exploration: Random action: BUY
[Portfolio] Logged Trade: BUY 5.90615253 JPM @ 50.32. New Cash: 5646.21, New Coins: 89.26397317
[Agent] Received reward: 0.00000000
[NeuralNetworkInterface] Received reward signal: 0.00000000
[Agent] Making decision using full OHLCV data
[Agent] Price data: O=50.29156113 H=50.52778205 L=50.14195524 C=50.37817617 V=8168300.00000000
[Agent_Features] Generated 18 features for the latest tick.
[Agent] Exploration: Random action: HOLD
[Agent] Received reward: 0.00000000
[NeuralNetworkInterface] Received reward signal: 0.00000000
[Agent] Making decision using full OHLCV data
[Agent] Price data: O=50.49628067 H=50.59864717 L=50.16557201 C=50.37817172 V=8067800.00000000
[Agent_Features] Generated 18 features for the latest tick.
[Agent] Exploration: Random action: BUY
[Portfolio] Logged Trade: BUY 5.60383037 JPM @ 50.38. New Cash: 5363.90, New Coins: 94.86780354
[Agent] Received reward: 0.00000000
[NeuralNetworkInterface] Received reward signal: 0.00000000
[Agent] Making decision using full OHLCV data
[Agent] Price data: O=50.65377808 H=50.93724443 L=50.44117531 C=50.45692678 V=11806800.00000000
[Agent_Features] Generated 18 features for the latest tick.
[Agent] Exploration: Random action: SELL
[Portfolio] Logged Trade: SELL 4.74339018 JPM @ 50.46. New Cash: 5603.24, New Coins: 90.12441337
[Agent] Received reward: 0.00000000
[NeuralNetworkInterface] Received reward signal: 0.00000000
[Agent] Making decision using full OHLCV data
[Agent] Price data: O=50.47266769 H=50.54353728 L=50.17345591 C=50.39392838 V=10013400.00000000
[Agent_Features] Generated 18 features for the latest tick.
[Agent] Exploration: Random action: HOLD
[Agent] Received reward: 0.00000000
[NeuralNetworkInterface] Received reward signal: 0.00000000
[Agent] Making decision using full OHLCV data
[Agent] Price data: O=50.37030411 H=50.62227349 L=50.19707403 C=50.23644368 V=13210400.00000000
[Agent_Features] Generated 18 features for the latest tick.
[Agent] Exploration: Random action: SELL
[Portfolio] Logged Trade: SELL 4.50622067 JPM @ 50.24. New Cash: 5829.62, New Coins: 85.61819270
[Agent] Received reward: 0.00000000
[NeuralNetworkInterface] Received reward signal: 0.00000000
[Agent] Making decision using full OHLCV data
[Agent] Price data: O=50.23644638 H=50.63802167 L=50.08684049 C=50.51203998 V=11422600.00000000
[Agent_Features] Generated 18 features for the latest tick.
[Agent] Exploration: Random action: HOLD
[Agent] Received reward: 0.00000000
[NeuralNetworkInterface] Received reward signal: 0.00000000
[Agent] Making decision using full OHLCV data
[Agent] Price data: O=50.11833572 H=50.40180204 L=49.90573599 C=50.07109034 V=13550000.00000000
[Agent_Features] Generated 18 features for the latest tick.
[Agent] Exploration: Random action: SELL
[Portfolio] Logged Trade: SELL 4.28090963 JPM @ 50.07. New Cash: 6043.97, New Coins: 81.33728306
[Agent] Received reward: -0.00000000
[NeuralNetworkInterface] Received reward signal: -0.00000000
[Agent] Making decision using full OHLCV data
[Agent] Price data: O=50.91361618 H=50.92148591 L=50.11833535 C=50.14982928 V=13122300.00000000
[Agent_Features] Generated 18 features for the latest tick.
[Agent] Exploration: Random action: SELL
[Portfolio] Logged Trade: SELL 4.06686415 JPM @ 50.15. New Cash: 6247.92, New Coins: 77.27041891
[Agent] Received reward: 0.00000000
[NeuralNetworkInterface] Received reward signal: 0.00000000
[Agent] Making decision using full OHLCV data
[Agent] Price data: O=50.83486557 H=51.03959255 L=50.60651740 C=50.77974746 V=9873000.00000000
[Agent_Features] Generated 18 features for the latest tick.
[Agent] Exploration: Random action: HOLD
[Agent] Received reward: 0.00000000
[NeuralNetworkInterface] Received reward signal: 0.00000000
[Agent] Making decision using full OHLCV data
[Agent] Price data: O=52.20496368 H=52.26008180 L=51.23645271 C=51.29157083 V=20752700.00000000
[Agent_Features] Generated 18 features for the latest tick.
[Agent] Exploration: Random action: BUY
[Portfolio] Logged Trade: BUY 6.09059100 JPM @ 51.29. New Cash: 5935.52, New Coins: 83.36100991
[Agent] Received reward: 0.00000000
[NeuralNetworkInterface] Received reward signal: 0.00000000
[Agent] Making decision using full OHLCV data
[Agent] Price data: O=52.04747772 H=52.35456524 L=51.84275071 C=52.02385653 V=11359200.00000000
[Agent_Features] Generated 18 features for the latest tick.
[Agent] Exploration: Random action: HOLD
[Agent] Received reward: 0.00000000
[NeuralNetworkInterface] Received reward signal: 0.00000000
[Agent] Making decision using full OHLCV data
[Agent] Price data: O=51.86637497 H=52.18920793 L=51.72464181 C=52.11046862 V=10097000.00000000
[Agent_Features] Generated 18 features for the latest tick.
[Agent] Exploration: Random action: BUY
[Portfolio] Logged Trade: BUY 5.69513552 JPM @ 52.11. New Cash: 5638.75, New Coins: 89.05614543
[Agent] Received reward: 0.00000000
[NeuralNetworkInterface] Received reward signal: 0.00000000
[Agent] Making decision using full OHLCV data
[Agent] Price data: O=51.40179443 H=52.02384507 L=51.30730968 C=51.90573312 V=11556100.00000000
[Agent_Features] Generated 18 features for the latest tick.
[Agent] Exploration: Random action: BUY
[Portfolio] Logged Trade: BUY 5.43171929 JPM @ 51.91. New Cash: 5356.81, New Coins: 94.48786472
[Agent] Received reward: 0.00000000
[NeuralNetworkInterface] Received reward signal: 0.00000000
[Agent] Making decision using full OHLCV data
[Agent] Price data: O=51.54354095 H=51.72464678 L=51.19708076 C=51.39393205 V=9604500.00000000
[Agent_Features] Generated 18 features for the latest tick.
[Agent] Exploration: Random action: SELL
[Portfolio] Logged Trade: SELL 4.72439324 JPM @ 51.39. New Cash: 5599.62, New Coins: 89.76347148
[Agent] Received reward: -0.00000000
[NeuralNetworkInterface] Received reward signal: -0.00000000
[Agent] Making decision using full OHLCV data
[Agent] Price data: O=51.43329620 H=51.45691739 L=51.07109061 C=51.15770565 V=7685400.00000000
[Agent_Features] Generated 18 features for the latest tick.
[Agent] Exploration: Random action: HOLD
[Agent] Received reward: 0.00000000
[NeuralNetworkInterface] Received reward signal: 0.00000000
[Agent] Making decision using full OHLCV data
[Agent] Price data: O=51.74825668 H=51.83487171 L=51.54352970 C=51.62226900 V=8371600.00000000
[Agent_Features] Generated 18 features for the latest tick.
[Agent] Exploration: Random action: HOLD
[Agent] Received reward: 0.00000000
[NeuralNetworkInterface] Received reward signal: 0.00000000
[Agent] Making decision using full OHLCV data
[Agent] Price data: O=51.74039078 H=51.93724206 L=51.37030940 C=51.46480018 V=10128900.00000000
[Agent_Features] Generated 18 features for the latest tick.
[Agent] Exploration: Random action: SELL
[Portfolio] Logged Trade: SELL 4.48817357 JPM @ 51.46. New Cash: 5830.60, New Coins: 85.27529791
[Agent] Received reward: 0.00000000
[NeuralNetworkInterface] Received reward signal: 0.00000000
[Agent] Making decision using full OHLCV data
[Agent] Price data: O=51.88211823 H=51.95298780 L=51.60652766 C=51.81125465 V=11868100.00000000
[Agent_Features] Generated 18 features for the latest tick.
[Agent] Exploration: Random action: SELL
[Portfolio] Logged Trade: SELL 4.26376490 JPM @ 51.81. New Cash: 6051.51, New Coins: 81.01153301
[Agent] Received reward: 0.00000000
[NeuralNetworkInterface] Received reward signal: 0.00000000
[Agent] Making decision using full OHLCV data
[Agent] Price data: O=51.92936707 H=51.96086399 L=51.59865835 C=51.66952793 V=9313600.00000000
[Agent_Features] Generated 18 features for the latest tick.
[Agent] Exploration: Random action: BUY
[Portfolio] Logged Trade: BUY 5.85597490 JPM @ 51.67. New Cash: 5748.93, New Coins: 86.86750791
[Agent] Received reward: -0.00000000
[NeuralNetworkInterface] Received reward signal: -0.00000000
[Agent] Making decision using full OHLCV data
[Agent] Price data: O=51.85850525 H=51.89787791 L=51.35456642 C=51.74826901 V=9084900.00000000
[Agent_Features] Generated 18 features for the latest tick.
[Agent] Exploration: Random action: SELL
[Portfolio] Logged Trade: SELL 4.34337540 JPM @ 51.75. New Cash: 5973.70, New Coins: 82.52413251
[Agent] Received reward: 0.00000000
[NeuralNetworkInterface] Received reward signal: 0.00000000
[Agent] Making decision using full OHLCV data
[Agent] Price data: O=51.81125641 H=51.87424425 L=51.50416891 C=51.77188375 V=9055600.00000000
[Agent_Features] Generated 18 features for the latest tick.
[Agent] Exploration: Random action: SELL
[Portfolio] Logged Trade: SELL 4.12620663 JPM @ 51.77. New Cash: 6187.32, New Coins: 78.39792589
[Agent] Received reward: 0.00000000
[NeuralNetworkInterface] Received reward signal: 0.00000000
[Agent] Making decision using full OHLCV data
[Agent] Price data: O=51.78763199 H=52.23645267 L=51.77976226 C=52.02385593 V=8949600.00000000
[Agent_Features] Generated 18 features for the latest tick.
[Agent] Exploration: Random action: BUY
[Portfolio] Logged Trade: BUY 5.94661550 JPM @ 52.02. New Cash: 5877.95, New Coins: 84.34454139
[Agent] Received reward: -0.00000000
[NeuralNetworkInterface] Received reward signal: -0.00000000
[Agent] Making decision using full OHLCV data
[Agent] Price data: O=51.92936707 H=52.14984555 L=51.78763390 C=51.96086399 V=10167200.00000000
[Agent_Features] Generated 18 features for the latest tick.
[Agent] Exploration: Random action: SELL
[Portfolio] Logged Trade: SELL 4.21722707 JPM @ 51.96. New Cash: 6097.08, New Coins: 80.12731432
[Agent] Received reward: 0.00000000
[NeuralNetworkInterface] Received reward signal: 0.00000000
[Agent] Making decision using full OHLCV data
[Agent] Price data: O=52.02385330 H=52.07897142 L=51.80338084 C=51.89787161 V=9978700.00000000
[Agent_Features] Generated 18 features for the latest tick.
[Agent] Exploration: Random action: SELL
[Portfolio] Logged Trade: SELL 4.00636572 JPM @ 51.90. New Cash: 6305.00, New Coins: 76.12094860
[Agent] Received reward: 0.00000000
[NeuralNetworkInterface] Received reward signal: 0.00000000
[Agent] Making decision using full OHLCV data
[Agent] Price data: O=52.14196014 H=52.66164432 L=51.85061813 C=52.22857517 V=14038600.00000000
[Agent_Features] Generated 18 features for the latest tick.
[Agent] Exploration: Random action: BUY
[Portfolio] Logged Trade: BUY 6.03597177 JPM @ 52.23. New Cash: 5989.75, New Coins: 82.15692038
[Agent] Received reward: -0.00000000
[NeuralNetworkInterface] Received reward signal: -0.00000000
[Agent] Making decision using full OHLCV data
[Agent] Price data: O=52.71676636 H=52.83487832 L=52.33093956 C=52.35456075 V=14583100.00000000
[Agent_Features] Generated 18 features for the latest tick.
[Agent] Exploration: Random action: SELL
[Portfolio] Logged Trade: SELL 4.10784602 JPM @ 52.35. New Cash: 6204.82, New Coins: 78.04907436
[Agent] Received reward: 0.00000000
[NeuralNetworkInterface] Received reward signal: 0.00000000
[Agent] Making decision using full OHLCV data
[Agent] Price data: O=53.14982224 H=53.22856151 L=52.71674721 C=52.71674721 V=13791200.00000000
[Agent_Features] Generated 18 features for the latest tick.
[Agent] Exploration: Random action: SELL
[Portfolio] Logged Trade: SELL 3.90245372 JPM @ 52.72. New Cash: 6410.54, New Coins: 74.14662064
[Agent] Received reward: 0.00000000
[NeuralNetworkInterface] Received reward signal: 0.00000000
[Agent] Making decision using full OHLCV data
[Agent] Price data: O=53.14982224 H=53.36241888 L=52.64588366 C=53.11832532 V=14952300.00000000
[Agent_Features] Generated 18 features for the latest tick.
[Agent] Exploration: Random action: HOLD
[Agent] Received reward: 0.00000000
[NeuralNetworkInterface] Received reward signal: 0.00000000
[Agent] Making decision using full OHLCV data
[Agent] Price data: O=52.92148209 H=53.32306026 L=52.48053727 C=53.26006643 V=12226500.00000000
[Agent_Features] Generated 18 features for the latest tick.
[Agent] Exploration: Random action: BUY
[Portfolio] Logged Trade: BUY 6.01815157 JPM @ 53.26. New Cash: 6090.02, New Coins: 80.16477221
[Agent] Received reward: 0.00000000
[NeuralNetworkInterface] Received reward signal: 0.00000000
[Agent] Making decision using full OHLCV data
[Agent] Price data: O=53.14196396 H=53.21283354 L=52.74039172 C=53.07110039 V=13720700.00000000
[Agent_Features] Generated 18 features for the latest tick.
[Agent] Exploration: Random action: HOLD
[Agent] Received reward: 0.00000000
[NeuralNetworkInterface] Received reward signal: 0.00000000
[Agent] Making decision using full OHLCV data
[Agent] Price data: O=53.10259247 H=53.18920749 L=52.52778420 C=53.14983484 V=16649400.00000000
[Agent_Features] Generated 18 features for the latest tick.
[Agent] Exploration: Random action: HOLD
[Agent] Received reward: 0.00000000
[NeuralNetworkInterface] Received reward signal: 0.00000000
[Agent] Making decision using full OHLCV data
[Agent] Price data: O=52.88212967 H=53.22070810 L=52.72464504 C=52.88212967 V=10070400.00000000
[Agent_Features] Generated 18 features for the latest tick.
[Agent] Exploration: Random action: HOLD
[Agent] Received reward: 0.00000000
[NeuralNetworkInterface] Received reward signal: 0.00000000
[Agent] Making decision using full OHLCV data
[Agent] Price data: O=52.95299530 H=53.29157975 L=52.75614402 C=52.92937411 V=12253000.00000000
[Agent_Features] Generated 18 features for the latest tick.
[Agent] Exploration: Random action: BUY
[Portfolio] Logged Trade: BUY 5.75296420 JPM @ 52.93. New Cash: 5785.52, New Coins: 85.91773641
[Agent] Received reward: 0.00000000
[NeuralNetworkInterface] Received reward signal: 0.00000000
[Agent] Making decision using full OHLCV data
[Agent] Price data: O=52.48056030 H=53.09473543 L=52.47268457 C=52.77977213 V=19686900.00000000
[Agent_Features] Generated 18 features for the latest tick.
[Agent] Exploration: Random action: SELL
[Portfolio] Logged Trade: SELL 4.29588682 JPM @ 52.78. New Cash: 6012.25, New Coins: 81.62184959
[Agent] Received reward: 0.00000000
[NeuralNetworkInterface] Received reward signal: 0.00000000
[Agent] Making decision using full OHLCV data
[Agent] Price data: O=52.80338287 H=52.99236442 L=51.77975987 C=52.07897164 V=16453000.00000000
[Agent_Features] Generated 18 features for the latest tick.
[Agent] Exploration: Random action: BUY
[Portfolio] Logged Trade: BUY 5.77224438 JPM @ 52.08. New Cash: 5711.64, New Coins: 87.39409397
[Agent] Received reward: 0.00000000
[NeuralNetworkInterface] Received reward signal: 0.00000000
[Agent] Making decision using full OHLCV data
[Agent] Price data: O=52.38605499 H=52.64590009 L=51.82699815 C=52.05534633 V=18876100.00000000
[Agent_Features] Generated 18 features for the latest tick.
[Agent] Exploration: Random action: BUY
[Portfolio] Logged Trade: BUY 5.48612090 JPM @ 52.06. New Cash: 5426.06, New Coins: 92.88021487
[Agent] Received reward: 0.00000000
[NeuralNetworkInterface] Received reward signal: 0.00000000
[Simulation] Simulation run finished. Ticks processed in this run: 94

Simulation Finished in 0.01 seconds.
--------------------
  Final Portfolio  
--------------------
Cash:      $5426.06
Asset:     92.8802 JPM
Total Value: $10260.97
--------------------
[Simulation] Simulation destroyed.
[AutonomousTradingAgent] Agent destroyed
[NeuralNetworkInterface] Destructor called.
[Portfolio] Destroyed for asset: JPM. Final cash: 5426.06, Final assets: 92.88
