Loading data from training_run_20250621_150556/data/JPM_1d_20210409_to_20211011.csv...
Loaded 80 data points.
[Portfolio] Initialized for asset: JPM with initial cash: 10000.00. Initial Portfolio Value: 10000.00
[NeuralNetworkInterface] Constructor called.
[NeuralNetworkInterface] Initializing...
Warning: NN model path is empty. Initializing in a mock state.
[NeuralNetworkInterface] Initialized successfully.
[AutonomousTradingAgent] Agent initialized for JPM without API client (CSV mode).
[Simulation] Initialized with 80 data points.
[Simulation] API client is NULL (offline/CSV mode).

Starting Simulation for JPM...
[Simulation] Starting simulation run...
[Agent] Making decision using full OHLCV data
[Agent] Price data: O=132.90 H=134.50 L=132.57 C=134.14 V=43595700.00
[Agent_Features] Generated 15 features for the latest tick.
[Agent] Exploration: Random action: HOLD
[Agent] Received reward: 0.00
[NeuralNetworkInterface] Received reward signal: 0.00
[Agent] Making decision using full OHLCV data
[Agent] Price data: O=135.15 H=135.84 L=133.89 C=133.94 V=18664800.00
[Agent_Features] Generated 17 features for the latest tick.
[Agent] Exploration: Random action: SELL
[Agent] Received reward: 0.00
[NeuralNetworkInterface] Received reward signal: 0.00
[Agent] Making decision using full OHLCV data
[Agent] Price data: O=134.96 H=135.64 L=133.56 C=135.31 V=14251200.00
[Agent_Features] Generated 17 features for the latest tick.
[Agent] Exploration: Random action: SELL
[Agent] Received reward: 0.00
[NeuralNetworkInterface] Received reward signal: 0.00
[Agent] Making decision using full OHLCV data
[Agent] Price data: O=135.77 H=136.60 L=134.85 C=134.95 V=12733300.00
[Agent_Features] Generated 17 features for the latest tick.
[Agent] Exploration: Random action: HOLD
[Agent] Received reward: 0.00
[NeuralNetworkInterface] Received reward signal: 0.00
[Agent] Making decision using full OHLCV data
[Agent] Price data: O=137.02 H=137.57 L=135.86 C=136.49 V=13733200.00
[Agent_Features] Generated 18 features for the latest tick.
[Agent] Exploration: Random action: BUY
[Portfolio] Logged Trade: BUY 3.66323388 JPM @ 136.49. New Cash: 9500.00, New Coins: 3.66323388
[Agent] Received reward: 0.00000000
[NeuralNetworkInterface] Received reward signal: 0.00000000
[Agent] Making decision using full OHLCV data
[Agent] Price data: O=138.40507507 H=138.80937147 L=136.26677746 C=137.09334294 V=15484900.00000000
[Agent_Features] Generated 18 features for the latest tick.
[Agent] Exploration: Random action: SELL
[Portfolio] Logged Trade: SELL 0.18316169 JPM @ 137.09. New Cash: 9525.11, New Coins: 3.48007218
[Agent] Received reward: 0.00000000
[NeuralNetworkInterface] Received reward signal: 0.00000000
[Agent] Making decision using full OHLCV data
[Agent] Price data: O=138.65666199 H=138.79142291 L=136.67109761 C=138.09063871 V=14125800.00000000
[Agent_Features] Generated 18 features for the latest tick.
[Agent] Exploration: Random action: SELL
[Portfolio] Logged Trade: SELL 0.17400361 JPM @ 138.09. New Cash: 9549.14, New Coins: 3.30606857
[Agent] Received reward: 0.00000000
[NeuralNetworkInterface] Received reward signal: 0.00000000
[Agent] Making decision using full OHLCV data
[Agent] Price data: O=138.48591614 H=140.43553457 L=138.00974274 C=139.25857718 V=14528700.00000000
[Agent_Features] Generated 18 features for the latest tick.
[Agent] Exploration: Random action: BUY
[Portfolio] Logged Trade: BUY 3.42856387 JPM @ 139.26. New Cash: 9071.68, New Coins: 6.73463244
[Agent] Received reward: 0.00000000
[NeuralNetworkInterface] Received reward signal: 0.00000000
[Agent] Making decision using full OHLCV data
[Agent] Price data: O=139.74374390 H=140.22891054 L=138.09960614 C=138.13553781 V=12531000.00000000
[Agent_Features] Generated 18 features for the latest tick.
[Agent] Exploration: Random action: HOLD
[Agent] Received reward: 0.00000000
[NeuralNetworkInterface] Received reward signal: 0.00000000
[Agent] Making decision using full OHLCV data
[Agent] Price data: O=141.12738037 H=141.18128474 L=139.63596221 C=140.39065078 V=10479400.00000000
[Agent_Features] Generated 18 features for the latest tick.
[Agent] Exploration: Random action: HOLD
[Agent] Received reward: 0.00000000
[NeuralNetworkInterface] Received reward signal: 0.00000000
[Agent] Making decision using full OHLCV data
[Agent] Price data: O=140.99180603 H=141.25386351 L=140.16950865 C=140.91951479 V=11424000.00000000
[Agent_Features] Generated 18 features for the latest tick.
[Agent] Exploration: Random action: SELL
[Portfolio] Logged Trade: SELL 0.33673162 JPM @ 140.92. New Cash: 9119.13, New Coins: 6.39790082
[Agent] Received reward: -0.00000000
[NeuralNetworkInterface] Received reward signal: -0.00000000
[Agent] Making decision using full OHLCV data
[Agent] Price data: O=138.62432861 H=140.76590331 L=137.66649375 C=140.76590331 V=15083400.00000000
[Agent_Features] Generated 18 features for the latest tick.
[Agent] Exploration: Random action: BUY
[Portfolio] Logged Trade: BUY 3.23911311 JPM @ 140.77. New Cash: 8663.18, New Coins: 9.63701393
[Agent] Received reward: 0.00000000
[NeuralNetworkInterface] Received reward signal: 0.00000000
[Agent] Making decision using full OHLCV data
[Agent] Price data: O=138.78698730 H=139.41048729 L=136.94360864 C=137.35926610 V=12271800.00000000
[Agent_Features] Generated 18 features for the latest tick.
[Agent] Exploration: Random action: SELL
[Portfolio] Logged Trade: SELL 0.48185070 JPM @ 137.36. New Cash: 8729.36, New Coins: 9.15516323
[Agent] Received reward: 0.00000000
[NeuralNetworkInterface] Received reward signal: 0.00000000
[Agent] Making decision using full OHLCV data
[Agent] Price data: O=136.39239502 H=137.82914741 L=135.57912881 C=136.99781872 V=17834600.00000000
[Agent_Features] Generated 18 features for the latest tick.
[Agent] Exploration: Random action: BUY
[Portfolio] Logged Trade: BUY 3.18594986 JPM @ 137.00. New Cash: 8292.90, New Coins: 12.34111309
[Agent] Received reward: 0.00000000
[NeuralNetworkInterface] Received reward signal: 0.00000000
[Agent] Making decision using full OHLCV data
[Agent] Price data: O=140.75689697 H=141.10026321 L=137.87434685 C=138.29904937 V=13694500.00000000
[Agent_Features] Generated 18 features for the latest tick.
[Agent] Exploration: Random action: HOLD
[Agent] Received reward: 0.00000000
[NeuralNetworkInterface] Received reward signal: 0.00000000
[Agent] Making decision using full OHLCV data
[Agent] Price data: O=142.77194214 H=143.82014452 L=139.10324760 C=139.47373507 V=19940400.00000000
[Agent_Features] Generated 18 features for the latest tick.
[Agent] Exploration: Random action: SELL
[Portfolio] Logged Trade: SELL 0.61705565 JPM @ 139.47. New Cash: 8378.96, New Coins: 11.72405744
[Agent] Received reward: -0.00000000
[NeuralNetworkInterface] Received reward signal: -0.00000000
[Agent] Making decision using full OHLCV data
[Agent] Price data: O=140.64845276 H=142.22075658 L=138.70567520 C=141.00990905 V=22671700.00000000
[Agent_Features] Generated 18 features for the latest tick.
[Agent] Exploration: Random action: BUY
[Portfolio] Logged Trade: BUY 2.97105308 JPM @ 141.01. New Cash: 7960.01, New Coins: 14.69511052
[Agent] Received reward: 0.00000000
[NeuralNetworkInterface] Received reward signal: 0.00000000
[Agent] Making decision using full OHLCV data
[Agent] Price data: O=140.16949463 H=142.12131665 L=138.20864138 C=140.91950069 V=14622800.00000000
[Agent_Features] Generated 18 features for the latest tick.
[Agent] Exploration: Random action: HOLD
[Agent] Received reward: 0.00000000
[NeuralNetworkInterface] Received reward signal: 0.00000000
[Agent] Making decision using full OHLCV data
[Agent] Price data: O=140.47676086 H=141.44362702 L=138.88638096 C=139.06710219 V=11539300.00000000
[Agent_Features] Generated 18 features for the latest tick.
[Agent] Exploration: Random action: BUY
[Portfolio] Logged Trade: BUY 2.86193156 JPM @ 139.07. New Cash: 7562.01, New Coins: 17.55704208
[Agent] Received reward: 0.00000000
[NeuralNetworkInterface] Received reward signal: 0.00000000
[Agent] Making decision using full OHLCV data
[Agent] Price data: O=137.26893616 H=141.21775168 L=136.46471480 C=140.92860041 V=14002700.00000000
[Agent_Features] Generated 18 features for the latest tick.
[Agent] Exploration: Random action: BUY
[Portfolio] Logged Trade: BUY 2.68292242 JPM @ 140.93. New Cash: 7183.91, New Coins: 20.23996450
[Agent] Received reward: 0.00000000
[NeuralNetworkInterface] Received reward signal: 0.00000000
[Agent] Making decision using full OHLCV data
[Agent] Price data: O=132.80502319 H=135.38034553 L=131.66646704 C=134.23274435 V=22172900.00000000
[Agent_Features] Generated 18 features for the latest tick.
[Agent] Exploration: Random action: BUY
[Portfolio] Logged Trade: BUY 2.67591547 JPM @ 134.23. New Cash: 6824.71, New Coins: 22.91587997
[Agent] Received reward: -0.00000000
[NeuralNetworkInterface] Received reward signal: -0.00000000
[Agent] Making decision using full OHLCV data
[Agent] Price data: O=135.28096008 H=136.55505384 L=132.22671998 C=132.39841000 V=15385200.00000000
[Agent_Features] Generated 18 features for the latest tick.
[Agent] Exploration: Random action: SELL
[Portfolio] Logged Trade: SELL 1.14579400 JPM @ 132.40. New Cash: 6976.42, New Coins: 21.77008598
[Agent] Received reward: 0.00000000
[NeuralNetworkInterface] Received reward signal: 0.00000000
[Agent] Making decision using full OHLCV data
[Agent] Price data: O=138.12734985 H=138.84120357 L=136.77191989 C=137.39541988 V=12356700.00000000
[Agent_Features] Generated 18 features for the latest tick.
[Agent] Exploration: Random action: SELL
[Portfolio] Logged Trade: SELL 1.08850430 JPM @ 137.40. New Cash: 7125.97, New Coins: 20.68158168
[Agent] Received reward: 0.00000000
[NeuralNetworkInterface] Received reward signal: 0.00000000
[Agent] Making decision using full OHLCV data
[Agent] Price data: O=136.38334656 H=138.65144136 L=135.51587916 C=138.14541641 V=9913300.00000000
[Agent_Features] Generated 18 features for the latest tick.
[Agent] Exploration: Random action: HOLD
[Agent] Received reward: 0.00000000
[NeuralNetworkInterface] Received reward signal: 0.00000000
[Agent] Making decision using full OHLCV data
[Agent] Price data: O=136.12129211 H=138.10925300 L=135.76888093 C=136.88032947 V=9666100.00000000
[Agent_Features] Generated 18 features for the latest tick.
[Agent] Exploration: Random action: SELL
[Portfolio] Logged Trade: SELL 1.03407908 JPM @ 136.88. New Cash: 7267.52, New Coins: 19.64750259
[Agent] Received reward: 0.00000000
[NeuralNetworkInterface] Received reward signal: 0.00000000
[Agent] Making decision using full OHLCV data
[Agent] Price data: O=137.03395081 H=137.31408455 L=135.69659723 C=135.71467349 V=8208000.00000000
[Agent_Features] Generated 18 features for the latest tick.
[Agent] Exploration: Random action: HOLD
[Agent] Received reward: 0.00000000
[NeuralNetworkInterface] Received reward signal: 0.00000000
[Agent] Making decision using full OHLCV data
[Agent] Price data: O=136.85321045 H=137.79298272 L=135.36224335 C=135.90440694 V=11218700.00000000
[Agent_Features] Generated 18 features for the latest tick.
[Agent] Exploration: Random action: HOLD
[Agent] Received reward: 0.00000000
[NeuralNetworkInterface] Received reward signal: 0.00000000
[Agent] Making decision using full OHLCV data
[Agent] Price data: O=137.07913208 H=138.04601196 L=136.33817095 C=137.61226450 V=9217300.00000000
[Agent_Features] Generated 18 features for the latest tick.
[Agent] Exploration: Random action: HOLD
[Agent] Received reward: 0.00000000
[NeuralNetworkInterface] Received reward signal: 0.00000000
[Agent] Making decision using full OHLCV data
[Agent] Price data: O=138.25384521 H=139.03999012 L=137.26890283 C=138.38035145 V=9063500.00000000
[Agent_Features] Generated 18 features for the latest tick.
[Agent] Exploration: Random action: BUY
[Portfolio] Logged Trade: BUY 2.62592047 JPM @ 138.38. New Cash: 6904.14, New Coins: 22.27342307
[Agent] Received reward: 0.00000000
[NeuralNetworkInterface] Received reward signal: 0.00000000
[Agent] Making decision using full OHLCV data
[Agent] Price data: O=137.15141296 H=138.85925384 L=136.62731182 C=137.87431157 V=9805200.00000000
[Agent_Features] Generated 18 features for the latest tick.
[Agent] Exploration: Random action: HOLD
[Agent] Received reward: 0.00000000
[NeuralNetworkInterface] Received reward signal: 0.00000000
[Agent] Making decision using full OHLCV data
[Agent] Price data: O=136.60023499 H=139.56410751 L=136.50988126 C=137.37734874 V=10203200.00000000
[Agent_Features] Generated 18 features for the latest tick.
[Agent] Exploration: Random action: HOLD
[Agent] Received reward: 0.00000000
[NeuralNetworkInterface] Received reward signal: 0.00000000
[Agent] Making decision using full OHLCV data
[Agent] Price data: O=138.15441895 H=138.54298260 L=135.10922489 C=137.30501420 V=10394800.00000000
[Agent_Features] Generated 18 features for the latest tick.
[Agent] Exploration: Random action: HOLD
[Agent] Received reward: 0.00000000
[NeuralNetworkInterface] Received reward signal: 0.00000000
[Agent] Making decision using full OHLCV data
[Agent] Price data: O=136.66349792 H=138.58819921 L=136.36530166 C=136.67252916 V=10155000.00000000
[Agent_Features] Generated 18 features for the latest tick.
[Agent] Exploration: Random action: BUY
[Portfolio] Logged Trade: BUY 2.52579659 JPM @ 136.67. New Cash: 6558.93, New Coins: 24.79921966
[Agent] Received reward: 0.00000000
[NeuralNetworkInterface] Received reward signal: 0.00000000
[Agent] Making decision using full OHLCV data
[Agent] Price data: O=138.38938904 H=138.87735153 L=137.35926285 C=137.60324410 V=9151500.00000000
[Agent_Features] Generated 18 features for the latest tick.
[Agent] Exploration: Random action: HOLD
[Agent] Received reward: 0.00000000
[NeuralNetworkInterface] Received reward signal: 0.00000000
[Agent] Making decision using full OHLCV data
[Agent] Price data: O=142.32015991 H=142.60932495 L=140.16050851 C=140.23279977 V=13328800.00000000
[Agent_Features] Generated 18 features for the latest tick.
[Agent] Exploration: Random action: BUY
[Portfolio] Logged Trade: BUY 2.33858739 JPM @ 140.23. New Cash: 6230.99, New Coins: 27.13780705
[Agent] Received reward: 0.00000000
[NeuralNetworkInterface] Received reward signal: 0.00000000
[Agent] Making decision using full OHLCV data
[Agent] Price data: O=142.16654968 H=143.26896729 L=140.87436579 C=142.33823970 V=9516900.00000000
[Agent_Features] Generated 18 features for the latest tick.
[Agent] Exploration: Random action: SELL
[Portfolio] Logged Trade: SELL 1.35689035 JPM @ 142.34. New Cash: 6424.12, New Coins: 25.78091670
[Agent] Received reward: -0.00000000
[NeuralNetworkInterface] Received reward signal: -0.00000000
[Agent] Making decision using full OHLCV data
[Agent] Price data: O=143.91050720 H=144.56111466 L=141.24483113 C=141.63339487 V=8667000.00000000
[Agent_Features] Generated 18 features for the latest tick.
[Agent] Exploration: Random action: SELL
[Portfolio] Logged Trade: SELL 1.28904583 JPM @ 141.63. New Cash: 6606.70, New Coins: 24.49187086
[Agent] Received reward: 0.00000000
[NeuralNetworkInterface] Received reward signal: 0.00000000
[Agent] Making decision using full OHLCV data
[Agent] Price data: O=145.62741089 H=145.93463840 L=143.74787953 C=144.57920832 V=9156500.00000000
[Agent_Features] Generated 18 features for the latest tick.
[Agent] Exploration: Random action: SELL
[Portfolio] Logged Trade: SELL 1.22459354 JPM @ 144.58. New Cash: 6783.75, New Coins: 23.26727732
[Agent] Received reward: 0.00000000
[NeuralNetworkInterface] Received reward signal: 0.00000000
[Agent] Making decision using full OHLCV data
[Agent] Price data: O=146.19665527 H=146.72075646 L=145.07617544 C=146.27799154 V=8844200.00000000
[Agent_Features] Generated 18 features for the latest tick.
[Agent] Exploration: Random action: SELL
[Portfolio] Logged Trade: SELL 1.16336387 JPM @ 146.28. New Cash: 6953.92, New Coins: 22.10391345
[Agent] Received reward: 0.00000000
[NeuralNetworkInterface] Received reward signal: 0.00000000
[Agent] Making decision using full OHLCV data
[Agent] Price data: O=144.56109619 H=146.53099459 L=144.19062254 C=146.19664587 V=8980900.00000000
[Agent_Features] Generated 18 features for the latest tick.
[Agent] Exploration: Random action: SELL
[Portfolio] Logged Trade: SELL 1.10519567 JPM @ 146.20. New Cash: 7115.50, New Coins: 20.99871778
[Agent] Received reward: 0.00000000
[NeuralNetworkInterface] Received reward signal: 0.00000000
[Agent] Making decision using full OHLCV data
[Agent] Price data: O=143.61230469 H=143.70267219 L=141.66952741 C=143.62134971 V=8755800.00000000
[Agent_Features] Generated 18 features for the latest tick.
[Agent] Exploration: Random action: SELL
[Portfolio] Logged Trade: SELL 1.04993589 JPM @ 143.62. New Cash: 7266.29, New Coins: 19.94878189
[Agent] Received reward: 0.00000000
[NeuralNetworkInterface] Received reward signal: 0.00000000
[Agent] Making decision using full OHLCV data
[Agent] Price data: O=141.87736511 H=143.54906756 L=140.30507520 C=142.38340387 V=9347200.00000000
[Agent_Features] Generated 18 features for the latest tick.
[Agent] Exploration: Random action: SELL
[Portfolio] Logged Trade: SELL 0.99743909 JPM @ 142.38. New Cash: 7408.31, New Coins: 18.95134280
[Agent] Received reward: 0.00000000
[NeuralNetworkInterface] Received reward signal: 0.00000000
[Agent] Making decision using full OHLCV data
[Agent] Price data: O=140.58518982 H=142.78097962 L=140.36831607 C=141.24482850 V=8065500.00000000
[Agent_Features] Generated 18 features for the latest tick.
[Agent] Exploration: Random action: HOLD
[Agent] Received reward: 0.00000000
[NeuralNetworkInterface] Received reward signal: 0.00000000
[Agent] Making decision using full OHLCV data
[Agent] Price data: O=139.41049194 H=140.56712444 L=138.26289069 C=138.39844196 V=9517700.00000000
[Agent_Features] Generated 18 features for the latest tick.
[Agent] Exploration: Random action: BUY
[Portfolio] Logged Trade: BUY 2.67644234 JPM @ 138.40. New Cash: 7037.89, New Coins: 21.62778514
[Agent] Received reward: 0.00000000
[NeuralNetworkInterface] Received reward signal: 0.00000000
[Agent] Making decision using full OHLCV data
[Agent] Price data: O=139.80805969 H=139.97070464 L=138.39841498 C=139.47372477 V=6974100.00000000
[Agent_Features] Generated 18 features for the latest tick.
[Agent] Exploration: Random action: BUY
[Portfolio] Logged Trade: BUY 2.52301771 JPM @ 139.47. New Cash: 6686.00, New Coins: 24.15080285
[Agent] Received reward: 0.00000000
[NeuralNetworkInterface] Received reward signal: 0.00000000
[Agent] Making decision using full OHLCV data
[Agent] Price data: O=141.59724426 H=141.94965549 L=140.27796685 C=140.35928934 V=7934600.00000000
[Agent_Features] Generated 18 features for the latest tick.
[Agent] Exploration: Random action: HOLD
[Agent] Received reward: 0.00000000
[NeuralNetworkInterface] Received reward signal: 0.00000000
[Agent] Making decision using full OHLCV data
[Agent] Price data: O=142.47377014 H=143.26896019 L=141.75087135 C=141.86834637 V=7670900.00000000
[Agent_Features] Generated 18 features for the latest tick.
[Agent] Exploration: Random action: HOLD
[Agent] Received reward: 0.00000000
[NeuralNetworkInterface] Received reward signal: 0.00000000
[Agent] Making decision using full OHLCV data
[Agent] Price data: O=145.41052246 H=146.18763618 L=142.59123259 C=143.23279505 V=11335000.00000000
[Agent_Features] Generated 18 features for the latest tick.
[Agent] Exploration: Random action: HOLD
[Agent] Received reward: 0.00000000
[NeuralNetworkInterface] Received reward signal: 0.00000000
[Agent] Making decision using full OHLCV data
[Agent] Price data: O=146.16053772 H=148.04006901 L=145.61836019 C=146.62137896 V=11027500.00000000
[Agent_Features] Generated 18 features for the latest tick.
[Agent] Exploration: Random action: HOLD
[Agent] Received reward: 0.00000000
[NeuralNetworkInterface] Received reward signal: 0.00000000
[Agent] Making decision using full OHLCV data
[Agent] Price data: O=147.33525085 H=147.43464961 L=145.71776326 C=146.16054204 V=8780200.00000000
[Agent_Features] Generated 18 features for the latest tick.
[Agent] Exploration: Random action: SELL
[Portfolio] Logged Trade: SELL 1.20754014 JPM @ 146.16. New Cash: 6862.49, New Coins: 22.94326270
[Agent] Received reward: 0.00000000
[NeuralNetworkInterface] Received reward signal: 0.00000000
[Agent] Making decision using full OHLCV data
[Agent] Price data: O=144.97674561 H=147.73278842 L=144.47072078 C=147.47977601 V=7937600.00000000
[Agent_Features] Generated 18 features for the latest tick.
[Agent] Exploration: Random action: SELL
[Portfolio] Logged Trade: SELL 1.14716314 JPM @ 147.48. New Cash: 7031.68, New Coins: 21.79609957
[Agent] Received reward: 0.00000000
[NeuralNetworkInterface] Received reward signal: 0.00000000
[Agent] Making decision using full OHLCV data
[Agent] Price data: O=144.53401184 H=145.81715055 L=143.99184813 C=144.97679059 V=12340800.00000000
[Agent_Features] Generated 18 features for the latest tick.
[Agent] Exploration: Random action: SELL
[Portfolio] Logged Trade: SELL 1.08980498 JPM @ 144.98. New Cash: 7189.67, New Coins: 20.70629459
[Agent] Received reward: 0.00000000
[NeuralNetworkInterface] Received reward signal: 0.00000000
[Agent] Making decision using full OHLCV data
[Agent] Price data: O=144.32615662 H=145.26591515 L=143.64844176 C=144.77796652 V=8729900.00000000
[Agent_Features] Generated 18 features for the latest tick.
[Agent] Exploration: Random action: SELL
[Portfolio] Logged Trade: SELL 1.03531473 JPM @ 144.78. New Cash: 7339.56, New Coins: 19.67097986
[Agent] Received reward: 0.00000000
[NeuralNetworkInterface] Received reward signal: 0.00000000
[Agent] Making decision using full OHLCV data
[Agent] Price data: O=144.99485779 H=146.03401518 L=144.06411659 C=144.59726282 V=8813300.00000000
[Agent_Features] Generated 18 features for the latest tick.
[Agent] Exploration: Random action: BUY
[Portfolio] Logged Trade: BUY 2.53793329 JPM @ 144.60. New Cash: 6972.59, New Coins: 22.20891315
[Agent] Received reward: 0.00000000
[NeuralNetworkInterface] Received reward signal: 0.00000000
[Agent] Making decision using full OHLCV data
[Agent] Price data: O=144.11833191 H=145.38339416 L=143.81109069 C=144.93158424 V=7959700.00000000
[Agent_Features] Generated 18 features for the latest tick.
[Agent] Exploration: Random action: BUY
[Portfolio] Logged Trade: BUY 2.40547496 JPM @ 144.93. New Cash: 6623.96, New Coins: 24.61438811
[Agent] Received reward: 0.00000000
[NeuralNetworkInterface] Received reward signal: 0.00000000
[Agent] Making decision using full OHLCV data
[Agent] Price data: O=143.86532593 H=145.82617940 L=143.63942096 C=144.57014833 V=9285600.00000000
[Agent_Features] Generated 18 features for the latest tick.
[Agent] Exploration: Random action: SELL
[Portfolio] Logged Trade: SELL 1.23071941 JPM @ 144.57. New Cash: 6801.88, New Coins: 23.38366871
[Agent] Received reward: 0.00000000
[NeuralNetworkInterface] Received reward signal: 0.00000000
[Agent] Making decision using full OHLCV data
[Agent] Price data: O=143.22373962 H=144.19965067 L=142.80806845 C=143.57615080 V=7852700.00000000
[Agent_Features] Generated 18 features for the latest tick.
[Agent] Exploration: Random action: HOLD
[Agent] Received reward: 0.00000000
[NeuralNetworkInterface] Received reward signal: 0.00000000
[Agent] Making decision using full OHLCV data
[Agent] Price data: O=143.84724426 H=145.32918025 L=142.84422569 C=143.01591567 V=7904300.00000000
[Agent_Features] Generated 18 features for the latest tick.
[Agent] Exploration: Random action: HOLD
[Agent] Received reward: 0.00000000
[NeuralNetworkInterface] Received reward signal: 0.00000000
[Agent] Making decision using full OHLCV data
[Agent] Price data: O=142.19363403 H=145.22979758 L=142.06712779 C=145.08521508 V=8311600.00000000
[Agent_Features] Generated 18 features for the latest tick.
[Agent] Exploration: Random action: HOLD
[Agent] Received reward: 0.00000000
[NeuralNetworkInterface] Received reward signal: 0.00000000
[Agent] Making decision using full OHLCV data
[Agent] Price data: O=144.45263672 H=144.62432666 L=142.83516362 C=143.25082094 V=10052800.00000000
[Agent_Features] Generated 18 features for the latest tick.
[Agent] Exploration: Random action: SELL
[Portfolio] Logged Trade: SELL 1.16918344 JPM @ 143.25. New Cash: 6969.37, New Coins: 22.21448527
[Agent] Received reward: 0.00000000
[NeuralNetworkInterface] Received reward signal: 0.00000000
[Agent] Making decision using full OHLCV data
[Agent] Price data: O=141.93154907 H=145.78999516 L=141.19960555 C=144.98577420 V=11685600.00000000
[Agent_Features] Generated 18 features for the latest tick.
[Agent] Exploration: Random action: BUY
[Portfolio] Logged Trade: BUY 2.40346629 JPM @ 144.99. New Cash: 6620.90, New Coins: 24.61795156
[Agent] Received reward: 0.00000000
[NeuralNetworkInterface] Received reward signal: 0.00000000
[Agent] Making decision using full OHLCV data
[Agent] Price data: O=142.91650391 H=143.39542127 L=141.38938431 C=141.61528925 V=11691500.00000000
[Agent_Features] Generated 18 features for the latest tick.
[Agent] Exploration: Random action: BUY
[Portfolio] Logged Trade: BUY 2.33763601 JPM @ 141.62. New Cash: 6289.85, New Coins: 26.95558757
[Agent] Received reward: 0.00000000
[NeuralNetworkInterface] Received reward signal: 0.00000000
[Agent] Making decision using full OHLCV data
[Agent] Price data: O=142.85328674 H=145.34728684 L=142.06714173 C=144.04607180 V=10880900.00000000
[Agent_Features] Generated 18 features for the latest tick.
[Agent] Exploration: Random action: BUY
[Portfolio] Logged Trade: BUY 2.18327890 JPM @ 144.05. New Cash: 5975.36, New Coins: 29.13886647
[Agent] Received reward: 0.00000000
[NeuralNetworkInterface] Received reward signal: 0.00000000
[Agent] Making decision using full OHLCV data
[Agent] Price data: O=142.48277283 H=143.68458889 L=141.86831794 C=142.21169790 V=25581600.00000000
[Agent_Features] Generated 18 features for the latest tick.
[Agent] Exploration: Random action: SELL
[Portfolio] Logged Trade: SELL 1.45694332 JPM @ 142.21. New Cash: 6182.56, New Coins: 27.68192315
[Agent] Received reward: 0.00000000
[NeuralNetworkInterface] Received reward signal: 0.00000000
[Agent] Making decision using full OHLCV data
[Agent] Price data: O=138.21769714 H=139.66348062 L=135.98575503 C=139.05805698 V=15819900.00000000
[Agent_Features] Generated 18 features for the latest tick.
[Agent] Exploration: Random action: BUY
[Portfolio] Logged Trade: BUY 2.22301273 JPM @ 139.06. New Cash: 5873.43, New Coins: 29.90493588
[Agent] Received reward: 0.00000000
[NeuralNetworkInterface] Received reward signal: 0.00000000
[Agent] Making decision using full OHLCV data
[Agent] Price data: O=138.23576355 H=139.65445336 L=137.87432112 C=138.73275723 V=8999900.00000000
[Agent_Features] Generated 18 features for the latest tick.
[Agent] Exploration: Random action: SELL
[Portfolio] Logged Trade: SELL 1.49524679 JPM @ 138.73. New Cash: 6080.87, New Coins: 28.40968909
[Agent] Received reward: 0.00000000
[NeuralNetworkInterface] Received reward signal: 0.00000000
[Agent] Making decision using full OHLCV data
[Agent] Price data: O=140.88339233 H=142.09423978 L=140.15146237 C=140.24181609 V=11236200.00000000
[Agent_Features] Generated 18 features for the latest tick.
[Agent] Exploration: Random action: HOLD
[Agent] Received reward: 0.00000000
[NeuralNetworkInterface] Received reward signal: 0.00000000
[Agent] Making decision using full OHLCV data
[Agent] Price data: O=145.64546204 H=146.12439331 L=142.47376086 C=142.77195711 V=12336100.00000000
[Agent_Features] Generated 18 features for the latest tick.
[Agent] Exploration: Random action: BUY
[Portfolio] Logged Trade: BUY 2.12957384 JPM @ 142.77. New Cash: 5776.83, New Coins: 30.53926293
[Agent] Received reward: 0.00000000
[NeuralNetworkInterface] Received reward signal: 0.00000000
[Agent] Making decision using full OHLCV data
[Agent] Price data: O=147.32618713 H=147.82318085 L=145.32016358 C=145.88040352 V=10102400.00000000
[Agent_Features] Generated 18 features for the latest tick.
[Agent] Exploration: Random action: BUY
[Portfolio] Logged Trade: BUY 1.97998667 JPM @ 145.88. New Cash: 5487.98, New Coins: 32.51924960
[Agent] Received reward: 0.00000000
[NeuralNetworkInterface] Received reward signal: 0.00000000
[Agent] Making decision using full OHLCV data
[Agent] Price data: O=150.88645935 H=151.26597808 L=148.74488443 C=149.09729566 V=13220900.00000000
[Agent_Features] Generated 18 features for the latest tick.
[Agent] Exploration: Random action: BUY
[Portfolio] Logged Trade: BUY 1.84040354 JPM @ 149.10. New Cash: 5213.58, New Coins: 34.35965314
[Agent] Received reward: 0.00000000
[NeuralNetworkInterface] Received reward signal: 0.00000000
[Agent] Making decision using full OHLCV data
[Agent] Price data: O=150.07318115 H=152.98283807 L=149.69366248 C=151.53704085 V=13387900.00000000
[Agent_Features] Generated 18 features for the latest tick.
[Agent] Exploration: Random action: HOLD
[Agent] Received reward: 0.00000000
[NeuralNetworkInterface] Received reward signal: 0.00000000
[Agent] Making decision using full OHLCV data
[Agent] Price data: O=149.95571899 H=150.81415514 L=149.13342158 C=150.19066899 V=7777100.00000000
[Agent_Features] Generated 18 features for the latest tick.
[Agent] Exploration: Random action: SELL
[Portfolio] Logged Trade: SELL 1.71798266 JPM @ 150.19. New Cash: 5471.61, New Coins: 32.64167049
[Agent] Received reward: 0.00000000
[NeuralNetworkInterface] Received reward signal: 0.00000000
[Agent] Making decision using full OHLCV data
[Agent] Price data: O=147.91354370 H=150.89549213 L=147.10027752 C=150.83223212 V=13161200.00000000
[Agent_Features] Generated 18 features for the latest tick.
[Agent] Exploration: Random action: HOLD
[Agent] Received reward: 0.00000000
[NeuralNetworkInterface] Received reward signal: 0.00000000
[Agent] Making decision using full OHLCV data
[Agent] Price data: O=151.02200317 H=152.07923684 L=147.83222593 C=148.19366838 V=11285000.00000000
[Agent_Features] Generated 18 features for the latest tick.
[Agent] Exploration: Random action: BUY
[Portfolio] Logged Trade: BUY 1.84610100 JPM @ 148.19. New Cash: 5198.03, New Coins: 34.48777149
[Agent] Received reward: 0.00000000
[NeuralNetworkInterface] Received reward signal: 0.00000000
[Agent] Making decision using full OHLCV data
[Agent] Price data: O=150.85932922 H=154.01296742 L=149.75691192 C=150.87740548 V=14120000.00000000
[Agent_Features] Generated 18 features for the latest tick.
[Agent] Exploration: Random action: SELL
[Portfolio] Logged Trade: SELL 1.72438857 JPM @ 150.88. New Cash: 5458.20, New Coins: 32.76338292
[Agent] Received reward: 0.00000000
[NeuralNetworkInterface] Received reward signal: 0.00000000
[Agent] Making decision using full OHLCV data
[Agent] Price data: O=153.32290649 H=154.66831881 L=151.51386215 C=152.00476502 V=12292900.00000000
[Agent_Features] Generated 18 features for the latest tick.
[Agent] Exploration: Random action: SELL
[Portfolio] Logged Trade: SELL 1.63816915 JPM @ 152.00. New Cash: 5707.21, New Coins: 31.12521377
[Agent] Received reward: 0.00000000
[NeuralNetworkInterface] Received reward signal: 0.00000000
[Agent] Making decision using full OHLCV data
[Agent] Price data: O=153.65019226 H=153.72291914 L=150.90481168 C=152.71385629 V=8692600.00000000
[Agent_Features] Generated 18 features for the latest tick.
[Agent] Exploration: Random action: BUY
[Portfolio] Logged Trade: BUY 1.86859596 JPM @ 152.71. New Cash: 5421.85, New Coins: 32.99380973
[Agent] Received reward: 0.00000000
[NeuralNetworkInterface] Received reward signal: 0.00000000
[Agent] Making decision using full OHLCV data
[Agent] Price data: O=154.62287903 H=155.91374980 L=154.12289045 C=155.63194184 V=10195400.00000000
[Agent_Features] Generated 18 features for the latest tick.
[Agent] Exploration: Random action: SELL
[Portfolio] Logged Trade: SELL 1.64969049 JPM @ 155.63. New Cash: 5678.59, New Coins: 31.34411925
[Agent] Received reward: 0.00000000
[NeuralNetworkInterface] Received reward signal: 0.00000000
[Agent] Making decision using full OHLCV data
[Agent] Price data: O=154.74101257 H=155.75916072 L=153.90467462 C=154.55920239 V=8190100.00000000
[Agent_Features] Generated 18 features for the latest tick.
[Agent] Exploration: Random action: HOLD
[Agent] Received reward: 0.00000000
[NeuralNetworkInterface] Received reward signal: 0.00000000
[Agent] Making decision using full OHLCV data
[Agent] Price data: O=151.48660278 H=155.71374981 L=151.32297773 C=155.26831681 V=12154700.00000000
[Agent_Features] Generated 18 features for the latest tick.
[Agent] Exploration: Random action: HOLD
[Agent] Received reward: 0.00000000
[NeuralNetworkInterface] Received reward signal: 0.00000000
[Simulation] Simulation run finished. Ticks processed in this run: 80

Simulation Finished in 0.02 seconds.
--------------------
  Final Portfolio  
--------------------
Cash:      $5678.59
Asset:     31.3441 JPM
Total Value: $10545.34
--------------------
[Simulation] Simulation destroyed.
[AutonomousTradingAgent] Agent destroyed
[NeuralNetworkInterface] Destructor called.
[Portfolio] Destroyed for asset: JPM. Final cash: 5678.59, Final assets: 31.34
