Loading data from training_run_20250621_150556/data/NVDA_1d_20190516_to_20200228.csv...
Loaded 150 data points.
[Portfolio] Initialized for asset: NVDA with initial cash: 10000.00. Initial Portfolio Value: 10000.00
[NeuralNetworkInterface] Constructor called.
[NeuralNetworkInterface] Initializing...
Warning: NN model path is empty. Initializing in a mock state.
[NeuralNetworkInterface] Initialized successfully.
[AutonomousTradingAgent] Agent initialized for NVDA without API client (CSV mode).
[Simulation] Initialized with 150 data points.
[Simulation] API client is NULL (offline/CSV mode).

Starting Simulation for NVDA...
[Simulation] Starting simulation run...
[Agent] Making decision using full OHLCV data
[Agent] Price data: O=4.35 H=4.40 L=4.34 C=4.34 V=274160000.00
[Agent_Features] Generated 15 features for the latest tick.
[Agent] Exploration: Random action: HOLD
[Agent] Received reward: 0.00
[NeuralNetworkInterface] Received reward signal: 0.00
[Agent] Making decision using full OHLCV data
[Agent] Price data: O=4.34 H=4.36 L=4.26 C=4.34 V=248160000.00
[Agent_Features] Generated 17 features for the latest tick.
[Agent] Exploration: Random action: SELL
[Agent] Received reward: 0.00
[NeuralNetworkInterface] Received reward signal: 0.00
[Agent] Making decision using full OHLCV data
[Agent] Price data: O=4.36 H=4.37 L=4.28 C=4.30 V=197772000.00
[Agent_Features] Generated 17 features for the latest tick.
[Agent] Exploration: Random action: HOLD
[Agent] Received reward: 0.00
[NeuralNetworkInterface] Received reward signal: 0.00
[Agent] Making decision using full OHLCV data
[Agent] Price data: O=4.19 H=4.33 L=4.15 C=4.33 V=359416000.00
[Agent_Features] Generated 17 features for the latest tick.
[Agent] Exploration: Random action: HOLD
[Agent] Received reward: 0.00
[NeuralNetworkInterface] Received reward signal: 0.00
[Agent] Making decision using full OHLCV data
[Agent] Price data: O=4.10 H=4.29 L=4.05 C=4.20 V=421212000.00
[Agent_Features] Generated 18 features for the latest tick.
[Agent] Exploration: Random action: SELL
[Agent] Received reward: 0.00
[NeuralNetworkInterface] Received reward signal: 0.00
[Agent] Making decision using full OHLCV data
[Agent] Price data: O=4.01 H=4.07 L=3.96 C=4.01 V=428348000.00
[Agent_Features] Generated 18 features for the latest tick.
[Agent] Exploration: Random action: BUY
[Portfolio] Logged Trade: BUY 124.83286882 NVDA @ 4.01. New Cash: 9500.00, New Coins: 124.83286882
[Agent] Received reward: 0.00000000
[NeuralNetworkInterface] Received reward signal: 0.00000000
[Agent] Making decision using full OHLCV data
[Agent] Price data: O=3.74692988 H=3.82296673 L=3.69996588 C=3.82172427 V=589156000.00000000
[Agent_Features] Generated 18 features for the latest tick.
[Agent] Exploration: Random action: BUY
[Portfolio] Logged Trade: BUY 124.28944809 NVDA @ 3.82. New Cash: 9025.00, New Coins: 249.12231691
[Agent] Received reward: 0.00000000
[NeuralNetworkInterface] Received reward signal: 0.00000000
[Agent] Making decision using full OHLCV data
[Agent] Price data: O=3.78569388 H=3.86719752 L=3.73798459 C=3.82172456 V=361272000.00000000
[Agent_Features] Generated 18 features for the latest tick.
[Agent] Exploration: Random action: BUY
[Portfolio] Logged Trade: BUY 118.07496664 NVDA @ 3.82. New Cash: 8573.75, New Coins: 367.19728355
[Agent] Received reward: 0.00000000
[NeuralNetworkInterface] Received reward signal: 0.00000000
[Agent] Making decision using full OHLCV data
[Agent] Price data: O=3.82396054 H=3.83588798 L=3.70742035 C=3.72481434 V=372560000.00000000
[Agent_Features] Generated 18 features for the latest tick.
[Agent] Exploration: Random action: SELL
[Portfolio] Logged Trade: SELL 18.35986418 NVDA @ 3.72. New Cash: 8642.14, New Coins: 348.83741937
[Agent] Received reward: 0.00000000
[NeuralNetworkInterface] Received reward signal: 0.00000000
[Agent] Making decision using full OHLCV data
[Agent] Price data: O=3.93254900 H=3.93379146 L=3.82420887 C=3.88160927 V=309300000.00000000
[Agent_Features] Generated 18 features for the latest tick.
[Agent] Exploration: Random action: SELL
[Portfolio] Logged Trade: SELL 17.44187097 NVDA @ 3.88. New Cash: 8709.84, New Coins: 331.39554840
[Agent] Received reward: 0.00000000
[NeuralNetworkInterface] Received reward signal: 0.00000000
[Agent] Making decision using full OHLCV data
[Agent] Price data: O=3.83116674 H=3.89502780 L=3.78072394 C=3.89154900 V=341816000.00000000
[Agent_Features] Generated 18 features for the latest tick.
[Agent] Exploration: Random action: SELL
[Portfolio] Logged Trade: SELL 16.56977742 NVDA @ 3.89. New Cash: 8774.32, New Coins: 314.82577098
[Agent] Received reward: 0.00000000
[NeuralNetworkInterface] Received reward signal: 0.00000000
[Agent] Making decision using full OHLCV data
[Agent] Price data: O=3.76332998 H=3.83116677 L=3.74146309 C=3.77898457 V=279200000.00000000
[Agent_Features] Generated 18 features for the latest tick.
[Agent] Exploration: Random action: BUY
[Portfolio] Logged Trade: BUY 116.09364299 NVDA @ 3.78. New Cash: 8335.61, New Coins: 430.91941397
[Agent] Received reward: 0.00000000
[NeuralNetworkInterface] Received reward signal: 0.00000000
[Agent] Making decision using full OHLCV data
[Agent] Price data: O=3.87763405 H=3.92360418 L=3.72282707 C=3.76183937 V=351956000.00000000
[Agent_Features] Generated 18 features for the latest tick.
[Agent] Exploration: Random action: HOLD
[Agent] Received reward: 0.00000000
[NeuralNetworkInterface] Received reward signal: 0.00000000
[Agent] Making decision using full OHLCV data
[Agent] Price data: O=3.72903872 H=3.80060289 L=3.68530516 C=3.78942097 V=419880000.00000000
[Agent_Features] Generated 18 features for the latest tick.
[Agent] Exploration: Random action: SELL
[Portfolio] Logged Trade: SELL 21.54597070 NVDA @ 3.79. New Cash: 8417.25, New Coins: 409.37344327
[Agent] Received reward: 0.00000000
[NeuralNetworkInterface] Received reward signal: 0.00000000
[Agent] Making decision using full OHLCV data
[Agent] Price data: O=3.69673586 H=3.76780310 L=3.66244482 C=3.74792419 V=477200000.00000000
[Agent_Features] Generated 18 features for the latest tick.
[Agent] Exploration: Random action: SELL
[Portfolio] Logged Trade: SELL 20.46867216 NVDA @ 3.75. New Cash: 8493.97, New Coins: 388.90477111
[Agent] Received reward: 0.00000000
[NeuralNetworkInterface] Received reward signal: 0.00000000
[Agent] Making decision using full OHLCV data
[Agent] Price data: O=3.96485281 H=4.01405292 L=3.89825824 C=3.95963461 V=1007960000.00000000
[Agent_Features] Generated 18 features for the latest tick.
[Agent] Exploration: Random action: BUY
[Portfolio] Logged Trade: BUY 107.25695983 NVDA @ 3.96. New Cash: 8069.27, New Coins: 496.16173093
[Agent] Received reward: 0.00000000
[NeuralNetworkInterface] Received reward signal: 0.00000000
[Agent] Making decision using full OHLCV data
[Agent] Price data: O=4.24365425 H=4.25955766 L=4.06201078 C=4.07816255 V=815112000.00000000
[Agent_Features] Generated 18 features for the latest tick.
[Agent] Exploration: Random action: HOLD
[Agent] Received reward: 0.00000000
[NeuralNetworkInterface] Received reward signal: 0.00000000
[Agent] Making decision using full OHLCV data
[Agent] Price data: O=4.17134571 H=4.23868557 L=4.15022410 C=4.23818840 V=463188000.00000000
[Agent_Features] Generated 18 features for the latest tick.
[Agent] Exploration: Random action: SELL
[Portfolio] Logged Trade: SELL 24.80808655 NVDA @ 4.24. New Cash: 8174.41, New Coins: 471.35364439
[Agent] Received reward: 0.00000000
[NeuralNetworkInterface] Received reward signal: 0.00000000
[Agent] Making decision using full OHLCV data
[Agent] Price data: O=4.25483608 H=4.31000014 L=4.21582379 C=4.23744210 V=427244000.00000000
[Agent_Features] Generated 18 features for the latest tick.
[Agent] Exploration: Random action: HOLD
[Agent] Received reward: 0.00000000
[NeuralNetworkInterface] Received reward signal: 0.00000000
[Agent] Making decision using full OHLCV data
[Agent] Price data: O=4.26104879 H=4.30701869 L=4.22178767 C=4.26452759 V=303488000.00000000
[Agent_Features] Generated 18 features for the latest tick.
[Agent] Exploration: Random action: BUY
[Portfolio] Logged Trade: BUY 95.84192167 NVDA @ 4.26. New Cash: 7765.69, New Coins: 567.19556605
[Agent] Received reward: 0.00000000
[NeuralNetworkInterface] Received reward signal: 0.00000000
[Agent] Making decision using full OHLCV data
[Agent] Price data: O=4.03641558 H=4.23893226 L=4.01653667 C=4.18451373 V=568056000.00000000
[Agent_Features] Generated 18 features for the latest tick.
[Agent] Exploration: Random action: SELL
[Portfolio] Logged Trade: SELL 28.35977830 NVDA @ 4.18. New Cash: 7884.36, New Coins: 538.83578775
[Agent] Received reward: 0.00000000
[NeuralNetworkInterface] Received reward signal: 0.00000000
[Agent] Making decision using full OHLCV data
[Agent] Price data: O=4.11121082 H=4.13929003 L=4.07294405 C=4.11518679 V=318208000.00000000
[Agent_Features] Generated 18 features for the latest tick.
[Agent] Exploration: Random action: SELL
[Portfolio] Logged Trade: SELL 26.94178939 NVDA @ 4.12. New Cash: 7995.23, New Coins: 511.89399836
[Agent] Received reward: 0.00000000
[NeuralNetworkInterface] Received reward signal: 0.00000000
[Agent] Making decision using full OHLCV data
[Agent] Price data: O=4.02051353 H=4.15221114 L=3.99119211 C=4.14947786 V=290968000.00000000
[Agent_Features] Generated 18 features for the latest tick.
[Agent] Exploration: Random action: SELL
[Portfolio] Logged Trade: SELL 25.59469992 NVDA @ 4.15. New Cash: 8101.44, New Coins: 486.29929845
[Agent] Received reward: 0.00000000
[NeuralNetworkInterface] Received reward signal: 0.00000000
[Agent] Making decision using full OHLCV data
[Agent] Price data: O=4.01006699 H=4.06279827 L=3.95484832 C=3.99414830 V=255612000.00000000
[Agent_Features] Generated 18 features for the latest tick.
[Agent] Exploration: Random action: SELL
[Portfolio] Logged Trade: SELL 24.31496492 NVDA @ 3.99. New Cash: 8198.55, New Coins: 461.98433352
[Agent] Received reward: 0.00000000
[NeuralNetworkInterface] Received reward signal: 0.00000000
[Agent] Making decision using full OHLCV data
[Agent] Price data: O=4.15383339 H=4.18616841 L=4.09811707 C=4.10159931 V=357976000.00000000
[Agent_Features] Generated 18 features for the latest tick.
[Agent] Exploration: Random action: SELL
[Portfolio] Logged Trade: SELL 23.09921668 NVDA @ 4.10. New Cash: 8293.30, New Coins: 438.88511685
[Agent] Received reward: 0.00000000
[NeuralNetworkInterface] Received reward signal: 0.00000000
[Agent] Making decision using full OHLCV data
[Agent] Price data: O=4.16652060 H=4.24984628 L=4.14836312 C=4.20009956 V=290616000.00000000
[Agent_Features] Generated 18 features for the latest tick.
[Agent] Exploration: Random action: BUY
[Portfolio] Logged Trade: BUY 98.72740006 NVDA @ 4.20. New Cash: 7878.63, New Coins: 537.61251691
[Agent] Received reward: 0.00000000
[NeuralNetworkInterface] Received reward signal: 0.00000000
[Agent] Making decision using full OHLCV data
[Agent] Price data: O=4.08344364 H=4.12672307 L=4.06056047 C=4.09364177 V=296140000.00000000
[Agent_Features] Generated 18 features for the latest tick.
[Agent] Exploration: Random action: BUY
[Portfolio] Logged Trade: BUY 96.23012619 NVDA @ 4.09. New Cash: 7484.70, New Coins: 633.84264310
[Agent] Received reward: 0.00000000
[NeuralNetworkInterface] Received reward signal: 0.00000000
[Agent] Making decision using full OHLCV data
[Agent] Price data: O=4.19761086 H=4.20507300 L=4.14413331 C=4.14413331 V=227728000.00000000
[Agent_Features] Generated 18 features for the latest tick.
[Agent] Exploration: Random action: BUY
[Portfolio] Logged Trade: BUY 90.30478817 NVDA @ 4.14. New Cash: 7110.47, New Coins: 724.14743127
[Agent] Received reward: 0.00000000
[NeuralNetworkInterface] Received reward signal: 0.00000000
[Agent] Making decision using full OHLCV data
[Agent] Price data: O=4.47071934 H=4.47693756 L=4.29809888 C=4.29984000 V=695676000.00000000
[Agent_Features] Generated 18 features for the latest tick.
[Agent] Exploration: Random action: BUY
[Portfolio] Logged Trade: BUY 82.68292009 NVDA @ 4.30. New Cash: 6754.94, New Coins: 806.83035136
[Agent] Received reward: 0.00000000
[NeuralNetworkInterface] Received reward signal: 0.00000000
[Agent] Making decision using full OHLCV data
[Agent] Price data: O=4.44360733 H=4.50429795 L=4.40555128 C=4.44733817 V=376976000.00000000
[Agent_Features] Generated 18 features for the latest tick.
[Agent] Exploration: Random action: SELL
[Portfolio] Logged Trade: SELL 40.34151757 NVDA @ 4.45. New Cash: 6934.36, New Coins: 766.48883379
[Agent] Received reward: 0.00000000
[NeuralNetworkInterface] Received reward signal: 0.00000000
[Agent] Making decision using full OHLCV data
[Agent] Price data: O=4.48962259 H=4.57618189 L=4.47320625 C=4.47469877 V=417524000.00000000
[Agent_Features] Generated 18 features for the latest tick.
[Agent] Exploration: Random action: SELL
[Portfolio] Logged Trade: SELL 38.32444169 NVDA @ 4.47. New Cash: 7105.85, New Coins: 728.16439210
[Agent] Received reward: 0.00000000
[NeuralNetworkInterface] Received reward signal: 0.00000000
[Agent] Making decision using full OHLCV data
[Agent] Price data: O=4.55628347 H=4.58289747 L=4.44708960 C=4.45679007 V=352812000.00000000
[Agent_Features] Generated 18 features for the latest tick.
[Agent] Exploration: Random action: BUY
[Portfolio] Logged Trade: BUY 79.71932502 NVDA @ 4.46. New Cash: 6750.55, New Coins: 807.88371712
[Agent] Received reward: 0.00000000
[NeuralNetworkInterface] Received reward signal: 0.00000000
[Agent] Making decision using full OHLCV data
[Agent] Price data: O=4.58488846 H=4.63314265 L=4.54185763 C=4.57095949 V=361512000.00000000
[Agent_Features] Generated 18 features for the latest tick.
[Agent] Exploration: Random action: SELL
[Portfolio] Logged Trade: SELL 40.39418586 NVDA @ 4.57. New Cash: 6935.19, New Coins: 767.48953126
[Agent] Received reward: 0.00000000
[NeuralNetworkInterface] Received reward signal: 0.00000000
[Agent] Making decision using full OHLCV data
[Agent] Price data: O=4.58339453 H=4.68612109 L=4.57543519 C=4.63140011 V=327840000.00000000
[Agent_Features] Generated 18 features for the latest tick.
[Agent] Exploration: Random action: BUY
[Portfolio] Logged Trade: BUY 74.87146056 NVDA @ 4.63. New Cash: 6588.43, New Coins: 842.36099182
[Agent] Received reward: 0.00000000
[NeuralNetworkInterface] Received reward signal: 0.00000000
[Agent] Making decision using full OHLCV data
[Agent] Price data: O=4.52544165 H=4.55379725 L=4.48166455 C=4.51673604 V=324592000.00000000
[Agent_Features] Generated 18 features for the latest tick.
[Agent] Exploration: Random action: SELL
[Portfolio] Logged Trade: SELL 42.11804959 NVDA @ 4.52. New Cash: 6778.67, New Coins: 800.24294223
[Agent] Received reward: 0.00000000
[NeuralNetworkInterface] Received reward signal: 0.00000000
[Agent] Making decision using full OHLCV data
[Agent] Price data: O=4.48241091 H=4.51698473 L=4.43987774 C=4.45032447 V=231832000.00000000
[Agent_Features] Generated 18 features for the latest tick.
[Agent] Exploration: Random action: SELL
[Portfolio] Logged Trade: SELL 40.01214711 NVDA @ 4.45. New Cash: 6956.74, New Coins: 760.23079512
[Agent] Received reward: 0.00000000
[NeuralNetworkInterface] Received reward signal: 0.00000000
[Agent] Making decision using full OHLCV data
[Agent] Price data: O=4.50380182 H=4.50803033 L=4.44261352 C=4.48912659 V=223048000.00000000
[Agent_Features] Generated 18 features for the latest tick.
[Agent] Exploration: Random action: SELL
[Portfolio] Logged Trade: SELL 38.01153976 NVDA @ 4.49. New Cash: 7127.38, New Coins: 722.21925537
[Agent] Received reward: 0.00000000
[NeuralNetworkInterface] Received reward signal: 0.00000000
[Agent] Making decision using full OHLCV data
[Agent] Price data: O=4.47668934 H=4.51250709 L=4.39013050 C=4.49683700 V=258152000.00000000
[Agent_Features] Generated 18 features for the latest tick.
[Agent] Exploration: Random action: SELL
[Portfolio] Logged Trade: SELL 36.11096277 NVDA @ 4.50. New Cash: 7289.76, New Coins: 686.10829260
[Agent] Received reward: 0.00000000
[NeuralNetworkInterface] Received reward signal: 0.00000000
[Agent] Making decision using full OHLCV data
[Agent] Price data: O=4.40107536 H=4.50106599 L=4.39037957 C=4.48265945 V=245476000.00000000
[Agent_Features] Generated 18 features for the latest tick.
[Agent] Exploration: Random action: BUY
[Portfolio] Logged Trade: BUY 81.31067146 NVDA @ 4.48. New Cash: 6925.27, New Coins: 767.41896405
[Agent] Received reward: 0.00000000
[NeuralNetworkInterface] Received reward signal: 0.00000000
[Agent] Making decision using full OHLCV data
[Agent] Price data: O=4.29536343 H=4.42370965 L=4.28516577 C=4.40008022 V=350244000.00000000
[Agent_Features] Generated 18 features for the latest tick.
[Agent] Exploration: Random action: SELL
[Portfolio] Logged Trade: SELL 38.37094820 NVDA @ 4.40. New Cash: 7094.11, New Coins: 729.04801585
[Agent] Received reward: 0.00000000
[NeuralNetworkInterface] Received reward signal: 0.00000000
[Agent] Making decision using full OHLCV data
[Agent] Price data: O=4.34884167 H=4.39435988 L=4.29188186 C=4.29561318 V=249712000.00000000
[Agent_Features] Generated 18 features for the latest tick.
[Agent] Exploration: Random action: BUY
[Portfolio] Logged Trade: BUY 82.57387130 NVDA @ 4.30. New Cash: 6739.40, New Coins: 811.62188715
[Agent] Received reward: 0.00000000
[NeuralNetworkInterface] Received reward signal: 0.00000000
[Agent] Making decision using full OHLCV data
[Agent] Price data: O=4.29138279 H=4.40977944 L=4.25581412 C=4.38018040 V=317268000.00000000
[Agent_Features] Generated 18 features for the latest tick.
[Agent] Exploration: Random action: HOLD
[Agent] Received reward: 0.00000000
[NeuralNetworkInterface] Received reward signal: 0.00000000
[Agent] Making decision using full OHLCV data
[Agent] Price data: O=4.43316126 H=4.45281125 L=4.24611414 C=4.29088608 V=308432000.00000000
[Agent_Features] Generated 18 features for the latest tick.
[Agent] Exploration: Random action: BUY
[Portfolio] Logged Trade: BUY 78.53159762 NVDA @ 4.29. New Cash: 6402.43, New Coins: 890.15348477
[Agent] Received reward: 0.00000000
[NeuralNetworkInterface] Received reward signal: 0.00000000
[Agent] Making decision using full OHLCV data
[Agent] Price data: O=4.41102362 H=4.43216613 L=4.36003345 C=4.42346053 V=234564000.00000000
[Agent_Features] Generated 18 features for the latest tick.
[Agent] Exploration: Random action: SELL
[Portfolio] Logged Trade: SELL 44.50767424 NVDA @ 4.42. New Cash: 6599.31, New Coins: 845.64581053
[Agent] Received reward: 0.00000000
[NeuralNetworkInterface] Received reward signal: 0.00000000
[Agent] Making decision using full OHLCV data
[Agent] Price data: O=4.27223158 H=4.41997872 L=4.21154047 C=4.36923715 V=362056000.00000000
[Agent_Features] Generated 18 features for the latest tick.
[Agent] Exploration: Random action: SELL
[Portfolio] Logged Trade: SELL 42.28229053 NVDA @ 4.37. New Cash: 6784.05, New Coins: 803.36352001
[Agent] Received reward: 0.00000000
[NeuralNetworkInterface] Received reward signal: 0.00000000
[Agent] Making decision using full OHLCV data
[Agent] Price data: O=4.32968855 H=4.33988668 L=4.26675913 C=4.29809978 V=186184000.00000000
[Agent_Features] Generated 18 features for the latest tick.
[Agent] Exploration: Random action: HOLD
[Agent] Received reward: 0.00000000
[NeuralNetworkInterface] Received reward signal: 0.00000000
[Agent] Making decision using full OHLCV data
[Agent] Price data: O=4.32794809 H=4.50206114 L=4.32322240 C=4.35282145 V=366008000.00000000
[Agent_Features] Generated 18 features for the latest tick.
[Agent] Exploration: Random action: BUY
[Portfolio] Logged Trade: BUY 77.92706422 NVDA @ 4.35. New Cash: 6444.85, New Coins: 881.29058423
[Agent] Received reward: 0.00000000
[NeuralNetworkInterface] Received reward signal: 0.00000000
[Agent] Making decision using full OHLCV data
[Agent] Price data: O=4.30407047 H=4.31799944 L=4.23168917 C=4.30606019 V=293372000.00000000
[Agent_Features] Generated 18 features for the latest tick.
[Agent] Exploration: Random action: SELL
[Portfolio] Logged Trade: SELL 44.06452921 NVDA @ 4.31. New Cash: 6634.59, New Coins: 837.22605502
[Agent] Received reward: 0.00000000
[NeuralNetworkInterface] Received reward signal: 0.00000000
[Agent] Making decision using full OHLCV data
[Agent] Price data: O=4.50977087 H=4.51598909 L=4.27820088 C=4.30854619 V=450588000.00000000
[Agent_Features] Generated 18 features for the latest tick.
[Agent] Exploration: Random action: BUY
[Portfolio] Logged Trade: BUY 76.99341679 NVDA @ 4.31. New Cash: 6302.86, New Coins: 914.21947180
[Agent] Received reward: 0.00000000
[NeuralNetworkInterface] Received reward signal: 0.00000000
[Agent] Making decision using full OHLCV data
[Agent] Price data: O=4.52618790 H=4.55553836 L=4.44684213 C=4.51200986 V=265524000.00000000
[Agent_Features] Generated 18 features for the latest tick.
[Agent] Exploration: Random action: BUY
[Portfolio] Logged Trade: BUY 69.84541658 NVDA @ 4.51. New Cash: 5987.72, New Coins: 984.06488838
[Agent] Received reward: 0.00000000
[NeuralNetworkInterface] Received reward signal: 0.00000000
[Agent] Making decision using full OHLCV data
[Agent] Price data: O=4.58488846 H=4.68463001 L=4.58240108 C=4.59110668 V=480984000.00000000
[Agent_Features] Generated 18 features for the latest tick.
[Agent] Exploration: Random action: BUY
[Portfolio] Logged Trade: BUY 65.20999593 NVDA @ 4.59. New Cash: 5688.33, New Coins: 1049.27488431
[Agent] Received reward: 0.00000000
[NeuralNetworkInterface] Received reward signal: 0.00000000
[Agent] Making decision using full OHLCV data
[Agent] Price data: O=4.40828705 H=4.49310475 L=4.39012958 C=4.49310475 V=444436000.00000000
[Agent_Features] Generated 18 features for the latest tick.
[Agent] Exploration: Random action: SELL
[Portfolio] Logged Trade: SELL 52.46374422 NVDA @ 4.49. New Cash: 5924.06, New Coins: 996.81114009
[Agent] Received reward: -0.00000000
[NeuralNetworkInterface] Received reward signal: -0.00000000
[Agent] Making decision using full OHLCV data
[Agent] Price data: O=4.49484682 H=4.54434494 L=4.45629357 C=4.48514636 V=292412000.00000000
[Agent_Features] Generated 18 features for the latest tick.
[Agent] Exploration: Random action: BUY
[Portfolio] Logged Trade: BUY 66.04087730 NVDA @ 4.49. New Cash: 5627.86, New Coins: 1062.85201739
[Agent] Received reward: 0.00000000
[NeuralNetworkInterface] Received reward signal: 0.00000000
[Agent] Making decision using full OHLCV data
[Agent] Price data: O=4.55255270 H=4.60354286 L=4.48738497 C=4.49260834 V=309124000.00000000
[Agent_Features] Generated 18 features for the latest tick.
[Agent] Exploration: Random action: SELL
[Portfolio] Logged Trade: SELL 53.14260087 NVDA @ 4.49. New Cash: 5866.61, New Coins: 1009.70941652
[Agent] Received reward: 0.00000000
[NeuralNetworkInterface] Received reward signal: 0.00000000
[Agent] Making decision using full OHLCV data
[Agent] Price data: O=4.62617779 H=4.70950298 L=4.61772078 C=4.63662451 V=446404000.00000000
[Agent_Features] Generated 18 features for the latest tick.
[Agent] Exploration: Random action: HOLD
[Agent] Received reward: 0.00000000
[NeuralNetworkInterface] Received reward signal: 0.00000000
[Agent] Making decision using full OHLCV data
[Agent] Price data: O=4.63961029 H=4.66050374 L=4.58638133 C=4.61747291 V=200040000.00000000
[Agent_Features] Generated 18 features for the latest tick.
[Agent] Exploration: Random action: SELL
[Portfolio] Logged Trade: SELL 50.48547083 NVDA @ 4.62. New Cash: 6099.72, New Coins: 959.22394570
[Agent] Received reward: 0.00000000
[NeuralNetworkInterface] Received reward signal: 0.00000000
[Agent] Making decision using full OHLCV data
[Agent] Price data: O=4.88436174 H=4.95699209 L=4.71596977 C=4.72989920 V=664124000.00000000
[Agent_Features] Generated 18 features for the latest tick.
[Agent] Exploration: Random action: SELL
[Portfolio] Logged Trade: SELL 47.96119728 NVDA @ 4.73. New Cash: 6326.57, New Coins: 911.26274841
[Agent] Received reward: 0.00000000
[NeuralNetworkInterface] Received reward signal: 0.00000000
[Agent] Making decision using full OHLCV data
[Agent] Price data: O=4.83063507 H=4.95525042 L=4.81919349 C=4.85028506 V=428944000.00000000
[Agent_Features] Generated 18 features for the latest tick.
[Agent] Exploration: Random action: SELL
[Portfolio] Logged Trade: SELL 45.56313742 NVDA @ 4.85. New Cash: 6547.57, New Coins: 865.69961099
[Agent] Received reward: 0.00000000
[NeuralNetworkInterface] Received reward signal: 0.00000000
[Agent] Making decision using full OHLCV data
[Agent] Price data: O=4.83262682 H=4.92018053 L=4.77815393 C=4.87515998 V=263436000.00000000
[Agent_Features] Generated 18 features for the latest tick.
[Agent] Exploration: Random action: BUY
[Portfolio] Logged Trade: BUY 67.15232984 NVDA @ 4.88. New Cash: 6220.19, New Coins: 932.85194083
[Agent] Received reward: 0.00000000
[NeuralNetworkInterface] Received reward signal: 0.00000000
[Agent] Making decision using full OHLCV data
[Agent] Price data: O=4.73810673 H=4.86570666 L=4.66373574 C=4.83312256 V=307440000.00000000
[Agent_Features] Generated 18 features for the latest tick.
[Agent] Exploration: Random action: HOLD
[Agent] Received reward: 0.00000000
[NeuralNetworkInterface] Received reward signal: 0.00000000
[Agent] Making decision using full OHLCV data
[Agent] Price data: O=4.87540817 H=4.88883995 L=4.78064091 C=4.79954465 V=261868000.00000000
[Agent_Features] Generated 18 features for the latest tick.
[Agent] Exploration: Random action: SELL
[Portfolio] Logged Trade: SELL 46.64259704 NVDA @ 4.80. New Cash: 6444.05, New Coins: 886.20934379
[Agent] Received reward: 0.00000000
[NeuralNetworkInterface] Received reward signal: 0.00000000
[Agent] Making decision using full OHLCV data
[Agent] Price data: O=4.86545897 H=5.03758180 L=4.85774822 C=4.93236782 V=328720000.00000000
[Agent_Features] Generated 18 features for the latest tick.
[Agent] Exploration: Random action: BUY
[Portfolio] Logged Trade: BUY 65.32412162 NVDA @ 4.93. New Cash: 6121.85, New Coins: 951.53346541
[Agent] Received reward: 0.00000000
[NeuralNetworkInterface] Received reward signal: 0.00000000
[Agent] Making decision using full OHLCV data
[Agent] Price data: O=4.85252476 H=4.86670232 L=4.75153928 C=4.78337712 V=279916000.00000000
[Agent_Features] Generated 18 features for the latest tick.
[Agent] Exploration: Random action: SELL
[Portfolio] Logged Trade: SELL 47.57667327 NVDA @ 4.78. New Cash: 6349.43, New Coins: 903.95679214
[Agent] Received reward: 0.00000000
[NeuralNetworkInterface] Received reward signal: 0.00000000
[Agent] Making decision using full OHLCV data
[Agent] Price data: O=4.89654875 H=4.93012722 L=4.85973616 C=4.89381230 V=232020000.00000000
[Agent_Features] Generated 18 features for the latest tick.
[Agent] Exploration: Random action: HOLD
[Agent] Received reward: 0.00000000
[NeuralNetworkInterface] Received reward signal: 0.00000000
[Agent] Making decision using full OHLCV data
[Agent] Price data: O=5.08757591 H=5.10846936 L=4.96942785 C=4.97713859 V=423092000.00000000
[Agent_Features] Generated 18 features for the latest tick.
[Agent] Exploration: Random action: SELL
[Portfolio] Logged Trade: SELL 45.19783961 NVDA @ 4.98. New Cash: 6574.38, New Coins: 858.75895253
[Agent] Received reward: 0.00000000
[NeuralNetworkInterface] Received reward signal: 0.00000000
[Agent] Making decision using full OHLCV data
[Agent] Price data: O=5.14354086 H=5.19602307 L=5.10200209 C=5.13135254 V=330792000.00000000
[Agent_Features] Generated 18 features for the latest tick.
[Agent] Exploration: Random action: SELL
[Portfolio] Logged Trade: SELL 42.93794763 NVDA @ 5.13. New Cash: 6794.71, New Coins: 815.82100490
[Agent] Received reward: 0.00000000
[NeuralNetworkInterface] Received reward signal: 0.00000000
[Agent] Making decision using full OHLCV data
[Agent] Price data: O=5.04728270 H=5.13608034 L=5.02788177 C=5.12961304 V=211236000.00000000
[Agent_Features] Generated 18 features for the latest tick.
[Agent] Exploration: Random action: BUY
[Portfolio] Logged Trade: BUY 66.23026023 NVDA @ 5.13. New Cash: 6454.98, New Coins: 882.05126513
[Agent] Received reward: -0.00000000
[NeuralNetworkInterface] Received reward signal: -0.00000000
[Agent] Making decision using full OHLCV data
[Agent] Price data: O=5.04927111 H=5.07986549 L=4.98111834 C=5.07414446 V=205960000.00000000
[Agent_Features] Generated 18 features for the latest tick.
[Agent] Exploration: Random action: HOLD
[Agent] Received reward: 0.00000000
[NeuralNetworkInterface] Received reward signal: 0.00000000
[Agent] Making decision using full OHLCV data
[Agent] Price data: O=5.00002193 H=5.04927097 L=4.92017899 C=5.02837753 V=209732000.00000000
[Agent_Features] Generated 18 features for the latest tick.
[Agent] Exploration: Random action: BUY
[Portfolio] Logged Trade: BUY 64.18548025 NVDA @ 5.03. New Cash: 6132.23, New Coins: 946.23674537
[Agent] Received reward: 0.00000000
[NeuralNetworkInterface] Received reward signal: 0.00000000
[Agent] Making decision using full OHLCV data
[Agent] Price data: O=5.03907490 H=5.07140993 L=4.93958146 C=4.96470341 V=283640000.00000000
[Agent_Features] Generated 18 features for the latest tick.
[Agent] Exploration: Random action: BUY
[Portfolio] Logged Trade: BUY 61.75824807 NVDA @ 4.96. New Cash: 5825.62, New Coins: 1007.99499345
[Agent] Received reward: 0.00000000
[NeuralNetworkInterface] Received reward signal: 0.00000000
[Agent] Making decision using full OHLCV data
[Agent] Price data: O=5.23582125 H=5.24825816 L=5.09702878 C=5.12016055 V=376716000.00000000
[Agent_Features] Generated 18 features for the latest tick.
[Agent] Exploration: Random action: BUY
[Portfolio] Logged Trade: BUY 56.88900050 NVDA @ 5.12. New Cash: 5534.34, New Coins: 1064.88399395
[Agent] Received reward: 0.00000000
[NeuralNetworkInterface] Received reward signal: 0.00000000
[Agent] Making decision using full OHLCV data
[Agent] Price data: O=5.21368408 H=5.26168920 L=5.16567849 C=5.23557239 V=300868000.00000000
[Agent_Features] Generated 18 features for the latest tick.
[Agent] Exploration: Random action: HOLD
[Agent] Received reward: 0.00000000
[NeuralNetworkInterface] Received reward signal: 0.00000000
[Agent] Making decision using full OHLCV data
[Agent] Price data: O=5.16443491 H=5.21517600 L=5.07688074 C=5.18955686 V=269012000.00000000
[Agent_Features] Generated 18 features for the latest tick.
[Agent] Exploration: Random action: HOLD
[Agent] Received reward: 0.00000000
[NeuralNetworkInterface] Received reward signal: 0.00000000
[Agent] Making decision using full OHLCV data
[Agent] Price data: O=5.18209505 H=5.26566932 L=5.13732311 C=5.25099409 V=280340000.00000000
[Agent_Features] Generated 18 features for the latest tick.
[Agent] Exploration: Random action: HOLD
[Agent] Received reward: 0.00000000
[NeuralNetworkInterface] Received reward signal: 0.00000000
[Agent] Making decision using full OHLCV data
[Agent] Price data: O=5.16816616 H=5.19975540 L=5.12762272 C=5.16518159 V=189100000.00000000
[Agent_Features] Generated 18 features for the latest tick.
[Agent] Exploration: Random action: HOLD
[Agent] Received reward: 0.00000000
[NeuralNetworkInterface] Received reward signal: 0.00000000
[Agent] Making decision using full OHLCV data
[Agent] Price data: O=5.17811537 H=5.20124713 L=5.08110933 C=5.16741957 V=243436000.00000000
[Agent_Features] Generated 18 features for the latest tick.
[Agent] Exploration: Random action: BUY
[Portfolio] Logged Trade: BUY 53.55028194 NVDA @ 5.17. New Cash: 5257.62, New Coins: 1118.43427589
[Agent] Received reward: 0.00000000
[NeuralNetworkInterface] Received reward signal: 0.00000000
[Agent] Making decision using full OHLCV data
[Agent] Price data: O=5.21368408 H=5.26964901 L=5.18134858 C=5.21642006 V=283504000.00000000
[Agent_Features] Generated 18 features for the latest tick.
[Agent] Exploration: Random action: BUY
[Portfolio] Logged Trade: BUY 50.39489405 NVDA @ 5.22. New Cash: 4994.74, New Coins: 1168.82916994
[Agent] Received reward: 0.00000000
[NeuralNetworkInterface] Received reward signal: 0.00000000
[Agent] Making decision using full OHLCV data
[Agent] Price data: O=5.18781567 H=5.20995257 L=5.12140402 C=5.18234323 V=300188000.00000000
[Agent_Features] Generated 18 features for the latest tick.
[Agent] Exploration: Random action: HOLD
[Agent] Received reward: 0.00000000
[NeuralNetworkInterface] Received reward signal: 0.00000000
[Agent] Making decision using full OHLCV data
[Agent] Price data: O=5.21816015 H=5.22039894 L=5.13682469 C=5.19676904 V=518080000.00000000
[Agent_Features] Generated 18 features for the latest tick.
[Agent] Exploration: Random action: HOLD
[Agent] Received reward: 0.00000000
[NeuralNetworkInterface] Received reward signal: 0.00000000
[Agent] Making decision using full OHLCV data
[Agent] Price data: O=5.07887220 H=5.26766001 L=4.99057175 C=5.21592357 V=1053628000.00000000
[Agent_Features] Generated 18 features for the latest tick.
[Agent] Exploration: Random action: BUY
[Portfolio] Logged Trade: BUY 47.87970647 NVDA @ 5.22. New Cash: 4745.00, New Coins: 1216.70887642
[Agent] Received reward: 0.00000000
[NeuralNetworkInterface] Received reward signal: 0.00000000
[Agent] Making decision using full OHLCV data
[Agent] Price data: O=5.28009558 H=5.30670958 L=5.06842419 C=5.07140876 V=574588000.00000000
[Agent_Features] Generated 18 features for the latest tick.
[Agent] Exploration: Random action: HOLD
[Agent] Received reward: 0.00000000
[NeuralNetworkInterface] Received reward signal: 0.00000000
[Agent] Making decision using full OHLCV data
[Agent] Price data: O=5.17338896 H=5.27263330 L=5.11518572 C=5.24900388 V=414564000.00000000
[Agent_Features] Generated 18 features for the latest tick.
[Agent] Exploration: Random action: BUY
[Portfolio] Logged Trade: BUY 45.19906074 NVDA @ 5.25. New Cash: 4507.75, New Coins: 1261.90793716
[Agent] Received reward: 0.00000000
[NeuralNetworkInterface] Received reward signal: 0.00000000
[Agent] Making decision using full OHLCV data
[Agent] Price data: O=5.25273418 H=5.33655703 L=5.13781977 C=5.15050528 V=472588000.00000000
[Agent_Features] Generated 18 features for the latest tick.
[Agent] Exploration: Random action: BUY
[Portfolio] Logged Trade: BUY 43.76027800 NVDA @ 5.15. New Cash: 4282.36, New Coins: 1305.66821516
[Agent] Received reward: 0.00000000
[NeuralNetworkInterface] Received reward signal: 0.00000000
[Agent] Making decision using full OHLCV data
[Agent] Price data: O=5.22786140 H=5.30397351 L=5.20622170 C=5.24825766 V=288388000.00000000
[Agent_Features] Generated 18 features for the latest tick.
[Agent] Exploration: Random action: BUY
[Portfolio] Logged Trade: BUY 40.79795230 NVDA @ 5.25. New Cash: 4068.25, New Coins: 1346.46616746
[Agent] Received reward: 0.00000000
[NeuralNetworkInterface] Received reward signal: 0.00000000
[Agent] Making decision using full OHLCV data
[Agent] Price data: O=5.24552107 H=5.29700842 L=5.22189117 C=5.25049536 V=224100000.00000000
[Agent_Features] Generated 18 features for the latest tick.
[Agent] Exploration: Random action: SELL
[Portfolio] Logged Trade: SELL 67.32330837 NVDA @ 5.25. New Cash: 4421.73, New Coins: 1279.14285909
[Agent] Received reward: 0.00000000
[NeuralNetworkInterface] Received reward signal: 0.00000000
[Agent] Making decision using full OHLCV data
[Agent] Price data: O=5.50221348 H=5.50718824 L=5.36068458 C=5.37361868 V=506476000.00000000
[Agent_Features] Generated 18 features for the latest tick.
[Agent] Exploration: Random action: SELL
[Portfolio] Logged Trade: SELL 63.95714295 NVDA @ 5.37. New Cash: 4765.41, New Coins: 1215.18571614
[Agent] Received reward: 0.00000000
[NeuralNetworkInterface] Received reward signal: 0.00000000
[Agent] Making decision using full OHLCV data
[Agent] Price data: O=5.39749765 H=5.48927986 L=5.39103036 C=5.48455369 V=385244000.00000000
[Agent_Features] Generated 18 features for the latest tick.
[Agent] Exploration: Random action: BUY
[Portfolio] Logged Trade: BUY 43.44389204 NVDA @ 5.48. New Cash: 4527.14, New Coins: 1258.62960818
[Agent] Received reward: 0.00000000
[NeuralNetworkInterface] Received reward signal: 0.00000000
[Agent] Making decision using full OHLCV data
[Agent] Price data: O=5.43234539 H=5.47739915 L=5.40596053 C=5.44304908 V=215784000.00000000
[Agent_Features] Generated 18 features for the latest tick.
[Agent] Exploration: Random action: BUY
[Portfolio] Logged Trade: BUY 41.58640444 NVDA @ 5.44. New Cash: 4300.78, New Coins: 1300.21601262
[Agent] Received reward: -0.00000000
[NeuralNetworkInterface] Received reward signal: -0.00000000
[Agent] Making decision using full OHLCV data
[Agent] Price data: O=5.39500904 H=5.42985715 L=5.37111292 C=5.40148110 V=141556000.00000000
[Agent_Features] Generated 18 features for the latest tick.
[Agent] Exploration: Random action: HOLD
[Agent] Received reward: 0.00000000
[NeuralNetworkInterface] Received reward signal: 0.00000000
[Agent] Making decision using full OHLCV data
[Agent] Price data: O=5.20857000 H=5.40148039 L=5.19338639 C=5.38803871 V=372036000.00000000
[Agent_Features] Generated 18 features for the latest tick.
[Agent] Exploration: Random action: HOLD
[Agent] Received reward: 0.00000000
[NeuralNetworkInterface] Received reward signal: 0.00000000
[Agent] Making decision using full OHLCV data
[Agent] Price data: O=5.16899204 H=5.17297441 L=4.98753218 C=5.02486950 V=465232000.00000000
[Agent_Features] Generated 18 features for the latest tick.
[Agent] Exploration: Random action: BUY
[Portfolio] Logged Trade: BUY 42.79494189 NVDA @ 5.02. New Cash: 4085.74, New Coins: 1343.01095451
[Agent] Received reward: 0.00000000
[NeuralNetworkInterface] Received reward signal: 0.00000000
[Agent] Making decision using full OHLCV data
[Agent] Price data: O=5.21280241 H=5.27503145 L=5.18417711 C=5.25262896 V=273424000.00000000
[Agent_Features] Generated 18 features for the latest tick.
[Agent] Exploration: Random action: BUY
[Portfolio] Logged Trade: BUY 38.89234322 NVDA @ 5.25. New Cash: 3881.45, New Coins: 1381.90329773
[Agent] Received reward: 0.00000000
[NeuralNetworkInterface] Received reward signal: 0.00000000
[Agent] Making decision using full OHLCV data
[Agent] Price data: O=5.19587564 H=5.25038825 L=5.16525869 C=5.23470660 V=184884000.00000000
[Agent_Features] Generated 18 features for the latest tick.
[Agent] Exploration: Random action: HOLD
[Agent] Received reward: 0.00000000
[NeuralNetworkInterface] Received reward signal: 0.00000000
[Agent] Making decision using full OHLCV data
[Agent] Price data: O=5.28125334 H=5.31411073 L=5.25511726 C=5.26507413 V=232236000.00000000
[Agent_Features] Generated 18 features for the latest tick.
[Agent] Exploration: Random action: SELL
[Portfolio] Logged Trade: SELL 69.09516489 NVDA @ 5.27. New Cash: 4245.25, New Coins: 1312.80813285
[Agent] Received reward: 0.00000000
[NeuralNetworkInterface] Received reward signal: 0.00000000
[Agent] Making decision using full OHLCV data
[Agent] Price data: O=5.28125334 H=5.33601519 L=5.24964126 C=5.25835329 V=211880000.00000000
[Agent_Features] Generated 18 features for the latest tick.
[Agent] Exploration: Random action: HOLD
[Agent] Received reward: 0.00000000
[NeuralNetworkInterface] Received reward signal: 0.00000000
[Agent] Making decision using full OHLCV data
[Agent] Price data: O=5.32630777 H=5.37808238 L=5.25860227 C=5.31137246 V=256388000.00000000
[Agent_Features] Generated 18 features for the latest tick.
[Agent] Exploration: Random action: SELL
[Portfolio] Logged Trade: SELL 65.64040664 NVDA @ 5.31. New Cash: 4593.89, New Coins: 1247.16772620
[Agent] Received reward: 0.00000000
[NeuralNetworkInterface] Received reward signal: 0.00000000
[Agent] Making decision using full OHLCV data
[Agent] Price data: O=5.40994263 H=5.41541910 L=5.33427239 C=5.33676161 V=233796000.00000000
[Agent_Features] Generated 18 features for the latest tick.
[Agent] Exploration: Random action: BUY
[Portfolio] Logged Trade: BUY 43.04001255 NVDA @ 5.34. New Cash: 4364.19, New Coins: 1290.20773875
[Agent] Received reward: 0.00000000
[NeuralNetworkInterface] Received reward signal: 0.00000000
[Agent] Making decision using full OHLCV data
[Agent] Price data: O=5.57746363 H=5.59563449 L=5.37210810 C=5.38106891 V=404348000.00000000
[Agent_Features] Generated 18 features for the latest tick.
[Agent] Exploration: Random action: BUY
[Portfolio] Logged Trade: BUY 40.55134322 NVDA @ 5.38. New Cash: 4145.98, New Coins: 1330.75908197
[Agent] Received reward: 0.00000000
[NeuralNetworkInterface] Received reward signal: 0.00000000
[Agent] Making decision using full OHLCV data
[Agent] Price data: O=5.57547283 H=5.69968213 L=5.52145779 C=5.58045127 V=454704000.00000000
[Agent_Features] Generated 18 features for the latest tick.
[Agent] Exploration: Random action: BUY
[Portfolio] Logged Trade: BUY 37.14737101 NVDA @ 5.58. New Cash: 3938.68, New Coins: 1367.90645298
[Agent] Received reward: 0.00000000
[NeuralNetworkInterface] Received reward signal: 0.00000000
[Agent] Making decision using full OHLCV data
[Agent] Price data: O=5.60434723 H=5.67678192 L=5.59488839 C=5.62301613 V=320976000.00000000
[Agent_Features] Generated 18 features for the latest tick.
[Agent] Exploration: Random action: SELL
[Portfolio] Logged Trade: SELL 68.39532265 NVDA @ 5.62. New Cash: 4323.27, New Coins: 1299.51113033
[Agent] Received reward: 0.00000000
[NeuralNetworkInterface] Received reward signal: 0.00000000
[Agent] Making decision using full OHLCV data
[Agent] Price data: O=5.68250561 H=5.70515687 L=5.61355574 C=5.62301458 V=321196000.00000000
[Agent_Features] Generated 18 features for the latest tick.
[Agent] Exploration: Random action: HOLD
[Agent] Received reward: 0.00000000
[NeuralNetworkInterface] Received reward signal: 0.00000000
[Agent] Making decision using full OHLCV data
[Agent] Price data: O=5.71287394 H=5.77336056 L=5.70889109 C=5.71735434 V=343548000.00000000
[Agent_Features] Generated 18 features for the latest tick.
[Agent] Exploration: Random action: HOLD
[Agent] Received reward: 0.00000000
[NeuralNetworkInterface] Received reward signal: 0.00000000
[Agent] Making decision using full OHLCV data
[Agent] Price data: O=5.86097860 H=5.87442029 L=5.74249458 C=5.74747301 V=445360000.00000000
[Agent_Features] Generated 18 features for the latest tick.
[Agent] Exploration: Random action: SELL
[Portfolio] Logged Trade: SELL 64.97555652 NVDA @ 5.75. New Cash: 4696.72, New Coins: 1234.53557382
[Agent] Received reward: 0.00000000
[NeuralNetworkInterface] Received reward signal: 0.00000000
[Agent] Making decision using full OHLCV data
[Agent] Price data: O=5.95830584 H=5.98369510 L=5.90827364 C=5.92744010 V=603044000.00000000
[Agent_Features] Generated 18 features for the latest tick.
[Agent] Exploration: Random action: HOLD
[Agent] Received reward: 0.00000000
[NeuralNetworkInterface] Received reward signal: 0.00000000
[Agent] Making decision using full OHLCV data
[Agent] Price data: O=5.94461441 H=6.01904027 L=5.93391120 C=5.98693017 V=355060000.00000000
[Agent_Features] Generated 18 features for the latest tick.
[Agent] Exploration: Random action: HOLD
[Agent] Received reward: 0.00000000
[NeuralNetworkInterface] Received reward signal: 0.00000000
[Agent] Making decision using full OHLCV data
[Agent] Price data: O=5.93963575 H=5.95681103 L=5.89483078 C=5.92918132 V=138864000.00000000
[Agent_Features] Generated 18 features for the latest tick.
[Agent] Exploration: Random action: HOLD
[Agent] Received reward: 0.00000000
[NeuralNetworkInterface] Received reward signal: 0.00000000
[Agent] Making decision using full OHLCV data
[Agent] Price data: O=5.95382500 H=5.98195226 L=5.92420363 C=5.94312131 V=182852000.00000000
[Agent_Features] Generated 18 features for the latest tick.
[Agent] Exploration: Random action: SELL
[Portfolio] Logged Trade: SELL 61.72677869 NVDA @ 5.94. New Cash: 5063.57, New Coins: 1172.80879513
[Agent] Received reward: 0.00000000
[NeuralNetworkInterface] Received reward signal: 0.00000000
[Agent] Making decision using full OHLCV data
[Agent] Price data: O=5.89607620 H=5.98245013 L=5.86969087 C=5.96900844 V=254644000.00000000
[Agent_Features] Generated 18 features for the latest tick.
[Agent] Exploration: Random action: SELL
[Portfolio] Logged Trade: SELL 58.64043976 NVDA @ 5.97. New Cash: 5413.59, New Coins: 1114.16835537
[Agent] Received reward: 0.00000000
[NeuralNetworkInterface] Received reward signal: 0.00000000
[Agent] Making decision using full OHLCV data
[Agent] Price data: O=5.78281975 H=5.87939933 L=5.75145645 C=5.87417211 V=258056000.00000000
[Agent_Features] Generated 18 features for the latest tick.
[Agent] Exploration: Random action: HOLD
[Agent] Received reward: 0.00000000
[NeuralNetworkInterface] Received reward signal: 0.00000000
[Agent] Making decision using full OHLCV data
[Agent] Price data: O=5.85699606 H=5.86645490 L=5.72830639 C=5.74747284 V=231004000.00000000
[Agent_Features] Generated 18 features for the latest tick.
[Agent] Exploration: Random action: HOLD
[Agent] Received reward: 0.00000000
[NeuralNetworkInterface] Received reward signal: 0.00000000
[Agent] Making decision using full OHLCV data
[Agent] Price data: O=5.97174597 H=5.97174597 L=5.89234215 C=5.94287189 V=237536000.00000000
[Agent_Features] Generated 18 features for the latest tick.
[Agent] Exploration: Random action: BUY
[Portfolio] Logged Trade: BUY 45.54692706 NVDA @ 5.94. New Cash: 5142.91, New Coins: 1159.71528243
[Agent] Received reward: -0.00000000
[NeuralNetworkInterface] Received reward signal: -0.00000000
[Agent] Making decision using full OHLCV data
[Agent] Price data: O=5.87616253 H=5.91997191 L=5.82712593 C=5.85201764 V=205384000.00000000
[Agent_Features] Generated 18 features for the latest tick.
[Agent] Exploration: Random action: BUY
[Portfolio] Logged Trade: BUY 43.94135340 NVDA @ 5.85. New Cash: 4885.77, New Coins: 1203.65663582
[Agent] Received reward: 0.00000000
[NeuralNetworkInterface] Received reward signal: 0.00000000
[Agent] Making decision using full OHLCV data
[Agent] Price data: O=5.90080595 H=5.90603317 L=5.75668386 C=5.78281994 V=262636000.00000000
[Agent_Features] Generated 18 features for the latest tick.
[Agent] Exploration: Random action: BUY
[Portfolio] Logged Trade: BUY 42.24380126 NVDA @ 5.78. New Cash: 4641.48, New Coins: 1245.90043708
[Agent] Received reward: 0.00000000
[NeuralNetworkInterface] Received reward signal: 0.00000000
[Agent] Making decision using full OHLCV data
[Agent] Price data: O=5.97224522 H=6.01804579 L=5.88412888 C=5.92918264 V=314856000.00000000
[Agent_Features] Generated 18 features for the latest tick.
[Agent] Exploration: Random action: HOLD
[Agent] Received reward: 0.00000000
[NeuralNetworkInterface] Received reward signal: 0.00000000
[Agent] Making decision using full OHLCV data
[Agent] Price data: O=5.98344660 H=6.02476677 L=5.92793840 C=5.96801373 V=277108000.00000000
[Agent_Features] Generated 18 features for the latest tick.
[Agent] Exploration: Random action: HOLD
[Agent] Received reward: 0.00000000
[NeuralNetworkInterface] Received reward signal: 0.00000000
[Agent] Making decision using full OHLCV data
[Agent] Price data: O=6.04915905 H=6.12159373 L=5.99539327 C=6.06981913 V=255112000.00000000
[Agent_Features] Generated 18 features for the latest tick.
[Agent] Exploration: Random action: BUY
[Portfolio] Logged Trade: BUY 38.23406867 NVDA @ 6.07. New Cash: 4409.40, New Coins: 1284.13450575
[Agent] Received reward: 0.00000000
[NeuralNetworkInterface] Received reward signal: 0.00000000
[Agent] Making decision using full OHLCV data
[Agent] Price data: O=6.08151817 H=6.18680977 L=6.06733015 C=6.15644207 V=316296000.00000000
[Agent_Features] Generated 18 features for the latest tick.
[Agent] Exploration: Random action: HOLD
[Agent] Received reward: 0.00000000
[NeuralNetworkInterface] Received reward signal: 0.00000000
[Agent] Making decision using full OHLCV data
[Agent] Price data: O=6.27218914 H=6.29732963 L=6.14200582 C=6.16465756 V=319840000.00000000
[Agent_Features] Generated 18 features for the latest tick.
[Agent] Exploration: Random action: HOLD
[Agent] Received reward: 0.00000000
[NeuralNetworkInterface] Received reward signal: 0.00000000
[Agent] Making decision using full OHLCV data
[Agent] Price data: O=6.15519905 H=6.25476542 L=6.14200614 C=6.22937568 V=359088000.00000000
[Agent_Features] Generated 18 features for the latest tick.
[Agent] Exploration: Random action: BUY
[Portfolio] Logged Trade: BUY 35.39201982 NVDA @ 6.23. New Cash: 4188.93, New Coins: 1319.52652557
[Agent] Received reward: 0.00000000
[NeuralNetworkInterface] Received reward signal: 0.00000000
[Agent] Making decision using full OHLCV data
[Agent] Price data: O=6.11263371 H=6.19029561 L=6.08674640 C=6.16789312 V=263104000.00000000
[Agent_Features] Generated 18 features for the latest tick.
[Agent] Exploration: Random action: HOLD
[Agent] Received reward: 0.00000000
[NeuralNetworkInterface] Received reward signal: 0.00000000
[Agent] Making decision using full OHLCV data
[Agent] Price data: O=6.19626951 H=6.20224354 L=6.14275250 C=6.16615059 V=284192000.00000000
[Agent_Features] Generated 18 features for the latest tick.
[Agent] Exploration: Random action: BUY
[Portfolio] Logged Trade: BUY 33.96716884 NVDA @ 6.17. New Cash: 3979.49, New Coins: 1353.49369440
[Agent] Received reward: 0.00000000
[NeuralNetworkInterface] Received reward signal: 0.00000000
[Agent] Making decision using full OHLCV data
[Agent] Price data: O=6.20498276 H=6.22290485 L=6.15743977 C=6.21543719 V=253792000.00000000
[Agent_Features] Generated 18 features for the latest tick.
[Agent] Exploration: Random action: SELL
[Portfolio] Logged Trade: SELL 67.67468472 NVDA @ 6.22. New Cash: 4400.11, New Coins: 1285.81900968
[Agent] Received reward: 0.00000000
[NeuralNetworkInterface] Received reward signal: 0.00000000
[Agent] Making decision using full OHLCV data
[Agent] Price data: O=6.17162609 H=6.20522982 L=6.13752433 C=6.16839006 V=217916000.00000000
[Agent_Features] Generated 18 features for the latest tick.
[Agent] Exploration: Random action: HOLD
[Agent] Received reward: 0.00000000
[NeuralNetworkInterface] Received reward signal: 0.00000000
[Agent] Making decision using full OHLCV data
[Agent] Price data: O=6.22564220 H=6.31226492 L=6.19801249 C=6.21693018 V=239240000.00000000
[Agent_Features] Generated 18 features for the latest tick.
[Agent] Exploration: Random action: HOLD
[Agent] Received reward: 0.00000000
[NeuralNetworkInterface] Received reward signal: 0.00000000
[Agent] Making decision using full OHLCV data
[Agent] Price data: O=6.29409313 H=6.30255638 L=6.17685394 C=6.26571709 V=244516000.00000000
[Agent_Features] Generated 18 features for the latest tick.
[Agent] Exploration: Random action: BUY
[Portfolio] Logged Trade: BUY 35.11261818 NVDA @ 6.27. New Cash: 4180.11, New Coins: 1320.93162787
[Agent] Received reward: 0.00000000
[NeuralNetworkInterface] Received reward signal: 0.00000000
[Agent] Making decision using full OHLCV data
[Agent] Price data: O=6.23485041 H=6.45937283 L=6.18058660 C=6.40958942 V=373512000.00000000
[Agent_Features] Generated 18 features for the latest tick.
[Agent] Exploration: Random action: HOLD
[Agent] Received reward: 0.00000000
[NeuralNetworkInterface] Received reward signal: 0.00000000
[Agent] Making decision using full OHLCV data
[Agent] Price data: O=5.97896528 H=6.02999307 L=5.78057892 C=5.93017746 V=470536000.00000000
[Agent_Features] Generated 18 features for the latest tick.
[Agent] Exploration: Random action: SELL
[Portfolio] Logged Trade: SELL 66.04658139 NVDA @ 5.93. New Cash: 4571.78, New Coins: 1254.88504647
[Agent] Received reward: 0.00000000
[NeuralNetworkInterface] Received reward signal: 0.00000000
[Agent] Making decision using full OHLCV data
[Agent] Price data: O=6.17237425 H=6.20473314 L=5.99166068 C=6.04492892 V=310976000.00000000
[Agent_Features] Generated 18 features for the latest tick.
[Agent] Exploration: Random action: BUY
[Portfolio] Logged Trade: BUY 37.81497612 NVDA @ 6.04. New Cash: 4343.19, New Coins: 1292.70002259
[Agent] Received reward: 0.00000000
[NeuralNetworkInterface] Received reward signal: 0.00000000
[Agent] Making decision using full OHLCV data
[Agent] Price data: O=6.11188602 H=6.19402832 L=6.07205901 C=6.15793537 V=258848000.00000000
[Agent_Features] Generated 18 features for the latest tick.
[Agent] Exploration: Random action: BUY
[Portfolio] Logged Trade: BUY 35.26496909 NVDA @ 6.16. New Cash: 4126.03, New Coins: 1327.96499168
[Agent] Received reward: 0.00000000
[NeuralNetworkInterface] Received reward signal: 0.00000000
[Agent] Making decision using full OHLCV data
[Agent] Price data: O=6.11860752 H=6.13204921 L=5.95905256 C=6.01406272 V=290504000.00000000
[Agent_Features] Generated 18 features for the latest tick.
[Agent] Exploration: Random action: HOLD
[Agent] Received reward: 0.00000000
[NeuralNetworkInterface] Received reward signal: 0.00000000
[Agent] Making decision using full OHLCV data
[Agent] Price data: O=5.88512325 H=6.08475398 L=5.84330553 C=6.07280592 V=370420000.00000000
[Agent_Features] Generated 18 features for the latest tick.
[Agent] Exploration: Random action: SELL
[Portfolio] Logged Trade: SELL 66.39824958 NVDA @ 6.07. New Cash: 4529.25, New Coins: 1261.56674209
[Agent] Received reward: 0.00000000
[NeuralNetworkInterface] Received reward signal: 0.00000000
[Agent] Making decision using full OHLCV data
[Agent] Price data: O=5.98220158 H=6.00161681 L=5.86073029 C=5.86695310 V=255564000.00000000
[Agent_Features] Generated 18 features for the latest tick.
[Agent] Exploration: Random action: BUY
[Portfolio] Logged Trade: BUY 38.59969747 NVDA @ 5.87. New Cash: 4302.79, New Coins: 1300.16643956
[Agent] Received reward: 0.00000000
[NeuralNetworkInterface] Received reward signal: 0.00000000
[Agent] Making decision using full OHLCV data
[Agent] Price data: O=6.15146399 H=6.17063092 L=6.07405134 C=6.12408353 V=271544000.00000000
[Agent_Features] Generated 18 features for the latest tick.
[Agent] Exploration: Random action: SELL
[Portfolio] Logged Trade: SELL 65.00832198 NVDA @ 6.12. New Cash: 4700.91, New Coins: 1235.15811758
[Agent] Received reward: 0.00000000
[NeuralNetworkInterface] Received reward signal: 0.00000000
[Agent] Making decision using full OHLCV data
[Agent] Price data: O=6.24182034 H=6.28264247 L=6.15843319 C=6.27243682 V=208220000.00000000
[Agent_Features] Generated 18 features for the latest tick.
[Agent] Exploration: Random action: BUY
[Portfolio] Logged Trade: BUY 37.47272559 NVDA @ 6.27. New Cash: 4465.86, New Coins: 1272.63084318
[Agent] Received reward: 0.00000000
[NeuralNetworkInterface] Received reward signal: 0.00000000
[Agent] Making decision using full OHLCV data
[Agent] Price data: O=6.32869196 H=6.32869196 L=6.19502432 C=6.27617102 V=218284000.00000000
[Agent_Features] Generated 18 features for the latest tick.
[Agent] Exploration: Random action: SELL
[Portfolio] Logged Trade: SELL 63.63154216 NVDA @ 6.28. New Cash: 4865.22, New Coins: 1208.99930102
[Agent] Received reward: 0.00000000
[NeuralNetworkInterface] Received reward signal: 0.00000000
[Agent] Making decision using full OHLCV data
[Agent] Price data: O=6.26248074 H=6.31077052 L=6.23709100 C=6.28861681 V=189752000.00000000
[Agent_Features] Generated 18 features for the latest tick.
[Agent] Exploration: Random action: BUY
[Portfolio] Logged Trade: BUY 38.68277677 NVDA @ 6.29. New Cash: 4621.96, New Coins: 1247.68207779
[Agent] Received reward: 0.00000000
[NeuralNetworkInterface] Received reward signal: 0.00000000
[Agent] Making decision using full OHLCV data
[Agent] Price data: O=6.54574776 H=6.54649410 L=6.28015391 C=6.28513235 V=529608000.00000000
[Agent_Features] Generated 18 features for the latest tick.
[Agent] Exploration: Random action: HOLD
[Agent] Received reward: 0.00000000
[NeuralNetworkInterface] Received reward signal: 0.00000000
[Agent] Making decision using full OHLCV data
[Agent] Price data: O=6.66821384 H=6.78296429 L=6.59204557 C=6.65402582 V=638556000.00000000
[Agent_Features] Generated 18 features for the latest tick.
[Agent] Exploration: Random action: HOLD
[Agent] Received reward: 0.00000000
[NeuralNetworkInterface] Received reward signal: 0.00000000
[Agent] Making decision using full OHLCV data
[Agent] Price data: O=6.78395987 H=6.79043193 L=6.68215307 C=6.72098402 V=374644000.00000000
[Agent_Features] Generated 18 features for the latest tick.
[Agent] Exploration: Random action: BUY
[Portfolio] Logged Trade: BUY 34.38456358 NVDA @ 6.72. New Cash: 4390.86, New Coins: 1282.06664137
[Agent] Received reward: 0.00000000
[NeuralNetworkInterface] Received reward signal: 0.00000000
[Agent] Making decision using full OHLCV data
[Agent] Price data: O=6.74015045 H=6.80735792 L=6.69858151 C=6.72596243 V=528016000.00000000
[Agent_Features] Generated 18 features for the latest tick.
[Agent] Exploration: Random action: BUY
[Portfolio] Logged Trade: BUY 32.64115724 NVDA @ 6.73. New Cash: 4171.32, New Coins: 1314.70779861
[Agent] Received reward: -0.00000000
[NeuralNetworkInterface] Received reward signal: -0.00000000
[Agent] Making decision using full OHLCV data
[Agent] Price data: O=7.21334028 H=7.34227875 L=7.11900114 C=7.15036444 V=1041924000.00000000
[Agent_Features] Generated 18 features for the latest tick.
[Agent] Exploration: Random action: SELL
[Portfolio] Logged Trade: SELL 65.73538993 NVDA @ 7.15. New Cash: 4641.35, New Coins: 1248.97240868
[Agent] Received reward: 0.00000000
[NeuralNetworkInterface] Received reward signal: 0.00000000
[Agent] Making decision using full OHLCV data
[Agent] Price data: O=7.38210535 H=7.40052547 L=7.09062469 C=7.11003993 V=620164000.00000000
[Agent_Features] Generated 18 features for the latest tick.
[Agent] Exploration: Random action: HOLD
[Agent] Received reward: 0.00000000
[NeuralNetworkInterface] Received reward signal: 0.00000000
[Agent] Making decision using full OHLCV data
[Agent] Price data: O=7.83339071 H=7.85106402 L=7.50457271 C=7.50457271 V=694332000.00000000
[Agent_Features] Generated 18 features for the latest tick.
[Agent] Exploration: Random action: SELL
[Portfolio] Logged Trade: SELL 62.44862043 NVDA @ 7.50. New Cash: 5110.00, New Coins: 1186.52378825
[Agent] Received reward: -0.00000000
[NeuralNetworkInterface] Received reward signal: -0.00000000
[Agent] Making decision using full OHLCV data
[Agent] Price data: O=7.68404198 H=7.87371587 L=7.37663037 C=7.78535075 V=810052000.00000000
[Agent_Features] Generated 18 features for the latest tick.
[Agent] Exploration: Random action: BUY
[Portfolio] Logged Trade: BUY 32.81806511 NVDA @ 7.79. New Cash: 4854.50, New Coins: 1219.34185335
[Agent] Received reward: 0.00000000
[NeuralNetworkInterface] Received reward signal: 0.00000000
[Agent] Making decision using full OHLCV data
[Agent] Price data: O=7.31987572 H=7.59691956 L=7.23499543 C=7.57177907 V=768180000.00000000
[Agent_Features] Generated 18 features for the latest tick.
[Agent] Exploration: Random action: HOLD
[Agent] Received reward: 0.00000000
[NeuralNetworkInterface] Received reward signal: 0.00000000
[Agent] Making decision using full OHLCV data
[Agent] Price data: O=6.80237913 H=7.01619836 L=6.67095146 C=6.72546405 V=856916000.00000000
[Agent_Features] Generated 18 features for the latest tick.
[Agent] Exploration: Random action: BUY
[Portfolio] Logged Trade: BUY 36.09046730 NVDA @ 6.73. New Cash: 4611.78, New Coins: 1255.43232065
[Agent] Received reward: -0.00000000
[NeuralNetworkInterface] Received reward signal: -0.00000000
[Agent] Making decision using full OHLCV data
[Agent] Price data: O=6.52284622 H=6.93953171 L=6.42103944 C=6.87755147 V=1055496000.00000000
[Agent_Features] Generated 18 features for the latest tick.
[Agent] Exploration: Random action: BUY
[Portfolio] Logged Trade: BUY 33.52775832 NVDA @ 6.88. New Cash: 4381.19, New Coins: 1288.96007897
[Agent] Received reward: 0.00000000
[NeuralNetworkInterface] Received reward signal: 0.00000000
[Agent] Making decision using full OHLCV data
[Agent] Price data: O=6.66223955 H=6.85639429 L=6.52160229 C=6.52309544 V=747732000.00000000
[Agent_Features] Generated 18 features for the latest tick.
[Agent] Exploration: Random action: BUY
[Portfolio] Logged Trade: BUY 33.58213001 NVDA @ 6.52. New Cash: 4162.13, New Coins: 1322.54220899
[Agent] Received reward: 0.00000000
[NeuralNetworkInterface] Received reward signal: 0.00000000
[Agent] Making decision using full OHLCV data
[Agent] Price data: O=6.29138279 H=6.65003657 L=6.19897959 C=6.34866763 V=906416000.00000000
[Agent_Features] Generated 18 features for the latest tick.
[Agent] Exploration: Random action: HOLD
[Agent] Received reward: 0.00000000
[NeuralNetworkInterface] Received reward signal: 0.00000000
[Agent] Making decision using full OHLCV data
[Agent] Price data: O=6.72649956 H=6.78602618 L=6.02214384 C=6.03883106 V=1133252000.00000000
[Agent_Features] Generated 18 features for the latest tick.
[Agent] Exploration: Random action: BUY
[Portfolio] Logged Trade: BUY 34.46138255 NVDA @ 6.04. New Cash: 3954.02, New Coins: 1357.00359153
[Agent] Received reward: 0.00000000
[NeuralNetworkInterface] Received reward signal: 0.00000000
[Simulation] Simulation run finished. Ticks processed in this run: 150

Simulation Finished in 0.02 seconds.
--------------------
  Final Portfolio  
--------------------
Cash:      $3954.02
Asset:     1357.0036 NVDA
Total Value: $12148.74
--------------------
[Simulation] Simulation destroyed.
[AutonomousTradingAgent] Agent destroyed
[NeuralNetworkInterface] Destructor called.
[Portfolio] Destroyed for asset: NVDA. Final cash: 3954.02, Final assets: 1357.00
