Loading data from training_run_20250621_150556/data/DIS_1d_20200310_to_20201020.csv...
Loaded 108 data points.
[Portfolio] Initialized for asset: DIS with initial cash: 10000.00. Initial Portfolio Value: 10000.00
[NeuralNetworkInterface] Constructor called.
[NeuralNetworkInterface] Initializing...
Warning: NN model path is empty. Initializing in a mock state.
[NeuralNetworkInterface] Initialized successfully.
[AutonomousTradingAgent] Agent initialized for DIS without API client (CSV mode).
[Simulation] Initialized with 108 data points.
[Simulation] API client is NULL (offline/CSV mode).

Starting Simulation for DIS...
[Simulation] Starting simulation run...
[Agent] Making decision using full OHLCV data
[Agent] Price data: O=112.97 H=115.05 L=112.04 C=113.70 V=20332600.00
[Agent_Features] Generated 15 features for the latest tick.
[Agent] Exploration: Random action: BUY
[Portfolio] Logged Trade: BUY 4.39771325 DIS @ 113.70. New Cash: 9500.00, New Coins: 4.39771325
[Agent] Received reward: 0.00000000
[NeuralNetworkInterface] Received reward signal: 0.00000000
[Agent] Making decision using full OHLCV data
[Agent] Price data: O=118.45661926 H=119.39503097 L=114.62396946 C=114.99932962 V=25749900.00000000
[Agent_Features] Generated 17 features for the latest tick.
[Agent] Exploration: Random action: BUY
[Portfolio] Logged Trade: BUY 4.13045886 DIS @ 115.00. New Cash: 9025.00, New Coins: 8.52817211
[Agent] Received reward: 0.00000000
[NeuralNetworkInterface] Received reward signal: 0.00000000
[Agent] Making decision using full OHLCV data
[Agent] Price data: O=116.39213562 H=118.83199569 L=115.07836365 C=117.88370383 V=17578300.00000000
[Agent_Features] Generated 17 features for the latest tick.
[Agent] Exploration: Random action: SELL
[Portfolio] Logged Trade: SELL 0.42640861 DIS @ 117.88. New Cash: 9075.27, New Coins: 8.10176351
[Agent] Received reward: 0.00000000
[NeuralNetworkInterface] Received reward signal: 0.00000000
[Agent] Making decision using full OHLCV data
[Agent] Price data: O=116.57980347 H=117.12309485 L=115.40433011 C=116.06615232 V=9288200.00000000
[Agent_Features] Generated 17 features for the latest tick.
[Agent] Exploration: Random action: BUY
[Portfolio] Logged Trade: BUY 3.90952334 DIS @ 116.07. New Cash: 8621.50, New Coins: 12.01128684
[Agent] Received reward: 0.00000000
[NeuralNetworkInterface] Received reward signal: 0.00000000
[Agent] Making decision using full OHLCV data
[Agent] Price data: O=119.47406006 H=121.01502871 L=118.96040887 C=119.57284580 V=16466400.00000000
[Agent_Features] Generated 18 features for the latest tick.
[Agent] Exploration: Random action: BUY
[Portfolio] Logged Trade: BUY 3.60512591 DIS @ 119.57. New Cash: 8190.43, New Coins: 15.61641276
[Agent] Received reward: -0.00000000
[NeuralNetworkInterface] Received reward signal: -0.00000000
[Agent] Making decision using full OHLCV data
[Agent] Price data: O=120.04698181 H=122.26952531 L=118.24919137 C=122.17074711 V=19345400.00000000
[Agent_Features] Generated 18 features for the latest tick.
[Agent] Exploration: Random action: BUY
[Portfolio] Logged Trade: BUY 3.35204144 DIS @ 122.17. New Cash: 7780.91, New Coins: 18.96845419
[Agent] Received reward: 0.00000000
[NeuralNetworkInterface] Received reward signal: 0.00000000
[Agent] Making decision using full OHLCV data
[Agent] Price data: O=115.32530975 H=120.49149183 L=114.58446194 C=120.11612411 V=18606000.00000000
[Agent_Features] Generated 18 features for the latest tick.
[Agent] Exploration: Random action: HOLD
[Agent] Received reward: 0.00000000
[NeuralNetworkInterface] Received reward signal: 0.00000000
[Agent] Making decision using full OHLCV data
[Agent] Price data: O=115.86859894 H=116.31310460 L=112.72740396 C=114.77214359 V=17745100.00000000
[Agent_Features] Generated 18 features for the latest tick.
[Agent] Exploration: Random action: BUY
[Portfolio] Logged Trade: BUY 3.38971918 DIS @ 114.77. New Cash: 7391.86, New Coins: 22.35817337
[Agent] Received reward: 0.00000000
[NeuralNetworkInterface] Received reward signal: 0.00000000
[Agent] Making decision using full OHLCV data
[Agent] Price data: O=117.32065582 H=118.18992208 L=115.50311281 C=115.82908766 V=10538300.00000000
[Agent_Features] Generated 18 features for the latest tick.
[Agent] Exploration: Random action: BUY
[Portfolio] Logged Trade: BUY 3.19084849 DIS @ 115.83. New Cash: 7022.27, New Coins: 25.54902186
[Agent] Received reward: 0.00000000
[NeuralNetworkInterface] Received reward signal: 0.00000000
[Agent] Making decision using full OHLCV data
[Agent] Price data: O=117.30091095 H=118.38748630 L=116.39213939 C=117.54786024 V=10753100.00000000
[Agent_Features] Generated 18 features for the latest tick.
[Agent] Exploration: Random action: HOLD
[Agent] Received reward: 0.00000000
[NeuralNetworkInterface] Received reward signal: 0.00000000
[Agent] Making decision using full OHLCV data
[Agent] Price data: O=120.68904877 H=120.95575067 L=117.86394849 C=118.52577073 V=12584300.00000000
[Agent_Features] Generated 18 features for the latest tick.
[Agent] Exploration: Random action: HOLD
[Agent] Received reward: 0.00000000
[NeuralNetworkInterface] Received reward signal: 0.00000000
[Agent] Making decision using full OHLCV data
[Agent] Price data: O=122.18062592 H=122.98073916 L=120.36307533 C=120.46185353 V=14195100.00000000
[Agent_Features] Generated 18 features for the latest tick.
[Agent] Exploration: Random action: BUY
[Portfolio] Logged Trade: BUY 2.91472699 DIS @ 120.46. New Cash: 6671.15, New Coins: 28.46374885
[Agent] Received reward: 0.00000000
[NeuralNetworkInterface] Received reward signal: 0.00000000
[Agent] Making decision using full OHLCV data
[Agent] Price data: O=123.29683685 H=126.26022823 L=122.76342550 C=124.76865246 V=16581600.00000000
[Agent_Features] Generated 18 features for the latest tick.
[Agent] Exploration: Random action: BUY
[Portfolio] Logged Trade: BUY 2.67340986 DIS @ 124.77. New Cash: 6337.60, New Coins: 31.13715870
[Agent] Received reward: -0.00000000
[NeuralNetworkInterface] Received reward signal: -0.00000000
[Agent] Making decision using full OHLCV data
[Agent] Price data: O=125.72681427 H=125.88486542 L=122.42757556 C=123.57341628 V=13858100.00000000
[Agent_Features] Generated 18 features for the latest tick.
[Agent] Exploration: Random action: BUY
[Portfolio] Logged Trade: BUY 2.56430442 DIS @ 123.57. New Cash: 6020.72, New Coins: 33.70146313
[Agent] Received reward: 0.00000000
[NeuralNetworkInterface] Received reward signal: 0.00000000
[Agent] Making decision using full OHLCV data
[Agent] Price data: O=122.37818146 H=124.25499744 L=122.00282127 C=124.09694629 V=10882800.00000000
[Agent_Features] Generated 18 features for the latest tick.
[Agent] Exploration: Random action: SELL
[Portfolio] Logged Trade: SELL 1.68507316 DIS @ 124.10. New Cash: 6229.83, New Coins: 32.01638997
[Agent] Received reward: 0.00000000
[NeuralNetworkInterface] Received reward signal: 0.00000000
[Agent] Making decision using full OHLCV data
[Agent] Price data: O=120.68904877 H=122.58561737 L=119.45430240 C=122.50659180 V=11497100.00000000
[Agent_Features] Generated 18 features for the latest tick.
[Agent] Exploration: Random action: BUY
[Portfolio] Logged Trade: BUY 2.54265082 DIS @ 122.51. New Cash: 5918.34, New Coins: 34.55904079
[Agent] Received reward: 0.00000000
[NeuralNetworkInterface] Received reward signal: 0.00000000
[Agent] Making decision using full OHLCV data
[Agent] Price data: O=111.26546478 H=116.56005784 L=110.88022452 C=116.16493750 V=26078800.00000000
[Agent_Features] Generated 18 features for the latest tick.
[Agent] Exploration: Random action: SELL
[Portfolio] Logged Trade: SELL 1.72795204 DIS @ 116.16. New Cash: 6119.07, New Coins: 32.83108875
[Agent] Received reward: 0.00000000
[NeuralNetworkInterface] Received reward signal: 0.00000000
[Agent] Making decision using full OHLCV data
[Agent] Price data: O=114.08069611 H=115.57227198 L=111.51242490 C=113.76460130 V=18361900.00000000
[Agent_Features] Generated 18 features for the latest tick.
[Agent] Exploration: Random action: SELL
[Portfolio] Logged Trade: SELL 1.64155444 DIS @ 113.76. New Cash: 6305.82, New Coins: 31.18953432
[Agent] Received reward: 0.00000000
[NeuralNetworkInterface] Received reward signal: 0.00000000
[Agent] Making decision using full OHLCV data
[Agent] Price data: O=115.65129089 H=116.67860082 L=110.34681754 C=110.71230520 V=14156400.00000000
[Agent_Features] Generated 18 features for the latest tick.
[Agent] Exploration: Random action: SELL
[Portfolio] Logged Trade: SELL 1.55947672 DIS @ 110.71. New Cash: 6478.47, New Coins: 29.63005760
[Agent] Received reward: 0.00000000
[NeuralNetworkInterface] Received reward signal: 0.00000000
[Agent] Making decision using full OHLCV data
[Agent] Price data: O=116.99468994 H=120.01734663 L=114.63385550 C=119.76051728 V=12951200.00000000
[Agent_Features] Generated 18 features for the latest tick.
[Agent] Exploration: Random action: SELL
[Portfolio] Logged Trade: SELL 1.48150288 DIS @ 119.76. New Cash: 6655.90, New Coins: 28.14855472
[Agent] Received reward: 0.00000000
[NeuralNetworkInterface] Received reward signal: 0.00000000
[Agent] Making decision using full OHLCV data
[Agent] Price data: O=116.21433258 H=117.77505384 L=115.71055394 C=117.19224962 V=8921600.00000000
[Agent_Features] Generated 18 features for the latest tick.
[Agent] Exploration: Random action: BUY
[Portfolio] Logged Trade: BUY 2.83973356 DIS @ 117.19. New Cash: 6323.10, New Coins: 30.98828828
[Agent] Received reward: 0.00000000
[NeuralNetworkInterface] Received reward signal: 0.00000000
[Agent] Making decision using full OHLCV data
[Agent] Price data: O=116.92554474 H=117.08358835 L=114.51531742 C=115.45372164 V=9577300.00000000
[Agent_Features] Generated 18 features for the latest tick.
[Agent] Exploration: Random action: SELL
[Portfolio] Logged Trade: SELL 1.54941441 DIS @ 115.45. New Cash: 6501.99, New Coins: 29.43887387
[Agent] Received reward: 0.00000000
[NeuralNetworkInterface] Received reward signal: 0.00000000
[Agent] Making decision using full OHLCV data
[Agent] Price data: O=112.95459747 H=118.65419099 L=112.95459747 C=118.51590000 V=23496300.00000000
[Agent_Features] Generated 18 features for the latest tick.
[Agent] Exploration: Random action: HOLD
[Agent] Received reward: 0.00000000
[NeuralNetworkInterface] Received reward signal: 0.00000000
[Agent] Making decision using full OHLCV data
[Agent] Price data: O=114.50544739 H=114.77215685 L=111.72973972 C=112.79656249 V=12868000.00000000
[Agent_Features] Generated 18 features for the latest tick.
[Agent] Exploration: Random action: SELL
[Portfolio] Logged Trade: SELL 1.47194369 DIS @ 112.80. New Cash: 6668.02, New Coins: 27.96693017
[Agent] Received reward: 0.00000000
[NeuralNetworkInterface] Received reward signal: 0.00000000
[Agent] Making decision using full OHLCV data
[Agent] Price data: O=115.16725922 H=116.01676532 L=114.55482984 C=115.53274685 V=10187600.00000000
[Agent_Features] Generated 18 features for the latest tick.
[Agent] Exploration: Random action: BUY
[Portfolio] Logged Trade: BUY 2.88576899 DIS @ 115.53. New Cash: 6334.62, New Coins: 30.85269917
[Agent] Received reward: 0.00000000
[NeuralNetworkInterface] Received reward signal: 0.00000000
[Agent] Making decision using full OHLCV data
[Agent] Price data: O=110.70242310 H=114.58446608 L=108.68731606 C=114.43629501 V=22252500.00000000
[Agent_Features] Generated 18 features for the latest tick.
[Agent] Exploration: Random action: HOLD
[Agent] Received reward: 0.00000000
[NeuralNetworkInterface] Received reward signal: 0.00000000
[Agent] Making decision using full OHLCV data
[Agent] Price data: O=110.00108337 H=110.14925444 L=107.17598312 C=107.66000158 V=17240400.00000000
[Agent_Features] Generated 18 features for the latest tick.
[Agent] Exploration: Random action: BUY
[Portfolio] Logged Trade: BUY 2.94195405 DIS @ 107.66. New Cash: 6017.88, New Coins: 33.79465322
[Agent] Received reward: 0.00000000
[NeuralNetworkInterface] Received reward signal: 0.00000000
[Agent] Making decision using full OHLCV data
[Agent] Price data: O=107.76865387 H=109.84302611 L=106.70183127 C=109.59607686 V=15270900.00000000
[Agent_Features] Generated 18 features for the latest tick.
[Agent] Exploration: Random action: HOLD
[Agent] Received reward: 0.00000000
[NeuralNetworkInterface] Received reward signal: 0.00000000
[Agent] Making decision using full OHLCV data
[Agent] Price data: O=110.15913391 H=110.20852678 L=106.78086950 C=107.66988843 V=12584300.00000000
[Agent_Features] Generated 18 features for the latest tick.
[Agent] Exploration: Random action: HOLD
[Agent] Received reward: 0.00000000
[NeuralNetworkInterface] Received reward signal: 0.00000000
[Agent] Making decision using full OHLCV data
[Agent] Price data: O=110.14925385 H=110.68266517 L=108.58853266 C=110.13937376 V=10565900.00000000
[Agent_Features] Generated 18 features for the latest tick.
[Agent] Exploration: Random action: SELL
[Portfolio] Logged Trade: SELL 1.68973266 DIS @ 110.14. New Cash: 6203.99, New Coins: 32.10492056
[Agent] Received reward: 0.00000000
[NeuralNetworkInterface] Received reward signal: 0.00000000
[Agent] Making decision using full OHLCV data
[Agent] Price data: O=111.63095856 H=114.18934957 L=110.91974340 C=111.44327469 V=11930900.00000000
[Agent_Features] Generated 18 features for the latest tick.
[Agent] Exploration: Random action: SELL
[Portfolio] Logged Trade: SELL 1.60524603 DIS @ 111.44. New Cash: 6382.88, New Coins: 30.49967453
[Agent] Received reward: 0.00000000
[NeuralNetworkInterface] Received reward signal: 0.00000000
[Agent] Making decision using full OHLCV data
[Agent] Price data: O=110.81108093 H=113.69544671 L=110.63327715 C=113.59666850 V=10312000.00000000
[Agent_Features] Generated 18 features for the latest tick.
[Agent] Exploration: Random action: BUY
[Portfolio] Logged Trade: BUY 2.80945068 DIS @ 113.60. New Cash: 6063.74, New Coins: 33.30912520
[Agent] Received reward: 0.00000000
[NeuralNetworkInterface] Received reward signal: 0.00000000
[Agent] Making decision using full OHLCV data
[Agent] Price data: O=113.03362274 H=113.13240094 L=111.52229438 C=112.44094599 V=11933400.00000000
[Agent_Features] Generated 18 features for the latest tick.
[Agent] Exploration: Random action: HOLD
[Agent] Received reward: 0.00000000
[NeuralNetworkInterface] Received reward signal: 0.00000000
[Agent] Making decision using full OHLCV data
[Agent] Price data: O=112.24339294 H=113.67570340 L=111.23584312 C=112.24339294 V=10836500.00000000
[Agent_Features] Generated 18 features for the latest tick.
[Agent] Exploration: Random action: BUY
[Portfolio] Logged Trade: BUY 2.70115699 DIS @ 112.24. New Cash: 5760.55, New Coins: 36.01028219
[Agent] Received reward: 0.00000000
[NeuralNetworkInterface] Received reward signal: 0.00000000
[Agent] Making decision using full OHLCV data
[Agent] Price data: O=115.23641205 H=115.70067035 L=111.43338723 C=112.09521700 V=13629500.00000000
[Agent_Features] Generated 18 features for the latest tick.
[Agent] Exploration: Random action: SELL
[Portfolio] Logged Trade: SELL 1.80051411 DIS @ 112.10. New Cash: 5962.38, New Coins: 34.20976808
[Agent] Received reward: 0.00000000
[NeuralNetworkInterface] Received reward signal: 0.00000000
[Agent] Making decision using full OHLCV data
[Agent] Price data: O=115.38458252 H=116.41189246 L=113.97203230 C=115.08824790 V=13582900.00000000
[Agent_Features] Generated 18 features for the latest tick.
[Agent] Exploration: Random action: HOLD
[Agent] Received reward: 0.00000000
[NeuralNetworkInterface] Received reward signal: 0.00000000
[Agent] Making decision using full OHLCV data
[Agent] Price data: O=117.88370514 H=117.98249088 L=114.79190285 C=115.40433978 V=14207900.00000000
[Agent_Features] Generated 18 features for the latest tick.
[Agent] Exploration: Random action: SELL
[Portfolio] Logged Trade: SELL 1.71048840 DIS @ 115.40. New Cash: 6159.78, New Coins: 32.49927968
[Agent] Received reward: 0.00000000
[NeuralNetworkInterface] Received reward signal: 0.00000000
[Agent] Making decision using full OHLCV data
[Agent] Price data: O=114.80178070 H=118.66406346 L=114.47580585 C=118.47638714 V=15620200.00000000
[Agent_Features] Generated 18 features for the latest tick.
[Agent] Exploration: Random action: BUY
[Portfolio] Logged Trade: BUY 2.59958142 DIS @ 118.48. New Cash: 5851.79, New Coins: 35.09886110
[Agent] Received reward: 0.00000000
[NeuralNetworkInterface] Received reward signal: 0.00000000
[Agent] Making decision using full OHLCV data
[Agent] Price data: O=117.21201324 H=117.62688624 L=113.14228628 C=113.82386872 V=12425100.00000000
[Agent_Features] Generated 18 features for the latest tick.
[Agent] Exploration: Random action: HOLD
[Agent] Received reward: 0.00000000
[NeuralNetworkInterface] Received reward signal: 0.00000000
[Agent] Making decision using full OHLCV data
[Agent] Price data: O=119.42467499 H=120.60014845 L=118.23931391 C=120.14576268 V=15314200.00000000
[Agent_Features] Generated 18 features for the latest tick.
[Agent] Exploration: Random action: BUY
[Portfolio] Logged Trade: BUY 2.43528825 DIS @ 120.15. New Cash: 5559.20, New Coins: 37.53414934
[Agent] Received reward: 0.00000000
[NeuralNetworkInterface] Received reward signal: 0.00000000
[Agent] Making decision using full OHLCV data
[Agent] Price data: O=117.97261047 H=118.52577445 L=116.16493993 C=116.28347830 V=10210100.00000000
[Agent_Features] Generated 18 features for the latest tick.
[Agent] Exploration: Random action: HOLD
[Agent] Received reward: 0.00000000
[NeuralNetworkInterface] Received reward signal: 0.00000000
[Agent] Making decision using full OHLCV data
[Agent] Price data: O=117.20212555 H=118.10101698 L=115.63152427 C=117.44907482 V=9843500.00000000
[Agent_Features] Generated 18 features for the latest tick.
[Agent] Exploration: Random action: HOLD
[Agent] Received reward: 0.00000000
[NeuralNetworkInterface] Received reward signal: 0.00000000
[Agent] Making decision using full OHLCV data
[Agent] Price data: O=116.35262299 H=117.04407795 L=115.39445858 C=116.60945235 V=8947900.00000000
[Agent_Features] Generated 18 features for the latest tick.
[Agent] Exploration: Random action: HOLD
[Agent] Received reward: 0.00000000
[NeuralNetworkInterface] Received reward signal: 0.00000000
[Agent] Making decision using full OHLCV data
[Agent] Price data: O=117.17250061 H=118.92089825 L=116.22421625 C=116.60945654 V=8946300.00000000
[Agent_Features] Generated 18 features for the latest tick.
[Agent] Exploration: Random action: BUY
[Portfolio] Logged Trade: BUY 2.38368391 DIS @ 116.61. New Cash: 5281.24, New Coins: 39.91783326
[Agent] Received reward: 0.00000000
[NeuralNetworkInterface] Received reward signal: 0.00000000
[Agent] Making decision using full OHLCV data
[Agent] Price data: O=117.57748413 H=117.84419356 L=116.49090886 C=116.74773821 V=7063300.00000000
[Agent_Features] Generated 18 features for the latest tick.
[Agent] Exploration: Random action: BUY
[Portfolio] Logged Trade: BUY 2.26181753 DIS @ 116.75. New Cash: 5017.18, New Coins: 42.17965079
[Agent] Received reward: 0.00000000
[NeuralNetworkInterface] Received reward signal: 0.00000000
[Agent] Making decision using full OHLCV data
[Agent] Price data: O=116.67860413 H=117.89359042 L=115.58214867 C=117.40957192 V=7255800.00000000
[Agent_Features] Generated 18 features for the latest tick.
[Agent] Exploration: Random action: SELL
[Portfolio] Logged Trade: SELL 2.10898254 DIS @ 117.41. New Cash: 5264.79, New Coins: 40.07066825
[Agent] Received reward: -0.00000000
[NeuralNetworkInterface] Received reward signal: -0.00000000
[Agent] Making decision using full OHLCV data
[Agent] Price data: O=116.17481995 H=116.76749671 L=114.12020013 C=114.28812383 V=8233300.00000000
[Agent_Features] Generated 18 features for the latest tick.
[Agent] Exploration: Random action: BUY
[Portfolio] Logged Trade: BUY 2.30329894 DIS @ 114.29. New Cash: 5001.55, New Coins: 42.37396718
[Agent] Received reward: -0.00000000
[NeuralNetworkInterface] Received reward signal: -0.00000000
[Agent] Making decision using full OHLCV data
[Agent] Price data: O=114.89067841 H=115.98713379 L=114.26836895 C=115.76981722 V=9413000.00000000
[Agent_Features] Generated 18 features for the latest tick.
[Agent] Exploration: Random action: SELL
[Portfolio] Logged Trade: SELL 2.11869836 DIS @ 115.77. New Cash: 5246.84, New Coins: 40.25526883
[Agent] Received reward: 0.00000000
[NeuralNetworkInterface] Received reward signal: 0.00000000
[Agent] Making decision using full OHLCV data
[Agent] Price data: O=114.76226807 H=115.41421024 L=113.28057241 C=114.05105294 V=6821100.00000000
[Agent_Features] Generated 18 features for the latest tick.
[Agent] Exploration: Random action: HOLD
[Agent] Received reward: 0.00000000
[NeuralNetworkInterface] Received reward signal: 0.00000000
[Agent] Making decision using full OHLCV data
[Agent] Price data: O=114.19922638 H=115.28580171 L=113.70532782 C=114.80178323 V=9496500.00000000
[Agent_Features] Generated 18 features for the latest tick.
[Agent] Exploration: Random action: BUY
[Portfolio] Logged Trade: BUY 2.28517177 DIS @ 114.80. New Cash: 4984.49, New Coins: 42.54044060
[Agent] Received reward: 0.00000000
[NeuralNetworkInterface] Received reward signal: 0.00000000
[Agent] Making decision using full OHLCV data
[Agent] Price data: O=114.24861908 H=114.87092856 L=111.98656276 C=113.50777124 V=9713500.00000000
[Agent_Features] Generated 18 features for the latest tick.
[Agent] Exploration: Random action: SELL
[Portfolio] Logged Trade: SELL 2.12702203 DIS @ 113.51. New Cash: 5225.93, New Coins: 40.41341857
[Agent] Received reward: 0.00000000
[NeuralNetworkInterface] Received reward signal: 0.00000000
[Agent] Making decision using full OHLCV data
[Agent] Price data: O=115.51299286 H=115.62165114 L=112.72740540 C=113.81398068 V=9601000.00000000
[Agent_Features] Generated 18 features for the latest tick.
[Agent] Exploration: Random action: BUY
[Portfolio] Logged Trade: BUY 2.29581972 DIS @ 113.81. New Cash: 4964.63, New Coins: 42.70923829
[Agent] Received reward: -0.00000000
[NeuralNetworkInterface] Received reward signal: -0.00000000
[Agent] Making decision using full OHLCV data
[Agent] Price data: O=114.93019104 H=115.69079903 L=113.94239394 C=114.75238726 V=10229200.00000000
[Agent_Features] Generated 18 features for the latest tick.
[Agent] Exploration: Random action: SELL
[Portfolio] Logged Trade: SELL 2.13546191 DIS @ 114.75. New Cash: 5209.68, New Coins: 40.57377637
[Agent] Received reward: 0.00000000
[NeuralNetworkInterface] Received reward signal: 0.00000000
[Agent] Making decision using full OHLCV data
[Agent] Price data: O=115.85871887 H=116.90578135 L=114.34739057 C=114.54494696 V=17293900.00000000
[Agent_Features] Generated 18 features for the latest tick.
[Agent] Exploration: Random action: BUY
[Portfolio] Logged Trade: BUY 2.27407700 DIS @ 114.54. New Cash: 4949.20, New Coins: 42.84785338
[Agent] Received reward: 0.00000000
[NeuralNetworkInterface] Received reward signal: 0.00000000
[Agent] Making decision using full OHLCV data
[Agent] Price data: O=126.05278778 H=128.71983692 L=121.77562455 C=121.86453021 V=53000200.00000000
[Agent_Features] Generated 18 features for the latest tick.
[Agent] Exploration: Random action: BUY
[Portfolio] Logged Trade: BUY 2.03061406 DIS @ 121.86. New Cash: 4701.74, New Coins: 44.87846743
[Agent] Received reward: 0.00000000
[NeuralNetworkInterface] Received reward signal: 0.00000000
[Agent] Making decision using full OHLCV data
[Agent] Price data: O=129.22361755 H=130.02373075 L=124.07718828 C=125.41071279 V=27238000.00000000
[Agent_Features] Generated 18 features for the latest tick.
[Agent] Exploration: Random action: HOLD
[Agent] Received reward: 0.00000000
[NeuralNetworkInterface] Received reward signal: 0.00000000
[Agent] Making decision using full OHLCV data
[Agent] Price data: O=128.34448242 H=130.32996443 L=127.08999084 C=128.63095205 V=16088600.00000000
[Agent_Features] Generated 18 features for the latest tick.
[Agent] Exploration: Random action: BUY
[Portfolio] Logged Trade: BUY 1.82760707 DIS @ 128.63. New Cash: 4466.65, New Coins: 46.70607450
[Agent] Received reward: 0.00000000
[NeuralNetworkInterface] Received reward signal: 0.00000000
[Agent] Making decision using full OHLCV data
[Agent] Price data: O=127.21837616 H=129.71751658 L=126.92204910 C=128.16666796 V=8529200.00000000
[Agent_Features] Generated 18 features for the latest tick.
[Agent] Exploration: Random action: SELL
[Portfolio] Logged Trade: SELL 2.33530372 DIS @ 128.17. New Cash: 4765.96, New Coins: 44.37077077
[Agent] Received reward: 0.00000000
[NeuralNetworkInterface] Received reward signal: 0.00000000
[Agent] Making decision using full OHLCV data
[Agent] Price data: O=128.89764404 H=131.13993252 L=128.41361806 C=128.93714929 V=13885700.00000000
[Agent_Features] Generated 18 features for the latest tick.
[Agent] Exploration: Random action: HOLD
[Agent] Received reward: 0.00000000
[NeuralNetworkInterface] Received reward signal: 0.00000000
[Agent] Making decision using full OHLCV data
[Agent] Price data: O=130.18179321 H=131.37703452 L=128.89766884 C=129.07546511 V=12204200.00000000
[Agent_Features] Generated 18 features for the latest tick.
[Agent] Exploration: Random action: SELL
[Portfolio] Logged Trade: SELL 2.21853854 DIS @ 129.08. New Cash: 5052.32, New Coins: 42.15223224
[Agent] Received reward: 0.00000000
[NeuralNetworkInterface] Received reward signal: 0.00000000
[Agent] Making decision using full OHLCV data
[Agent] Price data: O=129.36192322 H=130.73496067 L=128.85813702 C=129.04582089 V=6468600.00000000
[Agent_Features] Generated 18 features for the latest tick.
[Agent] Exploration: Random action: HOLD
[Agent] Received reward: 0.00000000
[NeuralNetworkInterface] Received reward signal: 0.00000000
[Agent] Making decision using full OHLCV data
[Agent] Price data: O=128.93716431 H=129.48045577 L=128.15681117 C=128.42350555 V=6507600.00000000
[Agent_Features] Generated 18 features for the latest tick.
[Agent] Exploration: Random action: SELL
[Portfolio] Logged Trade: SELL 2.10761161 DIS @ 128.42. New Cash: 5322.98, New Coins: 40.04462062
[Agent] Received reward: 0.00000000
[NeuralNetworkInterface] Received reward signal: 0.00000000
[Agent] Making decision using full OHLCV data
[Agent] Price data: O=127.79131317 H=128.55192120 L=126.97143972 C=128.51241595 V=7492200.00000000
[Agent_Features] Generated 18 features for the latest tick.
[Agent] Exploration: Random action: SELL
[Portfolio] Logged Trade: SELL 2.00223103 DIS @ 128.51. New Cash: 5580.30, New Coins: 38.04238959
[Agent] Received reward: 0.00000000
[NeuralNetworkInterface] Received reward signal: 0.00000000
[Agent] Making decision using full OHLCV data
[Agent] Price data: O=127.34680939 H=128.00863168 L=126.79364538 C=127.86046814 V=6714600.00000000
[Agent_Features] Generated 18 features for the latest tick.
[Agent] Exploration: Random action: HOLD
[Agent] Received reward: 0.00000000
[NeuralNetworkInterface] Received reward signal: 0.00000000
[Agent] Making decision using full OHLCV data
[Agent] Price data: O=126.21083069 H=128.63093808 L=125.87498330 C=127.67277370 V=7624200.00000000
[Agent_Features] Generated 18 features for the latest tick.
[Agent] Exploration: Random action: BUY
[Portfolio] Logged Trade: BUY 2.18538971 DIS @ 127.67. New Cash: 5301.28, New Coins: 40.22777930
[Agent] Received reward: 0.00000000
[NeuralNetworkInterface] Received reward signal: 0.00000000
[Agent] Making decision using full OHLCV data
[Agent] Price data: O=126.55655670 H=126.88253155 L=124.98596297 C=125.25267240 V=4918100.00000000
[Agent_Features] Generated 18 features for the latest tick.
[Agent] Exploration: Random action: SELL
[Portfolio] Logged Trade: SELL 2.01138896 DIS @ 125.25. New Cash: 5553.21, New Coins: 38.21639033
[Agent] Received reward: 0.00000000
[NeuralNetworkInterface] Received reward signal: 0.00000000
[Agent] Making decision using full OHLCV data
[Agent] Price data: O=125.88486481 H=126.74424346 L=125.67742832 C=126.16144679 V=6064700.00000000
[Agent_Features] Generated 18 features for the latest tick.
[Agent] Exploration: Random action: HOLD
[Agent] Received reward: 0.00000000
[NeuralNetworkInterface] Received reward signal: 0.00000000
[Agent] Making decision using full OHLCV data
[Agent] Price data: O=129.09521484 H=129.28289872 L=126.36889254 C=126.58620159 V=7613600.00000000
[Agent_Features] Generated 18 features for the latest tick.
[Agent] Exploration: Random action: HOLD
[Agent] Received reward: 0.00000000
[NeuralNetworkInterface] Received reward signal: 0.00000000
[Agent] Making decision using full OHLCV data
[Agent] Price data: O=128.20617676 H=129.49031598 L=127.73203838 C=129.23349416 V=5494400.00000000
[Agent_Features] Generated 18 features for the latest tick.
[Agent] Exploration: Random action: BUY
[Portfolio] Logged Trade: BUY 2.14851901 DIS @ 129.23. New Cash: 5275.55, New Coins: 40.36490935
[Agent] Received reward: 0.00000000
[NeuralNetworkInterface] Received reward signal: 0.00000000
[Agent] Making decision using full OHLCV data
[Agent] Price data: O=130.56701660 H=130.98190466 L=127.93948771 C=128.41362611 V=8447800.00000000
[Agent_Features] Generated 18 features for the latest tick.
[Agent] Exploration: Random action: SELL
[Portfolio] Logged Trade: SELL 2.01824547 DIS @ 128.41. New Cash: 5534.72, New Coins: 38.34666388
[Agent] Received reward: 0.00000000
[NeuralNetworkInterface] Received reward signal: 0.00000000
[Agent] Making decision using full OHLCV data
[Agent] Price data: O=132.09809875 H=134.69600989 L=131.19921487 C=131.37701111 V=13667600.00000000
[Agent_Features] Generated 18 features for the latest tick.
[Agent] Exploration: Random action: BUY
[Portfolio] Logged Trade: BUY 2.10642712 DIS @ 131.38. New Cash: 5257.99, New Coins: 40.45309100
[Agent] Received reward: 0.00000000
[NeuralNetworkInterface] Received reward signal: 0.00000000
[Agent] Making decision using full OHLCV data
[Agent] Price data: O=133.88601685 H=135.13065088 L=131.94994290 C=132.85871446 V=11020100.00000000
[Agent_Features] Generated 18 features for the latest tick.
[Agent] Exploration: Random action: HOLD
[Agent] Received reward: 0.00000000
[NeuralNetworkInterface] Received reward signal: 0.00000000
[Agent] Making decision using full OHLCV data
[Agent] Price data: O=130.26080322 H=133.88601690 L=129.64837382 C=133.59956236 V=11617500.00000000
[Agent_Features] Generated 18 features for the latest tick.
[Agent] Exploration: Random action: BUY
[Portfolio] Logged Trade: BUY 1.96781554 DIS @ 133.60. New Cash: 4995.09, New Coins: 42.42090654
[Agent] Received reward: -0.00000000
[NeuralNetworkInterface] Received reward signal: -0.00000000
[Agent] Making decision using full OHLCV data
[Agent] Price data: O=131.92030334 H=131.97956876 L=129.29275949 C=130.31018928 V=7351200.00000000
[Agent_Features] Generated 18 features for the latest tick.
[Agent] Exploration: Random action: BUY
[Portfolio] Logged Trade: BUY 1.91661397 DIS @ 130.31. New Cash: 4745.33, New Coins: 44.33752051
[Agent] Received reward: 0.00000000
[NeuralNetworkInterface] Received reward signal: 0.00000000
[Agent] Making decision using full OHLCV data
[Agent] Price data: O=133.73783875 H=134.26136996 L=131.63382626 C=131.99932141 V=8187800.00000000
[Agent_Features] Generated 18 features for the latest tick.
[Agent] Exploration: Random action: HOLD
[Agent] Received reward: 0.00000000
[NeuralNetworkInterface] Received reward signal: 0.00000000
[Agent] Making decision using full OHLCV data
[Agent] Price data: O=131.61410522 H=135.56529405 L=130.40899143 C=133.58969964 V=12079200.00000000
[Agent_Features] Generated 18 features for the latest tick.
[Agent] Exploration: Random action: BUY
[Portfolio] Logged Trade: BUY 1.77608464 DIS @ 133.59. New Cash: 4508.07, New Coins: 46.11360515
[Agent] Received reward: 0.00000000
[NeuralNetworkInterface] Received reward signal: 0.00000000
[Agent] Making decision using full OHLCV data
[Agent] Price data: O=130.37934875 H=133.23408186 L=127.84070289 C=132.11786628 V=11248300.00000000
[Agent_Features] Generated 18 features for the latest tick.
[Agent] Exploration: Random action: SELL
[Portfolio] Logged Trade: SELL 2.30568026 DIS @ 132.12. New Cash: 4812.69, New Coins: 43.80792489
[Agent] Received reward: 0.00000000
[NeuralNetworkInterface] Received reward signal: 0.00000000
[Agent] Making decision using full OHLCV data
[Agent] Price data: O=132.56237793 H=135.46650404 L=129.26313898 C=130.37935461 V=17257300.00000000
[Agent_Features] Generated 18 features for the latest tick.
[Agent] Exploration: Random action: HOLD
[Agent] Received reward: 0.00000000
[NeuralNetworkInterface] Received reward signal: 0.00000000
[Agent] Making decision using full OHLCV data
[Agent] Price data: O=131.73262024 H=133.89589827 L=130.64603741 C=132.64139175 V=8891800.00000000
[Agent_Features] Generated 18 features for the latest tick.
[Agent] Exploration: Random action: HOLD
[Agent] Received reward: 0.00000000
[NeuralNetworkInterface] Received reward signal: 0.00000000
[Agent] Making decision using full OHLCV data
[Agent] Price data: O=131.59432983 H=135.08125236 L=131.12019145 C=131.94993739 V=9853400.00000000
[Agent_Features] Generated 18 features for the latest tick.
[Agent] Exploration: Random action: SELL
[Portfolio] Logged Trade: SELL 2.19039624 DIS @ 131.95. New Cash: 5101.71, New Coins: 41.61752865
[Agent] Received reward: 0.00000000
[NeuralNetworkInterface] Received reward signal: 0.00000000
[Agent] Making decision using full OHLCV data
[Agent] Price data: O=130.14227295 H=132.10799468 L=129.49032322 C=132.10799468 V=7165300.00000000
[Agent_Features] Generated 18 features for the latest tick.
[Agent] Exploration: Random action: BUY
[Portfolio] Logged Trade: BUY 1.93088612 DIS @ 132.11. New Cash: 4846.62, New Coins: 43.54841476
[Agent] Received reward: 0.00000000
[NeuralNetworkInterface] Received reward signal: 0.00000000
[Agent] Making decision using full OHLCV data
[Agent] Price data: O=129.64837646 H=131.30786845 L=129.30264143 C=130.91275562 V=8391900.00000000
[Agent_Features] Generated 18 features for the latest tick.
[Agent] Exploration: Random action: BUY
[Portfolio] Logged Trade: BUY 1.85108943 DIS @ 130.91. New Cash: 4604.29, New Coins: 45.39950419
[Agent] Received reward: 0.00000000
[NeuralNetworkInterface] Received reward signal: 0.00000000
[Agent] Making decision using full OHLCV data
[Agent] Price data: O=129.63850403 H=130.92262827 L=129.41129983 C=129.85582061 V=7289100.00000000
[Agent_Features] Generated 18 features for the latest tick.
[Agent] Exploration: Random action: BUY
[Portfolio] Logged Trade: BUY 1.77284819 DIS @ 129.86. New Cash: 4374.08, New Coins: 47.17235239
[Agent] Received reward: 0.00000000
[NeuralNetworkInterface] Received reward signal: 0.00000000
[Agent] Making decision using full OHLCV data
[Agent] Price data: O=130.47811890 H=131.98944730 L=129.79653647 C=130.55714448 V=6601000.00000000
[Agent_Features] Generated 18 features for the latest tick.
[Agent] Exploration: Random action: BUY
[Portfolio] Logged Trade: BUY 1.67515861 DIS @ 130.56. New Cash: 4155.37, New Coins: 48.84751099
[Agent] Received reward: 0.00000000
[NeuralNetworkInterface] Received reward signal: 0.00000000
[Agent] Making decision using full OHLCV data
[Agent] Price data: O=128.63095093 H=130.16203958 L=127.03072431 C=128.95692581 V=6723500.00000000
[Agent_Features] Generated 18 features for the latest tick.
[Agent] Exploration: Random action: BUY
[Portfolio] Logged Trade: BUY 1.61114827 DIS @ 128.96. New Cash: 3947.61, New Coins: 50.45865926
[Agent] Received reward: 0.00000000
[NeuralNetworkInterface] Received reward signal: 0.00000000
[Agent] Making decision using full OHLCV data
[Agent] Price data: O=127.06034088 H=129.19397108 L=126.55655473 C=127.91971950 V=9916300.00000000
[Agent_Features] Generated 18 features for the latest tick.
[Agent] Exploration: Random action: SELL
[Portfolio] Logged Trade: SELL 2.52293296 DIS @ 127.92. New Cash: 4270.34, New Coins: 47.93572630
[Agent] Received reward: 0.00000000
[NeuralNetworkInterface] Received reward signal: 0.00000000
[Agent] Making decision using full OHLCV data
[Agent] Price data: O=123.87963867 H=125.34157417 L=122.08184070 C=124.44268272 V=10352700.00000000
[Agent_Features] Generated 18 features for the latest tick.
[Agent] Exploration: Random action: BUY
[Portfolio] Logged Trade: BUY 1.71578538 DIS @ 124.44. New Cash: 4056.82, New Coins: 49.65151168
[Agent] Received reward: 0.00000000
[NeuralNetworkInterface] Received reward signal: 0.00000000
[Agent] Making decision using full OHLCV data
[Agent] Price data: O=125.65766907 H=125.91449843 L=123.17829622 C=123.73146772 V=6978800.00000000
[Agent_Features] Generated 18 features for the latest tick.
[Agent] Exploration: Random action: BUY
[Portfolio] Logged Trade: BUY 1.63936541 DIS @ 123.73. New Cash: 3853.98, New Coins: 51.29087709
[Agent] Received reward: 0.00000000
[NeuralNetworkInterface] Received reward signal: 0.00000000
[Agent] Making decision using full OHLCV data
[Agent] Price data: O=121.77562714 H=125.74657576 L=121.40026695 C=125.51937911 V=8323600.00000000
[Agent_Features] Generated 18 features for the latest tick.
[Agent] Exploration: Random action: BUY
[Portfolio] Logged Trade: BUY 1.53521341 DIS @ 125.52. New Cash: 3661.28, New Coins: 52.82609050
[Agent] Received reward: 0.00000000
[NeuralNetworkInterface] Received reward signal: 0.00000000
[Agent] Making decision using full OHLCV data
[Agent] Price data: O=120.99526215 H=122.28928144 L=119.30613004 C=120.44209819 V=8480000.00000000
[Agent_Features] Generated 18 features for the latest tick.
[Agent] Exploration: Random action: BUY
[Portfolio] Logged Trade: BUY 1.51993435 DIS @ 120.44. New Cash: 3478.22, New Coins: 54.34602486
[Agent] Received reward: 0.00000000
[NeuralNetworkInterface] Received reward signal: 0.00000000
[Agent] Making decision using full OHLCV data
[Agent] Price data: O=122.48683929 H=122.67452315 L=119.50369540 C=119.87905558 V=6851800.00000000
[Agent_Features] Generated 18 features for the latest tick.
[Agent] Exploration: Random action: HOLD
[Agent] Received reward: 0.00000000
[NeuralNetworkInterface] Received reward signal: 0.00000000
[Agent] Making decision using full OHLCV data
[Agent] Price data: O=124.45256042 H=125.31194666 L=123.84013102 C=124.21549122 V=6283700.00000000
[Agent_Features] Generated 18 features for the latest tick.
[Agent] Exploration: Random action: HOLD
[Agent] Received reward: 0.00000000
[NeuralNetworkInterface] Received reward signal: 0.00000000
[Agent] Making decision using full OHLCV data
[Agent] Price data: O=123.86975861 H=124.74889743 L=122.17074638 C=124.38340979 V=7405800.00000000
[Agent_Features] Generated 18 features for the latest tick.
[Agent] Exploration: Random action: BUY
[Portfolio] Logged Trade: BUY 1.39818388 DIS @ 124.38. New Cash: 3304.31, New Coins: 55.74420874
[Agent] Received reward: -0.00000000
[NeuralNetworkInterface] Received reward signal: -0.00000000
[Agent] Making decision using full OHLCV data
[Agent] Price data: O=122.56587219 H=124.01793521 L=121.73611867 C=121.73611867 V=13642500.00000000
[Agent_Features] Generated 18 features for the latest tick.
[Agent] Exploration: Random action: HOLD
[Agent] Received reward: 0.00000000
[NeuralNetworkInterface] Received reward signal: 0.00000000
[Agent] Making decision using full OHLCV data
[Agent] Price data: O=121.80525970 H=123.93890509 L=120.92612088 C=123.41537382 V=8908300.00000000
[Agent_Features] Generated 18 features for the latest tick.
[Agent] Exploration: Random action: BUY
[Portfolio] Logged Trade: BUY 1.33869330 DIS @ 123.42. New Cash: 3139.09, New Coins: 57.08290204
[Agent] Received reward: 0.00000000
[NeuralNetworkInterface] Received reward signal: 0.00000000
[Agent] Making decision using full OHLCV data
[Agent] Price data: O=121.05454254 H=122.17075060 L=120.20503640 C=120.50137102 V=6490200.00000000
[Agent_Features] Generated 18 features for the latest tick.
[Agent] Exploration: Random action: HOLD
[Agent] Received reward: 0.00000000
[NeuralNetworkInterface] Received reward signal: 0.00000000
[Agent] Making decision using full OHLCV data
[Agent] Price data: O=121.86453247 H=122.09172159 L=120.83722257 C=121.75587419 V=5919200.00000000
[Agent_Features] Generated 18 features for the latest tick.
[Agent] Exploration: Random action: HOLD
[Agent] Received reward: 0.00000000
[NeuralNetworkInterface] Received reward signal: 0.00000000
[Agent] Making decision using full OHLCV data
[Agent] Price data: O=119.45429993 H=122.67452048 L=119.13820517 C=121.62745047 V=9052000.00000000
[Agent_Features] Generated 18 features for the latest tick.
[Agent] Exploration: Random action: HOLD
[Agent] Received reward: 0.00000000
[NeuralNetworkInterface] Received reward signal: 0.00000000
[Agent] Making decision using full OHLCV data
[Agent] Price data: O=121.41014099 H=121.80525379 L=119.45429948 C=120.46184918 V=10187800.00000000
[Agent_Features] Generated 18 features for the latest tick.
[Agent] Exploration: Random action: BUY
[Portfolio] Logged Trade: BUY 1.30294005 DIS @ 120.46. New Cash: 2982.14, New Coins: 58.38584209
[Agent] Received reward: 0.00000000
[NeuralNetworkInterface] Received reward signal: 0.00000000
[Agent] Making decision using full OHLCV data
[Agent] Price data: O=121.58794403 H=122.23989375 L=120.92612177 C=122.07197005 V=7404600.00000000
[Agent_Features] Generated 18 features for the latest tick.
[Agent] Exploration: Random action: HOLD
[Agent] Received reward: 0.00000000
[NeuralNetworkInterface] Received reward signal: 0.00000000
[Agent] Making decision using full OHLCV data
[Agent] Price data: O=123.45488739 H=124.01793145 L=121.82502063 C=122.33867182 V=11502200.00000000
[Agent_Features] Generated 18 features for the latest tick.
[Agent] Exploration: Random action: HOLD
[Agent] Received reward: 0.00000000
[NeuralNetworkInterface] Received reward signal: 0.00000000
[Agent] Making decision using full OHLCV data
[Agent] Price data: O=123.44500732 H=124.40317174 L=122.22014101 C=123.37586183 V=10958200.00000000
[Agent_Features] Generated 18 features for the latest tick.
[Agent] Exploration: Random action: SELL
[Portfolio] Logged Trade: SELL 2.91929210 DIS @ 123.38. New Cash: 3342.31, New Coins: 55.46654999
[Agent] Received reward: 0.00000000
[NeuralNetworkInterface] Received reward signal: 0.00000000
[Agent] Making decision using full OHLCV data
[Agent] Price data: O=127.38632202 H=129.75702906 L=126.33925196 C=128.21606798 V=22389000.00000000
[Agent_Features] Generated 18 features for the latest tick.
[Agent] Exploration: Random action: HOLD
[Agent] Received reward: 0.00000000
[NeuralNetworkInterface] Received reward signal: 0.00000000
[Agent] Making decision using full OHLCV data
[Agent] Price data: O=125.04522705 H=127.91972013 L=123.76109539 C=127.56411259 V=11531500.00000000
[Agent_Features] Generated 18 features for the latest tick.
[Agent] Exploration: Random action: HOLD
[Agent] Received reward: 0.00000000
[NeuralNetworkInterface] Received reward signal: 0.00000000
[Agent] Making decision using full OHLCV data
[Agent] Price data: O=125.80583954 H=125.84535233 L=122.91159373 C=123.47463777 V=7744000.00000000
[Agent_Features] Generated 18 features for the latest tick.
[Agent] Exploration: Random action: HOLD
[Agent] Received reward: 0.00000000
[NeuralNetworkInterface] Received reward signal: 0.00000000
[Agent] Making decision using full OHLCV data
[Agent] Price data: O=125.26255035 H=126.55656217 L=124.78841196 C=126.25034747 V=6291700.00000000
[Agent_Features] Generated 18 features for the latest tick.
[Agent] Exploration: Random action: HOLD
[Agent] Received reward: 0.00000000
[NeuralNetworkInterface] Received reward signal: 0.00000000
[Agent] Making decision using full OHLCV data
[Agent] Price data: O=122.71403503 H=125.84534998 L=122.20037633 C=125.81571727 V=6576900.00000000
[Agent_Features] Generated 18 features for the latest tick.
[Agent] Exploration: Random action: BUY
[Portfolio] Logged Trade: BUY 1.32825494 DIS @ 125.82. New Cash: 3175.19, New Coins: 56.79480493
[Agent] Received reward: -0.00000000
[NeuralNetworkInterface] Received reward signal: -0.00000000
[Agent] Making decision using full OHLCV data
[Agent] Price data: O=123.42524719 H=124.19573528 L=122.13123538 C=123.05976708 V=6161200.00000000
[Agent_Features] Generated 18 features for the latest tick.
[Agent] Exploration: Random action: SELL
[Portfolio] Logged Trade: SELL 2.83974025 DIS @ 123.06. New Cash: 3524.65, New Coins: 53.95506468
[Agent] Received reward: 0.00000000
[NeuralNetworkInterface] Received reward signal: 0.00000000
[Simulation] Simulation run finished. Ticks processed in this run: 108

Simulation Finished in 0.01 seconds.
--------------------
  Final Portfolio  
--------------------
Cash:      $3524.65
Asset:     53.9551 DIS
Total Value: $10164.35
--------------------
[Simulation] Simulation destroyed.
[AutonomousTradingAgent] Agent destroyed
[NeuralNetworkInterface] Destructor called.
[Portfolio] Destroyed for asset: DIS. Final cash: 3524.65, Final assets: 53.96
