Loading data from training_run_20250621_150556/data/KO_1d_20220609_to_20230111.csv...
Loaded 100 data points.
[Portfolio] Initialized for asset: KO with initial cash: 10000.00. Initial Portfolio Value: 10000.00
[NeuralNetworkInterface] Constructor called.
[NeuralNetworkInterface] Initializing...
Warning: NN model path is empty. Initializing in a mock state.
[NeuralNetworkInterface] Initialized successfully.
[AutonomousTradingAgent] Agent initialized for KO without API client (CSV mode).
[Simulation] Initialized with 100 data points.
[Simulation] API client is NULL (offline/CSV mode).

Starting Simulation for KO...
[Simulation] Starting simulation run...
[Agent] Making decision using full OHLCV data
[Agent] Price data: O=59.57 H=59.84 L=59.37 C=59.60 V=8921100.00
[Agent_Features] Generated 15 features for the latest tick.
[Agent] Exploration: Random action: BUY
[Portfolio] Logged Trade: BUY 8.38890850 KO @ 59.60. New Cash: 9500.00, New Coins: 8.38890850
[Agent] Received reward: 0.00000000
[NeuralNetworkInterface] Received reward signal: 0.00000000
[Agent] Making decision using full OHLCV data
[Agent] Price data: O=58.67936325 H=59.33745071 L=58.48742572 C=59.26432834 V=9087900.00000000
[Agent_Features] Generated 17 features for the latest tick.
[Agent] Exploration: Random action: SELL
[Portfolio] Logged Trade: SELL 0.41944542 KO @ 59.26. New Cash: 9524.86, New Coins: 7.96946307
[Agent] Received reward: 0.00000000
[NeuralNetworkInterface] Received reward signal: 0.00000000
[Agent] Making decision using full OHLCV data
[Agent] Price data: O=58.74334717 H=58.83475363 L=58.20408528 C=58.33204596 V=8443800.00000000
[Agent_Features] Generated 17 features for the latest tick.
[Agent] Exploration: Random action: HOLD
[Agent] Received reward: 0.00000000
[NeuralNetworkInterface] Received reward signal: 0.00000000
[Agent] Making decision using full OHLCV data
[Agent] Price data: O=58.82559967 H=59.02668270 L=58.54225921 C=58.71591612 V=6844700.00000000
[Agent_Features] Generated 17 features for the latest tick.
[Agent] Exploration: Random action: BUY
[Portfolio] Logged Trade: BUY 8.11096784 KO @ 58.72. New Cash: 9048.62, New Coins: 16.08043092
[Agent] Received reward: -0.00000000
[NeuralNetworkInterface] Received reward signal: -0.00000000
[Agent] Making decision using full OHLCV data
[Agent] Price data: O=59.10894775 H=59.14550894 L=58.40516404 C=58.82560726 V=7913900.00000000
[Agent_Features] Generated 18 features for the latest tick.
[Agent] Exploration: Random action: SELL
[Portfolio] Logged Trade: SELL 0.80402155 KO @ 58.83. New Cash: 9095.91, New Coins: 15.27640937
[Agent] Received reward: 0.00000000
[NeuralNetworkInterface] Received reward signal: 0.00000000
[Agent] Making decision using full OHLCV data
[Agent] Price data: O=57.68309402 H=59.22777108 L=57.56427191 C=59.16379074 V=10089500.00000000
[Agent_Features] Generated 18 features for the latest tick.
[Agent] Exploration: Random action: HOLD
[Agent] Received reward: 0.00000000
[NeuralNetworkInterface] Received reward signal: 0.00000000
[Agent] Making decision using full OHLCV data
[Agent] Price data: O=57.33577347 H=57.60997542 L=57.04329092 C=57.29921228 V=9115900.00000000
[Agent_Features] Generated 18 features for the latest tick.
[Agent] Exploration: Random action: SELL
[Portfolio] Logged Trade: SELL 0.76382047 KO @ 57.30. New Cash: 9139.68, New Coins: 14.51258890
[Agent] Received reward: 0.00000000
[NeuralNetworkInterface] Received reward signal: 0.00000000
[Agent] Making decision using full OHLCV data
[Agent] Price data: O=56.80564499 H=57.50029010 L=56.65940373 C=57.50029010 V=8456800.00000000
[Agent_Features] Generated 18 features for the latest tick.
[Agent] Exploration: Random action: HOLD
[Agent] Received reward: 0.00000000
[NeuralNetworkInterface] Received reward signal: 0.00000000
[Agent] Making decision using full OHLCV data
[Agent] Price data: O=56.40348434 H=57.15297131 L=56.39434579 C=57.01587208 V=14633600.00000000
[Agent_Features] Generated 18 features for the latest tick.
[Agent] Exploration: Random action: BUY
[Portfolio] Logged Trade: BUY 8.01503009 KO @ 57.02. New Cash: 8682.69, New Coins: 22.52761900
[Agent] Received reward: -0.00000000
[NeuralNetworkInterface] Received reward signal: -0.00000000
[Agent] Making decision using full OHLCV data
[Agent] Price data: O=56.66854095 H=56.70510214 L=56.01959560 C=56.28465896 V=14939700.00000000
[Agent_Features] Generated 18 features for the latest tick.
[Agent] Exploration: Random action: SELL
[Portfolio] Logged Trade: SELL 1.12638095 KO @ 56.28. New Cash: 8746.09, New Coins: 21.40123805
[Agent] Received reward: 0.00000000
[NeuralNetworkInterface] Received reward signal: 0.00000000
[Agent] Making decision using full OHLCV data
[Agent] Price data: O=55.89163589 H=57.37232908 L=55.66313371 C=57.02500478 V=11809800.00000000
[Agent_Features] Generated 18 features for the latest tick.
[Agent] Exploration: Random action: SELL
[Portfolio] Logged Trade: SELL 1.07006190 KO @ 57.03. New Cash: 8807.11, New Coins: 20.33117615
[Agent] Received reward: 0.00000000
[NeuralNetworkInterface] Received reward signal: 0.00000000
[Agent] Making decision using full OHLCV data
[Agent] Price data: O=55.91905975 H=56.64112756 L=55.74539933 C=56.01960128 V=12181800.00000000
[Agent_Features] Generated 18 features for the latest tick.
[Agent] Exploration: Random action: HOLD
[Agent] Received reward: 0.00000000
[NeuralNetworkInterface] Received reward signal: 0.00000000
[Agent] Making decision using full OHLCV data
[Agent] Price data: O=56.95188141 H=57.11640325 L=56.04701129 C=56.04701129 V=13290700.00000000
[Agent_Features] Generated 18 features for the latest tick.
[Agent] Exploration: Random action: BUY
[Portfolio] Logged Trade: BUY 7.85689792 KO @ 56.05. New Cash: 8366.76, New Coins: 28.18807407
[Agent] Received reward: 0.00000000
[NeuralNetworkInterface] Received reward signal: 0.00000000
[Agent] Making decision using full OHLCV data
[Agent] Price data: O=56.77822495 H=56.94274681 L=56.06529921 C=56.74166724 V=17193500.00000000
[Agent_Features] Generated 18 features for the latest tick.
[Agent] Exploration: Random action: SELL
[Portfolio] Logged Trade: SELL 1.40940370 KO @ 56.74. New Cash: 8446.73, New Coins: 26.77867037
[Agent] Received reward: 0.00000000
[NeuralNetworkInterface] Received reward signal: 0.00000000
[Agent] Making decision using full OHLCV data
[Agent] Price data: O=56.96102142 H=57.47286755 L=56.54057826 C=56.82391872 V=11855900.00000000
[Agent_Features] Generated 18 features for the latest tick.
[Agent] Exploration: Random action: BUY
[Portfolio] Logged Trade: BUY 7.43237125 KO @ 56.82. New Cash: 8024.39, New Coins: 34.21104162
[Agent] Received reward: 0.00000000
[NeuralNetworkInterface] Received reward signal: 0.00000000
[Agent] Making decision using full OHLCV data
[Agent] Price data: O=57.12555313 H=57.40889713 L=56.91533151 C=57.06157279 V=13026900.00000000
[Agent_Features] Generated 18 features for the latest tick.
[Agent] Exploration: Random action: SELL
[Portfolio] Logged Trade: SELL 1.71055208 KO @ 57.06. New Cash: 8122.00, New Coins: 32.50048954
[Agent] Received reward: 0.00000000
[NeuralNetworkInterface] Received reward signal: 0.00000000
[Agent] Making decision using full OHLCV data
[Agent] Price data: O=55.27011490 H=56.86963035 L=55.09645099 C=56.85134975 V=18532800.00000000
[Agent_Features] Generated 18 features for the latest tick.
[Agent] Exploration: Random action: HOLD
[Agent] Received reward: 0.00000000
[NeuralNetworkInterface] Received reward signal: 0.00000000
[Agent] Making decision using full OHLCV data
[Agent] Price data: O=55.56258774 H=55.82765109 L=55.24268261 C=55.42548504 V=12881600.00000000
[Agent_Features] Generated 18 features for the latest tick.
[Agent] Exploration: Random action: HOLD
[Agent] Received reward: 0.00000000
[NeuralNetworkInterface] Received reward signal: 0.00000000
[Agent] Making decision using full OHLCV data
[Agent] Price data: O=54.80764008 H=55.60862779 L=54.65112742 C=55.60862779 V=11451900.00000000
[Agent_Features] Generated 18 features for the latest tick.
[Agent] Exploration: Random action: BUY
[Portfolio] Logged Trade: BUY 7.30282319 KO @ 55.61. New Cash: 7715.90, New Coins: 39.80331273
[Agent] Received reward: 0.00000000
[NeuralNetworkInterface] Received reward signal: 0.00000000
[Agent] Making decision using full OHLCV data
[Agent] Price data: O=54.81684875 H=55.05622209 L=54.42095925 C=54.92732849 V=20493500.00000000
[Agent_Features] Generated 18 features for the latest tick.
[Agent] Exploration: Random action: SELL
[Portfolio] Logged Trade: SELL 1.99016564 KO @ 54.93. New Cash: 7825.21, New Coins: 37.81314710
[Agent] Received reward: 0.00000000
[NeuralNetworkInterface] Received reward signal: 0.00000000
[Agent] Making decision using full OHLCV data
[Agent] Price data: O=55.23115158 H=55.33242262 L=54.53143843 C=54.67874591 V=12596200.00000000
[Agent_Features] Generated 18 features for the latest tick.
[Agent] Exploration: Random action: BUY
[Portfolio] Logged Trade: BUY 7.15562684 KO @ 54.68. New Cash: 7433.95, New Coins: 44.96877394
[Agent] Received reward: 0.00000000
[NeuralNetworkInterface] Received reward signal: 0.00000000
[Agent] Making decision using full OHLCV data
[Agent] Price data: O=55.14829254 H=55.26797746 L=54.61430072 C=54.94574344 V=11984600.00000000
[Agent_Features] Generated 18 features for the latest tick.
[Agent] Exploration: Random action: SELL
[Portfolio] Logged Trade: SELL 2.24843870 KO @ 54.95. New Cash: 7557.50, New Coins: 42.72033524
[Agent] Received reward: 0.00000000
[NeuralNetworkInterface] Received reward signal: 0.00000000
[Agent] Making decision using full OHLCV data
[Agent] Price data: O=54.68795013 H=55.88482373 L=54.67874144 C=55.36924585 V=14165300.00000000
[Agent_Features] Generated 18 features for the latest tick.
[Agent] Exploration: Random action: SELL
[Portfolio] Logged Trade: SELL 2.13601676 KO @ 55.37. New Cash: 7675.77, New Coins: 40.58431848
[Agent] Received reward: 0.00000000
[NeuralNetworkInterface] Received reward signal: 0.00000000
[Agent] Making decision using full OHLCV data
[Agent] Price data: O=54.55905914 H=54.99177641 L=54.50382103 C=54.82605505 V=11657600.00000000
[Agent_Features] Generated 18 features for the latest tick.
[Agent] Exploration: Random action: BUY
[Portfolio] Logged Trade: BUY 7.00010707 KO @ 54.83. New Cash: 7291.98, New Coins: 47.58442555
[Agent] Received reward: 0.00000000
[NeuralNetworkInterface] Received reward signal: 0.00000000
[Agent] Making decision using full OHLCV data
[Agent] Price data: O=53.95141983 H=54.41175619 L=53.39901760 C=54.28286257 V=14824000.00000000
[Agent_Features] Generated 18 features for the latest tick.
[Agent] Exploration: Random action: SELL
[Portfolio] Logged Trade: SELL 2.37922128 KO @ 54.28. New Cash: 7421.13, New Coins: 45.20520427
[Agent] Received reward: -0.00000000
[NeuralNetworkInterface] Received reward signal: -0.00000000
[Agent] Making decision using full OHLCV data
[Agent] Price data: O=53.27932358 H=53.92379511 L=53.11360223 C=53.85014313 V=18670100.00000000
[Agent_Features] Generated 18 features for the latest tick.
[Agent] Exploration: Random action: BUY
[Portfolio] Logged Trade: BUY 6.89053674 KO @ 53.85. New Cash: 7050.07, New Coins: 52.09574101
[Agent] Received reward: 0.00000000
[NeuralNetworkInterface] Received reward signal: 0.00000000
[Agent] Making decision using full OHLCV data
[Agent] Price data: O=51.90752029 H=53.73965674 L=51.84307350 C=53.47266436 V=23829300.00000000
[Agent_Features] Generated 18 features for the latest tick.
[Agent] Exploration: Random action: BUY
[Portfolio] Logged Trade: BUY 6.59222005 KO @ 53.47. New Cash: 6697.57, New Coins: 58.68796107
[Agent] Received reward: 0.00000000
[NeuralNetworkInterface] Received reward signal: 0.00000000
[Agent] Making decision using full OHLCV data
[Agent] Price data: O=52.45992279 H=52.70850481 L=51.47480342 C=52.16530785 V=21480100.00000000
[Agent_Features] Generated 18 features for the latest tick.
[Agent] Exploration: Random action: SELL
[Portfolio] Logged Trade: SELL 2.93439805 KO @ 52.17. New Cash: 6850.64, New Coins: 55.75356301
[Agent] Received reward: 0.00000000
[NeuralNetworkInterface] Received reward signal: 0.00000000
[Agent] Making decision using full OHLCV data
[Agent] Price data: O=52.08244705 H=52.74533243 L=51.55766397 C=52.56119721 V=14570700.00000000
[Agent_Features] Generated 18 features for the latest tick.
[Agent] Exploration: Random action: BUY
[Portfolio] Logged Trade: BUY 6.51682418 KO @ 52.56. New Cash: 6508.11, New Coins: 62.27038719
[Agent] Received reward: 0.00000000
[NeuralNetworkInterface] Received reward signal: 0.00000000
[Agent] Making decision using full OHLCV data
[Agent] Price data: O=51.57607651 H=52.59802360 L=51.55766264 C=52.35864677 V=16124600.00000000
[Agent_Features] Generated 18 features for the latest tick.
[Agent] Exploration: Random action: SELL
[Portfolio] Logged Trade: SELL 3.11351936 KO @ 52.36. New Cash: 6671.13, New Coins: 59.15686783
[Agent] Received reward: 0.00000000
[NeuralNetworkInterface] Received reward signal: 0.00000000
[Agent] Making decision using full OHLCV data
[Agent] Price data: O=52.15610504 H=52.34023675 L=51.61290806 C=51.88910914 V=16277600.00000000
[Agent_Features] Generated 18 features for the latest tick.
[Agent] Exploration: Random action: HOLD
[Agent] Received reward: 0.00000000
[NeuralNetworkInterface] Received reward signal: 0.00000000
[Agent] Making decision using full OHLCV data
[Agent] Price data: O=52.27579880 H=53.22409414 L=51.98118379 C=52.43231499 V=18861400.00000000
[Agent_Features] Generated 18 features for the latest tick.
[Agent] Exploration: Random action: SELL
[Portfolio] Logged Trade: SELL 2.95784339 KO @ 52.43. New Cash: 6826.22, New Coins: 56.19902444
[Agent] Received reward: 0.00000000
[NeuralNetworkInterface] Received reward signal: 0.00000000
[Agent] Making decision using full OHLCV data
[Agent] Price data: O=51.77863693 H=52.15611262 L=51.10654274 C=52.01801030 V=14324900.00000000
[Agent_Features] Generated 18 features for the latest tick.
[Agent] Exploration: Random action: HOLD
[Agent] Received reward: 0.00000000
[NeuralNetworkInterface] Received reward signal: 0.00000000
[Agent] Making decision using full OHLCV data
[Agent] Price data: O=50.66461182 H=51.64973121 L=50.51730434 C=51.55766536 V=17192800.00000000
[Agent_Features] Generated 18 features for the latest tick.
[Agent] Exploration: Random action: SELL
[Portfolio] Logged Trade: SELL 2.80995122 KO @ 51.56. New Cash: 6971.09, New Coins: 53.38907322
[Agent] Received reward: 0.00000000
[NeuralNetworkInterface] Received reward signal: 0.00000000
[Agent] Making decision using full OHLCV data
[Agent] Price data: O=50.18585968 H=50.71985145 L=49.94648636 C=50.62778560 V=11479800.00000000
[Agent_Features] Generated 18 features for the latest tick.
[Agent] Exploration: Random action: HOLD
[Agent] Received reward: 0.00000000
[NeuralNetworkInterface] Received reward signal: 0.00000000
[Agent] Making decision using full OHLCV data
[Agent] Price data: O=50.07538223 H=50.60016533 L=49.73473435 C=50.26872264 V=10239100.00000000
[Agent_Features] Generated 18 features for the latest tick.
[Agent] Exploration: Random action: BUY
[Portfolio] Logged Trade: BUY 6.93382478 KO @ 50.27. New Cash: 6622.54, New Coins: 60.32289800
[Agent] Received reward: 0.00000000
[NeuralNetworkInterface] Received reward signal: 0.00000000
[Agent] Making decision using full OHLCV data
[Agent] Price data: O=50.15824509 H=50.83954439 L=49.93728562 C=50.13983121 V=14303900.00000000
[Agent_Features] Generated 18 features for the latest tick.
[Agent] Exploration: Random action: BUY
[Portfolio] Logged Trade: BUY 6.60406669 KO @ 50.14. New Cash: 6291.41, New Coins: 66.92696468
[Agent] Received reward: 0.00000000
[NeuralNetworkInterface] Received reward signal: 0.00000000
[Agent] Making decision using full OHLCV data
[Agent] Price data: O=50.76588821 H=51.59449499 L=50.67382236 C=50.84874889 V=18377400.00000000
[Agent_Features] Generated 18 features for the latest tick.
[Agent] Exploration: Random action: SELL
[Portfolio] Logged Trade: SELL 3.34634823 KO @ 50.85. New Cash: 6461.57, New Coins: 63.58061645
[Agent] Received reward: 0.00000000
[NeuralNetworkInterface] Received reward signal: 0.00000000
[Agent] Making decision using full OHLCV data
[Agent] Price data: O=51.43798065 H=51.63132458 L=49.95569710 C=50.15824621 V=16220700.00000000
[Agent_Features] Generated 18 features for the latest tick.
[Agent] Exploration: Random action: SELL
[Portfolio] Logged Trade: SELL 3.17903082 KO @ 50.16. New Cash: 6621.02, New Coins: 60.40158563
[Agent] Received reward: 0.00000000
[NeuralNetworkInterface] Received reward signal: 0.00000000
[Agent] Making decision using full OHLCV data
[Agent] Price data: O=50.61857986 H=51.99038360 L=50.58175212 C=51.82466225 V=15997900.00000000
[Agent_Features] Generated 18 features for the latest tick.
[Agent] Exploration: Random action: BUY
[Portfolio] Logged Trade: BUY 6.38790581 KO @ 51.82. New Cash: 6289.97, New Coins: 66.78949144
[Agent] Received reward: 0.00000000
[NeuralNetworkInterface] Received reward signal: 0.00000000
[Agent] Making decision using full OHLCV data
[Agent] Price data: O=51.27225876 H=51.76021765 L=51.16177902 C=51.21702065 V=13721400.00000000
[Agent_Features] Generated 18 features for the latest tick.
[Agent] Exploration: Random action: BUY
[Portfolio] Logged Trade: BUY 6.14050767 KO @ 51.22. New Cash: 5975.47, New Coins: 72.92999911
[Agent] Received reward: 0.00000000
[NeuralNetworkInterface] Received reward signal: 0.00000000
[Agent] Making decision using full OHLCV data
[Agent] Price data: O=51.96275711 H=52.27578592 L=51.64972831 C=51.84307221 V=11823100.00000000
[Agent_Features] Generated 18 features for the latest tick.
[Agent] Exploration: Random action: BUY
[Portfolio] Logged Trade: BUY 5.76303776 KO @ 51.84. New Cash: 5676.70, New Coins: 78.69303687
[Agent] Received reward: 0.00000000
[NeuralNetworkInterface] Received reward signal: 0.00000000
[Agent] Making decision using full OHLCV data
[Agent] Price data: O=51.52083588 H=52.05482765 L=51.30908161 C=51.84307338 V=10182300.00000000
[Agent_Features] Generated 18 features for the latest tick.
[Agent] Exploration: Random action: HOLD
[Agent] Received reward: 0.00000000
[NeuralNetworkInterface] Received reward signal: 0.00000000
[Agent] Making decision using full OHLCV data
[Agent] Price data: O=50.71065140 H=51.48401305 L=50.60016815 C=51.34591426 V=16905100.00000000
[Agent_Features] Generated 18 features for the latest tick.
[Agent] Exploration: Random action: SELL
[Portfolio] Logged Trade: SELL 3.93465184 KO @ 51.35. New Cash: 5878.73, New Coins: 74.75838502
[Agent] Received reward: 0.00000000
[NeuralNetworkInterface] Received reward signal: 0.00000000
[Agent] Making decision using full OHLCV data
[Agent] Price data: O=51.52083588 H=51.65893817 L=50.62778588 C=50.63699106 V=15034100.00000000
[Agent_Features] Generated 18 features for the latest tick.
[Agent] Exploration: Random action: SELL
[Portfolio] Logged Trade: SELL 3.73791925 KO @ 50.64. New Cash: 6068.00, New Coins: 71.02046577
[Agent] Received reward: 0.00000000
[NeuralNetworkInterface] Received reward signal: 0.00000000
[Agent] Making decision using full OHLCV data
[Agent] Price data: O=53.00311661 H=53.15042407 L=52.08244409 C=52.14689088 V=17416700.00000000
[Agent_Features] Generated 18 features for the latest tick.
[Agent] Exploration: Random action: SELL
[Portfolio] Logged Trade: SELL 3.55102329 KO @ 52.15. New Cash: 6253.18, New Coins: 67.46944248
[Agent] Received reward: 0.00000000
[NeuralNetworkInterface] Received reward signal: 0.00000000
[Agent] Making decision using full OHLCV data
[Agent] Price data: O=54.27365875 H=54.42096625 L=53.16885076 C=54.35651944 V=28829900.00000000
[Agent_Features] Generated 18 features for the latest tick.
[Agent] Exploration: Random action: SELL
[Portfolio] Logged Trade: SELL 3.37347212 KO @ 54.36. New Cash: 6436.55, New Coins: 64.09597036
[Agent] Received reward: 0.00000000
[NeuralNetworkInterface] Received reward signal: 0.00000000
[Agent] Making decision using full OHLCV data
[Agent] Price data: O=54.67874908 H=55.03781086 L=54.19079370 C=54.32889249 V=15831400.00000000
[Agent_Features] Generated 18 features for the latest tick.
[Agent] Exploration: Random action: SELL
[Portfolio] Logged Trade: SELL 3.20479852 KO @ 54.33. New Cash: 6610.66, New Coins: 60.89117184
[Agent] Received reward: 0.00000000
[NeuralNetworkInterface] Received reward signal: 0.00000000
[Agent] Making decision using full OHLCV data
[Agent] Price data: O=54.80764008 H=55.09304985 L=54.66954129 C=55.02860305 V=16026100.00000000
[Agent_Features] Generated 18 features for the latest tick.
[Agent] Exploration: Random action: BUY
[Portfolio] Logged Trade: BUY 6.00656855 KO @ 55.03. New Cash: 6280.13, New Coins: 66.89774039
[Agent] Received reward: 0.00000000
[NeuralNetworkInterface] Received reward signal: 0.00000000
[Agent] Making decision using full OHLCV data
[Agent] Price data: O=55.94006729 H=56.07816959 L=54.75240227 C=54.84446813 V=12888900.00000000
[Agent_Features] Generated 18 features for the latest tick.
[Agent] Exploration: Random action: HOLD
[Agent] Received reward: 0.00000000
[NeuralNetworkInterface] Received reward signal: 0.00000000
[Agent] Making decision using full OHLCV data
[Agent] Price data: O=55.10225296 H=55.76513835 L=54.93653161 C=55.70989673 V=14016400.00000000
[Agent_Features] Generated 18 features for the latest tick.
[Agent] Exploration: Random action: HOLD
[Agent] Received reward: 0.00000000
[NeuralNetworkInterface] Received reward signal: 0.00000000
[Agent] Making decision using full OHLCV data
[Agent] Price data: O=54.90891266 H=55.50735125 L=54.66033064 C=55.26797441 V=10659500.00000000
[Agent_Features] Generated 18 features for the latest tick.
[Agent] Exploration: Random action: BUY
[Portfolio] Logged Trade: BUY 5.68152580 KO @ 55.27. New Cash: 5966.12, New Coins: 72.57926620
[Agent] Received reward: 0.00000000
[NeuralNetworkInterface] Received reward signal: 0.00000000
[Agent] Making decision using full OHLCV data
[Agent] Price data: O=54.14475250 H=55.45210580 L=54.10792476 C=54.90890887 V=14549200.00000000
[Agent_Features] Generated 18 features for the latest tick.
[Agent] Exploration: Random action: BUY
[Portfolio] Logged Trade: BUY 5.43274503 KO @ 54.91. New Cash: 5667.82, New Coins: 78.01201123
[Agent] Received reward: 0.00000000
[NeuralNetworkInterface] Received reward signal: 0.00000000
[Agent] Making decision using full OHLCV data
[Agent] Price data: O=54.11713791 H=54.31968702 L=53.49108022 C=53.50028891 V=9194000.00000000
[Agent_Features] Generated 18 features for the latest tick.
[Agent] Exploration: Random action: SELL
[Portfolio] Logged Trade: SELL 3.90060056 KO @ 53.50. New Cash: 5876.50, New Coins: 74.11141067
[Agent] Received reward: -0.00000000
[NeuralNetworkInterface] Received reward signal: -0.00000000
[Agent] Making decision using full OHLCV data
[Agent] Price data: O=54.55905914 H=54.86288280 L=53.91459110 C=54.59588689 V=9725900.00000000
[Agent_Features] Generated 18 features for the latest tick.
[Agent] Exploration: Random action: SELL
[Portfolio] Logged Trade: SELL 3.70557053 KO @ 54.60. New Cash: 6078.81, New Coins: 70.40584013
[Agent] Received reward: 0.00000000
[NeuralNetworkInterface] Received reward signal: 0.00000000
[Agent] Making decision using full OHLCV data
[Agent] Price data: O=54.77081680 H=55.02860402 L=54.54064864 C=54.55905901 V=8849700.00000000
[Agent_Features] Generated 18 features for the latest tick.
[Agent] Exploration: Random action: SELL
[Portfolio] Logged Trade: SELL 3.52029201 KO @ 54.56. New Cash: 6270.87, New Coins: 66.88554813
[Agent] Received reward: 0.00000000
[NeuralNetworkInterface] Received reward signal: 0.00000000
[Agent] Making decision using full OHLCV data
[Agent] Price data: O=54.87208939 H=55.04701944 L=54.26444557 C=55.01019169 V=10081600.00000000
[Agent_Features] Generated 18 features for the latest tick.
[Agent] Exploration: Random action: BUY
[Portfolio] Logged Trade: BUY 5.69973647 KO @ 55.01. New Cash: 5957.33, New Coins: 72.58528460
[Agent] Received reward: 0.00000000
[NeuralNetworkInterface] Received reward signal: 0.00000000
[Agent] Making decision using full OHLCV data
[Agent] Price data: O=54.10793304 H=54.90891728 L=54.08951917 C=54.86288435 V=10115200.00000000
[Agent_Features] Generated 18 features for the latest tick.
[Agent] Exploration: Random action: HOLD
[Agent] Received reward: 0.00000000
[NeuralNetworkInterface] Received reward signal: 0.00000000
[Agent] Making decision using full OHLCV data
[Agent] Price data: O=56.05054855 H=56.19785603 L=54.94574074 C=55.47052384 V=16804800.00000000
[Agent_Features] Generated 18 features for the latest tick.
[Agent] Exploration: Random action: SELL
[Portfolio] Logged Trade: SELL 3.62926423 KO @ 55.47. New Cash: 6158.65, New Coins: 68.95602037
[Agent] Received reward: 0.00000000
[NeuralNetworkInterface] Received reward signal: 0.00000000
[Agent] Making decision using full OHLCV data
[Agent] Price data: O=56.45564270 H=56.57533112 L=55.43369557 C=56.50167563 V=18972100.00000000
[Agent_Features] Generated 18 features for the latest tick.
[Agent] Exploration: Random action: SELL
[Portfolio] Logged Trade: SELL 3.44780102 KO @ 56.50. New Cash: 6353.45, New Coins: 65.50821935
[Agent] Received reward: 0.00000000
[NeuralNetworkInterface] Received reward signal: 0.00000000
[Agent] Making decision using full OHLCV data
[Agent] Price data: O=55.91244507 H=56.82391246 L=55.89403120 C=56.45564203 V=16361000.00000000
[Agent_Features] Generated 18 features for the latest tick.
[Agent] Exploration: Random action: SELL
[Portfolio] Logged Trade: SELL 3.27541097 KO @ 56.46. New Cash: 6538.37, New Coins: 62.23280838
[Agent] Received reward: 0.00000000
[NeuralNetworkInterface] Received reward signal: 0.00000000
[Agent] Making decision using full OHLCV data
[Agent] Price data: O=55.82038498 H=56.57533629 L=55.24036021 C=56.28072131 V=13295800.00000000
[Agent_Features] Generated 18 features for the latest tick.
[Agent] Exploration: Random action: BUY
[Portfolio] Logged Trade: BUY 5.80870973 KO @ 56.28. New Cash: 6211.45, New Coins: 68.04151811
[Agent] Received reward: 0.00000000
[NeuralNetworkInterface] Received reward signal: 0.00000000
[Agent] Making decision using full OHLCV data
[Agent] Price data: O=55.71910858 H=56.18865008 L=55.50735430 C=55.96769062 V=14199500.00000000
[Agent_Features] Generated 18 features for the latest tick.
[Agent] Exploration: Random action: BUY
[Portfolio] Logged Trade: BUY 5.54913829 KO @ 55.97. New Cash: 5900.88, New Coins: 73.59065640
[Agent] Received reward: 0.00000000
[NeuralNetworkInterface] Received reward signal: 0.00000000
[Agent] Making decision using full OHLCV data
[Agent] Price data: O=55.89403915 H=55.92166172 L=55.36005081 C=55.41528893 V=11212600.00000000
[Agent_Features] Generated 18 features for the latest tick.
[Agent] Exploration: Random action: SELL
[Portfolio] Logged Trade: SELL 3.67953282 KO @ 55.42. New Cash: 6104.78, New Coins: 69.91112358
[Agent] Received reward: 0.00000000
[NeuralNetworkInterface] Received reward signal: 0.00000000
[Agent] Making decision using full OHLCV data
[Agent] Price data: O=56.28992844 H=56.50168274 L=55.97689958 C=56.15182964 V=10415600.00000000
[Agent_Features] Generated 18 features for the latest tick.
[Agent] Exploration: Random action: HOLD
[Agent] Received reward: 0.00000000
[NeuralNetworkInterface] Received reward signal: 0.00000000
[Agent] Making decision using full OHLCV data
[Agent] Price data: O=57.15535736 H=57.27504227 L=56.34516448 C=56.53850489 V=15399400.00000000
[Agent_Features] Generated 18 features for the latest tick.
[Agent] Exploration: Random action: HOLD
[Agent] Received reward: 0.00000000
[NeuralNetworkInterface] Received reward signal: 0.00000000
[Agent] Making decision using full OHLCV data
[Agent] Price data: O=57.40393448 H=57.54203677 L=57.12773340 C=57.51441772 V=12319600.00000000
[Agent_Features] Generated 18 features for the latest tick.
[Agent] Exploration: Random action: HOLD
[Agent] Received reward: 0.00000000
[NeuralNetworkInterface] Received reward signal: 0.00000000
[Agent] Making decision using full OHLCV data
[Agent] Price data: O=57.66172409 H=57.80903156 L=57.35790046 C=57.53283049 V=8990400.00000000
[Agent_Features] Generated 18 features for the latest tick.
[Agent] Exploration: Random action: BUY
[Portfolio] Logged Trade: BUY 5.30547425 KO @ 57.53. New Cash: 5799.54, New Coins: 75.21659784
[Agent] Received reward: 0.00000000
[NeuralNetworkInterface] Received reward signal: 0.00000000
[Agent] Making decision using full OHLCV data
[Agent] Price data: O=57.71696472 H=57.82744796 L=57.43155846 C=57.75379247 V=5165500.00000000
[Agent_Features] Generated 18 features for the latest tick.
[Agent] Exploration: Random action: BUY
[Portfolio] Logged Trade: BUY 5.02091709 KO @ 57.75. New Cash: 5509.56, New Coins: 80.23751492
[Agent] Received reward: 0.00000000
[NeuralNetworkInterface] Received reward signal: 0.00000000
[Agent] Making decision using full OHLCV data
[Agent] Price data: O=57.72617340 H=58.09444034 L=57.59727980 C=57.71696471 V=12267500.00000000
[Agent_Features] Generated 18 features for the latest tick.
[Agent] Exploration: Random action: BUY
[Portfolio] Logged Trade: BUY 4.77291477 KO @ 57.72. New Cash: 5234.08, New Coins: 85.01042969
[Agent] Received reward: 0.00000000
[NeuralNetworkInterface] Received reward signal: 0.00000000
[Agent] Making decision using full OHLCV data
[Agent] Price data: O=57.52362823 H=57.60648892 L=57.06329190 C=57.56045598 V=10969600.00000000
[Agent_Features] Generated 18 features for the latest tick.
[Agent] Exploration: Random action: HOLD
[Agent] Received reward: 0.00000000
[NeuralNetworkInterface] Received reward signal: 0.00000000
[Agent] Making decision using full OHLCV data
[Agent] Price data: O=58.97933960 H=59.04424348 L=57.25474273 C=57.49581378 V=30433900.00000000
[Agent_Features] Generated 18 features for the latest tick.
[Agent] Exploration: Random action: HOLD
[Agent] Received reward: 0.00000000
[NeuralNetworkInterface] Received reward signal: 0.00000000
[Agent] Making decision using full OHLCV data
[Agent] Price data: O=59.14622879 H=59.44293321 L=58.81243543 C=58.97933211 V=12001400.00000000
[Agent_Features] Generated 18 features for the latest tick.
[Agent] Exploration: Random action: SELL
[Portfolio] Logged Trade: SELL 4.25052148 KO @ 58.98. New Cash: 5484.78, New Coins: 80.75990821
[Agent] Received reward: 0.00000000
[NeuralNetworkInterface] Received reward signal: 0.00000000
[Agent] Making decision using full OHLCV data
[Agent] Price data: O=59.66545868 H=59.82308135 L=58.78461944 C=58.97933105 V=13643500.00000000
[Agent_Features] Generated 18 features for the latest tick.
[Agent] Exploration: Random action: SELL
[Portfolio] Logged Trade: SELL 4.03799541 KO @ 58.98. New Cash: 5722.94, New Coins: 76.72191280
[Agent] Received reward: 0.00000000
[NeuralNetworkInterface] Received reward signal: 0.00000000
[Agent] Making decision using full OHLCV data
[Agent] Price data: O=58.84952545 H=59.15550034 L=58.65481030 C=58.79389205 V=9185100.00000000
[Agent_Features] Generated 18 features for the latest tick.
[Agent] Exploration: Random action: SELL
[Portfolio] Logged Trade: SELL 3.83609564 KO @ 58.79. New Cash: 5948.48, New Coins: 72.88581716
[Agent] Received reward: 0.00000000
[NeuralNetworkInterface] Received reward signal: 0.00000000
[Agent] Making decision using full OHLCV data
[Agent] Price data: O=58.82170105 H=59.22967225 L=58.62698945 C=58.89587892 V=10099500.00000000
[Agent_Features] Generated 18 features for the latest tick.
[Agent] Exploration: Random action: HOLD
[Agent] Received reward: 0.00000000
[NeuralNetworkInterface] Received reward signal: 0.00000000
[Agent] Making decision using full OHLCV data
[Agent] Price data: O=58.91443253 H=59.08132922 L=58.64554302 C=58.83098418 V=12307600.00000000
[Agent_Features] Generated 18 features for the latest tick.
[Agent] Exploration: Random action: HOLD
[Agent] Received reward: 0.00000000
[NeuralNetworkInterface] Received reward signal: 0.00000000
[Agent] Making decision using full OHLCV data
[Agent] Price data: O=59.16477203 H=59.20185743 L=58.73825635 C=58.97005689 V=9946200.00000000
[Agent_Features] Generated 18 features for the latest tick.
[Agent] Exploration: Random action: SELL
[Portfolio] Logged Trade: SELL 3.64429086 KO @ 58.97. New Cash: 6163.38, New Coins: 69.24152630
[Agent] Received reward: 0.00000000
[NeuralNetworkInterface] Received reward signal: 0.00000000
[Agent] Making decision using full OHLCV data
[Agent] Price data: O=58.54354477 H=59.19258700 L=58.49718537 C=58.97933092 V=13914900.00000000
[Agent_Features] Generated 18 features for the latest tick.
[Agent] Exploration: Random action: BUY
[Portfolio] Logged Trade: BUY 5.22503310 KO @ 58.98. New Cash: 5855.21, New Coins: 74.46655940
[Agent] Received reward: 0.00000000
[NeuralNetworkInterface] Received reward signal: 0.00000000
[Agent] Making decision using full OHLCV data
[Agent] Price data: O=59.31312561 H=59.35021455 L=58.42300881 C=58.69189830 V=11647900.00000000
[Agent_Features] Generated 18 features for the latest tick.
[Agent] Exploration: Random action: BUY
[Portfolio] Logged Trade: BUY 4.98809064 KO @ 58.69. New Cash: 5562.45, New Coins: 79.45465004
[Agent] Received reward: 0.00000000
[NeuralNetworkInterface] Received reward signal: 0.00000000
[Agent] Making decision using full OHLCV data
[Agent] Price data: O=59.33166885 H=59.98997801 L=59.15549818 C=59.88798521 V=17521600.00000000
[Agent_Features] Generated 18 features for the latest tick.
[Agent] Exploration: Random action: HOLD
[Agent] Received reward: 0.00000000
[NeuralNetworkInterface] Received reward signal: 0.00000000
[Agent] Making decision using full OHLCV data
[Agent] Price data: O=59.33166885 H=59.94362215 L=58.94224210 C=59.51711000 V=12826700.00000000
[Agent_Features] Generated 18 features for the latest tick.
[Agent] Exploration: Random action: BUY
[Portfolio] Logged Trade: BUY 4.67298367 KO @ 59.52. New Cash: 5284.33, New Coins: 84.12763372
[Agent] Received reward: 0.00000000
[NeuralNetworkInterface] Received reward signal: 0.00000000
[Agent] Making decision using full OHLCV data
[Agent] Price data: O=58.51572800 H=59.23894454 L=57.94086366 C=58.96078460 V=12212300.00000000
[Agent_Features] Generated 18 features for the latest tick.
[Agent] Exploration: Random action: HOLD
[Agent] Received reward: 0.00000000
[NeuralNetworkInterface] Received reward signal: 0.00000000
[Agent] Making decision using full OHLCV data
[Agent] Price data: O=58.18193436 H=58.54354263 L=57.79251116 C=58.18193436 V=33631500.00000000
[Agent_Features] Generated 18 features for the latest tick.
[Agent] Exploration: Random action: HOLD
[Agent] Received reward: 0.00000000
[NeuralNetworkInterface] Received reward signal: 0.00000000
[Agent] Making decision using full OHLCV data
[Agent] Price data: O=58.26538467 H=58.79388963 L=57.92232086 C=58.25611421 V=10919700.00000000
[Agent_Features] Generated 18 features for the latest tick.
[Agent] Exploration: Random action: HOLD
[Agent] Received reward: 0.00000000
[NeuralNetworkInterface] Received reward signal: 0.00000000
[Agent] Making decision using full OHLCV data
[Agent] Price data: O=58.21902847 H=58.55282184 L=58.18193954 C=58.24684341 V=10286500.00000000
[Agent_Features] Generated 18 features for the latest tick.
[Agent] Exploration: Random action: SELL
[Portfolio] Logged Trade: SELL 4.20638169 KO @ 58.25. New Cash: 5529.34, New Coins: 79.92125203
[Agent] Received reward: 0.00000000
[NeuralNetworkInterface] Received reward signal: 0.00000000
[Agent] Making decision using full OHLCV data
[Agent] Price data: O=59.15549469 H=59.38729876 L=58.47863757 C=58.47863757 V=10411300.00000000
[Agent_Features] Generated 18 features for the latest tick.
[Agent] Exploration: Random action: HOLD
[Agent] Received reward: 0.00000000
[NeuralNetworkInterface] Received reward signal: 0.00000000
[Agent] Making decision using full OHLCV data
[Agent] Price data: O=58.72899246 H=58.96079303 L=58.08922416 C=58.80316681 V=9666700.00000000
[Agent_Features] Generated 18 features for the latest tick.
[Agent] Exploration: Random action: HOLD
[Agent] Received reward: 0.00000000
[NeuralNetworkInterface] Received reward signal: 0.00000000
[Agent] Making decision using full OHLCV data
[Agent] Price data: O=59.17404556 H=59.22040497 L=58.59918118 C=58.87734113 V=6463300.00000000
[Agent_Features] Generated 18 features for the latest tick.
[Agent] Exploration: Random action: BUY
[Portfolio] Logged Trade: BUY 4.69563972 KO @ 58.88. New Cash: 5252.87, New Coins: 84.61689175
[Agent] Received reward: -0.00000000
[NeuralNetworkInterface] Received reward signal: -0.00000000
[Agent] Making decision using full OHLCV data
[Agent] Price data: O=59.53564835 H=59.60982621 L=59.07204728 C=59.27603288 V=7320700.00000000
[Agent_Features] Generated 18 features for the latest tick.
[Agent] Exploration: Random action: SELL
[Portfolio] Logged Trade: SELL 4.23084459 KO @ 59.28. New Cash: 5503.66, New Coins: 80.38604717
[Agent] Received reward: 0.00000000
[NeuralNetworkInterface] Received reward signal: 0.00000000
[Agent] Making decision using full OHLCV data
[Agent] Price data: O=58.94223785 H=59.94361783 L=58.86806352 C=59.76744717 V=7159400.00000000
[Agent_Features] Generated 18 features for the latest tick.
[Agent] Exploration: Random action: BUY
[Portfolio] Logged Trade: BUY 4.60422588 KO @ 59.77. New Cash: 5228.47, New Coins: 84.99027304
[Agent] Received reward: 0.00000000
[NeuralNetworkInterface] Received reward signal: 0.00000000
[Agent] Making decision using full OHLCV data
[Agent] Price data: O=59.29458618 H=59.48002734 L=59.06278561 C=59.15550443 V=7169300.00000000
[Agent_Features] Generated 18 features for the latest tick.
[Agent] Exploration: Random action: SELL
[Portfolio] Logged Trade: SELL 4.24951365 KO @ 59.16. New Cash: 5479.86, New Coins: 80.74075939
[Agent] Received reward: 0.00000000
[NeuralNetworkInterface] Received reward signal: 0.00000000
[Agent] Making decision using full OHLCV data
[Agent] Price data: O=58.97933960 H=59.26677005 L=58.57136832 C=59.26677005 V=7650200.00000000
[Agent_Features] Generated 18 features for the latest tick.
[Agent] Exploration: Random action: HOLD
[Agent] Received reward: 0.00000000
[NeuralNetworkInterface] Received reward signal: 0.00000000
[Agent] Making decision using full OHLCV data
[Agent] Price data: O=58.36738586 H=58.93297984 L=57.65343966 C=58.93297984 V=12180500.00000000
[Agent_Features] Generated 18 features for the latest tick.
[Agent] Exploration: Random action: BUY
[Portfolio] Logged Trade: BUY 4.64922684 KO @ 58.93. New Cash: 5205.86, New Coins: 85.38998623
[Agent] Received reward: 0.00000000
[NeuralNetworkInterface] Received reward signal: 0.00000000
[Agent] Making decision using full OHLCV data
[Agent] Price data: O=58.33956146 H=58.71971776 L=57.95940870 C=58.55282108 V=13387900.00000000
[Agent_Features] Generated 18 features for the latest tick.
[Agent] Exploration: Random action: HOLD
[Agent] Received reward: 0.00000000
[NeuralNetworkInterface] Received reward signal: 0.00000000
[Agent] Making decision using full OHLCV data
[Agent] Price data: O=57.67197800 H=58.22829791 L=57.56071472 C=58.04285676 V=9814700.00000000
[Agent_Features] Generated 18 features for the latest tick.
[Agent] Exploration: Random action: HOLD
[Agent] Received reward: 0.00000000
[NeuralNetworkInterface] Received reward signal: 0.00000000
[Agent] Making decision using full OHLCV data
[Agent] Price data: O=58.78462219 H=59.03496368 L=58.02431665 C=58.33029155 V=9990000.00000000
[Agent_Features] Generated 18 features for the latest tick.
[Agent] Exploration: Random action: HOLD
[Agent] Received reward: 0.00000000
[NeuralNetworkInterface] Received reward signal: 0.00000000
[Agent] Making decision using full OHLCV data
[Agent] Price data: O=58.05212784 H=59.08132280 L=58.02431291 C=58.69189606 V=9442600.00000000
[Agent_Features] Generated 18 features for the latest tick.
[Agent] Exploration: Random action: BUY
[Portfolio] Logged Trade: BUY 4.43490788 KO @ 58.69. New Cash: 4945.57, New Coins: 89.82489411
[Agent] Received reward: 0.00000000
[NeuralNetworkInterface] Received reward signal: 0.00000000
[Agent] Making decision using full OHLCV data
[Agent] Price data: O=57.60707855 H=58.16339850 L=57.41236339 C=58.04286122 V=10134600.00000000
[Agent_Features] Generated 18 features for the latest tick.
[Agent] Exploration: Random action: SELL
[Portfolio] Logged Trade: SELL 4.49124471 KO @ 58.04. New Cash: 5206.25, New Coins: 85.33364940
[Agent] Received reward: 0.00000000
[NeuralNetworkInterface] Received reward signal: 0.00000000
[Agent] Making decision using full OHLCV data
[Agent] Price data: O=57.49580383 H=58.00576785 L=56.93948396 C=57.83887118 V=10823000.00000000
[Agent_Features] Generated 18 features for the latest tick.
[Agent] Exploration: Random action: HOLD
[Agent] Received reward: 0.00000000
[NeuralNetworkInterface] Received reward signal: 0.00000000
[Simulation] Simulation run finished. Ticks processed in this run: 100

Simulation Finished in 0.01 seconds.
--------------------
  Final Portfolio  
--------------------
Cash:      $5206.25
Asset:     85.3336 KO
Total Value: $10141.86
--------------------
[Simulation] Simulation destroyed.
[AutonomousTradingAgent] Agent destroyed
[NeuralNetworkInterface] Destructor called.
[Portfolio] Destroyed for asset: KO. Final cash: 5206.25, Final assets: 85.33
