Loading data from training_run_20250621_150556/data/CRM_1d_20210821_to_20220903.csv...
Loaded 212 data points.
[Portfolio] Initialized for asset: CRM with initial cash: 10000.00. Initial Portfolio Value: 10000.00
[NeuralNetworkInterface] Constructor called.
[NeuralNetworkInterface] Initializing...
Warning: NN model path is empty. Initializing in a mock state.
[NeuralNetworkInterface] Initialized successfully.
[AutonomousTradingAgent] Agent initialized for CRM without API client (CSV mode).
[Simulation] Initialized with 212 data points.
[Simulation] API client is NULL (offline/CSV mode).

Starting Simulation for CRM...
[Simulation] Starting simulation run...
[Agent] Making decision using full OHLCV data
[Agent] Price data: O=300.13 H=302.21 L=297.12 C=298.88 V=3825100.00
[Agent_Features] Generated 15 features for the latest tick.
[Agent] Exploration: Random action: HOLD
[Agent] Received reward: 0.00
[NeuralNetworkInterface] Received reward signal: 0.00
[Agent] Making decision using full OHLCV data
[Agent] Price data: O=300.32 H=300.80 L=296.81 C=299.10 V=4177500.00
[Agent_Features] Generated 17 features for the latest tick.
[Agent] Exploration: Random action: BUY
[Portfolio] Logged Trade: BUY 1.67168678 CRM @ 299.10. New Cash: 9500.00, New Coins: 1.67168678
[Agent] Received reward: 0.00000000
[NeuralNetworkInterface] Received reward signal: 0.00000000
[Agent] Making decision using full OHLCV data
[Agent] Price data: O=300.25897217 H=301.30976210 L=295.59978644 C=301.30976210 V=3260200.00000000
[Agent_Features] Generated 17 features for the latest tick.
[Agent] Exploration: Random action: BUY
[Portfolio] Logged Trade: BUY 1.57645075 CRM @ 301.31. New Cash: 9025.00, New Coins: 3.24813752
[Agent] Received reward: 0.00000000
[NeuralNetworkInterface] Received reward signal: 0.00000000
[Agent] Making decision using full OHLCV data
[Agent] Price data: O=305.36425781 H=305.73103901 L=299.77323444 C=300.86368548 V=3833800.00000000
[Agent_Features] Generated 17 features for the latest tick.
[Agent] Exploration: Random action: SELL
[Portfolio] Logged Trade: SELL 0.16240688 CRM @ 300.86. New Cash: 9073.86, New Coins: 3.08573065
[Agent] Received reward: 0.00000000
[NeuralNetworkInterface] Received reward signal: 0.00000000
[Agent] Making decision using full OHLCV data
[Agent] Price data: O=304.58105469 H=308.69499942 L=300.70501550 C=305.82019649 V=4681800.00000000
[Agent_Features] Generated 18 features for the latest tick.
[Agent] Exploration: Random action: BUY
[Portfolio] Logged Trade: BUY 1.48352896 CRM @ 305.82. New Cash: 8620.17, New Coins: 4.56925960
[Agent] Received reward: 0.00000000
[NeuralNetworkInterface] Received reward signal: 0.00000000
[Agent] Making decision using full OHLCV data
[Agent] Price data: O=307.26757812 H=308.68517967 L=303.24284703 C=304.53157295 V=3893000.00000000
[Agent_Features] Generated 18 features for the latest tick.
[Agent] Exploration: Random action: SELL
[Portfolio] Logged Trade: SELL 0.22846298 CRM @ 304.53. New Cash: 8689.74, New Coins: 4.34079662
[Agent] Received reward: 0.00000000
[NeuralNetworkInterface] Received reward signal: 0.00000000
[Agent] Making decision using full OHLCV data
[Agent] Price data: O=307.01968384 H=309.04197177 L=304.55132300 C=307.30717321 V=3126500.00000000
[Agent_Features] Generated 18 features for the latest tick.
[Agent] Exploration: Random action: HOLD
[Agent] Received reward: 0.00000000
[NeuralNetworkInterface] Received reward signal: 0.00000000
[Agent] Making decision using full OHLCV data
[Agent] Price data: O=297.06692505 H=305.90942438 L=295.30238826 C=303.90698204 V=4350900.00000000
[Agent_Features] Generated 18 features for the latest tick.
[Agent] Exploration: Random action: BUY
[Portfolio] Logged Trade: BUY 1.42967156 CRM @ 303.91. New Cash: 8255.26, New Coins: 5.77046819
[Agent] Received reward: -0.00000000
[NeuralNetworkInterface] Received reward signal: -0.00000000
[Agent] Making decision using full OHLCV data
[Agent] Price data: O=300.34823608 H=303.09416415 L=298.88108092 C=298.88108092 V=2681900.00000000
[Agent_Features] Generated 18 features for the latest tick.
[Agent] Exploration: Random action: BUY
[Portfolio] Logged Trade: BUY 1.38102690 CRM @ 298.88. New Cash: 7842.49, New Coins: 7.15149508
[Agent] Received reward: -0.00000000
[NeuralNetworkInterface] Received reward signal: -0.00000000
[Agent] Making decision using full OHLCV data
[Agent] Price data: O=303.98629761 H=304.55135360 L=299.00991442 C=301.85497950 V=3803700.00000000
[Agent_Features] Generated 18 features for the latest tick.
[Agent] Exploration: Random action: HOLD
[Agent] Received reward: 0.00000000
[NeuralNetworkInterface] Received reward signal: 0.00000000
[Agent] Making decision using full OHLCV data
[Agent] Price data: O=302.83639526 H=305.08669660 L=300.59604700 C=304.23415113 V=3595300.00000000
[Agent_Features] Generated 18 features for the latest tick.
[Agent] Exploration: Random action: HOLD
[Agent] Received reward: 0.00000000
[NeuralNetworkInterface] Received reward signal: 0.00000000
[Agent] Making decision using full OHLCV data
[Agent] Price data: O=304.42245483 H=304.90818876 L=300.09041974 C=301.43859156 V=2989400.00000000
[Agent_Features] Generated 18 features for the latest tick.
[Agent] Exploration: Random action: HOLD
[Agent] Received reward: 0.00000000
[NeuralNetworkInterface] Received reward signal: 0.00000000
[Agent] Making decision using full OHLCV data
[Agent] Price data: O=305.34442139 H=307.20809590 L=304.58112076 C=305.10651579 V=3864700.00000000
[Agent_Features] Generated 18 features for the latest tick.
[Agent] Exploration: Random action: HOLD
[Agent] Received reward: 0.00000000
[NeuralNetworkInterface] Received reward signal: 0.00000000
[Agent] Making decision using full OHLCV data
[Agent] Price data: O=300.35803223 H=304.32328576 L=296.97764996 C=303.50050896 V=4443100.00000000
[Agent_Features] Generated 18 features for the latest tick.
[Agent] Exploration: Random action: BUY
[Portfolio] Logged Trade: BUY 1.29200663 CRM @ 303.50. New Cash: 7450.37, New Coins: 8.44350172
[Agent] Received reward: 0.00000000
[NeuralNetworkInterface] Received reward signal: 0.00000000
[Agent] Making decision using full OHLCV data
[Agent] Price data: O=298.55392456 H=303.34195585 L=298.48452535 C=303.05446644 V=4758900.00000000
[Agent_Features] Generated 18 features for the latest tick.
[Agent] Exploration: Random action: BUY
[Portfolio] Logged Trade: BUY 1.22921283 CRM @ 303.05. New Cash: 7077.85, New Coins: 9.67271455
[Agent] Received reward: 0.00000000
[NeuralNetworkInterface] Received reward signal: 0.00000000
[Agent] Making decision using full OHLCV data
[Agent] Price data: O=294.26150513 H=302.83636113 L=294.14255234 C=299.21807279 V=4474700.00000000
[Agent_Features] Generated 18 features for the latest tick.
[Agent] Exploration: Random action: HOLD
[Agent] Received reward: 0.00000000
[NeuralNetworkInterface] Received reward signal: 0.00000000
[Agent] Making decision using full OHLCV data
[Agent] Price data: O=288.88861084 H=293.89473221 L=285.80560994 C=291.09922072 V=6431100.00000000
[Agent_Features] Generated 18 features for the latest tick.
[Agent] Exploration: Random action: SELL
[Portfolio] Logged Trade: SELL 0.48363573 CRM @ 291.10. New Cash: 7218.64, New Coins: 9.18907882
[Agent] Received reward: 0.00000000
[NeuralNetworkInterface] Received reward signal: 0.00000000
[Agent] Making decision using full OHLCV data
[Agent] Price data: O=286.65814209 H=286.93570866 L=280.73999920 C=283.55532595 V=5091400.00000000
[Agent_Features] Generated 18 features for the latest tick.
[Agent] Exploration: Random action: BUY
[Portfolio] Logged Trade: BUY 1.27287969 CRM @ 283.56. New Cash: 6857.70, New Coins: 10.46195851
[Agent] Received reward: 0.00000000
[NeuralNetworkInterface] Received reward signal: 0.00000000
[Agent] Making decision using full OHLCV data
[Agent] Price data: O=281.74121094 H=285.07204014 L=280.58139104 C=282.02870033 V=4195300.00000000
[Agent_Features] Generated 18 features for the latest tick.
[Agent] Exploration: Random action: SELL
[Portfolio] Logged Trade: SELL 0.52309793 CRM @ 282.03. New Cash: 7005.23, New Coins: 9.93886058
[Agent] Received reward: 0.00000000
[NeuralNetworkInterface] Received reward signal: 0.00000000
[Agent] Making decision using full OHLCV data
[Agent] Price data: O=294.16232300 H=295.79801428 L=282.22693167 C=287.00503918 V=8215600.00000000
[Agent_Features] Generated 18 features for the latest tick.
[Agent] Exploration: Random action: SELL
[Portfolio] Logged Trade: SELL 0.49694303 CRM @ 287.01. New Cash: 7147.86, New Coins: 9.44191755
[Agent] Received reward: 0.00000000
[NeuralNetworkInterface] Received reward signal: 0.00000000
[Agent] Making decision using full OHLCV data
[Agent] Price data: O=282.48474121 H=296.67043772 L=280.93829427 C=293.61720486 V=13597600.00000000
[Agent_Features] Generated 18 features for the latest tick.
[Agent] Exploration: Random action: BUY
[Portfolio] Logged Trade: BUY 1.21720699 CRM @ 293.62. New Cash: 6790.47, New Coins: 10.65912454
[Agent] Received reward: 0.00000000
[NeuralNetworkInterface] Received reward signal: 0.00000000
[Agent] Making decision using full OHLCV data
[Agent] Price data: O=249.31536865 H=274.53438888 L=249.27572276 C=268.90373493 V=30723100.00000000
[Agent_Features] Generated 18 features for the latest tick.
[Agent] Exploration: Random action: SELL
[Portfolio] Logged Trade: SELL 0.53295623 CRM @ 268.90. New Cash: 6933.78, New Coins: 10.12616831
[Agent] Received reward: 0.00000000
[NeuralNetworkInterface] Received reward signal: 0.00000000
[Agent] Making decision using full OHLCV data
[Agent] Price data: O=258.93112183 H=260.29910917 L=249.94980799 C=250.62390910 V=12200800.00000000
[Agent_Features] Generated 18 features for the latest tick.
[Agent] Exploration: Random action: HOLD
[Agent] Received reward: 0.00000000
[NeuralNetworkInterface] Received reward signal: 0.00000000
[Agent] Making decision using full OHLCV data
[Agent] Price data: O=256.07614136 H=259.47633981 L=249.51363491 C=259.27806499 V=8944000.00000000
[Agent_Features] Generated 18 features for the latest tick.
[Agent] Exploration: Random action: SELL
[Portfolio] Logged Trade: SELL 0.50630842 CRM @ 259.28. New Cash: 7065.05, New Coins: 9.61985990
[Agent] Received reward: 0.00000000
[NeuralNetworkInterface] Received reward signal: 0.00000000
[Agent] Making decision using full OHLCV data
[Agent] Price data: O=256.50234985 H=256.97819119 L=248.53219654 C=253.87537532 V=7123000.00000000
[Agent_Features] Generated 18 features for the latest tick.
[Agent] Exploration: Random action: SELL
[Portfolio] Logged Trade: SELL 0.48099299 CRM @ 253.88. New Cash: 7187.17, New Coins: 9.13886690
[Agent] Received reward: 0.00000000
[NeuralNetworkInterface] Received reward signal: 0.00000000
[Agent] Making decision using full OHLCV data
[Agent] Price data: O=264.67080688 H=267.88268350 L=261.31026953 C=263.16402111 V=7401200.00000000
[Agent_Features] Generated 18 features for the latest tick.
[Agent] Exploration: Random action: SELL
[Portfolio] Logged Trade: SELL 0.45694335 CRM @ 263.16. New Cash: 7307.42, New Coins: 8.68192356
[Agent] Received reward: 0.00000000
[NeuralNetworkInterface] Received reward signal: 0.00000000
[Agent] Making decision using full OHLCV data
[Agent] Price data: O=263.99673462 H=266.16771392 L=262.27185856 C=265.97936191 V=4586500.00000000
[Agent_Features] Generated 18 features for the latest tick.
[Agent] Exploration: Random action: HOLD
[Agent] Received reward: 0.00000000
[NeuralNetworkInterface] Received reward signal: 0.00000000
[Agent] Making decision using full OHLCV data
[Agent] Price data: O=262.02401733 H=264.36350290 L=260.35861775 C=263.72907793 V=3967000.00000000
[Agent_Features] Generated 18 features for the latest tick.
[Agent] Exploration: Random action: HOLD
[Agent] Received reward: 0.00000000
[NeuralNetworkInterface] Received reward signal: 0.00000000
[Agent] Making decision using full OHLCV data
[Agent] Price data: O=263.71914673 H=268.21971879 L=262.14296179 C=263.78854594 V=3480100.00000000
[Agent_Features] Generated 18 features for the latest tick.
[Agent] Exploration: Random action: BUY
[Portfolio] Logged Trade: BUY 1.38508995 CRM @ 263.79. New Cash: 6942.05, New Coins: 10.06701350
[Agent] Received reward: 0.00000000
[NeuralNetworkInterface] Received reward signal: 0.00000000
[Agent] Making decision using full OHLCV data
[Agent] Price data: O=263.45153809 H=268.20983174 L=262.31150313 C=263.49116885 V=3625700.00000000
[Agent_Features] Generated 18 features for the latest tick.
[Agent] Exploration: Random action: SELL
[Portfolio] Logged Trade: SELL 0.50335068 CRM @ 263.49. New Cash: 7074.67, New Coins: 9.56366283
[Agent] Received reward: 0.00000000
[NeuralNetworkInterface] Received reward signal: 0.00000000
[Agent] Making decision using full OHLCV data
[Agent] Price data: O=253.36984253 H=259.87285741 L=251.09974101 C=259.72416641 V=7227300.00000000
[Agent_Features] Generated 18 features for the latest tick.
[Agent] Exploration: Random action: BUY
[Portfolio] Logged Trade: BUY 1.36195930 CRM @ 259.72. New Cash: 6720.94, New Coins: 10.92562212
[Agent] Received reward: 0.00000000
[NeuralNetworkInterface] Received reward signal: 0.00000000
[Agent] Making decision using full OHLCV data
[Agent] Price data: O=257.78118896 H=257.92987995 L=249.71188199 C=252.63626912 V=6484900.00000000
[Agent_Features] Generated 18 features for the latest tick.
[Agent] Exploration: Random action: HOLD
[Agent] Received reward: 0.00000000
[NeuralNetworkInterface] Received reward signal: 0.00000000
[Agent] Making decision using full OHLCV data
[Agent] Price data: O=250.92127991 H=259.07980128 L=250.02910377 C=257.74152194 V=6556700.00000000
[Agent_Features] Generated 18 features for the latest tick.
[Agent] Exploration: Random action: SELL
[Portfolio] Logged Trade: SELL 0.54628111 CRM @ 257.74. New Cash: 6861.74, New Coins: 10.37934102
[Agent] Received reward: 0.00000000
[NeuralNetworkInterface] Received reward signal: 0.00000000
[Agent] Making decision using full OHLCV data
[Agent] Price data: O=250.73294067 H=251.69451607 L=244.64627580 C=249.05763340 V=12119400.00000000
[Agent_Features] Generated 18 features for the latest tick.
[Agent] Exploration: Random action: BUY
[Portfolio] Logged Trade: BUY 1.37754068 CRM @ 249.06. New Cash: 6518.65, New Coins: 11.75688170
[Agent] Received reward: 0.00000000
[NeuralNetworkInterface] Received reward signal: 0.00000000
[Agent] Making decision using full OHLCV data
[Agent] Price data: O=245.06262207 H=249.35499630 L=244.35878282 C=247.71933504 V=5580100.00000000
[Agent_Features] Generated 18 features for the latest tick.
[Agent] Exploration: Random action: BUY
[Portfolio] Logged Trade: BUY 1.31573367 CRM @ 247.72. New Cash: 6192.72, New Coins: 13.07261537
[Agent] Received reward: 0.00000000
[NeuralNetworkInterface] Received reward signal: 0.00000000
[Agent] Making decision using full OHLCV data
[Agent] Price data: O=250.35624695 H=250.81224272 L=243.11965481 C=245.84576715 V=5428200.00000000
[Agent_Features] Generated 18 features for the latest tick.
[Agent] Exploration: Random action: HOLD
[Agent] Received reward: 0.00000000
[NeuralNetworkInterface] Received reward signal: 0.00000000
[Agent] Making decision using full OHLCV data
[Agent] Price data: O=250.60406494 H=252.05137423 L=247.34263494 C=251.21867449 V=4982400.00000000
[Agent_Features] Generated 18 features for the latest tick.
[Agent] Exploration: Random action: HOLD
[Agent] Received reward: 0.00000000
[NeuralNetworkInterface] Received reward signal: 0.00000000
[Agent] Making decision using full OHLCV data
[Agent] Price data: O=250.94113159 H=252.10096672 L=247.17413677 C=249.04771893 V=3769500.00000000
[Agent_Features] Generated 18 features for the latest tick.
[Agent] Exploration: Random action: SELL
[Portfolio] Logged Trade: SELL 0.65363077 CRM @ 249.05. New Cash: 6355.51, New Coins: 12.41898460
[Agent] Received reward: 0.00000000
[NeuralNetworkInterface] Received reward signal: 0.00000000
[Agent] Making decision using full OHLCV data
[Agent] Price data: O=256.05627441 H=256.18515001 L=251.04024547 C=251.18893645 V=3531800.00000000
[Agent_Features] Generated 18 features for the latest tick.
[Agent] Exploration: Random action: HOLD
[Agent] Received reward: 0.00000000
[NeuralNetworkInterface] Received reward signal: 0.00000000
[Agent] Making decision using full OHLCV data
[Agent] Price data: O=253.23104858 H=258.51475173 L=252.72548411 C=257.47388458 V=3293700.00000000
[Agent_Features] Generated 18 features for the latest tick.
[Agent] Exploration: Random action: SELL
[Portfolio] Logged Trade: SELL 0.62094923 CRM @ 257.47. New Cash: 6515.38, New Coins: 11.79803537
[Agent] Received reward: 0.00000000
[NeuralNetworkInterface] Received reward signal: 0.00000000
[Agent] Making decision using full OHLCV data
[Agent] Price data: O=252.32893372 H=254.20251564 L=250.92127035 C=253.77625809 V=2592700.00000000
[Agent_Features] Generated 18 features for the latest tick.
[Agent] Exploration: Random action: BUY
[Portfolio] Logged Trade: BUY 1.28368671 CRM @ 253.78. New Cash: 6189.61, New Coins: 13.08172209
[Agent] Received reward: 0.00000000
[NeuralNetworkInterface] Received reward signal: 0.00000000
[Agent] Making decision using full OHLCV data
[Agent] Price data: O=253.11210632 H=255.65977444 L=252.24966832 C=253.08236812 V=2950600.00000000
[Agent_Features] Generated 18 features for the latest tick.
[Agent] Exploration: Random action: SELL
[Portfolio] Logged Trade: SELL 0.65408610 CRM @ 253.08. New Cash: 6355.15, New Coins: 12.42763598
[Agent] Received reward: 0.00000000
[NeuralNetworkInterface] Received reward signal: 0.00000000
[Agent] Making decision using full OHLCV data
[Agent] Price data: O=251.92251587 H=254.26200131 L=251.42685910 C=252.25955884 V=3169300.00000000
[Agent_Features] Generated 18 features for the latest tick.
[Agent] Exploration: Random action: SELL
[Portfolio] Logged Trade: SELL 0.62138180 CRM @ 252.26. New Cash: 6511.90, New Coins: 11.80625418
[Agent] Received reward: 0.00000000
[NeuralNetworkInterface] Received reward signal: 0.00000000
[Agent] Making decision using full OHLCV data
[Agent] Price data: O=253.24098206 H=254.47021638 L=246.49012365 C=252.79487883 V=4316800.00000000
[Agent_Features] Generated 18 features for the latest tick.
[Agent] Exploration: Random action: SELL
[Portfolio] Logged Trade: SELL 0.59031271 CRM @ 252.79. New Cash: 6661.13, New Coins: 11.21594147
[Agent] Received reward: 0.00000000
[NeuralNetworkInterface] Received reward signal: 0.00000000
[Agent] Making decision using full OHLCV data
[Agent] Price data: O=246.07377625 H=254.63872534 L=241.28572963 C=254.61890996 V=7240700.00000000
[Agent_Features] Generated 18 features for the latest tick.
[Agent] Exploration: Random action: HOLD
[Agent] Received reward: 0.00000000
[NeuralNetworkInterface] Received reward signal: 0.00000000
[Agent] Making decision using full OHLCV data
[Agent] Price data: O=225.69236755 H=236.13089865 L=225.33549405 C=234.11853323 V=18882500.00000000
[Agent_Features] Generated 18 features for the latest tick.
[Agent] Exploration: Random action: HOLD
[Agent] Received reward: 0.00000000
[NeuralNetworkInterface] Received reward signal: 0.00000000
[Agent] Making decision using full OHLCV data
[Agent] Price data: O=227.15950012 H=232.44320330 L=224.08643711 C=226.05914145 V=9376100.00000000
[Agent_Features] Generated 18 features for the latest tick.
[Agent] Exploration: Random action: SELL
[Portfolio] Logged Trade: SELL 0.56079707 CRM @ 226.06. New Cash: 6787.90, New Coins: 10.65514440
[Agent] Received reward: 0.00000000
[NeuralNetworkInterface] Received reward signal: 0.00000000
[Agent] Making decision using full OHLCV data
[Agent] Price data: O=226.32678223 H=230.26229802 L=224.08641917 C=226.51513421 V=6286700.00000000
[Agent_Features] Generated 18 features for the latest tick.
[Agent] Exploration: Random action: SELL
[Portfolio] Logged Trade: SELL 0.53275722 CRM @ 226.52. New Cash: 6908.58, New Coins: 10.12238718
[Agent] Received reward: 0.00000000
[NeuralNetworkInterface] Received reward signal: 0.00000000
[Agent] Making decision using full OHLCV data
[Agent] Price data: O=227.63533020 H=227.83358988 L=216.98861747 C=223.54120049 V=7803800.00000000
[Agent_Features] Generated 18 features for the latest tick.
[Agent] Exploration: Random action: BUY
[Portfolio] Logged Trade: BUY 1.54525901 CRM @ 223.54. New Cash: 6563.15, New Coins: 11.66764619
[Agent] Received reward: -0.00000000
[NeuralNetworkInterface] Received reward signal: -0.00000000
[Agent] Making decision using full OHLCV data
[Agent] Price data: O=232.80009460 H=234.29698790 L=224.59201877 C=226.81256680 V=7635300.00000000
[Agent_Features] Generated 18 features for the latest tick.
[Agent] Exploration: Random action: SELL
[Portfolio] Logged Trade: SELL 0.58338231 CRM @ 226.81. New Cash: 6695.47, New Coins: 11.08426388
[Agent] Received reward: 0.00000000
[NeuralNetworkInterface] Received reward signal: 0.00000000
[Agent] Making decision using full OHLCV data
[Agent] Price data: O=235.76409912 H=237.20150072 L=233.71207285 C=234.94130707 V=6718900.00000000
[Agent_Features] Generated 18 features for the latest tick.
[Agent] Exploration: Random action: BUY
[Portfolio] Logged Trade: BUY 1.42492407 CRM @ 234.94. New Cash: 6360.70, New Coins: 12.50918794
[Agent] Received reward: 0.00000000
[NeuralNetworkInterface] Received reward signal: 0.00000000
[Agent] Making decision using full OHLCV data
[Agent] Price data: O=226.64402771 H=236.71576215 L=225.94018842 C=235.43697429 V=6680300.00000000
[Agent_Features] Generated 18 features for the latest tick.
[Agent] Exploration: Random action: BUY
[Portfolio] Logged Trade: BUY 1.35082795 CRM @ 235.44. New Cash: 6042.66, New Coins: 13.86001590
[Agent] Received reward: -0.00000000
[NeuralNetworkInterface] Received reward signal: -0.00000000
[Agent] Making decision using full OHLCV data
[Agent] Price data: O=229.22143555 H=231.26353911 L=225.63288522 C=226.04923511 V=5805100.00000000
[Agent_Features] Generated 18 features for the latest tick.
[Agent] Exploration: Random action: HOLD
[Agent] Received reward: 0.00000000
[NeuralNetworkInterface] Received reward signal: 0.00000000
[Agent] Making decision using full OHLCV data
[Agent] Price data: O=224.09635925 H=228.72579214 L=223.34296633 C=226.46559825 V=6032000.00000000
[Agent_Features] Generated 18 features for the latest tick.
[Agent] Exploration: Random action: BUY
[Portfolio] Logged Trade: BUY 1.33412362 CRM @ 226.47. New Cash: 5740.53, New Coins: 15.19413952
[Agent] Received reward: 0.00000000
[NeuralNetworkInterface] Received reward signal: 0.00000000
[Agent] Making decision using full OHLCV data
[Agent] Price data: O=224.30451965 H=230.19292452 L=224.20538225 C=225.49409288 V=5332600.00000000
[Agent_Features] Generated 18 features for the latest tick.
[Agent] Exploration: Random action: SELL
[Portfolio] Logged Trade: SELL 0.75970698 CRM @ 225.49. New Cash: 5911.84, New Coins: 14.43443254
[Agent] Received reward: 0.00000000
[NeuralNetworkInterface] Received reward signal: 0.00000000
[Agent] Making decision using full OHLCV data
[Agent] Price data: O=221.00343323 H=229.38993693 L=220.55734518 C=227.08018980 V=5663700.00000000
[Agent_Features] Generated 18 features for the latest tick.
[Agent] Exploration: Random action: SELL
[Portfolio] Logged Trade: SELL 0.72172163 CRM @ 227.08. New Cash: 6075.73, New Coins: 13.71271092
[Agent] Received reward: 0.00000000
[NeuralNetworkInterface] Received reward signal: 0.00000000
[Agent] Making decision using full OHLCV data
[Agent] Price data: O=216.73088074 H=222.81754517 L=216.35417676 C=221.12239239 V=9128400.00000000
[Agent_Features] Generated 18 features for the latest tick.
[Agent] Exploration: Random action: HOLD
[Agent] Received reward: 0.00000000
[NeuralNetworkInterface] Received reward signal: 0.00000000
[Agent] Making decision using full OHLCV data
[Agent] Price data: O=221.09265137 H=221.43961715 L=205.70746143 C=210.54507620 V=11664300.00000000
[Agent_Features] Generated 18 features for the latest tick.
[Agent] Exploration: Random action: SELL
[Portfolio] Logged Trade: SELL 0.68563555 CRM @ 210.55. New Cash: 6220.08, New Coins: 13.02707537
[Agent] Received reward: 0.00000000
[NeuralNetworkInterface] Received reward signal: 0.00000000
[Agent] Making decision using full OHLCV data
[Agent] Price data: O=213.51904297 H=221.95511655 L=212.80529594 C=219.08031306 V=9092700.00000000
[Agent_Features] Generated 18 features for the latest tick.
[Agent] Exploration: Random action: BUY
[Portfolio] Logged Trade: BUY 1.41958997 CRM @ 219.08. New Cash: 5909.08, New Coins: 14.44666534
[Agent] Received reward: 0.00000000
[NeuralNetworkInterface] Received reward signal: 0.00000000
[Agent] Making decision using full OHLCV data
[Agent] Price data: O=209.16716003 H=219.53630647 L=207.25393213 C=217.70237034 V=10029600.00000000
[Agent_Features] Generated 18 features for the latest tick.
[Agent] Exploration: Random action: HOLD
[Agent] Received reward: 0.00000000
[NeuralNetworkInterface] Received reward signal: 0.00000000
[Agent] Making decision using full OHLCV data
[Agent] Price data: O=210.89205933 H=221.21162234 L=210.21795822 C=212.22041591 V=9462100.00000000
[Agent_Features] Generated 18 features for the latest tick.
[Agent] Exploration: Random action: BUY
[Portfolio] Logged Trade: BUY 1.39220349 CRM @ 212.22. New Cash: 5613.63, New Coins: 15.83886883
[Agent] Received reward: 0.00000000
[NeuralNetworkInterface] Received reward signal: 0.00000000
[Agent] Making decision using full OHLCV data
[Agent] Price data: O=220.20046997 H=220.35906863 L=209.04819323 C=212.43848354 V=8254900.00000000
[Agent_Features] Generated 18 features for the latest tick.
[Agent] Exploration: Random action: SELL
[Portfolio] Logged Trade: SELL 0.79194344 CRM @ 212.44. New Cash: 5781.87, New Coins: 15.04692538
[Agent] Received reward: 0.00000000
[NeuralNetworkInterface] Received reward signal: 0.00000000
[Agent] Making decision using full OHLCV data
[Agent] Price data: O=230.60929871 H=230.88686532 L=220.32936589 C=221.01337473 V=7084200.00000000
[Agent_Features] Generated 18 features for the latest tick.
[Agent] Exploration: Random action: HOLD
[Agent] Received reward: 0.00000000
[NeuralNetworkInterface] Received reward signal: 0.00000000
[Agent] Making decision using full OHLCV data
[Agent] Price data: O=230.10369873 H=230.75796931 L=224.35409218 C=230.35152712 V=6387100.00000000
[Agent_Features] Generated 18 features for the latest tick.
[Agent] Exploration: Random action: BUY
[Portfolio] Logged Trade: BUY 1.25500912 CRM @ 230.35. New Cash: 5492.77, New Coins: 16.30193450
[Agent] Received reward: 0.00000000
[NeuralNetworkInterface] Received reward signal: 0.00000000
[Agent] Making decision using full OHLCV data
[Agent] Price data: O=223.05543518 H=232.45309763 L=221.08273108 C=231.70961254 V=9378900.00000000
[Agent_Features] Generated 18 features for the latest tick.
[Agent] Exploration: Random action: HOLD
[Agent] Received reward: 0.00000000
[NeuralNetworkInterface] Received reward signal: 0.00000000
[Agent] Making decision using full OHLCV data
[Agent] Price data: O=210.92179871 H=218.87212288 L=208.57237519 C=216.17576381 V=12826600.00000000
[Agent_Features] Generated 18 features for the latest tick.
[Agent] Exploration: Random action: BUY
[Portfolio] Logged Trade: BUY 1.27044123 CRM @ 216.18. New Cash: 5218.13, New Coins: 17.57237573
[Agent] Received reward: 0.00000000
[NeuralNetworkInterface] Received reward signal: 0.00000000
[Agent] Making decision using full OHLCV data
[Agent] Price data: O=217.32566833 H=219.74447585 L=211.33814107 C=213.12250851 V=6176500.00000000
[Agent_Features] Generated 18 features for the latest tick.
[Agent] Exploration: Random action: HOLD
[Agent] Received reward: 0.00000000
[NeuralNetworkInterface] Received reward signal: 0.00000000
[Agent] Making decision using full OHLCV data
[Agent] Price data: O=215.08531189 H=219.51648487 L=214.77800710 C=217.09767728 V=3922300.00000000
[Agent_Features] Generated 18 features for the latest tick.
[Agent] Exploration: Random action: BUY
[Portfolio] Logged Trade: BUY 1.20179394 CRM @ 217.10. New Cash: 4957.23, New Coins: 18.77416967
[Agent] Received reward: 0.00000000
[NeuralNetworkInterface] Received reward signal: 0.00000000
[Agent] Making decision using full OHLCV data
[Agent] Price data: O=215.54130554 H=216.04688515 L=210.30717102 C=213.72721499 V=5628700.00000000
[Agent_Features] Generated 18 features for the latest tick.
[Agent] Exploration: Random action: BUY
[Portfolio] Logged Trade: BUY 1.15970883 CRM @ 213.73. New Cash: 4709.37, New Coins: 19.93387851
[Agent] Received reward: 0.00000000
[NeuralNetworkInterface] Received reward signal: 0.00000000
[Agent] Making decision using full OHLCV data
[Agent] Price data: O=220.11126709 H=220.25997321 L=213.69748196 C=219.21909089 V=6107700.00000000
[Agent_Features] Generated 18 features for the latest tick.
[Agent] Exploration: Random action: SELL
[Portfolio] Logged Trade: SELL 0.99669393 CRM @ 219.22. New Cash: 4927.86, New Coins: 18.93718458
[Agent] Received reward: 0.00000000
[NeuralNetworkInterface] Received reward signal: 0.00000000
[Agent] Making decision using full OHLCV data
[Agent] Price data: O=215.77922058 H=220.06170242 L=213.93537676 C=215.80895878 V=5312600.00000000
[Agent_Features] Generated 18 features for the latest tick.
[Agent] Exploration: Random action: SELL
[Portfolio] Logged Trade: SELL 0.94685923 CRM @ 215.81. New Cash: 5132.20, New Coins: 17.99032535
[Agent] Received reward: 0.00000000
[NeuralNetworkInterface] Received reward signal: 0.00000000
[Agent] Making decision using full OHLCV data
[Agent] Price data: O=206.09410095 H=218.01960290 L=204.31965618 C=215.72967080 V=8165600.00000000
[Agent_Features] Generated 18 features for the latest tick.
[Agent] Exploration: Random action: SELL
[Portfolio] Logged Trade: SELL 0.89951627 CRM @ 215.73. New Cash: 5326.25, New Coins: 17.09080908
[Agent] Received reward: 0.00000000
[NeuralNetworkInterface] Received reward signal: 0.00000000
[Agent] Making decision using full OHLCV data
[Agent] Price data: O=204.60711670 H=208.07671423 L=202.85250255 C=204.01233763 V=7005900.00000000
[Agent_Features] Generated 18 features for the latest tick.
[Agent] Exploration: Random action: BUY
[Portfolio] Logged Trade: BUY 1.30537518 CRM @ 204.01. New Cash: 5059.94, New Coins: 18.39618426
[Agent] Received reward: -0.00000000
[NeuralNetworkInterface] Received reward signal: -0.00000000
[Agent] Making decision using full OHLCV data
[Agent] Price data: O=212.38891602 H=212.70614359 L=206.70869393 C=207.92800529 V=6353000.00000000
[Agent_Features] Generated 18 features for the latest tick.
[Agent] Exploration: Random action: HOLD
[Agent] Received reward: 0.00000000
[NeuralNetworkInterface] Received reward signal: 0.00000000
[Agent] Making decision using full OHLCV data
[Agent] Price data: O=209.90074158 H=210.57482755 L=206.40140587 C=209.16716409 V=7072700.00000000
[Agent_Features] Generated 18 features for the latest tick.
[Agent] Exploration: Random action: BUY
[Portfolio] Logged Trade: BUY 1.20954458 CRM @ 209.17. New Cash: 4806.94, New Coins: 19.60572884
[Agent] Received reward: 0.00000000
[NeuralNetworkInterface] Received reward signal: 0.00000000
[Agent] Making decision using full OHLCV data
[Agent] Price data: O=198.29243469 H=207.92800295 L=197.76703976 C=206.52033962 V=8820100.00000000
[Agent_Features] Generated 18 features for the latest tick.
[Agent] Exploration: Random action: SELL
[Portfolio] Logged Trade: SELL 0.98028644 CRM @ 206.52. New Cash: 5009.39, New Coins: 18.62544240
[Agent] Received reward: -0.00000000
[NeuralNetworkInterface] Received reward signal: -0.00000000
[Agent] Making decision using full OHLCV data
[Agent] Price data: O=195.13017273 H=200.84014896 L=194.08929039 C=198.65924686 V=6691800.00000000
[Agent_Features] Generated 18 features for the latest tick.
[Agent] Exploration: Random action: BUY
[Portfolio] Logged Trade: BUY 1.26080018 CRM @ 198.66. New Cash: 4758.92, New Coins: 19.88624258
[Agent] Received reward: 0.00000000
[NeuralNetworkInterface] Received reward signal: 0.00000000
[Agent] Making decision using full OHLCV data
[Agent] Price data: O=193.43502808 H=199.71004499 L=191.84892026 C=193.83154747 V=8434800.00000000
[Agent_Features] Generated 18 features for the latest tick.
[Agent] Exploration: Random action: BUY
[Portfolio] Logged Trade: BUY 1.22759239 CRM @ 193.83. New Cash: 4520.98, New Coins: 21.11383497
[Agent] Received reward: 0.00000000
[NeuralNetworkInterface] Received reward signal: 0.00000000
[Agent] Making decision using full OHLCV data
[Agent] Price data: O=188.88488770 H=197.27140745 L=188.47846061 C=194.64443245 V=7784300.00000000
[Agent_Features] Generated 18 features for the latest tick.
[Agent] Exploration: Random action: SELL
[Portfolio] Logged Trade: SELL 1.05569175 CRM @ 194.64. New Cash: 4726.46, New Coins: 20.05814322
[Agent] Received reward: 0.00000000
[NeuralNetworkInterface] Received reward signal: 0.00000000
[Agent] Making decision using full OHLCV data
[Agent] Price data: O=202.51545715 H=203.12015908 L=182.83789045 C=183.13528756 V=11792600.00000000
[Agent_Features] Generated 18 features for the latest tick.
[Agent] Exploration: Random action: HOLD
[Agent] Received reward: 0.00000000
[NeuralNetworkInterface] Received reward signal: 0.00000000
[Agent] Making decision using full OHLCV data
[Agent] Price data: O=206.28242493 H=206.65912890 L=199.85871761 C=202.94170323 V=5853600.00000000
[Agent_Features] Generated 18 features for the latest tick.
[Agent] Exploration: Random action: BUY
[Portfolio] Logged Trade: BUY 1.16448738 CRM @ 202.94. New Cash: 4490.14, New Coins: 21.22263060
[Agent] Received reward: 0.00000000
[NeuralNetworkInterface] Received reward signal: 0.00000000
[Agent] Making decision using full OHLCV data
[Agent] Price data: O=208.70124817 H=209.83134505 L=205.15234371 C=205.98504350 V=7904700.00000000
[Agent_Features] Generated 18 features for the latest tick.
[Agent] Exploration: Random action: BUY
[Portfolio] Logged Trade: BUY 1.08991845 CRM @ 205.99. New Cash: 4265.63, New Coins: 22.31254906
[Agent] Received reward: 0.00000000
[NeuralNetworkInterface] Received reward signal: 0.00000000
[Agent] Making decision using full OHLCV data
[Agent] Price data: O=207.07548523 H=212.52770971 L=206.64922767 C=211.54630386 V=12587300.00000000
[Agent_Features] Generated 18 features for the latest tick.
[Agent] Exploration: Random action: SELL
[Portfolio] Logged Trade: SELL 1.11562745 CRM @ 211.55. New Cash: 4501.64, New Coins: 21.19692160
[Agent] Received reward: 0.00000000
[NeuralNetworkInterface] Received reward signal: 0.00000000
[Agent] Making decision using full OHLCV data
[Agent] Price data: O=208.56245422 H=215.42234208 L=199.40271171 C=214.22286117 V=16670100.00000000
[Agent_Features] Generated 18 features for the latest tick.
[Agent] Exploration: Random action: HOLD
[Agent] Received reward: 0.00000000
[NeuralNetworkInterface] Received reward signal: 0.00000000
[Agent] Making decision using full OHLCV data
[Agent] Price data: O=202.97145081 H=209.79169292 L=202.44605583 C=208.56245866 V=6559900.00000000
[Agent_Features] Generated 18 features for the latest tick.
[Agent] Exploration: Random action: HOLD
[Agent] Received reward: 0.00000000
[NeuralNetworkInterface] Received reward signal: 0.00000000
[Agent] Making decision using full OHLCV data
[Agent] Price data: O=201.24656677 H=204.58730386 L=197.52914080 C=202.92188916 V=6813600.00000000
[Agent_Features] Generated 18 features for the latest tick.
[Agent] Exploration: Random action: HOLD
[Agent] Received reward: 0.00000000
[NeuralNetworkInterface] Received reward signal: 0.00000000
[Agent] Making decision using full OHLCV data
[Agent] Price data: O=194.52546692 H=203.14989237 L=194.33711491 C=201.68275245 V=7043500.00000000
[Agent_Features] Generated 18 features for the latest tick.
[Agent] Exploration: Random action: HOLD
[Agent] Received reward: 0.00000000
[NeuralNetworkInterface] Received reward signal: 0.00000000
[Agent] Making decision using full OHLCV data
[Agent] Price data: O=190.41151428 H=195.48703497 L=187.55652633 C=192.59240113 V=8229000.00000000
[Agent_Features] Generated 18 features for the latest tick.
[Agent] Exploration: Random action: SELL
[Portfolio] Logged Trade: SELL 1.05984608 CRM @ 192.59. New Cash: 4705.76, New Coins: 20.13707552
[Agent] Received reward: 0.00000000
[NeuralNetworkInterface] Received reward signal: 0.00000000
[Agent] Making decision using full OHLCV data
[Agent] Price data: O=201.39527893 H=203.44729026 L=195.50687360 C=196.62706283 V=6881300.00000000
[Agent_Features] Generated 18 features for the latest tick.
[Agent] Exploration: Random action: SELL
[Portfolio] Logged Trade: SELL 1.00685378 CRM @ 196.63. New Cash: 4903.73, New Coins: 19.13022175
[Agent] Received reward: 0.00000000
[NeuralNetworkInterface] Received reward signal: 0.00000000
[Agent] Making decision using full OHLCV data
[Agent] Price data: O=198.41140747 H=199.45228976 L=195.81417073 C=197.37054031 V=5604200.00000000
[Agent_Features] Generated 18 features for the latest tick.
[Agent] Exploration: Random action: BUY
[Portfolio] Logged Trade: BUY 1.24226517 CRM @ 197.37. New Cash: 4658.54, New Coins: 20.37248692
[Agent] Received reward: 0.00000000
[NeuralNetworkInterface] Received reward signal: 0.00000000
[Agent] Making decision using full OHLCV data
[Agent] Price data: O=196.18092346 H=202.99125707 L=195.91327972 C=202.99125707 V=5196900.00000000
[Agent_Features] Generated 18 features for the latest tick.
[Agent] Exploration: Random action: HOLD
[Agent] Received reward: 0.00000000
[NeuralNetworkInterface] Received reward signal: 0.00000000
[Agent] Making decision using full OHLCV data
[Agent] Price data: O=191.44245911 H=198.42131465 L=190.15376365 C=196.51799453 V=5665500.00000000
[Agent_Features] Generated 18 features for the latest tick.
[Agent] Exploration: Random action: SELL
[Portfolio] Logged Trade: SELL 1.01862435 CRM @ 196.52. New Cash: 4858.72, New Coins: 19.35386257
[Agent] Received reward: 0.00000000
[NeuralNetworkInterface] Received reward signal: 0.00000000
[Agent] Making decision using full OHLCV data
[Agent] Price data: O=194.43623352 H=198.22305843 L=191.06577360 C=196.80547223 V=5276300.00000000
[Agent_Features] Generated 18 features for the latest tick.
[Agent] Exploration: Random action: BUY
[Portfolio] Logged Trade: BUY 1.23439719 CRM @ 196.81. New Cash: 4615.79, New Coins: 20.58825976
[Agent] Received reward: 0.00000000
[NeuralNetworkInterface] Received reward signal: 0.00000000
[Agent] Making decision using full OHLCV data
[Agent] Price data: O=203.78434753 H=204.11146772 L=195.61591788 C=196.93436681 V=6043400.00000000
[Agent_Features] Generated 18 features for the latest tick.
[Agent] Exploration: Random action: HOLD
[Agent] Received reward: 0.00000000
[NeuralNetworkInterface] Received reward signal: 0.00000000
[Agent] Making decision using full OHLCV data
[Agent] Price data: O=208.58227539 H=208.84991914 L=200.80045843 C=202.84256180 V=5842600.00000000
[Agent_Features] Generated 18 features for the latest tick.
[Agent] Exploration: Random action: SELL
[Portfolio] Logged Trade: SELL 1.02941299 CRM @ 202.84. New Cash: 4824.60, New Coins: 19.55884677
[Agent] Received reward: 0.00000000
[NeuralNetworkInterface] Received reward signal: 0.00000000
[Agent] Making decision using full OHLCV data
[Agent] Price data: O=216.89941406 H=217.67263744 L=206.50052918 C=207.41253585 V=12220600.00000000
[Agent_Features] Generated 18 features for the latest tick.
[Agent] Exploration: Random action: BUY
[Portfolio] Logged Trade: BUY 1.16304327 CRM @ 207.41. New Cash: 4583.37, New Coins: 20.72189004
[Agent] Received reward: 0.00000000
[NeuralNetworkInterface] Received reward signal: 0.00000000
[Agent] Making decision using full OHLCV data
[Agent] Price data: O=211.86355591 H=217.19682822 L=208.78056983 C=216.29472916 V=6448700.00000000
[Agent_Features] Generated 18 features for the latest tick.
[Agent] Exploration: Random action: HOLD
[Agent] Received reward: 0.00000000
[NeuralNetworkInterface] Received reward signal: 0.00000000
[Agent] Making decision using full OHLCV data
[Agent] Price data: O=216.31452942 H=219.92291002 L=210.77307536 C=211.86352628 V=7018800.00000000
[Agent_Features] Generated 18 features for the latest tick.
[Agent] Exploration: Random action: SELL
[Portfolio] Logged Trade: SELL 1.03609450 CRM @ 211.86. New Cash: 4802.88, New Coins: 19.68579554
[Agent] Received reward: 0.00000000
[NeuralNetworkInterface] Received reward signal: 0.00000000
[Agent] Making decision using full OHLCV data
[Agent] Price data: O=209.27619934 H=212.07169562 L=206.50051844 C=212.01221923 V=8404700.00000000
[Agent_Features] Generated 18 features for the latest tick.
[Agent] Exploration: Random action: HOLD
[Agent] Received reward: 0.00000000
[NeuralNetworkInterface] Received reward signal: 0.00000000
[Agent] Making decision using full OHLCV data
[Agent] Price data: O=212.12127686 H=212.25015246 L=208.04697741 C=210.50544600 V=4150300.00000000
[Agent_Features] Generated 18 features for the latest tick.
[Agent] Exploration: Random action: HOLD
[Agent] Received reward: 0.00000000
[NeuralNetworkInterface] Received reward signal: 0.00000000
[Agent] Making decision using full OHLCV data
[Agent] Price data: O=209.19688416 H=213.98493012 L=206.66903174 C=212.40874530 V=3656500.00000000
[Agent_Features] Generated 18 features for the latest tick.
[Agent] Exploration: Random action: BUY
[Portfolio] Logged Trade: BUY 1.13057397 CRM @ 212.41. New Cash: 4562.73, New Coins: 20.81636951
[Agent] Received reward: 0.00000000
[NeuralNetworkInterface] Received reward signal: 0.00000000
[Agent] Making decision using full OHLCV data
[Agent] Price data: O=213.40998840 H=213.50912581 L=207.48193737 C=208.55255786 V=4290900.00000000
[Agent_Features] Generated 18 features for the latest tick.
[Agent] Exploration: Random action: SELL
[Portfolio] Logged Trade: SELL 1.04081848 CRM @ 208.55. New Cash: 4779.80, New Coins: 19.77555103
[Agent] Received reward: 0.00000000
[NeuralNetworkInterface] Received reward signal: 0.00000000
[Agent] Making decision using full OHLCV data
[Agent] Price data: O=219.36778259 H=220.23023572 L=214.88705596 C=216.72097706 V=5370400.00000000
[Agent_Features] Generated 18 features for the latest tick.
[Agent] Exploration: Random action: BUY
[Portfolio] Logged Trade: BUY 1.10275378 CRM @ 216.72. New Cash: 4540.81, New Coins: 20.87830481
[Agent] Received reward: 0.00000000
[NeuralNetworkInterface] Received reward signal: 0.00000000
[Agent] Making decision using full OHLCV data
[Agent] Price data: O=213.07295227 H=217.94030578 L=211.54632082 C=217.80152248 V=4951200.00000000
[Agent_Features] Generated 18 features for the latest tick.
[Agent] Exploration: Random action: SELL
[Portfolio] Logged Trade: SELL 1.04391524 CRM @ 217.80. New Cash: 4768.17, New Coins: 19.83438957
[Agent] Received reward: 0.00000000
[NeuralNetworkInterface] Received reward signal: 0.00000000
[Agent] Making decision using full OHLCV data
[Agent] Price data: O=210.47569275 H=214.90685024 L=209.95028267 C=212.63674895 V=7141300.00000000
[Agent_Features] Generated 18 features for the latest tick.
[Agent] Exploration: Random action: HOLD
[Agent] Received reward: 0.00000000
[NeuralNetworkInterface] Received reward signal: 0.00000000
[Agent] Making decision using full OHLCV data
[Agent] Price data: O=210.40629578 H=212.17083264 L=208.21548623 C=210.63429365 V=6007900.00000000
[Agent_Features] Generated 18 features for the latest tick.
[Agent] Exploration: Random action: SELL
[Portfolio] Logged Trade: SELL 0.99171948 CRM @ 210.63. New Cash: 4977.06, New Coins: 18.84267009
[Agent] Received reward: 0.00000000
[NeuralNetworkInterface] Received reward signal: 0.00000000
[Agent] Making decision using full OHLCV data
[Agent] Price data: O=216.94898987 H=219.08030808 L=212.24025021 C=212.76564522 V=7843600.00000000
[Agent_Features] Generated 18 features for the latest tick.
[Agent] Exploration: Random action: HOLD
[Agent] Received reward: 0.00000000
[NeuralNetworkInterface] Received reward signal: 0.00000000
[Agent] Making decision using full OHLCV data
[Agent] Price data: O=208.31460571 H=216.37398882 L=206.85737375 C=216.10632996 V=7304600.00000000
[Agent_Features] Generated 18 features for the latest tick.
[Agent] Exploration: Random action: SELL
[Portfolio] Logged Trade: SELL 0.94213350 CRM @ 216.11. New Cash: 5180.67, New Coins: 17.90053658
[Agent] Received reward: 0.00000000
[NeuralNetworkInterface] Received reward signal: 0.00000000
[Agent] Making decision using full OHLCV data
[Agent] Price data: O=199.07557678 H=203.68517833 L=196.35937245 C=203.42744228 V=7171300.00000000
[Agent_Features] Generated 18 features for the latest tick.
[Agent] Exploration: Random action: BUY
[Portfolio] Logged Trade: BUY 1.27334470 CRM @ 203.43. New Cash: 4921.63, New Coins: 19.17388128
[Agent] Received reward: 0.00000000
[NeuralNetworkInterface] Received reward signal: 0.00000000
[Agent] Making decision using full OHLCV data
[Agent] Price data: O=198.42132568 H=200.95908598 L=196.46843676 C=197.39035111 V=5246000.00000000
[Agent_Features] Generated 18 features for the latest tick.
[Agent] Exploration: Random action: HOLD
[Agent] Received reward: 0.00000000
[NeuralNetworkInterface] Received reward signal: 0.00000000
[Agent] Making decision using full OHLCV data
[Agent] Price data: O=195.45729065 H=198.40149310 L=194.91206517 C=196.91452278 V=3897700.00000000
[Agent_Features] Generated 18 features for the latest tick.
[Agent] Exploration: Random action: HOLD
[Agent] Received reward: 0.00000000
[NeuralNetworkInterface] Received reward signal: 0.00000000
[Agent] Making decision using full OHLCV data
[Agent] Price data: O=193.75224304 H=195.38791958 L=190.49082790 C=192.52302384 V=5173800.00000000
[Agent_Features] Generated 18 features for the latest tick.
[Agent] Exploration: Random action: SELL
[Portfolio] Logged Trade: SELL 0.95869406 CRM @ 192.52. New Cash: 5106.20, New Coins: 18.21518722
[Agent] Received reward: 0.00000000
[NeuralNetworkInterface] Received reward signal: 0.00000000
[Agent] Making decision using full OHLCV data
[Agent] Price data: O=193.11781311 H=199.37299993 L=192.88981520 C=198.01490505 V=4832200.00000000
[Agent_Features] Generated 18 features for the latest tick.
[Agent] Exploration: Random action: SELL
[Portfolio] Logged Trade: SELL 0.91075936 CRM @ 198.01. New Cash: 5286.55, New Coins: 17.30442786
[Agent] Received reward: 0.00000000
[NeuralNetworkInterface] Received reward signal: 0.00000000
[Agent] Making decision using full OHLCV data
[Agent] Price data: O=194.01989746 H=195.38791506 L=187.67549652 C=190.32230200 V=8733000.00000000
[Agent_Features] Generated 18 features for the latest tick.
[Agent] Exploration: Random action: BUY
[Portfolio] Logged Trade: BUY 1.38884051 CRM @ 190.32. New Cash: 5022.22, New Coins: 18.69326837
[Agent] Received reward: 0.00000000
[NeuralNetworkInterface] Received reward signal: 0.00000000
[Agent] Making decision using full OHLCV data
[Agent] Price data: O=187.76470947 H=194.74355044 L=187.57635747 C=194.61468996 V=5126700.00000000
[Agent_Features] Generated 18 features for the latest tick.
[Agent] Exploration: Random action: HOLD
[Agent] Received reward: 0.00000000
[NeuralNetworkInterface] Received reward signal: 0.00000000
[Agent] Making decision using full OHLCV data
[Agent] Price data: O=185.38555908 H=187.70524450 L=183.91841912 C=186.66436215 V=4899500.00000000
[Agent_Features] Generated 18 features for the latest tick.
[Agent] Exploration: Random action: HOLD
[Agent] Received reward: 0.00000000
[NeuralNetworkInterface] Received reward signal: 0.00000000
[Agent] Making decision using full OHLCV data
[Agent] Price data: O=189.72752380 H=190.53048546 L=183.90851737 C=185.61357810 V=6120400.00000000
[Agent_Features] Generated 18 features for the latest tick.
[Agent] Exploration: Random action: BUY
[Portfolio] Logged Trade: BUY 1.35286955 CRM @ 185.61. New Cash: 4771.11, New Coins: 20.04613792
[Agent] Received reward: 0.00000000
[NeuralNetworkInterface] Received reward signal: 0.00000000
[Agent] Making decision using full OHLCV data
[Agent] Price data: O=184.61231995 H=191.62091407 L=184.46362896 C=191.21447188 V=6015400.00000000
[Agent_Features] Generated 18 features for the latest tick.
[Agent] Exploration: Random action: HOLD
[Agent] Received reward: 0.00000000
[NeuralNetworkInterface] Received reward signal: 0.00000000
[Agent] Making decision using full OHLCV data
[Agent] Price data: O=175.69049072 H=188.51809008 L=175.20475678 C=187.14016489 V=9119500.00000000
[Agent_Features] Generated 18 features for the latest tick.
[Agent] Exploration: Random action: HOLD
[Agent] Received reward: 0.00000000
[NeuralNetworkInterface] Received reward signal: 0.00000000
[Agent] Making decision using full OHLCV data
[Agent] Price data: O=169.94088745 H=177.49470756 L=169.61376727 C=176.15642811 V=8843900.00000000
[Agent_Features] Generated 18 features for the latest tick.
[Agent] Exploration: Random action: SELL
[Portfolio] Logged Trade: SELL 1.00230690 CRM @ 176.16. New Cash: 4947.67, New Coins: 19.04383102
[Agent] Received reward: 0.00000000
[NeuralNetworkInterface] Received reward signal: 0.00000000
[Agent] Making decision using full OHLCV data
[Agent] Price data: O=173.05361938 H=173.24195626 L=167.75999336 C=168.21600426 V=7988900.00000000
[Agent_Features] Generated 18 features for the latest tick.
[Agent] Exploration: Random action: BUY
[Portfolio] Logged Trade: BUY 1.47063028 CRM @ 168.22. New Cash: 4700.29, New Coins: 20.51446130
[Agent] Received reward: 0.00000000
[NeuralNetworkInterface] Received reward signal: 0.00000000
[Agent] Making decision using full OHLCV data
[Agent] Price data: O=168.60261536 H=172.21099618 L=166.09459321 C=171.12054519 V=8073300.00000000
[Agent_Features] Generated 18 features for the latest tick.
[Agent] Exploration: Random action: BUY
[Portfolio] Logged Trade: BUY 1.37338489 CRM @ 171.12. New Cash: 4465.27, New Coins: 21.88784619
[Agent] Received reward: 0.00000000
[NeuralNetworkInterface] Received reward signal: 0.00000000
[Agent] Making decision using full OHLCV data
[Agent] Price data: O=173.16265869 H=175.69051149 L=169.14785057 C=169.51463177 V=9644600.00000000
[Agent_Features] Generated 18 features for the latest tick.
[Agent] Exploration: Random action: SELL
[Portfolio] Logged Trade: SELL 1.09439231 CRM @ 169.51. New Cash: 4650.79, New Coins: 20.79345388
[Agent] Received reward: 0.00000000
[NeuralNetworkInterface] Received reward signal: 0.00000000
[Agent] Making decision using full OHLCV data
[Agent] Price data: O=184.12660217 H=185.30625271 L=177.42531224 C=179.83421227 V=10614800.00000000
[Agent_Features] Generated 18 features for the latest tick.
[Agent] Exploration: Random action: SELL
[Portfolio] Logged Trade: SELL 1.03967269 CRM @ 179.83. New Cash: 4837.76, New Coins: 19.75378119
[Agent] Received reward: 0.00000000
[NeuralNetworkInterface] Received reward signal: 0.00000000
[Agent] Making decision using full OHLCV data
[Agent] Price data: O=174.41171265 H=183.74988470 L=173.77727256 C=180.98412648 V=7110800.00000000
[Agent_Features] Generated 18 features for the latest tick.
[Agent] Exploration: Random action: BUY
[Portfolio] Logged Trade: BUY 1.33651425 CRM @ 180.98. New Cash: 4595.87, New Coins: 21.09029544
[Agent] Received reward: 0.00000000
[NeuralNetworkInterface] Received reward signal: 0.00000000
[Agent] Making decision using full OHLCV data
[Agent] Price data: O=176.02755737 H=176.23572475 L=171.61619990 C=173.56908884 V=6278400.00000000
[Agent_Features] Generated 18 features for the latest tick.
[Agent] Exploration: Random action: BUY
[Portfolio] Logged Trade: BUY 1.32393085 CRM @ 173.57. New Cash: 4366.08, New Coins: 22.41422630
[Agent] Received reward: 0.00000000
[NeuralNetworkInterface] Received reward signal: 0.00000000
[Agent] Making decision using full OHLCV data
[Agent] Price data: O=176.81069946 H=178.82306492 L=174.60007431 C=175.41294362 V=5047700.00000000
[Agent_Features] Generated 18 features for the latest tick.
[Agent] Exploration: Random action: HOLD
[Agent] Received reward: 0.00000000
[NeuralNetworkInterface] Received reward signal: 0.00000000
[Agent] Making decision using full OHLCV data
[Agent] Price data: O=183.86882019 H=184.36447693 L=173.22212309 C=178.14895230 V=7563100.00000000
[Agent_Features] Generated 18 features for the latest tick.
[Agent] Exploration: Random action: SELL
[Portfolio] Logged Trade: SELL 1.12071131 CRM @ 178.15. New Cash: 4565.73, New Coins: 21.29351498
[Agent] Received reward: 0.00000000
[NeuralNetworkInterface] Received reward signal: 0.00000000
[Agent] Making decision using full OHLCV data
[Agent] Price data: O=170.80332947 H=180.65698868 L=168.34487607 C=178.92218995 V=8379400.00000000
[Agent_Features] Generated 18 features for the latest tick.
[Agent] Exploration: Random action: SELL
[Portfolio] Logged Trade: SELL 1.06467575 CRM @ 178.92. New Cash: 4756.22, New Coins: 20.22883923
[Agent] Received reward: 0.00000000
[NeuralNetworkInterface] Received reward signal: 0.00000000
[Agent] Making decision using full OHLCV data
[Agent] Price data: O=168.22590637 H=170.93218813 L=164.14169939 C=168.01773900 V=7232700.00000000
[Agent_Features] Generated 18 features for the latest tick.
[Agent] Exploration: Random action: SELL
[Portfolio] Logged Trade: SELL 1.01144196 CRM @ 168.02. New Cash: 4926.16, New Coins: 19.21739727
[Agent] Received reward: 0.00000000
[NeuralNetworkInterface] Received reward signal: 0.00000000
[Agent] Making decision using full OHLCV data
[Agent] Price data: O=162.17890930 H=168.81078451 L=160.72167712 C=165.27180286 V=9997800.00000000
[Agent_Features] Generated 18 features for the latest tick.
[Agent] Exploration: Random action: BUY
[Portfolio] Logged Trade: BUY 1.49032192 CRM @ 165.27. New Cash: 4679.86, New Coins: 20.70771919
[Agent] Received reward: 0.00000000
[NeuralNetworkInterface] Received reward signal: 0.00000000
[Agent] Making decision using full OHLCV data
[Agent] Price data: O=165.69805908 H=169.77235851 L=161.86168036 C=165.96571798 V=8598700.00000000
[Agent_Features] Generated 18 features for the latest tick.
[Agent] Exploration: Random action: BUY
[Portfolio] Logged Trade: BUY 1.40988623 CRM @ 165.97. New Cash: 4445.86, New Coins: 22.11760543
[Agent] Received reward: 0.00000000
[NeuralNetworkInterface] Received reward signal: 0.00000000
[Agent] Making decision using full OHLCV data
[Agent] Price data: O=159.86915588 H=168.50348927 L=159.43297546 C=164.06240837 V=7220100.00000000
[Agent_Features] Generated 18 features for the latest tick.
[Agent] Exploration: Random action: HOLD
[Agent] Received reward: 0.00000000
[NeuralNetworkInterface] Received reward signal: 0.00000000
[Agent] Making decision using full OHLCV data
[Agent] Price data: O=159.02650452 H=165.40065797 L=153.29671389 C=155.56681507 V=10187500.00000000
[Agent_Features] Generated 18 features for the latest tick.
[Agent] Exploration: Random action: HOLD
[Agent] Received reward: 0.00000000
[NeuralNetworkInterface] Received reward signal: 0.00000000
[Agent] Making decision using full OHLCV data
[Agent] Price data: O=165.46014404 H=167.21475809 L=160.60269870 C=162.12932999 V=6499700.00000000
[Agent_Features] Generated 18 features for the latest tick.
[Agent] Exploration: Random action: BUY
[Portfolio] Logged Trade: BUY 1.37108531 CRM @ 162.13. New Cash: 4223.57, New Coins: 23.48869073
[Agent] Received reward: 0.00000000
[NeuralNetworkInterface] Received reward signal: 0.00000000
[Agent] Making decision using full OHLCV data
[Agent] Price data: O=162.69438171 H=164.66710121 L=160.47384895 C=163.30900643 V=5065800.00000000
[Agent_Features] Generated 18 features for the latest tick.
[Agent] Exploration: Random action: HOLD
[Agent] Received reward: 0.00000000
[NeuralNetworkInterface] Received reward signal: 0.00000000
[Agent] Making decision using full OHLCV data
[Agent] Price data: O=162.30776978 H=167.63113404 L=156.89520605 C=165.87650475 V=7317700.00000000
[Agent_Features] Generated 18 features for the latest tick.
[Agent] Exploration: Random action: HOLD
[Agent] Received reward: 0.00000000
[NeuralNetworkInterface] Received reward signal: 0.00000000
[Agent] Making decision using full OHLCV data
[Agent] Price data: O=155.96336365 H=163.09091054 L=154.83326680 C=161.40568052 V=7454400.00000000
[Agent_Features] Generated 18 features for the latest tick.
[Agent] Exploration: Random action: SELL
[Portfolio] Logged Trade: SELL 1.17443454 CRM @ 161.41. New Cash: 4413.13, New Coins: 22.31425620
[Agent] Received reward: 0.00000000
[NeuralNetworkInterface] Received reward signal: 0.00000000
[Agent] Making decision using full OHLCV data
[Agent] Price data: O=154.24839783 H=157.86668631 L=153.38594473 C=153.88160152 V=8382200.00000000
[Agent_Features] Generated 18 features for the latest tick.
[Agent] Exploration: Random action: SELL
[Portfolio] Logged Trade: SELL 1.11571281 CRM @ 153.88. New Cash: 4584.82, New Coins: 21.19854339
[Agent] Received reward: 0.00000000
[NeuralNetworkInterface] Received reward signal: 0.00000000
[Agent] Making decision using full OHLCV data
[Agent] Price data: O=158.26319885 H=159.33381928 L=153.20750893 C=157.36111504 V=9068700.00000000
[Agent_Features] Generated 18 features for the latest tick.
[Agent] Exploration: Random action: SELL
[Portfolio] Logged Trade: SELL 1.05992717 CRM @ 157.36. New Cash: 4751.61, New Coins: 20.13861622
[Agent] Received reward: 0.00000000
[NeuralNetworkInterface] Received reward signal: 0.00000000
[Agent] Making decision using full OHLCV data
[Agent] Price data: O=158.92739868 H=159.33382575 L=154.55570221 C=158.45155728 V=6148800.00000000
[Agent_Features] Generated 18 features for the latest tick.
[Agent] Exploration: Random action: BUY
[Portfolio] Logged Trade: BUY 1.49938858 CRM @ 158.45. New Cash: 4514.03, New Coins: 21.63800479
[Agent] Received reward: 0.00000000
[NeuralNetworkInterface] Received reward signal: 0.00000000
[Agent] Making decision using full OHLCV data
[Agent] Price data: O=155.56683350 H=157.01415798 L=153.20751745 C=156.39954840 V=6928400.00000000
[Agent_Features] Generated 18 features for the latest tick.
[Agent] Exploration: Random action: HOLD
[Agent] Received reward: 0.00000000
[NeuralNetworkInterface] Received reward signal: 0.00000000
[Agent] Making decision using full OHLCV data
[Agent] Price data: O=158.26319885 H=160.48374660 L=153.97082458 C=153.97082458 V=7436800.00000000
[Agent_Features] Generated 18 features for the latest tick.
[Agent] Exploration: Random action: BUY
[Portfolio] Logged Trade: BUY 1.46587143 CRM @ 153.97. New Cash: 4288.33, New Coins: 23.10387622
[Agent] Received reward: 0.00000000
[NeuralNetworkInterface] Received reward signal: 0.00000000
[Agent] Making decision using full OHLCV data
[Agent] Price data: O=161.04879761 H=162.26810898 L=156.20127521 C=158.30285498 V=6697700.00000000
[Agent_Features] Generated 18 features for the latest tick.
[Agent] Exploration: Random action: HOLD
[Agent] Received reward: 0.00000000
[NeuralNetworkInterface] Received reward signal: 0.00000000
[Agent] Making decision using full OHLCV data
[Agent] Price data: O=163.66587830 H=163.79473878 L=158.85800138 C=159.27435127 V=7883600.00000000
[Agent_Features] Generated 18 features for the latest tick.
[Agent] Exploration: Random action: HOLD
[Agent] Received reward: 0.00000000
[NeuralNetworkInterface] Received reward signal: 0.00000000
[Agent] Making decision using full OHLCV data
[Agent] Price data: O=158.84809875 H=165.82693993 L=157.96583024 C=165.50972744 V=18114600.00000000
[Agent_Features] Generated 18 features for the latest tick.
[Agent] Exploration: Random action: BUY
[Portfolio] Logged Trade: BUY 1.29549099 CRM @ 165.51. New Cash: 4073.91, New Coins: 24.39936721
[Agent] Received reward: 0.00000000
[NeuralNetworkInterface] Received reward signal: 0.00000000
[Agent] Making decision using full OHLCV data
[Agent] Price data: O=174.54058838 H=182.81804765 L=172.85534320 C=176.46372401 V=37037400.00000000
[Agent_Features] Generated 18 features for the latest tick.
[Agent] Exploration: Random action: SELL
[Portfolio] Logged Trade: SELL 1.21996836 CRM @ 176.46. New Cash: 4289.19, New Coins: 23.17939885
[Agent] Received reward: 0.00000000
[NeuralNetworkInterface] Received reward signal: 0.00000000
[Agent] Making decision using full OHLCV data
[Agent] Price data: O=186.76347351 H=188.47845691 L=173.18248041 C=173.47987751 V=19231200.00000000
[Agent_Features] Generated 18 features for the latest tick.
[Agent] Exploration: Random action: SELL
[Portfolio] Logged Trade: SELL 1.15896994 CRM @ 173.48. New Cash: 4490.25, New Coins: 22.02042891
[Agent] Received reward: 0.00000000
[NeuralNetworkInterface] Received reward signal: 0.00000000
[Agent] Making decision using full OHLCV data
[Agent] Price data: O=183.30380249 H=187.99271161 L=182.20344378 C=183.39301708 V=9224000.00000000
[Agent_Features] Generated 18 features for the latest tick.
[Agent] Exploration: Random action: SELL
[Portfolio] Logged Trade: SELL 1.10102145 CRM @ 183.39. New Cash: 4692.17, New Coins: 20.91940746
[Agent] Received reward: 0.00000000
[NeuralNetworkInterface] Received reward signal: 0.00000000
[Agent] Making decision using full OHLCV data
[Agent] Price data: O=181.28152466 H=188.76594584 L=180.12168949 C=187.28888303 V=5811700.00000000
[Agent_Features] Generated 18 features for the latest tick.
[Agent] Exploration: Random action: BUY
[Portfolio] Logged Trade: BUY 1.25265540 CRM @ 187.29. New Cash: 4457.56, New Coins: 22.17206286
[Agent] Received reward: 0.00000000
[NeuralNetworkInterface] Received reward signal: 0.00000000
[Agent] Making decision using full OHLCV data
[Agent] Price data: O=185.52433777 H=186.96175462 L=180.13160439 C=180.13160439 V=6331100.00000000
[Agent_Features] Generated 18 features for the latest tick.
[Agent] Exploration: Random action: HOLD
[Agent] Received reward: 0.00000000
[NeuralNetworkInterface] Received reward signal: 0.00000000
[Agent] Making decision using full OHLCV data
[Agent] Price data: O=187.54663086 H=188.90472571 L=183.77963598 C=185.37565156 V=6226200.00000000
[Agent_Features] Generated 18 features for the latest tick.
[Agent] Exploration: Random action: HOLD
[Agent] Received reward: 0.00000000
[NeuralNetworkInterface] Received reward signal: 0.00000000
[Agent] Making decision using full OHLCV data
[Agent] Price data: O=185.48468018 H=191.00628882 L=184.98902340 C=186.89234361 V=8467700.00000000
[Agent_Features] Generated 18 features for the latest tick.
[Agent] Exploration: Random action: HOLD
[Agent] Received reward: 0.00000000
[NeuralNetworkInterface] Received reward signal: 0.00000000
[Agent] Making decision using full OHLCV data
[Agent] Price data: O=176.89988708 H=182.35211121 L=175.66074524 C=182.03489877 V=7855800.00000000
[Agent_Features] Generated 18 features for the latest tick.
[Agent] Exploration: Random action: HOLD
[Agent] Received reward: 0.00000000
[NeuralNetworkInterface] Received reward signal: 0.00000000
[Agent] Making decision using full OHLCV data
[Agent] Price data: O=164.58779907 H=171.18002859 L=163.62622365 C=169.06854087 V=10726200.00000000
[Agent_Features] Generated 18 features for the latest tick.
[Agent] Exploration: Random action: BUY
[Portfolio] Logged Trade: BUY 1.31827014 CRM @ 169.07. New Cash: 4234.68, New Coins: 23.49033301
[Agent] Received reward: 0.00000000
[NeuralNetworkInterface] Received reward signal: 0.00000000
[Agent] Making decision using full OHLCV data
[Agent] Price data: O=163.02149963 H=168.15651135 L=160.74147559 C=167.26432014 V=8576200.00000000
[Agent_Features] Generated 18 features for the latest tick.
[Agent] Exploration: Random action: SELL
[Portfolio] Logged Trade: SELL 1.17451665 CRM @ 167.26. New Cash: 4431.14, New Coins: 22.31581636
[Agent] Received reward: -0.00000000
[NeuralNetworkInterface] Received reward signal: -0.00000000
[Agent] Making decision using full OHLCV data
[Agent] Price data: O=167.08589172 H=170.01026349 L=163.24949823 C=165.28169391 V=7740700.00000000
[Agent_Features] Generated 18 features for the latest tick.
[Agent] Exploration: Random action: SELL
[Portfolio] Logged Trade: SELL 1.11579082 CRM @ 165.28. New Cash: 4615.56, New Coins: 21.20002554
[Agent] Received reward: 0.00000000
[NeuralNetworkInterface] Received reward signal: 0.00000000
[Agent] Making decision using full OHLCV data
[Agent] Price data: O=158.46148682 H=165.45023568 L=157.24216018 C=162.30777334 V=8090900.00000000
[Agent_Features] Generated 18 features for the latest tick.
[Agent] Exploration: Random action: SELL
[Portfolio] Logged Trade: SELL 1.06000128 CRM @ 162.31. New Cash: 4787.60, New Coins: 20.14002426
[Agent] Received reward: 0.00000000
[NeuralNetworkInterface] Received reward signal: 0.00000000
[Agent] Making decision using full OHLCV data
[Agent] Price data: O=161.84184265 H=164.78604507 L=156.79606038 C=157.18267205 V=13074600.00000000
[Agent_Features] Generated 18 features for the latest tick.
[Agent] Exploration: Random action: BUY
[Portfolio] Logged Trade: BUY 1.52294241 CRM @ 157.18. New Cash: 4548.22, New Coins: 21.66296667
[Agent] Received reward: 0.00000000
[NeuralNetworkInterface] Received reward signal: 0.00000000
[Agent] Making decision using full OHLCV data
[Agent] Price data: O=165.38084412 H=167.87895854 L=163.46760107 C=163.61630718 V=6736800.00000000
[Agent_Features] Generated 18 features for the latest tick.
[Agent] Exploration: Random action: SELL
[Portfolio] Logged Trade: SELL 1.08314833 CRM @ 163.62. New Cash: 4725.44, New Coins: 20.57981834
[Agent] Received reward: 0.00000000
[NeuralNetworkInterface] Received reward signal: 0.00000000
[Agent] Making decision using full OHLCV data
[Agent] Price data: O=165.99545288 H=168.96939357 L=162.78360662 C=163.26934059 V=5864500.00000000
[Agent_Features] Generated 18 features for the latest tick.
[Agent] Exploration: Random action: HOLD
[Agent] Received reward: 0.00000000
[NeuralNetworkInterface] Received reward signal: 0.00000000
[Agent] Making decision using full OHLCV data
[Agent] Price data: O=171.54679871 H=171.88384165 L=165.66830197 C=167.62119072 V=7258000.00000000
[Agent_Features] Generated 18 features for the latest tick.
[Agent] Exploration: Random action: HOLD
[Agent] Received reward: 0.00000000
[NeuralNetworkInterface] Received reward signal: 0.00000000
[Agent] Making decision using full OHLCV data
[Agent] Price data: O=184.30500793 H=184.79075701 L=175.01640509 C=176.17624009 V=12107100.00000000
[Agent_Features] Generated 18 features for the latest tick.
[Agent] Exploration: Random action: BUY
[Portfolio] Logged Trade: BUY 1.34111266 CRM @ 176.18. New Cash: 4489.17, New Coins: 21.92093100
[Agent] Received reward: 0.00000000
[NeuralNetworkInterface] Received reward signal: 0.00000000
[Agent] Making decision using full OHLCV data
[Agent] Price data: O=179.73506165 H=184.95928841 L=178.90236187 C=184.49336982 V=6170600.00000000
[Agent_Features] Generated 18 features for the latest tick.
[Agent] Exploration: Random action: HOLD
[Agent] Received reward: 0.00000000
[NeuralNetworkInterface] Received reward signal: 0.00000000
[Agent] Making decision using full OHLCV data
[Agent] Price data: O=169.97062683 H=180.74620021 L=169.95079632 C=178.72391211 V=6668600.00000000
[Agent_Features] Generated 18 features for the latest tick.
[Agent] Exploration: Random action: SELL
[Portfolio] Logged Trade: SELL 1.09604655 CRM @ 178.72. New Cash: 4685.06, New Coins: 20.82488445
[Agent] Received reward: 0.00000000
[NeuralNetworkInterface] Received reward signal: 0.00000000
[Agent] Making decision using full OHLCV data
[Agent] Price data: O=169.12800598 H=172.27046813 L=166.60015339 C=171.00158799 V=5430400.00000000
[Agent_Features] Generated 18 features for the latest tick.
[Agent] Exploration: Random action: BUY
[Portfolio] Logged Trade: BUY 1.36988823 CRM @ 171.00. New Cash: 4450.81, New Coins: 22.19477269
[Agent] Received reward: 0.00000000
[NeuralNetworkInterface] Received reward signal: 0.00000000
[Agent] Making decision using full OHLCV data
[Agent] Price data: O=163.60639954 H=166.04503779 L=159.71054412 C=163.61632235 V=9539400.00000000
[Agent_Features] Generated 18 features for the latest tick.
[Agent] Exploration: Random action: HOLD
[Agent] Received reward: 0.00000000
[NeuralNetworkInterface] Received reward signal: 0.00000000
[Agent] Making decision using full OHLCV data
[Agent] Price data: O=166.73892212 H=167.68066689 L=162.62497728 C=163.32880137 V=4561600.00000000
[Agent_Features] Generated 18 features for the latest tick.
[Agent] Exploration: Random action: SELL
[Portfolio] Logged Trade: SELL 1.10973863 CRM @ 163.33. New Cash: 4632.06, New Coins: 21.08503405
[Agent] Received reward: 0.00000000
[NeuralNetworkInterface] Received reward signal: 0.00000000
[Agent] Making decision using full OHLCV data
[Agent] Price data: O=170.70420837 H=170.85291450 L=163.18014136 C=164.65720415 V=4614200.00000000
[Agent_Features] Generated 18 features for the latest tick.
[Agent] Exploration: Random action: SELL
[Portfolio] Logged Trade: SELL 1.05425170 CRM @ 164.66. New Cash: 4805.65, New Coins: 20.03078235
[Agent] Received reward: -0.00000000
[NeuralNetworkInterface] Received reward signal: -0.00000000
[Agent] Making decision using full OHLCV data
[Agent] Price data: O=171.22959900 H=173.53936157 L=169.34610915 C=172.01274524 V=4085100.00000000
[Agent_Features] Generated 18 features for the latest tick.
[Agent] Exploration: Random action: HOLD
[Agent] Received reward: 0.00000000
[NeuralNetworkInterface] Received reward signal: 0.00000000
[Agent] Making decision using full OHLCV data
[Agent] Price data: O=175.10563660 H=175.40303371 L=171.66577714 C=172.65709075 V=4000100.00000000
[Agent_Features] Generated 18 features for the latest tick.
[Agent] Exploration: Random action: HOLD
[Agent] Received reward: 0.00000000
[NeuralNetworkInterface] Received reward signal: 0.00000000
[Agent] Making decision using full OHLCV data
[Agent] Price data: O=173.97554016 H=175.07589888 L=171.33864230 C=172.53813844 V=2869200.00000000
[Agent_Features] Generated 18 features for the latest tick.
[Agent] Exploration: Random action: BUY
[Portfolio] Logged Trade: BUY 1.39263431 CRM @ 172.54. New Cash: 4565.37, New Coins: 21.42341666
[Agent] Received reward: 0.00000000
[NeuralNetworkInterface] Received reward signal: 0.00000000
[Agent] Making decision using full OHLCV data
[Agent] Price data: O=172.84542847 H=174.78840965 L=169.77235046 C=172.48855499 V=3689300.00000000
[Agent_Features] Generated 18 features for the latest tick.
[Agent] Exploration: Random action: SELL
[Portfolio] Logged Trade: SELL 1.07117083 CRM @ 172.49. New Cash: 4750.13, New Coins: 20.35224582
[Agent] Received reward: 0.00000000
[NeuralNetworkInterface] Received reward signal: 0.00000000
[Agent] Making decision using full OHLCV data
[Agent] Price data: O=164.88519287 H=171.87395677 L=162.92239618 C=170.71412168 V=7073000.00000000
[Agent_Features] Generated 18 features for the latest tick.
[Agent] Exploration: Random action: BUY
[Portfolio] Logged Trade: BUY 1.39125362 CRM @ 170.71. New Cash: 4512.63, New Coins: 21.74349945
[Agent] Received reward: 0.00000000
[NeuralNetworkInterface] Received reward signal: 0.00000000
[Agent] Making decision using full OHLCV data
[Agent] Price data: O=162.06987000 H=164.39944794 L=159.77001512 C=160.99924946 V=6225900.00000000
[Agent_Features] Generated 18 features for the latest tick.
[Agent] Exploration: Random action: BUY
[Portfolio] Logged Trade: BUY 1.40144323 CRM @ 161.00. New Cash: 4286.99, New Coins: 23.14494267
[Agent] Received reward: 0.00000000
[NeuralNetworkInterface] Received reward signal: 0.00000000
[Agent] Making decision using full OHLCV data
[Agent] Price data: O=159.64114380 H=160.30533726 L=156.28059112 C=159.63123611 V=6096100.00000000
[Agent_Features] Generated 18 features for the latest tick.
[Agent] Exploration: Random action: SELL
[Portfolio] Logged Trade: SELL 1.15724713 CRM @ 159.63. New Cash: 4471.73, New Coins: 21.98769554
[Agent] Received reward: 0.00000000
[NeuralNetworkInterface] Received reward signal: 0.00000000
[Agent] Making decision using full OHLCV data
[Agent] Price data: O=165.92605591 H=166.15405377 L=160.81087470 C=162.28793723 V=6037700.00000000
[Agent_Features] Generated 18 features for the latest tick.
[Agent] Exploration: Random action: BUY
[Portfolio] Logged Trade: BUY 1.37771412 CRM @ 162.29. New Cash: 4248.14, New Coins: 23.36540966
[Agent] Received reward: 0.00000000
[NeuralNetworkInterface] Received reward signal: 0.00000000
[Agent] Making decision using full OHLCV data
[Agent] Price data: O=166.43164062 H=171.14038025 L=165.65841722 C=167.48243063 V=3818200.00000000
[Agent_Features] Generated 18 features for the latest tick.
[Agent] Exploration: Random action: SELL
[Portfolio] Logged Trade: SELL 1.16827048 CRM @ 167.48. New Cash: 4443.81, New Coins: 22.19713917
[Agent] Received reward: 0.00000000
[NeuralNetworkInterface] Received reward signal: 0.00000000
[Agent] Making decision using full OHLCV data
[Agent] Price data: O=172.30021667 H=172.58770609 L=166.35233500 C=169.43532094 V=4373400.00000000
[Agent_Features] Generated 18 features for the latest tick.
[Agent] Exploration: Random action: BUY
[Portfolio] Logged Trade: BUY 1.31135764 CRM @ 169.44. New Cash: 4221.62, New Coins: 23.50849681
[Agent] Received reward: 0.00000000
[NeuralNetworkInterface] Received reward signal: 0.00000000
[Agent] Making decision using full OHLCV data
[Agent] Price data: O=180.86515808 H=181.90604036 L=174.08457688 C=174.57032598 V=5654000.00000000
[Agent_Features] Generated 18 features for the latest tick.
[Agent] Exploration: Random action: BUY
[Portfolio] Logged Trade: BUY 1.20914471 CRM @ 174.57. New Cash: 4010.53, New Coins: 24.71764153
[Agent] Received reward: 0.00000000
[NeuralNetworkInterface] Received reward signal: 0.00000000
[Agent] Making decision using full OHLCV data
[Agent] Price data: O=183.73997498 H=183.91840416 L=178.34722677 C=179.09071194 V=3886000.00000000
[Agent_Features] Generated 18 features for the latest tick.
[Agent] Exploration: Random action: BUY
[Portfolio] Logged Trade: BUY 1.11969373 CRM @ 179.09. New Cash: 3810.01, New Coins: 25.83733526
[Agent] Received reward: 0.00000000
[NeuralNetworkInterface] Received reward signal: 0.00000000
[Agent] Making decision using full OHLCV data
[Agent] Price data: O=180.88499451 H=185.93077712 L=179.35836309 C=183.46241593 V=3804700.00000000
[Agent_Features] Generated 18 features for the latest tick.
[Agent] Exploration: Random action: HOLD
[Agent] Received reward: 0.00000000
[NeuralNetworkInterface] Received reward signal: 0.00000000
[Agent] Making decision using full OHLCV data
[Agent] Price data: O=175.74995422 H=180.40913952 L=173.55915998 C=180.25052574 V=4407900.00000000
[Agent_Features] Generated 18 features for the latest tick.
[Agent] Exploration: Random action: SELL
[Portfolio] Logged Trade: SELL 1.29186676 CRM @ 180.25. New Cash: 4042.87, New Coins: 24.54546849
[Agent] Received reward: 0.00000000
[NeuralNetworkInterface] Received reward signal: 0.00000000
[Agent] Making decision using full OHLCV data
[Agent] Price data: O=168.97930908 H=175.59136844 L=168.28537752 C=175.57153793 V=3886500.00000000
[Agent_Features] Generated 18 features for the latest tick.
[Agent] Exploration: Random action: HOLD
[Agent] Received reward: 0.00000000
[NeuralNetworkInterface] Received reward signal: 0.00000000
[Agent] Making decision using full OHLCV data
[Agent] Price data: O=178.73382568 H=180.64705346 L=172.83551343 C=173.34107787 V=4960900.00000000
[Agent_Features] Generated 18 features for the latest tick.
[Agent] Exploration: Random action: HOLD
[Agent] Received reward: 0.00000000
[NeuralNetworkInterface] Received reward signal: 0.00000000
[Agent] Making decision using full OHLCV data
[Agent] Price data: O=179.71522522 H=180.30011170 L=174.40178403 C=176.86025251 V=4562100.00000000
[Agent_Features] Generated 18 features for the latest tick.
[Agent] Exploration: Random action: SELL
[Portfolio] Logged Trade: SELL 1.22727342 CRM @ 176.86. New Cash: 4259.92, New Coins: 23.31819507
[Agent] Received reward: -0.00000000
[NeuralNetworkInterface] Received reward signal: -0.00000000
[Agent] Making decision using full OHLCV data
[Agent] Price data: O=182.42152405 H=182.81804342 L=178.65452953 C=180.24063726 V=4751400.00000000
[Agent_Features] Generated 18 features for the latest tick.
[Agent] Exploration: Random action: BUY
[Portfolio] Logged Trade: BUY 1.18173233 CRM @ 180.24. New Cash: 4046.93, New Coins: 24.49992740
[Agent] Received reward: 0.00000000
[NeuralNetworkInterface] Received reward signal: 0.00000000
[Agent] Making decision using full OHLCV data
[Agent] Price data: O=181.39053345 H=183.57142004 L=178.19850288 C=179.72513409 V=3997100.00000000
[Agent_Features] Generated 18 features for the latest tick.
[Agent] Exploration: Random action: HOLD
[Agent] Received reward: 0.00000000
[NeuralNetworkInterface] Received reward signal: 0.00000000
[Agent] Making decision using full OHLCV data
[Agent] Price data: O=182.19351196 H=183.53179132 L=177.87138425 C=179.23940180 V=4317900.00000000
[Agent_Features] Generated 18 features for the latest tick.
[Agent] Exploration: Random action: HOLD
[Agent] Received reward: 0.00000000
[NeuralNetworkInterface] Received reward signal: 0.00000000
[Agent] Making decision using full OHLCV data
[Agent] Price data: O=188.00260925 H=189.02366100 L=183.75978846 C=183.91840226 V=5786300.00000000
[Agent_Features] Generated 18 features for the latest tick.
[Agent] Exploration: Random action: HOLD
[Agent] Received reward: 0.00000000
[NeuralNetworkInterface] Received reward signal: 0.00000000
[Agent] Making decision using full OHLCV data
[Agent] Price data: O=189.60853577 H=189.91584053 L=185.62345130 C=186.92206955 V=3759700.00000000
[Agent_Features] Generated 18 features for the latest tick.
[Agent] Exploration: Random action: BUY
[Portfolio] Logged Trade: BUY 1.08251732 CRM @ 186.92. New Cash: 3844.58, New Coins: 25.58244472
[Agent] Received reward: 0.00000000
[NeuralNetworkInterface] Received reward signal: 0.00000000
[Agent] Making decision using full OHLCV data
[Agent] Price data: O=188.51809692 H=190.13394286 L=184.66188780 C=185.37563477 V=4090300.00000000
[Agent_Features] Generated 18 features for the latest tick.
[Agent] Exploration: Random action: HOLD
[Agent] Received reward: 0.00000000
[NeuralNetworkInterface] Received reward signal: 0.00000000
[Agent] Making decision using full OHLCV data
[Agent] Price data: O=188.10174561 H=192.68160935 L=187.43756734 C=189.43010213 V=3396800.00000000
[Agent_Features] Generated 18 features for the latest tick.
[Agent] Exploration: Random action: SELL
[Portfolio] Logged Trade: SELL 1.27912224 CRM @ 189.43. New Cash: 4086.89, New Coins: 24.30332248
[Agent] Received reward: 0.00000000
[NeuralNetworkInterface] Received reward signal: 0.00000000
[Agent] Making decision using full OHLCV data
[Agent] Price data: O=180.65698242 H=185.50450496 L=178.25800550 C=184.68171292 V=5851700.00000000
[Agent_Features] Generated 18 features for the latest tick.
[Agent] Exploration: Random action: SELL
[Portfolio] Logged Trade: SELL 1.21516612 CRM @ 184.68. New Cash: 4311.30, New Coins: 23.08815636
[Agent] Received reward: 0.00000000
[NeuralNetworkInterface] Received reward signal: 0.00000000
[Agent] Making decision using full OHLCV data
[Agent] Price data: O=186.97166443 H=187.92333217 L=184.59251777 C=186.52557632 V=4179200.00000000
[Agent_Features] Generated 18 features for the latest tick.
[Agent] Exploration: Random action: BUY
[Portfolio] Logged Trade: BUY 1.15568720 CRM @ 186.53. New Cash: 4095.74, New Coins: 24.24384356
[Agent] Received reward: -0.00000000
[NeuralNetworkInterface] Received reward signal: -0.00000000
[Agent] Making decision using full OHLCV data
[Agent] Price data: O=185.10798645 H=190.82787022 L=184.70155937 C=190.46108903 V=4175100.00000000
[Agent_Features] Generated 18 features for the latest tick.
[Agent] Exploration: Random action: SELL
[Portfolio] Logged Trade: SELL 1.21219218 CRM @ 190.46. New Cash: 4326.61, New Coins: 23.03165138
[Agent] Received reward: 0.00000000
[NeuralNetworkInterface] Received reward signal: 0.00000000
[Agent] Making decision using full OHLCV data
[Agent] Price data: O=188.24053955 H=188.36941516 L=183.89858113 C=185.00886265 V=3846200.00000000
[Agent_Features] Generated 18 features for the latest tick.
[Agent] Exploration: Random action: BUY
[Portfolio] Logged Trade: BUY 1.16929929 CRM @ 185.01. New Cash: 4110.28, New Coins: 24.20095067
[Agent] Received reward: 0.00000000
[NeuralNetworkInterface] Received reward signal: 0.00000000
[Agent] Making decision using full OHLCV data
[Agent] Price data: O=189.40037537 H=190.44125768 L=187.25913434 C=187.40784046 V=2768500.00000000
[Agent_Features] Generated 18 features for the latest tick.
[Agent] Exploration: Random action: BUY
[Portfolio] Logged Trade: BUY 1.09661471 CRM @ 187.41. New Cash: 3904.77, New Coins: 25.29756538
[Agent] Received reward: 0.00000000
[NeuralNetworkInterface] Received reward signal: 0.00000000
[Agent] Making decision using full OHLCV data
[Agent] Price data: O=187.94313049 H=189.19219523 L=184.74119199 C=187.90348461 V=3835900.00000000
[Agent_Features] Generated 18 features for the latest tick.
[Agent] Exploration: Random action: BUY
[Portfolio] Logged Trade: BUY 1.03903600 CRM @ 187.90. New Cash: 3709.53, New Coins: 26.33660138
[Agent] Received reward: 0.00000000
[NeuralNetworkInterface] Received reward signal: 0.00000000
[Agent] Making decision using full OHLCV data
[Agent] Price data: O=186.32730103 H=187.78451802 L=184.85023839 C=186.08938033 V=3181300.00000000
[Agent_Features] Generated 18 features for the latest tick.
[Agent] Exploration: Random action: BUY
[Portfolio] Logged Trade: BUY 0.99670685 CRM @ 186.09. New Cash: 3524.05, New Coins: 27.33330823
[Agent] Received reward: 0.00000000
[NeuralNetworkInterface] Received reward signal: 0.00000000
[Agent] Making decision using full OHLCV data
[Agent] Price data: O=186.29753113 H=186.93198626 L=184.98900523 C=186.78328017 V=2791600.00000000
[Agent_Features] Generated 18 features for the latest tick.
[Agent] Exploration: Random action: HOLD
[Agent] Received reward: 0.00000000
[NeuralNetworkInterface] Received reward signal: 0.00000000
[Agent] Making decision using full OHLCV data
[Agent] Price data: O=182.17367554 H=183.82916717 L=180.00269668 C=183.61107700 V=4346100.00000000
[Agent_Features] Generated 18 features for the latest tick.
[Agent] Exploration: Random action: SELL
[Portfolio] Logged Trade: SELL 1.36666541 CRM @ 183.61. New Cash: 3774.99, New Coins: 25.96664282
[Agent] Received reward: 0.00000000
[NeuralNetworkInterface] Received reward signal: 0.00000000
[Agent] Making decision using full OHLCV data
[Agent] Price data: O=175.44267273 H=179.02131535 L=174.53066605 C=178.43644397 V=5182900.00000000
[Agent_Features] Generated 18 features for the latest tick.
[Agent] Exploration: Random action: HOLD
[Agent] Received reward: 0.00000000
[NeuralNetworkInterface] Received reward signal: 0.00000000
[Agent] Making decision using full OHLCV data
[Agent] Price data: O=174.47119141 H=176.56286368 L=173.39066323 C=174.35223862 V=5076800.00000000
[Agent_Features] Generated 18 features for the latest tick.
[Agent] Exploration: Random action: HOLD
[Agent] Received reward: 0.00000000
[NeuralNetworkInterface] Received reward signal: 0.00000000
[Agent] Making decision using full OHLCV data
[Agent] Price data: O=178.44636536 H=179.65576922 L=174.53067945 C=175.13538138 V=11438800.00000000
[Agent_Features] Generated 18 features for the latest tick.
[Agent] Exploration: Random action: BUY
[Portfolio] Logged Trade: BUY 1.07773470 CRM @ 175.14. New Cash: 3586.24, New Coins: 27.04437752
[Agent] Received reward: 0.00000000
[NeuralNetworkInterface] Received reward signal: 0.00000000
[Agent] Making decision using full OHLCV data
[Agent] Price data: O=172.39932251 H=172.62732036 L=164.12184931 C=167.11562010 V=24025600.00000000
[Agent_Features] Generated 18 features for the latest tick.
[Agent] Exploration: Random action: BUY
[Portfolio] Logged Trade: BUY 1.07298171 CRM @ 167.12. New Cash: 3406.93, New Coins: 28.11735924
[Agent] Received reward: 0.00000000
[NeuralNetworkInterface] Received reward signal: 0.00000000
[Agent] Making decision using full OHLCV data
[Agent] Price data: O=163.79472351 H=174.76857109 L=163.19994449 C=172.44890116 V=11074700.00000000
[Agent_Features] Generated 18 features for the latest tick.
[Agent] Exploration: Random action: BUY
[Portfolio] Logged Trade: BUY 0.98780800 CRM @ 172.45. New Cash: 3236.58, New Coins: 29.10516724
[Agent] Received reward: 0.00000000
[NeuralNetworkInterface] Received reward signal: 0.00000000
[Agent] Making decision using full OHLCV data
[Agent] Price data: O=158.81834412 H=164.37961351 L=158.65973032 C=162.85298224 V=9329900.00000000
[Agent_Features] Generated 18 features for the latest tick.
[Agent] Exploration: Random action: SELL
[Portfolio] Logged Trade: SELL 1.45525836 CRM @ 162.85. New Cash: 3473.57, New Coins: 27.64990887
[Agent] Received reward: 0.00000000
[NeuralNetworkInterface] Received reward signal: 0.00000000
[Agent] Making decision using full OHLCV data
[Agent] Price data: O=158.28303528 H=162.42673385 L=157.00424743 C=160.73158100 V=8079400.00000000
[Agent_Features] Generated 18 features for the latest tick.
[Agent] Exploration: Random action: HOLD
[Agent] Received reward: 0.00000000
[NeuralNetworkInterface] Received reward signal: 0.00000000
[Agent] Making decision using full OHLCV data
[Agent] Price data: O=154.76385498 H=159.80965207 L=154.61516401 C=158.40197362 V=9166100.00000000
[Agent_Features] Generated 18 features for the latest tick.
[Agent] Exploration: Random action: SELL
[Portfolio] Logged Trade: SELL 1.38249544 CRM @ 158.40. New Cash: 3692.56, New Coins: 26.26741343
[Agent] Received reward: 0.00000000
[NeuralNetworkInterface] Received reward signal: 0.00000000
[Agent] Making decision using full OHLCV data
[Agent] Price data: O=152.19638062 H=153.98074818 L=149.55948273 C=153.52473725 V=9924000.00000000
[Agent_Features] Generated 18 features for the latest tick.
[Agent] Exploration: Random action: HOLD
[Agent] Received reward: 0.00000000
[NeuralNetworkInterface] Received reward signal: 0.00000000
[Agent] Making decision using full OHLCV data
[Agent] Price data: O=152.35498047 H=157.29171767 L=151.63132582 C=155.10092321 V=7315700.00000000
[Agent_Features] Generated 18 features for the latest tick.
[Agent] Exploration: Random action: SELL
[Portfolio] Logged Trade: SELL 1.31337067 CRM @ 155.10. New Cash: 3896.27, New Coins: 24.95404276
[Agent] Received reward: 0.00000000
[NeuralNetworkInterface] Received reward signal: 0.00000000
[Simulation] Simulation run finished. Ticks processed in this run: 212

Simulation Finished in 0.03 seconds.
--------------------
  Final Portfolio  
--------------------
Cash:      $3896.27
Asset:     24.9540 CRM
Total Value: $7766.66
--------------------
[Simulation] Simulation destroyed.
[AutonomousTradingAgent] Agent destroyed
[NeuralNetworkInterface] Destructor called.
[Portfolio] Destroyed for asset: CRM. Final cash: 3896.27, Final assets: 24.95
