Loading data from training_run_20250621_150556/data/PFE_1d_20171204_to_20181204.csv...
Loaded 204 data points.
[Portfolio] Initialized for asset: PFE with initial cash: 10000.00. Initial Portfolio Value: 10000.00
[NeuralNetworkInterface] Constructor called.
[NeuralNetworkInterface] Initializing...
Warning: NN model path is empty. Initializing in a mock state.
[NeuralNetworkInterface] Initialized successfully.
[AutonomousTradingAgent] Agent initialized for PFE without API client (CSV mode).
[Simulation] Initialized with 204 data points.
[Simulation] API client is NULL (offline/CSV mode).

Starting Simulation for PFE...
[Simulation] Starting simulation run...
[Agent] Making decision using full OHLCV data
[Agent] Price data: O=24.45 H=24.55 L=24.01 C=24.11 V=24494749.00
[Agent_Features] Generated 15 features for the latest tick.
[Agent] Exploration: Random action: HOLD
[Agent] Received reward: 0.00
[NeuralNetworkInterface] Received reward signal: 0.00
[Agent] Making decision using full OHLCV data
[Agent] Price data: O=24.81 H=24.82 L=24.37 C=24.57 V=22588379.00
[Agent_Features] Generated 17 features for the latest tick.
[Agent] Exploration: Random action: SELL
[Agent] Received reward: 0.00
[NeuralNetworkInterface] Received reward signal: 0.00
[Agent] Making decision using full OHLCV data
[Agent] Price data: O=25.19 H=25.47 L=24.79 C=24.84 V=27659595.00
[Agent_Features] Generated 17 features for the latest tick.
[Agent] Exploration: Random action: BUY
[Portfolio] Logged Trade: BUY 20.12746432 PFE @ 24.84. New Cash: 9500.00, New Coins: 20.12746432
[Agent] Received reward: 0.00000000
[NeuralNetworkInterface] Received reward signal: 0.00000000
[Agent] Making decision using full OHLCV data
[Agent] Price data: O=25.01535034 H=25.34879722 L=24.92504152 C=25.02229674 V=27202370.00000000
[Agent_Features] Generated 17 features for the latest tick.
[Agent] Exploration: Random action: SELL
[Portfolio] Logged Trade: SELL 1.00637322 PFE @ 25.02. New Cash: 9525.18, New Coins: 19.12109111
[Agent] Received reward: 0.00000000
[NeuralNetworkInterface] Received reward signal: 0.00000000
[Agent] Making decision using full OHLCV data
[Agent] Price data: O=24.84168625 H=25.41826849 L=24.82084424 C=24.98756911 V=25872327.00000000
[Agent_Features] Generated 18 features for the latest tick.
[Agent] Exploration: Random action: BUY
[Portfolio] Logged Trade: BUY 19.05984077 PFE @ 24.99. New Cash: 9048.92, New Coins: 38.18093188
[Agent] Received reward: 0.00000000
[NeuralNetworkInterface] Received reward signal: 0.00000000
[Agent] Making decision using full OHLCV data
[Agent] Price data: O=24.82778168 H=25.11260089 L=24.73747567 C=24.91809048 V=23983454.00000000
[Agent_Features] Generated 18 features for the latest tick.
[Agent] Exploration: Random action: HOLD
[Agent] Received reward: 0.00000000
[NeuralNetworkInterface] Received reward signal: 0.00000000
[Agent] Making decision using full OHLCV data
[Agent] Price data: O=25.18901825 H=25.21680386 L=24.89030622 C=24.95977303 V=17940029.00000000
[Agent_Features] Generated 18 features for the latest tick.
[Agent] Exploration: Random action: HOLD
[Agent] Received reward: 0.00000000
[NeuralNetworkInterface] Received reward signal: 0.00000000
[Agent] Making decision using full OHLCV data
[Agent] Price data: O=25.76560402 H=25.84896364 L=25.15428707 C=25.20986108 V=25407302.00000000
[Agent_Features] Generated 18 features for the latest tick.
[Agent] Exploration: Random action: BUY
[Portfolio] Logged Trade: BUY 17.94718870 PFE @ 25.21. New Cash: 8596.48, New Coins: 56.12812058
[Agent] Received reward: 0.00000000
[NeuralNetworkInterface] Received reward signal: 0.00000000
[Agent] Making decision using full OHLCV data
[Agent] Price data: O=25.56414795 H=25.86980643 L=25.52246674 C=25.75170921 V=23543093.00000000
[Agent_Features] Generated 18 features for the latest tick.
[Agent] Exploration: Random action: HOLD
[Agent] Received reward: 0.00000000
[NeuralNetworkInterface] Received reward signal: 0.00000000
[Agent] Making decision using full OHLCV data
[Agent] Price data: O=25.22375488 H=25.89759228 L=25.22375488 C=25.72392383 V=28360927.00000000
[Agent_Features] Generated 18 features for the latest tick.
[Agent] Exploration: Random action: HOLD
[Agent] Received reward: 0.00000000
[NeuralNetworkInterface] Received reward signal: 0.00000000
[Agent] Making decision using full OHLCV data
[Agent] Price data: O=24.75137711 H=25.19597208 L=24.45266499 C=25.09177044 V=30282896.00000000
[Agent_Features] Generated 18 features for the latest tick.
[Agent] Exploration: Random action: HOLD
[Agent] Received reward: 0.00000000
[NeuralNetworkInterface] Received reward signal: 0.00000000
[Agent] Making decision using full OHLCV data
[Agent] Price data: O=24.97366333 H=25.05702573 L=24.59159173 C=24.69579333 V=22271336.00000000
[Agent_Features] Generated 18 features for the latest tick.
[Agent] Exploration: Random action: BUY
[Portfolio] Logged Trade: BUY 17.40473860 PFE @ 24.70. New Cash: 8166.65, New Coins: 73.53285918
[Agent] Received reward: 0.00000000
[NeuralNetworkInterface] Received reward signal: 0.00000000
[Agent] Making decision using full OHLCV data
[Agent] Price data: O=25.09176636 H=25.20291438 L=24.84862830 C=24.88336311 V=22319609.00000000
[Agent_Features] Generated 18 features for the latest tick.
[Agent] Exploration: Random action: BUY
[Portfolio] Logged Trade: BUY 16.40986527 PFE @ 24.88. New Cash: 7758.32, New Coins: 89.94272445
[Agent] Received reward: 0.00000000
[NeuralNetworkInterface] Received reward signal: 0.00000000
[Agent] Making decision using full OHLCV data
[Agent] Price data: O=24.92504311 H=25.17512758 L=24.83473707 C=25.17512758 V=18003479.00000000
[Agent_Features] Generated 18 features for the latest tick.
[Agent] Exploration: Random action: SELL
[Portfolio] Logged Trade: SELL 4.49713622 PFE @ 25.18. New Cash: 7871.54, New Coins: 85.44558822
[Agent] Received reward: 0.00000000
[NeuralNetworkInterface] Received reward signal: 0.00000000
[Agent] Making decision using full OHLCV data
[Agent] Price data: O=24.95977783 H=25.06397946 L=24.69580055 C=24.73053536 V=23440328.00000000
[Agent_Features] Generated 18 features for the latest tick.
[Agent] Exploration: Random action: SELL
[Portfolio] Logged Trade: SELL 4.27227941 PFE @ 24.73. New Cash: 7977.19, New Coins: 81.17330881
[Agent] Received reward: 0.00000000
[NeuralNetworkInterface] Received reward signal: 0.00000000
[Agent] Making decision using full OHLCV data
[Agent] Price data: O=25.35574341 H=25.35574341 L=24.95977612 C=25.00145733 V=21646630.00000000
[Agent_Features] Generated 18 features for the latest tick.
[Agent] Exploration: Random action: BUY
[Portfolio] Logged Trade: BUY 15.95345366 PFE @ 25.00. New Cash: 7578.33, New Coins: 97.12676247
[Agent] Received reward: 0.00000000
[NeuralNetworkInterface] Received reward signal: 0.00000000
[Agent] Making decision using full OHLCV data
[Agent] Price data: O=25.54330444 H=25.64750607 L=25.37658240 C=25.43215642 V=19300743.00000000
[Agent_Features] Generated 18 features for the latest tick.
[Agent] Exploration: Random action: BUY
[Portfolio] Logged Trade: BUY 14.89911454 PFE @ 25.43. New Cash: 7199.42, New Coins: 112.02587701
[Agent] Received reward: 0.00000000
[NeuralNetworkInterface] Received reward signal: 0.00000000
[Agent] Making decision using full OHLCV data
[Agent] Price data: O=25.43216133 H=25.70308505 L=25.35574810 C=25.64751102 V=26571656.00000000
[Agent_Features] Generated 18 features for the latest tick.
[Agent] Exploration: Random action: BUY
[Portfolio] Logged Trade: BUY 14.03531050 PFE @ 25.65. New Cash: 6839.44, New Coins: 126.06118751
[Agent] Received reward: 0.00000000
[NeuralNetworkInterface] Received reward signal: 0.00000000
[Agent] Making decision using full OHLCV data
[Agent] Price data: O=25.52940941 H=25.67529223 L=25.30711338 C=25.56414421 V=29560695.00000000
[Agent_Features] Generated 18 features for the latest tick.
[Agent] Exploration: Random action: HOLD
[Agent] Received reward: 0.00000000
[NeuralNetworkInterface] Received reward signal: 0.00000000
[Agent] Making decision using full OHLCV data
[Agent] Price data: O=25.25154305 H=25.69613517 L=25.13344861 C=25.59193354 V=23378458.00000000
[Agent_Features] Generated 18 features for the latest tick.
[Agent] Exploration: Random action: SELL
[Portfolio] Logged Trade: SELL 6.30305938 PFE @ 25.59. New Cash: 7000.75, New Coins: 119.75812814
[Agent] Received reward: 0.00000000
[NeuralNetworkInterface] Received reward signal: 0.00000000
[Agent] Making decision using full OHLCV data
[Agent] Price data: O=25.41131592 H=25.57109155 L=25.25154029 C=25.25154029 V=20508310.00000000
[Agent_Features] Generated 18 features for the latest tick.
[Agent] Exploration: Random action: SELL
[Portfolio] Logged Trade: SELL 5.98790641 PFE @ 25.25. New Cash: 7151.96, New Coins: 113.77022173
[Agent] Received reward: 0.00000000
[NeuralNetworkInterface] Received reward signal: 0.00000000
[Agent] Making decision using full OHLCV data
[Agent] Price data: O=25.55025291 H=25.73086775 L=25.43910210 C=25.45299770 V=34125253.00000000
[Agent_Features] Generated 18 features for the latest tick.
[Agent] Exploration: Random action: HOLD
[Agent] Received reward: 0.00000000
[NeuralNetworkInterface] Received reward signal: 0.00000000
[Agent] Making decision using full OHLCV data
[Agent] Price data: O=25.23764610 H=25.56414374 L=25.06397489 C=25.56414374 V=20003761.00000000
[Agent_Features] Generated 18 features for the latest tick.
[Agent] Exploration: Random action: HOLD
[Agent] Received reward: 0.00000000
[NeuralNetworkInterface] Received reward signal: 0.00000000
[Agent] Making decision using full OHLCV data
[Agent] Price data: O=25.23764610 H=25.39047253 L=25.09176329 C=25.26543171 V=20295824.00000000
[Agent_Features] Generated 18 features for the latest tick.
[Agent] Exploration: Random action: HOLD
[Agent] Received reward: 0.00000000
[NeuralNetworkInterface] Received reward signal: 0.00000000
[Agent] Making decision using full OHLCV data
[Agent] Price data: O=25.19597435 H=25.51552571 L=25.14734673 C=25.34880362 V=19071392.00000000
[Agent_Features] Generated 18 features for the latest tick.
[Agent] Exploration: Random action: BUY
[Portfolio] Logged Trade: BUY 14.10708820 PFE @ 25.35. New Cash: 6794.36, New Coins: 127.87730993
[Agent] Received reward: 0.00000000
[NeuralNetworkInterface] Received reward signal: 0.00000000
[Agent] Making decision using full OHLCV data
[Agent] Price data: O=24.73053551 H=25.10566082 L=24.64022668 C=25.02924480 V=22094686.00000000
[Agent_Features] Generated 18 features for the latest tick.
[Agent] Exploration: Random action: BUY
[Portfolio] Logged Trade: BUY 13.57283933 PFE @ 25.03. New Cash: 6454.64, New Coins: 141.45014926
[Agent] Received reward: 0.00000000
[NeuralNetworkInterface] Received reward signal: 0.00000000
[Agent] Making decision using full OHLCV data
[Agent] Price data: O=23.95944214 H=24.66106513 L=23.92470733 C=24.65411873 V=29385731.00000000
[Agent_Features] Generated 18 features for the latest tick.
[Agent] Exploration: Random action: SELL
[Portfolio] Logged Trade: SELL 7.07250746 PFE @ 24.65. New Cash: 6629.01, New Coins: 134.37764180
[Agent] Received reward: 0.00000000
[NeuralNetworkInterface] Received reward signal: 0.00000000
[Agent] Making decision using full OHLCV data
[Agent] Price data: O=24.34151077 H=24.41792678 L=23.84134190 C=24.26509477 V=24926468.00000000
[Agent_Features] Generated 18 features for the latest tick.
[Agent] Exploration: Random action: HOLD
[Agent] Received reward: 0.00000000
[NeuralNetworkInterface] Received reward signal: 0.00000000
[Agent] Making decision using full OHLCV data
[Agent] Price data: O=24.32067108 H=24.70274273 L=24.16089267 C=24.43876550 V=28835227.00000000
[Agent_Features] Generated 18 features for the latest tick.
[Agent] Exploration: Random action: SELL
[Portfolio] Logged Trade: SELL 6.71888209 PFE @ 24.44. New Cash: 6793.21, New Coins: 127.65875971
[Agent] Received reward: 0.00000000
[NeuralNetworkInterface] Received reward signal: 0.00000000
[Agent] Making decision using full OHLCV data
[Agent] Price data: O=24.52213097 H=24.87641426 L=24.39708734 C=24.43876855 V=26349684.00000000
[Agent_Features] Generated 18 features for the latest tick.
[Agent] Exploration: Random action: HOLD
[Agent] Received reward: 0.00000000
[NeuralNetworkInterface] Received reward signal: 0.00000000
[Agent] Making decision using full OHLCV data
[Agent] Price data: O=24.65411949 H=24.77916313 L=24.36235660 C=24.67496149 V=24804731.00000000
[Agent_Features] Generated 18 features for the latest tick.
[Agent] Exploration: Random action: BUY
[Portfolio] Logged Trade: BUY 13.76538737 PFE @ 24.67. New Cash: 6453.55, New Coins: 141.42414708
[Agent] Received reward: 0.00000000
[NeuralNetworkInterface] Received reward signal: 0.00000000
[Agent] Making decision using full OHLCV data
[Agent] Price data: O=24.34846115 H=24.82778810 L=24.14700429 C=24.60549203 V=28323299.00000000
[Agent_Features] Generated 18 features for the latest tick.
[Agent] Exploration: Random action: BUY
[Portfolio] Logged Trade: BUY 13.11403905 PFE @ 24.61. New Cash: 6130.87, New Coins: 154.53818613
[Agent] Received reward: 0.00000000
[NeuralNetworkInterface] Received reward signal: 0.00000000
[Agent] Making decision using full OHLCV data
[Agent] Price data: O=24.78610611 H=24.82778452 L=24.25815162 C=24.39013885 V=21347927.00000000
[Agent_Features] Generated 18 features for the latest tick.
[Agent] Exploration: Random action: SELL
[Portfolio] Logged Trade: SELL 7.72690931 PFE @ 24.39. New Cash: 6319.33, New Coins: 146.81127682
[Agent] Received reward: 0.00000000
[NeuralNetworkInterface] Received reward signal: 0.00000000
[Agent] Making decision using full OHLCV data
[Agent] Price data: O=25.09871483 H=25.16818165 L=24.48045143 C=24.53602545 V=22010682.00000000
[Agent_Features] Generated 18 features for the latest tick.
[Agent] Exploration: Random action: HOLD
[Agent] Received reward: 0.00000000
[NeuralNetworkInterface] Received reward signal: 0.00000000
[Agent] Making decision using full OHLCV data
[Agent] Price data: O=24.82083893 H=25.00840296 L=24.68190530 C=24.77916051 V=25781789.00000000
[Agent_Features] Generated 18 features for the latest tick.
[Agent] Exploration: Random action: HOLD
[Agent] Received reward: 0.00000000
[NeuralNetworkInterface] Received reward signal: 0.00000000
[Agent] Making decision using full OHLCV data
[Agent] Price data: O=24.43182182 H=24.91809514 L=24.23731138 C=24.70274549 V=22288200.00000000
[Agent_Features] Generated 18 features for the latest tick.
[Agent] Exploration: Random action: SELL
[Portfolio] Logged Trade: SELL 7.34056384 PFE @ 24.70. New Cash: 6500.66, New Coins: 139.47071298
[Agent] Received reward: 0.00000000
[NeuralNetworkInterface] Received reward signal: 0.00000000
[Agent] Making decision using full OHLCV data
[Agent] Price data: O=24.63327789 H=24.95977556 L=24.46655586 C=24.52212987 V=20457297.00000000
[Agent_Features] Generated 18 features for the latest tick.
[Agent] Exploration: Random action: HOLD
[Agent] Received reward: 0.00000000
[NeuralNetworkInterface] Received reward signal: 0.00000000
[Agent] Making decision using full OHLCV data
[Agent] Price data: O=24.97366333 H=25.07786493 L=24.81388773 C=25.00839813 V=20667254.00000000
[Agent_Features] Generated 18 features for the latest tick.
[Agent] Exploration: Random action: SELL
[Portfolio] Logged Trade: SELL 6.97353565 PFE @ 25.01. New Cash: 6675.06, New Coins: 132.49717733
[Agent] Received reward: 0.00000000
[NeuralNetworkInterface] Received reward signal: 0.00000000
[Agent] Making decision using full OHLCV data
[Agent] Price data: O=24.86252022 H=25.05703066 L=24.72358379 C=24.82083901 V=13879915.00000000
[Agent_Features] Generated 18 features for the latest tick.
[Agent] Exploration: Random action: SELL
[Portfolio] Logged Trade: SELL 6.62485887 PFE @ 24.82. New Cash: 6839.49, New Coins: 125.87231846
[Agent] Received reward: -0.00000000
[NeuralNetworkInterface] Received reward signal: -0.00000000
[Agent] Making decision using full OHLCV data
[Agent] Price data: O=25.23069954 H=25.35574316 L=24.98756428 C=25.02924270 V=23817976.00000000
[Agent_Features] Generated 18 features for the latest tick.
[Agent] Exploration: Random action: SELL
[Portfolio] Logged Trade: SELL 6.29361592 PFE @ 25.03. New Cash: 6997.02, New Coins: 119.57870254
[Agent] Received reward: 0.00000000
[NeuralNetworkInterface] Received reward signal: 0.00000000
[Agent] Making decision using full OHLCV data
[Agent] Price data: O=25.23069954 H=25.35574316 L=25.09871231 C=25.29322275 V=17774340.00000000
[Agent_Features] Generated 18 features for the latest tick.
[Agent] Exploration: Random action: BUY
[Portfolio] Logged Trade: BUY 13.83180541 PFE @ 25.29. New Cash: 6647.17, New Coins: 133.41050795
[Agent] Received reward: 0.00000000
[NeuralNetworkInterface] Received reward signal: 0.00000000
[Agent] Making decision using full OHLCV data
[Agent] Price data: O=25.37658310 H=25.51551953 L=25.27932788 C=25.35574389 V=15932369.00000000
[Agent_Features] Generated 18 features for the latest tick.
[Agent] Exploration: Random action: BUY
[Portfolio] Logged Trade: BUY 13.10781454 PFE @ 25.36. New Cash: 6314.81, New Coins: 146.51832249
[Agent] Received reward: 0.00000000
[NeuralNetworkInterface] Received reward signal: 0.00000000
[Agent] Making decision using full OHLCV data
[Agent] Price data: O=25.23764610 H=25.55025094 L=25.19596490 C=25.52940894 V=17675580.00000000
[Agent_Features] Generated 18 features for the latest tick.
[Agent] Exploration: Random action: SELL
[Portfolio] Logged Trade: SELL 7.32591612 PFE @ 25.53. New Cash: 6501.84, New Coins: 139.19240636
[Agent] Received reward: 0.00000000
[NeuralNetworkInterface] Received reward signal: 0.00000000
[Agent] Making decision using full OHLCV data
[Agent] Price data: O=25.34880257 H=25.41826940 L=25.20291970 C=25.27238654 V=14652497.00000000
[Agent_Features] Generated 18 features for the latest tick.
[Agent] Exploration: Random action: HOLD
[Agent] Received reward: 0.00000000
[NeuralNetworkInterface] Received reward signal: 0.00000000
[Agent] Making decision using full OHLCV data
[Agent] Price data: O=25.37658310 H=25.48773113 L=25.19596825 C=25.27932788 V=16636652.00000000
[Agent_Features] Generated 18 features for the latest tick.
[Agent] Exploration: Random action: SELL
[Portfolio] Logged Trade: SELL 6.95962032 PFE @ 25.28. New Cash: 6677.77, New Coins: 132.23278605
[Agent] Received reward: 0.00000000
[NeuralNetworkInterface] Received reward signal: 0.00000000
[Agent] Making decision using full OHLCV data
[Agent] Price data: O=25.44605255 H=25.55720058 L=25.33490173 C=25.35574373 V=22371993.00000000
[Agent_Features] Generated 18 features for the latest tick.
[Agent] Exploration: Random action: SELL
[Portfolio] Logged Trade: SELL 6.61163930 PFE @ 25.36. New Cash: 6845.41, New Coins: 125.62114674
[Agent] Received reward: 0.00000000
[NeuralNetworkInterface] Received reward signal: 0.00000000
[Agent] Making decision using full OHLCV data
[Agent] Price data: O=25.56414795 H=25.62666837 L=25.42521151 C=25.47383913 V=25381058.00000000
[Agent_Features] Generated 18 features for the latest tick.
[Agent] Exploration: Random action: HOLD
[Agent] Received reward: 0.00000000
[NeuralNetworkInterface] Received reward signal: 0.00000000
[Agent] Making decision using full OHLCV data
[Agent] Price data: O=25.74476433 H=25.89064718 L=25.54330746 C=25.64056269 V=27106350.00000000
[Agent_Features] Generated 18 features for the latest tick.
[Agent] Exploration: Random action: BUY
[Portfolio] Logged Trade: BUY 13.34879684 PFE @ 25.64. New Cash: 6503.14, New Coins: 138.96994358
[Agent] Received reward: -0.00000000
[NeuralNetworkInterface] Received reward signal: -0.00000000
[Agent] Making decision using full OHLCV data
[Agent] Price data: O=25.48078346 H=25.73086791 L=25.36268904 C=25.64750550 V=27730213.00000000
[Agent_Features] Generated 18 features for the latest tick.
[Agent] Exploration: Random action: HOLD
[Agent] Received reward: 0.00000000
[NeuralNetworkInterface] Received reward signal: 0.00000000
[Agent] Making decision using full OHLCV data
[Agent] Price data: O=25.59888268 H=25.77255394 L=25.52941585 C=25.56415066 V=20405651.00000000
[Agent_Features] Generated 18 features for the latest tick.
[Agent] Exploration: Random action: HOLD
[Agent] Received reward: 0.00000000
[NeuralNetworkInterface] Received reward signal: 0.00000000
[Agent] Making decision using full OHLCV data
[Agent] Price data: O=25.70308304 H=25.77949906 L=25.49467977 C=25.55025658 V=14425149.00000000
[Agent_Features] Generated 18 features for the latest tick.
[Agent] Exploration: Random action: SELL
[Portfolio] Logged Trade: SELL 6.94849718 PFE @ 25.55. New Cash: 6680.68, New Coins: 132.02144640
[Agent] Received reward: 0.00000000
[NeuralNetworkInterface] Received reward signal: 0.00000000
[Agent] Making decision using full OHLCV data
[Agent] Price data: O=25.43216133 H=25.82812869 L=25.28627847 C=25.79339388 V=28295789.00000000
[Agent_Features] Generated 18 features for the latest tick.
[Agent] Exploration: Random action: SELL
[Portfolio] Logged Trade: SELL 6.60107232 PFE @ 25.79. New Cash: 6850.94, New Coins: 125.42037408
[Agent] Received reward: 0.00000000
[NeuralNetworkInterface] Received reward signal: 0.00000000
[Agent] Making decision using full OHLCV data
[Agent] Price data: O=24.59159470 H=25.04313595 L=24.06364023 C=24.71663551 V=51278154.00000000
[Agent_Features] Generated 18 features for the latest tick.
[Agent] Exploration: Random action: BUY
[Portfolio] Logged Trade: BUY 13.85897066 PFE @ 24.72. New Cash: 6508.40, New Coins: 139.27934474
[Agent] Received reward: 0.00000000
[NeuralNetworkInterface] Received reward signal: 0.00000000
[Agent] Making decision using full OHLCV data
[Agent] Price data: O=24.23730850 H=24.57075534 L=24.13310689 C=24.43181892 V=29550260.00000000
[Agent_Features] Generated 18 features for the latest tick.
[Agent] Exploration: Random action: BUY
[Portfolio] Logged Trade: BUY 13.31950646 PFE @ 24.43. New Cash: 6182.98, New Coins: 152.59885120
[Agent] Received reward: 0.00000000
[NeuralNetworkInterface] Received reward signal: 0.00000000
[Agent] Making decision using full OHLCV data
[Agent] Price data: O=24.14700127 H=24.23036368 L=23.91081242 C=24.18868247 V=23517902.00000000
[Agent_Features] Generated 18 features for the latest tick.
[Agent] Exploration: Random action: HOLD
[Agent] Received reward: 0.00000000
[NeuralNetworkInterface] Received reward signal: 0.00000000
[Agent] Making decision using full OHLCV data
[Agent] Price data: O=24.20257759 H=24.30677922 L=23.87607990 C=24.00806993 V=19795912.00000000
[Agent_Features] Generated 18 features for the latest tick.
[Agent] Exploration: Random action: HOLD
[Agent] Received reward: 0.00000000
[NeuralNetworkInterface] Received reward signal: 0.00000000
[Agent] Making decision using full OHLCV data
[Agent] Price data: O=24.26509666 H=24.40403309 L=24.11227022 C=24.16784424 V=21580018.00000000
[Agent_Features] Generated 18 features for the latest tick.
[Agent] Exploration: Random action: HOLD
[Agent] Received reward: 0.00000000
[NeuralNetworkInterface] Received reward signal: 0.00000000
[Agent] Making decision using full OHLCV data
[Agent] Price data: O=24.29983330 H=24.37624932 L=24.11227204 C=24.25120568 V=28269650.00000000
[Agent_Features] Generated 18 features for the latest tick.
[Agent] Exploration: Random action: BUY
[Portfolio] Logged Trade: BUY 12.74776956 PFE @ 24.25. New Cash: 5873.83, New Coins: 165.34662076
[Agent] Received reward: 0.00000000
[NeuralNetworkInterface] Received reward signal: 0.00000000
[Agent] Making decision using full OHLCV data
[Agent] Price data: O=24.43182182 H=24.59854386 L=24.22341857 C=24.32762020 V=20430209.00000000
[Agent_Features] Generated 18 features for the latest tick.
[Agent] Exploration: Random action: SELL
[Portfolio] Logged Trade: SELL 8.26733104 PFE @ 24.33. New Cash: 6074.95, New Coins: 157.07928972
[Agent] Received reward: -0.00000000
[NeuralNetworkInterface] Received reward signal: -0.00000000
[Agent] Making decision using full OHLCV data
[Agent] Price data: O=24.57912827 H=24.76852326 L=24.47390945 C=24.55107142 V=30906653.00000000
[Agent_Features] Generated 18 features for the latest tick.
[Agent] Exploration: Random action: BUY
[Portfolio] Logged Trade: BUY 12.37206970 PFE @ 24.55. New Cash: 5771.20, New Coins: 169.45135942
[Agent] Received reward: 0.00000000
[NeuralNetworkInterface] Received reward signal: 0.00000000
[Agent] Making decision using full OHLCV data
[Agent] Price data: O=24.90180397 H=24.94389207 L=24.60017871 C=24.64226399 V=21619964.00000000
[Agent_Features] Generated 18 features for the latest tick.
[Agent] Exploration: Random action: BUY
[Portfolio] Logged Trade: BUY 11.70997067 PFE @ 24.64. New Cash: 5482.64, New Coins: 181.16133009
[Agent] Received reward: 0.00000000
[NeuralNetworkInterface] Received reward signal: 0.00000000
[Agent] Making decision using full OHLCV data
[Agent] Price data: O=25.15432549 H=25.19641358 L=24.89478555 C=24.90881397 V=21485052.00000000
[Agent_Features] Generated 18 features for the latest tick.
[Agent] Exploration: Random action: BUY
[Portfolio] Logged Trade: BUY 11.00542882 PFE @ 24.91. New Cash: 5208.51, New Coins: 192.16675891
[Agent] Received reward: 0.00000000
[NeuralNetworkInterface] Received reward signal: 0.00000000
[Agent] Making decision using full OHLCV data
[Agent] Price data: O=25.03507423 H=25.09820495 L=24.88776735 C=24.90880998 V=19345643.00000000
[Agent_Features] Generated 18 features for the latest tick.
[Agent] Exploration: Random action: SELL
[Portfolio] Logged Trade: SELL 9.60833795 PFE @ 24.91. New Cash: 5447.84, New Coins: 182.55842097
[Agent] Received reward: 0.00000000
[NeuralNetworkInterface] Received reward signal: 0.00000000
[Agent] Making decision using full OHLCV data
[Agent] Price data: O=25.02805901 H=25.16834885 L=24.95089705 C=25.06313006 V=21870711.00000000
[Agent_Features] Generated 18 features for the latest tick.
[Agent] Exploration: Random action: SELL
[Portfolio] Logged Trade: SELL 9.12792105 PFE @ 25.06. New Cash: 5676.62, New Coins: 173.43049992
[Agent] Received reward: 0.00000000
[NeuralNetworkInterface] Received reward signal: 0.00000000
[Agent] Making decision using full OHLCV data
[Agent] Price data: O=25.04910278 H=25.09820508 L=24.85970781 C=24.99298628 V=13021432.00000000
[Agent_Features] Generated 18 features for the latest tick.
[Agent] Exploration: Random action: SELL
[Portfolio] Logged Trade: SELL 8.67152500 PFE @ 24.99. New Cash: 5893.35, New Coins: 164.75897492
[Agent] Received reward: 0.00000000
[NeuralNetworkInterface] Received reward signal: 0.00000000
[Agent] Making decision using full OHLCV data
[Agent] Price data: O=24.99999809 H=25.07716004 L=24.85269122 C=24.97895546 V=15734639.00000000
[Agent_Features] Generated 18 features for the latest tick.
[Agent] Exploration: Random action: BUY
[Portfolio] Logged Trade: BUY 11.79662067 PFE @ 24.98. New Cash: 5598.68, New Coins: 176.55559559
[Agent] Received reward: 0.00000000
[NeuralNetworkInterface] Received reward signal: 0.00000000
[Agent] Making decision using full OHLCV data
[Agent] Price data: O=25.11223793 H=25.16134023 L=24.91583154 C=25.04910720 V=17802903.00000000
[Agent_Features] Generated 18 features for the latest tick.
[Agent] Exploration: Random action: HOLD
[Agent] Received reward: 0.00000000
[NeuralNetworkInterface] Received reward signal: 0.00000000
[Agent] Making decision using full OHLCV data
[Agent] Price data: O=25.05611992 H=25.31565984 L=25.03507728 C=25.11223643 V=14477322.00000000
[Agent_Features] Generated 18 features for the latest tick.
[Agent] Exploration: Random action: BUY
[Portfolio] Logged Trade: BUY 11.14731059 PFE @ 25.11. New Cash: 5318.74, New Coins: 187.70290618
[Agent] Received reward: -0.00000000
[NeuralNetworkInterface] Received reward signal: -0.00000000
[Agent] Making decision using full OHLCV data
[Agent] Price data: O=25.23149300 H=25.27357828 L=24.99299564 C=25.02806953 V=20358642.00000000
[Agent_Features] Generated 18 features for the latest tick.
[Agent] Exploration: Random action: SELL
[Portfolio] Logged Trade: SELL 9.38514531 PFE @ 25.03. New Cash: 5553.64, New Coins: 178.31776087
[Agent] Received reward: 0.00000000
[NeuralNetworkInterface] Received reward signal: 0.00000000
[Agent] Making decision using full OHLCV data
[Agent] Price data: O=25.17536736 H=25.31566005 L=25.09119400 C=25.22446966 V=17523066.00000000
[Agent_Features] Generated 18 features for the latest tick.
[Agent] Exploration: Random action: BUY
[Portfolio] Logged Trade: BUY 11.00842997 PFE @ 25.22. New Cash: 5275.95, New Coins: 189.32619084
[Agent] Received reward: 0.00000000
[NeuralNetworkInterface] Received reward signal: 0.00000000
[Agent] Making decision using full OHLCV data
[Agent] Price data: O=25.02805901 H=25.19640851 L=24.92985442 C=25.12626359 V=15005376.00000000
[Agent_Features] Generated 18 features for the latest tick.
[Agent] Exploration: Random action: SELL
[Portfolio] Logged Trade: SELL 9.46630954 PFE @ 25.13. New Cash: 5513.81, New Coins: 179.85988130
[Agent] Received reward: 0.00000000
[NeuralNetworkInterface] Received reward signal: 0.00000000
[Agent] Making decision using full OHLCV data
[Agent] Price data: O=25.04209328 H=25.06313591 L=24.77553912 C=24.81061300 V=28179639.00000000
[Agent_Features] Generated 18 features for the latest tick.
[Agent] Exploration: Random action: BUY
[Portfolio] Logged Trade: BUY 11.11179183 PFE @ 24.81. New Cash: 5238.12, New Coins: 190.97167312
[Agent] Received reward: 0.00000000
[NeuralNetworkInterface] Received reward signal: 0.00000000
[Agent] Making decision using full OHLCV data
[Agent] Price data: O=25.28760719 H=25.42789709 L=25.18238836 C=25.21745943 V=29093773.00000000
[Agent_Features] Generated 18 features for the latest tick.
[Agent] Exploration: Random action: HOLD
[Agent] Received reward: 0.00000000
[NeuralNetworkInterface] Received reward signal: 0.00000000
[Agent] Making decision using full OHLCV data
[Agent] Price data: O=25.20343018 H=25.39282519 L=25.17537051 C=25.21745860 V=30926468.00000000
[Agent_Features] Generated 18 features for the latest tick.
[Agent] Exploration: Random action: BUY
[Portfolio] Logged Trade: BUY 10.38589386 PFE @ 25.22. New Cash: 4976.21, New Coins: 201.35756698
[Agent] Received reward: -0.00000000
[NeuralNetworkInterface] Received reward signal: -0.00000000
[Agent] Making decision using full OHLCV data
[Agent] Price data: O=25.42789459 H=25.44894005 L=25.32968998 C=25.43491162 V=22345011.00000000
[Agent_Features] Generated 18 features for the latest tick.
[Agent] Exploration: Random action: SELL
[Portfolio] Logged Trade: SELL 10.06787835 PFE @ 25.43. New Cash: 5232.29, New Coins: 191.28968863
[Agent] Received reward: 0.00000000
[NeuralNetworkInterface] Received reward signal: 0.00000000
[Agent] Making decision using full OHLCV data
[Agent] Price data: O=25.56818771 H=25.64534969 L=25.41386659 C=25.54013087 V=19015319.00000000
[Agent_Features] Generated 18 features for the latest tick.
[Agent] Exploration: Random action: SELL
[Portfolio] Logged Trade: SELL 9.56448443 PFE @ 25.54. New Cash: 5476.56, New Coins: 181.72520420
[Agent] Received reward: -0.00000000
[NeuralNetworkInterface] Received reward signal: -0.00000000
[Agent] Making decision using full OHLCV data
[Agent] Price data: O=25.56116867 H=25.70146135 L=25.49102092 C=25.61027097 V=21476093.00000000
[Agent_Features] Generated 18 features for the latest tick.
[Agent] Exploration: Random action: BUY
[Portfolio] Logged Trade: BUY 10.69212604 PFE @ 25.61. New Cash: 5202.74, New Coins: 192.41733024
[Agent] Received reward: 0.00000000
[NeuralNetworkInterface] Received reward signal: 0.00000000
[Agent] Making decision using full OHLCV data
[Agent] Price data: O=25.51907539 H=25.65235383 L=25.38579696 C=25.53310381 V=19368093.00000000
[Agent_Features] Generated 18 features for the latest tick.
[Agent] Exploration: Random action: HOLD
[Agent] Received reward: 0.00000000
[NeuralNetworkInterface] Received reward signal: 0.00000000
[Agent] Making decision using full OHLCV data
[Agent] Price data: O=25.59625244 H=25.66639740 L=25.51207624 C=25.59625244 V=17083337.00000000
[Agent_Features] Generated 18 features for the latest tick.
[Agent] Exploration: Random action: SELL
[Portfolio] Logged Trade: SELL 9.62086651 PFE @ 25.60. New Cash: 5448.99, New Coins: 182.79646372
[Agent] Received reward: 0.00000000
[NeuralNetworkInterface] Received reward signal: 0.00000000
[Agent] Making decision using full OHLCV data
[Agent] Price data: O=25.72250366 H=25.75056333 L=25.56818257 C=25.62429907 V=16453783.00000000
[Agent_Features] Generated 18 features for the latest tick.
[Agent] Exploration: Random action: BUY
[Portfolio] Logged Trade: BUY 10.63247577 PFE @ 25.62. New Cash: 5176.55, New Coins: 193.42893950
[Agent] Received reward: 0.00000000
[NeuralNetworkInterface] Received reward signal: 0.00000000
[Agent] Making decision using full OHLCV data
[Agent] Price data: O=25.46296501 H=25.81369530 L=25.44893659 C=25.81369530 V=19505640.00000000
[Agent_Features] Generated 18 features for the latest tick.
[Agent] Exploration: Random action: BUY
[Portfolio] Logged Trade: BUY 10.02674159 PFE @ 25.81. New Cash: 4917.72, New Coins: 203.45568108
[Agent] Received reward: 0.00000000
[NeuralNetworkInterface] Received reward signal: 0.00000000
[Agent] Making decision using full OHLCV data
[Agent] Price data: O=25.46296501 H=25.53310994 L=25.35774621 C=25.52609573 V=16371887.00000000
[Agent_Features] Generated 18 features for the latest tick.
[Agent] Exploration: Random action: SELL
[Portfolio] Logged Trade: SELL 10.17278405 PFE @ 25.53. New Cash: 5177.39, New Coins: 193.28289703
[Agent] Received reward: 0.00000000
[NeuralNetworkInterface] Received reward signal: 0.00000000
[Agent] Making decision using full OHLCV data
[Agent] Price data: O=25.40685272 H=25.61027616 L=25.39282430 C=25.51207155 V=16029232.00000000
[Agent_Features] Generated 18 features for the latest tick.
[Agent] Exploration: Random action: SELL
[Portfolio] Logged Trade: SELL 9.66414485 PFE @ 25.51. New Cash: 5423.94, New Coins: 183.61875218
[Agent] Received reward: 0.00000000
[NeuralNetworkInterface] Received reward signal: 0.00000000
[Agent] Making decision using full OHLCV data
[Agent] Price data: O=25.36475563 H=25.52609091 L=25.28759650 C=25.40684371 V=19959387.00000000
[Agent_Features] Generated 18 features for the latest tick.
[Agent] Exploration: Random action: BUY
[Portfolio] Logged Trade: BUY 10.67417438 PFE @ 25.41. New Cash: 5152.74, New Coins: 194.29292656
[Agent] Received reward: 0.00000000
[NeuralNetworkInterface] Received reward signal: 0.00000000
[Agent] Making decision using full OHLCV data
[Agent] Price data: O=25.50505638 H=25.52609902 L=25.27357329 C=25.38580632 V=49156979.00000000
[Agent_Features] Generated 18 features for the latest tick.
[Agent] Exploration: Random action: BUY
[Portfolio] Logged Trade: BUY 10.14886914 PFE @ 25.39. New Cash: 4895.11, New Coins: 204.44179570
[Agent] Received reward: 0.00000000
[NeuralNetworkInterface] Received reward signal: 0.00000000
[Agent] Making decision using full OHLCV data
[Agent] Price data: O=25.36475563 H=25.40684371 L=25.06312769 C=25.34371300 V=24143451.00000000
[Agent_Features] Generated 18 features for the latest tick.
[Agent] Exploration: Random action: HOLD
[Agent] Received reward: 0.00000000
[NeuralNetworkInterface] Received reward signal: 0.00000000
[Agent] Making decision using full OHLCV data
[Agent] Price data: O=25.40685272 H=25.50505733 L=25.16134120 C=25.17536962 V=18484630.00000000
[Agent_Features] Generated 18 features for the latest tick.
[Agent] Exploration: Random action: HOLD
[Agent] Received reward: 0.00000000
[NeuralNetworkInterface] Received reward signal: 0.00000000
[Agent] Making decision using full OHLCV data
[Agent] Price data: O=25.57519913 H=25.65937530 L=25.39983538 C=25.45595189 V=21354251.00000000
[Agent_Features] Generated 18 features for the latest tick.
[Agent] Exploration: Random action: HOLD
[Agent] Received reward: 0.00000000
[NeuralNetworkInterface] Received reward signal: 0.00000000
[Agent] Making decision using full OHLCV data
[Agent] Price data: O=25.46296501 H=25.50505310 L=25.35774621 C=25.44192238 V=16893090.00000000
[Agent_Features] Generated 18 features for the latest tick.
[Agent] Exploration: Random action: SELL
[Portfolio] Logged Trade: SELL 10.22208978 PFE @ 25.44. New Cash: 5155.18, New Coins: 194.21970591
[Agent] Received reward: 0.00000000
[NeuralNetworkInterface] Received reward signal: 0.00000000
[Agent] Making decision using full OHLCV data
[Agent] Price data: O=25.61026955 H=25.70145992 L=25.53310759 C=25.59624113 V=27018447.00000000
[Agent_Features] Generated 18 features for the latest tick.
[Agent] Exploration: Random action: BUY
[Portfolio] Logged Trade: BUY 10.07018353 PFE @ 25.60. New Cash: 4897.42, New Coins: 204.28988944
[Agent] Received reward: 0.00000000
[NeuralNetworkInterface] Received reward signal: 0.00000000
[Agent] Making decision using full OHLCV data
[Agent] Price data: O=25.51907539 H=25.57519189 L=25.35072591 C=25.47698732 V=20424517.00000000
[Agent_Features] Generated 18 features for the latest tick.
[Agent] Exploration: Random action: BUY
[Portfolio] Logged Trade: BUY 9.61145446 PFE @ 25.48. New Cash: 4652.55, New Coins: 213.90134390
[Agent] Received reward: 0.00000000
[NeuralNetworkInterface] Received reward signal: 0.00000000
[Agent] Making decision using full OHLCV data
[Agent] Price data: O=25.51907539 H=25.66638225 L=25.46295890 C=25.53310381 V=25435023.00000000
[Agent_Features] Generated 18 features for the latest tick.
[Agent] Exploration: Random action: BUY
[Portfolio] Logged Trade: BUY 9.11081394 PFE @ 25.53. New Cash: 4419.92, New Coins: 223.01215784
[Agent] Received reward: -0.00000000
[NeuralNetworkInterface] Received reward signal: -0.00000000
[Agent] Making decision using full OHLCV data
[Agent] Price data: O=25.39983559 H=25.63833005 L=25.37879295 C=25.46296631 V=29396165.00000000
[Agent_Features] Generated 18 features for the latest tick.
[Agent] Exploration: Random action: HOLD
[Agent] Received reward: 0.00000000
[NeuralNetworkInterface] Received reward signal: 0.00000000
[Agent] Making decision using full OHLCV data
[Agent] Price data: O=25.50505638 H=25.59624678 L=25.32968980 C=25.32968980 V=16506167.00000000
[Agent_Features] Generated 18 features for the latest tick.
[Agent] Exploration: Random action: HOLD
[Agent] Received reward: 0.00000000
[NeuralNetworkInterface] Received reward signal: 0.00000000
[Agent] Making decision using full OHLCV data
[Agent] Price data: O=25.44893646 H=25.65937407 L=25.44893646 C=25.56818369 V=20974705.00000000
[Agent_Features] Generated 18 features for the latest tick.
[Agent] Exploration: Random action: SELL
[Portfolio] Logged Trade: SELL 11.15060789 PFE @ 25.57. New Cash: 4705.02, New Coins: 211.86154995
[Agent] Received reward: 0.00000000
[NeuralNetworkInterface] Received reward signal: 0.00000000
[Agent] Making decision using full OHLCV data
[Agent] Price data: O=25.48401260 H=25.51206945 L=25.25252952 C=25.25252952 V=14556372.00000000
[Agent_Features] Generated 18 features for the latest tick.
[Agent] Exploration: Random action: BUY
[Portfolio] Logged Trade: BUY 9.31593921 PFE @ 25.25. New Cash: 4469.77, New Coins: 221.17748916
[Agent] Received reward: 0.00000000
[NeuralNetworkInterface] Received reward signal: 0.00000000
[Agent] Making decision using full OHLCV data
[Agent] Price data: O=25.49804306 H=25.65937840 L=25.42088109 C=25.52609991 V=9608159.00000000
[Agent_Features] Generated 18 features for the latest tick.
[Agent] Exploration: Random action: BUY
[Portfolio] Logged Trade: BUY 8.75529279 PFE @ 25.53. New Cash: 4246.28, New Coins: 229.93278195
[Agent] Received reward: 0.00000000
[NeuralNetworkInterface] Received reward signal: 0.00000000
[Agent] Making decision using full OHLCV data
[Agent] Price data: O=25.86279869 H=25.89085554 L=25.61027298 C=25.63131562 V=20391106.00000000
[Agent_Features] Generated 18 features for the latest tick.
[Agent] Exploration: Random action: HOLD
[Agent] Received reward: 0.00000000
[NeuralNetworkInterface] Received reward signal: 0.00000000
[Agent] Making decision using full OHLCV data
[Agent] Price data: O=26.03115082 H=26.12234121 L=25.86981548 C=25.95398885 V=18955452.00000000
[Agent_Features] Generated 18 features for the latest tick.
[Agent] Exploration: Random action: SELL
[Portfolio] Logged Trade: SELL 11.49663910 PFE @ 25.95. New Cash: 4544.66, New Coins: 218.43614285
[Agent] Received reward: 0.00000000
[NeuralNetworkInterface] Received reward signal: 0.00000000
[Agent] Making decision using full OHLCV data
[Agent] Price data: O=26.06622314 H=26.28367498 L=25.96100433 C=26.14338229 V=22329412.00000000
[Agent_Features] Generated 18 features for the latest tick.
[Agent] Exploration: Random action: HOLD
[Agent] Received reward: 0.00000000
[NeuralNetworkInterface] Received reward signal: 0.00000000
[Agent] Making decision using full OHLCV data
[Agent] Price data: O=26.25561523 H=26.30471754 L=26.09427991 C=26.16442484 V=20253875.00000000
[Agent_Features] Generated 18 features for the latest tick.
[Agent] Exploration: Random action: HOLD
[Agent] Received reward: 0.00000000
[NeuralNetworkInterface] Received reward signal: 0.00000000
[Agent] Making decision using full OHLCV data
[Agent] Price data: O=26.10129356 H=26.24158625 L=26.06622251 C=26.12935323 V=17795314.00000000
[Agent_Features] Generated 18 features for the latest tick.
[Agent] Exploration: Random action: BUY
[Portfolio] Logged Trade: BUY 8.69647383 PFE @ 26.13. New Cash: 4317.43, New Coins: 227.13261668
[Agent] Received reward: 0.00000000
[NeuralNetworkInterface] Received reward signal: 0.00000000
[Agent] Making decision using full OHLCV data
[Agent] Price data: O=26.31874466 H=26.34680432 L=26.10129283 C=26.24158552 V=16974881.00000000
[Agent_Features] Generated 18 features for the latest tick.
[Agent] Exploration: Random action: SELL
[Portfolio] Logged Trade: SELL 11.35663083 PFE @ 26.24. New Cash: 4615.45, New Coins: 215.77598585
[Agent] Received reward: 0.00000000
[NeuralNetworkInterface] Received reward signal: 0.00000000
[Agent] Making decision using full OHLCV data
[Agent] Price data: O=26.32575798 H=26.36784606 L=26.10830336 C=26.30471253 V=15227243.00000000
[Agent_Features] Generated 18 features for the latest tick.
[Agent] Exploration: Random action: HOLD
[Agent] Received reward: 0.00000000
[NeuralNetworkInterface] Received reward signal: 0.00000000
[Agent] Making decision using full OHLCV data
[Agent] Price data: O=26.22053528 H=26.33978247 L=26.15740176 C=26.29068019 V=17888699.00000000
[Agent_Features] Generated 18 features for the latest tick.
[Agent] Exploration: Random action: SELL
[Portfolio] Logged Trade: SELL 10.78879929 PFE @ 26.29. New Cash: 4899.09, New Coins: 204.98718655
[Agent] Received reward: 0.00000000
[NeuralNetworkInterface] Received reward signal: 0.00000000
[Agent] Making decision using full OHLCV data
[Agent] Price data: O=26.40993500 H=26.49411117 L=26.26964231 C=26.27665934 V=15740014.00000000
[Agent_Features] Generated 18 features for the latest tick.
[Agent] Exploration: Random action: SELL
[Portfolio] Logged Trade: SELL 10.24935933 PFE @ 26.28. New Cash: 5168.41, New Coins: 194.73782723
[Agent] Received reward: 0.00000000
[NeuralNetworkInterface] Received reward signal: 0.00000000
[Agent] Making decision using full OHLCV data
[Agent] Price data: O=26.41694641 H=26.46604870 L=26.29068498 C=26.36784694 V=20803430.00000000
[Agent_Features] Generated 18 features for the latest tick.
[Agent] Exploration: Random action: SELL
[Portfolio] Logged Trade: SELL 9.73689136 PFE @ 26.37. New Cash: 5425.15, New Coins: 185.00093587
[Agent] Received reward: 0.00000000
[NeuralNetworkInterface] Received reward signal: 0.00000000
[Agent] Making decision using full OHLCV data
[Agent] Price data: O=26.20651245 H=26.37486199 L=26.17144139 C=26.26964317 V=16596811.00000000
[Agent_Features] Generated 18 features for the latest tick.
[Agent] Exploration: Random action: HOLD
[Agent] Received reward: 0.00000000
[NeuralNetworkInterface] Received reward signal: 0.00000000
[Agent] Making decision using full OHLCV data
[Agent] Price data: O=26.18547440 H=26.18547440 L=26.03816747 C=26.09428399 V=15532798.00000000
[Agent_Features] Generated 18 features for the latest tick.
[Agent] Exploration: Random action: HOLD
[Agent] Received reward: 0.00000000
[NeuralNetworkInterface] Received reward signal: 0.00000000
[Agent] Making decision using full OHLCV data
[Agent] Price data: O=26.10129356 H=26.31173119 L=26.05219126 C=26.19248395 V=20853074.00000000
[Agent_Features] Generated 18 features for the latest tick.
[Agent] Exploration: Random action: BUY
[Portfolio] Logged Trade: BUY 10.35631474 PFE @ 26.19. New Cash: 5153.89, New Coins: 195.35725060
[Agent] Received reward: 0.00000000
[NeuralNetworkInterface] Received reward signal: 0.00000000
[Agent] Making decision using full OHLCV data
[Agent] Price data: O=26.44500732 H=26.48008120 L=26.14337934 C=26.21352427 V=17804800.00000000
[Agent_Features] Generated 18 features for the latest tick.
[Agent] Exploration: Random action: SELL
[Portfolio] Logged Trade: SELL 9.76786253 PFE @ 26.21. New Cash: 5409.94, New Coins: 185.58938807
[Agent] Received reward: 0.00000000
[NeuralNetworkInterface] Received reward signal: 0.00000000
[Agent] Making decision using full OHLCV data
[Agent] Price data: O=26.64842987 H=26.70454638 L=26.34680190 C=26.42396385 V=17171030.00000000
[Agent_Features] Generated 18 features for the latest tick.
[Agent] Exploration: Random action: SELL
[Portfolio] Logged Trade: SELL 9.27946940 PFE @ 26.42. New Cash: 5655.15, New Coins: 176.30991867
[Agent] Received reward: 0.00000000
[NeuralNetworkInterface] Received reward signal: 0.00000000
[Agent] Making decision using full OHLCV data
[Agent] Price data: O=26.76768112 H=26.91498803 L=26.68350776 C=26.68350776 V=24840567.00000000
[Agent_Features] Generated 18 features for the latest tick.
[Agent] Exploration: Random action: HOLD
[Agent] Received reward: 0.00000000
[NeuralNetworkInterface] Received reward signal: 0.00000000
[Agent] Making decision using full OHLCV data
[Agent] Price data: O=26.94304657 H=26.99214887 L=26.70455208 C=26.72559472 V=22111971.00000000
[Agent_Features] Generated 18 features for the latest tick.
[Agent] Exploration: Random action: HOLD
[Agent] Received reward: 0.00000000
[NeuralNetworkInterface] Received reward signal: 0.00000000
[Agent] Making decision using full OHLCV data
[Agent] Price data: O=27.06930733 H=27.13243805 L=26.78170775 C=26.90797201 V=21981486.00000000
[Agent_Features] Generated 18 features for the latest tick.
[Agent] Exploration: Random action: HOLD
[Agent] Received reward: 0.00000000
[NeuralNetworkInterface] Received reward signal: 0.00000000
[Agent] Making decision using full OHLCV data
[Agent] Price data: O=28.00926208 H=28.05135017 L=26.75365062 C=26.80275292 V=50837371.00000000
[Agent_Features] Generated 18 features for the latest tick.
[Agent] Exploration: Random action: HOLD
[Agent] Received reward: 0.00000000
[NeuralNetworkInterface] Received reward signal: 0.00000000
[Agent] Making decision using full OHLCV data
[Agent] Price data: O=28.24775887 H=28.28282992 L=27.73569326 C=27.79882398 V=32734605.00000000
[Agent_Features] Generated 18 features for the latest tick.
[Agent] Exploration: Random action: SELL
[Portfolio] Logged Trade: SELL 8.81549593 PFE @ 27.80. New Cash: 5900.21, New Coins: 167.49442274
[Agent] Received reward: 0.00000000
[NeuralNetworkInterface] Received reward signal: 0.00000000
[Agent] Making decision using full OHLCV data
[Agent] Price data: O=28.04967308 H=28.45291016 L=27.96478301 C=28.02845127 V=31879284.00000000
[Agent_Features] Generated 18 features for the latest tick.
[Agent] Exploration: Random action: SELL
[Portfolio] Logged Trade: SELL 8.37472114 PFE @ 28.03. New Cash: 6134.94, New Coins: 159.11970160
[Agent] Received reward: 0.00000000
[NeuralNetworkInterface] Received reward signal: 0.00000000
[Agent] Making decision using full OHLCV data
[Agent] Price data: O=28.67929077 H=28.76418370 L=27.93648764 C=28.02845450 V=27368375.00000000
[Agent_Features] Generated 18 features for the latest tick.
[Agent] Exploration: Random action: SELL
[Portfolio] Logged Trade: SELL 7.95598508 PFE @ 28.03. New Cash: 6357.93, New Coins: 151.16371652
[Agent] Received reward: 0.00000000
[NeuralNetworkInterface] Received reward signal: 0.00000000
[Agent] Making decision using full OHLCV data
[Agent] Price data: O=29.03301048 H=29.16034704 L=28.53073251 C=28.55195717 V=27479572.00000000
[Agent_Features] Generated 18 features for the latest tick.
[Agent] Exploration: Random action: SELL
[Portfolio] Logged Trade: SELL 7.55818583 PFE @ 28.55. New Cash: 6573.73, New Coins: 143.60553069
[Agent] Received reward: 0.00000000
[NeuralNetworkInterface] Received reward signal: 0.00000000
[Agent] Making decision using full OHLCV data
[Agent] Price data: O=28.89151382 H=29.18156221 L=28.85614415 C=28.89858776 V=18928575.00000000
[Agent_Features] Generated 18 features for the latest tick.
[Agent] Exploration: Random action: HOLD
[Agent] Received reward: 0.00000000
[NeuralNetworkInterface] Received reward signal: 0.00000000
[Agent] Making decision using full OHLCV data
[Agent] Price data: O=29.29475594 H=29.45746500 L=28.70758796 C=28.79955198 V=25837440.00000000
[Agent_Features] Generated 18 features for the latest tick.
[Agent] Exploration: Random action: SELL
[Portfolio] Logged Trade: SELL 7.18027653 PFE @ 28.80. New Cash: 6780.52, New Coins: 136.42525416
[Agent] Received reward: 0.00000000
[NeuralNetworkInterface] Received reward signal: 0.00000000
[Agent] Making decision using full OHLCV data
[Agent] Price data: O=29.00471497 H=29.26646489 L=28.87030446 C=29.21694448 V=20121282.00000000
[Agent_Features] Generated 18 features for the latest tick.
[Agent] Exploration: Random action: SELL
[Portfolio] Logged Trade: SELL 6.82126271 PFE @ 29.22. New Cash: 6979.82, New Coins: 129.60399145
[Agent] Received reward: 0.00000000
[NeuralNetworkInterface] Received reward signal: 0.00000000
[Agent] Making decision using full OHLCV data
[Agent] Price data: O=28.95519066 H=29.22401448 L=28.79248158 C=28.87030057 V=18194148.00000000
[Agent_Features] Generated 18 features for the latest tick.
[Agent] Exploration: Random action: SELL
[Portfolio] Logged Trade: SELL 6.48019957 PFE @ 28.87. New Cash: 7166.90, New Coins: 123.12379188
[Agent] Received reward: 0.00000000
[NeuralNetworkInterface] Received reward signal: 0.00000000
[Agent] Making decision using full OHLCV data
[Agent] Price data: O=28.87030411 H=29.15327584 L=28.87030411 C=28.96934492 V=19860627.00000000
[Agent_Features] Generated 18 features for the latest tick.
[Agent] Exploration: Random action: HOLD
[Agent] Received reward: 0.00000000
[NeuralNetworkInterface] Received reward signal: 0.00000000
[Agent] Making decision using full OHLCV data
[Agent] Price data: O=28.79955292 H=29.03300703 L=28.67929031 C=28.89151978 V=17336824.00000000
[Agent_Features] Generated 18 features for the latest tick.
[Agent] Exploration: Random action: BUY
[Portfolio] Logged Trade: BUY 12.40312282 PFE @ 28.89. New Cash: 6808.56, New Coins: 135.52691470
[Agent] Received reward: 0.00000000
[NeuralNetworkInterface] Received reward signal: 0.00000000
[Agent] Making decision using full OHLCV data
[Agent] Price data: O=29.11790276 H=29.17449994 L=28.75711487 C=28.86322963 V=22428488.00000000
[Agent_Features] Generated 18 features for the latest tick.
[Agent] Exploration: Random action: HOLD
[Agent] Received reward: 0.00000000
[NeuralNetworkInterface] Received reward signal: 0.00000000
[Agent] Making decision using full OHLCV data
[Agent] Price data: O=29.30183792 H=29.33721045 L=29.05423587 C=29.16742457 V=16457472.00000000
[Agent_Features] Generated 18 features for the latest tick.
[Agent] Exploration: Random action: BUY
[Portfolio] Logged Trade: BUY 11.67150751 PFE @ 29.17. New Cash: 6468.13, New Coins: 147.19842221
[Agent] Received reward: 0.00000000
[NeuralNetworkInterface] Received reward signal: 0.00000000
[Agent] Making decision using full OHLCV data
[Agent] Price data: O=29.77581787 H=29.84656010 L=29.33721096 C=29.34428490 V=25910693.00000000
[Agent_Features] Generated 18 features for the latest tick.
[Agent] Exploration: Random action: BUY
[Portfolio] Logged Trade: BUY 11.02110429 PFE @ 29.34. New Cash: 6144.72, New Coins: 158.21952650
[Agent] Received reward: 0.00000000
[NeuralNetworkInterface] Received reward signal: 0.00000000
[Agent] Making decision using full OHLCV data
[Agent] Price data: O=29.94560623 H=30.25687663 L=29.77582316 C=29.85364218 V=22521029.00000000
[Agent_Features] Generated 18 features for the latest tick.
[Agent] Exploration: Random action: HOLD
[Agent] Received reward: 0.00000000
[NeuralNetworkInterface] Received reward signal: 0.00000000
[Agent] Making decision using full OHLCV data
[Agent] Price data: O=29.82533455 H=30.02341617 L=29.70507193 C=29.94559717 V=18633244.00000000
[Agent_Features] Generated 18 features for the latest tick.
[Agent] Exploration: Random action: HOLD
[Agent] Received reward: 0.00000000
[NeuralNetworkInterface] Received reward signal: 0.00000000
[Agent] Making decision using full OHLCV data
[Agent] Price data: O=29.76165581 H=29.95266058 L=29.57772213 C=29.81825013 V=15001687.00000000
[Agent_Features] Generated 18 features for the latest tick.
[Agent] Exploration: Random action: SELL
[Portfolio] Logged Trade: SELL 7.91097633 PFE @ 29.82. New Cash: 6380.61, New Coins: 150.30855018
[Agent] Received reward: 0.00000000
[NeuralNetworkInterface] Received reward signal: 0.00000000
[Agent] Making decision using full OHLCV data
[Agent] Price data: O=29.85362816 H=29.93851823 L=29.68384232 C=29.78995705 V=21032148.00000000
[Agent_Features] Generated 18 features for the latest tick.
[Agent] Exploration: Random action: SELL
[Portfolio] Logged Trade: SELL 7.51542751 PFE @ 29.79. New Cash: 6604.50, New Coins: 142.79312267
[Agent] Received reward: 0.00000000
[NeuralNetworkInterface] Received reward signal: 0.00000000
[Agent] Making decision using full OHLCV data
[Agent] Price data: O=29.99511528 H=30.05878355 L=29.71214359 C=30.01633993 V=21661703.00000000
[Agent_Features] Generated 18 features for the latest tick.
[Agent] Exploration: Random action: HOLD
[Agent] Received reward: 0.00000000
[NeuralNetworkInterface] Received reward signal: 0.00000000
[Agent] Making decision using full OHLCV data
[Agent] Price data: O=29.41502190 H=30.15075114 L=29.22401423 C=30.08000893 V=24485896.00000000
[Agent_Features] Generated 18 features for the latest tick.
[Agent] Exploration: Random action: HOLD
[Agent] Received reward: 0.00000000
[NeuralNetworkInterface] Received reward signal: 0.00000000
[Agent] Making decision using full OHLCV data
[Agent] Price data: O=29.35843086 H=29.55651249 L=29.23109430 C=29.43624702 V=19871694.00000000
[Agent_Features] Generated 18 features for the latest tick.
[Agent] Exploration: Random action: HOLD
[Agent] Received reward: 0.00000000
[NeuralNetworkInterface] Received reward signal: 0.00000000
[Agent] Making decision using full OHLCV data
[Agent] Price data: O=29.35843086 H=29.44332380 L=29.12497955 C=29.35843086 V=15785020.00000000
[Agent_Features] Generated 18 features for the latest tick.
[Agent] Exploration: Random action: BUY
[Portfolio] Logged Trade: BUY 11.24804289 PFE @ 29.36. New Cash: 6274.27, New Coins: 154.04116556
[Agent] Received reward: 0.00000000
[NeuralNetworkInterface] Received reward signal: 0.00000000
[Agent] Making decision using full OHLCV data
[Agent] Price data: O=29.35843086 H=29.64847937 L=29.14620136 C=29.16742317 V=16015425.00000000
[Agent_Features] Generated 18 features for the latest tick.
[Agent] Exploration: Random action: BUY
[Portfolio] Logged Trade: BUY 10.75561743 PFE @ 29.17. New Cash: 5960.56, New Coins: 164.79678299
[Agent] Received reward: 0.00000000
[NeuralNetworkInterface] Received reward signal: 0.00000000
[Agent] Making decision using full OHLCV data
[Agent] Price data: O=29.37256622 H=29.41501267 L=29.06837282 C=29.20985720 V=20983559.00000000
[Agent_Features] Generated 18 features for the latest tick.
[Agent] Exploration: Random action: HOLD
[Agent] Received reward: 0.00000000
[NeuralNetworkInterface] Received reward signal: 0.00000000
[Agent] Making decision using full OHLCV data
[Agent] Price data: O=29.26645470 H=29.39379407 L=29.16033998 C=29.34427367 V=15274779.00000000
[Agent_Features] Generated 18 features for the latest tick.
[Agent] Exploration: Random action: BUY
[Portfolio] Logged Trade: BUY 10.15625625 PFE @ 29.34. New Cash: 5662.53, New Coins: 174.95303924
[Agent] Received reward: 0.00000000
[NeuralNetworkInterface] Received reward signal: 0.00000000
[Agent] Making decision using full OHLCV data
[Agent] Price data: O=29.60603142 H=29.65555182 L=29.18864637 C=29.20986818 V=21819908.00000000
[Agent_Features] Generated 18 features for the latest tick.
[Agent] Exploration: Random action: SELL
[Portfolio] Logged Trade: SELL 8.74765196 PFE @ 29.21. New Cash: 5918.05, New Coins: 166.20538728
[Agent] Received reward: 0.00000000
[NeuralNetworkInterface] Received reward signal: 0.00000000
[Agent] Making decision using full OHLCV data
[Agent] Price data: O=29.55651665 H=29.64848354 L=29.32306530 C=29.60603706 V=18356780.00000000
[Agent_Features] Generated 18 features for the latest tick.
[Agent] Exploration: Random action: HOLD
[Agent] Received reward: 0.00000000
[NeuralNetworkInterface] Received reward signal: 0.00000000
[Agent] Making decision using full OHLCV data
[Agent] Price data: O=29.85362816 H=29.95974289 L=29.33012561 C=29.42209247 V=21221658.00000000
[Agent_Features] Generated 18 features for the latest tick.
[Agent] Exploration: Random action: BUY
[Portfolio] Logged Trade: BUY 10.05715189 PFE @ 29.42. New Cash: 5622.15, New Coins: 176.26253917
[Agent] Received reward: 0.00000000
[NeuralNetworkInterface] Received reward signal: 0.00000000
[Agent] Making decision using full OHLCV data
[Agent] Price data: O=29.75459671 H=30.22149938 L=29.74752277 C=29.98097411 V=21482206.00000000
[Agent_Features] Generated 18 features for the latest tick.
[Agent] Exploration: Random action: SELL
[Portfolio] Logged Trade: SELL 8.81312696 PFE @ 29.98. New Cash: 5886.37, New Coins: 167.44941221
[Agent] Received reward: 0.00000000
[NeuralNetworkInterface] Received reward signal: 0.00000000
[Agent] Making decision using full OHLCV data
[Agent] Price data: O=29.93144417 H=30.01633709 L=29.67676825 C=29.71214078 V=19658786.00000000
[Agent_Features] Generated 18 features for the latest tick.
[Agent] Exploration: Random action: BUY
[Portfolio] Logged Trade: BUY 9.90566916 PFE @ 29.71. New Cash: 5592.05, New Coins: 177.35508137
[Agent] Received reward: 0.00000000
[NeuralNetworkInterface] Received reward signal: 0.00000000
[Agent] Making decision using full OHLCV data
[Agent] Price data: O=30.00219154 H=30.27101538 L=29.91022752 C=29.92437539 V=17508205.00000000
[Agent_Features] Generated 18 features for the latest tick.
[Agent] Exploration: Random action: BUY
[Portfolio] Logged Trade: BUY 9.34364381 PFE @ 29.92. New Cash: 5312.45, New Coins: 186.69872518
[Agent] Received reward: 0.00000000
[NeuralNetworkInterface] Received reward signal: 0.00000000
[Agent] Making decision using full OHLCV data
[Agent] Price data: O=30.31346321 H=30.36298362 L=30.01634362 C=30.06586402 V=18666129.00000000
[Agent_Features] Generated 18 features for the latest tick.
[Agent] Exploration: Random action: HOLD
[Agent] Received reward: 0.00000000
[NeuralNetworkInterface] Received reward signal: 0.00000000
[Agent] Making decision using full OHLCV data
[Agent] Price data: O=30.39127922 H=30.41957497 L=30.06586106 C=30.24271802 V=16800655.00000000
[Agent_Features] Generated 18 features for the latest tick.
[Agent] Exploration: Random action: BUY
[Portfolio] Logged Trade: BUY 8.78302570 PFE @ 30.24. New Cash: 5046.83, New Coins: 195.48175089
[Agent] Received reward: 0.00000000
[NeuralNetworkInterface] Received reward signal: 0.00000000
[Agent] Making decision using full OHLCV data
[Agent] Price data: O=30.42665482 H=30.54691744 L=30.23564713 C=30.43372875 V=16904263.00000000
[Agent_Features] Generated 18 features for the latest tick.
[Agent] Exploration: Random action: BUY
[Portfolio] Logged Trade: BUY 8.29150589 PFE @ 30.43. New Cash: 4794.49, New Coins: 203.77325677
[Agent] Received reward: 0.00000000
[NeuralNetworkInterface] Received reward signal: 0.00000000
[Agent] Making decision using full OHLCV data
[Agent] Price data: O=30.78036308 H=30.90062569 L=30.29930982 C=30.41957243 V=20464991.00000000
[Agent_Features] Generated 18 features for the latest tick.
[Agent] Exploration: Random action: HOLD
[Agent] Received reward: 0.00000000
[NeuralNetworkInterface] Received reward signal: 0.00000000
[Agent] Making decision using full OHLCV data
[Agent] Price data: O=30.60350418 H=30.90062370 L=30.41249654 C=30.71669284 V=23783088.00000000
[Agent_Features] Generated 18 features for the latest tick.
[Agent] Exploration: Random action: SELL
[Portfolio] Logged Trade: SELL 10.18866284 PFE @ 30.72. New Cash: 5107.45, New Coins: 193.58459393
[Agent] Received reward: 0.00000000
[NeuralNetworkInterface] Received reward signal: 0.00000000
[Agent] Making decision using full OHLCV data
[Agent] Price data: O=30.95014954 H=31.04211641 L=30.66717784 C=30.68132571 V=18419809.00000000
[Agent_Features] Generated 18 features for the latest tick.
[Agent] Exploration: Random action: HOLD
[Agent] Received reward: 0.00000000
[NeuralNetworkInterface] Received reward signal: 0.00000000
[Agent] Making decision using full OHLCV data
[Agent] Price data: O=31.16945457 H=31.26849538 L=30.85111036 C=30.97137297 V=37092579.00000000
[Agent_Features] Generated 18 features for the latest tick.
[Agent] Exploration: Random action: BUY
[Portfolio] Logged Trade: BUY 8.24543590 PFE @ 30.97. New Cash: 4852.08, New Coins: 201.83002983
[Agent] Received reward: 0.00000000
[NeuralNetworkInterface] Received reward signal: 0.00000000
[Agent] Making decision using full OHLCV data
[Agent] Price data: O=31.07748985 H=31.45242843 L=31.00674479 C=31.08456379 V=18089591.00000000
[Agent_Features] Generated 18 features for the latest tick.
[Agent] Exploration: Random action: HOLD
[Agent] Received reward: 0.00000000
[NeuralNetworkInterface] Received reward signal: 0.00000000
[Agent] Making decision using full OHLCV data
[Agent] Price data: O=30.97844505 H=31.33216178 L=30.95722324 C=31.21897026 V=15318520.00000000
[Agent_Features] Generated 18 features for the latest tick.
[Agent] Exploration: Random action: SELL
[Portfolio] Logged Trade: SELL 10.09150149 PFE @ 31.22. New Cash: 5167.12, New Coins: 191.73852834
[Agent] Received reward: 0.00000000
[NeuralNetworkInterface] Received reward signal: 0.00000000
[Agent] Making decision using full OHLCV data
[Agent] Price data: O=30.90063095 H=31.34631460 L=30.87233520 C=31.01382248 V=18384817.00000000
[Agent_Features] Generated 18 features for the latest tick.
[Agent] Exploration: Random action: BUY
[Portfolio] Logged Trade: BUY 8.33035532 PFE @ 31.01. New Cash: 4908.77, New Coins: 200.06888366
[Agent] Received reward: 0.00000000
[NeuralNetworkInterface] Received reward signal: 0.00000000
[Agent] Making decision using full OHLCV data
[Agent] Price data: O=31.05625534 H=31.25433690 L=30.90062024 C=30.97843921 V=14887434.00000000
[Agent_Features] Generated 18 features for the latest tick.
[Agent] Exploration: Random action: SELL
[Portfolio] Logged Trade: SELL 10.00344418 PFE @ 30.98. New Cash: 5218.66, New Coins: 190.06543948
[Agent] Received reward: 0.00000000
[NeuralNetworkInterface] Received reward signal: 0.00000000
[Agent] Making decision using full OHLCV data
[Agent] Price data: O=31.17653275 H=31.22605315 L=30.93600464 C=31.07749193 V=15454591.00000000
[Agent_Features] Generated 18 features for the latest tick.
[Agent] Exploration: Random action: HOLD
[Agent] Received reward: 0.00000000
[NeuralNetworkInterface] Received reward signal: 0.00000000
[Agent] Making decision using full OHLCV data
[Agent] Price data: O=31.31802177 H=31.49487876 L=31.06334578 C=31.14823588 V=16872537.00000000
[Agent_Features] Generated 18 features for the latest tick.
[Agent] Exploration: Random action: BUY
[Portfolio] Logged Trade: BUY 8.37713277 PFE @ 31.15. New Cash: 4957.73, New Coins: 198.44257224
[Agent] Received reward: 0.00000000
[NeuralNetworkInterface] Received reward signal: 0.00000000
[Agent] Making decision using full OHLCV data
[Agent] Price data: O=31.28264046 H=31.40290306 L=31.21896934 C=31.27556652 V=18167693.00000000
[Agent_Features] Generated 18 features for the latest tick.
[Agent] Exploration: Random action: BUY
[Portfolio] Logged Trade: BUY 7.92587600 PFE @ 31.28. New Cash: 4709.84, New Coins: 206.36844825
[Agent] Received reward: 0.00000000
[NeuralNetworkInterface] Received reward signal: 0.00000000
[Agent] Making decision using full OHLCV data
[Agent] Price data: O=31.70002365 H=31.72124546 L=31.32508515 C=31.32508515 V=23957631.00000000
[Agent_Features] Generated 18 features for the latest tick.
[Agent] Exploration: Random action: BUY
[Portfolio] Logged Trade: BUY 7.51767945 PFE @ 31.33. New Cash: 4474.35, New Coins: 213.88612770
[Agent] Received reward: 0.00000000
[NeuralNetworkInterface] Received reward signal: 0.00000000
[Agent] Making decision using full OHLCV data
[Agent] Price data: O=31.62221336 H=31.68588165 L=31.33216770 C=31.50195074 V=18960406.00000000
[Agent_Features] Generated 18 features for the latest tick.
[Agent] Exploration: Random action: HOLD
[Agent] Received reward: 0.00000000
[NeuralNetworkInterface] Received reward signal: 0.00000000
[Agent] Making decision using full OHLCV data
[Agent] Price data: O=31.77077293 H=31.83444121 L=31.55146950 C=31.62928566 V=18112568.00000000
[Agent_Features] Generated 18 features for the latest tick.
[Agent] Exploration: Random action: HOLD
[Agent] Received reward: 0.00000000
[NeuralNetworkInterface] Received reward signal: 0.00000000
[Agent] Making decision using full OHLCV data
[Agent] Price data: O=32.03251648 H=32.06081222 L=31.62220545 C=31.65757797 V=24679621.00000000
[Agent_Features] Generated 18 features for the latest tick.
[Agent] Exploration: Random action: SELL
[Portfolio] Logged Trade: SELL 10.69430638 PFE @ 31.66. New Cash: 4812.90, New Coins: 203.19182131
[Agent] Received reward: -0.00000000
[NeuralNetworkInterface] Received reward signal: -0.00000000
[Agent] Making decision using full OHLCV data
[Agent] Price data: O=32.16693115 H=32.40745922 L=31.68587785 C=31.82736512 V=21486844.00000000
[Agent_Features] Generated 18 features for the latest tick.
[Agent] Exploration: Random action: BUY
[Portfolio] Logged Trade: BUY 7.56095085 PFE @ 31.83. New Cash: 4572.26, New Coins: 210.75277217
[Agent] Received reward: 0.00000000
[NeuralNetworkInterface] Received reward signal: 0.00000000
[Agent] Making decision using full OHLCV data
[Agent] Price data: O=31.48779297 H=32.35085859 L=31.46656832 C=32.15277703 V=33746234.00000000
[Agent_Features] Generated 18 features for the latest tick.
[Agent] Exploration: Random action: BUY
[Portfolio] Logged Trade: BUY 7.11020656 PFE @ 32.15. New Cash: 4343.64, New Coins: 217.86297873
[Agent] Received reward: 0.00000000
[NeuralNetworkInterface] Received reward signal: 0.00000000
[Agent] Making decision using full OHLCV data
[Agent] Price data: O=30.28516960 H=31.47365375 L=29.99512108 C=31.38168972 V=44299198.00000000
[Agent_Features] Generated 18 features for the latest tick.
[Agent] Exploration: Random action: SELL
[Portfolio] Logged Trade: SELL 10.89314894 PFE @ 31.38. New Cash: 4685.49, New Coins: 206.96982979
[Agent] Received reward: 0.00000000
[NeuralNetworkInterface] Received reward signal: 0.00000000
[Agent] Making decision using full OHLCV data
[Agent] Price data: O=30.97136497 H=31.09870149 L=30.16489089 C=30.25685773 V=30417070.00000000
[Agent_Features] Generated 18 features for the latest tick.
[Agent] Exploration: Random action: SELL
[Portfolio] Logged Trade: SELL 10.34849149 PFE @ 30.26. New Cash: 4998.60, New Coins: 196.62133830
[Agent] Received reward: 0.00000000
[NeuralNetworkInterface] Received reward signal: 0.00000000
[Agent] Making decision using full OHLCV data
[Agent] Price data: O=30.50445938 H=30.92184429 L=30.40541861 C=30.87939784 V=24002742.00000000
[Agent_Features] Generated 18 features for the latest tick.
[Agent] Exploration: Random action: SELL
[Portfolio] Logged Trade: SELL 9.83106692 PFE @ 30.88. New Cash: 5302.18, New Coins: 186.79027139
[Agent] Received reward: 0.00000000
[NeuralNetworkInterface] Received reward signal: 0.00000000
[Agent] Making decision using full OHLCV data
[Agent] Price data: O=31.07748985 H=31.11285954 L=30.44787531 C=30.66717874 V=22353654.00000000
[Agent_Features] Generated 18 features for the latest tick.
[Agent] Exploration: Random action: BUY
[Portfolio] Logged Trade: BUY 8.64471519 PFE @ 30.67. New Cash: 5037.07, New Coins: 195.43498658
[Agent] Received reward: 0.00000000
[NeuralNetworkInterface] Received reward signal: 0.00000000
[Agent] Making decision using full OHLCV data
[Agent] Price data: O=31.53024673 H=31.69295582 L=30.95014977 C=30.96430049 V=23154167.00000000
[Agent_Features] Generated 18 features for the latest tick.
[Agent] Exploration: Random action: HOLD
[Agent] Received reward: 0.00000000
[NeuralNetworkInterface] Received reward signal: 0.00000000
[Agent] Making decision using full OHLCV data
[Agent] Price data: O=31.12701607 H=31.48073290 L=30.92186047 C=31.36754135 V=22498368.00000000
[Agent_Features] Generated 18 features for the latest tick.
[Agent] Exploration: Random action: HOLD
[Agent] Received reward: 0.00000000
[NeuralNetworkInterface] Received reward signal: 0.00000000
[Agent] Making decision using full OHLCV data
[Agent] Price data: O=31.48072243 H=31.71417370 L=31.11285499 C=31.16237539 V=19564875.00000000
[Agent_Features] Generated 18 features for the latest tick.
[Agent] Exploration: Random action: SELL
[Portfolio] Logged Trade: SELL 9.77174933 PFE @ 31.16. New Cash: 5341.58, New Coins: 185.66323725
[Agent] Received reward: 0.00000000
[NeuralNetworkInterface] Received reward signal: 0.00000000
[Agent] Making decision using full OHLCV data
[Agent] Price data: O=31.38875198 H=31.48779277 L=31.14115003 C=31.43827238 V=18026878.00000000
[Agent_Features] Generated 18 features for the latest tick.
[Agent] Exploration: Random action: SELL
[Portfolio] Logged Trade: SELL 9.28316186 PFE @ 31.44. New Cash: 5633.43, New Coins: 176.38007539
[Agent] Received reward: 0.00000000
[NeuralNetworkInterface] Received reward signal: 0.00000000
[Agent] Making decision using full OHLCV data
[Agent] Price data: O=31.19775391 H=31.35338906 L=30.90770825 C=31.04919269 V=23073114.00000000
[Agent_Features] Generated 18 features for the latest tick.
[Agent] Exploration: Random action: BUY
[Portfolio] Logged Trade: BUY 9.07178013 PFE @ 31.05. New Cash: 5351.76, New Coins: 185.45185552
[Agent] Received reward: 0.00000000
[NeuralNetworkInterface] Received reward signal: 0.00000000
[Agent] Making decision using full OHLCV data
[Agent] Price data: O=30.05171204 H=31.33216577 L=29.96682195 C=30.99259688 V=36927206.00000000
[Agent_Features] Generated 18 features for the latest tick.
[Agent] Exploration: Random action: BUY
[Portfolio] Logged Trade: BUY 8.63392887 PFE @ 30.99. New Cash: 5084.17, New Coins: 194.08578439
[Agent] Received reward: 0.00000000
[NeuralNetworkInterface] Received reward signal: 0.00000000
[Agent] Making decision using full OHLCV data
[Agent] Price data: O=30.70963097 H=31.08456962 L=29.47162346 C=29.98804942 V=38600642.00000000
[Agent_Features] Generated 18 features for the latest tick.
[Agent] Exploration: Random action: HOLD
[Agent] Received reward: 0.00000000
[NeuralNetworkInterface] Received reward signal: 0.00000000
[Agent] Making decision using full OHLCV data
[Agent] Price data: O=30.13660812 H=30.61766150 L=29.83948567 C=30.45495240 V=30295333.00000000
[Agent_Features] Generated 18 features for the latest tick.
[Agent] Exploration: Random action: HOLD
[Agent] Received reward: 0.00000000
[NeuralNetworkInterface] Received reward signal: 0.00000000
[Agent] Making decision using full OHLCV data
[Agent] Price data: O=30.58229065 H=30.90063494 L=30.10831118 C=30.38421184 V=31847559.00000000
[Agent_Features] Generated 18 features for the latest tick.
[Agent] Exploration: Random action: HOLD
[Agent] Received reward: 0.00000000
[NeuralNetworkInterface] Received reward signal: 0.00000000
[Agent] Making decision using full OHLCV data
[Agent] Price data: O=30.34176445 H=30.48325174 L=29.55651466 C=29.67677729 V=35424202.00000000
[Agent_Features] Generated 18 features for the latest tick.
[Agent] Exploration: Random action: BUY
[Portfolio] Logged Trade: BUY 8.56590594 PFE @ 29.68. New Cash: 4829.96, New Coins: 202.65169033
[Agent] Received reward: 0.00000000
[NeuralNetworkInterface] Received reward signal: 0.00000000
[Agent] Making decision using full OHLCV data
[Agent] Price data: O=30.46201134 H=30.88647016 L=30.21441226 C=30.42664167 V=28193235.00000000
[Agent_Features] Generated 18 features for the latest tick.
[Agent] Exploration: Random action: BUY
[Portfolio] Logged Trade: BUY 7.93705929 PFE @ 30.43. New Cash: 4588.46, New Coins: 210.58874962
[Agent] Received reward: -0.00000000
[NeuralNetworkInterface] Received reward signal: -0.00000000
[Agent] Making decision using full OHLCV data
[Agent] Price data: O=30.89354515 H=31.00673379 L=30.48323703 C=30.56105316 V=24278152.00000000
[Agent_Features] Generated 18 features for the latest tick.
[Agent] Exploration: Random action: SELL
[Portfolio] Logged Trade: SELL 10.52943748 PFE @ 30.56. New Cash: 4910.25, New Coins: 200.05931214
[Agent] Received reward: 0.00000000
[NeuralNetworkInterface] Received reward signal: 0.00000000
[Agent] Making decision using full OHLCV data
[Agent] Price data: O=30.37005424 H=31.01381946 L=30.05171003 C=30.95722512 V=24223028.00000000
[Agent_Features] Generated 18 features for the latest tick.
[Agent] Exploration: Random action: SELL
[Portfolio] Logged Trade: SELL 10.00296561 PFE @ 30.96. New Cash: 5219.92, New Coins: 190.05634653
[Agent] Received reward: 0.00000000
[NeuralNetworkInterface] Received reward signal: 0.00000000
[Agent] Making decision using full OHLCV data
[Agent] Price data: O=30.78744316 H=30.85818823 L=30.29931587 C=30.29931587 V=21628396.00000000
[Agent_Features] Generated 18 features for the latest tick.
[Agent] Exploration: Random action: BUY
[Portfolio] Logged Trade: BUY 8.61392036 PFE @ 30.30. New Cash: 4958.92, New Coins: 198.67026689
[Agent] Received reward: 0.00000000
[NeuralNetworkInterface] Received reward signal: 0.00000000
[Agent] Making decision using full OHLCV data
[Agent] Price data: O=30.42665482 H=30.83696310 L=30.20027459 C=30.82988916 V=22194183.00000000
[Agent_Features] Generated 18 features for the latest tick.
[Agent] Exploration: Random action: HOLD
[Agent] Received reward: 0.00000000
[NeuralNetworkInterface] Received reward signal: 0.00000000
[Agent] Making decision using full OHLCV data
[Agent] Price data: O=31.40999031 H=31.52317902 L=30.62474041 C=30.68840871 V=36794929.00000000
[Agent_Features] Generated 18 features for the latest tick.
[Agent] Exploration: Random action: BUY
[Portfolio] Logged Trade: BUY 8.07947070 PFE @ 30.69. New Cash: 4710.98, New Coins: 206.74973759
[Agent] Received reward: 0.00000000
[NeuralNetworkInterface] Received reward signal: 0.00000000
[Agent] Making decision using full OHLCV data
[Agent] Price data: O=31.26027489 H=31.50978758 L=30.98937662 C=31.26740341 V=25696520.00000000
[Agent_Features] Generated 18 features for the latest tick.
[Agent] Exploration: Random action: HOLD
[Agent] Received reward: 0.00000000
[NeuralNetworkInterface] Received reward signal: 0.00000000
[Agent] Making decision using full OHLCV data
[Agent] Price data: O=31.56682014 H=31.80207294 L=31.16759981 C=31.16759981 V=26042654.00000000
[Agent_Features] Generated 18 features for the latest tick.
[Agent] Exploration: Random action: BUY
[Portfolio] Logged Trade: BUY 7.55748904 PFE @ 31.17. New Cash: 4475.43, New Coins: 214.30722664
[Agent] Received reward: 0.00000000
[NeuralNetworkInterface] Received reward signal: 0.00000000
[Agent] Making decision using full OHLCV data
[Agent] Price data: O=31.44562721 H=31.75929952 L=31.29591958 C=31.56682074 V=21853847.00000000
[Agent_Features] Generated 18 features for the latest tick.
[Agent] Exploration: Random action: HOLD
[Agent] Received reward: 0.00000000
[NeuralNetworkInterface] Received reward signal: 0.00000000
[Agent] Making decision using full OHLCV data
[Agent] Price data: O=31.02502060 H=31.69513921 L=30.90382994 C=31.60246266 V=20159015.00000000
[Agent_Features] Generated 18 features for the latest tick.
[Agent] Exploration: Random action: SELL
[Portfolio] Logged Trade: SELL 10.71536133 PFE @ 31.60. New Cash: 4814.06, New Coins: 203.59186531
[Agent] Received reward: 0.00000000
[NeuralNetworkInterface] Received reward signal: 0.00000000
[Agent] Making decision using full OHLCV data
[Agent] Price data: O=30.59015274 H=31.26027125 L=30.44757653 C=31.19611167 V=28398871.00000000
[Agent_Features] Generated 18 features for the latest tick.
[Agent] Exploration: Random action: BUY
[Portfolio] Logged Trade: BUY 7.71579956 PFE @ 31.20. New Cash: 4573.36, New Coins: 211.30766487
[Agent] Received reward: 0.00000000
[NeuralNetworkInterface] Received reward signal: 0.00000000
[Agent] Making decision using full OHLCV data
[Agent] Price data: O=30.80402374 H=30.93234579 L=30.19093908 C=30.44044892 V=25936305.00000000
[Agent_Features] Generated 18 features for the latest tick.
[Agent] Exploration: Random action: BUY
[Portfolio] Logged Trade: BUY 7.51197192 PFE @ 30.44. New Cash: 4344.69, New Coins: 218.81963679
[Agent] Received reward: 0.00000000
[NeuralNetworkInterface] Received reward signal: 0.00000000
[Agent] Making decision using full OHLCV data
[Agent] Price data: O=31.01788712 H=31.21036873 L=30.59015275 C=30.72560330 V=24604576.00000000
[Agent_Features] Generated 18 features for the latest tick.
[Agent] Exploration: Random action: HOLD
[Agent] Received reward: 0.00000000
[NeuralNetworkInterface] Received reward signal: 0.00000000
[Agent] Making decision using full OHLCV data
[Agent] Price data: O=31.49552727 H=31.55968972 L=31.01789032 C=31.09630982 V=23671575.00000000
[Agent_Features] Generated 18 features for the latest tick.
[Agent] Exploration: Random action: BUY
[Portfolio] Logged Trade: BUY 6.98585809 PFE @ 31.10. New Cash: 4127.45, New Coins: 225.80549488
[Agent] Received reward: 0.00000000
[NeuralNetworkInterface] Received reward signal: 0.00000000
[Agent] Making decision using full OHLCV data
[Agent] Price data: O=31.03214645 H=31.64523395 L=30.93947277 C=31.37433569 V=22968557.00000000
[Agent_Features] Generated 18 features for the latest tick.
[Agent] Exploration: Random action: SELL
[Portfolio] Logged Trade: SELL 11.29027474 PFE @ 31.37. New Cash: 4481.68, New Coins: 214.51522014
[Agent] Received reward: 0.00000000
[NeuralNetworkInterface] Received reward signal: 0.00000000
[Agent] Making decision using full OHLCV data
[Agent] Price data: O=30.72560883 H=31.01076416 L=30.49035316 C=31.01076416 V=19665848.00000000
[Agent_Features] Generated 18 features for the latest tick.
[Agent] Exploration: Random action: HOLD
[Agent] Received reward: 0.00000000
[NeuralNetworkInterface] Received reward signal: 0.00000000
[Agent] Making decision using full OHLCV data
[Agent] Price data: O=30.75411606 H=31.04640272 L=30.51173479 C=30.61866838 V=8844009.00000000
[Agent_Features] Generated 18 features for the latest tick.
[Agent] Exploration: Random action: BUY
[Portfolio] Logged Trade: BUY 7.31853939 PFE @ 30.62. New Cash: 4257.59, New Coins: 221.83375953
[Agent] Received reward: 0.00000000
[NeuralNetworkInterface] Received reward signal: 0.00000000
[Agent] Making decision using full OHLCV data
[Agent] Price data: O=30.89669037 H=31.00362394 L=30.56876114 C=30.88243332 V=20147948.00000000
[Agent_Features] Generated 18 features for the latest tick.
[Agent] Exploration: Random action: BUY
[Portfolio] Logged Trade: BUY 6.89323059 PFE @ 30.88. New Cash: 4044.71, New Coins: 228.72699013
[Agent] Received reward: 0.00000000
[NeuralNetworkInterface] Received reward signal: 0.00000000
[Agent] Making decision using full OHLCV data
[Agent] Price data: O=31.41711426 H=31.47414533 L=30.63293346 C=30.79689815 V=19765873.00000000
[Agent_Features] Generated 18 features for the latest tick.
[Agent] Exploration: Random action: HOLD
[Agent] Received reward: 0.00000000
[NeuralNetworkInterface] Received reward signal: 0.00000000
[Agent] Making decision using full OHLCV data
[Agent] Price data: O=32.00880432 H=32.02306137 L=31.43849092 C=31.57394146 V=19892669.00000000
[Agent_Features] Generated 18 features for the latest tick.
[Agent] Exploration: Random action: SELL
[Portfolio] Logged Trade: SELL 11.43634951 PFE @ 31.57. New Cash: 4405.81, New Coins: 217.29064062
[Agent] Received reward: 0.00000000
[NeuralNetworkInterface] Received reward signal: 0.00000000
[Agent] Making decision using full OHLCV data
[Agent] Price data: O=32.44367599 H=32.67180027 L=31.86623391 C=31.90900793 V=26065315.00000000
[Agent_Features] Generated 18 features for the latest tick.
[Agent] Exploration: Random action: HOLD
[Agent] Received reward: 0.00000000
[NeuralNetworkInterface] Received reward signal: 0.00000000
[Agent] Making decision using full OHLCV data
[Agent] Price data: O=32.95695114 H=32.97833671 L=32.27970412 C=32.32960665 V=45054495.00000000
[Agent_Features] Generated 18 features for the latest tick.
[Agent] Exploration: Random action: BUY
[Portfolio] Logged Trade: BUY 6.81388677 PFE @ 32.33. New Cash: 4185.52, New Coins: 224.10452739
[Agent] Received reward: 0.00000000
[NeuralNetworkInterface] Received reward signal: 0.00000000
[Agent] Making decision using full OHLCV data
[Agent] Price data: O=32.78586578 H=33.06389261 L=32.62190110 C=33.05676408 V=26771178.00000000
[Agent_Features] Generated 18 features for the latest tick.
[Agent] Exploration: Random action: SELL
[Portfolio] Logged Trade: SELL 11.20522637 PFE @ 33.06. New Cash: 4555.92, New Coins: 212.89930102
[Agent] Received reward: 0.00000000
[NeuralNetworkInterface] Received reward signal: 0.00000000
[Agent] Making decision using full OHLCV data
[Agent] Price data: O=32.17990494 H=33.12805037 L=32.15851936 C=32.95695717 V=28703898.00000000
[Agent_Features] Generated 18 features for the latest tick.
[Agent] Exploration: Random action: HOLD
[Agent] Received reward: 0.00000000
[NeuralNetworkInterface] Received reward signal: 0.00000000
[Simulation] Simulation run finished. Ticks processed in this run: 204

Simulation Finished in 0.04 seconds.
--------------------
  Final Portfolio  
--------------------
Cash:      $4555.92
Asset:     212.8993 PFE
Total Value: $11572.44
--------------------
[Simulation] Simulation destroyed.
[AutonomousTradingAgent] Agent destroyed
[NeuralNetworkInterface] Destructor called.
[Portfolio] Destroyed for asset: PFE. Final cash: 4555.92, Final assets: 212.90
